0.5447 	WARNING 	We strongly recommend you activate the PTB sound engine in PsychoPy prefs as the preferred audio engine. Its timing is vastly superior. Your prefs are currently set to use ['sounddevice', 'PTB', 'pyo', 'pygame'] (in that order).
17.7096 	EXP 	Created window1 = Window(allowGUI=False, allowStencil=False, autoLog=True, backendConf=UNKNOWN, bitsMode=UNKNOWN, blendMode='avg', bpc=(8, 8, 8), color=array([0, 0, 0]), colorSpace='rgb', depthBits=8, fullscr=<method-wrapper '__getattribute__' of attributeSetter object at 0x000001B4A90D8940>, gamma=None, gammaErrorPolicy='raise', lms=UNKNOWN, monitor=<psychopy.monitors.calibTools.Monitor object at 0x000001B4A9141048>, multiSample=False, name='window1', numSamples=2, pos=[0.0, 0.0], screen=0, size=array([1366,  768]), stencilBits=0, stereo=False, units='height', useFBO=True, useRetina=False, viewOri=0.0, viewPos=None, viewScale=None, waitBlanking=True, winType='pyglet')
17.7103 	EXP 	window1: mouseVisible = True
17.7105 	EXP 	window1: recordFrameIntervals = False
17.8742 	EXP 	window1: recordFrameIntervals = True
18.0574 	EXP 	window1: recordFrameIntervals = False
18.3493 	EXP 	Created InstruccionesGabor = TextStim(__class__=<class 'psychopy.visual.text.TextStim'>, alignHoriz=method-wrapper(...), alignText='center', alignVert=method-wrapper(...), anchorHoriz='center', anchorVert='center', antialias=True, autoLog=True, bold=False, color=array([1, 1, 1]), colorSpace='rgb', contrast=1.0, depth=0.0, flipHoriz=False, flipVert=False, font='Arial', fontFiles=[], height=0.1, italic=False, languageStyle='LTR', name='InstruccionesGabor', opacity=1, ori=0, pos=array([0., 0.]), rgb=UNKNOWN, text='Bienvenidos\nDescripcion de la tarea', units='height', win=Window(...), wrapWidth=1)
18.3541 	EXP 	Created grating = GratingStim(__class__=<class 'psychopy.visual.grating.GratingStim'>, autoDraw=False, autoLog=True, blendmode='avg', color=array([1, 1, 1]), colorSpace='rgb', contrast=1.0, depth=0.0, interpolate=True, mask='circle', maskParams=None, name='grating', opacity=1, ori=1.0, phase=array([0., 0.]), pos=array([0., 0.]), rgbPedestal=array([0., 0., 0.]), sf=array([1., 1.]), size=array([200., 200.]), tex='sin', texRes=128, units='pix', win=Window(...))
18.3691 	EXP 	Created feedback_2 = TextStim(__class__=<class 'psychopy.visual.text.TextStim'>, alignHoriz=method-wrapper(...), alignText='center', alignVert=method-wrapper(...), anchorHoriz='center', anchorVert='center', antialias=True, autoLog=True, bold=False, color=array([1, 1, 1]), colorSpace='rgb', contrast=1.0, depth=-1.0, flipHoriz=False, flipVert=False, font='Open Sans', fontFiles=[], height=0.1, italic=False, languageStyle='LTR', name='feedback_2', opacity=1, ori=0.0, pos=array([0., 0.]), rgb=UNKNOWN, text='default text', units='height', win=Window(...), wrapWidth=1)
18.3850 	EXP 	Created Gracias = TextStim(__class__=<class 'psychopy.visual.text.TextStim'>, alignHoriz=method-wrapper(...), alignText='center', alignVert=method-wrapper(...), anchorHoriz='center', anchorVert='center', antialias=True, autoLog=True, bold=False, color=array([1, 1, 1]), colorSpace='rgb', contrast=1.0, depth=0.0, flipHoriz=False, flipVert=False, font='Open Sans', fontFiles=[], height=0.1, italic=False, languageStyle='LTR', name='Gracias', opacity=1, ori=0.0, pos=array([0., 0.]), rgb=UNKNOWN, text='¡Muchas gracias por participar!', units='height', win=Window(...), wrapWidth=1)
18.8942 	EXP 	InstruccionesGabor: autoDraw = True
19.3455 	EXP 	Imported Gaborparametros.xlsx as conditions, 29 conditions, 5 params
19.3459 	EXP 	Created sequence: sequential, trialTypes=29, nReps=1, seed=None
19.3463 	EXP 	New trial (rep=0, index=0): {'FrecEspacial': 0.02, 'Orientation': 0.0, 'Fase': 0.0, 'Respuesta': 'Correcta', 'CorrectAns': 'right'}
19.3488 	DATA 	Keypress: space
19.3511 	EXP 	InstruccionesGabor: autoDraw = False
19.3511 	EXP 	grating: ori = 0.0
19.3511 	EXP 	grating: sf = array([0.02, 0.02])
19.4928 	EXP 	grating: autoDraw = True
19.4928 	EXP 	grating: tex = 'sin'
20.4744 	DATA 	Keypress: right
20.4769 	EXP 	grating: autoDraw = False
20.4769 	EXP 	feedback_2: text = 'Oops! That was wrong'
20.4769 	EXP 	feedback_2: autoDraw = True
21.4705 	EXP 	New trial (rep=0, index=1): {'FrecEspacial': 0.01, 'Orientation': 45.0, 'Fase': 0.0, 'Respuesta': 'Correcta', 'CorrectAns': 'right'}
21.4836 	EXP 	feedback_2: autoDraw = False
21.4836 	EXP 	feedback_2: autoDraw = False
21.4836 	EXP 	grating: ori = 45.0
21.4836 	EXP 	grating: sf = array([0.01, 0.01])
21.5695 	EXP 	grating: autoDraw = True
21.9346 	DATA 	Keypress: right
21.9376 	EXP 	grating: autoDraw = False
21.9376 	EXP 	feedback_2: text = 'Oops! That was wrong'
21.9376 	EXP 	feedback_2: autoDraw = True
22.9337 	EXP 	New trial (rep=0, index=2): {'FrecEspacial': 0.025, 'Orientation': 90.0, 'Fase': 0.0, 'Respuesta': 'Incorrecta', 'CorrectAns': 'left'}
22.9481 	EXP 	feedback_2: autoDraw = False
22.9481 	EXP 	feedback_2: autoDraw = False
22.9481 	EXP 	grating: ori = 90.0
22.9481 	EXP 	grating: sf = array([0.025, 0.025])
23.0324 	EXP 	grating: autoDraw = True
23.2615 	DATA 	Keypress: right
23.2662 	EXP 	grating: autoDraw = False
23.2662 	EXP 	feedback_2: text = 'Oops! That was wrong'
23.2662 	EXP 	feedback_2: autoDraw = True
24.2695 	EXP 	New trial (rep=0, index=3): {'FrecEspacial': 0.045, 'Orientation': 135.0, 'Fase': 0.0, 'Respuesta': 'Incorrecta', 'CorrectAns': 'left'}
24.2796 	EXP 	feedback_2: autoDraw = False
24.2796 	EXP 	feedback_2: autoDraw = False
24.2796 	EXP 	grating: ori = 135.0
24.2796 	EXP 	grating: sf = array([0.045, 0.045])
24.3631 	EXP 	grating: autoDraw = True
24.5842 	DATA 	Keypress: right
24.5884 	EXP 	grating: autoDraw = False
24.5884 	EXP 	feedback_2: text = 'Oops! That was wrong'
24.5884 	EXP 	feedback_2: autoDraw = True
25.5805 	EXP 	New trial (rep=0, index=4): {'FrecEspacial': 0.09, 'Orientation': 0.0, 'Fase': 0.0, 'Respuesta': 'Correcta', 'CorrectAns': 'right'}
25.5939 	EXP 	feedback_2: autoDraw = False
25.5939 	EXP 	feedback_2: autoDraw = False
25.5939 	EXP 	grating: ori = 0.0
25.5939 	EXP 	grating: sf = array([0.09, 0.09])
25.6545 	DATA 	Keypress: right
25.6798 	EXP 	grating: autoDraw = True
26.3052 	DATA 	Keypress: right
26.3103 	EXP 	grating: autoDraw = False
26.3103 	EXP 	feedback_2: text = 'Oops! That was wrong'
26.3103 	EXP 	feedback_2: autoDraw = True
27.3123 	EXP 	New trial (rep=0, index=5): {'FrecEspacial': 0.1, 'Orientation': 25.0, 'Fase': 0.0, 'Respuesta': 'Correcta', 'CorrectAns': 'right'}
27.3252 	EXP 	feedback_2: autoDraw = False
27.3252 	EXP 	feedback_2: autoDraw = False
27.3252 	EXP 	grating: ori = 25.0
27.3252 	EXP 	grating: sf = array([0.1, 0.1])
27.4106 	EXP 	grating: autoDraw = True
27.7214 	DATA 	Keypress: left
27.7254 	EXP 	grating: autoDraw = False
27.7254 	EXP 	feedback_2: text = 'Oops! That was wrong'
27.7254 	EXP 	feedback_2: autoDraw = True
28.7270 	EXP 	New trial (rep=0, index=6): {'FrecEspacial': 0.03, 'Orientation': 15.0, 'Fase': 0.0, 'Respuesta': 'Correcta', 'CorrectAns': 'right'}
28.7399 	EXP 	feedback_2: autoDraw = False
28.7399 	EXP 	feedback_2: autoDraw = False
28.7399 	EXP 	grating: ori = 15.0
28.7399 	EXP 	grating: sf = array([0.03, 0.03])
28.8236 	EXP 	grating: autoDraw = True
28.9148 	DATA 	Keypress: left
29.2905 	DATA 	Keypress: left
29.2933 	EXP 	grating: autoDraw = False
29.2933 	EXP 	feedback_2: text = 'Oops! That was wrong'
29.2933 	EXP 	feedback_2: autoDraw = True
30.2925 	EXP 	New trial (rep=0, index=7): {'FrecEspacial': 0.08, 'Orientation': 0.0, 'Fase': 0.0, 'Respuesta': 'Correcta', 'CorrectAns': 'right'}
30.3036 	EXP 	feedback_2: autoDraw = False
30.3036 	EXP 	feedback_2: autoDraw = False
30.3036 	EXP 	grating: ori = 0.0
30.3036 	EXP 	grating: sf = array([0.08, 0.08])
30.3438 	DATA 	Keypress: left
30.3887 	EXP 	grating: autoDraw = True
30.6323 	DATA 	Keypress: left
30.6355 	EXP 	grating: autoDraw = False
30.6355 	EXP 	feedback_2: text = 'Oops! That was wrong'
30.6355 	EXP 	feedback_2: autoDraw = True
31.0603 	DATA 	Keypress: left
31.3285 	DATA 	Keypress: left
31.6072 	DATA 	Keypress: left
31.6232 	EXP 	New trial (rep=0, index=8): {'FrecEspacial': 0.06, 'Orientation': 100.0, 'Fase': 0.0, 'Respuesta': 'Incorrecta', 'CorrectAns': 'left'}
31.6387 	EXP 	feedback_2: autoDraw = False
31.6387 	EXP 	feedback_2: autoDraw = False
31.6387 	EXP 	grating: ori = 100.0
31.6387 	EXP 	grating: sf = array([0.06, 0.06])
31.7176 	EXP 	grating: autoDraw = True
31.8700 	DATA 	Keypress: left
31.8728 	EXP 	grating: autoDraw = False
31.8728 	EXP 	feedback_2: text = 'Oops! That was wrong'
31.8728 	EXP 	feedback_2: autoDraw = True
32.0468 	DATA 	Keypress: left
32.8696 	EXP 	New trial (rep=0, index=9): {'FrecEspacial': 0.015, 'Orientation': 120.0, 'Fase': 0.0, 'Respuesta': 'Incorrecta', 'CorrectAns': 'left'}
32.8830 	EXP 	feedback_2: autoDraw = False
32.8830 	EXP 	feedback_2: autoDraw = False
32.8830 	EXP 	grating: ori = 120.0
32.8830 	EXP 	grating: sf = array([0.015, 0.015])
32.9681 	EXP 	grating: autoDraw = True
33.0350 	DATA 	Keypress: escape
34.8695 	DATA 	Keypress: escape
35.0991 	EXP 	window1: mouseVisible = True
