1.4955 	WARNING 	We strongly recommend you activate the PTB sound engine in PsychoPy prefs as the preferred audio engine. Its timing is vastly superior. Your prefs are currently set to use ['sounddevice', 'PTB', 'pyo', 'pygame'] (in that order).
14.3582 	WARNING 	User requested fullscreen with size [1680 1050], but screen is actually [1920, 1080]. Using actual size
15.0069 	EXP 	Created window1 = Window(allowGUI=False, allowStencil=False, autoLog=True, backendConf=UNKNOWN, bitsMode=UNKNOWN, blendMode='avg', bpc=(8, 8, 8), color=array([0, 0, 0]), colorSpace='rgb', depthBits=8, fullscr=<method-wrapper '__getattribute__' of attributeSetter object at 0x0000018F521BDAF0>, gamma=None, gammaErrorPolicy='raise', lms=UNKNOWN, monitor=<psychopy.monitors.calibTools.Monitor object at 0x0000018F54A0BAF0>, multiSample=False, name='window1', numSamples=2, pos=(0, 0), screen=0, size=array([1920, 1080]), stencilBits=0, stereo=False, units='deg', useFBO=True, useRetina=False, viewOri=0.0, viewPos=None, viewScale=None, waitBlanking=True, winType='pyglet')
15.0072 	EXP 	window1: mouseVisible = True
15.0073 	EXP 	window1: Attempting to measure frame rate of screen (0) ...
15.0073 	EXP 	window1: recordFrameIntervals = False
15.1731 	EXP 	window1: recordFrameIntervals = True
15.3564 	EXP 	Screen (0) actual frame rate measured at 60.06Hz
15.3564 	EXP 	window1: recordFrameIntervals = False
17.4529 	EXP 	Created Instrucciones2 = TextStim(__class__=<class 'psychopy.visual.text.TextStim'>, alignHoriz=method-wrapper(...), alignText='center', alignVert=method-wrapper(...), anchorHoriz='center', anchorVert='center', antialias=True, autoLog=True, bold=False, color=array([-1., -1., -1.]), colorSpace='rgb', contrast=1.0, depth=0.0, flipHoriz=False, flipVert=False, font='Open Sans', fontFiles=[], height=0.05, italic=False, languageStyle='LTR', name='Instrucciones2', opacity=1.0, ori=0.0, pos=array([0., 0.]), rgb=UNKNOWN, text=str(...), units='height', win=Window(...), wrapWidth=1)
17.4675 	EXP 	Created Instrucciones = TextStim(__class__=<class 'psychopy.visual.text.TextStim'>, alignHoriz=method-wrapper(...), alignText='center', alignVert=method-wrapper(...), anchorHoriz='center', anchorVert='center', antialias=True, autoLog=True, bold=False, color=array([-1., -1., -1.]), colorSpace='rgb', contrast=1.0, depth=-1.0, flipHoriz=False, flipVert=False, font='Arial', fontFiles=[], height=0.05, italic=False, languageStyle='LTR', name='Instrucciones', opacity=1.0, ori=0.0, pos=array([0., 0.]), rgb=UNKNOWN, text=str(...), units='height', win=Window(...), wrapWidth=1)
17.4776 	EXP 	Created instrucciones3 = TextStim(__class__=<class 'psychopy.visual.text.TextStim'>, alignHoriz=method-wrapper(...), alignText='center', alignVert=method-wrapper(...), anchorHoriz='center', anchorVert='center', antialias=True, autoLog=True, bold=False, color=array([-1., -1., -1.]), colorSpace='rgb', contrast=1.0, depth=-2.0, flipHoriz=False, flipVert=False, font='Arial', fontFiles=[], height=0.05, italic=False, languageStyle='LTR', name='instrucciones3', opacity=1.0, ori=0.0, pos=array([0., 0.]), rgb=UNKNOWN, text=str(...), units='height', win=Window(...), wrapWidth=1)
17.4809 	EXP 	Created Intrucciones1 = TextStim(__class__=<class 'psychopy.visual.text.TextStim'>, alignHoriz=method-wrapper(...), alignText='center', alignVert=method-wrapper(...), anchorHoriz='center', anchorVert='center', antialias=True, autoLog=True, bold=False, color=array([-1., -1., -1.]), colorSpace='rgb', contrast=1.0, depth=-3.0, flipHoriz=False, flipVert=False, font='Open Sans', fontFiles=[], height=0.05, italic=False, languageStyle='LTR', name='Intrucciones1', opacity=1.0, ori=0.0, pos=array([0., 0.]), rgb=UNKNOWN, text='Bienvenidos/as', units='height', win=Window(...), wrapWidth=1)
17.4937 	EXP 	Created text_2 = TextStim(__class__=<class 'psychopy.visual.text.TextStim'>, alignHoriz=method-wrapper(...), alignText='center', alignVert=method-wrapper(...), anchorHoriz='center', anchorVert='center', antialias=True, autoLog=True, bold=False, color=array([1., 1., 1.]), colorSpace='rgb', contrast=1.0, depth=-4.0, flipHoriz=False, flipVert=False, font='Open Sans', fontFiles=[], height=0.05, italic=False, languageStyle='LTR', name='text_2', opacity=1.0, ori=0.0, pos=array([0., 0.]), rgb=UNKNOWN, text='Vamos a hacer uno de prueba!', units='deg', win=Window(...), wrapWidth=15.0)
17.4984 	EXP 	Created GratingPrueba = GratingStim(__class__=<class 'psychopy.visual.grating.GratingStim'>, anchor='center', autoDraw=False, autoLog=True, blendmode='avg', color=array([1., 1., 1.]), colorSpace='rgb', contrast=1.0, depth=-1.0, interpolate=True, mask='circle', maskParams=None, name='GratingPrueba', opacity=1.0, ori=1.0, phase=array([0., 0.]), pos=array([0., 0.]), rgbPedestal=array([0., 0., 0.]), sf=array([1., 1.]), size=array([200., 200.]), tex='sin', texRes=128, units='pix', win=Window(...))
17.5003 	EXP 	Created FeedbackPrueb = TextStim(__class__=<class 'psychopy.visual.text.TextStim'>, alignHoriz=method-wrapper(...), alignText='center', alignVert=method-wrapper(...), anchorHoriz='center', anchorVert='center', antialias=True, autoLog=True, bold=False, color=array([1., 1., 1.]), colorSpace='rgb', contrast=1.0, depth=0.0, flipHoriz=False, flipVert=False, font='Open Sans', fontFiles=[], height=0.1, italic=False, languageStyle='LTR', name='FeedbackPrueb', opacity=1.0, ori=0.0, pos=array([0., 0.]), rgb=UNKNOWN, text='', units='height', win=Window(...), wrapWidth=1)
17.5176 	EXP 	Created ComienzoTexto = TextStim(__class__=<class 'psychopy.visual.text.TextStim'>, alignHoriz=method-wrapper(...), alignText='center', alignVert=method-wrapper(...), anchorHoriz='center', anchorVert='center', antialias=True, autoLog=True, bold=False, color=array([-1., -1., -1.]), colorSpace='rgb', contrast=1.0, depth=0.0, flipHoriz=False, flipVert=False, font='Open Sans', fontFiles=[], height=0.05, italic=False, languageStyle='LTR', name='ComienzoTexto', opacity=1.0, ori=0.0, pos=array([0., 0.]), rgb=UNKNOWN, text=str(...), units='height', win=Window(...), wrapWidth=1)
17.5211 	EXP 	Created grating2 = GratingStim(__class__=<class 'psychopy.visual.grating.GratingStim'>, anchor='center', autoDraw=False, autoLog=True, blendmode='avg', color=array([1., 1., 1.]), colorSpace='rgb', contrast=1.0, depth=0.0, interpolate=True, mask='circle', maskParams=None, name='grating2', opacity=1.0, ori=1.0, phase=array([0., 0.]), pos=array([0., 0.]), rgbPedestal=array([0., 0., 0.]), sf=array([1., 1.]), size=array([200., 200.]), tex='sin', texRes=128, units='pix', win=Window(...))
17.5222 	EXP 	Created feedback_2 = TextStim(__class__=<class 'psychopy.visual.text.TextStim'>, alignHoriz=method-wrapper(...), alignText='center', alignVert=method-wrapper(...), anchorHoriz='center', anchorVert='center', antialias=True, autoLog=True, bold=False, color=array([1., 1., 1.]), colorSpace='rgb', contrast=1.0, depth=-1.0, flipHoriz=False, flipVert=False, font='Open Sans', fontFiles=[], height=0.1, italic=False, languageStyle='LTR', name='feedback_2', opacity=1.0, ori=0.0, pos=array([0., 0.]), rgb=UNKNOWN, text='', units='height', win=Window(...), wrapWidth=1)
17.5355 	EXP 	Created Gracias = TextStim(__class__=<class 'psychopy.visual.text.TextStim'>, alignHoriz=method-wrapper(...), alignText='center', alignVert=method-wrapper(...), anchorHoriz='center', anchorVert='center', antialias=True, autoLog=True, bold=False, color=array([1., 1., 1.]), colorSpace='rgb', contrast=1.0, depth=0.0, flipHoriz=False, flipVert=False, font='Open Sans', fontFiles=[], height=0.1, italic=False, languageStyle='LTR', name='Gracias', opacity=1.0, ori=0.0, pos=array([0., 0.]), rgb=UNKNOWN, text='¡Muchas gracias por participar!', units='height', win=Window(...), wrapWidth=1)
17.5374 	EXP 	Created image = ImageStim(__class__=<class 'psychopy.visual.image.ImageStim'>, anchor=('center', 'center'), autoLog=True, color=array([1., 1., 1.]), colorSpace='rgb', contrast=1.0, depth=-1.0, flipHoriz=False, flipVert=False, image=None, interpolate=True, mask=None, maskParams=None, name='image', opacity=1.0, ori=0.0, pos=array([0., 0.]), size=array([0.5, 0.5]), texRes=128.0, units='deg', win=Window(...))
18.5412 	EXP 	Intrucciones1: autoDraw = True
20.0099 	DATA 	Keypress: space
21.9267 	DATA 	Keypress: space
22.5424 	EXP 	Instrucciones2: autoDraw = True
22.5424 	EXP 	Intrucciones1: autoDraw = False
24.7782 	DATA 	Keypress: space
26.5434 	EXP 	Instrucciones2: autoDraw = False
26.7445 	DATA 	Keypress: space
27.0437 	EXP 	Instrucciones: autoDraw = True
29.0292 	DATA 	Keypress: space
31.0452 	EXP 	Instrucciones: autoDraw = False
31.5453 	EXP 	instrucciones3: autoDraw = True
33.7808 	DATA 	Keypress: space
35.5461 	EXP 	instrucciones3: autoDraw = False
36.0464 	EXP 	text_2: autoDraw = True
37.0487 	DATA 	Keypress: space
40.0411 	EXP 	Imported Categorias mas separadas/ParametrosAyBtraining.xlsx as conditions, 20 conditions, 5 params
40.0419 	EXP 	Created sequence: fullRandom, trialTypes=20, nReps=1, seed=None
40.0422 	EXP 	New trial (rep=0, index=0): {'Frecuencia': 4.27238428520602, 'Orientation': 113, 'Categoria': 'A', 'tecla': 'left', 'FrecuenciaEspacial': 0.021361921426030103}
40.0519 	EXP 	text_2: autoDraw = False
40.0519 	EXP 	Instrucciones2: autoDraw = False
40.0519 	EXP 	Instrucciones: autoDraw = False
40.0519 	EXP 	instrucciones3: autoDraw = False
40.0519 	EXP 	Intrucciones1: autoDraw = False
40.0519 	EXP 	text_2: autoDraw = False
40.0519 	EXP 	GratingPrueba: ori = 113.0
40.0519 	EXP 	GratingPrueba: sf = array([0.02136192, 0.02136192])
40.1481 	EXP 	GratingPrueba: autoDraw = True
40.1481 	EXP 	GratingPrueba: tex = 'sin'
40.6174 	DATA 	Keypress: right
40.6314 	EXP 	GratingPrueba: autoDraw = False
40.6314 	EXP 	FeedbackPrueb: text = ''
40.6314 	EXP 	FeedbackPrueb: autoDraw = True
40.6314 	EXP 	FeedbackPrueb: height = 0.1
40.6314 	EXP 	FeedbackPrueb: height = 0.1
40.6314 	EXP 	FeedbackPrueb: text = ''
41.6156 	EXP 	New trial (rep=0, index=1): {'Frecuencia': 6.13049851653438, 'Orientation': 192, 'Categoria': 'B', 'tecla': 'right', 'FrecuenciaEspacial': 0.0306524925826719}
41.6314 	EXP 	FeedbackPrueb: autoDraw = False
41.6314 	EXP 	FeedbackPrueb: autoDraw = False
41.6314 	EXP 	GratingPrueba: ori = 192.0
41.6314 	EXP 	GratingPrueba: sf = array([0.03065249, 0.03065249])
41.7150 	EXP 	GratingPrueba: autoDraw = True
43.1508 	DATA 	Keypress: left
43.1592 	EXP 	GratingPrueba: autoDraw = False
43.1592 	EXP 	FeedbackPrueb: height = 0.1
43.1592 	EXP 	FeedbackPrueb: height = 0.1
43.1592 	EXP 	FeedbackPrueb: text = 'Oops! That was wrong'
43.1592 	EXP 	FeedbackPrueb: autoDraw = True
44.1502 	EXP 	New trial (rep=0, index=2): {'Frecuencia': 6.7112388074605, 'Orientation': 209, 'Categoria': 'B', 'tecla': 'right', 'FrecuenciaEspacial': 0.0335561940373025}
44.1658 	EXP 	FeedbackPrueb: autoDraw = False
44.1658 	EXP 	FeedbackPrueb: autoDraw = False
44.1658 	EXP 	GratingPrueba: ori = 209.0
44.1658 	EXP 	GratingPrueba: sf = array([0.03355619, 0.03355619])
44.2490 	EXP 	GratingPrueba: autoDraw = True
45.3855 	DATA 	Keypress: left
45.3996 	EXP 	GratingPrueba: autoDraw = False
45.3996 	EXP 	FeedbackPrueb: text = 'Oops! That was wrong'
45.3996 	EXP 	FeedbackPrueb: autoDraw = True
46.3839 	EXP 	New trial (rep=0, index=3): {'Frecuencia': 6.371803479359, 'Orientation': 81, 'Categoria': 'B', 'tecla': 'right', 'FrecuenciaEspacial': 0.031859017396795}
46.3998 	EXP 	FeedbackPrueb: autoDraw = False
46.3998 	EXP 	FeedbackPrueb: autoDraw = False
46.3998 	EXP 	GratingPrueba: ori = 81.0
46.3998 	EXP 	GratingPrueba: sf = array([0.03185902, 0.03185902])
46.4832 	EXP 	GratingPrueba: autoDraw = True
47.2860 	DATA 	Keypress: right
47.3003 	EXP 	GratingPrueba: autoDraw = False
47.3003 	EXP 	FeedbackPrueb: text = 'Oops! That was wrong'
47.3003 	EXP 	FeedbackPrueb: autoDraw = True
48.2846 	EXP 	New trial (rep=0, index=4): {'Frecuencia': 4.17843512507528, 'Orientation': 168, 'Categoria': 'A', 'tecla': 'left', 'FrecuenciaEspacial': 0.020892175625376402}
48.3005 	EXP 	FeedbackPrueb: autoDraw = False
48.3005 	EXP 	FeedbackPrueb: autoDraw = False
48.3005 	EXP 	GratingPrueba: ori = 168.0
48.3005 	EXP 	GratingPrueba: sf = array([0.02089218, 0.02089218])
48.3841 	EXP 	GratingPrueba: autoDraw = True
49.7251 	DATA 	Keypress: right
49.7361 	EXP 	GratingPrueba: autoDraw = False
49.7361 	EXP 	FeedbackPrueb: height = 0.1
49.7361 	EXP 	FeedbackPrueb: height = 0.1
49.7361 	EXP 	FeedbackPrueb: text = 'Correct!'
49.7361 	EXP 	FeedbackPrueb: autoDraw = True
50.7356 	EXP 	New trial (rep=0, index=5): {'Frecuencia': 4.07997828140618, 'Orientation': 355, 'Categoria': 'A', 'tecla': 'left', 'FrecuenciaEspacial': 0.0203998914070309}
50.7515 	EXP 	FeedbackPrueb: autoDraw = False
50.7515 	EXP 	FeedbackPrueb: autoDraw = False
50.7515 	EXP 	GratingPrueba: ori = 355.0
50.7515 	EXP 	GratingPrueba: sf = array([0.02039989, 0.02039989])
50.8345 	EXP 	GratingPrueba: autoDraw = True
51.9195 	DATA 	Keypress: right
51.9522 	EXP 	GratingPrueba: autoDraw = False
51.9522 	EXP 	FeedbackPrueb: height = 0.1
51.9522 	EXP 	FeedbackPrueb: height = 0.1
51.9522 	EXP 	FeedbackPrueb: text = 'Oops! That was wrong'
51.9522 	EXP 	FeedbackPrueb: autoDraw = True
52.9361 	EXP 	New trial (rep=0, index=6): {'Frecuencia': 6.51637076147905, 'Orientation': 68, 'Categoria': 'B', 'tecla': 'right', 'FrecuenciaEspacial': 0.03258185380739525}
52.9518 	EXP 	FeedbackPrueb: autoDraw = False
52.9518 	EXP 	FeedbackPrueb: autoDraw = False
52.9518 	EXP 	GratingPrueba: ori = 68.0
52.9518 	EXP 	GratingPrueba: sf = array([0.03258185, 0.03258185])
53.0353 	EXP 	GratingPrueba: autoDraw = True
55.3218 	DATA 	Keypress: left
55.3358 	EXP 	GratingPrueba: autoDraw = False
55.3358 	EXP 	FeedbackPrueb: text = 'Oops! That was wrong'
55.3358 	EXP 	FeedbackPrueb: autoDraw = True
56.3205 	EXP 	New trial (rep=0, index=7): {'Frecuencia': 6.62334361253407, 'Orientation': 222, 'Categoria': 'B', 'tecla': 'right', 'FrecuenciaEspacial': 0.03311671806267035}
56.3362 	EXP 	FeedbackPrueb: autoDraw = False
56.3362 	EXP 	FeedbackPrueb: autoDraw = False
56.3362 	EXP 	GratingPrueba: ori = 222.0
56.3362 	EXP 	GratingPrueba: sf = array([0.03311672, 0.03311672])
56.4197 	EXP 	GratingPrueba: autoDraw = True
57.7557 	DATA 	Keypress: right
57.7701 	EXP 	GratingPrueba: autoDraw = False
57.7701 	EXP 	FeedbackPrueb: text = 'Oops! That was wrong'
57.7701 	EXP 	FeedbackPrueb: autoDraw = True
58.7544 	EXP 	New trial (rep=0, index=8): {'Frecuencia': 6.49400070200202, 'Orientation': 91, 'Categoria': 'B', 'tecla': 'right', 'FrecuenciaEspacial': 0.0324700035100101}
58.7705 	EXP 	FeedbackPrueb: autoDraw = False
58.7705 	EXP 	FeedbackPrueb: autoDraw = False
58.7705 	EXP 	GratingPrueba: ori = 91.0
58.7705 	EXP 	GratingPrueba: sf = array([0.03247, 0.03247])
58.8535 	EXP 	GratingPrueba: autoDraw = True
60.1264 	DATA 	Keypress: right
60.1375 	EXP 	GratingPrueba: autoDraw = False
60.1375 	EXP 	FeedbackPrueb: height = 0.1
60.1375 	EXP 	FeedbackPrueb: height = 0.1
60.1375 	EXP 	FeedbackPrueb: text = 'Correct!'
60.1375 	EXP 	FeedbackPrueb: autoDraw = True
61.1218 	EXP 	New trial (rep=0, index=9): {'Frecuencia': 6.29639159036468, 'Orientation': 310, 'Categoria': 'B', 'tecla': 'right', 'FrecuenciaEspacial': 0.031481957951823396}
61.1375 	EXP 	FeedbackPrueb: autoDraw = False
61.1375 	EXP 	FeedbackPrueb: autoDraw = False
61.1375 	EXP 	GratingPrueba: ori = 310.0
61.1375 	EXP 	GratingPrueba: sf = array([0.03148196, 0.03148196])
61.2211 	EXP 	GratingPrueba: autoDraw = True
62.9575 	DATA 	Keypress: right
62.9718 	EXP 	GratingPrueba: autoDraw = False
62.9718 	EXP 	FeedbackPrueb: text = 'Correct!'
62.9718 	EXP 	FeedbackPrueb: autoDraw = True
63.9562 	EXP 	New trial (rep=0, index=10): {'Frecuencia': 4.20073613419003, 'Orientation': 101, 'Categoria': 'A', 'tecla': 'left', 'FrecuenciaEspacial': 0.02100368067095015}
63.9721 	EXP 	FeedbackPrueb: autoDraw = False
63.9721 	EXP 	FeedbackPrueb: autoDraw = False
63.9721 	EXP 	GratingPrueba: ori = 101.0
63.9721 	EXP 	GratingPrueba: sf = array([0.02100368, 0.02100368])
64.0555 	EXP 	GratingPrueba: autoDraw = True
65.0918 	DATA 	Keypress: left
65.1058 	EXP 	GratingPrueba: autoDraw = False
65.1058 	EXP 	FeedbackPrueb: text = 'Correct!'
65.1058 	EXP 	FeedbackPrueb: autoDraw = True
66.0901 	EXP 	New trial (rep=0, index=11): {'Frecuencia': 4.17504873370622, 'Orientation': 319, 'Categoria': 'A', 'tecla': 'left', 'FrecuenciaEspacial': 0.020875243668531097}
66.1060 	EXP 	FeedbackPrueb: autoDraw = False
66.1060 	EXP 	FeedbackPrueb: autoDraw = False
66.1060 	EXP 	GratingPrueba: ori = 319.0
66.1060 	EXP 	GratingPrueba: sf = array([0.02087524, 0.02087524])
66.1894 	EXP 	GratingPrueba: autoDraw = True
67.3924 	DATA 	Keypress: right
67.4064 	EXP 	GratingPrueba: autoDraw = False
67.4064 	EXP 	FeedbackPrueb: text = 'Correct!'
67.4064 	EXP 	FeedbackPrueb: autoDraw = True
68.3909 	EXP 	New trial (rep=0, index=12): {'Frecuencia': 6.49953455417403, 'Orientation': 191, 'Categoria': 'B', 'tecla': 'right', 'FrecuenciaEspacial': 0.03249767277087015}
68.4067 	EXP 	FeedbackPrueb: autoDraw = False
68.4067 	EXP 	FeedbackPrueb: autoDraw = False
68.4067 	EXP 	GratingPrueba: ori = 191.0
68.4067 	EXP 	GratingPrueba: sf = array([0.03249767, 0.03249767])
68.4903 	EXP 	GratingPrueba: autoDraw = True
69.8306 	DATA 	Keypress: left
69.8418 	EXP 	GratingPrueba: autoDraw = False
69.8418 	EXP 	FeedbackPrueb: height = 0.1
69.8418 	EXP 	FeedbackPrueb: height = 0.1
69.8418 	EXP 	FeedbackPrueb: text = 'Oops! That was wrong'
69.8418 	EXP 	FeedbackPrueb: autoDraw = True
70.8249 	EXP 	New trial (rep=0, index=13): {'Frecuencia': 4.36345945902825, 'Orientation': 354, 'Categoria': 'A', 'tecla': 'left', 'FrecuenciaEspacial': 0.021817297295141248}
70.8409 	EXP 	FeedbackPrueb: autoDraw = False
70.8409 	EXP 	FeedbackPrueb: autoDraw = False
70.8409 	EXP 	GratingPrueba: ori = 354.0
70.8409 	EXP 	GratingPrueba: sf = array([0.0218173, 0.0218173])
70.9246 	EXP 	GratingPrueba: autoDraw = True
72.0936 	DATA 	Keypress: right
72.1080 	EXP 	GratingPrueba: autoDraw = False
72.1080 	EXP 	FeedbackPrueb: text = 'Oops! That was wrong'
72.1080 	EXP 	FeedbackPrueb: autoDraw = True
73.0923 	EXP 	New trial (rep=0, index=14): {'Frecuencia': 4.3885152373554, 'Orientation': 338, 'Categoria': 'A', 'tecla': 'left', 'FrecuenciaEspacial': 0.021942576186777002}
73.1083 	EXP 	FeedbackPrueb: autoDraw = False
73.1083 	EXP 	FeedbackPrueb: autoDraw = False
73.1083 	EXP 	GratingPrueba: ori = 338.0
73.1083 	EXP 	GratingPrueba: sf = array([0.02194258, 0.02194258])
73.1916 	EXP 	GratingPrueba: autoDraw = True
74.6779 	DATA 	Keypress: left
74.6922 	EXP 	GratingPrueba: autoDraw = False
74.6922 	EXP 	FeedbackPrueb: text = 'Oops! That was wrong'
74.6922 	EXP 	FeedbackPrueb: autoDraw = True
75.6766 	EXP 	New trial (rep=0, index=15): {'Frecuencia': 4.21034628701276, 'Orientation': 242, 'Categoria': 'A', 'tecla': 'left', 'FrecuenciaEspacial': 0.021051731435063798}
75.6925 	EXP 	FeedbackPrueb: autoDraw = False
75.6925 	EXP 	FeedbackPrueb: autoDraw = False
75.6925 	EXP 	GratingPrueba: ori = 242.0
75.6925 	EXP 	GratingPrueba: sf = array([0.02105173, 0.02105173])
75.7756 	EXP 	GratingPrueba: autoDraw = True
77.1150 	DATA 	Keypress: left
77.1261 	EXP 	GratingPrueba: autoDraw = False
77.1261 	EXP 	FeedbackPrueb: height = 0.1
77.1261 	EXP 	FeedbackPrueb: height = 0.1
77.1261 	EXP 	FeedbackPrueb: text = 'Correct!'
77.1261 	EXP 	FeedbackPrueb: autoDraw = True
78.1105 	EXP 	New trial (rep=0, index=16): {'Frecuencia': 4.2515157424853, 'Orientation': 305, 'Categoria': 'A', 'tecla': 'left', 'FrecuenciaEspacial': 0.021257578712426502}
78.1269 	EXP 	FeedbackPrueb: autoDraw = False
78.1269 	EXP 	FeedbackPrueb: autoDraw = False
78.1269 	EXP 	GratingPrueba: ori = 305.0
78.1269 	EXP 	GratingPrueba: sf = array([0.02125758, 0.02125758])
78.2098 	EXP 	GratingPrueba: autoDraw = True
79.0794 	DATA 	Keypress: right
79.0936 	EXP 	GratingPrueba: autoDraw = False
79.0936 	EXP 	FeedbackPrueb: text = 'Correct!'
79.0936 	EXP 	FeedbackPrueb: autoDraw = True
80.0778 	EXP 	New trial (rep=0, index=17): {'Frecuencia': 6.42492405285687, 'Orientation': 263, 'Categoria': 'B', 'tecla': 'right', 'FrecuenciaEspacial': 0.03212462026428435}
80.0935 	EXP 	FeedbackPrueb: autoDraw = False
80.0935 	EXP 	FeedbackPrueb: autoDraw = False
80.0935 	EXP 	GratingPrueba: ori = 263.0
80.0935 	EXP 	GratingPrueba: sf = array([0.03212462, 0.03212462])
80.1609 	EXP 	GratingPrueba: autoDraw = True
81.9514 	DATA 	Keypress: right
81.9623 	EXP 	GratingPrueba: autoDraw = False
81.9623 	EXP 	FeedbackPrueb: height = 0.1
81.9623 	EXP 	FeedbackPrueb: height = 0.1
81.9623 	EXP 	FeedbackPrueb: text = 'Oops! That was wrong'
81.9623 	EXP 	FeedbackPrueb: autoDraw = True
82.9623 	EXP 	New trial (rep=0, index=18): {'Frecuencia': 6.40018318747358, 'Orientation': 127, 'Categoria': 'B', 'tecla': 'right', 'FrecuenciaEspacial': 0.032000915937367896}
82.9780 	EXP 	FeedbackPrueb: autoDraw = False
82.9780 	EXP 	FeedbackPrueb: autoDraw = False
82.9780 	EXP 	GratingPrueba: ori = 127.0
82.9780 	EXP 	GratingPrueba: sf = array([0.03200092, 0.03200092])
83.0616 	EXP 	GratingPrueba: autoDraw = True
84.6666 	DATA 	Keypress: left
84.6787 	EXP 	GratingPrueba: autoDraw = False
84.6787 	EXP 	FeedbackPrueb: height = 0.1
84.6787 	EXP 	FeedbackPrueb: height = 0.1
84.6787 	EXP 	FeedbackPrueb: text = 'Correct!'
84.6787 	EXP 	FeedbackPrueb: autoDraw = True
85.6629 	EXP 	New trial (rep=0, index=19): {'Frecuencia': 4.28989131572139, 'Orientation': 326, 'Categoria': 'A', 'tecla': 'left', 'FrecuenciaEspacial': 0.021449456578606953}
85.6789 	EXP 	FeedbackPrueb: autoDraw = False
85.6789 	EXP 	FeedbackPrueb: autoDraw = False
85.6789 	EXP 	GratingPrueba: ori = 326.0
85.6789 	EXP 	GratingPrueba: sf = array([0.02144946, 0.02144946])
85.7622 	EXP 	GratingPrueba: autoDraw = True
87.0686 	DATA 	Keypress: left
87.0798 	EXP 	GratingPrueba: autoDraw = False
87.0798 	EXP 	FeedbackPrueb: height = 0.1
87.0798 	EXP 	FeedbackPrueb: height = 0.1
87.0798 	EXP 	FeedbackPrueb: text = 'Oops! That was wrong'
87.0798 	EXP 	FeedbackPrueb: autoDraw = True
88.3076 	EXP 	FeedbackPrueb: autoDraw = False
88.3076 	EXP 	FeedbackPrueb: autoDraw = False
88.7964 	EXP 	ComienzoTexto: autoDraw = True
90.6958 	EXP 	Imported Categorias mas separadas/ParametrosAyB.xlsx as conditions, 80 conditions, 5 params
90.6970 	EXP 	Created sequence: fullRandom, trialTypes=80, nReps=1, seed=None
90.6972 	EXP 	New trial (rep=0, index=0): {'Frecuencia': 6.41072162134962, 'Orientation': 324, 'Categoria': 'B', 'tecla': 'right', 'FrecuenciaEspacial': 0.0320536081067481}
90.6983 	DATA 	Keypress: space
90.7076 	EXP 	ComienzoTexto: autoDraw = False
90.7076 	EXP 	grating2: ori = 324.0
90.7076 	EXP 	grating2: sf = array([0.03205361, 0.03205361])
90.7974 	EXP 	grating2: autoDraw = True
90.7974 	EXP 	grating2: tex = 'sin'
92.1053 	DATA 	Keypress: left
92.1154 	EXP 	grating2: autoDraw = False
92.1154 	EXP 	feedback_2: height = 0.1
92.1154 	EXP 	feedback_2: height = 0.1
92.1154 	EXP 	feedback_2: text = 'Oops! That was wrong'
92.1154 	EXP 	feedback_2: autoDraw = True
93.0989 	EXP 	New trial (rep=0, index=1): {'Frecuencia': 6.65995719914972, 'Orientation': 142, 'Categoria': 'B', 'tecla': 'right', 'FrecuenciaEspacial': 0.0332997859957486}
93.1145 	EXP 	feedback_2: autoDraw = False
93.1145 	EXP 	feedback_2: autoDraw = False
93.1145 	EXP 	grating2: ori = 142.0
93.1145 	EXP 	grating2: sf = array([0.03329979, 0.03329979])
93.1980 	EXP 	grating2: autoDraw = True
94.1874 	DATA 	Keypress: right
94.1986 	EXP 	grating2: autoDraw = False
94.1986 	EXP 	feedback_2: height = 0.1
94.1986 	EXP 	feedback_2: height = 0.1
94.1986 	EXP 	feedback_2: text = 'Correct!'
94.1986 	EXP 	feedback_2: autoDraw = True
95.1826 	EXP 	New trial (rep=0, index=2): {'Frecuencia': 6.28618689431499, 'Orientation': 83, 'Categoria': 'B', 'tecla': 'right', 'FrecuenciaEspacial': 0.031430934471574946}
95.1985 	EXP 	feedback_2: autoDraw = False
95.1985 	EXP 	feedback_2: autoDraw = False
95.1985 	EXP 	grating2: ori = 83.0
95.1985 	EXP 	grating2: sf = array([0.03143093, 0.03143093])
95.2819 	EXP 	grating2: autoDraw = True
96.6373 	DATA 	Keypress: right
96.6487 	EXP 	grating2: autoDraw = False
96.6487 	EXP 	feedback_2: text = 'Correct!'
96.6487 	EXP 	feedback_2: autoDraw = True
97.6336 	EXP 	New trial (rep=0, index=3): {'Frecuencia': 6.72231115957378, 'Orientation': 315, 'Categoria': 'B', 'tecla': 'right', 'FrecuenciaEspacial': 0.033611555797868904}
97.6493 	EXP 	feedback_2: autoDraw = False
97.6493 	EXP 	feedback_2: autoDraw = False
97.6493 	EXP 	grating2: ori = 315.0
97.6493 	EXP 	grating2: sf = array([0.03361156, 0.03361156])
97.7326 	EXP 	grating2: autoDraw = True
99.4303 	DATA 	Keypress: left
99.4384 	EXP 	grating2: autoDraw = False
99.4384 	EXP 	feedback_2: height = 0.1
99.4384 	EXP 	feedback_2: height = 0.1
99.4384 	EXP 	feedback_2: text = 'Oops! That was wrong'
99.4384 	EXP 	feedback_2: autoDraw = True
100.4343 	EXP 	New trial (rep=0, index=4): {'Frecuencia': 4.0984079274131, 'Orientation': 120, 'Categoria': 'A', 'tecla': 'left', 'FrecuenciaEspacial': 0.0204920396370655}
100.4498 	EXP 	feedback_2: autoDraw = False
100.4498 	EXP 	feedback_2: autoDraw = False
100.4498 	EXP 	grating2: ori = 120.0
100.4498 	EXP 	grating2: sf = array([0.02049204, 0.02049204])
100.5332 	EXP 	grating2: autoDraw = True
102.0041 	DATA 	Keypress: right
102.0171 	EXP 	grating2: autoDraw = False
102.0171 	EXP 	feedback_2: text = 'Oops! That was wrong'
102.0171 	EXP 	feedback_2: autoDraw = True
103.0018 	EXP 	New trial (rep=0, index=5): {'Frecuencia': 4.45746971097397, 'Orientation': 51, 'Categoria': 'A', 'tecla': 'left', 'FrecuenciaEspacial': 0.02228734855486985}
103.0175 	EXP 	feedback_2: autoDraw = False
103.0175 	EXP 	feedback_2: autoDraw = False
103.0175 	EXP 	grating2: ori = 51.0
103.0175 	EXP 	grating2: sf = array([0.02228735, 0.02228735])
103.1010 	EXP 	grating2: autoDraw = True
105.2083 	DATA 	Keypress: left
105.2193 	EXP 	grating2: autoDraw = False
105.2193 	EXP 	feedback_2: height = 0.1
105.2193 	EXP 	feedback_2: height = 0.1
105.2193 	EXP 	feedback_2: text = 'Correct!'
105.2193 	EXP 	feedback_2: autoDraw = True
106.2028 	EXP 	New trial (rep=0, index=6): {'Frecuencia': 6.55606479876494, 'Orientation': 356, 'Categoria': 'B', 'tecla': 'right', 'FrecuenciaEspacial': 0.032780323993824696}
106.2186 	EXP 	feedback_2: autoDraw = False
106.2186 	EXP 	feedback_2: autoDraw = False
106.2186 	EXP 	grating2: ori = 356.0
106.2186 	EXP 	grating2: sf = array([0.03278032, 0.03278032])
106.3022 	EXP 	grating2: autoDraw = True
107.7592 	DATA 	Keypress: left
107.7703 	EXP 	grating2: autoDraw = False
107.7703 	EXP 	feedback_2: height = 0.1
107.7703 	EXP 	feedback_2: height = 0.1
107.7703 	EXP 	feedback_2: text = 'Oops! That was wrong'
107.7703 	EXP 	feedback_2: autoDraw = True
108.7538 	EXP 	New trial (rep=0, index=7): {'Frecuencia': 4.17914595645161, 'Orientation': 315, 'Categoria': 'A', 'tecla': 'left', 'FrecuenciaEspacial': 0.02089572978225805}
108.7696 	EXP 	feedback_2: autoDraw = False
108.7696 	EXP 	feedback_2: autoDraw = False
108.7696 	EXP 	grating2: ori = 315.0
108.7696 	EXP 	grating2: sf = array([0.02089573, 0.02089573])
108.8528 	EXP 	grating2: autoDraw = True
109.8725 	DATA 	Keypress: right
109.8865 	EXP 	grating2: autoDraw = False
109.8865 	EXP 	feedback_2: text = 'Oops! That was wrong'
109.8865 	EXP 	feedback_2: autoDraw = True
110.8710 	EXP 	New trial (rep=0, index=8): {'Frecuencia': 6.4971422368198, 'Orientation': 197, 'Categoria': 'B', 'tecla': 'right', 'FrecuenciaEspacial': 0.032485711184099}
110.8870 	EXP 	feedback_2: autoDraw = False
110.8870 	EXP 	feedback_2: autoDraw = False
110.8870 	EXP 	grating2: ori = 197.0
110.8870 	EXP 	grating2: sf = array([0.03248571, 0.03248571])
110.9702 	EXP 	grating2: autoDraw = True
112.0565 	DATA 	Keypress: left
112.0712 	EXP 	grating2: autoDraw = False
112.0712 	EXP 	feedback_2: text = 'Oops! That was wrong'
112.0712 	EXP 	feedback_2: autoDraw = True
113.0550 	EXP 	New trial (rep=0, index=9): {'Frecuencia': 4.50835693086305, 'Orientation': 249, 'Categoria': 'A', 'tecla': 'left', 'FrecuenciaEspacial': 0.02254178465431525}
113.0708 	EXP 	feedback_2: autoDraw = False
113.0708 	EXP 	feedback_2: autoDraw = False
113.0708 	EXP 	grating2: ori = 249.0
113.0708 	EXP 	grating2: sf = array([0.02254178, 0.02254178])
113.1543 	EXP 	grating2: autoDraw = True
114.1403 	DATA 	Keypress: right
114.1542 	EXP 	grating2: autoDraw = False
114.1542 	EXP 	feedback_2: text = 'Oops! That was wrong'
114.1542 	EXP 	feedback_2: autoDraw = True
115.1390 	EXP 	New trial (rep=0, index=10): {'Frecuencia': 6.67501270275929, 'Orientation': 302, 'Categoria': 'B', 'tecla': 'right', 'FrecuenciaEspacial': 0.033375063513796446}
115.1548 	EXP 	feedback_2: autoDraw = False
115.1548 	EXP 	feedback_2: autoDraw = False
115.1548 	EXP 	grating2: ori = 302.0
115.1548 	EXP 	grating2: sf = array([0.03337506, 0.03337506])
115.2381 	EXP 	grating2: autoDraw = True
116.2945 	DATA 	Keypress: right
116.3056 	EXP 	grating2: autoDraw = False
116.3056 	EXP 	feedback_2: height = 0.1
116.3056 	EXP 	feedback_2: height = 0.1
116.3056 	EXP 	feedback_2: text = 'Correct!'
116.3056 	EXP 	feedback_2: autoDraw = True
117.2896 	EXP 	New trial (rep=0, index=11): {'Frecuencia': 4.08939982600128, 'Orientation': 234, 'Categoria': 'A', 'tecla': 'left', 'FrecuenciaEspacial': 0.020446999130006402}
117.3055 	EXP 	feedback_2: autoDraw = False
117.3055 	EXP 	feedback_2: autoDraw = False
117.3055 	EXP 	grating2: ori = 234.0
117.3055 	EXP 	grating2: sf = array([0.020447, 0.020447])
117.3888 	EXP 	grating2: autoDraw = True
119.1968 	DATA 	Keypress: right
119.2078 	EXP 	grating2: autoDraw = False
119.2078 	EXP 	feedback_2: height = 0.1
119.2078 	EXP 	feedback_2: height = 0.1
119.2078 	EXP 	feedback_2: text = 'Oops! That was wrong'
119.2078 	EXP 	feedback_2: autoDraw = True
120.2070 	EXP 	New trial (rep=0, index=12): {'Frecuencia': 4.15103911197002, 'Orientation': 19, 'Categoria': 'A', 'tecla': 'left', 'FrecuenciaEspacial': 0.0207551955598501}
120.2230 	EXP 	feedback_2: autoDraw = False
120.2230 	EXP 	feedback_2: autoDraw = False
120.2230 	EXP 	grating2: ori = 19.0
120.2230 	EXP 	grating2: sf = array([0.0207552, 0.0207552])
120.2898 	EXP 	grating2: autoDraw = True
121.2341 	DATA 	Keypress: left
121.2435 	EXP 	grating2: autoDraw = False
121.2435 	EXP 	feedback_2: height = 0.1
121.2435 	EXP 	feedback_2: height = 0.1
121.2435 	EXP 	feedback_2: text = 'Correct!'
121.2435 	EXP 	feedback_2: autoDraw = True
122.2412 	EXP 	New trial (rep=0, index=13): {'Frecuencia': 4.12897011869915, 'Orientation': 234, 'Categoria': 'A', 'tecla': 'left', 'FrecuenciaEspacial': 0.02064485059349575}
122.2568 	EXP 	feedback_2: autoDraw = False
122.2568 	EXP 	feedback_2: autoDraw = False
122.2568 	EXP 	grating2: ori = 234.0
122.2568 	EXP 	grating2: sf = array([0.02064485, 0.02064485])
122.3404 	EXP 	grating2: autoDraw = True
123.1433 	DATA 	Keypress: left
123.1572 	EXP 	grating2: autoDraw = False
123.1572 	EXP 	feedback_2: text = 'Correct!'
123.1572 	EXP 	feedback_2: autoDraw = True
124.1418 	EXP 	New trial (rep=0, index=14): {'Frecuencia': 4.1779342846006, 'Orientation': 292, 'Categoria': 'A', 'tecla': 'left', 'FrecuenciaEspacial': 0.020889671423003}
124.1575 	EXP 	feedback_2: autoDraw = False
124.1575 	EXP 	feedback_2: autoDraw = False
124.1575 	EXP 	grating2: ori = 292.0
124.1575 	EXP 	grating2: sf = array([0.02088967, 0.02088967])
124.2410 	EXP 	grating2: autoDraw = True
125.0771 	DATA 	Keypress: left
125.0914 	EXP 	grating2: autoDraw = False
125.0914 	EXP 	feedback_2: text = 'Correct!'
125.0914 	EXP 	feedback_2: autoDraw = True
126.0757 	EXP 	New trial (rep=0, index=15): {'Frecuencia': 6.71184080000894, 'Orientation': 56, 'Categoria': 'B', 'tecla': 'right', 'FrecuenciaEspacial': 0.033559204000044696}
126.0915 	EXP 	feedback_2: autoDraw = False
126.0915 	EXP 	feedback_2: autoDraw = False
126.0915 	EXP 	grating2: ori = 56.0
126.0915 	EXP 	grating2: sf = array([0.0335592, 0.0335592])
126.1748 	EXP 	grating2: autoDraw = True
127.7283 	DATA 	Keypress: right
127.7422 	EXP 	grating2: autoDraw = False
127.7422 	EXP 	feedback_2: text = 'Correct!'
127.7422 	EXP 	feedback_2: autoDraw = True
128.7264 	EXP 	New trial (rep=0, index=16): {'Frecuencia': 4.18629982963397, 'Orientation': 270, 'Categoria': 'A', 'tecla': 'left', 'FrecuenciaEspacial': 0.02093149914816985}
128.7424 	EXP 	feedback_2: autoDraw = False
128.7424 	EXP 	feedback_2: autoDraw = False
128.7424 	EXP 	grating2: ori = 270.0
128.7424 	EXP 	grating2: sf = array([0.0209315, 0.0209315])
128.8256 	EXP 	grating2: autoDraw = True
130.8123 	DATA 	Keypress: left
130.8264 	EXP 	grating2: autoDraw = False
130.8264 	EXP 	feedback_2: text = 'Correct!'
130.8264 	EXP 	feedback_2: autoDraw = True
131.8109 	EXP 	New trial (rep=0, index=17): {'Frecuencia': 4.2267152843478, 'Orientation': 106, 'Categoria': 'A', 'tecla': 'left', 'FrecuenciaEspacial': 0.021133576421739}
131.8267 	EXP 	feedback_2: autoDraw = False
131.8267 	EXP 	feedback_2: autoDraw = False
131.8267 	EXP 	grating2: ori = 106.0
131.8267 	EXP 	grating2: sf = array([0.02113358, 0.02113358])
131.9100 	EXP 	grating2: autoDraw = True
132.6960 	DATA 	Keypress: left
132.7103 	EXP 	grating2: autoDraw = False
132.7103 	EXP 	feedback_2: text = 'Correct!'
132.7103 	EXP 	feedback_2: autoDraw = True
133.6948 	EXP 	New trial (rep=0, index=18): {'Frecuencia': 6.48954648904754, 'Orientation': 129, 'Categoria': 'B', 'tecla': 'right', 'FrecuenciaEspacial': 0.0324477324452377}
133.7105 	EXP 	feedback_2: autoDraw = False
133.7105 	EXP 	feedback_2: autoDraw = False
133.7105 	EXP 	grating2: ori = 129.0
133.7105 	EXP 	grating2: sf = array([0.03244773, 0.03244773])
133.7939 	EXP 	grating2: autoDraw = True
134.6969 	DATA 	Keypress: right
134.7113 	EXP 	grating2: autoDraw = False
134.7113 	EXP 	feedback_2: text = 'Correct!'
134.7113 	EXP 	feedback_2: autoDraw = True
135.6953 	EXP 	New trial (rep=0, index=19): {'Frecuencia': 4.11767176530402, 'Orientation': 219, 'Categoria': 'A', 'tecla': 'left', 'FrecuenciaEspacial': 0.0205883588265201}
135.7112 	EXP 	feedback_2: autoDraw = False
135.7112 	EXP 	feedback_2: autoDraw = False
135.7112 	EXP 	grating2: ori = 219.0
135.7112 	EXP 	grating2: sf = array([0.02058836, 0.02058836])
135.7947 	EXP 	grating2: autoDraw = True
136.7140 	DATA 	Keypress: left
136.7284 	EXP 	grating2: autoDraw = False
136.7284 	EXP 	feedback_2: text = 'Correct!'
136.7284 	EXP 	feedback_2: autoDraw = True
137.7126 	EXP 	New trial (rep=0, index=20): {'Frecuencia': 4.46163852824403, 'Orientation': 331, 'Categoria': 'A', 'tecla': 'left', 'FrecuenciaEspacial': 0.022308192641220147}
137.7285 	EXP 	feedback_2: autoDraw = False
137.7285 	EXP 	feedback_2: autoDraw = False
137.7285 	EXP 	grating2: ori = 331.0
137.7285 	EXP 	grating2: sf = array([0.02230819, 0.02230819])
137.8121 	EXP 	grating2: autoDraw = True
138.8634 	DATA 	Keypress: left
138.8957 	EXP 	grating2: autoDraw = False
138.8957 	EXP 	feedback_2: text = 'Correct!'
138.8957 	EXP 	feedback_2: autoDraw = True
139.8799 	EXP 	New trial (rep=0, index=21): {'Frecuencia': 6.88645151124523, 'Orientation': 307, 'Categoria': 'B', 'tecla': 'right', 'FrecuenciaEspacial': 0.03443225755622615}
139.8960 	EXP 	feedback_2: autoDraw = False
139.8960 	EXP 	feedback_2: autoDraw = False
139.8960 	EXP 	grating2: ori = 307.0
139.8960 	EXP 	grating2: sf = array([0.03443226, 0.03443226])
139.9793 	EXP 	grating2: autoDraw = True
141.7525 	DATA 	Keypress: left
141.7637 	EXP 	grating2: autoDraw = False
141.7637 	EXP 	feedback_2: height = 0.1
141.7637 	EXP 	feedback_2: height = 0.1
141.7637 	EXP 	feedback_2: text = 'Oops! That was wrong'
141.7637 	EXP 	feedback_2: autoDraw = True
142.7477 	EXP 	New trial (rep=0, index=22): {'Frecuencia': 6.62867668089434, 'Orientation': 306, 'Categoria': 'B', 'tecla': 'right', 'FrecuenciaEspacial': 0.0331433834044717}
142.7634 	EXP 	feedback_2: autoDraw = False
142.7634 	EXP 	feedback_2: autoDraw = False
142.7634 	EXP 	grating2: ori = 306.0
142.7634 	EXP 	grating2: sf = array([0.03314338, 0.03314338])
142.8468 	EXP 	grating2: autoDraw = True
143.7196 	DATA 	Keypress: right
143.7313 	EXP 	grating2: autoDraw = False
143.7313 	EXP 	feedback_2: height = 0.1
143.7313 	EXP 	feedback_2: height = 0.1
143.7313 	EXP 	feedback_2: text = 'Correct!'
143.7313 	EXP 	feedback_2: autoDraw = True
144.7151 	EXP 	New trial (rep=0, index=23): {'Frecuencia': 6.52310613509206, 'Orientation': 264, 'Categoria': 'B', 'tecla': 'right', 'FrecuenciaEspacial': 0.032615530675460296}
144.7308 	EXP 	feedback_2: autoDraw = False
144.7308 	EXP 	feedback_2: autoDraw = False
144.7308 	EXP 	grating2: ori = 264.0
144.7308 	EXP 	grating2: sf = array([0.03261553, 0.03261553])
144.8137 	EXP 	grating2: autoDraw = True
145.3679 	DATA 	Keypress: right
145.3807 	EXP 	grating2: autoDraw = False
145.3807 	EXP 	feedback_2: text = 'Correct!'
145.3807 	EXP 	feedback_2: autoDraw = True
146.3659 	EXP 	New trial (rep=0, index=24): {'Frecuencia': 6.16987536863918, 'Orientation': 119, 'Categoria': 'B', 'tecla': 'right', 'FrecuenciaEspacial': 0.0308493768431959}
146.3818 	EXP 	feedback_2: autoDraw = False
146.3818 	EXP 	feedback_2: autoDraw = False
146.3818 	EXP 	grating2: ori = 119.0
146.3818 	EXP 	grating2: sf = array([0.03084938, 0.03084938])
146.4646 	EXP 	grating2: autoDraw = True
147.5842 	DATA 	Keypress: right
147.5983 	EXP 	grating2: autoDraw = False
147.5983 	EXP 	feedback_2: text = 'Correct!'
147.5983 	EXP 	feedback_2: autoDraw = True
148.5829 	EXP 	New trial (rep=0, index=25): {'Frecuencia': 6.58158386454019, 'Orientation': 153, 'Categoria': 'B', 'tecla': 'right', 'FrecuenciaEspacial': 0.03290791932270095}
148.5987 	EXP 	feedback_2: autoDraw = False
148.5987 	EXP 	feedback_2: autoDraw = False
148.5987 	EXP 	grating2: ori = 153.0
148.5987 	EXP 	grating2: sf = array([0.03290792, 0.03290792])
148.6821 	EXP 	grating2: autoDraw = True
149.4347 	DATA 	Keypress: right
149.4488 	EXP 	grating2: autoDraw = False
149.4488 	EXP 	feedback_2: text = 'Correct!'
149.4488 	EXP 	feedback_2: autoDraw = True
150.4333 	EXP 	New trial (rep=0, index=26): {'Frecuencia': 6.21148457747853, 'Orientation': 172, 'Categoria': 'B', 'tecla': 'right', 'FrecuenciaEspacial': 0.03105742288739265}
150.4491 	EXP 	feedback_2: autoDraw = False
150.4491 	EXP 	feedback_2: autoDraw = False
150.4491 	EXP 	grating2: ori = 172.0
150.4491 	EXP 	grating2: sf = array([0.03105742, 0.03105742])
150.5327 	EXP 	grating2: autoDraw = True
150.9701 	DATA 	Keypress: right
150.9835 	EXP 	grating2: autoDraw = False
150.9835 	EXP 	feedback_2: text = 'Correct!'
150.9835 	EXP 	feedback_2: autoDraw = True
151.9672 	EXP 	New trial (rep=0, index=27): {'Frecuencia': 4.12863571896243, 'Orientation': 154, 'Categoria': 'A', 'tecla': 'left', 'FrecuenciaEspacial': 0.02064317859481215}
151.9833 	EXP 	feedback_2: autoDraw = False
151.9833 	EXP 	feedback_2: autoDraw = False
151.9833 	EXP 	grating2: ori = 154.0
151.9833 	EXP 	grating2: sf = array([0.02064318, 0.02064318])
152.0666 	EXP 	grating2: autoDraw = True
152.8706 	DATA 	Keypress: left
152.8841 	EXP 	grating2: autoDraw = False
152.8841 	EXP 	feedback_2: text = 'Correct!'
152.8841 	EXP 	feedback_2: autoDraw = True
153.8678 	EXP 	New trial (rep=0, index=28): {'Frecuencia': 4.59569111142954, 'Orientation': 131, 'Categoria': 'A', 'tecla': 'left', 'FrecuenciaEspacial': 0.022978455557147698}
153.8837 	EXP 	feedback_2: autoDraw = False
153.8837 	EXP 	feedback_2: autoDraw = False
153.8837 	EXP 	grating2: ori = 131.0
153.8837 	EXP 	grating2: sf = array([0.02297846, 0.02297846])
153.9669 	EXP 	grating2: autoDraw = True
154.5863 	DATA 	Keypress: left
154.6006 	EXP 	grating2: autoDraw = False
154.6006 	EXP 	feedback_2: text = 'Correct!'
154.6006 	EXP 	feedback_2: autoDraw = True
155.5849 	EXP 	New trial (rep=0, index=29): {'Frecuencia': 4.37272131308695, 'Orientation': 241, 'Categoria': 'A', 'tecla': 'left', 'FrecuenciaEspacial': 0.02186360656543475}
155.6008 	EXP 	feedback_2: autoDraw = False
155.6008 	EXP 	feedback_2: autoDraw = False
155.6008 	EXP 	grating2: ori = 241.0
155.6008 	EXP 	grating2: sf = array([0.02186361, 0.02186361])
155.6843 	EXP 	grating2: autoDraw = True
156.3371 	DATA 	Keypress: left
156.3510 	EXP 	grating2: autoDraw = False
156.3510 	EXP 	feedback_2: text = 'Correct!'
156.3510 	EXP 	feedback_2: autoDraw = True
157.3354 	EXP 	New trial (rep=0, index=30): {'Frecuencia': 6.57101881998731, 'Orientation': 276, 'Categoria': 'B', 'tecla': 'right', 'FrecuenciaEspacial': 0.032855094099936547}
157.3514 	EXP 	feedback_2: autoDraw = False
157.3514 	EXP 	feedback_2: autoDraw = False
157.3514 	EXP 	grating2: ori = 276.0
157.3514 	EXP 	grating2: sf = array([0.03285509, 0.03285509])
157.4353 	EXP 	grating2: autoDraw = True
158.4877 	DATA 	Keypress: right
158.5019 	EXP 	grating2: autoDraw = False
158.5019 	EXP 	feedback_2: text = 'Correct!'
158.5019 	EXP 	feedback_2: autoDraw = True
159.4860 	EXP 	New trial (rep=0, index=31): {'Frecuencia': 6.29098631103711, 'Orientation': 2, 'Categoria': 'B', 'tecla': 'right', 'FrecuenciaEspacial': 0.03145493155518555}
159.5021 	EXP 	feedback_2: autoDraw = False
159.5021 	EXP 	feedback_2: autoDraw = False
159.5021 	EXP 	grating2: ori = 2.0
159.5021 	EXP 	grating2: sf = array([0.03145493, 0.03145493])
159.5854 	EXP 	grating2: autoDraw = True
160.5701 	DATA 	Keypress: space
162.1216 	DATA 	Keypress: escape
163.1538 	EXP 	window1: mouseVisible = True
