1.5910 	WARNING 	We strongly recommend you activate the PTB sound engine in PsychoPy prefs as the preferred audio engine. Its timing is vastly superior. Your prefs are currently set to use ['sounddevice', 'PTB', 'pyo', 'pygame'] (in that order).
12.4683 	EXP 	Created window1 = Window(allowGUI=True, allowStencil=False, autoLog=True, backendConf=UNKNOWN, bitsMode=UNKNOWN, blendMode='avg', bpc=(8, 8, 8), color=array([0, 0, 0]), colorSpace='rgb', depthBits=8, fullscr=<method-wrapper '__getattribute__' of attributeSetter object at 0x000002BAB8AC9460>, gamma=None, gammaErrorPolicy='raise', lms=UNKNOWN, monitor=<psychopy.monitors.calibTools.Monitor object at 0x000002BAE0AE1E20>, multiSample=False, name='window1', numSamples=2, pos=(0, 0), screen=0, size=array([1920, 1080]), stencilBits=0, stereo=False, units='deg', useFBO=True, useRetina=False, viewOri=0.0, viewPos=None, viewScale=None, waitBlanking=True, winType='pyglet')
12.4685 	EXP 	window1: mouseVisible = True
12.4685 	EXP 	window1: Attempting to measure frame rate of screen (0) ...
12.4686 	EXP 	window1: recordFrameIntervals = False
12.6345 	EXP 	window1: recordFrameIntervals = True
12.8172 	EXP 	Screen (0) actual frame rate measured at 60.02Hz
12.8173 	EXP 	window1: recordFrameIntervals = False
12.9304 	WARNING 	launchHubServer: If using the iohub mouse or eyetracker devices, fullScr should be True.
14.8255 	EXP 	Created Instrucciones2 = TextStim(__class__=<class 'psychopy.visual.text.TextStim'>, alignHoriz=method-wrapper(...), alignText='center', alignVert=method-wrapper(...), anchorHoriz='center', anchorVert='center', antialias=True, autoLog=True, bold=False, color=array([-1., -1., -1.]), colorSpace='rgb', contrast=1.0, depth=0.0, flipHoriz=False, flipVert=False, font='Open Sans', fontFiles=[], height=0.05, italic=False, languageStyle='LTR', name='Instrucciones2', opacity=1.0, ori=0.0, pos=array([0., 0.]), rgb=UNKNOWN, text=str(...), units='height', win=Window(...), wrapWidth=1)
14.8407 	EXP 	Created Instrucciones = TextStim(__class__=<class 'psychopy.visual.text.TextStim'>, alignHoriz=method-wrapper(...), alignText='center', alignVert=method-wrapper(...), anchorHoriz='center', anchorVert='center', antialias=True, autoLog=True, bold=False, color=array([-1., -1., -1.]), colorSpace='rgb', contrast=1.0, depth=-1.0, flipHoriz=False, flipVert=False, font='Arial', fontFiles=[], height=0.05, italic=False, languageStyle='LTR', name='Instrucciones', opacity=1.0, ori=0.0, pos=array([0., 0.]), rgb=UNKNOWN, text=str(...), units='height', win=Window(...), wrapWidth=1)
14.8508 	EXP 	Created instrucciones3 = TextStim(__class__=<class 'psychopy.visual.text.TextStim'>, alignHoriz=method-wrapper(...), alignText='center', alignVert=method-wrapper(...), anchorHoriz='center', anchorVert='center', antialias=True, autoLog=True, bold=False, color=array([-1., -1., -1.]), colorSpace='rgb', contrast=1.0, depth=-2.0, flipHoriz=False, flipVert=False, font='Arial', fontFiles=[], height=0.05, italic=False, languageStyle='LTR', name='instrucciones3', opacity=1.0, ori=0.0, pos=array([0., 0.]), rgb=UNKNOWN, text=str(...), units='height', win=Window(...), wrapWidth=1)
14.8540 	EXP 	Created Intrucciones1 = TextStim(__class__=<class 'psychopy.visual.text.TextStim'>, alignHoriz=method-wrapper(...), alignText='center', alignVert=method-wrapper(...), anchorHoriz='center', anchorVert='center', antialias=True, autoLog=True, bold=False, color=array([-1., -1., -1.]), colorSpace='rgb', contrast=1.0, depth=-3.0, flipHoriz=False, flipVert=False, font='Open Sans', fontFiles=[], height=0.05, italic=False, languageStyle='LTR', name='Intrucciones1', opacity=1.0, ori=0.0, pos=array([0., 0.]), rgb=UNKNOWN, text='Bienvenidos/as', units='height', win=Window(...), wrapWidth=1)
14.8643 	EXP 	Created text_2 = TextStim(__class__=<class 'psychopy.visual.text.TextStim'>, alignHoriz=method-wrapper(...), alignText='center', alignVert=method-wrapper(...), anchorHoriz='center', anchorVert='center', antialias=True, autoLog=True, bold=False, color=array([1., 1., 1.]), colorSpace='rgb', contrast=1.0, depth=-4.0, flipHoriz=False, flipVert=False, font='Open Sans', fontFiles=[], height=0.05, italic=False, languageStyle='LTR', name='text_2', opacity=1.0, ori=0.0, pos=array([0., 0.]), rgb=UNKNOWN, text='Vamos a hacer uno de prueba!', units='deg', win=Window(...), wrapWidth=15.0)
14.8686 	EXP 	Created GratingPrueba = GratingStim(__class__=<class 'psychopy.visual.grating.GratingStim'>, anchor='center', autoDraw=False, autoLog=True, blendmode='avg', color=array([1., 1., 1.]), colorSpace='rgb', contrast=1.0, depth=-1.0, interpolate=True, mask='circle', maskParams=None, name='GratingPrueba', opacity=1.0, ori=1.0, phase=array([0., 0.]), pos=array([0., 0.]), rgbPedestal=array([0., 0., 0.]), sf=array([1., 1.]), size=array([200., 200.]), tex='sin', texRes=128, units='deg', win=Window(...))
14.8700 	EXP 	Created FeedbackPrueb = TextStim(__class__=<class 'psychopy.visual.text.TextStim'>, alignHoriz=method-wrapper(...), alignText='center', alignVert=method-wrapper(...), anchorHoriz='center', anchorVert='center', antialias=True, autoLog=True, bold=False, color=array([1., 1., 1.]), colorSpace='rgb', contrast=1.0, depth=0.0, flipHoriz=False, flipVert=False, font='Open Sans', fontFiles=[], height=0.1, italic=False, languageStyle='LTR', name='FeedbackPrueb', opacity=1.0, ori=0.0, pos=array([0., 0.]), rgb=UNKNOWN, text='', units='height', win=Window(...), wrapWidth=1)
14.8842 	EXP 	Created ComienzoTexto = TextStim(__class__=<class 'psychopy.visual.text.TextStim'>, alignHoriz=method-wrapper(...), alignText='center', alignVert=method-wrapper(...), anchorHoriz='center', anchorVert='center', antialias=True, autoLog=True, bold=False, color=array([-1., -1., -1.]), colorSpace='rgb', contrast=1.0, depth=0.0, flipHoriz=False, flipVert=False, font='Open Sans', fontFiles=[], height=0.05, italic=False, languageStyle='LTR', name='ComienzoTexto', opacity=1.0, ori=0.0, pos=array([0., 0.]), rgb=UNKNOWN, text=str(...), units='height', win=Window(...), wrapWidth=1)
14.8878 	EXP 	Created grating = GratingStim(__class__=<class 'psychopy.visual.grating.GratingStim'>, anchor='center', autoDraw=False, autoLog=True, blendmode='avg', color=array([1., 1., 1.]), colorSpace='rgb', contrast=1.0, depth=0.0, interpolate=True, mask='circle', maskParams=None, name='grating', opacity=1.0, ori=1.0, phase=array([0., 0.]), pos=array([0., 0.]), rgbPedestal=array([0., 0., 0.]), sf=array([1., 1.]), size=array([300., 300.]), tex='sin', texRes=128, units='deg', win=Window(...))
14.8889 	EXP 	Created feedback_2 = TextStim(__class__=<class 'psychopy.visual.text.TextStim'>, alignHoriz=method-wrapper(...), alignText='center', alignVert=method-wrapper(...), anchorHoriz='center', anchorVert='center', antialias=True, autoLog=True, bold=False, color=array([1., 1., 1.]), colorSpace='rgb', contrast=1.0, depth=-1.0, flipHoriz=False, flipVert=False, font='Open Sans', fontFiles=[], height=0.1, italic=False, languageStyle='LTR', name='feedback_2', opacity=1.0, ori=0.0, pos=array([0., 0.]), rgb=UNKNOWN, text='', units='height', win=Window(...), wrapWidth=1)
14.9029 	EXP 	Created Gracias = TextStim(__class__=<class 'psychopy.visual.text.TextStim'>, alignHoriz=method-wrapper(...), alignText='center', alignVert=method-wrapper(...), anchorHoriz='center', anchorVert='center', antialias=True, autoLog=True, bold=False, color=array([1., 1., 1.]), colorSpace='rgb', contrast=1.0, depth=0.0, flipHoriz=False, flipVert=False, font='Open Sans', fontFiles=[], height=0.1, italic=False, languageStyle='LTR', name='Gracias', opacity=1.0, ori=0.0, pos=array([0., 0.]), rgb=UNKNOWN, text='¡Muchas gracias por participar!', units='height', win=Window(...), wrapWidth=1)
14.9047 	EXP 	Created image = ImageStim(__class__=<class 'psychopy.visual.image.ImageStim'>, anchor=('center', 'center'), autoLog=True, color=array([1., 1., 1.]), colorSpace='rgb', contrast=1.0, depth=-1.0, flipHoriz=False, flipVert=False, image=None, interpolate=True, mask=None, maskParams=None, name='image', opacity=1.0, ori=0.0, pos=array([0., 0.]), size=array([0.5, 0.5]), texRes=128.0, units='deg', win=Window(...))
15.9169 	EXP 	Intrucciones1: autoDraw = True
19.9039 	EXP 	Instrucciones2: autoDraw = True
19.9198 	EXP 	Intrucciones1: autoDraw = False
23.9049 	EXP 	Instrucciones2: autoDraw = False
24.4052 	EXP 	Instrucciones: autoDraw = True
28.4062 	EXP 	Instrucciones: autoDraw = False
28.9067 	EXP 	instrucciones3: autoDraw = True
32.9078 	EXP 	instrucciones3: autoDraw = False
33.4077 	EXP 	text_2: autoDraw = True
37.4018 	EXP 	Imported ParametrosAyBTest1.xlsx as conditions, 20 conditions, 4 params
37.4023 	EXP 	Created sequence: sequential, trialTypes=20, nReps=1, seed=None
37.4026 	EXP 	New trial (rep=0, index=0): {'FrecEspacial': 5.67570285788662, 'Orientation': 117, 'Categoria': 'A', 'CorrectAns': 'left'}
37.4227 	EXP 	text_2: autoDraw = False
37.4227 	EXP 	Instrucciones2: autoDraw = False
37.4227 	EXP 	Instrucciones: autoDraw = False
37.4227 	EXP 	instrucciones3: autoDraw = False
37.4227 	EXP 	Intrucciones1: autoDraw = False
37.4227 	EXP 	text_2: autoDraw = False
37.4227 	EXP 	GratingPrueba: ori = 117.0
37.4227 	EXP 	GratingPrueba: sf = array([5.67570286, 5.67570286])
37.5145 	EXP 	GratingPrueba: autoDraw = True
37.5145 	EXP 	GratingPrueba: tex = 'sin'
40.5402 	EXP 	GratingPrueba: autoDraw = False
40.6268 	EXP 	GratingPrueba: autoDraw = False
40.6268 	EXP 	FeedbackPrueb: text = ''
40.6268 	EXP 	FeedbackPrueb: autoDraw = True
40.6268 	EXP 	FeedbackPrueb: height = 0.1
40.6268 	EXP 	FeedbackPrueb: height = 0.1
40.6268 	EXP 	FeedbackPrueb: text = ''
41.6104 	EXP 	New trial (rep=0, index=1): {'FrecEspacial': 5.97436997443584, 'Orientation': 258, 'Categoria': 'A', 'CorrectAns': 'left'}
41.6278 	EXP 	FeedbackPrueb: autoDraw = False
41.6278 	EXP 	GratingPrueba: ori = 258.0
41.6278 	EXP 	GratingPrueba: sf = array([5.97436997, 5.97436997])
41.7152 	EXP 	GratingPrueba: autoDraw = True
42.3774 	DATA 	Keypress: right
42.3922 	EXP 	GratingPrueba: autoDraw = False
42.3922 	EXP 	FeedbackPrueb: height = 0.1
42.3922 	EXP 	FeedbackPrueb: height = 0.1
42.3922 	EXP 	FeedbackPrueb: text = 'Oops! That was wrong'
42.3922 	EXP 	FeedbackPrueb: autoDraw = True
42.5141 	DATA 	Keypress: right
42.6626 	DATA 	Keypress: right
42.8617 	DATA 	Keypress: right
43.2464 	DATA 	Keypress: right
43.3787 	EXP 	New trial (rep=0, index=2): {'FrecEspacial': 5.68239108616436, 'Orientation': 262, 'Categoria': 'A', 'CorrectAns': 'left'}
43.3935 	EXP 	FeedbackPrueb: autoDraw = False
43.3935 	EXP 	FeedbackPrueb: autoDraw = False
43.3935 	EXP 	GratingPrueba: ori = 262.0
43.3935 	EXP 	GratingPrueba: sf = array([5.68239109, 5.68239109])
43.4840 	EXP 	GratingPrueba: autoDraw = True
43.5345 	DATA 	Keypress: right
44.0152 	DATA 	Keypress: right
44.0280 	EXP 	GratingPrueba: autoDraw = False
44.0280 	EXP 	FeedbackPrueb: text = 'Oops! That was wrong'
44.0280 	EXP 	FeedbackPrueb: autoDraw = True
44.3791 	DATA 	Keypress: right
44.6127 	DATA 	Keypress: right
45.0117 	EXP 	New trial (rep=0, index=3): {'FrecEspacial': 5.87740232142946, 'Orientation': 95, 'Categoria': 'A', 'CorrectAns': 'left'}
45.0280 	EXP 	FeedbackPrueb: autoDraw = False
45.0280 	EXP 	FeedbackPrueb: autoDraw = False
45.0280 	EXP 	GratingPrueba: ori = 95.0
45.0280 	EXP 	GratingPrueba: sf = array([5.87740232, 5.87740232])
45.1159 	EXP 	GratingPrueba: autoDraw = True
45.8992 	DATA 	Keypress: right
45.9119 	EXP 	GratingPrueba: autoDraw = False
45.9119 	EXP 	FeedbackPrueb: text = 'Oops! That was wrong'
45.9119 	EXP 	FeedbackPrueb: autoDraw = True
46.0804 	DATA 	Keypress: right
46.3297 	DATA 	Keypress: right
46.5629 	DATA 	Keypress: right
46.8296 	DATA 	Keypress: right
46.8957 	EXP 	New trial (rep=0, index=4): {'FrecEspacial': 6.21497055868499, 'Orientation': 30, 'Categoria': 'A', 'CorrectAns': 'left'}
46.9122 	EXP 	FeedbackPrueb: autoDraw = False
46.9122 	EXP 	FeedbackPrueb: autoDraw = False
46.9122 	EXP 	GratingPrueba: ori = 30.0
46.9122 	EXP 	GratingPrueba: sf = array([6.21497056, 6.21497056])
46.9997 	EXP 	GratingPrueba: autoDraw = True
47.1031 	DATA 	Keypress: right
47.3832 	DATA 	Keypress: right
47.3957 	EXP 	GratingPrueba: autoDraw = False
47.3957 	EXP 	FeedbackPrueb: text = 'Oops! That was wrong'
47.3957 	EXP 	FeedbackPrueb: autoDraw = True
47.6467 	DATA 	Keypress: right
48.0137 	DATA 	Keypress: right
48.3795 	EXP 	New trial (rep=0, index=5): {'FrecEspacial': 5.9777226950445, 'Orientation': 293, 'Categoria': 'A', 'CorrectAns': 'left'}
48.3960 	EXP 	FeedbackPrueb: autoDraw = False
48.3960 	EXP 	FeedbackPrueb: autoDraw = False
48.3960 	EXP 	GratingPrueba: ori = 293.0
48.3960 	EXP 	GratingPrueba: sf = array([5.9777227, 5.9777227])
48.4838 	EXP 	GratingPrueba: autoDraw = True
49.1169 	DATA 	Keypress: right
49.1299 	EXP 	GratingPrueba: autoDraw = False
49.1299 	EXP 	FeedbackPrueb: text = 'Oops! That was wrong'
49.1299 	EXP 	FeedbackPrueb: autoDraw = True
49.4646 	DATA 	Keypress: right
49.7325 	DATA 	Keypress: right
50.1132 	EXP 	New trial (rep=0, index=6): {'FrecEspacial': 6.16942304684475, 'Orientation': 98, 'Categoria': 'A', 'CorrectAns': 'left'}
50.1302 	EXP 	FeedbackPrueb: autoDraw = False
50.1302 	EXP 	FeedbackPrueb: autoDraw = False
50.1302 	EXP 	GratingPrueba: ori = 98.0
50.1302 	EXP 	GratingPrueba: sf = array([6.16942305, 6.16942305])
50.2175 	EXP 	GratingPrueba: autoDraw = True
50.4508 	DATA 	Keypress: right
50.4633 	EXP 	GratingPrueba: autoDraw = False
50.4633 	EXP 	FeedbackPrueb: text = 'Oops! That was wrong'
50.4633 	EXP 	FeedbackPrueb: autoDraw = True
50.7810 	DATA 	Keypress: right
51.0814 	DATA 	Keypress: right
51.3986 	DATA 	Keypress: right
51.4473 	EXP 	New trial (rep=0, index=7): {'FrecEspacial': 5.83113663926556, 'Orientation': 258, 'Categoria': 'A', 'CorrectAns': 'left'}
51.4636 	EXP 	FeedbackPrueb: autoDraw = False
51.4636 	EXP 	FeedbackPrueb: autoDraw = False
51.4636 	EXP 	GratingPrueba: ori = 258.0
51.4636 	EXP 	GratingPrueba: sf = array([5.83113664, 5.83113664])
51.5520 	EXP 	GratingPrueba: autoDraw = True
51.7843 	DATA 	Keypress: right
51.7972 	EXP 	GratingPrueba: autoDraw = False
51.7972 	EXP 	FeedbackPrueb: text = 'Oops! That was wrong'
51.7972 	EXP 	FeedbackPrueb: autoDraw = True
52.0488 	DATA 	Keypress: right
52.3324 	DATA 	Keypress: right
52.7810 	EXP 	New trial (rep=0, index=8): {'FrecEspacial': 6.06838533782589, 'Orientation': 269, 'Categoria': 'A', 'CorrectAns': 'left'}
52.7974 	EXP 	FeedbackPrueb: autoDraw = False
52.7974 	EXP 	FeedbackPrueb: autoDraw = False
52.7974 	EXP 	GratingPrueba: ori = 269.0
52.7974 	EXP 	GratingPrueba: sf = array([6.06838534, 6.06838534])
52.8852 	EXP 	GratingPrueba: autoDraw = True
53.2686 	DATA 	Keypress: right
53.2944 	EXP 	GratingPrueba: autoDraw = False
53.2944 	EXP 	FeedbackPrueb: text = 'Oops! That was wrong'
53.2944 	EXP 	FeedbackPrueb: autoDraw = True
53.5833 	DATA 	Keypress: right
53.8989 	DATA 	Keypress: right
54.2822 	EXP 	New trial (rep=0, index=9): {'FrecEspacial': 5.88404357011018, 'Orientation': 126, 'Categoria': 'A', 'CorrectAns': 'left'}
54.2831 	DATA 	Keypress: right
54.2970 	EXP 	FeedbackPrueb: autoDraw = False
54.2970 	EXP 	FeedbackPrueb: autoDraw = False
54.2970 	EXP 	GratingPrueba: ori = 126.0
54.2970 	EXP 	GratingPrueba: sf = array([5.88404357, 5.88404357])
54.3865 	EXP 	GratingPrueba: autoDraw = True
54.6187 	DATA 	Keypress: right
54.6313 	EXP 	GratingPrueba: autoDraw = False
54.6313 	EXP 	FeedbackPrueb: text = 'Oops! That was wrong'
54.6313 	EXP 	FeedbackPrueb: autoDraw = True
55.0666 	DATA 	Keypress: right
55.4161 	DATA 	Keypress: right
55.6150 	EXP 	New trial (rep=0, index=10): {'FrecEspacial': 6.80490635941894, 'Orientation': 312, 'Categoria': 'B', 'CorrectAns': 'right'}
55.6315 	EXP 	FeedbackPrueb: autoDraw = False
55.6315 	EXP 	FeedbackPrueb: autoDraw = False
55.6315 	EXP 	GratingPrueba: ori = 312.0
55.6315 	EXP 	GratingPrueba: sf = array([6.80490636, 6.80490636])
55.7192 	EXP 	GratingPrueba: autoDraw = True
55.8525 	DATA 	Keypress: right
55.8649 	EXP 	GratingPrueba: autoDraw = False
55.8649 	EXP 	FeedbackPrueb: text = 'Oops! That was wrong'
55.8649 	EXP 	FeedbackPrueb: autoDraw = True
56.2000 	DATA 	Keypress: right
56.4670 	DATA 	Keypress: right
56.8488 	EXP 	New trial (rep=0, index=11): {'FrecEspacial': 6.70350812493045, 'Orientation': 8, 'Categoria': 'B', 'CorrectAns': 'right'}
56.8651 	EXP 	FeedbackPrueb: autoDraw = False
56.8651 	EXP 	FeedbackPrueb: autoDraw = False
56.8651 	EXP 	GratingPrueba: ori = 8.0
56.8651 	EXP 	GratingPrueba: sf = array([6.70350812, 6.70350812])
56.9527 	EXP 	GratingPrueba: autoDraw = True
57.1863 	DATA 	Keypress: right
57.2124 	EXP 	GratingPrueba: autoDraw = False
57.2124 	EXP 	FeedbackPrueb: text = 'Oops! That was wrong'
57.2124 	EXP 	FeedbackPrueb: autoDraw = True
57.4833 	DATA 	Keypress: right
58.1505 	DATA 	Keypress: right
58.1999 	EXP 	New trial (rep=0, index=12): {'FrecEspacial': 6.55448032748352, 'Orientation': 106, 'Categoria': 'B', 'CorrectAns': 'right'}
58.2146 	EXP 	FeedbackPrueb: autoDraw = False
58.2146 	EXP 	FeedbackPrueb: autoDraw = False
58.2146 	EXP 	GratingPrueba: ori = 106.0
58.2146 	EXP 	GratingPrueba: sf = array([6.55448033, 6.55448033])
58.3053 	EXP 	GratingPrueba: autoDraw = True
58.4572 	DATA 	Keypress: right
58.4793 	EXP 	GratingPrueba: autoDraw = False
58.4793 	EXP 	FeedbackPrueb: text = 'Oops! That was wrong'
58.4793 	EXP 	FeedbackPrueb: autoDraw = True
58.7173 	DATA 	Keypress: right
59.0012 	DATA 	Keypress: right
59.2678 	DATA 	Keypress: right
59.4670 	EXP 	New trial (rep=0, index=13): {'FrecEspacial': 6.68475017850682, 'Orientation': 112, 'Categoria': 'B', 'CorrectAns': 'right'}
59.4820 	EXP 	FeedbackPrueb: autoDraw = False
59.4820 	EXP 	FeedbackPrueb: autoDraw = False
59.4820 	EXP 	GratingPrueba: ori = 112.0
59.4820 	EXP 	GratingPrueba: sf = array([6.68475018, 6.68475018])
59.5715 	EXP 	GratingPrueba: autoDraw = True
59.9543 	DATA 	Keypress: right
59.9800 	EXP 	GratingPrueba: autoDraw = False
59.9800 	EXP 	FeedbackPrueb: text = 'Oops! That was wrong'
59.9800 	EXP 	FeedbackPrueb: autoDraw = True
60.1841 	DATA 	Keypress: right
60.4015 	DATA 	Keypress: right
60.8684 	DATA 	Keypress: right
60.9674 	EXP 	New trial (rep=0, index=14): {'FrecEspacial': 6.55127629413204, 'Orientation': 11, 'Categoria': 'B', 'CorrectAns': 'right'}
60.9826 	EXP 	FeedbackPrueb: autoDraw = False
60.9826 	EXP 	FeedbackPrueb: autoDraw = False
60.9826 	EXP 	GratingPrueba: ori = 11.0
60.9826 	EXP 	GratingPrueba: sf = array([6.55127629, 6.55127629])
61.0715 	EXP 	GratingPrueba: autoDraw = True
61.1236 	DATA 	Keypress: right
61.3752 	DATA 	Keypress: right
61.3971 	EXP 	GratingPrueba: autoDraw = False
61.3971 	EXP 	FeedbackPrueb: text = 'Oops! That was wrong'
61.3971 	EXP 	FeedbackPrueb: autoDraw = True
61.5852 	DATA 	Keypress: right
61.8012 	DATA 	Keypress: right
62.0347 	DATA 	Keypress: right
62.2522 	DATA 	Keypress: right
62.3847 	EXP 	New trial (rep=0, index=15): {'FrecEspacial': 6.48877641866224, 'Orientation': 174, 'Categoria': 'B', 'CorrectAns': 'right'}
62.3994 	EXP 	FeedbackPrueb: autoDraw = False
62.3994 	EXP 	FeedbackPrueb: autoDraw = False
62.3994 	EXP 	GratingPrueba: ori = 174.0
62.3994 	EXP 	GratingPrueba: sf = array([6.48877642, 6.48877642])
62.4887 	EXP 	GratingPrueba: autoDraw = True
62.4906 	DATA 	Keypress: right
62.7214 	DATA 	Keypress: right
62.7474 	EXP 	GratingPrueba: autoDraw = False
62.7474 	EXP 	FeedbackPrueb: text = 'Oops! That was wrong'
62.7474 	EXP 	FeedbackPrueb: autoDraw = True
62.9357 	DATA 	Keypress: right
63.2024 	DATA 	Keypress: right
63.4024 	DATA 	Keypress: right
63.6357 	DATA 	Keypress: right
63.7350 	EXP 	New trial (rep=0, index=16): {'FrecEspacial': 6.34624095869614, 'Orientation': 210, 'Categoria': 'B', 'CorrectAns': 'right'}
63.7499 	EXP 	FeedbackPrueb: autoDraw = False
63.7499 	EXP 	FeedbackPrueb: autoDraw = False
63.7499 	EXP 	GratingPrueba: ori = 210.0
63.7499 	EXP 	GratingPrueba: sf = array([6.34624096, 6.34624096])
63.8181 	DATA 	Keypress: right
63.8391 	EXP 	GratingPrueba: autoDraw = True
64.0922 	DATA 	Keypress: right
64.1147 	EXP 	GratingPrueba: autoDraw = False
64.1147 	EXP 	FeedbackPrueb: text = 'Oops! That was wrong'
64.1147 	EXP 	FeedbackPrueb: autoDraw = True
64.3027 	DATA 	Keypress: right
64.5188 	DATA 	Keypress: right
64.7521 	DATA 	Keypress: right
65.0189 	DATA 	Keypress: right
65.1022 	EXP 	New trial (rep=0, index=17): {'FrecEspacial': 6.22544387677702, 'Orientation': 87, 'Categoria': 'B', 'CorrectAns': 'right'}
65.1172 	EXP 	FeedbackPrueb: autoDraw = False
65.1172 	EXP 	FeedbackPrueb: autoDraw = False
65.1172 	EXP 	GratingPrueba: ori = 87.0
65.1172 	EXP 	GratingPrueba: sf = array([6.22544388, 6.22544388])
65.2065 	EXP 	GratingPrueba: autoDraw = True
65.2083 	DATA 	Keypress: right
65.3897 	DATA 	Keypress: right
65.4150 	EXP 	GratingPrueba: autoDraw = False
65.4150 	EXP 	FeedbackPrueb: text = 'Oops! That was wrong'
65.4150 	EXP 	FeedbackPrueb: autoDraw = True
65.5859 	DATA 	Keypress: right
65.8033 	DATA 	Keypress: right
66.0363 	DATA 	Keypress: right
66.2526 	DATA 	Keypress: right
66.4026 	EXP 	New trial (rep=0, index=18): {'FrecEspacial': 6.55648003231694, 'Orientation': 36, 'Categoria': 'B', 'CorrectAns': 'right'}
66.4175 	EXP 	FeedbackPrueb: autoDraw = False
66.4175 	EXP 	FeedbackPrueb: autoDraw = False
66.4175 	EXP 	GratingPrueba: ori = 36.0
66.4175 	EXP 	GratingPrueba: sf = array([6.55648003, 6.55648003])
66.4852 	DATA 	Keypress: right
66.5099 	EXP 	GratingPrueba: autoDraw = True
66.7228 	DATA 	Keypress: right
66.7486 	EXP 	GratingPrueba: autoDraw = False
66.7486 	EXP 	FeedbackPrueb: text = 'Oops! That was wrong'
66.7486 	EXP 	FeedbackPrueb: autoDraw = True
66.9389 	DATA 	Keypress: right
67.1375 	DATA 	Keypress: right
67.3705 	DATA 	Keypress: right
67.5871 	DATA 	Keypress: right
67.7364 	EXP 	New trial (rep=0, index=19): {'FrecEspacial': 6.59467094736406, 'Orientation': 116, 'Categoria': 'B', 'CorrectAns': 'right'}
67.7515 	EXP 	FeedbackPrueb: autoDraw = False
67.7515 	EXP 	FeedbackPrueb: autoDraw = False
67.7515 	EXP 	GratingPrueba: ori = 116.0
67.7515 	EXP 	GratingPrueba: sf = array([6.59467095, 6.59467095])
67.8198 	DATA 	Keypress: right
67.8410 	EXP 	GratingPrueba: autoDraw = True
68.0451 	DATA 	Keypress: right
68.0661 	EXP 	GratingPrueba: autoDraw = False
68.0661 	EXP 	FeedbackPrueb: text = 'Oops! That was wrong'
68.0661 	EXP 	FeedbackPrueb: autoDraw = True
68.2876 	DATA 	Keypress: right
68.5544 	DATA 	Keypress: right
68.7883 	DATA 	Keypress: right
69.0227 	DATA 	Keypress: right
69.1003 	EXP 	FeedbackPrueb: autoDraw = False
69.1003 	EXP 	FeedbackPrueb: autoDraw = False
69.2534 	DATA 	Keypress: right
69.4869 	DATA 	Keypress: right
69.5867 	EXP 	ComienzoTexto: autoDraw = True
69.6881 	DATA 	Keypress: right
69.9038 	DATA 	Keypress: right
70.1057 	DATA 	Keypress: right
70.3209 	DATA 	Keypress: right
70.5384 	DATA 	Keypress: right
71.4120 	EXP 	Imported ParametrosAyB.csv as conditions, 160 conditions, 4 params
71.4129 	EXP 	Created sequence: sequential, trialTypes=160, nReps=1, seed=None
71.4131 	EXP 	New trial (rep=0, index=0): OrderedDict([('Frecuencia', 5.93196959075185), ('Orientacion', 127.47737405748008), ('Categoria', 'A'), ('tecla', 'left')])
71.4140 	DATA 	Keypress: space
71.4333 	EXP 	ComienzoTexto: autoDraw = False
71.4333 	EXP 	grating: ori = 127.47737405748008
71.4333 	EXP 	grating: sf = array([5.93196959, 5.93196959])
71.5250 	EXP 	grating: autoDraw = True
71.5250 	EXP 	grating: tex = 'sin'
72.2354 	DATA 	Keypress: right
72.2503 	EXP 	grating: autoDraw = False
72.2503 	EXP 	feedback_2: height = 0.1
72.2503 	EXP 	feedback_2: height = 0.1
72.2503 	EXP 	feedback_2: text = 'Correct!'
72.2503 	EXP 	feedback_2: autoDraw = True
72.8883 	DATA 	Keypress: right
73.2382 	EXP 	New trial (rep=0, index=1): OrderedDict([('Frecuencia', 5.854430776194954), ('Orientacion', 117.43066219475884), ('Categoria', 'A'), ('tecla', 'left')])
73.2530 	EXP 	feedback_2: autoDraw = False
73.2530 	EXP 	feedback_2: autoDraw = False
73.2530 	EXP 	grating: ori = 117.43066219475884
73.2530 	EXP 	grating: sf = array([5.85443078, 5.85443078])
73.3421 	EXP 	grating: autoDraw = True
73.6759 	DATA 	Keypress: right
73.7019 	EXP 	grating: autoDraw = False
73.7019 	EXP 	feedback_2: text = 'Correct!'
73.7019 	EXP 	feedback_2: autoDraw = True
74.6882 	EXP 	New trial (rep=0, index=2): OrderedDict([('Frecuencia', 5.965715904251782), ('Orientacion', 125.78797409596945), ('Categoria', 'A'), ('tecla', 'left')])
74.7033 	EXP 	feedback_2: autoDraw = False
74.7033 	EXP 	feedback_2: autoDraw = False
74.7033 	EXP 	grating: ori = 125.78797409596945
74.7033 	EXP 	grating: sf = array([5.9657159, 5.9657159])
74.7924 	EXP 	grating: autoDraw = True
74.9758 	DATA 	Keypress: right
75.0011 	EXP 	grating: autoDraw = False
75.0011 	EXP 	feedback_2: text = 'Correct!'
75.0011 	EXP 	feedback_2: autoDraw = True
75.9890 	EXP 	New trial (rep=0, index=3): OrderedDict([('Frecuencia', 6.211277113859689), ('Orientacion', 125.83613903175356), ('Categoria', 'A'), ('tecla', 'left')])
76.0039 	EXP 	feedback_2: autoDraw = False
76.0039 	EXP 	feedback_2: autoDraw = False
76.0039 	EXP 	grating: ori = 125.83613903175356
76.0039 	EXP 	grating: sf = array([6.21127711, 6.21127711])
76.0931 	EXP 	grating: autoDraw = True
76.9463 	DATA 	Keypress: right
76.9683 	EXP 	grating: autoDraw = False
76.9683 	EXP 	feedback_2: text = 'Correct!'
76.9683 	EXP 	feedback_2: autoDraw = True
77.9560 	EXP 	New trial (rep=0, index=4): OrderedDict([('Frecuencia', 6.184349557153399), ('Orientacion', 122.64618066553956), ('Categoria', 'A'), ('tecla', 'left')])
77.9711 	EXP 	feedback_2: autoDraw = False
77.9711 	EXP 	feedback_2: autoDraw = False
77.9711 	EXP 	grating: ori = 122.64618066553956
77.9711 	EXP 	grating: sf = array([6.18434956, 6.18434956])
78.0601 	EXP 	grating: autoDraw = True
78.4428 	DATA 	Keypress: right
78.4554 	EXP 	grating: autoDraw = False
78.4554 	EXP 	feedback_2: text = 'Correct!'
78.4554 	EXP 	feedback_2: autoDraw = True
79.4394 	EXP 	New trial (rep=0, index=5): OrderedDict([('Frecuencia', 6.3435716449781925), ('Orientacion', 122.2744185012582), ('Categoria', 'A'), ('tecla', 'left')])
79.4557 	EXP 	feedback_2: autoDraw = False
79.4557 	EXP 	feedback_2: autoDraw = False
79.4557 	EXP 	grating: ori = 122.2744185012582
79.4557 	EXP 	grating: sf = array([6.34357164, 6.34357164])
79.5433 	EXP 	grating: autoDraw = True
80.0463 	DATA 	Keypress: lwindows
82.5594 	EXP 	grating: autoDraw = False
82.6701 	EXP 	grating: autoDraw = False
82.6701 	EXP 	feedback_2: height = 0.1
82.6701 	EXP 	feedback_2: height = 0.1
82.6701 	EXP 	feedback_2: text = 'Oops! That was wrong'
82.6701 	EXP 	feedback_2: autoDraw = True
83.4690 	DATA 	Mouse: Left button down, pos=(768,750)
83.5634 	DATA 	Mouse:  Left button up, pos=(768,750)
83.6571 	EXP 	New trial (rep=0, index=6): OrderedDict([('Frecuencia', 6.172304806529708), ('Orientacion', 127.9178410876162), ('Categoria', 'A'), ('tecla', 'left')])
83.6737 	EXP 	feedback_2: autoDraw = False
83.6737 	EXP 	feedback_2: autoDraw = False
83.6737 	EXP 	grating: ori = 127.9178410876162
83.6737 	EXP 	grating: sf = array([6.17230481, 6.17230481])
83.7616 	EXP 	grating: autoDraw = True
84.4143 	DATA 	Keypress: escape
84.9951 	EXP 	window1: mouseVisible = True
