1.5583 	WARNING 	We strongly recommend you activate the PTB sound engine in PsychoPy prefs as the preferred audio engine. Its timing is vastly superior. Your prefs are currently set to use ['sounddevice', 'PTB', 'pyo', 'pygame'] (in that order).
11.1371 	EXP 	Created window1 = Window(allowGUI=True, allowStencil=False, autoLog=True, backendConf=UNKNOWN, bitsMode=UNKNOWN, blendMode='avg', bpc=(8, 8, 8), color=array([0, 0, 0]), colorSpace='rgb', depthBits=8, fullscr=<method-wrapper '__getattribute__' of attributeSetter object at 0x0000024350EA8160>, gamma=None, gammaErrorPolicy='raise', lms=UNKNOWN, monitor=<psychopy.monitors.calibTools.Monitor object at 0x00000243526CDE20>, multiSample=False, name='window1', numSamples=2, pos=(0, 0), screen=0, size=array([1920, 1080]), stencilBits=0, stereo=False, units='deg', useFBO=True, useRetina=False, viewOri=0.0, viewPos=None, viewScale=None, waitBlanking=True, winType='pyglet')
11.1373 	EXP 	window1: mouseVisible = True
11.1373 	EXP 	window1: Attempting to measure frame rate of screen (0) ...
11.1373 	EXP 	window1: recordFrameIntervals = False
11.3032 	EXP 	window1: recordFrameIntervals = True
11.4858 	EXP 	Screen (0) actual frame rate measured at 60.17Hz
11.4859 	EXP 	window1: recordFrameIntervals = False
11.5850 	WARNING 	launchHubServer: If using the iohub mouse or eyetracker devices, fullScr should be True.
13.6364 	EXP 	Created Instrucciones2 = TextStim(__class__=<class 'psychopy.visual.text.TextStim'>, alignHoriz=method-wrapper(...), alignText='center', alignVert=method-wrapper(...), anchorHoriz='center', anchorVert='center', antialias=True, autoLog=True, bold=False, color=array([-1., -1., -1.]), colorSpace='rgb', contrast=1.0, depth=0.0, flipHoriz=False, flipVert=False, font='Open Sans', fontFiles=[], height=0.05, italic=False, languageStyle='LTR', name='Instrucciones2', opacity=1.0, ori=0.0, pos=array([0., 0.]), rgb=UNKNOWN, text=str(...), units='height', win=Window(...), wrapWidth=1)
13.6522 	EXP 	Created Instrucciones = TextStim(__class__=<class 'psychopy.visual.text.TextStim'>, alignHoriz=method-wrapper(...), alignText='center', alignVert=method-wrapper(...), anchorHoriz='center', anchorVert='center', antialias=True, autoLog=True, bold=False, color=array([-1., -1., -1.]), colorSpace='rgb', contrast=1.0, depth=-1.0, flipHoriz=False, flipVert=False, font='Arial', fontFiles=[], height=0.05, italic=False, languageStyle='LTR', name='Instrucciones', opacity=1.0, ori=0.0, pos=array([0., 0.]), rgb=UNKNOWN, text=str(...), units='height', win=Window(...), wrapWidth=1)
13.6627 	EXP 	Created instrucciones3 = TextStim(__class__=<class 'psychopy.visual.text.TextStim'>, alignHoriz=method-wrapper(...), alignText='center', alignVert=method-wrapper(...), anchorHoriz='center', anchorVert='center', antialias=True, autoLog=True, bold=False, color=array([-1., -1., -1.]), colorSpace='rgb', contrast=1.0, depth=-2.0, flipHoriz=False, flipVert=False, font='Arial', fontFiles=[], height=0.05, italic=False, languageStyle='LTR', name='instrucciones3', opacity=1.0, ori=0.0, pos=array([0., 0.]), rgb=UNKNOWN, text=str(...), units='height', win=Window(...), wrapWidth=1)
13.6661 	EXP 	Created Intrucciones1 = TextStim(__class__=<class 'psychopy.visual.text.TextStim'>, alignHoriz=method-wrapper(...), alignText='center', alignVert=method-wrapper(...), anchorHoriz='center', anchorVert='center', antialias=True, autoLog=True, bold=False, color=array([-1., -1., -1.]), colorSpace='rgb', contrast=1.0, depth=-3.0, flipHoriz=False, flipVert=False, font='Open Sans', fontFiles=[], height=0.05, italic=False, languageStyle='LTR', name='Intrucciones1', opacity=1.0, ori=0.0, pos=array([0., 0.]), rgb=UNKNOWN, text='Bienvenidos/as', units='height', win=Window(...), wrapWidth=1)
13.6814 	EXP 	Created text_2 = TextStim(__class__=<class 'psychopy.visual.text.TextStim'>, alignHoriz=method-wrapper(...), alignText='center', alignVert=method-wrapper(...), anchorHoriz='center', anchorVert='center', antialias=True, autoLog=True, bold=False, color=array([1., 1., 1.]), colorSpace='rgb', contrast=1.0, depth=-4.0, flipHoriz=False, flipVert=False, font='Open Sans', fontFiles=[], height=0.05, italic=False, languageStyle='LTR', name='text_2', opacity=1.0, ori=0.0, pos=array([0., 0.]), rgb=UNKNOWN, text='Vamos a hacer uno de prueba!', units='deg', win=Window(...), wrapWidth=15.0)
13.6877 	EXP 	Created GratingPrueba = GratingStim(__class__=<class 'psychopy.visual.grating.GratingStim'>, anchor='center', autoDraw=False, autoLog=True, blendmode='avg', color=array([1., 1., 1.]), colorSpace='rgb', contrast=1.0, depth=-1.0, interpolate=True, mask='circle', maskParams=None, name='GratingPrueba', opacity=1.0, ori=1.0, phase=array([0., 0.]), pos=array([0., 0.]), rgbPedestal=array([0., 0., 0.]), sf=array([1., 1.]), size=array([400., 400.]), tex='sin', texRes=128, units='deg', win=Window(...))
13.6902 	EXP 	Created FeedbackPrueb = TextStim(__class__=<class 'psychopy.visual.text.TextStim'>, alignHoriz=method-wrapper(...), alignText='center', alignVert=method-wrapper(...), anchorHoriz='center', anchorVert='center', antialias=True, autoLog=True, bold=False, color=array([1., 1., 1.]), colorSpace='rgb', contrast=1.0, depth=0.0, flipHoriz=False, flipVert=False, font='Open Sans', fontFiles=[], height=0.1, italic=False, languageStyle='LTR', name='FeedbackPrueb', opacity=1.0, ori=0.0, pos=array([0., 0.]), rgb=UNKNOWN, text='', units='height', win=Window(...), wrapWidth=1)
13.7135 	EXP 	Created ComienzoTexto = TextStim(__class__=<class 'psychopy.visual.text.TextStim'>, alignHoriz=method-wrapper(...), alignText='center', alignVert=method-wrapper(...), anchorHoriz='center', anchorVert='center', antialias=True, autoLog=True, bold=False, color=array([-1., -1., -1.]), colorSpace='rgb', contrast=1.0, depth=0.0, flipHoriz=False, flipVert=False, font='Open Sans', fontFiles=[], height=0.05, italic=False, languageStyle='LTR', name='ComienzoTexto', opacity=1.0, ori=0.0, pos=array([0., 0.]), rgb=UNKNOWN, text=str(...), units='height', win=Window(...), wrapWidth=1)
13.7191 	EXP 	Created grating = GratingStim(__class__=<class 'psychopy.visual.grating.GratingStim'>, anchor='center', autoDraw=False, autoLog=True, blendmode='avg', color=array([1., 1., 1.]), colorSpace='rgb', contrast=1.0, depth=0.0, interpolate=True, mask='circle', maskParams=None, name='grating', opacity=1.0, ori=1.0, phase=array([0., 0.]), pos=array([0., 0.]), rgbPedestal=array([0., 0., 0.]), sf=array([1., 1.]), size=array([300., 300.]), tex='sin', texRes=128, units='deg', win=Window(...))
13.7208 	EXP 	Created feedback_2 = TextStim(__class__=<class 'psychopy.visual.text.TextStim'>, alignHoriz=method-wrapper(...), alignText='center', alignVert=method-wrapper(...), anchorHoriz='center', anchorVert='center', antialias=True, autoLog=True, bold=False, color=array([1., 1., 1.]), colorSpace='rgb', contrast=1.0, depth=-1.0, flipHoriz=False, flipVert=False, font='Open Sans', fontFiles=[], height=0.1, italic=False, languageStyle='LTR', name='feedback_2', opacity=1.0, ori=0.0, pos=array([0., 0.]), rgb=UNKNOWN, text='', units='height', win=Window(...), wrapWidth=1)
13.7412 	EXP 	Created Gracias = TextStim(__class__=<class 'psychopy.visual.text.TextStim'>, alignHoriz=method-wrapper(...), alignText='center', alignVert=method-wrapper(...), anchorHoriz='center', anchorVert='center', antialias=True, autoLog=True, bold=False, color=array([1., 1., 1.]), colorSpace='rgb', contrast=1.0, depth=0.0, flipHoriz=False, flipVert=False, font='Open Sans', fontFiles=[], height=0.1, italic=False, languageStyle='LTR', name='Gracias', opacity=1.0, ori=0.0, pos=array([0., 0.]), rgb=UNKNOWN, text='¡Muchas gracias por participar!', units='height', win=Window(...), wrapWidth=1)
13.7441 	EXP 	Created image = ImageStim(__class__=<class 'psychopy.visual.image.ImageStim'>, anchor=('center', 'center'), autoLog=True, color=array([1., 1., 1.]), colorSpace='rgb', contrast=1.0, depth=-1.0, flipHoriz=False, flipVert=False, image=None, interpolate=True, mask=None, maskParams=None, name='image', opacity=1.0, ori=0.0, pos=array([0., 0.]), size=array([0.5, 0.5]), texRes=128.0, units='deg', win=Window(...))
14.7374 	EXP 	Intrucciones1: autoDraw = True
18.7384 	EXP 	Instrucciones2: autoDraw = True
18.7384 	EXP 	Intrucciones1: autoDraw = False
22.7415 	EXP 	Instrucciones2: autoDraw = False
23.2407 	EXP 	Instrucciones: autoDraw = True
27.2417 	EXP 	Instrucciones: autoDraw = False
27.7424 	EXP 	instrucciones3: autoDraw = True
31.7430 	EXP 	instrucciones3: autoDraw = False
32.2430 	EXP 	text_2: autoDraw = True
36.2365 	EXP 	Imported ParametrosAyBTest1.xlsx as conditions, 20 conditions, 4 params
36.2372 	EXP 	Created sequence: sequential, trialTypes=20, nReps=1, seed=None
36.2375 	EXP 	New trial (rep=0, index=0): {'FrecEspacial': 5.67570285788662, 'Orientation': 117, 'Categoria': 'A', 'CorrectAns': 'left'}
36.2580 	EXP 	text_2: autoDraw = False
36.2580 	EXP 	Instrucciones2: autoDraw = False
36.2580 	EXP 	Instrucciones: autoDraw = False
36.2580 	EXP 	instrucciones3: autoDraw = False
36.2580 	EXP 	Intrucciones1: autoDraw = False
36.2580 	EXP 	text_2: autoDraw = False
36.2580 	EXP 	GratingPrueba: ori = 117.0
36.2580 	EXP 	GratingPrueba: sf = array([5.67570286, 5.67570286])
36.3498 	EXP 	GratingPrueba: autoDraw = True
36.3498 	EXP 	GratingPrueba: tex = 'sin'
37.8197 	DATA 	Keypress: right
37.8427 	EXP 	GratingPrueba: autoDraw = False
37.8427 	EXP 	FeedbackPrueb: text = ''
37.8427 	EXP 	FeedbackPrueb: autoDraw = True
37.8427 	EXP 	FeedbackPrueb: height = 0.1
37.8427 	EXP 	FeedbackPrueb: height = 0.1
37.8427 	EXP 	FeedbackPrueb: text = ''
38.8296 	EXP 	New trial (rep=0, index=1): {'FrecEspacial': 5.97436997443584, 'Orientation': 258, 'Categoria': 'A', 'CorrectAns': 'left'}
38.8446 	EXP 	FeedbackPrueb: autoDraw = False
38.8446 	EXP 	FeedbackPrueb: autoDraw = False
38.8446 	EXP 	GratingPrueba: ori = 258.0
38.8446 	EXP 	GratingPrueba: sf = array([5.97436997, 5.97436997])
38.9335 	EXP 	GratingPrueba: autoDraw = True
39.3288 	DATA 	Keypress: right
39.3426 	EXP 	GratingPrueba: autoDraw = False
39.3426 	EXP 	FeedbackPrueb: height = 0.1
39.3426 	EXP 	FeedbackPrueb: height = 0.1
39.3426 	EXP 	FeedbackPrueb: text = 'Oops! That was wrong'
39.3426 	EXP 	FeedbackPrueb: autoDraw = True
40.3303 	EXP 	New trial (rep=0, index=2): {'FrecEspacial': 5.68239108616436, 'Orientation': 262, 'Categoria': 'A', 'CorrectAns': 'left'}
40.3454 	EXP 	FeedbackPrueb: autoDraw = False
40.3454 	EXP 	FeedbackPrueb: autoDraw = False
40.3454 	EXP 	GratingPrueba: ori = 262.0
40.3454 	EXP 	GratingPrueba: sf = array([5.68239109, 5.68239109])
40.4338 	EXP 	GratingPrueba: autoDraw = True
40.8369 	DATA 	Keypress: right
40.8598 	EXP 	GratingPrueba: autoDraw = False
40.8598 	EXP 	FeedbackPrueb: text = 'Oops! That was wrong'
40.8598 	EXP 	FeedbackPrueb: autoDraw = True
41.8475 	EXP 	New trial (rep=0, index=3): {'FrecEspacial': 5.87740232142946, 'Orientation': 95, 'Categoria': 'A', 'CorrectAns': 'left'}
41.8624 	EXP 	FeedbackPrueb: autoDraw = False
41.8624 	EXP 	FeedbackPrueb: autoDraw = False
41.8624 	EXP 	GratingPrueba: ori = 95.0
41.8624 	EXP 	GratingPrueba: sf = array([5.87740232, 5.87740232])
41.9510 	EXP 	GratingPrueba: autoDraw = True
42.0835 	DATA 	Keypress: right
42.0968 	EXP 	GratingPrueba: autoDraw = False
42.0968 	EXP 	FeedbackPrueb: text = 'Oops! That was wrong'
42.0968 	EXP 	FeedbackPrueb: autoDraw = True
43.0805 	EXP 	New trial (rep=0, index=4): {'FrecEspacial': 6.21497055868499, 'Orientation': 30, 'Categoria': 'A', 'CorrectAns': 'left'}
43.0970 	EXP 	FeedbackPrueb: autoDraw = False
43.0970 	EXP 	FeedbackPrueb: autoDraw = False
43.0970 	EXP 	GratingPrueba: ori = 30.0
43.0970 	EXP 	GratingPrueba: sf = array([6.21497056, 6.21497056])
43.1134 	DATA 	Keypress: escape
43.1843 	EXP 	GratingPrueba: autoDraw = True
43.7111 	EXP 	window1: mouseVisible = True
