0.5629 	WARNING 	We strongly recommend you activate the PTB sound engine in PsychoPy prefs as the preferred audio engine. Its timing is vastly superior. Your prefs are currently set to use ['sounddevice', 'PTB', 'pyo', 'pygame'] (in that order).
12.2042 	EXP 	Created window1 = Window(allowGUI=False, allowStencil=False, autoLog=True, backendConf=UNKNOWN, bitsMode=UNKNOWN, blendMode='avg', bpc=(8, 8, 8), color=array([0, 0, 0]), colorSpace='rgb', depthBits=8, fullscr=<method-wrapper '__getattribute__' of attributeSetter object at 0x000001BCCA0B8208>, gamma=None, gammaErrorPolicy='raise', lms=UNKNOWN, monitor=<psychopy.monitors.calibTools.Monitor object at 0x000001BCCA11A898>, multiSample=False, name='window1', numSamples=2, pos=[0.0, 0.0], screen=0, size=array([1366,  768]), stencilBits=0, stereo=False, units='deg', useFBO=True, useRetina=False, viewOri=0.0, viewPos=None, viewScale=None, waitBlanking=True, winType='pyglet')
12.2049 	EXP 	window1: mouseVisible = True
12.2051 	EXP 	window1: recordFrameIntervals = False
12.3688 	EXP 	window1: recordFrameIntervals = True
12.5524 	EXP 	window1: recordFrameIntervals = False
12.8959 	EXP 	Created InstruccionesGabor = TextStim(__class__=<class 'psychopy.visual.text.TextStim'>, alignHoriz=method-wrapper(...), alignText='center', alignVert=method-wrapper(...), anchorHoriz='center', anchorVert='center', antialias=True, autoLog=True, bold=False, color=array([1, 1, 1]), colorSpace='rgb', contrast=1.0, depth=0.0, flipHoriz=False, flipVert=False, font='Arial', fontFiles=[], height=0.1, italic=False, languageStyle='LTR', name='InstruccionesGabor', opacity=1, ori=0, pos=array([0., 0.]), rgb=UNKNOWN, text=str(...), units='height', win=Window(...), wrapWidth=1)
12.9557 	EXP 	Created Instrucciones = TextStim(__class__=<class 'psychopy.visual.text.TextStim'>, alignHoriz=method-wrapper(...), alignText='center', alignVert=method-wrapper(...), anchorHoriz='center', anchorVert='center', antialias=True, autoLog=True, bold=False, color=array([1, 1, 1]), colorSpace='rgb', contrast=1.0, depth=-1.0, flipHoriz=False, flipVert=False, font='Open Sans', fontFiles=[], height=0.1, italic=False, languageStyle='LTR', name='Instrucciones', opacity=1, ori=0.0, pos=array([0., 0.]), rgb=UNKNOWN, text=str(...), units='deg', win=Window(...), wrapWidth=15.0)
12.9741 	EXP 	Created text = TextStim(__class__=<class 'psychopy.visual.text.TextStim'>, alignHoriz=method-wrapper(...), alignText='center', alignVert=method-wrapper(...), anchorHoriz='center', anchorVert='center', antialias=True, autoLog=True, bold=False, color=array([1, 1, 1]), colorSpace='rgb', contrast=1.0, depth=-2.0, flipHoriz=False, flipVert=False, font='Open Sans', fontFiles=[], height=0.1, italic=False, languageStyle='LTR', name='text', opacity=1, ori=0.0, pos=array([0., 0.]), rgb=UNKNOWN, text=str(...), units='deg', win=Window(...), wrapWidth=15.0)
12.9792 	EXP 	Created grating = GratingStim(__class__=<class 'psychopy.visual.grating.GratingStim'>, autoDraw=False, autoLog=True, blendmode='avg', color=array([1, 1, 1]), colorSpace='rgb', contrast=1.0, depth=0.0, interpolate=True, mask='circle', maskParams=None, name='grating', opacity=1, ori=1.0, phase=array([0., 0.]), pos=array([0., 0.]), rgbPedestal=array([0., 0., 0.]), sf=array([1., 1.]), size=array([200., 200.]), tex='sin', texRes=128, units='pix', win=Window(...))
12.9940 	EXP 	Created feedback_2 = TextStim(__class__=<class 'psychopy.visual.text.TextStim'>, alignHoriz=method-wrapper(...), alignText='center', alignVert=method-wrapper(...), anchorHoriz='center', anchorVert='center', antialias=True, autoLog=True, bold=False, color=array([1, 1, 1]), colorSpace='rgb', contrast=1.0, depth=-1.0, flipHoriz=False, flipVert=False, font='Open Sans', fontFiles=[], height=0.1, italic=False, languageStyle='LTR', name='feedback_2', opacity=1, ori=0.0, pos=array([0., 0.]), rgb=UNKNOWN, text='default text', units='height', win=Window(...), wrapWidth=1)
13.0124 	EXP 	Created Gracias = TextStim(__class__=<class 'psychopy.visual.text.TextStim'>, alignHoriz=method-wrapper(...), alignText='center', alignVert=method-wrapper(...), anchorHoriz='center', anchorVert='center', antialias=True, autoLog=True, bold=False, color=array([1, 1, 1]), colorSpace='rgb', contrast=1.0, depth=0.0, flipHoriz=False, flipVert=False, font='Open Sans', fontFiles=[], height=0.1, italic=False, languageStyle='LTR', name='Gracias', opacity=1, ori=0.0, pos=array([0., 0.]), rgb=UNKNOWN, text='¡Muchas gracias por participar!', units='height', win=Window(...), wrapWidth=1)
13.5237 	EXP 	InstruccionesGabor: autoDraw = True
15.5308 	EXP 	InstruccionesGabor: autoDraw = False
16.0121 	EXP 	Instrucciones: autoDraw = True
18.0273 	EXP 	Instrucciones: autoDraw = False
18.5128 	DATA 	Mouse: Left button down, pos=(687,389)
18.6435 	DATA 	Mouse:  Left button up, pos=(687,389)
19.0099 	EXP 	text: autoDraw = True
21.0734 	EXP 	Imported Gaborparametros.xlsx as conditions, 29 conditions, 5 params
21.0739 	EXP 	Created sequence: sequential, trialTypes=29, nReps=1, seed=None
21.0743 	EXP 	New trial (rep=0, index=0): {'FrecEspacial': 0.02, 'Orientation': 0.0, 'Fase': 0.0, 'Respuesta': 'Correcta', 'CorrectAns': 'right'}
21.0787 	EXP 	text: autoDraw = False
21.0787 	EXP 	InstruccionesGabor: autoDraw = False
21.0787 	EXP 	Instrucciones: autoDraw = False
21.0787 	EXP 	text: autoDraw = False
21.0787 	EXP 	grating: ori = 0.0
21.0787 	EXP 	grating: sf = array([0.02, 0.02])
21.2217 	EXP 	grating: autoDraw = True
21.2217 	EXP 	grating: tex = 'sin'
22.8809 	DATA 	Keypress: right
22.8834 	EXP 	grating: autoDraw = False
22.8834 	EXP 	feedback_2: text = 'Oops! That was wrong'
22.8834 	EXP 	feedback_2: autoDraw = True
23.8733 	EXP 	New trial (rep=0, index=1): {'FrecEspacial': 0.01, 'Orientation': 45.0, 'Fase': 0.0, 'Respuesta': 'Correcta', 'CorrectAns': 'right'}
23.8853 	EXP 	feedback_2: autoDraw = False
23.8853 	EXP 	feedback_2: autoDraw = False
23.8853 	EXP 	grating: ori = 45.0
23.8853 	EXP 	grating: sf = array([0.01, 0.01])
23.9683 	EXP 	grating: autoDraw = True
24.3517 	DATA 	Keypress: left
24.3546 	EXP 	grating: autoDraw = False
24.3546 	EXP 	feedback_2: text = 'Oops! That was wrong'
24.3546 	EXP 	feedback_2: autoDraw = True
25.3538 	EXP 	New trial (rep=0, index=2): {'FrecEspacial': 0.025, 'Orientation': 90.0, 'Fase': 0.0, 'Respuesta': 'Incorrecta', 'CorrectAns': 'left'}
25.3661 	EXP 	feedback_2: autoDraw = False
25.3661 	EXP 	feedback_2: autoDraw = False
25.3661 	EXP 	grating: ori = 90.0
25.3661 	EXP 	grating: sf = array([0.025, 0.025])
25.4492 	EXP 	grating: autoDraw = True
25.7064 	DATA 	Keypress: escape
25.9349 	EXP 	window1: mouseVisible = True
