1.4684 	WARNING 	We strongly recommend you activate the PTB sound engine in PsychoPy prefs as the preferred audio engine. Its timing is vastly superior. Your prefs are currently set to use ['sounddevice', 'PTB', 'pyo', 'pygame'] (in that order).
8.6515 	EXP 	Created window1 = Window(allowGUI=True, allowStencil=False, autoLog=True, backendConf=UNKNOWN, bitsMode=UNKNOWN, blendMode='avg', bpc=(8, 8, 8), color=array([0, 0, 0]), colorSpace='rgb', depthBits=8, fullscr=<method-wrapper '__getattribute__' of attributeSetter object at 0x000001927FB39400>, gamma=None, gammaErrorPolicy='raise', lms=UNKNOWN, monitor=<psychopy.monitors.calibTools.Monitor object at 0x000001925B57FD30>, multiSample=False, name='window1', numSamples=2, pos=(0, 0), screen=0, size=array([1920, 1080]), stencilBits=0, stereo=False, units='pix', useFBO=True, useRetina=False, viewOri=0.0, viewPos=None, viewScale=None, waitBlanking=True, winType='pyglet')
8.6516 	EXP 	window1: mouseVisible = True
8.6516 	EXP 	window1: Attempting to measure frame rate of screen (0) ...
8.6517 	EXP 	window1: recordFrameIntervals = False
8.8179 	EXP 	window1: recordFrameIntervals = True
9.0007 	EXP 	Screen (0) actual frame rate measured at 59.96Hz
9.0008 	EXP 	window1: recordFrameIntervals = False
9.0956 	WARNING 	launchHubServer: If using the iohub mouse or eyetracker devices, fullScr should be True.
10.9625 	EXP 	Created Instrucciones2 = TextStim(__class__=<class 'psychopy.visual.text.TextStim'>, alignHoriz=method-wrapper(...), alignText='center', alignVert=method-wrapper(...), anchorHoriz='center', anchorVert='center', antialias=True, autoLog=True, bold=False, color=array([-1., -1., -1.]), colorSpace='rgb', contrast=1.0, depth=0.0, flipHoriz=False, flipVert=False, font='Open Sans', fontFiles=[], height=0.05, italic=False, languageStyle='LTR', name='Instrucciones2', opacity=1.0, ori=0.0, pos=array([0., 0.]), rgb=UNKNOWN, text=str(...), units='height', win=Window(...), wrapWidth=1)
10.9789 	EXP 	Created Instrucciones = TextStim(__class__=<class 'psychopy.visual.text.TextStim'>, alignHoriz=method-wrapper(...), alignText='center', alignVert=method-wrapper(...), anchorHoriz='center', anchorVert='center', antialias=True, autoLog=True, bold=False, color=array([-1., -1., -1.]), colorSpace='rgb', contrast=1.0, depth=-1.0, flipHoriz=False, flipVert=False, font='Arial', fontFiles=[], height=0.05, italic=False, languageStyle='LTR', name='Instrucciones', opacity=1.0, ori=0.0, pos=array([0., 0.]), rgb=UNKNOWN, text=str(...), units='height', win=Window(...), wrapWidth=1)
10.9894 	EXP 	Created instrucciones3 = TextStim(__class__=<class 'psychopy.visual.text.TextStim'>, alignHoriz=method-wrapper(...), alignText='center', alignVert=method-wrapper(...), anchorHoriz='center', anchorVert='center', antialias=True, autoLog=True, bold=False, color=array([-1., -1., -1.]), colorSpace='rgb', contrast=1.0, depth=-2.0, flipHoriz=False, flipVert=False, font='Arial', fontFiles=[], height=0.05, italic=False, languageStyle='LTR', name='instrucciones3', opacity=1.0, ori=0.0, pos=array([0., 0.]), rgb=UNKNOWN, text=str(...), units='height', win=Window(...), wrapWidth=1)
10.9929 	EXP 	Created Intrucciones1 = TextStim(__class__=<class 'psychopy.visual.text.TextStim'>, alignHoriz=method-wrapper(...), alignText='center', alignVert=method-wrapper(...), anchorHoriz='center', anchorVert='center', antialias=True, autoLog=True, bold=False, color=array([-1., -1., -1.]), colorSpace='rgb', contrast=1.0, depth=-3.0, flipHoriz=False, flipVert=False, font='Open Sans', fontFiles=[], height=0.05, italic=False, languageStyle='LTR', name='Intrucciones1', opacity=1.0, ori=0.0, pos=array([0., 0.]), rgb=UNKNOWN, text='Bienvenidos/as', units='height', win=Window(...), wrapWidth=1)
11.0004 	EXP 	Created text_2 = TextStim(__class__=<class 'psychopy.visual.text.TextStim'>, alignHoriz=method-wrapper(...), alignText='center', alignVert=method-wrapper(...), anchorHoriz='center', anchorVert='center', antialias=True, autoLog=True, bold=False, color=array([1., 1., 1.]), colorSpace='rgb', contrast=1.0, depth=-4.0, flipHoriz=False, flipVert=False, font='Open Sans', fontFiles=[], height=0.05, italic=False, languageStyle='LTR', name='text_2', opacity=1.0, ori=0.0, pos=array([0., 0.]), rgb=UNKNOWN, text='Vamos a hacer uno de prueba!', units='pix', win=Window(...), wrapWidth=500)
11.0050 	EXP 	Created GratingPrueba = GratingStim(__class__=<class 'psychopy.visual.grating.GratingStim'>, anchor='center', autoDraw=False, autoLog=True, blendmode='avg', color=array([1., 1., 1.]), colorSpace='rgb', contrast=1.0, depth=-1.0, interpolate=True, mask='circle', maskParams=None, name='GratingPrueba', opacity=1.0, ori=1.0, phase=array([0., 0.]), pos=array([0., 0.]), rgbPedestal=array([0., 0., 0.]), sf=array([1., 1.]), size=array([200., 200.]), tex='sin', texRes=128, units='deg', win=Window(...))
11.0064 	EXP 	Created FeedbackPrueb = TextStim(__class__=<class 'psychopy.visual.text.TextStim'>, alignHoriz=method-wrapper(...), alignText='center', alignVert=method-wrapper(...), anchorHoriz='center', anchorVert='center', antialias=True, autoLog=True, bold=False, color=array([1., 1., 1.]), colorSpace='rgb', contrast=1.0, depth=0.0, flipHoriz=False, flipVert=False, font='Open Sans', fontFiles=[], height=0.1, italic=False, languageStyle='LTR', name='FeedbackPrueb', opacity=1.0, ori=0.0, pos=array([0., 0.]), rgb=UNKNOWN, text='', units='height', win=Window(...), wrapWidth=1)
11.0206 	EXP 	Created ComienzoTexto = TextStim(__class__=<class 'psychopy.visual.text.TextStim'>, alignHoriz=method-wrapper(...), alignText='center', alignVert=method-wrapper(...), anchorHoriz='center', anchorVert='center', antialias=True, autoLog=True, bold=False, color=array([-1., -1., -1.]), colorSpace='rgb', contrast=1.0, depth=0.0, flipHoriz=False, flipVert=False, font='Open Sans', fontFiles=[], height=0.05, italic=False, languageStyle='LTR', name='ComienzoTexto', opacity=1.0, ori=0.0, pos=array([0., 0.]), rgb=UNKNOWN, text=str(...), units='height', win=Window(...), wrapWidth=1)
11.0241 	EXP 	Created grating = GratingStim(__class__=<class 'psychopy.visual.grating.GratingStim'>, anchor='center', autoDraw=False, autoLog=True, blendmode='avg', color=array([1., 1., 1.]), colorSpace='rgb', contrast=1.0, depth=0.0, interpolate=True, mask='circle', maskParams=None, name='grating', opacity=1.0, ori=1.0, phase=array([0., 0.]), pos=array([0., 0.]), rgbPedestal=array([0., 0., 0.]), sf=array([1., 1.]), size=array([200., 200.]), tex='sin', texRes=128, units='deg', win=Window(...))
11.0251 	EXP 	Created feedback_2 = TextStim(__class__=<class 'psychopy.visual.text.TextStim'>, alignHoriz=method-wrapper(...), alignText='center', alignVert=method-wrapper(...), anchorHoriz='center', anchorVert='center', antialias=True, autoLog=True, bold=False, color=array([1., 1., 1.]), colorSpace='rgb', contrast=1.0, depth=-1.0, flipHoriz=False, flipVert=False, font='Open Sans', fontFiles=[], height=0.1, italic=False, languageStyle='LTR', name='feedback_2', opacity=1.0, ori=0.0, pos=array([0., 0.]), rgb=UNKNOWN, text='', units='height', win=Window(...), wrapWidth=1)
11.0384 	EXP 	Created Gracias = TextStim(__class__=<class 'psychopy.visual.text.TextStim'>, alignHoriz=method-wrapper(...), alignText='center', alignVert=method-wrapper(...), anchorHoriz='center', anchorVert='center', antialias=True, autoLog=True, bold=False, color=array([1., 1., 1.]), colorSpace='rgb', contrast=1.0, depth=0.0, flipHoriz=False, flipVert=False, font='Open Sans', fontFiles=[], height=0.1, italic=False, languageStyle='LTR', name='Gracias', opacity=1.0, ori=0.0, pos=array([0., 0.]), rgb=UNKNOWN, text='¡Muchas gracias por participar!', units='height', win=Window(...), wrapWidth=1)
11.0404 	EXP 	Created image = ImageStim(__class__=<class 'psychopy.visual.image.ImageStim'>, anchor=('center', 'center'), autoLog=True, color=array([1., 1., 1.]), colorSpace='rgb', contrast=1.0, depth=-1.0, flipHoriz=False, flipVert=False, image=None, interpolate=True, mask=None, maskParams=None, name='image', opacity=1.0, ori=0.0, pos=array([0., 0.]), size=array([0.5, 0.5]), texRes=128.0, units='pix', win=Window(...))
12.0354 	EXP 	Intrucciones1: autoDraw = True
16.0362 	EXP 	Instrucciones2: autoDraw = True
16.0362 	EXP 	Intrucciones1: autoDraw = False
20.0376 	EXP 	Instrucciones2: autoDraw = False
20.5381 	EXP 	Instrucciones: autoDraw = True
24.5389 	EXP 	Instrucciones: autoDraw = False
25.0397 	EXP 	instrucciones3: autoDraw = True
29.0404 	EXP 	instrucciones3: autoDraw = False
29.5399 	EXP 	text_2: autoDraw = True
33.5365 	EXP 	Imported ParametrosAyBTest1.xlsx as conditions, 20 conditions, 4 params
33.5371 	EXP 	Created sequence: sequential, trialTypes=20, nReps=1, seed=None
33.5373 	EXP 	New trial (rep=0, index=0): {'FrecEspacial': 5.67570285788662, 'Orientation': 117, 'Categoria': 'A', 'CorrectAns': 'left'}
33.5559 	EXP 	text_2: autoDraw = False
33.5559 	EXP 	Instrucciones2: autoDraw = False
33.5559 	EXP 	Instrucciones: autoDraw = False
33.5559 	EXP 	instrucciones3: autoDraw = False
33.5559 	EXP 	Intrucciones1: autoDraw = False
33.5559 	EXP 	text_2: autoDraw = False
33.5559 	EXP 	GratingPrueba: ori = 117.0
33.5559 	EXP 	GratingPrueba: sf = array([5.67570286, 5.67570286])
33.6481 	EXP 	GratingPrueba: autoDraw = True
33.6481 	EXP 	GratingPrueba: tex = 'sin'
36.6566 	EXP 	GratingPrueba: autoDraw = False
36.7595 	EXP 	GratingPrueba: autoDraw = False
36.7595 	EXP 	FeedbackPrueb: text = ''
36.7595 	EXP 	FeedbackPrueb: autoDraw = True
36.7595 	EXP 	FeedbackPrueb: height = 0.1
36.7595 	EXP 	FeedbackPrueb: height = 0.1
36.7595 	EXP 	FeedbackPrueb: text = ''
36.8451 	DATA 	Keypress: space
37.7446 	EXP 	New trial (rep=0, index=1): {'FrecEspacial': 5.97436997443584, 'Orientation': 258, 'Categoria': 'A', 'CorrectAns': 'left'}
37.7598 	EXP 	FeedbackPrueb: autoDraw = False
37.7598 	EXP 	GratingPrueba: ori = 258.0
37.7598 	EXP 	GratingPrueba: sf = array([5.97436997, 5.97436997])
37.8487 	EXP 	GratingPrueba: autoDraw = True
38.2925 	DATA 	Keypress: left
38.3077 	EXP 	GratingPrueba: autoDraw = False
38.3077 	EXP 	FeedbackPrueb: height = 0.1
38.3077 	EXP 	FeedbackPrueb: height = 0.1
38.3077 	EXP 	FeedbackPrueb: text = 'Oops! That was wrong'
38.3077 	EXP 	FeedbackPrueb: autoDraw = True
38.9787 	DATA 	Keypress: right
39.2956 	EXP 	New trial (rep=0, index=2): {'FrecEspacial': 5.68239108616436, 'Orientation': 262, 'Categoria': 'A', 'CorrectAns': 'left'}
39.3105 	EXP 	FeedbackPrueb: autoDraw = False
39.3105 	EXP 	FeedbackPrueb: autoDraw = False
39.3105 	EXP 	GratingPrueba: ori = 262.0
39.3105 	EXP 	GratingPrueba: sf = array([5.68239109, 5.68239109])
39.3991 	EXP 	GratingPrueba: autoDraw = True
39.9817 	DATA 	Keypress: escape
40.5442 	EXP 	window1: mouseVisible = True
