0.6885 	WARNING 	We strongly recommend you activate the PTB sound engine in PsychoPy prefs as the preferred audio engine. Its timing is vastly superior. Your prefs are currently set to use ['sounddevice', 'PTB', 'pyo', 'pygame'] (in that order).
8.2050 	EXP 	Created window1 = Window(allowGUI=False, allowStencil=False, autoLog=True, backendConf=UNKNOWN, bitsMode=UNKNOWN, blendMode='avg', bpc=(8, 8, 8), color=array([0, 0, 0]), colorSpace='rgb', depthBits=8, fullscr=<method-wrapper '__getattribute__' of attributeSetter object at 0x0000019EF9BF8940>, gamma=None, gammaErrorPolicy='raise', lms=UNKNOWN, monitor=<psychopy.monitors.calibTools.Monitor object at 0x0000019EF9C61048>, multiSample=False, name='window1', numSamples=2, pos=[0.0, 0.0], screen=0, size=array([1366,  768]), stencilBits=0, stereo=False, units='height', useFBO=True, useRetina=False, viewOri=0.0, viewPos=None, viewScale=None, waitBlanking=True, winType='pyglet')
8.2055 	EXP 	window1: mouseVisible = True
8.2055 	EXP 	window1: recordFrameIntervals = False
8.3721 	EXP 	window1: recordFrameIntervals = True
8.5891 	EXP 	window1: recordFrameIntervals = False
8.8677 	EXP 	Created InstruccionesGabor = TextStim(__class__=<class 'psychopy.visual.text.TextStim'>, alignHoriz=method-wrapper(...), alignText='center', alignVert=method-wrapper(...), anchorHoriz='center', anchorVert='center', antialias=True, autoLog=True, bold=False, color=array([1, 1, 1]), colorSpace='rgb', contrast=1.0, depth=0.0, flipHoriz=False, flipVert=False, font='Arial', fontFiles=[], height=0.1, italic=False, languageStyle='LTR', name='InstruccionesGabor', opacity=1, ori=0, pos=array([0., 0.]), rgb=UNKNOWN, text='Bienvenidos\nDescripcion de la tarea', units='height', win=Window(...), wrapWidth=1)
8.8721 	EXP 	Created grating = GratingStim(__class__=<class 'psychopy.visual.grating.GratingStim'>, autoDraw=False, autoLog=True, blendmode='avg', color=array([1, 1, 1]), colorSpace='rgb', contrast=1.0, depth=0.0, interpolate=True, mask='circle', maskParams=None, name='grating', opacity=1, ori=1.0, phase=array([0., 0.]), pos=array([0., 0.]), rgbPedestal=array([0., 0., 0.]), sf=array([1., 1.]), size=array([200., 200.]), tex='sin', texRes=128, units='pix', win=Window(...))
8.8873 	EXP 	Created feedback_2 = TextStim(__class__=<class 'psychopy.visual.text.TextStim'>, alignHoriz=method-wrapper(...), alignText='center', alignVert=method-wrapper(...), anchorHoriz='center', anchorVert='center', antialias=True, autoLog=True, bold=False, color=array([1, 1, 1]), colorSpace='rgb', contrast=1.0, depth=-1.0, flipHoriz=False, flipVert=False, font='Open Sans', fontFiles=[], height=0.1, italic=False, languageStyle='LTR', name='feedback_2', opacity=1, ori=0.0, pos=array([0., 0.]), rgb=UNKNOWN, text='default text', units='height', win=Window(...), wrapWidth=1)
8.9041 	EXP 	Created Gracias = TextStim(__class__=<class 'psychopy.visual.text.TextStim'>, alignHoriz=method-wrapper(...), alignText='center', alignVert=method-wrapper(...), anchorHoriz='center', anchorVert='center', antialias=True, autoLog=True, bold=False, color=array([1, 1, 1]), colorSpace='rgb', contrast=1.0, depth=0.0, flipHoriz=False, flipVert=False, font='Open Sans', fontFiles=[], height=0.1, italic=False, languageStyle='LTR', name='Gracias', opacity=1, ori=0.0, pos=array([0., 0.]), rgb=UNKNOWN, text='¡Muchas gracias por participar!', units='height', win=Window(...), wrapWidth=1)
9.4232 	EXP 	InstruccionesGabor: autoDraw = True
10.8225 	EXP 	Imported Gaborparametros.xlsx as conditions, 29 conditions, 5 params
10.8229 	EXP 	Created sequence: sequential, trialTypes=29, nReps=1, seed=None
10.8233 	EXP 	New trial (rep=0, index=0): {'FrecEspacial': 0.02, 'Orientation': 0.0, 'Fase': 0.0, 'Respuesta': 'Correcta', 'CorrectAns': 'right'}
10.8258 	DATA 	Keypress: space
10.8281 	EXP 	InstruccionesGabor: autoDraw = False
10.8281 	EXP 	grating: ori = 0.0
10.8281 	EXP 	grating: sf = array([0.02, 0.02])
10.9679 	EXP 	grating: autoDraw = True
10.9679 	EXP 	grating: tex = 'sin'
11.8551 	DATA 	Keypress: right
11.9090 	EXP 	grating: autoDraw = False
11.9090 	EXP 	feedback_2: text = 'Oops! That was wrong'
11.9090 	EXP 	feedback_2: autoDraw = True
12.9002 	EXP 	New trial (rep=0, index=1): {'FrecEspacial': 0.01, 'Orientation': 45.0, 'Fase': 0.0, 'Respuesta': 'Correcta', 'CorrectAns': 'right'}
12.9133 	EXP 	feedback_2: autoDraw = False
12.9133 	EXP 	feedback_2: autoDraw = False
12.9133 	EXP 	grating: ori = 45.0
12.9133 	EXP 	grating: sf = array([0.01, 0.01])
12.9975 	EXP 	grating: autoDraw = True
13.7254 	DATA 	Keypress: right
13.7300 	EXP 	grating: autoDraw = False
13.7300 	EXP 	feedback_2: text = 'Oops! That was wrong'
13.7300 	EXP 	feedback_2: autoDraw = True
14.7195 	EXP 	New trial (rep=0, index=2): {'FrecEspacial': 0.025, 'Orientation': 90.0, 'Fase': 0.0, 'Respuesta': 'Incorrecta', 'CorrectAns': 'left'}
14.7274 	EXP 	feedback_2: autoDraw = False
14.7274 	EXP 	feedback_2: autoDraw = False
14.7274 	EXP 	grating: ori = 90.0
14.7274 	EXP 	grating: sf = array([0.025, 0.025])
14.8117 	EXP 	grating: autoDraw = True
15.2819 	DATA 	Keypress: right
15.2851 	EXP 	grating: autoDraw = False
15.2851 	EXP 	feedback_2: text = 'Oops! That was wrong'
15.2851 	EXP 	feedback_2: autoDraw = True
16.2810 	EXP 	New trial (rep=0, index=3): {'FrecEspacial': 0.045, 'Orientation': 135.0, 'Fase': 0.0, 'Respuesta': 'Incorrecta', 'CorrectAns': 'left'}
16.2922 	EXP 	feedback_2: autoDraw = False
16.2922 	EXP 	feedback_2: autoDraw = False
16.2922 	EXP 	grating: ori = 135.0
16.2922 	EXP 	grating: sf = array([0.045, 0.045])
16.3753 	EXP 	grating: autoDraw = True
16.6366 	DATA 	Keypress: right
16.6417 	EXP 	grating: autoDraw = False
16.6417 	EXP 	feedback_2: text = 'Oops! That was wrong'
16.6417 	EXP 	feedback_2: autoDraw = True
17.6426 	EXP 	New trial (rep=0, index=4): {'FrecEspacial': 0.09, 'Orientation': 0.0, 'Fase': 0.0, 'Respuesta': 'Correcta', 'CorrectAns': 'right'}
17.6563 	EXP 	feedback_2: autoDraw = False
17.6563 	EXP 	feedback_2: autoDraw = False
17.6563 	EXP 	grating: ori = 0.0
17.6563 	EXP 	grating: sf = array([0.09, 0.09])
17.6761 	DATA 	Keypress: right
17.7422 	EXP 	grating: autoDraw = True
18.1051 	DATA 	Keypress: right
18.1079 	EXP 	grating: autoDraw = False
18.1079 	EXP 	feedback_2: text = 'Oops! That was wrong'
18.1079 	EXP 	feedback_2: autoDraw = True
18.2964 	DATA 	Keypress: right
18.6922 	DATA 	Keypress: right
18.9440 	DATA 	Keypress: right
19.1078 	EXP 	New trial (rep=0, index=5): {'FrecEspacial': 0.1, 'Orientation': 25.0, 'Fase': 0.0, 'Respuesta': 'Correcta', 'CorrectAns': 'right'}
19.1213 	EXP 	feedback_2: autoDraw = False
19.1213 	EXP 	feedback_2: autoDraw = False
19.1213 	EXP 	grating: ori = 25.0
19.1213 	EXP 	grating: sf = array([0.1, 0.1])
19.1406 	DATA 	Keypress: right
19.2033 	EXP 	grating: autoDraw = True
19.3637 	DATA 	Keypress: right
19.3902 	EXP 	grating: autoDraw = False
19.3902 	EXP 	feedback_2: text = 'Oops! That was wrong'
19.3902 	EXP 	feedback_2: autoDraw = True
19.5911 	DATA 	Keypress: right
19.8091 	DATA 	Keypress: right
19.9919 	DATA 	Keypress: right
20.1758 	DATA 	Keypress: right
20.3429 	DATA 	Keypress: right
20.3892 	EXP 	New trial (rep=0, index=6): {'FrecEspacial': 0.03, 'Orientation': 15.0, 'Fase': 0.0, 'Respuesta': 'Correcta', 'CorrectAns': 'right'}
20.4029 	EXP 	feedback_2: autoDraw = False
20.4029 	EXP 	feedback_2: autoDraw = False
20.4029 	EXP 	grating: ori = 15.0
20.4029 	EXP 	grating: sf = array([0.03, 0.03])
20.4844 	EXP 	grating: autoDraw = True
20.5398 	DATA 	Keypress: right
21.4237 	DATA 	Keypress: escape
21.6828 	EXP 	window1: mouseVisible = True
