0.5930 	WARNING 	We strongly recommend you activate the PTB sound engine in PsychoPy prefs as the preferred audio engine. Its timing is vastly superior. Your prefs are currently set to use ['sounddevice', 'PTB', 'pyo', 'pygame'] (in that order).
7.4674 	EXP 	Created window1 = Window(allowGUI=False, allowStencil=False, autoLog=True, backendConf=UNKNOWN, bitsMode=UNKNOWN, blendMode='avg', bpc=(8, 8, 8), color=array([0, 0, 0]), colorSpace='rgb', depthBits=8, fullscr=<method-wrapper '__getattribute__' of attributeSetter object at 0x0000022565C34C88>, gamma=None, gammaErrorPolicy='raise', lms=UNKNOWN, monitor=<psychopy.monitors.calibTools.Monitor object at 0x0000022565C86320>, multiSample=False, name='window1', numSamples=2, pos=[0.0, 0.0], screen=0, size=array([1366,  768]), stencilBits=0, stereo=False, units='height', useFBO=True, useRetina=False, viewOri=0.0, viewPos=None, viewScale=None, waitBlanking=True, winType='pyglet')
7.4680 	EXP 	window1: mouseVisible = True
7.4681 	EXP 	window1: recordFrameIntervals = False
7.6336 	EXP 	window1: recordFrameIntervals = True
7.8169 	EXP 	window1: recordFrameIntervals = False
8.1042 	EXP 	Created InstruccionesGabor = TextStim(__class__=<class 'psychopy.visual.text.TextStim'>, alignHoriz=method-wrapper(...), alignText='center', alignVert=method-wrapper(...), anchorHoriz='center', anchorVert='center', antialias=True, autoLog=True, bold=False, color=array([1, 1, 1]), colorSpace='rgb', contrast=1.0, depth=0.0, flipHoriz=False, flipVert=False, font='Arial', fontFiles=[], height=0.1, italic=False, languageStyle='LTR', name='InstruccionesGabor', opacity=1, ori=0, pos=array([0., 0.]), rgb=UNKNOWN, text='Bienvenidos\nDescripcion de la tarea', units='height', win=Window(...), wrapWidth=1)
8.1085 	EXP 	Created grating = GratingStim(__class__=<class 'psychopy.visual.grating.GratingStim'>, autoDraw=False, autoLog=True, blendmode='avg', color=array([1, 1, 1]), colorSpace='rgb', contrast=1.0, depth=0.0, interpolate=True, mask='circle', maskParams=None, name='grating', opacity=1, ori=1.0, phase=array([0., 0.]), pos=array([0., 0.]), rgbPedestal=array([0., 0., 0.]), sf=array([1., 1.]), size=array([200., 200.]), tex='sin', texRes=128, units='pix', win=Window(...))
8.1265 	EXP 	Created feedback_2 = TextStim(__class__=<class 'psychopy.visual.text.TextStim'>, alignHoriz=method-wrapper(...), alignText='center', alignVert=method-wrapper(...), anchorHoriz='center', anchorVert='center', antialias=True, autoLog=True, bold=False, color=array([1, 1, 1]), colorSpace='rgb', contrast=1.0, depth=-1.0, flipHoriz=False, flipVert=False, font='Open Sans', fontFiles=[], height=0.1, italic=False, languageStyle='LTR', name='feedback_2', opacity=1, ori=0.0, pos=array([0., 0.]), rgb=UNKNOWN, text='default text', units='height', win=Window(...), wrapWidth=1)
8.1424 	EXP 	Created Gracias = TextStim(__class__=<class 'psychopy.visual.text.TextStim'>, alignHoriz=method-wrapper(...), alignText='center', alignVert=method-wrapper(...), anchorHoriz='center', anchorVert='center', antialias=True, autoLog=True, bold=False, color=array([1, 1, 1]), colorSpace='rgb', contrast=1.0, depth=0.0, flipHoriz=False, flipVert=False, font='Open Sans', fontFiles=[], height=0.1, italic=False, languageStyle='LTR', name='Gracias', opacity=1, ori=0.0, pos=array([0., 0.]), rgb=UNKNOWN, text='¡Muchas gracias por participar!', units='height', win=Window(...), wrapWidth=1)
8.6667 	EXP 	InstruccionesGabor: autoDraw = True
9.1051 	EXP 	Imported Gaborparametros.xlsx as conditions, 29 conditions, 5 params
9.1056 	EXP 	Created sequence: sequential, trialTypes=29, nReps=1, seed=None
9.1060 	EXP 	New trial (rep=0, index=0): {'FrecEspacial': 0.02, 'Orientation': 0.0, 'Fase': 0.0, 'Respuesta': 'Correcta', 'CorrectAns': 'right'}
9.1084 	DATA 	Keypress: space
9.1107 	EXP 	InstruccionesGabor: autoDraw = False
9.1107 	EXP 	grating: ori = 0.0
9.1107 	EXP 	grating: sf = array([0.02, 0.02])
9.2679 	EXP 	grating: autoDraw = True
9.2679 	EXP 	grating: tex = 'sin'
10.3721 	DATA 	Keypress: right
10.3745 	EXP 	grating: autoDraw = False
10.3745 	EXP 	feedback_2: text = 'Oops! That was wrong'
10.3745 	EXP 	feedback_2: autoDraw = True
11.3630 	EXP 	New trial (rep=0, index=1): {'FrecEspacial': 0.01, 'Orientation': 45.0, 'Fase': 0.0, 'Respuesta': 'Correcta', 'CorrectAns': 'right'}
11.3764 	EXP 	feedback_2: autoDraw = False
11.3764 	EXP 	feedback_2: autoDraw = False
11.3764 	EXP 	grating: ori = 45.0
11.3764 	EXP 	grating: sf = array([0.01, 0.01])
11.4595 	EXP 	grating: autoDraw = True
12.8798 	DATA 	Keypress: right
12.8830 	EXP 	grating: autoDraw = False
12.8830 	EXP 	feedback_2: text = 'Oops! That was wrong'
12.8830 	EXP 	feedback_2: autoDraw = True
13.8759 	EXP 	New trial (rep=0, index=2): {'FrecEspacial': 0.025, 'Orientation': 90.0, 'Fase': 0.0, 'Respuesta': 'Incorrecta', 'CorrectAns': 'left'}
13.8893 	EXP 	feedback_2: autoDraw = False
13.8893 	EXP 	feedback_2: autoDraw = False
13.8893 	EXP 	grating: ori = 90.0
13.8893 	EXP 	grating: sf = array([0.025, 0.025])
13.9757 	EXP 	grating: autoDraw = True
14.7641 	DATA 	Keypress: right
14.7947 	EXP 	grating: autoDraw = False
14.7947 	EXP 	feedback_2: text = 'Oops! That was wrong'
14.7947 	EXP 	feedback_2: autoDraw = True
15.7895 	EXP 	New trial (rep=0, index=3): {'FrecEspacial': 0.045, 'Orientation': 135.0, 'Fase': 0.0, 'Respuesta': 'Incorrecta', 'CorrectAns': 'left'}
15.8030 	EXP 	feedback_2: autoDraw = False
15.8030 	EXP 	feedback_2: autoDraw = False
15.8030 	EXP 	grating: ori = 135.0
15.8030 	EXP 	grating: sf = array([0.045, 0.045])
15.8883 	EXP 	grating: autoDraw = True
16.1500 	DATA 	Keypress: left
16.1537 	EXP 	grating: autoDraw = False
16.1537 	EXP 	feedback_2: text = 'Oops! That was wrong'
16.1537 	EXP 	feedback_2: autoDraw = True
17.1539 	EXP 	New trial (rep=0, index=4): {'FrecEspacial': 0.09, 'Orientation': 0.0, 'Fase': 0.0, 'Respuesta': 'Correcta', 'CorrectAns': 'right'}
17.1674 	EXP 	feedback_2: autoDraw = False
17.1674 	EXP 	feedback_2: autoDraw = False
17.1674 	EXP 	grating: ori = 0.0
17.1674 	EXP 	grating: sf = array([0.09, 0.09])
17.2537 	EXP 	grating: autoDraw = True
17.4910 	DATA 	Keypress: right
17.5176 	EXP 	grating: autoDraw = False
17.5176 	EXP 	feedback_2: text = 'Oops! That was wrong'
17.5176 	EXP 	feedback_2: autoDraw = True
17.9710 	DATA 	Keypress: right
18.5173 	EXP 	New trial (rep=0, index=5): {'FrecEspacial': 0.1, 'Orientation': 25.0, 'Fase': 0.0, 'Respuesta': 'Correcta', 'CorrectAns': 'right'}
18.5313 	EXP 	feedback_2: autoDraw = False
18.5313 	EXP 	feedback_2: autoDraw = False
18.5313 	EXP 	grating: ori = 25.0
18.5313 	EXP 	grating: sf = array([0.1, 0.1])
18.6145 	EXP 	grating: autoDraw = True
19.5861 	DATA 	Keypress: escape
19.6697 	DATA 	KeyPress: º
19.8736 	EXP 	window1: mouseVisible = True
