0.5326 	WARNING 	We strongly recommend you activate the PTB sound engine in PsychoPy prefs as the preferred audio engine. Its timing is vastly superior. Your prefs are currently set to use ['sounddevice', 'PTB', 'pyo', 'pygame'] (in that order).
8.4106 	EXP 	Created window1 = Window(allowGUI=False, allowStencil=False, autoLog=True, backendConf=UNKNOWN, bitsMode=UNKNOWN, blendMode='avg', bpc=(8, 8, 8), color=array([0, 0, 0]), colorSpace='rgb', depthBits=8, fullscr=<method-wrapper '__getattribute__' of attributeSetter object at 0x0000024EBEFD67F0>, gamma=None, gammaErrorPolicy='raise', lms=UNKNOWN, monitor=<psychopy.monitors.calibTools.Monitor object at 0x0000024EBF03BE80>, multiSample=False, name='window1', numSamples=2, pos=[0.0, 0.0], screen=0, size=array([1366,  768]), stencilBits=0, stereo=False, units='deg', useFBO=True, useRetina=False, viewOri=0.0, viewPos=None, viewScale=None, waitBlanking=True, winType='pyglet')
8.4114 	EXP 	window1: mouseVisible = True
8.4116 	EXP 	window1: recordFrameIntervals = False
8.5754 	EXP 	window1: recordFrameIntervals = True
8.7586 	EXP 	window1: recordFrameIntervals = False
9.0560 	EXP 	Created InstruccionesGabor = TextStim(__class__=<class 'psychopy.visual.text.TextStim'>, alignHoriz=method-wrapper(...), alignText='center', alignVert=method-wrapper(...), anchorHoriz='center', anchorVert='center', antialias=True, autoLog=True, bold=False, color=array([1, 1, 1]), colorSpace='rgb', contrast=1.0, depth=0.0, flipHoriz=False, flipVert=False, font='Arial', fontFiles=[], height=0.1, italic=False, languageStyle='LTR', name='InstruccionesGabor', opacity=1, ori=0, pos=array([0., 0.]), rgb=UNKNOWN, text=str(...), units='height', win=Window(...), wrapWidth=1)
9.0608 	EXP 	Created grating = GratingStim(__class__=<class 'psychopy.visual.grating.GratingStim'>, autoDraw=False, autoLog=True, blendmode='avg', color=array([1, 1, 1]), colorSpace='rgb', contrast=1.0, depth=0.0, interpolate=True, mask='circle', maskParams=None, name='grating', opacity=1, ori=1.0, phase=array([0., 0.]), pos=array([0., 0.]), rgbPedestal=array([0., 0., 0.]), sf=array([1., 1.]), size=array([200., 200.]), tex='sin', texRes=128, units='pix', win=Window(...))
9.0761 	EXP 	Created feedback_2 = TextStim(__class__=<class 'psychopy.visual.text.TextStim'>, alignHoriz=method-wrapper(...), alignText='center', alignVert=method-wrapper(...), anchorHoriz='center', anchorVert='center', antialias=True, autoLog=True, bold=False, color=array([1, 1, 1]), colorSpace='rgb', contrast=1.0, depth=-1.0, flipHoriz=False, flipVert=False, font='Open Sans', fontFiles=[], height=0.1, italic=False, languageStyle='LTR', name='feedback_2', opacity=1, ori=0.0, pos=array([0., 0.]), rgb=UNKNOWN, text='default text', units='height', win=Window(...), wrapWidth=1)
9.0926 	EXP 	Created Gracias = TextStim(__class__=<class 'psychopy.visual.text.TextStim'>, alignHoriz=method-wrapper(...), alignText='center', alignVert=method-wrapper(...), anchorHoriz='center', anchorVert='center', antialias=True, autoLog=True, bold=False, color=array([1, 1, 1]), colorSpace='rgb', contrast=1.0, depth=0.0, flipHoriz=False, flipVert=False, font='Open Sans', fontFiles=[], height=0.1, italic=False, languageStyle='LTR', name='Gracias', opacity=1, ori=0.0, pos=array([0., 0.]), rgb=UNKNOWN, text='¡Muchas gracias por participar!', units='height', win=Window(...), wrapWidth=1)
9.6106 	EXP 	InstruccionesGabor: autoDraw = True
13.5531 	EXP 	Imported Gaborparametros.xlsx as conditions, 29 conditions, 5 params
13.5536 	EXP 	Created sequence: sequential, trialTypes=29, nReps=1, seed=None
13.5540 	EXP 	New trial (rep=0, index=0): {'FrecEspacial': 0.02, 'Orientation': 0.0, 'Fase': 0.0, 'Respuesta': 'Correcta', 'CorrectAns': 'right'}
13.5565 	DATA 	Keypress: space
13.5590 	EXP 	InstruccionesGabor: autoDraw = False
13.5590 	EXP 	grating: ori = 0.0
13.5590 	EXP 	grating: sf = array([0.02, 0.02])
13.6896 	EXP 	grating: autoDraw = True
13.6896 	EXP 	grating: tex = 'sin'
15.6822 	DATA 	Keypress: left
15.6845 	EXP 	grating: autoDraw = False
15.6845 	EXP 	feedback_2: text = 'Oops! That was wrong'
15.6845 	EXP 	feedback_2: autoDraw = True
16.6829 	EXP 	New trial (rep=0, index=1): {'FrecEspacial': 0.01, 'Orientation': 45.0, 'Fase': 0.0, 'Respuesta': 'Correcta', 'CorrectAns': 'right'}
16.6950 	EXP 	feedback_2: autoDraw = False
16.6950 	EXP 	feedback_2: autoDraw = False
16.6950 	EXP 	grating: ori = 45.0
16.6950 	EXP 	grating: sf = array([0.01, 0.01])
16.7799 	EXP 	grating: autoDraw = True
18.8723 	DATA 	Keypress: left
18.8765 	EXP 	grating: autoDraw = False
18.8765 	EXP 	feedback_2: text = 'Oops! That was wrong'
18.8765 	EXP 	feedback_2: autoDraw = True
19.8773 	EXP 	New trial (rep=0, index=2): {'FrecEspacial': 0.025, 'Orientation': 90.0, 'Fase': 0.0, 'Respuesta': 'Incorrecta', 'CorrectAns': 'left'}
19.8903 	EXP 	feedback_2: autoDraw = False
19.8903 	EXP 	feedback_2: autoDraw = False
19.8903 	EXP 	grating: ori = 90.0
19.8903 	EXP 	grating: sf = array([0.025, 0.025])
19.9746 	EXP 	grating: autoDraw = True
21.1128 	DATA 	Keypress: right
21.1205 	EXP 	grating: autoDraw = False
21.1205 	EXP 	feedback_2: text = 'Oops! That was wrong'
21.1205 	EXP 	feedback_2: autoDraw = True
22.1095 	EXP 	New trial (rep=0, index=3): {'FrecEspacial': 0.045, 'Orientation': 135.0, 'Fase': 0.0, 'Respuesta': 'Incorrecta', 'CorrectAns': 'left'}
22.1222 	EXP 	feedback_2: autoDraw = False
22.1222 	EXP 	feedback_2: autoDraw = False
22.1222 	EXP 	grating: ori = 135.0
22.1222 	EXP 	grating: sf = array([0.045, 0.045])
22.2026 	EXP 	grating: autoDraw = True
23.2434 	DATA 	Keypress: escape
23.4758 	EXP 	window1: mouseVisible = True
