1.5226 	WARNING 	We strongly recommend you activate the PTB sound engine in PsychoPy prefs as the preferred audio engine. Its timing is vastly superior. Your prefs are currently set to use ['sounddevice', 'PTB', 'pyo', 'pygame'] (in that order).
11.3696 	EXP 	Created window1 = Window(allowGUI=True, allowStencil=False, autoLog=True, backendConf=UNKNOWN, bitsMode=UNKNOWN, blendMode='avg', bpc=(8, 8, 8), color=array([0, 0, 0]), colorSpace='rgb', depthBits=8, fullscr=<method-wrapper '__getattribute__' of attributeSetter object at 0x0000018A5D65C3D0>, gamma=None, gammaErrorPolicy='raise', lms=UNKNOWN, monitor=<psychopy.monitors.calibTools.Monitor object at 0x0000018AD243DD90>, multiSample=False, name='window1', numSamples=2, pos=(-120, -15), screen=0, size=array([1920, 1080]), stencilBits=0, stereo=False, units='deg', useFBO=True, useRetina=False, viewOri=0.0, viewPos=None, viewScale=None, waitBlanking=True, winType='pyglet')
11.3697 	EXP 	window1: mouseVisible = True
11.3698 	EXP 	window1: Attempting to measure frame rate of screen (0) ...
11.3698 	EXP 	window1: recordFrameIntervals = False
11.5354 	EXP 	window1: recordFrameIntervals = True
11.8520 	EXP 	Screen (0) actual frame rate measured at 61.24Hz
11.8521 	EXP 	window1: recordFrameIntervals = False
11.9498 	WARNING 	launchHubServer: If using the iohub mouse or eyetracker devices, fullScr should be True.
13.9514 	EXP 	Created Instrucciones2 = TextStim(__class__=<class 'psychopy.visual.text.TextStim'>, alignHoriz=method-wrapper(...), alignText='center', alignVert=method-wrapper(...), anchorHoriz='center', anchorVert='center', antialias=True, autoLog=True, bold=False, color=array([-1., -1., -1.]), colorSpace='rgb', contrast=1.0, depth=0.0, flipHoriz=False, flipVert=False, font='Open Sans', fontFiles=[], height=0.05, italic=False, languageStyle='LTR', name='Instrucciones2', opacity=1.0, ori=0.0, pos=array([0., 0.]), rgb=UNKNOWN, text=str(...), units='height', win=Window(...), wrapWidth=1)
13.9666 	EXP 	Created Instrucciones = TextStim(__class__=<class 'psychopy.visual.text.TextStim'>, alignHoriz=method-wrapper(...), alignText='center', alignVert=method-wrapper(...), anchorHoriz='center', anchorVert='center', antialias=True, autoLog=True, bold=False, color=array([-1., -1., -1.]), colorSpace='rgb', contrast=1.0, depth=-1.0, flipHoriz=False, flipVert=False, font='Arial', fontFiles=[], height=0.05, italic=False, languageStyle='LTR', name='Instrucciones', opacity=1.0, ori=0.0, pos=array([0., 0.]), rgb=UNKNOWN, text=str(...), units='height', win=Window(...), wrapWidth=1)
13.9770 	EXP 	Created instrucciones3 = TextStim(__class__=<class 'psychopy.visual.text.TextStim'>, alignHoriz=method-wrapper(...), alignText='center', alignVert=method-wrapper(...), anchorHoriz='center', anchorVert='center', antialias=True, autoLog=True, bold=False, color=array([-1., -1., -1.]), colorSpace='rgb', contrast=1.0, depth=-2.0, flipHoriz=False, flipVert=False, font='Arial', fontFiles=[], height=0.05, italic=False, languageStyle='LTR', name='instrucciones3', opacity=1.0, ori=0.0, pos=array([0., 0.]), rgb=UNKNOWN, text=str(...), units='height', win=Window(...), wrapWidth=1)
13.9805 	EXP 	Created Intrucciones1 = TextStim(__class__=<class 'psychopy.visual.text.TextStim'>, alignHoriz=method-wrapper(...), alignText='center', alignVert=method-wrapper(...), anchorHoriz='center', anchorVert='center', antialias=True, autoLog=True, bold=False, color=array([-1., -1., -1.]), colorSpace='rgb', contrast=1.0, depth=-3.0, flipHoriz=False, flipVert=False, font='Open Sans', fontFiles=[], height=0.05, italic=False, languageStyle='LTR', name='Intrucciones1', opacity=1.0, ori=0.0, pos=array([0., 0.]), rgb=UNKNOWN, text='Bienvenidos/as', units='height', win=Window(...), wrapWidth=1)
13.9917 	EXP 	Created text_2 = TextStim(__class__=<class 'psychopy.visual.text.TextStim'>, alignHoriz=method-wrapper(...), alignText='center', alignVert=method-wrapper(...), anchorHoriz='center', anchorVert='center', antialias=True, autoLog=True, bold=False, color=array([1., 1., 1.]), colorSpace='rgb', contrast=1.0, depth=-4.0, flipHoriz=False, flipVert=False, font='Open Sans', fontFiles=[], height=0.05, italic=False, languageStyle='LTR', name='text_2', opacity=1.0, ori=0.0, pos=array([0., 0.]), rgb=UNKNOWN, text='Vamos a hacer uno de prueba!', units='deg', win=Window(...), wrapWidth=15.0)
13.9962 	EXP 	Created GratingPrueba = GratingStim(__class__=<class 'psychopy.visual.grating.GratingStim'>, anchor='center', autoDraw=False, autoLog=True, blendmode='avg', color=array([1., 1., 1.]), colorSpace='rgb', contrast=1.0, depth=-1.0, interpolate=True, mask='circle', maskParams=None, name='GratingPrueba', opacity=1.0, ori=1.0, phase=array([0., 0.]), pos=array([0., 0.]), rgbPedestal=array([0., 0., 0.]), sf=array([1., 1.]), size=array([200., 200.]), tex='sin', texRes=128, units='pix', win=Window(...))
13.9976 	EXP 	Created FeedbackPrueb = TextStim(__class__=<class 'psychopy.visual.text.TextStim'>, alignHoriz=method-wrapper(...), alignText='center', alignVert=method-wrapper(...), anchorHoriz='center', anchorVert='center', antialias=True, autoLog=True, bold=False, color=array([1., 1., 1.]), colorSpace='rgb', contrast=1.0, depth=0.0, flipHoriz=False, flipVert=False, font='Open Sans', fontFiles=[], height=0.1, italic=False, languageStyle='LTR', name='FeedbackPrueb', opacity=1.0, ori=0.0, pos=array([0., 0.]), rgb=UNKNOWN, text='', units='height', win=Window(...), wrapWidth=1)
14.0119 	EXP 	Created ComienzoTexto = TextStim(__class__=<class 'psychopy.visual.text.TextStim'>, alignHoriz=method-wrapper(...), alignText='center', alignVert=method-wrapper(...), anchorHoriz='center', anchorVert='center', antialias=True, autoLog=True, bold=False, color=array([-1., -1., -1.]), colorSpace='rgb', contrast=1.0, depth=0.0, flipHoriz=False, flipVert=False, font='Open Sans', fontFiles=[], height=0.05, italic=False, languageStyle='LTR', name='ComienzoTexto', opacity=1.0, ori=0.0, pos=array([0., 0.]), rgb=UNKNOWN, text=str(...), units='height', win=Window(...), wrapWidth=1)
14.0157 	EXP 	Created grating2 = GratingStim(__class__=<class 'psychopy.visual.grating.GratingStim'>, anchor='center', autoDraw=False, autoLog=True, blendmode='avg', color=array([1., 1., 1.]), colorSpace='rgb', contrast=1.0, depth=0.0, interpolate=True, mask='circle', maskParams=None, name='grating2', opacity=1.0, ori=1.0, phase=array([0., 0.]), pos=array([0., 0.]), rgbPedestal=array([0., 0., 0.]), sf=array([1., 1.]), size=array([200., 200.]), tex='sin', texRes=128, units='deg', win=Window(...))
14.0168 	EXP 	Created feedback_2 = TextStim(__class__=<class 'psychopy.visual.text.TextStim'>, alignHoriz=method-wrapper(...), alignText='center', alignVert=method-wrapper(...), anchorHoriz='center', anchorVert='center', antialias=True, autoLog=True, bold=False, color=array([1., 1., 1.]), colorSpace='rgb', contrast=1.0, depth=-1.0, flipHoriz=False, flipVert=False, font='Open Sans', fontFiles=[], height=0.1, italic=False, languageStyle='LTR', name='feedback_2', opacity=1.0, ori=0.0, pos=array([0., 0.]), rgb=UNKNOWN, text='', units='height', win=Window(...), wrapWidth=1)
14.0301 	EXP 	Created Gracias = TextStim(__class__=<class 'psychopy.visual.text.TextStim'>, alignHoriz=method-wrapper(...), alignText='center', alignVert=method-wrapper(...), anchorHoriz='center', anchorVert='center', antialias=True, autoLog=True, bold=False, color=array([1., 1., 1.]), colorSpace='rgb', contrast=1.0, depth=0.0, flipHoriz=False, flipVert=False, font='Open Sans', fontFiles=[], height=0.1, italic=False, languageStyle='LTR', name='Gracias', opacity=1.0, ori=0.0, pos=array([0., 0.]), rgb=UNKNOWN, text='¡Muchas gracias por participar!', units='height', win=Window(...), wrapWidth=1)
14.0322 	EXP 	Created image = ImageStim(__class__=<class 'psychopy.visual.image.ImageStim'>, anchor=('center', 'center'), autoLog=True, color=array([1., 1., 1.]), colorSpace='rgb', contrast=1.0, depth=-1.0, flipHoriz=False, flipVert=False, image=None, interpolate=True, mask=None, maskParams=None, name='image', opacity=1.0, ori=0.0, pos=array([0., 0.]), size=array([0.5, 0.5]), texRes=128.0, units='deg', win=Window(...))
15.0222 	EXP 	Intrucciones1: autoDraw = True
19.0282 	EXP 	Instrucciones2: autoDraw = True
19.0282 	EXP 	Intrucciones1: autoDraw = False
23.0326 	EXP 	Instrucciones2: autoDraw = False
23.5333 	EXP 	Instrucciones: autoDraw = True
27.5382 	EXP 	Instrucciones: autoDraw = False
28.0389 	EXP 	instrucciones3: autoDraw = True
32.0433 	EXP 	instrucciones3: autoDraw = False
32.5382 	EXP 	text_2: autoDraw = True
36.5441 	EXP 	Imported ParametrosAyBTest1.xlsx as conditions, 20 conditions, 5 params
36.5447 	EXP 	Created sequence: sequential, trialTypes=20, nReps=1, seed=None
36.5449 	EXP 	New trial (rep=0, index=0): {'FrecEspacial': 5.67570285788662, 'Orientation': 58, 'Categoria': 'A', 'tecla': 'left', 'FrecuenciaEspacial': 0.0283785142894331}
36.5607 	EXP 	text_2: autoDraw = False
36.5607 	EXP 	Instrucciones2: autoDraw = False
36.5607 	EXP 	Instrucciones: autoDraw = False
36.5607 	EXP 	instrucciones3: autoDraw = False
36.5607 	EXP 	Intrucciones1: autoDraw = False
36.5607 	EXP 	text_2: autoDraw = False
36.5607 	EXP 	GratingPrueba: ori = 58.0
36.5607 	EXP 	GratingPrueba: sf = array([0.02837851, 0.02837851])
36.6487 	EXP 	GratingPrueba: autoDraw = True
36.6487 	EXP 	GratingPrueba: tex = 'sin'
37.1998 	DATA 	Keypress: left
37.2441 	EXP 	GratingPrueba: autoDraw = False
37.2441 	EXP 	FeedbackPrueb: text = ''
37.2441 	EXP 	FeedbackPrueb: autoDraw = True
37.2441 	EXP 	FeedbackPrueb: height = 0.1
37.2441 	EXP 	FeedbackPrueb: height = 0.1
37.2441 	EXP 	FeedbackPrueb: text = ''
38.2335 	EXP 	New trial (rep=0, index=1): {'FrecEspacial': 5.97436997443584, 'Orientation': 274, 'Categoria': 'A', 'tecla': 'left', 'FrecuenciaEspacial': 0.0298718498721792}
38.2499 	EXP 	FeedbackPrueb: autoDraw = False
38.2499 	EXP 	FeedbackPrueb: autoDraw = False
38.2499 	EXP 	GratingPrueba: ori = 274.0
38.2499 	EXP 	GratingPrueba: sf = array([0.02987185, 0.02987185])
38.3332 	EXP 	GratingPrueba: autoDraw = True
39.3134 	DATA 	Keypress: left
39.3301 	EXP 	GratingPrueba: autoDraw = False
39.3301 	EXP 	FeedbackPrueb: height = 0.1
39.3301 	EXP 	FeedbackPrueb: height = 0.1
39.3301 	EXP 	FeedbackPrueb: text = 'Correct!'
39.3301 	EXP 	FeedbackPrueb: autoDraw = True
40.3202 	EXP 	New trial (rep=0, index=2): {'FrecEspacial': 5.68239108616436, 'Orientation': 44, 'Categoria': 'A', 'tecla': 'left', 'FrecuenciaEspacial': 0.0284119554308218}
40.3356 	EXP 	FeedbackPrueb: autoDraw = False
40.3356 	EXP 	FeedbackPrueb: autoDraw = False
40.3356 	EXP 	GratingPrueba: ori = 44.0
40.3356 	EXP 	GratingPrueba: sf = array([0.02841196, 0.02841196])
40.4194 	EXP 	GratingPrueba: autoDraw = True
40.8389 	DATA 	Keypress: left
40.8532 	EXP 	GratingPrueba: autoDraw = False
40.8532 	EXP 	FeedbackPrueb: text = 'Correct!'
40.8532 	EXP 	FeedbackPrueb: autoDraw = True
41.8386 	EXP 	New trial (rep=0, index=3): {'FrecEspacial': 5.87740232142946, 'Orientation': 312, 'Categoria': 'A', 'tecla': 'left', 'FrecuenciaEspacial': 0.0293870116071473}
41.8542 	EXP 	FeedbackPrueb: autoDraw = False
41.8542 	EXP 	FeedbackPrueb: autoDraw = False
41.8542 	EXP 	GratingPrueba: ori = 312.0
41.8542 	EXP 	GratingPrueba: sf = array([0.02938701, 0.02938701])
41.9383 	EXP 	GratingPrueba: autoDraw = True
42.3409 	DATA 	Keypress: left
42.3545 	EXP 	GratingPrueba: autoDraw = False
42.3545 	EXP 	FeedbackPrueb: text = 'Correct!'
42.3545 	EXP 	FeedbackPrueb: autoDraw = True
43.3570 	EXP 	New trial (rep=0, index=4): {'FrecEspacial': 6.21497055868499, 'Orientation': 276, 'Categoria': 'A', 'tecla': 'left', 'FrecuenciaEspacial': 0.03107485279342495}
43.3722 	EXP 	FeedbackPrueb: autoDraw = False
43.3722 	EXP 	FeedbackPrueb: autoDraw = False
43.3722 	EXP 	GratingPrueba: ori = 276.0
43.3722 	EXP 	GratingPrueba: sf = array([0.03107485, 0.03107485])
43.4572 	EXP 	GratingPrueba: autoDraw = True
43.4908 	DATA 	Keypress: left
44.2446 	DATA 	Keypress: left
44.2683 	EXP 	GratingPrueba: autoDraw = False
44.2683 	EXP 	FeedbackPrueb: text = 'Correct!'
44.2683 	EXP 	FeedbackPrueb: autoDraw = True
45.2588 	EXP 	New trial (rep=0, index=5): {'FrecEspacial': 5.9777226950445, 'Orientation': 339, 'Categoria': 'A', 'tecla': 'left', 'FrecuenciaEspacial': 0.0298886134752225}
45.2737 	EXP 	FeedbackPrueb: autoDraw = False
45.2737 	EXP 	FeedbackPrueb: autoDraw = False
45.2737 	EXP 	GratingPrueba: ori = 339.0
45.2737 	EXP 	GratingPrueba: sf = array([0.02988861, 0.02988861])
45.3581 	EXP 	GratingPrueba: autoDraw = True
45.7763 	DATA 	Keypress: left
45.8080 	EXP 	GratingPrueba: autoDraw = False
45.8080 	EXP 	FeedbackPrueb: text = 'Correct!'
45.8080 	EXP 	FeedbackPrueb: autoDraw = True
46.7943 	EXP 	New trial (rep=0, index=6): {'FrecEspacial': 6.16942304684475, 'Orientation': 45, 'Categoria': 'A', 'tecla': 'left', 'FrecuenciaEspacial': 0.030847115234223753}
46.8094 	EXP 	FeedbackPrueb: autoDraw = False
46.8094 	EXP 	FeedbackPrueb: autoDraw = False
46.8094 	EXP 	GratingPrueba: ori = 45.0
46.8094 	EXP 	GratingPrueba: sf = array([0.03084712, 0.03084712])
46.8943 	EXP 	GratingPrueba: autoDraw = True
47.1635 	DATA 	Keypress: left
47.1892 	EXP 	GratingPrueba: autoDraw = False
47.1892 	EXP 	FeedbackPrueb: text = 'Correct!'
47.1892 	EXP 	FeedbackPrueb: autoDraw = True
48.1754 	EXP 	New trial (rep=0, index=7): {'FrecEspacial': 5.83113663926556, 'Orientation': 66, 'Categoria': 'A', 'tecla': 'left', 'FrecuenciaEspacial': 0.029155683196327803}
48.1954 	EXP 	FeedbackPrueb: autoDraw = False
48.1954 	EXP 	FeedbackPrueb: autoDraw = False
48.1954 	EXP 	GratingPrueba: ori = 66.0
48.1954 	EXP 	GratingPrueba: sf = array([0.02915568, 0.02915568])
48.2616 	EXP 	GratingPrueba: autoDraw = True
48.7481 	DATA 	Keypress: left
48.7621 	EXP 	GratingPrueba: autoDraw = False
48.7621 	EXP 	FeedbackPrueb: text = 'Correct!'
48.7621 	EXP 	FeedbackPrueb: autoDraw = True
49.7469 	EXP 	New trial (rep=0, index=8): {'FrecEspacial': 6.06838533782589, 'Orientation': 333, 'Categoria': 'A', 'tecla': 'left', 'FrecuenciaEspacial': 0.03034192668912945}
49.7634 	EXP 	FeedbackPrueb: autoDraw = False
49.7634 	EXP 	FeedbackPrueb: autoDraw = False
49.7634 	EXP 	GratingPrueba: ori = 333.0
49.7634 	EXP 	GratingPrueba: sf = array([0.03034193, 0.03034193])
49.8461 	EXP 	GratingPrueba: autoDraw = True
50.0322 	DATA 	Keypress: escape
50.5397 	EXP 	window1: mouseVisible = True
