4.0548 	WARNING 	We strongly recommend you activate the PTB sound engine in PsychoPy prefs as the preferred audio engine. Its timing is vastly superior. Your prefs are currently set to use ['sounddevice', 'PTB', 'pyo', 'pygame'] (in that order).
41.7380 	EXP 	Created window1 = Window(allowGUI=False, allowStencil=False, autoLog=True, backendConf=UNKNOWN, bitsMode=UNKNOWN, blendMode='avg', bpc=(8, 8, 8), color=array([0, 0, 0]), colorSpace='rgb', depthBits=8, fullscr=<method-wrapper '__getattribute__' of attributeSetter object at 0x0000029E71DFF7B8>, gamma=None, gammaErrorPolicy='raise', lms=UNKNOWN, monitor=<psychopy.monitors.calibTools.Monitor object at 0x0000029E71E4DDD8>, multiSample=False, name='window1', numSamples=2, pos=[0.0, 0.0], screen=0, size=array([1366,  768]), stencilBits=0, stereo=False, units='deg', useFBO=True, useRetina=False, viewOri=0.0, viewPos=None, viewScale=None, waitBlanking=True, winType='pyglet')
41.7535 	EXP 	window1: mouseVisible = True
41.7536 	EXP 	window1: recordFrameIntervals = False
41.9018 	EXP 	window1: recordFrameIntervals = True
42.0850 	EXP 	window1: recordFrameIntervals = False
44.4032 	EXP 	Created InstruccionesGabor = TextStim(__class__=<class 'psychopy.visual.text.TextStim'>, alignHoriz=method-wrapper(...), alignText='center', alignVert=method-wrapper(...), anchorHoriz='center', anchorVert='center', antialias=True, autoLog=True, bold=False, color=array([1, 1, 1]), colorSpace='rgb', contrast=1.0, depth=0.0, flipHoriz=False, flipVert=False, font='Arial', fontFiles=[], height=0.1, italic=False, languageStyle='LTR', name='InstruccionesGabor', opacity=1, ori=0, pos=array([0., 0.]), rgb=UNKNOWN, text=str(...), units='height', win=Window(...), wrapWidth=1)
44.4315 	EXP 	Created Instrucciones = TextStim(__class__=<class 'psychopy.visual.text.TextStim'>, alignHoriz=method-wrapper(...), alignText='center', alignVert=method-wrapper(...), anchorHoriz='center', anchorVert='center', antialias=True, autoLog=True, bold=False, color=array([1, 1, 1]), colorSpace='rgb', contrast=1.0, depth=-1.0, flipHoriz=False, flipVert=False, font='Arial', fontFiles=[], height=0.1, italic=False, languageStyle='LTR', name='Instrucciones', opacity=1.0, ori=0.0, pos=array([0., 0.]), rgb=UNKNOWN, text=str(...), units='height', win=Window(...), wrapWidth=1)
44.4637 	EXP 	Created instrucciones3 = TextStim(__class__=<class 'psychopy.visual.text.TextStim'>, alignHoriz=method-wrapper(...), alignText='center', alignVert=method-wrapper(...), anchorHoriz='center', anchorVert='center', antialias=True, autoLog=True, bold=False, color=array([1, 1, 1]), colorSpace='rgb', contrast=1.0, depth=-2.0, flipHoriz=False, flipVert=False, font='Arial', fontFiles=[], height=0.1, italic=False, languageStyle='LTR', name='instrucciones3', opacity=1.0, ori=0.0, pos=array([0., 0.]), rgb=UNKNOWN, text=str(...), units='height', win=Window(...), wrapWidth=1)
44.4784 	EXP 	Created grating = GratingStim(__class__=<class 'psychopy.visual.grating.GratingStim'>, autoDraw=False, autoLog=True, blendmode='avg', color=array([1, 1, 1]), colorSpace='rgb', contrast=1.0, depth=0.0, interpolate=True, mask='circle', maskParams=None, name='grating', opacity=1, ori=1.0, phase=array([0., 0.]), pos=array([0., 0.]), rgbPedestal=array([0., 0., 0.]), sf=array([1., 1.]), size=array([200., 200.]), tex='sin', texRes=128, units='pix', win=Window(...))
44.4893 	EXP 	Created feedback_2 = TextStim(__class__=<class 'psychopy.visual.text.TextStim'>, alignHoriz=method-wrapper(...), alignText='center', alignVert=method-wrapper(...), anchorHoriz='center', anchorVert='center', antialias=True, autoLog=True, bold=False, color=array([1, 1, 1]), colorSpace='rgb', contrast=1.0, depth=-1.0, flipHoriz=False, flipVert=False, font='Open Sans', fontFiles=[], height=0.1, italic=False, languageStyle='LTR', name='feedback_2', opacity=1, ori=0.0, pos=array([0., 0.]), rgb=UNKNOWN, text='default text', units='height', win=Window(...), wrapWidth=1)
44.5083 	EXP 	Created Gracias = TextStim(__class__=<class 'psychopy.visual.text.TextStim'>, alignHoriz=method-wrapper(...), alignText='center', alignVert=method-wrapper(...), anchorHoriz='center', anchorVert='center', antialias=True, autoLog=True, bold=False, color=array([1, 1, 1]), colorSpace='rgb', contrast=1.0, depth=0.0, flipHoriz=False, flipVert=False, font='Open Sans', fontFiles=[], height=0.1, italic=False, languageStyle='LTR', name='Gracias', opacity=1, ori=0.0, pos=array([0., 0.]), rgb=UNKNOWN, text='¡Muchas gracias por participar!', units='height', win=Window(...), wrapWidth=1)
45.1655 	EXP 	InstruccionesGabor: autoDraw = True
48.1754 	EXP 	InstruccionesGabor: autoDraw = False
48.5110 	EXP 	Instrucciones: autoDraw = True
51.0208 	EXP 	Instrucciones: autoDraw = False
51.5049 	EXP 	instrucciones3: autoDraw = True
54.2818 	EXP 	Imported Gaborparametros.xlsx as conditions, 29 conditions, 5 params
54.2988 	EXP 	Created sequence: sequential, trialTypes=29, nReps=1, seed=None
54.2993 	EXP 	New trial (rep=0, index=0): {'FrecEspacial': 0.02, 'Orientation': 0.0, 'Fase': 0.0, 'Respuesta': 'Correcta', 'CorrectAns': 'right'}
54.3041 	EXP 	instrucciones3: autoDraw = False
54.3041 	EXP 	InstruccionesGabor: autoDraw = False
54.3041 	EXP 	Instrucciones: autoDraw = False
54.3041 	EXP 	instrucciones3: autoDraw = False
54.3041 	EXP 	grating: ori = 0.0
54.3041 	EXP 	grating: sf = array([0.02, 0.02])
54.5366 	EXP 	grating: autoDraw = True
54.5366 	EXP 	grating: tex = 'sin'
57.3013 	EXP 	grating: autoDraw = False
57.3013 	EXP 	feedback_2: text = 'Oops! That was wrong'
57.3013 	EXP 	feedback_2: autoDraw = True
58.2539 	EXP 	New trial (rep=0, index=1): {'FrecEspacial': 0.01, 'Orientation': 45.0, 'Fase': 0.0, 'Respuesta': 'Correcta', 'CorrectAns': 'right'}
58.2763 	EXP 	feedback_2: autoDraw = False
58.2763 	EXP 	grating: ori = 45.0
58.2763 	EXP 	grating: sf = array([0.01, 0.01])
58.3461 	EXP 	grating: autoDraw = True
61.3557 	EXP 	grating: autoDraw = False
61.4246 	EXP 	grating: autoDraw = False
61.4246 	EXP 	feedback_2: text = 'Oops! That was wrong'
61.4246 	EXP 	feedback_2: autoDraw = True
62.4197 	EXP 	New trial (rep=0, index=2): {'FrecEspacial': 0.025, 'Orientation': 90.0, 'Fase': 0.0, 'Respuesta': 'Incorrecta', 'CorrectAns': 'left'}
62.4359 	EXP 	feedback_2: autoDraw = False
62.4359 	EXP 	grating: ori = 90.0
62.4359 	EXP 	grating: sf = array([0.025, 0.025])
62.5194 	EXP 	grating: autoDraw = True
65.5316 	EXP 	grating: autoDraw = False
65.6225 	EXP 	grating: autoDraw = False
65.6225 	EXP 	feedback_2: text = 'Oops! That was wrong'
65.6225 	EXP 	feedback_2: autoDraw = True
66.6142 	EXP 	New trial (rep=0, index=3): {'FrecEspacial': 0.045, 'Orientation': 135.0, 'Fase': 0.0, 'Respuesta': 'Incorrecta', 'CorrectAns': 'left'}
66.6299 	EXP 	feedback_2: autoDraw = False
66.6299 	EXP 	grating: ori = 135.0
66.6299 	EXP 	grating: sf = array([0.045, 0.045])
66.7001 	EXP 	grating: autoDraw = True
68.0191 	DATA 	Keypress: right
68.0427 	EXP 	grating: autoDraw = False
68.0427 	EXP 	feedback_2: text = 'Oops! That was wrong'
68.0427 	EXP 	feedback_2: autoDraw = True
69.0283 	EXP 	New trial (rep=0, index=4): {'FrecEspacial': 0.09, 'Orientation': 0.0, 'Fase': 0.0, 'Respuesta': 'Correcta', 'CorrectAns': 'right'}
69.0425 	EXP 	feedback_2: autoDraw = False
69.0425 	EXP 	feedback_2: autoDraw = False
69.0425 	EXP 	grating: ori = 0.0
69.0425 	EXP 	grating: sf = array([0.09, 0.09])
69.1258 	EXP 	grating: autoDraw = True
69.6696 	DATA 	Keypress: left
69.6753 	EXP 	grating: autoDraw = False
69.6753 	EXP 	feedback_2: text = 'Oops! That was wrong'
69.6753 	EXP 	feedback_2: autoDraw = True
70.6770 	EXP 	New trial (rep=0, index=5): {'FrecEspacial': 0.1, 'Orientation': 25.0, 'Fase': 0.0, 'Respuesta': 'Correcta', 'CorrectAns': 'right'}
70.6905 	EXP 	feedback_2: autoDraw = False
70.6905 	EXP 	feedback_2: autoDraw = False
70.6905 	EXP 	grating: ori = 25.0
70.6905 	EXP 	grating: sf = array([0.1, 0.1])
70.7760 	EXP 	grating: autoDraw = True
71.2129 	DATA 	Keypress: left
71.2405 	EXP 	grating: autoDraw = False
71.2405 	EXP 	feedback_2: text = 'Oops! That was wrong'
71.2405 	EXP 	feedback_2: autoDraw = True
72.2405 	EXP 	New trial (rep=0, index=6): {'FrecEspacial': 0.03, 'Orientation': 15.0, 'Fase': 0.0, 'Respuesta': 'Correcta', 'CorrectAns': 'right'}
72.2544 	EXP 	feedback_2: autoDraw = False
72.2544 	EXP 	feedback_2: autoDraw = False
72.2544 	EXP 	grating: ori = 15.0
72.2544 	EXP 	grating: sf = array([0.03, 0.03])
72.3372 	EXP 	grating: autoDraw = True
72.7121 	DATA 	Keypress: left
72.7203 	EXP 	grating: autoDraw = False
72.7203 	EXP 	feedback_2: text = 'Oops! That was wrong'
72.7203 	EXP 	feedback_2: autoDraw = True
73.7205 	EXP 	New trial (rep=0, index=7): {'FrecEspacial': 0.08, 'Orientation': 0.0, 'Fase': 0.0, 'Respuesta': 'Correcta', 'CorrectAns': 'right'}
73.7351 	EXP 	feedback_2: autoDraw = False
73.7351 	EXP 	feedback_2: autoDraw = False
73.7351 	EXP 	grating: ori = 0.0
73.7351 	EXP 	grating: sf = array([0.08, 0.08])
73.8183 	EXP 	grating: autoDraw = True
74.2592 	DATA 	Keypress: left
74.2677 	EXP 	grating: autoDraw = False
74.2677 	EXP 	feedback_2: text = 'Oops! That was wrong'
74.2677 	EXP 	feedback_2: autoDraw = True
75.2695 	EXP 	New trial (rep=0, index=8): {'FrecEspacial': 0.06, 'Orientation': 100.0, 'Fase': 0.0, 'Respuesta': 'Incorrecta', 'CorrectAns': 'left'}
75.2832 	EXP 	feedback_2: autoDraw = False
75.2832 	EXP 	feedback_2: autoDraw = False
75.2832 	EXP 	grating: ori = 100.0
75.2832 	EXP 	grating: sf = array([0.06, 0.06])
75.3677 	EXP 	grating: autoDraw = True
75.7097 	DATA 	Keypress: left
75.7162 	EXP 	grating: autoDraw = False
75.7162 	EXP 	feedback_2: text = 'Oops! That was wrong'
75.7162 	EXP 	feedback_2: autoDraw = True
76.7161 	EXP 	New trial (rep=0, index=9): {'FrecEspacial': 0.015, 'Orientation': 120.0, 'Fase': 0.0, 'Respuesta': 'Incorrecta', 'CorrectAns': 'left'}
76.7305 	EXP 	feedback_2: autoDraw = False
76.7305 	EXP 	feedback_2: autoDraw = False
76.7305 	EXP 	grating: ori = 120.0
76.7305 	EXP 	grating: sf = array([0.015, 0.015])
76.8004 	DATA 	Keypress: left
76.8137 	EXP 	grating: autoDraw = True
77.0564 	DATA 	Keypress: left
77.0633 	EXP 	grating: autoDraw = False
77.0633 	EXP 	feedback_2: text = 'Oops! That was wrong'
77.0633 	EXP 	feedback_2: autoDraw = True
77.3330 	DATA 	Keypress: left
77.5669 	DATA 	Keypress: left
77.7836 	DATA 	Keypress: left
78.0155 	DATA 	Keypress: left
78.0644 	EXP 	New trial (rep=0, index=10): {'FrecEspacial': 0.041, 'Orientation': 150.0, 'Fase': 0.0, 'Respuesta': 'Incorrecta', 'CorrectAns': 'left'}
78.0787 	EXP 	feedback_2: autoDraw = False
78.0787 	EXP 	feedback_2: autoDraw = False
78.0787 	EXP 	grating: ori = 150.0
78.0787 	EXP 	grating: sf = array([0.041, 0.041])
78.1618 	EXP 	grating: autoDraw = True
78.3016 	DATA 	Keypress: left
78.3111 	EXP 	grating: autoDraw = False
78.3111 	EXP 	feedback_2: text = 'Oops! That was wrong'
78.3111 	EXP 	feedback_2: autoDraw = True
78.5490 	DATA 	Keypress: left
78.7974 	DATA 	Keypress: left
79.0802 	DATA 	Keypress: left
79.3129 	EXP 	New trial (rep=0, index=11): {'FrecEspacial': 0.035, 'Orientation': 200.0, 'Fase': 0.0, 'Respuesta': 'Incorrecta', 'CorrectAns': 'left'}
79.3266 	EXP 	feedback_2: autoDraw = False
79.3266 	EXP 	feedback_2: autoDraw = False
79.3266 	EXP 	grating: ori = 200.0
79.3266 	EXP 	grating: sf = array([0.035, 0.035])
79.3789 	DATA 	Keypress: left
79.4102 	EXP 	grating: autoDraw = True
79.5974 	DATA 	Keypress: left
79.6259 	EXP 	grating: autoDraw = False
79.6259 	EXP 	feedback_2: text = 'Oops! That was wrong'
79.6259 	EXP 	feedback_2: autoDraw = True
79.8127 	DATA 	Keypress: left
80.0620 	DATA 	Keypress: left
80.2956 	DATA 	Keypress: left
80.5118 	DATA 	Keypress: left
80.6274 	EXP 	New trial (rep=0, index=12): {'FrecEspacial': 0.081, 'Orientation': 220.0, 'Fase': 0.0, 'Respuesta': 'Incorrecta', 'CorrectAns': 'left'}
80.6412 	EXP 	feedback_2: autoDraw = False
80.6412 	EXP 	feedback_2: autoDraw = False
80.6412 	EXP 	grating: ori = 220.0
80.6412 	EXP 	grating: sf = array([0.081, 0.081])
80.7250 	EXP 	grating: autoDraw = True
80.7603 	DATA 	Keypress: left
80.9984 	DATA 	Keypress: left
81.0071 	EXP 	grating: autoDraw = False
81.0071 	EXP 	feedback_2: text = 'Oops! That was wrong'
81.0071 	EXP 	feedback_2: autoDraw = True
81.2269 	DATA 	Keypress: left
81.4266 	DATA 	Keypress: left
81.6258 	DATA 	Keypress: left
81.8253 	DATA 	Keypress: left
82.0077 	EXP 	New trial (rep=0, index=13): {'FrecEspacial': 0.04, 'Orientation': 300.0, 'Fase': 0.0, 'Respuesta': 'Incorrecta', 'CorrectAns': 'left'}
82.0225 	EXP 	feedback_2: autoDraw = False
82.0225 	EXP 	feedback_2: autoDraw = False
82.0225 	EXP 	grating: ori = 300.0
82.0225 	EXP 	grating: sf = array([0.04, 0.04])
82.1062 	EXP 	grating: autoDraw = True
82.1575 	DATA 	Keypress: left
82.4127 	DATA 	Keypress: left
82.4218 	EXP 	grating: autoDraw = False
82.4218 	EXP 	feedback_2: text = 'Oops! That was wrong'
82.4218 	EXP 	feedback_2: autoDraw = True
82.6421 	DATA 	Keypress: left
83.3074 	DATA 	Keypress: left
83.4229 	EXP 	New trial (rep=0, index=14): {'FrecEspacial': 0.012, 'Orientation': 345.0, 'Fase': 0.0, 'Respuesta': 'Incorrecta', 'CorrectAns': 'left'}
83.4369 	EXP 	feedback_2: autoDraw = False
83.4369 	EXP 	feedback_2: autoDraw = False
83.4369 	EXP 	grating: ori = 345.0
83.4369 	EXP 	grating: sf = array([0.012, 0.012])
83.5205 	EXP 	grating: autoDraw = True
83.5558 	DATA 	Keypress: left
83.7600 	DATA 	Keypress: left
83.7700 	EXP 	grating: autoDraw = False
83.7700 	EXP 	feedback_2: text = 'Oops! That was wrong'
83.7700 	EXP 	feedback_2: autoDraw = True
83.9745 	DATA 	Keypress: left
84.1901 	DATA 	Keypress: left
84.4236 	DATA 	Keypress: left
84.7227 	DATA 	Keypress: left
84.7703 	EXP 	New trial (rep=0, index=15): {'FrecEspacial': 0.085, 'Orientation': 10.0, 'Fase': 0.0, 'Respuesta': 'Correcta', 'CorrectAns': 'right'}
84.7850 	EXP 	feedback_2: autoDraw = False
84.7850 	EXP 	feedback_2: autoDraw = False
84.7850 	EXP 	grating: ori = 10.0
84.7850 	EXP 	grating: sf = array([0.085, 0.085])
84.8681 	EXP 	grating: autoDraw = True
85.2910 	DATA 	Keypress: left
85.3005 	EXP 	grating: autoDraw = False
85.3005 	EXP 	feedback_2: text = 'Oops! That was wrong'
85.3005 	EXP 	feedback_2: autoDraw = True
85.4714 	DATA 	Keypress: left
85.9533 	DATA 	Keypress: left
86.1376 	DATA 	Keypress: left
86.3012 	EXP 	New trial (rep=0, index=16): {'FrecEspacial': 0.008, 'Orientation': 85.0, 'Fase': 0.0, 'Respuesta': 'Incorrecta', 'CorrectAns': 'left'}
86.3157 	EXP 	feedback_2: autoDraw = False
86.3157 	EXP 	feedback_2: autoDraw = False
86.3157 	EXP 	grating: ori = 85.0
86.3157 	EXP 	grating: sf = array([0.008, 0.008])
86.3996 	EXP 	grating: autoDraw = True
86.6403 	DATA 	Keypress: left
86.6486 	EXP 	grating: autoDraw = False
86.6486 	EXP 	feedback_2: text = 'Oops! That was wrong'
86.6486 	EXP 	feedback_2: autoDraw = True
87.6498 	EXP 	New trial (rep=0, index=17): {'FrecEspacial': 0.025, 'Orientation': 175.0, 'Fase': 0.0, 'Respuesta': 'Incorrecta', 'CorrectAns': 'left'}
87.6636 	EXP 	feedback_2: autoDraw = False
87.6636 	EXP 	feedback_2: autoDraw = False
87.6636 	EXP 	grating: ori = 175.0
87.6636 	EXP 	grating: sf = array([0.025, 0.025])
87.7467 	EXP 	grating: autoDraw = True
87.9343 	DATA 	Keypress: left
87.9630 	EXP 	grating: autoDraw = False
87.9630 	EXP 	feedback_2: text = 'Oops! That was wrong'
87.9630 	EXP 	feedback_2: autoDraw = True
88.9635 	EXP 	New trial (rep=0, index=18): {'FrecEspacial': 0.055, 'Orientation': 190.0, 'Fase': 0.0, 'Respuesta': 'Incorrecta', 'CorrectAns': 'left'}
88.9783 	EXP 	feedback_2: autoDraw = False
88.9783 	EXP 	feedback_2: autoDraw = False
88.9783 	EXP 	grating: ori = 190.0
88.9783 	EXP 	grating: sf = array([0.055, 0.055])
89.0615 	EXP 	grating: autoDraw = True
90.3137 	DATA 	Keypress: left
90.3427 	EXP 	grating: autoDraw = False
90.3427 	EXP 	feedback_2: text = 'Oops! That was wrong'
90.3427 	EXP 	feedback_2: autoDraw = True
91.1453 	DATA 	Keypress: left
91.3432 	EXP 	New trial (rep=0, index=19): {'FrecEspacial': 0.036, 'Orientation': 100.0, 'Fase': 0.0, 'Respuesta': 'Incorrecta', 'CorrectAns': 'left'}
91.3594 	EXP 	feedback_2: autoDraw = False
91.3594 	EXP 	feedback_2: autoDraw = False
91.3594 	EXP 	grating: ori = 100.0
91.3594 	EXP 	grating: sf = array([0.036, 0.036])
91.4312 	DATA 	Keypress: left
91.4427 	EXP 	grating: autoDraw = True
91.9061 	DATA 	Keypress: left
91.9094 	EXP 	grating: autoDraw = False
91.9094 	EXP 	feedback_2: text = 'Oops! That was wrong'
91.9094 	EXP 	feedback_2: autoDraw = True
92.4788 	DATA 	Keypress: left
92.9091 	EXP 	New trial (rep=0, index=20): {'FrecEspacial': 0.015, 'Orientation': 25.0, 'Fase': 0.0, 'Respuesta': 'Correcta', 'CorrectAns': 'right'}
92.9227 	EXP 	feedback_2: autoDraw = False
92.9227 	EXP 	feedback_2: autoDraw = False
92.9227 	EXP 	grating: ori = 25.0
92.9227 	EXP 	grating: sf = array([0.015, 0.015])
93.0075 	EXP 	grating: autoDraw = True
93.7845 	DATA 	Keypress: left
93.7893 	EXP 	grating: autoDraw = False
93.7893 	EXP 	feedback_2: text = 'Oops! That was wrong'
93.7893 	EXP 	feedback_2: autoDraw = True
94.7416 	DATA 	Keypress: left
94.7897 	EXP 	New trial (rep=0, index=21): {'FrecEspacial': 0.089, 'Orientation': 35.0, 'Fase': 0.0, 'Respuesta': 'Correcta', 'CorrectAns': 'right'}
94.8033 	EXP 	feedback_2: autoDraw = False
94.8033 	EXP 	feedback_2: autoDraw = False
94.8033 	EXP 	grating: ori = 35.0
94.8033 	EXP 	grating: sf = array([0.089, 0.089])
94.8865 	EXP 	grating: autoDraw = True
95.0135 	DATA 	Keypress: left
95.0196 	EXP 	grating: autoDraw = False
95.0196 	EXP 	feedback_2: text = 'Oops! That was wrong'
95.0196 	EXP 	feedback_2: autoDraw = True
95.4788 	DATA 	Keypress: left
95.6960 	DATA 	Keypress: left
95.9079 	DATA 	Keypress: left
96.0082 	EXP 	New trial (rep=0, index=22): {'FrecEspacial': 0.054, 'Orientation': 10.0, 'Fase': 0.0, 'Respuesta': 'Correcta', 'CorrectAns': 'right'}
96.0183 	EXP 	feedback_2: autoDraw = False
96.0183 	EXP 	feedback_2: autoDraw = False
96.0183 	EXP 	grating: ori = 10.0
96.0183 	EXP 	grating: sf = array([0.054, 0.054])
96.1014 	EXP 	grating: autoDraw = True
96.2462 	DATA 	Keypress: left
96.2513 	EXP 	grating: autoDraw = False
96.2513 	EXP 	feedback_2: text = 'Oops! That was wrong'
96.2513 	EXP 	feedback_2: autoDraw = True
96.7255 	DATA 	Keypress: left
96.9376 	DATA 	Keypress: left
97.1557 	DATA 	Keypress: left
97.2521 	EXP 	New trial (rep=0, index=23): {'FrecEspacial': 0.047, 'Orientation': 5.0, 'Fase': 0.0, 'Respuesta': 'Correcta', 'CorrectAns': 'right'}
97.2658 	EXP 	feedback_2: autoDraw = False
97.2658 	EXP 	feedback_2: autoDraw = False
97.2658 	EXP 	grating: ori = 5.0
97.2658 	EXP 	grating: sf = array([0.047, 0.047])
97.3527 	EXP 	grating: autoDraw = True
97.3908 	DATA 	Keypress: left
97.6202 	DATA 	Keypress: left
97.6235 	EXP 	grating: autoDraw = False
97.6235 	EXP 	feedback_2: text = 'Oops! That was wrong'
97.6235 	EXP 	feedback_2: autoDraw = True
97.8381 	DATA 	Keypress: left
98.0526 	DATA 	Keypress: left
98.2523 	DATA 	Keypress: left
98.4518 	DATA 	Keypress: left
98.6168 	EXP 	New trial (rep=0, index=24): {'FrecEspacial': 0.093, 'Orientation': 210.0, 'Fase': 0.0, 'Respuesta': 'Incorrecta', 'CorrectAns': 'right'}
98.6303 	EXP 	feedback_2: autoDraw = False
98.6303 	EXP 	feedback_2: autoDraw = False
98.6303 	EXP 	grating: ori = 210.0
98.6303 	EXP 	grating: sf = array([0.093, 0.093])
98.6500 	DATA 	Keypress: left
98.7162 	EXP 	grating: autoDraw = True
98.8402 	DATA 	Keypress: left
98.8687 	EXP 	grating: autoDraw = False
98.8687 	EXP 	feedback_2: text = 'Oops! That was wrong'
98.8687 	EXP 	feedback_2: autoDraw = True
99.0507 	DATA 	Keypress: left
99.2769 	DATA 	Keypress: left
99.5012 	DATA 	Keypress: left
99.7147 	DATA 	Keypress: left
99.8633 	EXP 	New trial (rep=0, index=25): {'FrecEspacial': 0.09, 'Orientation': 120.0, 'Fase': 0.0, 'Respuesta': 'Incorrecta', 'CorrectAns': 'right'}
99.8782 	EXP 	feedback_2: autoDraw = False
99.8782 	EXP 	feedback_2: autoDraw = False
99.8782 	EXP 	grating: ori = 120.0
99.8782 	EXP 	grating: sf = array([0.09, 0.09])
99.9131 	DATA 	Keypress: left
99.9612 	EXP 	grating: autoDraw = True
100.1040 	DATA 	Keypress: left
100.1111 	EXP 	grating: autoDraw = False
100.1111 	EXP 	feedback_2: text = 'Oops! That was wrong'
100.1111 	EXP 	feedback_2: autoDraw = True
100.3141 	DATA 	Keypress: left
100.5149 	DATA 	Keypress: left
101.1119 	EXP 	New trial (rep=0, index=26): {'FrecEspacial': 0.074, 'Orientation': 85.0, 'Fase': 0.0, 'Respuesta': 'Incorrecta', 'CorrectAns': 'right'}
101.1259 	EXP 	feedback_2: autoDraw = False
101.1259 	EXP 	feedback_2: autoDraw = False
101.1259 	EXP 	grating: ori = 85.0
101.1259 	EXP 	grating: sf = array([0.074, 0.074])
101.2094 	EXP 	grating: autoDraw = True
104.2083 	EXP 	grating: autoDraw = False
104.3269 	EXP 	grating: autoDraw = False
104.3269 	EXP 	feedback_2: text = 'Oops! That was wrong'
104.3269 	EXP 	feedback_2: autoDraw = True
105.3232 	EXP 	New trial (rep=0, index=27): {'FrecEspacial': 0.042, 'Orientation': 30.0, 'Fase': 0.0, 'Respuesta': 'Correcta', 'CorrectAns': 'right'}
105.3369 	EXP 	feedback_2: autoDraw = False
105.3369 	EXP 	feedback_2: autoDraw = False
105.3369 	EXP 	grating: ori = 30.0
105.3369 	EXP 	grating: sf = array([0.042, 0.042])
105.4200 	EXP 	grating: autoDraw = True
108.4345 	EXP 	grating: autoDraw = False
108.5359 	EXP 	grating: autoDraw = False
108.5359 	EXP 	feedback_2: text = 'Oops! That was wrong'
108.5359 	EXP 	feedback_2: autoDraw = True
109.5350 	EXP 	New trial (rep=0, index=28): {'FrecEspacial': 0.091, 'Orientation': 120.0, 'Fase': 0.0, 'Respuesta': 'Incorrecta', 'CorrectAns': 'right'}
109.5478 	EXP 	feedback_2: autoDraw = False
109.5478 	EXP 	feedback_2: autoDraw = False
109.5478 	EXP 	grating: ori = 120.0
109.5478 	EXP 	grating: sf = array([0.091, 0.091])
109.6310 	EXP 	grating: autoDraw = True
112.6428 	EXP 	grating: autoDraw = False
112.7432 	EXP 	grating: autoDraw = False
112.7432 	EXP 	feedback_2: text = 'Oops! That was wrong'
112.7432 	EXP 	feedback_2: autoDraw = True
113.4147 	DATA 	Keypress: escape
113.8834 	EXP 	window1: mouseVisible = True
