1.5435 	WARNING 	We strongly recommend you activate the PTB sound engine in PsychoPy prefs as the preferred audio engine. Its timing is vastly superior. Your prefs are currently set to use ['sounddevice', 'PTB', 'pyo', 'pygame'] (in that order).
11.0541 	EXP 	Created window1 = Window(allowGUI=True, allowStencil=False, autoLog=True, backendConf=UNKNOWN, bitsMode=UNKNOWN, blendMode='avg', bpc=(8, 8, 8), color=array([0, 0, 0]), colorSpace='rgb', depthBits=8, fullscr=<method-wrapper '__getattribute__' of attributeSetter object at 0x0000022266C9E400>, gamma=None, gammaErrorPolicy='raise', lms=UNKNOWN, monitor=<psychopy.monitors.calibTools.Monitor object at 0x000002224270BD90>, multiSample=False, name='window1', numSamples=2, pos=(-120, -15), screen=0, size=array([1920, 1080]), stencilBits=0, stereo=False, units='deg', useFBO=True, useRetina=False, viewOri=0.0, viewPos=None, viewScale=None, waitBlanking=True, winType='pyglet')
11.0542 	EXP 	window1: mouseVisible = True
11.0542 	EXP 	window1: Attempting to measure frame rate of screen (0) ...
11.0542 	EXP 	window1: recordFrameIntervals = False
11.2205 	EXP 	window1: recordFrameIntervals = True
11.4208 	EXP 	Screen (0) actual frame rate measured at 60.28Hz
11.4208 	EXP 	window1: recordFrameIntervals = False
11.5170 	WARNING 	launchHubServer: If using the iohub mouse or eyetracker devices, fullScr should be True.
13.4905 	EXP 	Created Instrucciones2 = TextStim(__class__=<class 'psychopy.visual.text.TextStim'>, alignHoriz=method-wrapper(...), alignText='center', alignVert=method-wrapper(...), anchorHoriz='center', anchorVert='center', antialias=True, autoLog=True, bold=False, color=array([-1., -1., -1.]), colorSpace='rgb', contrast=1.0, depth=0.0, flipHoriz=False, flipVert=False, font='Open Sans', fontFiles=[], height=0.05, italic=False, languageStyle='LTR', name='Instrucciones2', opacity=1.0, ori=0.0, pos=array([0., 0.]), rgb=UNKNOWN, text=str(...), units='height', win=Window(...), wrapWidth=1)
13.5070 	EXP 	Created Instrucciones = TextStim(__class__=<class 'psychopy.visual.text.TextStim'>, alignHoriz=method-wrapper(...), alignText='center', alignVert=method-wrapper(...), anchorHoriz='center', anchorVert='center', antialias=True, autoLog=True, bold=False, color=array([-1., -1., -1.]), colorSpace='rgb', contrast=1.0, depth=-1.0, flipHoriz=False, flipVert=False, font='Arial', fontFiles=[], height=0.05, italic=False, languageStyle='LTR', name='Instrucciones', opacity=1.0, ori=0.0, pos=array([0., 0.]), rgb=UNKNOWN, text=str(...), units='height', win=Window(...), wrapWidth=1)
13.5184 	EXP 	Created instrucciones3 = TextStim(__class__=<class 'psychopy.visual.text.TextStim'>, alignHoriz=method-wrapper(...), alignText='center', alignVert=method-wrapper(...), anchorHoriz='center', anchorVert='center', antialias=True, autoLog=True, bold=False, color=array([-1., -1., -1.]), colorSpace='rgb', contrast=1.0, depth=-2.0, flipHoriz=False, flipVert=False, font='Arial', fontFiles=[], height=0.05, italic=False, languageStyle='LTR', name='instrucciones3', opacity=1.0, ori=0.0, pos=array([0., 0.]), rgb=UNKNOWN, text=str(...), units='height', win=Window(...), wrapWidth=1)
13.5221 	EXP 	Created Intrucciones1 = TextStim(__class__=<class 'psychopy.visual.text.TextStim'>, alignHoriz=method-wrapper(...), alignText='center', alignVert=method-wrapper(...), anchorHoriz='center', anchorVert='center', antialias=True, autoLog=True, bold=False, color=array([-1., -1., -1.]), colorSpace='rgb', contrast=1.0, depth=-3.0, flipHoriz=False, flipVert=False, font='Open Sans', fontFiles=[], height=0.05, italic=False, languageStyle='LTR', name='Intrucciones1', opacity=1.0, ori=0.0, pos=array([0., 0.]), rgb=UNKNOWN, text='Bienvenidos/as', units='height', win=Window(...), wrapWidth=1)
13.5342 	EXP 	Created text_2 = TextStim(__class__=<class 'psychopy.visual.text.TextStim'>, alignHoriz=method-wrapper(...), alignText='center', alignVert=method-wrapper(...), anchorHoriz='center', anchorVert='center', antialias=True, autoLog=True, bold=False, color=array([1., 1., 1.]), colorSpace='rgb', contrast=1.0, depth=-4.0, flipHoriz=False, flipVert=False, font='Open Sans', fontFiles=[], height=0.05, italic=False, languageStyle='LTR', name='text_2', opacity=1.0, ori=0.0, pos=array([0., 0.]), rgb=UNKNOWN, text='Vamos a hacer uno de prueba!', units='deg', win=Window(...), wrapWidth=15.0)
13.5386 	EXP 	Created GratingPrueba = GratingStim(__class__=<class 'psychopy.visual.grating.GratingStim'>, anchor='center', autoDraw=False, autoLog=True, blendmode='avg', color=array([1., 1., 1.]), colorSpace='rgb', contrast=1.0, depth=-1.0, interpolate=True, mask='circle', maskParams=None, name='GratingPrueba', opacity=1.0, ori=1.0, phase=array([0., 0.]), pos=array([0., 0.]), rgbPedestal=array([0., 0., 0.]), sf=array([1., 1.]), size=array([200., 200.]), tex='sin', texRes=128, units='pix', win=Window(...))
13.5401 	EXP 	Created FeedbackPrueb = TextStim(__class__=<class 'psychopy.visual.text.TextStim'>, alignHoriz=method-wrapper(...), alignText='center', alignVert=method-wrapper(...), anchorHoriz='center', anchorVert='center', antialias=True, autoLog=True, bold=False, color=array([1., 1., 1.]), colorSpace='rgb', contrast=1.0, depth=0.0, flipHoriz=False, flipVert=False, font='Open Sans', fontFiles=[], height=0.1, italic=False, languageStyle='LTR', name='FeedbackPrueb', opacity=1.0, ori=0.0, pos=array([0., 0.]), rgb=UNKNOWN, text='', units='height', win=Window(...), wrapWidth=1)
13.5548 	EXP 	Created ComienzoTexto = TextStim(__class__=<class 'psychopy.visual.text.TextStim'>, alignHoriz=method-wrapper(...), alignText='center', alignVert=method-wrapper(...), anchorHoriz='center', anchorVert='center', antialias=True, autoLog=True, bold=False, color=array([-1., -1., -1.]), colorSpace='rgb', contrast=1.0, depth=0.0, flipHoriz=False, flipVert=False, font='Open Sans', fontFiles=[], height=0.05, italic=False, languageStyle='LTR', name='ComienzoTexto', opacity=1.0, ori=0.0, pos=array([0., 0.]), rgb=UNKNOWN, text=str(...), units='height', win=Window(...), wrapWidth=1)
13.5584 	EXP 	Created grating2 = GratingStim(__class__=<class 'psychopy.visual.grating.GratingStim'>, anchor='center', autoDraw=False, autoLog=True, blendmode='avg', color=array([1., 1., 1.]), colorSpace='rgb', contrast=1.0, depth=0.0, interpolate=True, mask='circle', maskParams=None, name='grating2', opacity=1.0, ori=1.0, phase=array([0., 0.]), pos=array([0., 0.]), rgbPedestal=array([0., 0., 0.]), sf=array([1., 1.]), size=array([200., 200.]), tex='sin', texRes=128, units='deg', win=Window(...))
13.5595 	EXP 	Created feedback_2 = TextStim(__class__=<class 'psychopy.visual.text.TextStim'>, alignHoriz=method-wrapper(...), alignText='center', alignVert=method-wrapper(...), anchorHoriz='center', anchorVert='center', antialias=True, autoLog=True, bold=False, color=array([1., 1., 1.]), colorSpace='rgb', contrast=1.0, depth=-1.0, flipHoriz=False, flipVert=False, font='Open Sans', fontFiles=[], height=0.1, italic=False, languageStyle='LTR', name='feedback_2', opacity=1.0, ori=0.0, pos=array([0., 0.]), rgb=UNKNOWN, text='', units='height', win=Window(...), wrapWidth=1)
13.5734 	EXP 	Created Gracias = TextStim(__class__=<class 'psychopy.visual.text.TextStim'>, alignHoriz=method-wrapper(...), alignText='center', alignVert=method-wrapper(...), anchorHoriz='center', anchorVert='center', antialias=True, autoLog=True, bold=False, color=array([1., 1., 1.]), colorSpace='rgb', contrast=1.0, depth=0.0, flipHoriz=False, flipVert=False, font='Open Sans', fontFiles=[], height=0.1, italic=False, languageStyle='LTR', name='Gracias', opacity=1.0, ori=0.0, pos=array([0., 0.]), rgb=UNKNOWN, text='¡Muchas gracias por participar!', units='height', win=Window(...), wrapWidth=1)
13.5753 	EXP 	Created image = ImageStim(__class__=<class 'psychopy.visual.image.ImageStim'>, anchor=('center', 'center'), autoLog=True, color=array([1., 1., 1.]), colorSpace='rgb', contrast=1.0, depth=-1.0, flipHoriz=False, flipVert=False, image=None, interpolate=True, mask=None, maskParams=None, name='image', opacity=1.0, ori=0.0, pos=array([0., 0.]), size=array([0.5, 0.5]), texRes=128.0, units='deg', win=Window(...))
14.5743 	EXP 	Intrucciones1: autoDraw = True
18.5622 	EXP 	Instrucciones2: autoDraw = True
18.5796 	EXP 	Intrucciones1: autoDraw = False
22.5672 	EXP 	Instrucciones2: autoDraw = False
23.0680 	EXP 	Instrucciones: autoDraw = True
27.0722 	EXP 	Instrucciones: autoDraw = False
27.5728 	EXP 	instrucciones3: autoDraw = True
31.5778 	EXP 	instrucciones3: autoDraw = False
32.0609 	EXP 	text_2: autoDraw = True
36.0604 	EXP 	Imported ParametrosAyBTest1.xlsx as conditions, 20 conditions, 5 params
36.0612 	EXP 	Created sequence: sequential, trialTypes=20, nReps=1, seed=None
36.0614 	EXP 	New trial (rep=0, index=0): {'FrecEspacial': 5.67570285788662, 'Orientation': 58, 'Categoria': 'A', 'tecla': 'left', 'FrecuenciaEspacial': 0.0283785142894331}
36.0799 	EXP 	text_2: autoDraw = False
36.0799 	EXP 	Instrucciones2: autoDraw = False
36.0799 	EXP 	Instrucciones: autoDraw = False
36.0799 	EXP 	instrucciones3: autoDraw = False
36.0799 	EXP 	Intrucciones1: autoDraw = False
36.0799 	EXP 	text_2: autoDraw = False
36.0799 	EXP 	GratingPrueba: ori = 58.0
36.0799 	EXP 	GratingPrueba: sf = array([0.02837851, 0.02837851])
36.1666 	EXP 	GratingPrueba: autoDraw = True
36.1666 	EXP 	GratingPrueba: tex = 'sin'
36.7704 	DATA 	Keypress: right
36.7828 	EXP 	GratingPrueba: autoDraw = False
36.7828 	EXP 	FeedbackPrueb: text = ''
36.7828 	EXP 	FeedbackPrueb: autoDraw = True
36.7828 	EXP 	FeedbackPrueb: height = 0.1
36.7828 	EXP 	FeedbackPrueb: height = 0.1
36.7828 	EXP 	FeedbackPrueb: text = ''
37.7693 	EXP 	New trial (rep=0, index=1): {'FrecEspacial': 5.97436997443584, 'Orientation': 274, 'Categoria': 'A', 'tecla': 'left', 'FrecuenciaEspacial': 0.0298718498721792}
37.7844 	EXP 	FeedbackPrueb: autoDraw = False
37.7844 	EXP 	FeedbackPrueb: autoDraw = False
37.7844 	EXP 	GratingPrueba: ori = 274.0
37.7844 	EXP 	GratingPrueba: sf = array([0.02987185, 0.02987185])
37.8684 	EXP 	GratingPrueba: autoDraw = True
38.7174 	DATA 	Keypress: right
38.7331 	EXP 	GratingPrueba: autoDraw = False
38.7331 	EXP 	FeedbackPrueb: height = 0.1
38.7331 	EXP 	FeedbackPrueb: height = 0.1
38.7331 	EXP 	FeedbackPrueb: text = 'Oops! That was wrong'
38.7331 	EXP 	FeedbackPrueb: autoDraw = True
39.7213 	EXP 	New trial (rep=0, index=2): {'FrecEspacial': 5.68239108616436, 'Orientation': 44, 'Categoria': 'A', 'tecla': 'left', 'FrecuenciaEspacial': 0.0284119554308218}
39.7365 	EXP 	FeedbackPrueb: autoDraw = False
39.7365 	EXP 	FeedbackPrueb: autoDraw = False
39.7365 	EXP 	GratingPrueba: ori = 44.0
39.7365 	EXP 	GratingPrueba: sf = array([0.02841196, 0.02841196])
39.8215 	EXP 	GratingPrueba: autoDraw = True
40.2571 	DATA 	Keypress: right
40.2704 	EXP 	GratingPrueba: autoDraw = False
40.2704 	EXP 	FeedbackPrueb: text = 'Oops! That was wrong'
40.2704 	EXP 	FeedbackPrueb: autoDraw = True
41.2563 	EXP 	New trial (rep=0, index=3): {'FrecEspacial': 5.87740232142946, 'Orientation': 312, 'Categoria': 'A', 'tecla': 'left', 'FrecuenciaEspacial': 0.0293870116071473}
41.2714 	EXP 	FeedbackPrueb: autoDraw = False
41.2714 	EXP 	FeedbackPrueb: autoDraw = False
41.2714 	EXP 	GratingPrueba: ori = 312.0
41.2714 	EXP 	GratingPrueba: sf = array([0.02938701, 0.02938701])
41.3558 	EXP 	GratingPrueba: autoDraw = True
41.8260 	DATA 	Keypress: left
41.8389 	EXP 	GratingPrueba: autoDraw = False
41.8389 	EXP 	FeedbackPrueb: text = 'Oops! That was wrong'
41.8389 	EXP 	FeedbackPrueb: autoDraw = True
42.8261 	EXP 	New trial (rep=0, index=4): {'FrecEspacial': 6.21497055868499, 'Orientation': 276, 'Categoria': 'A', 'tecla': 'left', 'FrecuenciaEspacial': 0.03107485279342495}
42.8399 	EXP 	FeedbackPrueb: autoDraw = False
42.8399 	EXP 	FeedbackPrueb: autoDraw = False
42.8399 	EXP 	GratingPrueba: ori = 276.0
42.8399 	EXP 	GratingPrueba: sf = array([0.03107485, 0.03107485])
42.9240 	EXP 	GratingPrueba: autoDraw = True
43.2607 	DATA 	Keypress: left
43.2745 	EXP 	GratingPrueba: autoDraw = False
43.2745 	EXP 	FeedbackPrueb: text = 'Oops! That was wrong'
43.2745 	EXP 	FeedbackPrueb: autoDraw = True
44.2602 	EXP 	New trial (rep=0, index=5): {'FrecEspacial': 5.9777226950445, 'Orientation': 339, 'Categoria': 'A', 'tecla': 'left', 'FrecuenciaEspacial': 0.0298886134752225}
44.2757 	EXP 	FeedbackPrueb: autoDraw = False
44.2757 	EXP 	FeedbackPrueb: autoDraw = False
44.2757 	EXP 	GratingPrueba: ori = 339.0
44.2757 	EXP 	GratingPrueba: sf = array([0.02988861, 0.02988861])
44.3600 	EXP 	GratingPrueba: autoDraw = True
44.5955 	DATA 	Keypress: left
44.6090 	EXP 	GratingPrueba: autoDraw = False
44.6090 	EXP 	FeedbackPrueb: text = 'Oops! That was wrong'
44.6090 	EXP 	FeedbackPrueb: autoDraw = True
45.5955 	EXP 	New trial (rep=0, index=6): {'FrecEspacial': 6.16942304684475, 'Orientation': 45, 'Categoria': 'A', 'tecla': 'left', 'FrecuenciaEspacial': 0.030847115234223753}
45.6100 	EXP 	FeedbackPrueb: autoDraw = False
45.6100 	EXP 	FeedbackPrueb: autoDraw = False
45.6100 	EXP 	GratingPrueba: ori = 45.0
45.6100 	EXP 	GratingPrueba: sf = array([0.03084712, 0.03084712])
45.6940 	EXP 	GratingPrueba: autoDraw = True
46.1638 	DATA 	Keypress: left
46.1774 	EXP 	GratingPrueba: autoDraw = False
46.1774 	EXP 	FeedbackPrueb: text = 'Oops! That was wrong'
46.1774 	EXP 	FeedbackPrueb: autoDraw = True
47.1631 	EXP 	New trial (rep=0, index=7): {'FrecEspacial': 5.83113663926556, 'Orientation': 66, 'Categoria': 'A', 'tecla': 'left', 'FrecuenciaEspacial': 0.029155683196327803}
47.1780 	EXP 	FeedbackPrueb: autoDraw = False
47.1780 	EXP 	FeedbackPrueb: autoDraw = False
47.1780 	EXP 	GratingPrueba: ori = 66.0
47.1780 	EXP 	GratingPrueba: sf = array([0.02915568, 0.02915568])
47.2627 	EXP 	GratingPrueba: autoDraw = True
47.9153 	DATA 	Keypress: escape
48.6172 	EXP 	window1: mouseVisible = True
