1.7489 	WARNING 	Speech-to-text recognition module not available (use command `pip install SpeechRecognition` to get it. Transcription will be unavailable.
1.8272 	WARNING 	We strongly recommend you activate the PTB sound engine in PsychoPy prefs as the preferred audio engine. Its timing is vastly superior. Your prefs are currently set to use ['sounddevice', 'PTB', 'pyo', 'pygame'] (in that order).
10.7121 	WARNING 	User requested fullscreen with size [1366  768], but screen is actually [1920, 1080]. Using actual size
11.4983 	EXP 	Created window1 = Window(allowGUI=False, allowStencil=False, autoLog=True, backendConf=UNKNOWN, bitsMode=UNKNOWN, blendMode='avg', bpc=(8, 8, 8), color=array([0, 0, 0]), colorSpace='rgb', depthBits=8, fullscr=<method-wrapper '__getattribute__' of attributeSetter object at 0x000002AB5415AD48>, gamma=None, gammaErrorPolicy='raise', lms=UNKNOWN, monitor=<psychopy.monitors.calibTools.Monitor object at 0x000002AB541AA848>, multiSample=False, name='window1', numSamples=2, pos=[0.0, 0.0], screen=0, size=array([1920, 1080]), stencilBits=0, stereo=False, units='deg', useFBO=True, useRetina=False, viewOri=0.0, viewPos=None, viewScale=None, waitBlanking=True, winType='pyglet')
11.4986 	EXP 	window1: mouseVisible = True
11.4986 	EXP 	window1: recordFrameIntervals = False
11.6670 	EXP 	window1: recordFrameIntervals = True
11.8484 	EXP 	window1: recordFrameIntervals = False
12.2463 	EXP 	Created InstruccionesGabor = TextStim(__class__=<class 'psychopy.visual.text.TextStim'>, alignHoriz=method-wrapper(...), alignText='center', alignVert=method-wrapper(...), anchorHoriz='center', anchorVert='center', antialias=True, autoLog=True, bold=False, color=array([1., 1., 1.]), colorSpace='rgb', contrast=1.0, depth=0.0, flipHoriz=False, flipVert=False, font='Arial', fontFiles=[], height=0.1, italic=False, languageStyle='LTR', name='InstruccionesGabor', opacity=1, ori=0, pos=array([0., 0.]), rgb=UNKNOWN, text=str(...), units='height', win=Window(...), wrapWidth=1)
12.2495 	EXP 	Created grating = GratingStim(__class__=<class 'psychopy.visual.grating.GratingStim'>, autoDraw=False, autoLog=True, blendmode='avg', color=array([1., 1., 1.]), colorSpace='rgb', contrast=1.0, depth=0.0, interpolate=True, mask='circle', maskParams=None, name='grating', opacity=1, ori=1.0, phase=array([0., 0.]), pos=array([0., 0.]), rgbPedestal=array([0., 0., 0.]), sf=array([1., 1.]), size=array([200., 200.]), tex='sin', texRes=128, units='pix', win=Window(...))
12.2586 	EXP 	Created feedback_2 = TextStim(__class__=<class 'psychopy.visual.text.TextStim'>, alignHoriz=method-wrapper(...), alignText='center', alignVert=method-wrapper(...), anchorHoriz='center', anchorVert='center', antialias=True, autoLog=True, bold=False, color=array([1., 1., 1.]), colorSpace='rgb', contrast=1.0, depth=-1.0, flipHoriz=False, flipVert=False, font='Open Sans', fontFiles=[], height=0.1, italic=False, languageStyle='LTR', name='feedback_2', opacity=1, ori=0.0, pos=array([0., 0.]), rgb=UNKNOWN, text='default text', units='height', win=Window(...), wrapWidth=1)
12.2694 	EXP 	Created Gracias = TextStim(__class__=<class 'psychopy.visual.text.TextStim'>, alignHoriz=method-wrapper(...), alignText='center', alignVert=method-wrapper(...), anchorHoriz='center', anchorVert='center', antialias=True, autoLog=True, bold=False, color=array([1., 1., 1.]), colorSpace='rgb', contrast=1.0, depth=0.0, flipHoriz=False, flipVert=False, font='Open Sans', fontFiles=[], height=0.1, italic=False, languageStyle='LTR', name='Gracias', opacity=1, ori=0.0, pos=array([0., 0.]), rgb=UNKNOWN, text='¡Muchas gracias por participar!', units='height', win=Window(...), wrapWidth=1)
12.7688 	EXP 	InstruccionesGabor: autoDraw = True
26.1653 	DATA 	Keypress: right
26.1968 	EXP 	Imported Gaborparametros1.csv as conditions, 160 conditions, 6 params
26.1982 	EXP 	Created sequence: sequential, trialTypes=160, nReps=1, seed=None
26.1984 	EXP 	New trial (rep=0, index=0): OrderedDict([('FrecEspacial', 5.965191687028904), ('Orientation', 121.37776775169196), ('Fase', 0.0), ('Respuesta', 'Correcta'), ('CorrectAns', 'left'), ('Categoria', 'A')])
26.2121 	EXP 	InstruccionesGabor: autoDraw = False
26.2121 	EXP 	grating: ori = 121.37776775169196
26.2121 	EXP 	grating: sf = array([5.96519169, 5.96519169])
26.2895 	EXP 	grating: autoDraw = True
26.2895 	EXP 	grating: tex = 'sin'
27.3418 	DATA 	Keypress: left
27.3523 	EXP 	grating: autoDraw = False
27.3523 	EXP 	feedback_2: text = 'Correct!'
27.3523 	EXP 	feedback_2: autoDraw = True
27.9570 	DATA 	Keypress: left
28.3396 	EXP 	New trial (rep=0, index=1): OrderedDict([('FrecEspacial', 5.97716990461335), ('Orientation', 125.4605635849509), ('Fase', 0.0), ('Respuesta', 'Correcta'), ('CorrectAns', 'left'), ('Categoria', 'A')])
28.3545 	EXP 	feedback_2: autoDraw = False
28.3545 	EXP 	feedback_2: autoDraw = False
28.3545 	EXP 	grating: ori = 125.4605635849509
28.3545 	EXP 	grating: sf = array([5.9771699, 5.9771699])
28.4363 	EXP 	grating: autoDraw = True
29.3270 	DATA 	Keypress: escape
