0.5688 	WARNING 	We strongly recommend you activate the PTB sound engine in PsychoPy prefs as the preferred audio engine. Its timing is vastly superior. Your prefs are currently set to use ['sounddevice', 'PTB', 'pyo', 'pygame'] (in that order).
11.8148 	EXP 	Created window1 = Window(allowGUI=False, allowStencil=False, autoLog=True, backendConf=UNKNOWN, bitsMode=UNKNOWN, blendMode='avg', bpc=(8, 8, 8), color=array([0, 0, 0]), colorSpace='rgb', depthBits=8, fullscr=<method-wrapper '__getattribute__' of attributeSetter object at 0x000002C356142C88>, gamma=None, gammaErrorPolicy='raise', lms=UNKNOWN, monitor=<psychopy.monitors.calibTools.Monitor object at 0x000002C356196320>, multiSample=False, name='window1', numSamples=2, pos=[0.0, 0.0], screen=0, size=array([1366,  768]), stencilBits=0, stereo=False, units='height', useFBO=True, useRetina=False, viewOri=0.0, viewPos=None, viewScale=None, waitBlanking=True, winType='pyglet')
11.8155 	EXP 	window1: mouseVisible = True
11.8156 	EXP 	window1: recordFrameIntervals = False
11.9785 	EXP 	window1: recordFrameIntervals = True
12.2136 	EXP 	window1: recordFrameIntervals = False
12.4788 	EXP 	Created InstruccionesGabor = TextStim(__class__=<class 'psychopy.visual.text.TextStim'>, alignHoriz=method-wrapper(...), alignText='center', alignVert=method-wrapper(...), anchorHoriz='center', anchorVert='center', antialias=True, autoLog=True, bold=False, color=array([1, 1, 1]), colorSpace='rgb', contrast=1.0, depth=0.0, flipHoriz=False, flipVert=False, font='Arial', fontFiles=[], height=0.1, italic=False, languageStyle='LTR', name='InstruccionesGabor', opacity=1, ori=0, pos=array([0., 0.]), rgb=UNKNOWN, text='Bienvenidos\nDescripcion de la tarea', units='height', win=Window(...), wrapWidth=1)
12.4831 	EXP 	Created grating = GratingStim(__class__=<class 'psychopy.visual.grating.GratingStim'>, autoDraw=False, autoLog=True, blendmode='avg', color=array([1, 1, 1]), colorSpace='rgb', contrast=1.0, depth=0.0, interpolate=True, mask='circle', maskParams=None, name='grating', opacity=1, ori=1.0, phase=array([0., 0.]), pos=array([0., 0.]), rgbPedestal=array([0., 0., 0.]), sf=array([1., 1.]), size=array([200., 200.]), tex='sin', texRes=128, units='pix', win=Window(...))
12.4857 	EXP 	Created feedback_2 = TextStim(__class__=<class 'psychopy.visual.text.TextStim'>, alignHoriz=method-wrapper(...), alignText='center', alignVert=method-wrapper(...), anchorHoriz='center', anchorVert='center', antialias=True, autoLog=True, bold=False, color=array([1, 1, 1]), colorSpace='rgb', contrast=1.0, depth=0.0, flipHoriz=False, flipVert=False, font='Open Sans', fontFiles=[], height=0.1, italic=False, languageStyle='LTR', name='feedback_2', opacity=1, ori=0.0, pos=array([0., 0.]), rgb=UNKNOWN, text='', units='height', win=Window(...), wrapWidth=1)
12.5059 	EXP 	Created Gracias = TextStim(__class__=<class 'psychopy.visual.text.TextStim'>, alignHoriz=method-wrapper(...), alignText='center', alignVert=method-wrapper(...), anchorHoriz='center', anchorVert='center', antialias=True, autoLog=True, bold=False, color=array([1, 1, 1]), colorSpace='rgb', contrast=1.0, depth=0.0, flipHoriz=False, flipVert=False, font='Open Sans', fontFiles=[], height=0.1, italic=False, languageStyle='LTR', name='Gracias', opacity=1, ori=0.0, pos=array([0., 0.]), rgb=UNKNOWN, text='¡Muchas gracias por participar!', units='height', win=Window(...), wrapWidth=1)
13.0199 	EXP 	InstruccionesGabor: autoDraw = True
13.8818 	DATA 	Keypress: space
13.9727 	EXP 	Imported Gaborparametros.xlsx as conditions, 29 conditions, 5 params
13.9733 	EXP 	Created sequence: sequential, trialTypes=29, nReps=1, seed=None
13.9737 	EXP 	New trial (rep=0, index=0): {'FrecEspacial': 0.02, 'Orientation': 0.0, 'Fase': 0.0, 'Respuesta': 'Correcta', 'CorrectAns': 'right'}
13.9784 	EXP 	InstruccionesGabor: autoDraw = False
13.9784 	EXP 	grating: ori = 0.0
13.9784 	EXP 	grating: sf = array([0.02, 0.02])
14.1291 	EXP 	grating: autoDraw = True
14.1291 	EXP 	grating: tex = 'sin'
16.1345 	DATA 	Keypress: right
16.1391 	EXP 	grating: autoDraw = False
16.1391 	EXP 	feedback_2: autoDraw = True
16.1391 	EXP 	feedback_2: text = ''
17.1405 	EXP 	New trial (rep=0, index=1): {'FrecEspacial': 0.01, 'Orientation': 45.0, 'Fase': 0.0, 'Respuesta': 'Correcta', 'CorrectAns': 'right'}
17.1528 	EXP 	feedback_2: autoDraw = False
17.1528 	EXP 	feedback_2: autoDraw = False
17.1528 	EXP 	grating: ori = 45.0
17.1528 	EXP 	grating: sf = array([0.01, 0.01])
17.2398 	EXP 	grating: autoDraw = True
18.4482 	DATA 	Keypress: left
18.4525 	EXP 	grating: autoDraw = False
18.4525 	EXP 	feedback_2: autoDraw = True
19.4404 	EXP 	New trial (rep=0, index=2): {'FrecEspacial': 0.025, 'Orientation': 90.0, 'Fase': 0.0, 'Respuesta': 'Incorrecta', 'CorrectAns': 'left'}
19.4494 	EXP 	feedback_2: autoDraw = False
19.4494 	EXP 	feedback_2: autoDraw = False
19.4494 	EXP 	grating: ori = 90.0
19.4494 	EXP 	grating: sf = array([0.025, 0.025])
19.5373 	EXP 	grating: autoDraw = True
20.3251 	DATA 	Keypress: right
20.3529 	EXP 	grating: autoDraw = False
20.3529 	EXP 	feedback_2: autoDraw = True
21.3497 	EXP 	New trial (rep=0, index=3): {'FrecEspacial': 0.045, 'Orientation': 135.0, 'Fase': 0.0, 'Respuesta': 'Incorrecta', 'CorrectAns': 'left'}
21.3640 	EXP 	feedback_2: autoDraw = False
21.3640 	EXP 	feedback_2: autoDraw = False
21.3640 	EXP 	grating: ori = 135.0
21.3640 	EXP 	grating: sf = array([0.045, 0.045])
21.4486 	EXP 	grating: autoDraw = True
21.7853 	DATA 	Keypress: escape
22.0071 	EXP 	window1: mouseVisible = True
