0.5910 	WARNING 	We strongly recommend you activate the PTB sound engine in PsychoPy prefs as the preferred audio engine. Its timing is vastly superior. Your prefs are currently set to use ['sounddevice', 'PTB', 'pyo', 'pygame'] (in that order).
8.8199 	EXP 	Created window1 = Window(allowGUI=False, allowStencil=False, autoLog=True, backendConf=UNKNOWN, bitsMode=UNKNOWN, blendMode='avg', bpc=(8, 8, 8), color=array([0, 0, 0]), colorSpace='rgb', depthBits=8, fullscr=<method-wrapper '__getattribute__' of attributeSetter object at 0x0000027D6C282E10>, gamma=None, gammaErrorPolicy='raise', lms=UNKNOWN, monitor=<psychopy.monitors.calibTools.Monitor object at 0x0000027D6C2D5470>, multiSample=False, name='window1', numSamples=2, pos=[0.0, 0.0], screen=0, size=array([1366,  768]), stencilBits=0, stereo=False, units='height', useFBO=True, useRetina=False, viewOri=0.0, viewPos=None, viewScale=None, waitBlanking=True, winType='pyglet')
8.8205 	EXP 	window1: mouseVisible = True
8.8206 	EXP 	window1: recordFrameIntervals = False
8.9832 	EXP 	window1: recordFrameIntervals = True
9.1662 	EXP 	window1: recordFrameIntervals = False
9.4429 	EXP 	Created InstruccionesGabor = TextStim(__class__=<class 'psychopy.visual.text.TextStim'>, alignHoriz=method-wrapper(...), alignText='center', alignVert=method-wrapper(...), anchorHoriz='center', anchorVert='center', antialias=True, autoLog=True, bold=False, color=array([1, 1, 1]), colorSpace='rgb', contrast=1.0, depth=0.0, flipHoriz=False, flipVert=False, font='Arial', fontFiles=[], height=0.1, italic=False, languageStyle='LTR', name='InstruccionesGabor', opacity=1, ori=0, pos=array([0., 0.]), rgb=UNKNOWN, text='Bienvenidos\nDescripcion de la tarea', units='height', win=Window(...), wrapWidth=1)
9.4475 	EXP 	Created grating = GratingStim(__class__=<class 'psychopy.visual.grating.GratingStim'>, autoDraw=False, autoLog=True, blendmode='avg', color=array([1, 1, 1]), colorSpace='rgb', contrast=1.0, depth=0.0, interpolate=True, mask='circle', maskParams=None, name='grating', opacity=1, ori=1.0, phase=array([0., 0.]), pos=array([0., 0.]), rgbPedestal=array([0., 0., 0.]), sf=array([1., 1.]), size=array([200., 200.]), tex='sin', texRes=128, units='pix', win=Window(...))
9.4620 	EXP 	Created feedback_2 = TextStim(__class__=<class 'psychopy.visual.text.TextStim'>, alignHoriz=method-wrapper(...), alignText='center', alignVert=method-wrapper(...), anchorHoriz='center', anchorVert='center', antialias=True, autoLog=True, bold=False, color=array([1, 1, 1]), colorSpace='rgb', contrast=1.0, depth=-1.0, flipHoriz=False, flipVert=False, font='Open Sans', fontFiles=[], height=0.1, italic=False, languageStyle='LTR', name='feedback_2', opacity=1, ori=0.0, pos=array([0., 0.]), rgb=UNKNOWN, text='default text', units='height', win=Window(...), wrapWidth=1)
9.4780 	EXP 	Created Gracias = TextStim(__class__=<class 'psychopy.visual.text.TextStim'>, alignHoriz=method-wrapper(...), alignText='center', alignVert=method-wrapper(...), anchorHoriz='center', anchorVert='center', antialias=True, autoLog=True, bold=False, color=array([1, 1, 1]), colorSpace='rgb', contrast=1.0, depth=0.0, flipHoriz=False, flipVert=False, font='Open Sans', fontFiles=[], height=0.1, italic=False, languageStyle='LTR', name='Gracias', opacity=1, ori=0.0, pos=array([0., 0.]), rgb=UNKNOWN, text='¡Muchas gracias por participar!', units='height', win=Window(...), wrapWidth=1)
9.9954 	EXP 	InstruccionesGabor: autoDraw = True
10.4698 	DATA 	Keypress: space
10.5451 	EXP 	Imported Gaborparametros.xlsx as conditions, 29 conditions, 5 params
10.5456 	EXP 	Created sequence: sequential, trialTypes=29, nReps=1, seed=None
10.5460 	EXP 	New trial (rep=0, index=0): {'FrecEspacial': 0.02, 'Orientation': 0.0, 'Fase': 0.0, 'Respuesta': 'Correcta', 'CorrectAns': '"right"'}
10.5502 	EXP 	InstruccionesGabor: autoDraw = False
10.5502 	EXP 	grating: ori = 0.0
10.5502 	EXP 	grating: sf = array([0.02, 0.02])
10.6814 	EXP 	grating: autoDraw = True
10.6814 	EXP 	grating: tex = 'sin'
11.7365 	DATA 	Keypress: right
11.7387 	EXP 	grating: autoDraw = False
11.7387 	EXP 	feedback_2: text = 'Oops! That was wrong'
11.7387 	EXP 	feedback_2: autoDraw = True
12.7311 	EXP 	New trial (rep=0, index=1): {'FrecEspacial': 0.01, 'Orientation': 45.0, 'Fase': 0.0, 'Respuesta': 'Correcta', 'CorrectAns': '"right"'}
12.7443 	EXP 	feedback_2: autoDraw = False
12.7443 	EXP 	feedback_2: autoDraw = False
12.7443 	EXP 	grating: ori = 45.0
12.7443 	EXP 	grating: sf = array([0.01, 0.01])
12.8298 	EXP 	grating: autoDraw = True
13.7131 	DATA 	Keypress: right
13.7158 	EXP 	grating: autoDraw = False
13.7158 	EXP 	feedback_2: text = 'Oops! That was wrong'
13.7158 	EXP 	feedback_2: autoDraw = True
14.7110 	EXP 	New trial (rep=0, index=2): {'FrecEspacial': 0.025, 'Orientation': 90.0, 'Fase': 0.0, 'Respuesta': 'Incorrecta', 'CorrectAns': '"left"'}
14.7245 	EXP 	feedback_2: autoDraw = False
14.7245 	EXP 	feedback_2: autoDraw = False
14.7245 	EXP 	grating: ori = 90.0
14.7245 	EXP 	grating: sf = array([0.025, 0.025])
14.8094 	EXP 	grating: autoDraw = True
15.3529 	DATA 	Keypress: left
15.3579 	EXP 	grating: autoDraw = False
15.3579 	EXP 	feedback_2: text = 'Oops! That was wrong'
15.3579 	EXP 	feedback_2: autoDraw = True
16.3571 	EXP 	New trial (rep=0, index=3): {'FrecEspacial': 0.045, 'Orientation': 135.0, 'Fase': 0.0, 'Respuesta': 'Incorrecta', 'CorrectAns': '"left"'}
16.3712 	EXP 	feedback_2: autoDraw = False
16.3712 	EXP 	feedback_2: autoDraw = False
16.3712 	EXP 	grating: ori = 135.0
16.3712 	EXP 	grating: sf = array([0.045, 0.045])
16.4545 	EXP 	grating: autoDraw = True
16.7942 	DATA 	Keypress: right
16.8038 	EXP 	grating: autoDraw = False
16.8038 	EXP 	feedback_2: text = 'Oops! That was wrong'
16.8038 	EXP 	feedback_2: autoDraw = True
17.8051 	EXP 	New trial (rep=0, index=4): {'FrecEspacial': 0.09, 'Orientation': 0.0, 'Fase': 0.0, 'Respuesta': 'Correcta', 'CorrectAns': '"right"'}
17.8189 	EXP 	feedback_2: autoDraw = False
17.8189 	EXP 	feedback_2: autoDraw = False
17.8189 	EXP 	grating: ori = 0.0
17.8189 	EXP 	grating: sf = array([0.09, 0.09])
17.9021 	EXP 	grating: autoDraw = True
18.3445 	DATA 	Keypress: left
18.3715 	EXP 	grating: autoDraw = False
18.3715 	EXP 	feedback_2: text = 'Oops! That was wrong'
18.3715 	EXP 	feedback_2: autoDraw = True
19.3703 	EXP 	New trial (rep=0, index=5): {'FrecEspacial': 0.1, 'Orientation': 25.0, 'Fase': 0.0, 'Respuesta': 'Correcta', 'CorrectAns': '"right"'}
19.3838 	EXP 	feedback_2: autoDraw = False
19.3838 	EXP 	feedback_2: autoDraw = False
19.3838 	EXP 	grating: ori = 25.0
19.3838 	EXP 	grating: sf = array([0.1, 0.1])
19.4695 	EXP 	grating: autoDraw = True
20.0759 	DATA 	Keypress: escape
20.3109 	EXP 	window1: mouseVisible = True
