0.5687 	WARNING 	We strongly recommend you activate the PTB sound engine in PsychoPy prefs as the preferred audio engine. Its timing is vastly superior. Your prefs are currently set to use ['sounddevice', 'PTB', 'pyo', 'pygame'] (in that order).
8.0722 	EXP 	Created window1 = Window(allowGUI=False, allowStencil=False, autoLog=True, backendConf=UNKNOWN, bitsMode=UNKNOWN, blendMode='avg', bpc=(8, 8, 8), color=array([0, 0, 0]), colorSpace='rgb', depthBits=8, fullscr=<method-wrapper '__getattribute__' of attributeSetter object at 0x00000275C0B63C18>, gamma=None, gammaErrorPolicy='raise', lms=UNKNOWN, monitor=<psychopy.monitors.calibTools.Monitor object at 0x00000275C0BB62B0>, multiSample=False, name='window1', numSamples=2, pos=[0.0, 0.0], screen=0, size=array([1366,  768]), stencilBits=0, stereo=False, units='height', useFBO=True, useRetina=False, viewOri=0.0, viewPos=None, viewScale=None, waitBlanking=True, winType='pyglet')
8.0726 	EXP 	window1: mouseVisible = True
8.0727 	EXP 	window1: recordFrameIntervals = False
8.2394 	EXP 	window1: recordFrameIntervals = True
8.4227 	EXP 	window1: recordFrameIntervals = False
8.6921 	EXP 	Created InstruccionesGabor = TextStim(__class__=<class 'psychopy.visual.text.TextStim'>, alignHoriz=method-wrapper(...), alignText='center', alignVert=method-wrapper(...), anchorHoriz='center', anchorVert='center', antialias=True, autoLog=True, bold=False, color=array([1, 1, 1]), colorSpace='rgb', contrast=1.0, depth=0.0, flipHoriz=False, flipVert=False, font='Arial', fontFiles=[], height=0.1, italic=False, languageStyle='LTR', name='InstruccionesGabor', opacity=1, ori=0, pos=array([0., 0.]), rgb=UNKNOWN, text='Bienvenidos\nDescripcion de la tarea', units='height', win=Window(...), wrapWidth=1)
8.6970 	EXP 	Created grating = GratingStim(__class__=<class 'psychopy.visual.grating.GratingStim'>, autoDraw=False, autoLog=True, blendmode='avg', color=array([1, 1, 1]), colorSpace='rgb', contrast=1.0, depth=0.0, interpolate=True, mask='circle', maskParams=None, name='grating', opacity=1, ori=1.0, phase=array([0., 0.]), pos=array([0., 0.]), rgbPedestal=array([0., 0., 0.]), sf=array([1., 1.]), size=array([200., 200.]), tex='sin', texRes=128, units='pix', win=Window(...))
8.7114 	EXP 	Created feedback_2 = TextStim(__class__=<class 'psychopy.visual.text.TextStim'>, alignHoriz=method-wrapper(...), alignText='center', alignVert=method-wrapper(...), anchorHoriz='center', anchorVert='center', antialias=True, autoLog=True, bold=False, color=array([1, 1, 1]), colorSpace='rgb', contrast=1.0, depth=-1.0, flipHoriz=False, flipVert=False, font='Open Sans', fontFiles=[], height=0.1, italic=False, languageStyle='LTR', name='feedback_2', opacity=1, ori=0.0, pos=array([0., 0.]), rgb=UNKNOWN, text='default text', units='height', win=Window(...), wrapWidth=1)
8.7273 	EXP 	Created Gracias = TextStim(__class__=<class 'psychopy.visual.text.TextStim'>, alignHoriz=method-wrapper(...), alignText='center', alignVert=method-wrapper(...), anchorHoriz='center', anchorVert='center', antialias=True, autoLog=True, bold=False, color=array([1, 1, 1]), colorSpace='rgb', contrast=1.0, depth=0.0, flipHoriz=False, flipVert=False, font='Open Sans', fontFiles=[], height=0.1, italic=False, languageStyle='LTR', name='Gracias', opacity=1, ori=0.0, pos=array([0., 0.]), rgb=UNKNOWN, text='¡Muchas gracias por participar!', units='height', win=Window(...), wrapWidth=1)
9.2367 	EXP 	InstruccionesGabor: autoDraw = True
11.1671 	EXP 	Imported Gaborparametros.xlsx as conditions, 29 conditions, 5 params
11.1676 	EXP 	Created sequence: sequential, trialTypes=29, nReps=1, seed=None
11.1680 	EXP 	New trial (rep=0, index=0): {'FrecEspacial': 0.02, 'Orientation': 0.0, 'Fase': 0.0, 'Respuesta': 'Correcta', 'CorrectAns': '"right"'}
11.1710 	DATA 	Keypress: space
11.1733 	EXP 	InstruccionesGabor: autoDraw = False
11.1733 	EXP 	grating: ori = 0.0
11.1733 	EXP 	grating: sf = array([0.02, 0.02])
11.2835 	EXP 	grating: autoDraw = True
11.2835 	EXP 	grating: tex = 'sin'
12.5028 	DATA 	Keypress: right
12.5053 	EXP 	grating: autoDraw = False
12.5053 	EXP 	feedback_2: text = 'Oops! That was wrong'
12.5053 	EXP 	feedback_2: autoDraw = True
13.5011 	EXP 	New trial (rep=0, index=1): {'FrecEspacial': 0.01, 'Orientation': 45.0, 'Fase': 0.0, 'Respuesta': 'Correcta', 'CorrectAns': '"right"'}
13.5135 	EXP 	feedback_2: autoDraw = False
13.5135 	EXP 	feedback_2: autoDraw = False
13.5135 	EXP 	grating: ori = 45.0
13.5135 	EXP 	grating: sf = array([0.01, 0.01])
13.5984 	EXP 	grating: autoDraw = True
16.6114 	EXP 	grating: autoDraw = False
16.7130 	EXP 	grating: autoDraw = False
16.7130 	EXP 	feedback_2: text = 'Oops! That was wrong'
16.7130 	EXP 	feedback_2: autoDraw = True
17.2287 	DATA 	Keypress: right
17.7097 	EXP 	New trial (rep=0, index=2): {'FrecEspacial': 0.025, 'Orientation': 90.0, 'Fase': 0.0, 'Respuesta': 'Incorrecta', 'CorrectAns': '"left"'}
17.7232 	EXP 	feedback_2: autoDraw = False
17.7232 	EXP 	feedback_2: autoDraw = False
17.7232 	EXP 	grating: ori = 90.0
17.7232 	EXP 	grating: sf = array([0.025, 0.025])
17.8065 	EXP 	grating: autoDraw = True
18.2784 	DATA 	Keypress: right
18.2815 	EXP 	grating: autoDraw = False
18.2815 	EXP 	feedback_2: text = 'Oops! That was wrong'
18.2815 	EXP 	feedback_2: autoDraw = True
19.2766 	EXP 	New trial (rep=0, index=3): {'FrecEspacial': 0.045, 'Orientation': 135.0, 'Fase': 0.0, 'Respuesta': 'Incorrecta', 'CorrectAns': '"left"'}
19.2892 	EXP 	feedback_2: autoDraw = False
19.2892 	EXP 	feedback_2: autoDraw = False
19.2892 	EXP 	grating: ori = 135.0
19.2892 	EXP 	grating: sf = array([0.045, 0.045])
19.3736 	EXP 	grating: autoDraw = True
19.7604 	DATA 	Keypress: escape
19.9946 	EXP 	window1: mouseVisible = True
