0.6215 	WARNING 	We strongly recommend you activate the PTB sound engine in PsychoPy prefs as the preferred audio engine. Its timing is vastly superior. Your prefs are currently set to use ['sounddevice', 'PTB', 'pyo', 'pygame'] (in that order).
7.1001 	EXP 	Created window1 = Window(allowGUI=False, allowStencil=False, autoLog=True, backendConf=UNKNOWN, bitsMode=UNKNOWN, blendMode='avg', bpc=(8, 8, 8), color=array([0, 0, 0]), colorSpace='rgb', depthBits=8, fullscr=<method-wrapper '__getattribute__' of attributeSetter object at 0x0000021AC3639588>, gamma=None, gammaErrorPolicy='raise', lms=UNKNOWN, monitor=<psychopy.monitors.calibTools.Monitor object at 0x0000021AC367EBA8>, multiSample=False, name='window1', numSamples=2, pos=[0.0, 0.0], screen=0, size=array([1366,  768]), stencilBits=0, stereo=False, units='deg', useFBO=True, useRetina=False, viewOri=0.0, viewPos=None, viewScale=None, waitBlanking=True, winType='pyglet')
7.1006 	EXP 	window1: mouseVisible = True
7.1007 	EXP 	window1: recordFrameIntervals = False
7.2667 	EXP 	window1: recordFrameIntervals = True
7.4505 	EXP 	window1: recordFrameIntervals = False
7.9282 	EXP 	Created InstruccionesGabor = TextStim(__class__=<class 'psychopy.visual.text.TextStim'>, alignHoriz=method-wrapper(...), alignText='center', alignVert=method-wrapper(...), anchorHoriz='center', anchorVert='center', antialias=True, autoLog=True, bold=False, color=array([1, 1, 1]), colorSpace='rgb', contrast=1.0, depth=0.0, flipHoriz=False, flipVert=False, font='Arial', fontFiles=[], height=0.1, italic=False, languageStyle='LTR', name='InstruccionesGabor', opacity=1, ori=0, pos=array([0., 0.]), rgb=UNKNOWN, text=str(...), units='height', win=Window(...), wrapWidth=1)
7.9330 	EXP 	Created grating = GratingStim(__class__=<class 'psychopy.visual.grating.GratingStim'>, autoDraw=False, autoLog=True, blendmode='avg', color=array([1, 1, 1]), colorSpace='rgb', contrast=1.0, depth=0.0, interpolate=True, mask='circle', maskParams=None, name='grating', opacity=1, ori=1.0, phase=array([0., 0.]), pos=array([0., 0.]), rgbPedestal=array([0., 0., 0.]), sf=array([1., 1.]), size=array([200., 200.]), tex='sin', texRes=128, units='pix', win=Window(...))
7.9476 	EXP 	Created feedback_2 = TextStim(__class__=<class 'psychopy.visual.text.TextStim'>, alignHoriz=method-wrapper(...), alignText='center', alignVert=method-wrapper(...), anchorHoriz='center', anchorVert='center', antialias=True, autoLog=True, bold=False, color=array([1, 1, 1]), colorSpace='rgb', contrast=1.0, depth=-1.0, flipHoriz=False, flipVert=False, font='Open Sans', fontFiles=[], height=0.1, italic=False, languageStyle='LTR', name='feedback_2', opacity=1, ori=0.0, pos=array([0., 0.]), rgb=UNKNOWN, text='default text', units='height', win=Window(...), wrapWidth=1)
7.9632 	EXP 	Created Gracias = TextStim(__class__=<class 'psychopy.visual.text.TextStim'>, alignHoriz=method-wrapper(...), alignText='center', alignVert=method-wrapper(...), anchorHoriz='center', anchorVert='center', antialias=True, autoLog=True, bold=False, color=array([1, 1, 1]), colorSpace='rgb', contrast=1.0, depth=0.0, flipHoriz=False, flipVert=False, font='Open Sans', fontFiles=[], height=0.1, italic=False, languageStyle='LTR', name='Gracias', opacity=1, ori=0.0, pos=array([0., 0.]), rgb=UNKNOWN, text='¡Muchas gracias por participar!', units='height', win=Window(...), wrapWidth=1)
8.4794 	EXP 	InstruccionesGabor: autoDraw = True
8.9020 	DATA 	Keypress: space
9.0462 	EXP 	Imported Gaborparametros1.csv as conditions, 160 conditions, 6 params
9.0469 	EXP 	Created sequence: sequential, trialTypes=160, nReps=1, seed=None
9.0473 	EXP 	New trial (rep=0, index=0): OrderedDict([('FrecEspacial', 5.965191687028903), ('Orientation', 121.37776775169195), ('Fase', 0.0), ('Respuesta', 'Correcta'), ('CorrectAns', 'left'), ('Categoria', 'A')])
9.0517 	EXP 	InstruccionesGabor: autoDraw = False
9.0517 	EXP 	grating: ori = 121.37776775169195
9.0517 	EXP 	grating: sf = array([5.96519169, 5.96519169])
9.1821 	EXP 	grating: autoDraw = True
9.1821 	EXP 	grating: tex = 'sin'
9.8073 	DATA 	Keypress: left
9.8099 	EXP 	grating: autoDraw = False
9.8099 	EXP 	feedback_2: text = 'Correct!'
9.8099 	EXP 	feedback_2: autoDraw = True
10.7950 	EXP 	New trial (rep=0, index=1): OrderedDict([('FrecEspacial', 5.9771699046133495), ('Orientation', 125.4605635849509), ('Fase', 0.0), ('Respuesta', 'Correcta'), ('CorrectAns', 'left'), ('Categoria', 'A')])
10.8090 	EXP 	feedback_2: autoDraw = False
10.8090 	EXP 	feedback_2: autoDraw = False
10.8090 	EXP 	grating: ori = 125.4605635849509
10.8090 	EXP 	grating: sf = array([5.9771699, 5.9771699])
10.8928 	EXP 	grating: autoDraw = True
11.3505 	DATA 	Keypress: left
11.3587 	EXP 	grating: autoDraw = False
11.3587 	EXP 	feedback_2: text = 'Correct!'
11.3587 	EXP 	feedback_2: autoDraw = True
12.3597 	EXP 	New trial (rep=0, index=2): OrderedDict([('FrecEspacial', 5.858130921409005), ('Orientation', 122.23532000688499), ('Fase', 0.0), ('Respuesta', 'Incorrecta'), ('CorrectAns', 'right'), ('Categoria', 'A')])
12.3735 	EXP 	feedback_2: autoDraw = False
12.3735 	EXP 	feedback_2: autoDraw = False
12.3735 	EXP 	grating: ori = 122.23532000688499
12.3735 	EXP 	grating: sf = array([5.85813092, 5.85813092])
12.4568 	EXP 	grating: autoDraw = True
12.7787 	DATA 	Keypress: left
12.7809 	EXP 	grating: autoDraw = False
12.7809 	EXP 	feedback_2: text = 'Oops! That was wrong'
12.7809 	EXP 	feedback_2: autoDraw = True
13.7744 	EXP 	New trial (rep=0, index=3): OrderedDict([('FrecEspacial', 5.920320118296704), ('Orientation', 124.67725486490627), ('Fase', 0.0), ('Respuesta', 'Incorrecta'), ('CorrectAns', 'right'), ('Categoria', 'A')])
13.7882 	EXP 	feedback_2: autoDraw = False
13.7882 	EXP 	feedback_2: autoDraw = False
13.7882 	EXP 	grating: ori = 124.67725486490627
13.7882 	EXP 	grating: sf = array([5.92032012, 5.92032012])
13.8711 	EXP 	grating: autoDraw = True
16.8866 	EXP 	grating: autoDraw = False
16.9866 	EXP 	grating: autoDraw = False
16.9866 	EXP 	feedback_2: text = 'Oops! That was wrong'
16.9866 	EXP 	feedback_2: autoDraw = True
17.9882 	EXP 	New trial (rep=0, index=4): OrderedDict([('FrecEspacial', 6.260601388909613), ('Orientation', 130.717332789681), ('Fase', 0.0), ('Respuesta', 'Correcta'), ('CorrectAns', 'left'), ('Categoria', 'A')])
18.0003 	EXP 	feedback_2: autoDraw = False
18.0003 	EXP 	feedback_2: autoDraw = False
18.0003 	EXP 	grating: ori = 130.717332789681
18.0003 	EXP 	grating: sf = array([6.26060139, 6.26060139])
18.0817 	EXP 	grating: autoDraw = True
21.0942 	EXP 	grating: autoDraw = False
21.1986 	EXP 	grating: autoDraw = False
21.1986 	EXP 	feedback_2: text = 'Oops! That was wrong'
21.1986 	EXP 	feedback_2: autoDraw = True
21.4042 	DATA 	Keypress: escape
21.6998 	EXP 	window1: mouseVisible = True
