0.5857 	WARNING 	We strongly recommend you activate the PTB sound engine in PsychoPy prefs as the preferred audio engine. Its timing is vastly superior. Your prefs are currently set to use ['sounddevice', 'PTB', 'pyo', 'pygame'] (in that order).
8.7650 	EXP 	Created window1 = Window(allowGUI=False, allowStencil=False, autoLog=True, backendConf=UNKNOWN, bitsMode=UNKNOWN, blendMode='avg', bpc=(8, 8, 8), color=array([0, 0, 0]), colorSpace='rgb', depthBits=8, fullscr=<method-wrapper '__getattribute__' of attributeSetter object at 0x000001EADDD62C88>, gamma=None, gammaErrorPolicy='raise', lms=UNKNOWN, monitor=<psychopy.monitors.calibTools.Monitor object at 0x000001EADDDB5320>, multiSample=False, name='window1', numSamples=2, pos=[0.0, 0.0], screen=0, size=array([1366,  768]), stencilBits=0, stereo=False, units='height', useFBO=True, useRetina=False, viewOri=0.0, viewPos=None, viewScale=None, waitBlanking=True, winType='pyglet')
8.7657 	EXP 	window1: mouseVisible = True
8.7658 	EXP 	window1: recordFrameIntervals = False
8.9300 	EXP 	window1: recordFrameIntervals = True
9.1136 	EXP 	window1: recordFrameIntervals = False
9.4055 	EXP 	Created InstruccionesGabor = TextStim(__class__=<class 'psychopy.visual.text.TextStim'>, alignHoriz=method-wrapper(...), alignText='center', alignVert=method-wrapper(...), anchorHoriz='center', anchorVert='center', antialias=True, autoLog=True, bold=False, color=array([1, 1, 1]), colorSpace='rgb', contrast=1.0, depth=0.0, flipHoriz=False, flipVert=False, font='Arial', fontFiles=[], height=0.1, italic=False, languageStyle='LTR', name='InstruccionesGabor', opacity=1, ori=0, pos=array([0., 0.]), rgb=UNKNOWN, text='Bienvenidos\nDescripcion de la tarea', units='height', win=Window(...), wrapWidth=1)
9.4104 	EXP 	Created grating = GratingStim(__class__=<class 'psychopy.visual.grating.GratingStim'>, autoDraw=False, autoLog=True, blendmode='avg', color=array([1, 1, 1]), colorSpace='rgb', contrast=1.0, depth=0.0, interpolate=True, mask='circle', maskParams=None, name='grating', opacity=1, ori=1.0, phase=array([0., 0.]), pos=array([0., 0.]), rgbPedestal=array([0., 0., 0.]), sf=array([1., 1.]), size=array([200., 200.]), tex='sin', texRes=128, units='pix', win=Window(...))
9.4242 	EXP 	Created feedback_2 = TextStim(__class__=<class 'psychopy.visual.text.TextStim'>, alignHoriz=method-wrapper(...), alignText='center', alignVert=method-wrapper(...), anchorHoriz='center', anchorVert='center', antialias=True, autoLog=True, bold=False, color=array([1, 1, 1]), colorSpace='rgb', contrast=1.0, depth=-1.0, flipHoriz=False, flipVert=False, font='Open Sans', fontFiles=[], height=0.1, italic=False, languageStyle='LTR', name='feedback_2', opacity=1, ori=0.0, pos=array([0., 0.]), rgb=UNKNOWN, text='default text', units='height', win=Window(...), wrapWidth=1)
9.4401 	EXP 	Created Gracias = TextStim(__class__=<class 'psychopy.visual.text.TextStim'>, alignHoriz=method-wrapper(...), alignText='center', alignVert=method-wrapper(...), anchorHoriz='center', anchorVert='center', antialias=True, autoLog=True, bold=False, color=array([1, 1, 1]), colorSpace='rgb', contrast=1.0, depth=0.0, flipHoriz=False, flipVert=False, font='Open Sans', fontFiles=[], height=0.1, italic=False, languageStyle='LTR', name='Gracias', opacity=1, ori=0.0, pos=array([0., 0.]), rgb=UNKNOWN, text='¡Muchas gracias por participar!', units='height', win=Window(...), wrapWidth=1)
9.9604 	EXP 	InstruccionesGabor: autoDraw = True
11.0087 	EXP 	Imported Gaborparametros.xlsx as conditions, 29 conditions, 5 params
11.0091 	EXP 	Created sequence: sequential, trialTypes=29, nReps=1, seed=None
11.0095 	EXP 	New trial (rep=0, index=0): {'FrecEspacial': 0.02, 'Orientation': 0.0, 'Fase': 0.0, 'Respuesta': 'Correcta', 'CorrectAns': '"right"'}
11.0123 	DATA 	Keypress: space
11.0145 	EXP 	InstruccionesGabor: autoDraw = False
11.0145 	EXP 	grating: ori = 0.0
11.0145 	EXP 	grating: sf = array([0.02, 0.02])
11.1516 	EXP 	grating: autoDraw = True
11.1516 	EXP 	grating: tex = 'sin'
12.1099 	DATA 	Keypress: right
12.1123 	EXP 	grating: autoDraw = False
12.1123 	EXP 	feedback_2: text = 'Oops! That was wrong'
12.1123 	EXP 	feedback_2: autoDraw = True
13.1084 	EXP 	New trial (rep=0, index=1): {'FrecEspacial': 0.01, 'Orientation': 45.0, 'Fase': 0.0, 'Respuesta': 'Correcta', 'CorrectAns': '"right"'}
13.1219 	EXP 	feedback_2: autoDraw = False
13.1219 	EXP 	feedback_2: autoDraw = False
13.1219 	EXP 	grating: ori = 45.0
13.1219 	EXP 	grating: sf = array([0.01, 0.01])
13.2075 	EXP 	grating: autoDraw = True
14.0278 	DATA 	Keypress: right
14.0555 	EXP 	grating: autoDraw = False
14.0555 	EXP 	feedback_2: text = 'Oops! That was wrong'
14.0555 	EXP 	feedback_2: autoDraw = True
15.0558 	EXP 	New trial (rep=0, index=2): {'FrecEspacial': 0.025, 'Orientation': 90.0, 'Fase': 0.0, 'Respuesta': 'Incorrecta', 'CorrectAns': '"left"'}
15.0692 	EXP 	feedback_2: autoDraw = False
15.0692 	EXP 	feedback_2: autoDraw = False
15.0692 	EXP 	grating: ori = 90.0
15.0692 	EXP 	grating: sf = array([0.025, 0.025])
15.1549 	EXP 	grating: autoDraw = True
16.2154 	DATA 	Keypress: left
16.2268 	EXP 	grating: autoDraw = False
16.2268 	EXP 	feedback_2: text = 'Oops! That was wrong'
16.2268 	EXP 	feedback_2: autoDraw = True
17.2186 	EXP 	New trial (rep=0, index=3): {'FrecEspacial': 0.045, 'Orientation': 135.0, 'Fase': 0.0, 'Respuesta': 'Incorrecta', 'CorrectAns': '"left"'}
17.2323 	EXP 	feedback_2: autoDraw = False
17.2323 	EXP 	feedback_2: autoDraw = False
17.2323 	EXP 	grating: ori = 135.0
17.2323 	EXP 	grating: sf = array([0.045, 0.045])
17.3189 	EXP 	grating: autoDraw = True
17.8221 	DATA 	Keypress: right
17.8493 	EXP 	grating: autoDraw = False
17.8493 	EXP 	feedback_2: text = 'Oops! That was wrong'
17.8493 	EXP 	feedback_2: autoDraw = True
18.3033 	DATA 	Keypress: right
18.4865 	DATA 	Keypress: down
18.8503 	EXP 	New trial (rep=0, index=4): {'FrecEspacial': 0.09, 'Orientation': 0.0, 'Fase': 0.0, 'Respuesta': 'Correcta', 'CorrectAns': '"right"'}
18.8637 	EXP 	feedback_2: autoDraw = False
18.8637 	EXP 	feedback_2: autoDraw = False
18.8637 	EXP 	grating: ori = 0.0
18.8637 	EXP 	grating: sf = array([0.09, 0.09])
18.9495 	EXP 	grating: autoDraw = True
19.2694 	DATA 	Keypress: escape
19.5037 	EXP 	window1: mouseVisible = True
