0.7142 	WARNING 	We strongly recommend you activate the PTB sound engine in PsychoPy prefs as the preferred audio engine. Its timing is vastly superior. Your prefs are currently set to use ['sounddevice', 'PTB', 'pyo', 'pygame'] (in that order).
15.5629 	EXP 	Created window1 = Window(allowGUI=False, allowStencil=False, autoLog=True, backendConf=UNKNOWN, bitsMode=UNKNOWN, blendMode='avg', bpc=(8, 8, 8), color=array([0, 0, 0]), colorSpace='rgb', depthBits=8, fullscr=<method-wrapper '__getattribute__' of attributeSetter object at 0x000001DDF72A77B8>, gamma=None, gammaErrorPolicy='raise', lms=UNKNOWN, monitor=<psychopy.monitors.calibTools.Monitor object at 0x000001DDF730BE80>, multiSample=False, name='window1', numSamples=2, pos=[0.0, 0.0], screen=0, size=array([1366,  768]), stencilBits=0, stereo=False, units='height', useFBO=True, useRetina=False, viewOri=0.0, viewPos=None, viewScale=None, waitBlanking=True, winType='pyglet')
15.5779 	EXP 	window1: mouseVisible = True
15.5782 	EXP 	window1: recordFrameIntervals = False
15.7411 	EXP 	window1: recordFrameIntervals = True
15.9371 	EXP 	window1: recordFrameIntervals = False
17.3129 	EXP 	Created InstruccionesGabor = TextStim(__class__=<class 'psychopy.visual.text.TextStim'>, alignHoriz=method-wrapper(...), alignText='center', alignVert=method-wrapper(...), anchorHoriz='center', anchorVert='center', antialias=True, autoLog=True, bold=False, color=array([1, 1, 1]), colorSpace='rgb', contrast=1.0, depth=0.0, flipHoriz=False, flipVert=False, font='Arial', fontFiles=[], height=0.1, italic=False, languageStyle='LTR', name='InstruccionesGabor', opacity=1, ori=0, pos=array([0., 0.]), rgb=UNKNOWN, text='Bienvenidos\nDescripcion de la tarea', units='height', win=Window(...), wrapWidth=1)
17.3538 	EXP 	Created grating = GratingStim(__class__=<class 'psychopy.visual.grating.GratingStim'>, autoDraw=False, autoLog=True, blendmode='avg', color=array([1, 1, 1]), colorSpace='rgb', contrast=1.0, depth=0.0, interpolate=True, mask='circle', maskParams=None, name='grating', opacity=1, ori=1.0, phase=array([0., 0.]), pos=array([0., 0.]), rgbPedestal=array([0., 0., 0.]), sf=array([1., 1.]), size=array([200., 200.]), tex='sin', texRes=128, units='pix', win=Window(...))
17.3761 	EXP 	Created feedback_2 = TextStim(__class__=<class 'psychopy.visual.text.TextStim'>, alignHoriz=method-wrapper(...), alignText='center', alignVert=method-wrapper(...), anchorHoriz='center', anchorVert='center', antialias=True, autoLog=True, bold=False, color=array([1, 1, 1]), colorSpace='rgb', contrast=1.0, depth=-1.0, flipHoriz=False, flipVert=False, font='Open Sans', fontFiles=[], height=0.1, italic=False, languageStyle='LTR', name='feedback_2', opacity=1, ori=0.0, pos=array([0., 0.]), rgb=UNKNOWN, text='default text', units='height', win=Window(...), wrapWidth=1)
17.3982 	EXP 	Created Gracias = TextStim(__class__=<class 'psychopy.visual.text.TextStim'>, alignHoriz=method-wrapper(...), alignText='center', alignVert=method-wrapper(...), anchorHoriz='center', anchorVert='center', antialias=True, autoLog=True, bold=False, color=array([1, 1, 1]), colorSpace='rgb', contrast=1.0, depth=0.0, flipHoriz=False, flipVert=False, font='Open Sans', fontFiles=[], height=0.1, italic=False, languageStyle='LTR', name='Gracias', opacity=1, ori=0.0, pos=array([0., 0.]), rgb=UNKNOWN, text='¡Muchas gracias por participar!', units='height', win=Window(...), wrapWidth=1)
17.9397 	EXP 	InstruccionesGabor: autoDraw = True
21.7259 	EXP 	Imported Gaborparametros.xlsx as conditions, 29 conditions, 5 params
21.7399 	EXP 	Created sequence: sequential, trialTypes=29, nReps=1, seed=None
21.7403 	EXP 	New trial (rep=0, index=0): {'FrecEspacial': 0.02, 'Orientation': 0.0, 'Fase': 0.0, 'Respuesta': 'Correcta', 'CorrectAns': 'right'}
21.7434 	DATA 	Keypress: space
21.7460 	EXP 	InstruccionesGabor: autoDraw = False
21.7460 	EXP 	grating: ori = 0.0
21.7460 	EXP 	grating: sf = array([0.02, 0.02])
21.9912 	EXP 	grating: autoDraw = True
21.9912 	EXP 	grating: tex = 'sin'
23.2657 	DATA 	Keypress: right
23.2680 	EXP 	grating: autoDraw = False
23.2680 	EXP 	feedback_2: text = 'Oops! That was wrong'
23.2680 	EXP 	feedback_2: autoDraw = True
24.2609 	EXP 	New trial (rep=0, index=1): {'FrecEspacial': 0.01, 'Orientation': 45.0, 'Fase': 0.0, 'Respuesta': 'Correcta', 'CorrectAns': 'right'}
24.2733 	EXP 	feedback_2: autoDraw = False
24.2733 	EXP 	feedback_2: autoDraw = False
24.2733 	EXP 	grating: ori = 45.0
24.2733 	EXP 	grating: sf = array([0.01, 0.01])
24.3564 	EXP 	grating: autoDraw = True
25.6333 	DATA 	Keypress: right
25.6379 	EXP 	grating: autoDraw = False
25.6379 	EXP 	feedback_2: text = 'Oops! That was wrong'
25.6379 	EXP 	feedback_2: autoDraw = True
26.6395 	EXP 	New trial (rep=0, index=2): {'FrecEspacial': 0.025, 'Orientation': 90.0, 'Fase': 0.0, 'Respuesta': 'Incorrecta', 'CorrectAns': 'left'}
26.6527 	EXP 	feedback_2: autoDraw = False
26.6527 	EXP 	feedback_2: autoDraw = False
26.6527 	EXP 	grating: ori = 90.0
26.6527 	EXP 	grating: sf = array([0.025, 0.025])
26.7359 	EXP 	grating: autoDraw = True
28.1267 	DATA 	Keypress: right
28.1331 	EXP 	grating: autoDraw = False
28.1331 	EXP 	feedback_2: text = 'Oops! That was wrong'
28.1331 	EXP 	feedback_2: autoDraw = True
29.1349 	EXP 	New trial (rep=0, index=3): {'FrecEspacial': 0.045, 'Orientation': 135.0, 'Fase': 0.0, 'Respuesta': 'Incorrecta', 'CorrectAns': 'left'}
29.1484 	EXP 	feedback_2: autoDraw = False
29.1484 	EXP 	feedback_2: autoDraw = False
29.1484 	EXP 	grating: ori = 135.0
29.1484 	EXP 	grating: sf = array([0.045, 0.045])
29.2324 	EXP 	grating: autoDraw = True
30.1701 	DATA 	Keypress: left
30.2113 	EXP 	grating: autoDraw = False
30.2113 	EXP 	feedback_2: text = 'Oops! That was wrong'
30.2113 	EXP 	feedback_2: autoDraw = True
31.1975 	EXP 	New trial (rep=0, index=4): {'FrecEspacial': 0.09, 'Orientation': 0.0, 'Fase': 0.0, 'Respuesta': 'Correcta', 'CorrectAns': 'right'}
31.2122 	EXP 	feedback_2: autoDraw = False
31.2122 	EXP 	feedback_2: autoDraw = False
31.2122 	EXP 	grating: ori = 0.0
31.2122 	EXP 	grating: sf = array([0.09, 0.09])
31.2966 	EXP 	grating: autoDraw = True
32.5238 	DATA 	Keypress: left
32.5282 	EXP 	grating: autoDraw = False
32.5282 	EXP 	feedback_2: text = 'Oops! That was wrong'
32.5282 	EXP 	feedback_2: autoDraw = True
33.5274 	EXP 	New trial (rep=0, index=5): {'FrecEspacial': 0.1, 'Orientation': 25.0, 'Fase': 0.0, 'Respuesta': 'Correcta', 'CorrectAns': 'right'}
33.5412 	EXP 	feedback_2: autoDraw = False
33.5412 	EXP 	feedback_2: autoDraw = False
33.5412 	EXP 	grating: ori = 25.0
33.5412 	EXP 	grating: sf = array([0.1, 0.1])
33.6244 	EXP 	grating: autoDraw = True
34.6067 	DATA 	Keypress: right
34.6093 	EXP 	grating: autoDraw = False
34.6093 	EXP 	feedback_2: text = 'Oops! That was wrong'
34.6093 	EXP 	feedback_2: autoDraw = True
35.6077 	EXP 	New trial (rep=0, index=6): {'FrecEspacial': 0.03, 'Orientation': 15.0, 'Fase': 0.0, 'Respuesta': 'Correcta', 'CorrectAns': 'right'}
35.6223 	EXP 	feedback_2: autoDraw = False
35.6223 	EXP 	feedback_2: autoDraw = False
35.6223 	EXP 	grating: ori = 15.0
35.6223 	EXP 	grating: sf = array([0.03, 0.03])
35.7051 	EXP 	grating: autoDraw = True
36.4665 	DATA 	Keypress: right
36.4713 	EXP 	grating: autoDraw = False
36.4713 	EXP 	feedback_2: text = 'Oops! That was wrong'
36.4713 	EXP 	feedback_2: autoDraw = True
37.4728 	EXP 	New trial (rep=0, index=7): {'FrecEspacial': 0.08, 'Orientation': 0.0, 'Fase': 0.0, 'Respuesta': 'Correcta', 'CorrectAns': 'right'}
37.4862 	EXP 	feedback_2: autoDraw = False
37.4862 	EXP 	feedback_2: autoDraw = False
37.4862 	EXP 	grating: ori = 0.0
37.4862 	EXP 	grating: sf = array([0.08, 0.08])
37.5692 	EXP 	grating: autoDraw = True
38.4239 	DATA 	Keypress: left
38.4508 	EXP 	grating: autoDraw = False
38.4508 	EXP 	feedback_2: text = 'Oops! That was wrong'
38.4508 	EXP 	feedback_2: autoDraw = True
39.4377 	EXP 	New trial (rep=0, index=8): {'FrecEspacial': 0.06, 'Orientation': 100.0, 'Fase': 0.0, 'Respuesta': 'Incorrecta', 'CorrectAns': 'left'}
39.4503 	EXP 	feedback_2: autoDraw = False
39.4503 	EXP 	feedback_2: autoDraw = False
39.4503 	EXP 	grating: ori = 100.0
39.4503 	EXP 	grating: sf = array([0.06, 0.06])
39.5334 	EXP 	grating: autoDraw = True
40.0789 	DATA 	Keypress: left
40.0830 	EXP 	grating: autoDraw = False
40.0830 	EXP 	feedback_2: text = 'Oops! That was wrong'
40.0830 	EXP 	feedback_2: autoDraw = True
41.0826 	EXP 	New trial (rep=0, index=9): {'FrecEspacial': 0.015, 'Orientation': 120.0, 'Fase': 0.0, 'Respuesta': 'Incorrecta', 'CorrectAns': 'left'}
41.0965 	EXP 	feedback_2: autoDraw = False
41.0965 	EXP 	feedback_2: autoDraw = False
41.0965 	EXP 	grating: ori = 120.0
41.0965 	EXP 	grating: sf = array([0.015, 0.015])
41.1828 	EXP 	grating: autoDraw = True
41.6457 	DATA 	Keypress: right
41.6485 	EXP 	grating: autoDraw = False
41.6485 	EXP 	feedback_2: text = 'Oops! That was wrong'
41.6485 	EXP 	feedback_2: autoDraw = True
42.6475 	EXP 	New trial (rep=0, index=10): {'FrecEspacial': 0.041, 'Orientation': 150.0, 'Fase': 0.0, 'Respuesta': 'Incorrecta', 'CorrectAns': 'left'}
42.6617 	EXP 	feedback_2: autoDraw = False
42.6617 	EXP 	feedback_2: autoDraw = False
42.6617 	EXP 	grating: ori = 150.0
42.6617 	EXP 	grating: sf = array([0.041, 0.041])
42.7441 	EXP 	grating: autoDraw = True
42.8000 	DATA 	Keypress: left
43.3264 	DATA 	Keypress: left
43.3290 	EXP 	grating: autoDraw = False
43.3290 	EXP 	feedback_2: text = 'Oops! That was wrong'
43.3290 	EXP 	feedback_2: autoDraw = True
44.0281 	DATA 	Keypress: right
44.3291 	EXP 	New trial (rep=0, index=11): {'FrecEspacial': 0.035, 'Orientation': 200.0, 'Fase': 0.0, 'Respuesta': 'Incorrecta', 'CorrectAns': 'left'}
44.3423 	EXP 	feedback_2: autoDraw = False
44.3423 	EXP 	feedback_2: autoDraw = False
44.3423 	EXP 	grating: ori = 200.0
44.3423 	EXP 	grating: sf = array([0.035, 0.035])
44.4243 	EXP 	grating: autoDraw = True
44.7507 	DATA 	Keypress: right
44.7578 	EXP 	grating: autoDraw = False
44.7578 	EXP 	feedback_2: text = 'Oops! That was wrong'
44.7578 	EXP 	feedback_2: autoDraw = True
45.2614 	DATA 	Keypress: right
45.7589 	EXP 	New trial (rep=0, index=12): {'FrecEspacial': 0.081, 'Orientation': 220.0, 'Fase': 0.0, 'Respuesta': 'Incorrecta', 'CorrectAns': 'left'}
45.7728 	EXP 	feedback_2: autoDraw = False
45.7728 	EXP 	feedback_2: autoDraw = False
45.7728 	EXP 	grating: ori = 220.0
45.7728 	EXP 	grating: sf = array([0.081, 0.081])
45.8561 	EXP 	grating: autoDraw = True
46.2613 	DATA 	Keypress: right
46.2886 	EXP 	grating: autoDraw = False
46.2886 	EXP 	feedback_2: text = 'Oops! That was wrong'
46.2886 	EXP 	feedback_2: autoDraw = True
47.2909 	EXP 	New trial (rep=0, index=13): {'FrecEspacial': 0.04, 'Orientation': 300.0, 'Fase': 0.0, 'Respuesta': 'Incorrecta', 'CorrectAns': 'left'}
47.3039 	EXP 	feedback_2: autoDraw = False
47.3039 	EXP 	feedback_2: autoDraw = False
47.3039 	EXP 	grating: ori = 300.0
47.3039 	EXP 	grating: sf = array([0.04, 0.04])
47.3871 	EXP 	grating: autoDraw = True
47.9638 	DATA 	Keypress: right
47.9695 	EXP 	grating: autoDraw = False
47.9695 	EXP 	feedback_2: text = 'Oops! That was wrong'
47.9695 	EXP 	feedback_2: autoDraw = True
48.9697 	EXP 	New trial (rep=0, index=14): {'FrecEspacial': 0.012, 'Orientation': 345.0, 'Fase': 0.0, 'Respuesta': 'Incorrecta', 'CorrectAns': 'left'}
48.9840 	EXP 	feedback_2: autoDraw = False
48.9840 	EXP 	feedback_2: autoDraw = False
48.9840 	EXP 	grating: ori = 345.0
48.9840 	EXP 	grating: sf = array([0.012, 0.012])
49.0685 	EXP 	grating: autoDraw = True
49.2691 	DATA 	Keypress: right
49.2720 	EXP 	grating: autoDraw = False
49.2720 	EXP 	feedback_2: text = 'Oops! That was wrong'
49.2720 	EXP 	feedback_2: autoDraw = True
50.2686 	EXP 	New trial (rep=0, index=15): {'FrecEspacial': 0.085, 'Orientation': 10.0, 'Fase': 0.0, 'Respuesta': 'Correcta', 'CorrectAns': 'right'}
50.2823 	EXP 	feedback_2: autoDraw = False
50.2823 	EXP 	feedback_2: autoDraw = False
50.2823 	EXP 	grating: ori = 10.0
50.2823 	EXP 	grating: sf = array([0.085, 0.085])
50.3655 	EXP 	grating: autoDraw = True
50.6587 	DATA 	Keypress: right
50.6653 	EXP 	grating: autoDraw = False
50.6653 	EXP 	feedback_2: text = 'Oops! That was wrong'
50.6653 	EXP 	feedback_2: autoDraw = True
51.1870 	DATA 	Keypress: escape
51.4419 	EXP 	window1: mouseVisible = True
