0.5820 	WARNING 	We strongly recommend you activate the PTB sound engine in PsychoPy prefs as the preferred audio engine. Its timing is vastly superior. Your prefs are currently set to use ['sounddevice', 'PTB', 'pyo', 'pygame'] (in that order).
41.6367 	EXP 	Created window1 = Window(allowGUI=False, allowStencil=False, autoLog=True, backendConf=UNKNOWN, bitsMode=UNKNOWN, blendMode='avg', bpc=(8, 8, 8), color=array([0, 0, 0]), colorSpace='rgb', depthBits=8, fullscr=<method-wrapper '__getattribute__' of attributeSetter object at 0x000001D9ACACB5F8>, gamma=None, gammaErrorPolicy='raise', lms=UNKNOWN, monitor=<psychopy.monitors.calibTools.Monitor object at 0x000001D9ACB2BC88>, multiSample=False, name='window1', numSamples=2, pos=[0.0, 0.0], screen=0, size=array([1366,  768]), stencilBits=0, stereo=False, units='height', useFBO=True, useRetina=False, viewOri=0.0, viewPos=None, viewScale=None, waitBlanking=True, winType='pyglet')
41.6369 	EXP 	window1: mouseVisible = True
41.6370 	EXP 	window1: recordFrameIntervals = False
41.8034 	EXP 	window1: recordFrameIntervals = True
41.9873 	EXP 	window1: recordFrameIntervals = False
42.2632 	EXP 	Created InstruccionesGabor = TextStim(__class__=<class 'psychopy.visual.text.TextStim'>, alignHoriz=method-wrapper(...), alignText='center', alignVert=method-wrapper(...), anchorHoriz='center', anchorVert='center', antialias=True, autoLog=True, bold=False, color=array([1, 1, 1]), colorSpace='rgb', contrast=1.0, depth=0.0, flipHoriz=False, flipVert=False, font='Arial', fontFiles=[], height=0.1, italic=False, languageStyle='LTR', name='InstruccionesGabor', opacity=1, ori=0, pos=array([0., 0.]), rgb=UNKNOWN, text='Bienvenidos\nDescripcion de la tarea', units='height', win=Window(...), wrapWidth=1)
42.2678 	EXP 	Created grating = GratingStim(__class__=<class 'psychopy.visual.grating.GratingStim'>, autoDraw=False, autoLog=True, blendmode='avg', color=array([1, 1, 1]), colorSpace='rgb', contrast=1.0, depth=0.0, interpolate=True, mask='circle', maskParams=None, name='grating', opacity=1, ori=1.0, phase=array([0., 0.]), pos=array([0., 0.]), rgbPedestal=array([0., 0., 0.]), sf=array([1., 1.]), size=array([200., 200.]), tex='sin', texRes=128, units='pix', win=Window(...))
42.2821 	EXP 	Created feedback_2 = TextStim(__class__=<class 'psychopy.visual.text.TextStim'>, alignHoriz=method-wrapper(...), alignText='center', alignVert=method-wrapper(...), anchorHoriz='center', anchorVert='center', antialias=True, autoLog=True, bold=False, color=array([1, 1, 1]), colorSpace='rgb', contrast=1.0, depth=-1.0, flipHoriz=False, flipVert=False, font='Open Sans', fontFiles=[], height=0.1, italic=False, languageStyle='LTR', name='feedback_2', opacity=1, ori=0.0, pos=array([0., 0.]), rgb=UNKNOWN, text='default text', units='height', win=Window(...), wrapWidth=1)
42.2974 	EXP 	Created Gracias = TextStim(__class__=<class 'psychopy.visual.text.TextStim'>, alignHoriz=method-wrapper(...), alignText='center', alignVert=method-wrapper(...), anchorHoriz='center', anchorVert='center', antialias=True, autoLog=True, bold=False, color=array([1, 1, 1]), colorSpace='rgb', contrast=1.0, depth=0.0, flipHoriz=False, flipVert=False, font='Open Sans', fontFiles=[], height=0.1, italic=False, languageStyle='LTR', name='Gracias', opacity=1, ori=0.0, pos=array([0., 0.]), rgb=UNKNOWN, text='¡Muchas gracias por participar!', units='height', win=Window(...), wrapWidth=1)
42.8160 	EXP 	InstruccionesGabor: autoDraw = True
43.4115 	EXP 	Imported Gaborparametros.xlsx as conditions, 29 conditions, 5 params
43.4120 	EXP 	Created sequence: sequential, trialTypes=29, nReps=1, seed=None
43.4123 	EXP 	New trial (rep=0, index=0): {'FrecEspacial': 0.02, 'Orientation': 0.0, 'Fase': 0.0, 'Respuesta': 'Correcta', 'CorrectAns': 'right'}
43.4151 	DATA 	Keypress: space
43.4174 	EXP 	InstruccionesGabor: autoDraw = False
43.4174 	EXP 	grating: ori = 0.0
43.4174 	EXP 	grating: sf = array([0.02, 0.02])
43.5599 	EXP 	grating: autoDraw = True
43.5599 	EXP 	grating: tex = 'sin'
44.5508 	DATA 	Keypress: right
44.5532 	EXP 	grating: autoDraw = False
44.5532 	EXP 	feedback_2: text = 'Correct!'
44.5532 	EXP 	feedback_2: autoDraw = True
45.5502 	EXP 	New trial (rep=0, index=1): {'FrecEspacial': 0.01, 'Orientation': 45.0, 'Fase': 0.0, 'Respuesta': 'Correcta', 'CorrectAns': 'right'}
45.5636 	EXP 	feedback_2: autoDraw = False
45.5636 	EXP 	feedback_2: autoDraw = False
45.5636 	EXP 	grating: ori = 45.0
45.5636 	EXP 	grating: sf = array([0.01, 0.01])
45.6468 	EXP 	grating: autoDraw = True
46.5840 	DATA 	Keypress: right
46.6124 	EXP 	grating: autoDraw = False
46.6124 	EXP 	feedback_2: text = 'Correct!'
46.6124 	EXP 	feedback_2: autoDraw = True
47.6130 	EXP 	New trial (rep=0, index=2): {'FrecEspacial': 0.025, 'Orientation': 90.0, 'Fase': 0.0, 'Respuesta': 'Incorrecta', 'CorrectAns': 'left'}
47.6270 	EXP 	feedback_2: autoDraw = False
47.6270 	EXP 	feedback_2: autoDraw = False
47.6270 	EXP 	grating: ori = 90.0
47.6270 	EXP 	grating: sf = array([0.025, 0.025])
47.7101 	EXP 	grating: autoDraw = True
48.5004 	DATA 	Keypress: left
48.5089 	EXP 	grating: autoDraw = False
48.5089 	EXP 	feedback_2: text = 'Correct!'
48.5089 	EXP 	feedback_2: autoDraw = True
49.5104 	EXP 	New trial (rep=0, index=3): {'FrecEspacial': 0.045, 'Orientation': 135.0, 'Fase': 0.0, 'Respuesta': 'Incorrecta', 'CorrectAns': 'left'}
49.5243 	EXP 	feedback_2: autoDraw = False
49.5243 	EXP 	feedback_2: autoDraw = False
49.5243 	EXP 	grating: ori = 135.0
49.5243 	EXP 	grating: sf = array([0.045, 0.045])
49.6100 	EXP 	grating: autoDraw = True
50.6794 	DATA 	Keypress: right
50.7291 	EXP 	grating: autoDraw = False
50.7291 	EXP 	feedback_2: text = 'Oops! That was wrong'
50.7291 	EXP 	feedback_2: autoDraw = True
51.7236 	EXP 	New trial (rep=0, index=4): {'FrecEspacial': 0.09, 'Orientation': 0.0, 'Fase': 0.0, 'Respuesta': 'Correcta', 'CorrectAns': 'right'}
51.7374 	EXP 	feedback_2: autoDraw = False
51.7374 	EXP 	feedback_2: autoDraw = False
51.7374 	EXP 	grating: ori = 0.0
51.7374 	EXP 	grating: sf = array([0.09, 0.09])
51.8206 	EXP 	grating: autoDraw = True
52.2584 	DATA 	Keypress: escape
52.4813 	EXP 	window1: mouseVisible = True
