1.5322 	WARNING 	We strongly recommend you activate the PTB sound engine in PsychoPy prefs as the preferred audio engine. Its timing is vastly superior. Your prefs are currently set to use ['sounddevice', 'PTB', 'pyo', 'pygame'] (in that order).
44.9820 	WARNING 	User requested fullscreen with size [1680 1050], but screen is actually [1920, 1080]. Using actual size
45.6384 	EXP 	Created window1 = Window(allowGUI=False, allowStencil=False, autoLog=True, backendConf=UNKNOWN, bitsMode=UNKNOWN, blendMode='avg', bpc=(8, 8, 8), color=array([0, 0, 0]), colorSpace='rgb', depthBits=8, fullscr=<method-wrapper '__getattribute__' of attributeSetter object at 0x00000133724C5B20>, gamma=None, gammaErrorPolicy='raise', lms=UNKNOWN, monitor=<psychopy.monitors.calibTools.Monitor object at 0x00000133712A1F70>, multiSample=False, name='window1', numSamples=2, pos=(0, 0), screen=0, size=array([1920, 1080]), stencilBits=0, stereo=False, units='deg', useFBO=True, useRetina=False, viewOri=0.0, viewPos=None, viewScale=None, waitBlanking=True, winType='pyglet')
45.6386 	EXP 	window1: mouseVisible = True
45.6386 	EXP 	window1: Attempting to measure frame rate of screen (0) ...
45.6386 	EXP 	window1: recordFrameIntervals = False
45.8050 	EXP 	window1: recordFrameIntervals = True
45.9886 	EXP 	Screen (0) actual frame rate measured at 59.92Hz
45.9886 	EXP 	window1: recordFrameIntervals = False
48.1823 	EXP 	Created Instrucciones1 = TextStim(__class__=<class 'psychopy.visual.text.TextStim'>, alignHoriz=method-wrapper(...), alignText='center', alignVert=method-wrapper(...), anchorHoriz='center', anchorVert='center', antialias=True, autoLog=True, bold=False, color=array([-1., -1., -1.]), colorSpace='rgb', contrast=1.0, depth=0.0, flipHoriz=False, flipVert=False, font='Open Sans', fontFiles=[], height=0.05, italic=False, languageStyle='LTR', name='Instrucciones1', opacity=1.0, ori=0.0, pos=array([0., 0.]), rgb=UNKNOWN, text=str(...), units='height', win=Window(...), wrapWidth=1)
48.1920 	EXP 	Created Instrucciones2 = TextStim(__class__=<class 'psychopy.visual.text.TextStim'>, alignHoriz=method-wrapper(...), alignText='center', alignVert=method-wrapper(...), anchorHoriz='center', anchorVert='center', antialias=True, autoLog=True, bold=False, color=array([-1., -1., -1.]), colorSpace='rgb', contrast=1.0, depth=-2.0, flipHoriz=False, flipVert=False, font='Open Sans', fontFiles=[], height=0.05, italic=False, languageStyle='LTR', name='Instrucciones2', opacity=1.0, ori=0.0, pos=array([0., 0.]), rgb=UNKNOWN, text=str(...), units='height', win=Window(...), wrapWidth=1)
48.2061 	EXP 	Created Instrucciones3 = TextStim(__class__=<class 'psychopy.visual.text.TextStim'>, alignHoriz=method-wrapper(...), alignText='center', alignVert=method-wrapper(...), anchorHoriz='center', anchorVert='center', antialias=True, autoLog=True, bold=False, color=array([-1., -1., -1.]), colorSpace='rgb', contrast=1.0, depth=-4.0, flipHoriz=False, flipVert=False, font='Arial', fontFiles=[], height=0.05, italic=False, languageStyle='LTR', name='Instrucciones3', opacity=1.0, ori=0.0, pos=array([0., 0.]), rgb=UNKNOWN, text=str(...), units='height', win=Window(...), wrapWidth=1)
48.2249 	EXP 	Created instrucciones4 = TextStim(__class__=<class 'psychopy.visual.text.TextStim'>, alignHoriz=method-wrapper(...), alignText='center', alignVert=method-wrapper(...), anchorHoriz='center', anchorVert='center', antialias=True, autoLog=True, bold=False, color=array([-1., -1., -1.]), colorSpace='rgb', contrast=1.0, depth=-6.0, flipHoriz=False, flipVert=False, font='Arial', fontFiles=[], height=0.05, italic=False, languageStyle='LTR', name='instrucciones4', opacity=1.0, ori=0.0, pos=array([0., 0.]), rgb=UNKNOWN, text=str(...), units='height', win=Window(...), wrapWidth=1)
48.2355 	EXP 	Created Instrucciones5 = TextStim(__class__=<class 'psychopy.visual.text.TextStim'>, alignHoriz=method-wrapper(...), alignText='center', alignVert=method-wrapper(...), anchorHoriz='center', anchorVert='center', antialias=True, autoLog=True, bold=False, color=array([1., 1., 1.]), colorSpace='rgb', contrast=1.0, depth=-8.0, flipHoriz=False, flipVert=False, font='Open Sans', fontFiles=[], height=0.05, italic=False, languageStyle='LTR', name='Instrucciones5', opacity=1.0, ori=0.0, pos=array([0., 0.]), rgb=UNKNOWN, text=str(...), units='height', win=Window(...), wrapWidth=1)
48.2398 	EXP 	Created GratingPrueba = GratingStim(__class__=<class 'psychopy.visual.grating.GratingStim'>, anchor='center', autoDraw=False, autoLog=True, blendmode='avg', color=array([1., 1., 1.]), colorSpace='rgb', contrast=1.0, depth=-1.0, interpolate=True, mask='circle', maskParams=None, name='GratingPrueba', opacity=1.0, ori=1.0, phase=array([0., 0.]), pos=array([0., 0.]), rgbPedestal=array([0., 0., 0.]), sf=array([1., 1.]), size=array([200., 200.]), tex='sin', texRes=128, units='pix', win=Window(...))
48.2414 	EXP 	Created FeedbackPrueb = TextStim(__class__=<class 'psychopy.visual.text.TextStim'>, alignHoriz=method-wrapper(...), alignText='center', alignVert=method-wrapper(...), anchorHoriz='center', anchorVert='center', antialias=True, autoLog=True, bold=False, color=array([1., 1., 1.]), colorSpace='rgb', contrast=1.0, depth=0.0, flipHoriz=False, flipVert=False, font='Open Sans', fontFiles=[], height=0.1, italic=False, languageStyle='LTR', name='FeedbackPrueb', opacity=1.0, ori=0.0, pos=array([0., 0.]), rgb=UNKNOWN, text='', units='height', win=Window(...), wrapWidth=1)
48.2580 	EXP 	Created ComienzoTexto = TextStim(__class__=<class 'psychopy.visual.text.TextStim'>, alignHoriz=method-wrapper(...), alignText='center', alignVert=method-wrapper(...), anchorHoriz='center', anchorVert='center', antialias=True, autoLog=True, bold=False, color=array([-1., -1., -1.]), colorSpace='rgb', contrast=1.0, depth=0.0, flipHoriz=False, flipVert=False, font='Open Sans', fontFiles=[], height=0.05, italic=False, languageStyle='LTR', name='ComienzoTexto', opacity=1.0, ori=0.0, pos=array([0., 0.]), rgb=UNKNOWN, text=str(...), units='height', win=Window(...), wrapWidth=1)
48.2617 	EXP 	Created grating2 = GratingStim(__class__=<class 'psychopy.visual.grating.GratingStim'>, anchor='center', autoDraw=False, autoLog=True, blendmode='avg', color=array([1., 1., 1.]), colorSpace='rgb', contrast=1.0, depth=0.0, interpolate=True, mask='circle', maskParams=None, name='grating2', opacity=1.0, ori=1.0, phase=array([0., 0.]), pos=array([0., 0.]), rgbPedestal=array([0., 0., 0.]), sf=array([1., 1.]), size=array([200., 200.]), tex='sin', texRes=128, units='pix', win=Window(...))
48.2628 	EXP 	Created feedback_2 = TextStim(__class__=<class 'psychopy.visual.text.TextStim'>, alignHoriz=method-wrapper(...), alignText='center', alignVert=method-wrapper(...), anchorHoriz='center', anchorVert='center', antialias=True, autoLog=True, bold=False, color=array([1., 1., 1.]), colorSpace='rgb', contrast=1.0, depth=-1.0, flipHoriz=False, flipVert=False, font='Open Sans', fontFiles=[], height=0.1, italic=False, languageStyle='LTR', name='feedback_2', opacity=1.0, ori=0.0, pos=array([0., 0.]), rgb=UNKNOWN, text='', units='height', win=Window(...), wrapWidth=1)
48.2765 	EXP 	Created Gracias = TextStim(__class__=<class 'psychopy.visual.text.TextStim'>, alignHoriz=method-wrapper(...), alignText='center', alignVert=method-wrapper(...), anchorHoriz='center', anchorVert='center', antialias=True, autoLog=True, bold=False, color=array([1., 1., 1.]), colorSpace='rgb', contrast=1.0, depth=0.0, flipHoriz=False, flipVert=False, font='Open Sans', fontFiles=[], height=0.1, italic=False, languageStyle='LTR', name='Gracias', opacity=1.0, ori=0.0, pos=array([0., 0.]), rgb=UNKNOWN, text='¡Muchas gracias por participar!', units='height', win=Window(...), wrapWidth=1)
48.2797 	EXP 	Created image = ImageStim(__class__=<class 'psychopy.visual.image.ImageStim'>, anchor=('center', 'center'), autoLog=True, color=array([1., 1., 1.]), colorSpace='rgb', contrast=1.0, depth=-1.0, flipHoriz=False, flipVert=False, image=None, interpolate=True, mask=None, maskParams=None, name='image', opacity=1.0, ori=0.0, pos=array([0., 0.]), size=array([0.5, 0.5]), texRes=128.0, units='deg', win=Window(...))
49.2732 	EXP 	Instrucciones1: autoDraw = True
50.3585 	DATA 	Keypress: space
50.3729 	EXP 	Instrucciones1: autoDraw = False
50.3729 	EXP 	Instrucciones2: autoDraw = True
51.2255 	DATA 	Keypress: space
51.7417 	DATA 	Keypress: space
52.2291 	DATA 	Keypress: space
52.2419 	EXP 	Instrucciones2: autoDraw = False
52.2419 	EXP 	Instrucciones3: autoDraw = True
53.0932 	DATA 	Keypress: space
53.1072 	EXP 	Instrucciones3: autoDraw = False
53.1072 	EXP 	instrucciones4: autoDraw = True
53.9946 	DATA 	Keypress: space
54.0073 	EXP 	instrucciones4: autoDraw = False
54.0073 	EXP 	Instrucciones5: autoDraw = True
54.9267 	DATA 	Keypress: space
55.4433 	DATA 	Keypress: space
56.4595 	DATA 	Keypress: space
56.4748 	EXP 	Instrucciones5: autoDraw = False
64.0038 	EXP 	Imported Categorias mas separadas/Parametro C y D (mas superpuestas)/ParametrosCyDtest.xlsx as conditions, 20 conditions, 6 params
64.0053 	EXP 	Created sequence: sequential, trialTypes=20, nReps=1, seed=None
64.0061 	EXP 	New trial (rep=0, index=0): {'Frecuencia': 4.27678249580833, 'Orientation': 124.102171891128, 'Categoria': 'C', 'tecla': 'left', 'FrecuenciaEspacial': 0.02138391247904165, 'Orden': 1}
64.0086 	DATA 	Keypress: space
64.0169 	EXP 	Instrucciones1: autoDraw = False
64.0169 	EXP 	Instrucciones2: autoDraw = False
64.0169 	EXP 	Instrucciones3: autoDraw = False
64.0169 	EXP 	instrucciones4: autoDraw = False
64.0169 	EXP 	Instrucciones5: autoDraw = False
64.0169 	EXP 	GratingPrueba: ori = 124.102171891128
64.0169 	EXP 	GratingPrueba: sf = array([0.02138391, 0.02138391])
64.1132 	EXP 	GratingPrueba: autoDraw = True
64.1132 	EXP 	GratingPrueba: tex = 'sin'
65.3355 	DATA 	Keypress: right
65.3457 	EXP 	GratingPrueba: autoDraw = False
65.3457 	EXP 	FeedbackPrueb: text = ''
65.3457 	EXP 	FeedbackPrueb: autoDraw = True
65.3457 	EXP 	FeedbackPrueb: height = 0.1
65.3457 	EXP 	FeedbackPrueb: height = 0.1
65.3457 	EXP 	FeedbackPrueb: text = ''
66.3459 	EXP 	New trial (rep=0, index=1): {'Frecuencia': 4.2774622470586, 'Orientation': 127.35314068363, 'Categoria': 'C', 'tecla': 'left', 'FrecuenciaEspacial': 0.021387311235293, 'Orden': 2}
66.3607 	EXP 	FeedbackPrueb: autoDraw = False
66.3607 	EXP 	FeedbackPrueb: autoDraw = False
66.3607 	EXP 	GratingPrueba: ori = 127.35314068363
66.3607 	EXP 	GratingPrueba: sf = array([0.02138731, 0.02138731])
66.4442 	EXP 	GratingPrueba: autoDraw = True
67.2618 	DATA 	Keypress: right
67.2700 	EXP 	GratingPrueba: autoDraw = False
67.2700 	EXP 	FeedbackPrueb: height = 0.1
67.2700 	EXP 	FeedbackPrueb: height = 0.1
67.2700 	EXP 	FeedbackPrueb: text = 'Oops! That was wrong'
67.2700 	EXP 	FeedbackPrueb: autoDraw = True
68.2620 	EXP 	New trial (rep=0, index=2): {'Frecuencia': 6.39892297627096, 'Orientation': 121.458468385952, 'Categoria': 'D', 'tecla': 'right', 'FrecuenciaEspacial': 0.0319946148813548, 'Orden': 3}
68.2780 	EXP 	FeedbackPrueb: autoDraw = False
68.2780 	EXP 	FeedbackPrueb: autoDraw = False
68.2780 	EXP 	GratingPrueba: ori = 121.458468385952
68.2780 	EXP 	GratingPrueba: sf = array([0.03199461, 0.03199461])
68.3613 	EXP 	GratingPrueba: autoDraw = True
69.3646 	DATA 	Keypress: left
69.3785 	EXP 	GratingPrueba: autoDraw = False
69.3785 	EXP 	FeedbackPrueb: text = 'Oops! That was wrong'
69.3785 	EXP 	FeedbackPrueb: autoDraw = True
70.3630 	EXP 	New trial (rep=0, index=3): {'Frecuencia': 4.35891575248522, 'Orientation': 126.428911871229, 'Categoria': 'C', 'tecla': 'left', 'FrecuenciaEspacial': 0.021794578762426096, 'Orden': 4}
70.3786 	EXP 	FeedbackPrueb: autoDraw = False
70.3786 	EXP 	FeedbackPrueb: autoDraw = False
70.3786 	EXP 	GratingPrueba: ori = 126.428911871229
70.3786 	EXP 	GratingPrueba: sf = array([0.02179458, 0.02179458])
70.4618 	EXP 	GratingPrueba: autoDraw = True
71.7155 	DATA 	Keypress: left
71.7292 	EXP 	GratingPrueba: autoDraw = False
71.7292 	EXP 	FeedbackPrueb: text = 'Oops! That was wrong'
71.7292 	EXP 	FeedbackPrueb: autoDraw = True
72.7134 	EXP 	New trial (rep=0, index=4): {'Frecuencia': 4.25105804705957, 'Orientation': 121.564462014664, 'Categoria': 'C', 'tecla': 'left', 'FrecuenciaEspacial': 0.02125529023529785, 'Orden': 5}
72.7293 	EXP 	FeedbackPrueb: autoDraw = False
72.7293 	EXP 	FeedbackPrueb: autoDraw = False
72.7293 	EXP 	GratingPrueba: ori = 121.564462014664
72.7293 	EXP 	GratingPrueba: sf = array([0.02125529, 0.02125529])
72.8127 	EXP 	GratingPrueba: autoDraw = True
73.6040 	DATA 	Keypress: right
73.6147 	EXP 	GratingPrueba: autoDraw = False
73.6147 	EXP 	FeedbackPrueb: height = 0.1
73.6147 	EXP 	FeedbackPrueb: height = 0.1
73.6147 	EXP 	FeedbackPrueb: text = 'Correct!'
73.6147 	EXP 	FeedbackPrueb: autoDraw = True
74.6140 	EXP 	New trial (rep=0, index=5): {'Frecuencia': 6.01299795399087, 'Orientation': 126.883472086723, 'Categoria': 'D', 'tecla': 'right', 'FrecuenciaEspacial': 0.03006498976995435, 'Orden': 6}
74.6300 	EXP 	FeedbackPrueb: autoDraw = False
74.6300 	EXP 	FeedbackPrueb: autoDraw = False
74.6300 	EXP 	GratingPrueba: ori = 126.883472086723
74.6300 	EXP 	GratingPrueba: sf = array([0.03006499, 0.03006499])
74.7134 	EXP 	GratingPrueba: autoDraw = True
76.0044 	DATA 	Keypress: left
76.0148 	EXP 	GratingPrueba: autoDraw = False
76.0148 	EXP 	FeedbackPrueb: height = 0.1
76.0148 	EXP 	FeedbackPrueb: height = 0.1
76.0148 	EXP 	FeedbackPrueb: text = 'Oops! That was wrong'
76.0148 	EXP 	FeedbackPrueb: autoDraw = True
76.9984 	EXP 	New trial (rep=0, index=6): {'Frecuencia': 6.19001772871431, 'Orientation': 123.671384012155, 'Categoria': 'D', 'tecla': 'right', 'FrecuenciaEspacial': 0.03095008864357155, 'Orden': 7}
77.0148 	EXP 	FeedbackPrueb: autoDraw = False
77.0148 	EXP 	FeedbackPrueb: autoDraw = False
77.0148 	EXP 	GratingPrueba: ori = 123.671384012155
77.0148 	EXP 	GratingPrueba: sf = array([0.03095009, 0.03095009])
77.0982 	EXP 	GratingPrueba: autoDraw = True
78.4344 	DATA 	Keypress: right
78.4484 	EXP 	GratingPrueba: autoDraw = False
78.4484 	EXP 	FeedbackPrueb: text = 'Oops! That was wrong'
78.4484 	EXP 	FeedbackPrueb: autoDraw = True
79.4327 	EXP 	New trial (rep=0, index=7): {'Frecuencia': 4.28894889173734, 'Orientation': 121.73542168508, 'Categoria': 'C', 'tecla': 'left', 'FrecuenciaEspacial': 0.0214447444586867, 'Orden': 8}
79.4486 	EXP 	FeedbackPrueb: autoDraw = False
79.4486 	EXP 	FeedbackPrueb: autoDraw = False
79.4486 	EXP 	GratingPrueba: ori = 121.73542168508
79.4486 	EXP 	GratingPrueba: sf = array([0.02144474, 0.02144474])
79.5319 	EXP 	GratingPrueba: autoDraw = True
81.3552 	DATA 	Keypress: left
81.3662 	EXP 	GratingPrueba: autoDraw = False
81.3662 	EXP 	FeedbackPrueb: height = 0.1
81.3662 	EXP 	FeedbackPrueb: height = 0.1
81.3662 	EXP 	FeedbackPrueb: text = 'Correct!'
81.3662 	EXP 	FeedbackPrueb: autoDraw = True
82.3502 	EXP 	New trial (rep=0, index=8): {'Frecuencia': 5.9790093738298, 'Orientation': 126.7426044321, 'Categoria': 'D', 'tecla': 'right', 'FrecuenciaEspacial': 0.029895046869148997, 'Orden': 9}
82.3660 	EXP 	FeedbackPrueb: autoDraw = False
82.3660 	EXP 	FeedbackPrueb: autoDraw = False
82.3660 	EXP 	GratingPrueba: ori = 126.7426044321
82.3660 	EXP 	GratingPrueba: sf = array([0.02989505, 0.02989505])
82.4498 	EXP 	GratingPrueba: autoDraw = True
82.9852 	DATA 	Keypress: right
83.0164 	EXP 	GratingPrueba: autoDraw = False
83.0164 	EXP 	FeedbackPrueb: text = 'Correct!'
83.0164 	EXP 	FeedbackPrueb: autoDraw = True
84.0008 	EXP 	New trial (rep=0, index=9): {'Frecuencia': 5.85994836435928, 'Orientation': 123.241236805466, 'Categoria': 'D', 'tecla': 'right', 'FrecuenciaEspacial': 0.0292997418217964, 'Orden': 10}
84.0167 	EXP 	FeedbackPrueb: autoDraw = False
84.0167 	EXP 	FeedbackPrueb: autoDraw = False
84.0167 	EXP 	GratingPrueba: ori = 123.241236805466
84.0167 	EXP 	GratingPrueba: sf = array([0.02929974, 0.02929974])
84.1005 	EXP 	GratingPrueba: autoDraw = True
85.4027 	DATA 	Keypress: right
85.4171 	EXP 	GratingPrueba: autoDraw = False
85.4171 	EXP 	FeedbackPrueb: text = 'Correct!'
85.4171 	EXP 	FeedbackPrueb: autoDraw = True
86.4015 	EXP 	New trial (rep=0, index=10): {'Frecuencia': 4.08807541345859, 'Orientation': 121.78673616566, 'Categoria': 'C', 'tecla': 'left', 'FrecuenciaEspacial': 0.020440377067292948, 'Orden': 11}
86.4174 	EXP 	FeedbackPrueb: autoDraw = False
86.4174 	EXP 	FeedbackPrueb: autoDraw = False
86.4174 	EXP 	GratingPrueba: ori = 121.78673616566
86.4174 	EXP 	GratingPrueba: sf = array([0.02044038, 0.02044038])
86.5007 	EXP 	GratingPrueba: autoDraw = True
87.2701 	DATA 	Keypress: left
87.2844 	EXP 	GratingPrueba: autoDraw = False
87.2844 	EXP 	FeedbackPrueb: text = 'Correct!'
87.2844 	EXP 	FeedbackPrueb: autoDraw = True
88.2688 	EXP 	New trial (rep=0, index=11): {'Frecuencia': 3.97308644904996, 'Orientation': 130.600474201337, 'Categoria': 'C', 'tecla': 'left', 'FrecuenciaEspacial': 0.0198654322452498, 'Orden': 12}
88.2847 	EXP 	FeedbackPrueb: autoDraw = False
88.2847 	EXP 	FeedbackPrueb: autoDraw = False
88.2847 	EXP 	GratingPrueba: ori = 130.600474201337
88.2847 	EXP 	GratingPrueba: sf = array([0.01986543, 0.01986543])
88.3681 	EXP 	GratingPrueba: autoDraw = True
89.1205 	DATA 	Keypress: right
89.1347 	EXP 	GratingPrueba: autoDraw = False
89.1347 	EXP 	FeedbackPrueb: text = 'Correct!'
89.1347 	EXP 	FeedbackPrueb: autoDraw = True
90.1197 	EXP 	New trial (rep=0, index=12): {'Frecuencia': 4.33655731695023, 'Orientation': 122.266729602767, 'Categoria': 'C', 'tecla': 'left', 'FrecuenciaEspacial': 0.02168278658475115, 'Orden': 13}
90.1352 	EXP 	FeedbackPrueb: autoDraw = False
90.1352 	EXP 	FeedbackPrueb: autoDraw = False
90.1352 	EXP 	GratingPrueba: ori = 122.266729602767
90.1352 	EXP 	GratingPrueba: sf = array([0.02168279, 0.02168279])
90.2186 	EXP 	GratingPrueba: autoDraw = True
91.1921 	DATA 	Keypress: right
91.2035 	EXP 	GratingPrueba: autoDraw = False
91.2035 	EXP 	FeedbackPrueb: height = 0.1
91.2035 	EXP 	FeedbackPrueb: height = 0.1
91.2035 	EXP 	FeedbackPrueb: text = 'Oops! That was wrong'
91.2035 	EXP 	FeedbackPrueb: autoDraw = True
92.1866 	EXP 	New trial (rep=0, index=13): {'Frecuencia': 4.36292548452127, 'Orientation': 122.048955725982, 'Categoria': 'C', 'tecla': 'left', 'FrecuenciaEspacial': 0.02181462742260635, 'Orden': 14}
92.2026 	EXP 	FeedbackPrueb: autoDraw = False
92.2026 	EXP 	FeedbackPrueb: autoDraw = False
92.2026 	EXP 	GratingPrueba: ori = 122.048955725982
92.2026 	EXP 	GratingPrueba: sf = array([0.02181463, 0.02181463])
92.2859 	EXP 	GratingPrueba: autoDraw = True
92.9885 	DATA 	Keypress: left
93.0028 	EXP 	GratingPrueba: autoDraw = False
93.0028 	EXP 	FeedbackPrueb: text = 'Oops! That was wrong'
93.0028 	EXP 	FeedbackPrueb: autoDraw = True
93.9871 	EXP 	New trial (rep=0, index=14): {'Frecuencia': 6.21753476784453, 'Orientation': 124.977612727287, 'Categoria': 'D', 'tecla': 'right', 'FrecuenciaEspacial': 0.03108767383922265, 'Orden': 15}
94.0029 	EXP 	FeedbackPrueb: autoDraw = False
94.0029 	EXP 	FeedbackPrueb: autoDraw = False
94.0029 	EXP 	GratingPrueba: ori = 124.977612727287
94.0029 	EXP 	GratingPrueba: sf = array([0.03108767, 0.03108767])
94.0865 	EXP 	GratingPrueba: autoDraw = True
94.8091 	DATA 	Keypress: left
94.8206 	EXP 	GratingPrueba: autoDraw = False
94.8206 	EXP 	FeedbackPrueb: height = 0.1
94.8206 	EXP 	FeedbackPrueb: height = 0.1
94.8206 	EXP 	FeedbackPrueb: text = 'Correct!'
94.8206 	EXP 	FeedbackPrueb: autoDraw = True
95.8044 	EXP 	New trial (rep=0, index=15): {'Frecuencia': 4.37409266459488, 'Orientation': 120.871756794389, 'Categoria': 'C', 'tecla': 'left', 'FrecuenciaEspacial': 0.021870463322974397, 'Orden': 16}
95.8204 	EXP 	FeedbackPrueb: autoDraw = False
95.8204 	EXP 	FeedbackPrueb: autoDraw = False
95.8204 	EXP 	GratingPrueba: ori = 120.871756794389
95.8204 	EXP 	GratingPrueba: sf = array([0.02187046, 0.02187046])
95.9037 	EXP 	GratingPrueba: autoDraw = True
96.8938 	DATA 	Keypress: right
96.9054 	EXP 	GratingPrueba: autoDraw = False
96.9054 	EXP 	FeedbackPrueb: height = 0.1
96.9054 	EXP 	FeedbackPrueb: height = 0.1
96.9054 	EXP 	FeedbackPrueb: text = 'Oops! That was wrong'
96.9054 	EXP 	FeedbackPrueb: autoDraw = True
97.8891 	EXP 	New trial (rep=0, index=16): {'Frecuencia': 6.0389343246197, 'Orientation': 124.824012507754, 'Categoria': 'D', 'tecla': 'right', 'FrecuenciaEspacial': 0.030194671623098503, 'Orden': 17}
97.9043 	EXP 	FeedbackPrueb: autoDraw = False
97.9043 	EXP 	FeedbackPrueb: autoDraw = False
97.9043 	EXP 	GratingPrueba: ori = 124.824012507754
97.9043 	EXP 	GratingPrueba: sf = array([0.03019467, 0.03019467])
97.9878 	EXP 	GratingPrueba: autoDraw = True
98.8736 	DATA 	Keypress: left
98.8882 	EXP 	GratingPrueba: autoDraw = False
98.8882 	EXP 	FeedbackPrueb: text = 'Oops! That was wrong'
98.8882 	EXP 	FeedbackPrueb: autoDraw = True
99.8727 	EXP 	New trial (rep=0, index=17): {'Frecuencia': 6.00539778672543, 'Orientation': 121.531819967067, 'Categoria': 'D', 'tecla': 'right', 'FrecuenciaEspacial': 0.03002698893362715, 'Orden': 18}
99.8881 	EXP 	FeedbackPrueb: autoDraw = False
99.8881 	EXP 	FeedbackPrueb: autoDraw = False
99.8881 	EXP 	GratingPrueba: ori = 121.531819967067
99.8881 	EXP 	GratingPrueba: sf = array([0.03002699, 0.03002699])
99.9715 	EXP 	GratingPrueba: autoDraw = True
100.7744 	DATA 	Keypress: left
100.7885 	EXP 	GratingPrueba: autoDraw = False
100.7885 	EXP 	FeedbackPrueb: text = 'Oops! That was wrong'
100.7885 	EXP 	FeedbackPrueb: autoDraw = True
101.7730 	EXP 	New trial (rep=0, index=18): {'Frecuencia': 6.03311475641765, 'Orientation': 125.747387448784, 'Categoria': 'D', 'tecla': 'right', 'FrecuenciaEspacial': 0.03016557378208825, 'Orden': 19}
101.7905 	EXP 	FeedbackPrueb: autoDraw = False
101.7905 	EXP 	FeedbackPrueb: autoDraw = False
101.7905 	EXP 	GratingPrueba: ori = 125.747387448784
101.7905 	EXP 	GratingPrueba: sf = array([0.03016557, 0.03016557])
101.8720 	EXP 	GratingPrueba: autoDraw = True
102.2078 	DATA 	Keypress: right
102.2226 	EXP 	GratingPrueba: autoDraw = False
102.2226 	EXP 	FeedbackPrueb: text = 'Oops! That was wrong'
102.2226 	EXP 	FeedbackPrueb: autoDraw = True
103.2066 	EXP 	New trial (rep=0, index=19): {'Frecuencia': 5.92116904802556, 'Orientation': 124.69145744445, 'Categoria': 'D', 'tecla': 'right', 'FrecuenciaEspacial': 0.029605845240127802, 'Orden': 20}
103.2229 	EXP 	FeedbackPrueb: autoDraw = False
103.2229 	EXP 	FeedbackPrueb: autoDraw = False
103.2229 	EXP 	GratingPrueba: ori = 124.69145744445
103.2229 	EXP 	GratingPrueba: sf = array([0.02960585, 0.02960585])
103.3063 	EXP 	GratingPrueba: autoDraw = True
104.1625 	DATA 	Keypress: right
104.1735 	EXP 	GratingPrueba: autoDraw = False
104.1735 	EXP 	FeedbackPrueb: height = 0.1
104.1735 	EXP 	FeedbackPrueb: height = 0.1
104.1735 	EXP 	FeedbackPrueb: text = 'Correct!'
104.1735 	EXP 	FeedbackPrueb: autoDraw = True
105.1944 	EXP 	FeedbackPrueb: autoDraw = False
105.1944 	EXP 	FeedbackPrueb: autoDraw = False
105.6901 	EXP 	ComienzoTexto: autoDraw = True
108.7736 	EXP 	Imported Categorias mas separadas/Parametro C y D (mas superpuestas)/ParametrosCyD.xlsx as conditions, 80 conditions, 6 params
108.7746 	EXP 	Created sequence: sequential, trialTypes=80, nReps=1, seed=None
108.7749 	EXP 	New trial (rep=0, index=0): {'Frecuencia': 6.23036061399096, 'Orientation': 125.549882299659, 'Categoria': 'D', 'tecla': 'right', 'FrecuenciaEspacial': 0.0311518030699548, 'Orden': 1}
108.7758 	DATA 	Keypress: space
108.7860 	EXP 	ComienzoTexto: autoDraw = False
108.7860 	EXP 	grating2: ori = 125.549882299659
108.7860 	EXP 	grating2: sf = array([0.0311518, 0.0311518])
108.8578 	EXP 	grating2: autoDraw = True
108.8578 	EXP 	grating2: tex = 'sin'
110.5566 	DATA 	Keypress: right
110.5646 	EXP 	grating2: autoDraw = False
110.5646 	EXP 	feedback_2: height = 0.1
110.5646 	EXP 	feedback_2: height = 0.1
110.5646 	EXP 	feedback_2: text = 'Correct!'
110.5646 	EXP 	feedback_2: autoDraw = True
111.5594 	EXP 	New trial (rep=0, index=1): {'Frecuencia': 4.29814884017468, 'Orientation': 128.787297250169, 'Categoria': 'C', 'tecla': 'left', 'FrecuenciaEspacial': 0.0214907442008734, 'Orden': 2}
111.5746 	EXP 	feedback_2: autoDraw = False
111.5746 	EXP 	feedback_2: autoDraw = False
111.5746 	EXP 	grating2: ori = 128.787297250169
111.5746 	EXP 	grating2: sf = array([0.02149074, 0.02149074])
111.6581 	EXP 	grating2: autoDraw = True
112.4778 	DATA 	Keypress: left
112.4916 	EXP 	grating2: autoDraw = False
112.4916 	EXP 	feedback_2: text = 'Correct!'
112.4916 	EXP 	feedback_2: autoDraw = True
113.4762 	EXP 	New trial (rep=0, index=2): {'Frecuencia': 6.16923167429551, 'Orientation': 128.234172105707, 'Categoria': 'D', 'tecla': 'right', 'FrecuenciaEspacial': 0.03084615837147755, 'Orden': 3}
113.4919 	EXP 	feedback_2: autoDraw = False
113.4919 	EXP 	feedback_2: autoDraw = False
113.4919 	EXP 	grating2: ori = 128.234172105707
113.4919 	EXP 	grating2: sf = array([0.03084616, 0.03084616])
113.5755 	EXP 	grating2: autoDraw = True
114.4782 	DATA 	Keypress: right
114.4924 	EXP 	grating2: autoDraw = False
114.4924 	EXP 	feedback_2: text = 'Correct!'
114.4924 	EXP 	feedback_2: autoDraw = True
115.4769 	EXP 	New trial (rep=0, index=3): {'Frecuencia': 6.22238997797004, 'Orientation': 125.506457536291, 'Categoria': 'D', 'tecla': 'right', 'FrecuenciaEspacial': 0.0311119498898502, 'Orden': 4}
115.4928 	EXP 	feedback_2: autoDraw = False
115.4928 	EXP 	feedback_2: autoDraw = False
115.4928 	EXP 	grating2: ori = 125.506457536291
115.4928 	EXP 	grating2: sf = array([0.03111195, 0.03111195])
115.5762 	EXP 	grating2: autoDraw = True
116.5278 	DATA 	Keypress: right
116.5602 	EXP 	grating2: autoDraw = False
116.5602 	EXP 	feedback_2: text = 'Correct!'
116.5602 	EXP 	feedback_2: autoDraw = True
117.5444 	EXP 	New trial (rep=0, index=4): {'Frecuencia': 4.08180738017108, 'Orientation': 126.804790008955, 'Categoria': 'C', 'tecla': 'left', 'FrecuenciaEspacial': 0.0204090369008554, 'Orden': 5}
117.5604 	EXP 	feedback_2: autoDraw = False
117.5604 	EXP 	feedback_2: autoDraw = False
117.5604 	EXP 	grating2: ori = 126.804790008955
117.5604 	EXP 	grating2: sf = array([0.02040904, 0.02040904])
117.6439 	EXP 	grating2: autoDraw = True
118.3631 	DATA 	Keypress: left
118.3774 	EXP 	grating2: autoDraw = False
118.3774 	EXP 	feedback_2: text = 'Correct!'
118.3774 	EXP 	feedback_2: autoDraw = True
119.3618 	EXP 	New trial (rep=0, index=5): {'Frecuencia': 5.98071417673421, 'Orientation': 125.125631000143, 'Categoria': 'D', 'tecla': 'right', 'FrecuenciaEspacial': 0.02990357088367105, 'Orden': 6}
119.3776 	EXP 	feedback_2: autoDraw = False
119.3776 	EXP 	feedback_2: autoDraw = False
119.3776 	EXP 	grating2: ori = 125.125631000143
119.3776 	EXP 	grating2: sf = array([0.02990357, 0.02990357])
119.4610 	EXP 	grating2: autoDraw = True
120.2303 	DATA 	Keypress: right
120.2445 	EXP 	grating2: autoDraw = False
120.2445 	EXP 	feedback_2: text = 'Correct!'
120.2445 	EXP 	feedback_2: autoDraw = True
121.2294 	EXP 	New trial (rep=0, index=6): {'Frecuencia': 6.09831842541326, 'Orientation': 126.29361036976, 'Categoria': 'D', 'tecla': 'right', 'FrecuenciaEspacial': 0.0304915921270663, 'Orden': 7}
121.2460 	EXP 	feedback_2: autoDraw = False
121.2460 	EXP 	feedback_2: autoDraw = False
121.2460 	EXP 	grating2: ori = 126.29361036976
121.2460 	EXP 	grating2: sf = array([0.03049159, 0.03049159])
121.3282 	EXP 	grating2: autoDraw = True
122.2349 	DATA 	Keypress: left
122.2462 	EXP 	grating2: autoDraw = False
122.2462 	EXP 	feedback_2: height = 0.1
122.2462 	EXP 	feedback_2: height = 0.1
122.2462 	EXP 	feedback_2: text = 'Oops! That was wrong'
122.2462 	EXP 	feedback_2: autoDraw = True
123.2297 	EXP 	New trial (rep=0, index=7): {'Frecuencia': 6.24755672722504, 'Orientation': 130.752703805366, 'Categoria': 'D', 'tecla': 'right', 'FrecuenciaEspacial': 0.0312377836361252, 'Orden': 8}
123.2456 	EXP 	feedback_2: autoDraw = False
123.2456 	EXP 	feedback_2: autoDraw = False
123.2456 	EXP 	grating2: ori = 130.752703805366
123.2456 	EXP 	grating2: sf = array([0.03123778, 0.03123778])
123.3288 	EXP 	grating2: autoDraw = True
124.8010 	DATA 	Keypress: right
124.8128 	EXP 	grating2: autoDraw = False
124.8128 	EXP 	feedback_2: height = 0.1
124.8128 	EXP 	feedback_2: height = 0.1
124.8128 	EXP 	feedback_2: text = 'Correct!'
124.8128 	EXP 	feedback_2: autoDraw = True
125.7969 	EXP 	New trial (rep=0, index=8): {'Frecuencia': 6.06237586665924, 'Orientation': 124.235291425652, 'Categoria': 'D', 'tecla': 'right', 'FrecuenciaEspacial': 0.0303118793332962, 'Orden': 9}
125.8130 	EXP 	feedback_2: autoDraw = False
125.8130 	EXP 	feedback_2: autoDraw = False
125.8130 	EXP 	grating2: ori = 124.235291425652
125.8130 	EXP 	grating2: sf = array([0.03031188, 0.03031188])
125.8966 	EXP 	grating2: autoDraw = True
126.6489 	DATA 	Keypress: right
126.6632 	EXP 	grating2: autoDraw = False
126.6632 	EXP 	feedback_2: text = 'Correct!'
126.6632 	EXP 	feedback_2: autoDraw = True
127.6475 	EXP 	New trial (rep=0, index=9): {'Frecuencia': 4.36259076678281, 'Orientation': 123.731672255809, 'Categoria': 'C', 'tecla': 'left', 'FrecuenciaEspacial': 0.02181295383391405, 'Orden': 10}
127.6637 	EXP 	feedback_2: autoDraw = False
127.6637 	EXP 	feedback_2: autoDraw = False
127.6637 	EXP 	grating2: ori = 123.731672255809
127.6637 	EXP 	grating2: sf = array([0.02181295, 0.02181295])
127.7471 	EXP 	grating2: autoDraw = True
128.3830 	DATA 	Keypress: left
128.3970 	EXP 	grating2: autoDraw = False
128.3970 	EXP 	feedback_2: text = 'Correct!'
128.3970 	EXP 	feedback_2: autoDraw = True
129.3818 	EXP 	New trial (rep=0, index=10): {'Frecuencia': 4.17558325044733, 'Orientation': 128.727853845576, 'Categoria': 'C', 'tecla': 'left', 'FrecuenciaEspacial': 0.02087791625223665, 'Orden': 11}
129.3975 	EXP 	feedback_2: autoDraw = False
129.3975 	EXP 	feedback_2: autoDraw = False
129.3975 	EXP 	grating2: ori = 128.727853845576
129.3975 	EXP 	grating2: sf = array([0.02087792, 0.02087792])
129.4810 	EXP 	grating2: autoDraw = True
130.2168 	DATA 	Keypress: left
130.2314 	EXP 	grating2: autoDraw = False
130.2314 	EXP 	feedback_2: text = 'Correct!'
130.2314 	EXP 	feedback_2: autoDraw = True
131.2161 	EXP 	New trial (rep=0, index=11): {'Frecuencia': 4.29792804290124, 'Orientation': 127.677859602201, 'Categoria': 'C', 'tecla': 'left', 'FrecuenciaEspacial': 0.0214896402145062, 'Orden': 12}
131.2316 	EXP 	feedback_2: autoDraw = False
131.2316 	EXP 	feedback_2: autoDraw = False
131.2316 	EXP 	grating2: ori = 127.677859602201
131.2316 	EXP 	grating2: sf = array([0.02148964, 0.02148964])
131.3146 	EXP 	grating2: autoDraw = True
131.9173 	DATA 	Keypress: left
131.9326 	EXP 	grating2: autoDraw = False
131.9326 	EXP 	feedback_2: text = 'Correct!'
131.9326 	EXP 	feedback_2: autoDraw = True
132.9162 	EXP 	New trial (rep=0, index=12): {'Frecuencia': 5.98552035424824, 'Orientation': 121.912175716825, 'Categoria': 'D', 'tecla': 'right', 'FrecuenciaEspacial': 0.029927601771241197, 'Orden': 13}
132.9320 	EXP 	feedback_2: autoDraw = False
132.9320 	EXP 	feedback_2: autoDraw = False
132.9320 	EXP 	grating2: ori = 121.912175716825
132.9320 	EXP 	grating2: sf = array([0.0299276, 0.0299276])
133.0152 	EXP 	grating2: autoDraw = True
134.4890 	DATA 	Keypress: left
134.5002 	EXP 	grating2: autoDraw = False
134.5002 	EXP 	feedback_2: height = 0.1
134.5002 	EXP 	feedback_2: height = 0.1
134.5002 	EXP 	feedback_2: text = 'Oops! That was wrong'
134.5002 	EXP 	feedback_2: autoDraw = True
135.4841 	EXP 	New trial (rep=0, index=13): {'Frecuencia': 5.92481994767326, 'Orientation': 127.932705335364, 'Categoria': 'D', 'tecla': 'right', 'FrecuenciaEspacial': 0.0296240997383663, 'Orden': 14}
135.4996 	EXP 	feedback_2: autoDraw = False
135.4996 	EXP 	feedback_2: autoDraw = False
135.4996 	EXP 	grating2: ori = 127.932705335364
135.4996 	EXP 	grating2: sf = array([0.0296241, 0.0296241])
135.5828 	EXP 	grating2: autoDraw = True
136.5385 	DATA 	Keypress: right
136.5493 	EXP 	grating2: autoDraw = False
136.5493 	EXP 	feedback_2: height = 0.1
136.5493 	EXP 	feedback_2: height = 0.1
136.5493 	EXP 	feedback_2: text = 'Correct!'
136.5493 	EXP 	feedback_2: autoDraw = True
137.5339 	EXP 	New trial (rep=0, index=14): {'Frecuencia': 4.2335650145177, 'Orientation': 125.188634705148, 'Categoria': 'C', 'tecla': 'left', 'FrecuenciaEspacial': 0.021167825072588502, 'Orden': 15}
137.5498 	EXP 	feedback_2: autoDraw = False
137.5498 	EXP 	feedback_2: autoDraw = False
137.5498 	EXP 	grating2: ori = 125.188634705148
137.5498 	EXP 	grating2: sf = array([0.02116783, 0.02116783])
137.6333 	EXP 	grating2: autoDraw = True
138.9520 	DATA 	Keypress: left
138.9836 	EXP 	grating2: autoDraw = False
138.9836 	EXP 	feedback_2: text = 'Correct!'
138.9836 	EXP 	feedback_2: autoDraw = True
139.9683 	EXP 	New trial (rep=0, index=15): {'Frecuencia': 6.3703290388659, 'Orientation': 126.308203409306, 'Categoria': 'D', 'tecla': 'right', 'FrecuenciaEspacial': 0.0318516451943295, 'Orden': 16}
139.9838 	EXP 	feedback_2: autoDraw = False
139.9838 	EXP 	feedback_2: autoDraw = False
139.9838 	EXP 	grating2: ori = 126.308203409306
139.9838 	EXP 	grating2: sf = array([0.03185165, 0.03185165])
140.0670 	EXP 	grating2: autoDraw = True
141.0203 	DATA 	Keypress: right
141.0343 	EXP 	grating2: autoDraw = False
141.0343 	EXP 	feedback_2: text = 'Correct!'
141.0343 	EXP 	feedback_2: autoDraw = True
142.0193 	EXP 	New trial (rep=0, index=16): {'Frecuencia': 4.23009518984663, 'Orientation': 116.848601301212, 'Categoria': 'C', 'tecla': 'left', 'FrecuenciaEspacial': 0.021150475949233152, 'Orden': 17}
142.0349 	EXP 	feedback_2: autoDraw = False
142.0349 	EXP 	feedback_2: autoDraw = False
142.0349 	EXP 	grating2: ori = 116.848601301212
142.0349 	EXP 	grating2: sf = array([0.02115048, 0.02115048])
142.1182 	EXP 	grating2: autoDraw = True
143.1540 	DATA 	Keypress: left
143.1682 	EXP 	grating2: autoDraw = False
143.1682 	EXP 	feedback_2: text = 'Correct!'
143.1682 	EXP 	feedback_2: autoDraw = True
144.1528 	EXP 	New trial (rep=0, index=17): {'Frecuencia': 6.33764164416274, 'Orientation': 121.087917975165, 'Categoria': 'D', 'tecla': 'right', 'FrecuenciaEspacial': 0.031688208220813696, 'Orden': 18}
144.1687 	EXP 	feedback_2: autoDraw = False
144.1687 	EXP 	feedback_2: autoDraw = False
144.1687 	EXP 	grating2: ori = 121.087917975165
144.1687 	EXP 	grating2: sf = array([0.03168821, 0.03168821])
144.2522 	EXP 	grating2: autoDraw = True
145.2049 	DATA 	Keypress: right
145.2190 	EXP 	grating2: autoDraw = False
145.2190 	EXP 	feedback_2: text = 'Correct!'
145.2190 	EXP 	feedback_2: autoDraw = True
146.2035 	EXP 	New trial (rep=0, index=18): {'Frecuencia': 4.22116599957891, 'Orientation': 122.13735369829, 'Categoria': 'C', 'tecla': 'left', 'FrecuenciaEspacial': 0.02110582999789455, 'Orden': 19}
146.2195 	EXP 	feedback_2: autoDraw = False
146.2195 	EXP 	feedback_2: autoDraw = False
146.2195 	EXP 	grating2: ori = 122.13735369829
146.2195 	EXP 	grating2: sf = array([0.02110583, 0.02110583])
146.3027 	EXP 	grating2: autoDraw = True
147.0885 	DATA 	Keypress: left
147.1031 	EXP 	grating2: autoDraw = False
147.1031 	EXP 	feedback_2: text = 'Correct!'
147.1031 	EXP 	feedback_2: autoDraw = True
148.0873 	EXP 	New trial (rep=0, index=19): {'Frecuencia': 6.11705598061443, 'Orientation': 121.540320479946, 'Categoria': 'D', 'tecla': 'right', 'FrecuenciaEspacial': 0.03058527990307215, 'Orden': 20}
148.1033 	EXP 	feedback_2: autoDraw = False
148.1033 	EXP 	feedback_2: autoDraw = False
148.1033 	EXP 	grating2: ori = 121.540320479946
148.1033 	EXP 	grating2: sf = array([0.03058528, 0.03058528])
148.1866 	EXP 	grating2: autoDraw = True
149.5609 	DATA 	Keypress: left
149.5722 	EXP 	grating2: autoDraw = False
149.5722 	EXP 	feedback_2: height = 0.1
149.5722 	EXP 	feedback_2: height = 0.1
149.5722 	EXP 	feedback_2: text = 'Oops! That was wrong'
149.5722 	EXP 	feedback_2: autoDraw = True
150.5714 	EXP 	New trial (rep=0, index=20): {'Frecuencia': 4.2846207486771, 'Orientation': 125.801264183768, 'Categoria': 'C', 'tecla': 'left', 'FrecuenciaEspacial': 0.0214231037433855, 'Orden': 21}
150.5874 	EXP 	feedback_2: autoDraw = False
150.5874 	EXP 	feedback_2: autoDraw = False
150.5874 	EXP 	grating2: ori = 125.801264183768
150.5874 	EXP 	grating2: sf = array([0.0214231, 0.0214231])
150.6707 	EXP 	grating2: autoDraw = True
151.6066 	DATA 	Keypress: right
151.6229 	EXP 	grating2: autoDraw = False
151.6229 	EXP 	feedback_2: text = 'Oops! That was wrong'
151.6229 	EXP 	feedback_2: autoDraw = True
152.6221 	EXP 	New trial (rep=0, index=21): {'Frecuencia': 4.37852201017204, 'Orientation': 126.535788484538, 'Categoria': 'C', 'tecla': 'left', 'FrecuenciaEspacial': 0.0218926100508602, 'Orden': 22}
152.6381 	EXP 	feedback_2: autoDraw = False
152.6381 	EXP 	feedback_2: autoDraw = False
152.6381 	EXP 	grating2: ori = 126.535788484538
152.6381 	EXP 	grating2: sf = array([0.02189261, 0.02189261])
152.7215 	EXP 	grating2: autoDraw = True
154.5742 	DATA 	Keypress: right
154.5885 	EXP 	grating2: autoDraw = False
154.5885 	EXP 	feedback_2: text = 'Oops! That was wrong'
154.5885 	EXP 	feedback_2: autoDraw = True
155.5730 	EXP 	New trial (rep=0, index=22): {'Frecuencia': 6.25567439145484, 'Orientation': 120.386903009811, 'Categoria': 'D', 'tecla': 'right', 'FrecuenciaEspacial': 0.031278371957274204, 'Orden': 23}
155.5891 	EXP 	feedback_2: autoDraw = False
155.5891 	EXP 	feedback_2: autoDraw = False
155.5891 	EXP 	grating2: ori = 120.386903009811
155.5891 	EXP 	grating2: sf = array([0.03127837, 0.03127837])
155.6724 	EXP 	grating2: autoDraw = True
156.5085 	DATA 	Keypress: left
156.5228 	EXP 	grating2: autoDraw = False
156.5228 	EXP 	feedback_2: text = 'Oops! That was wrong'
156.5228 	EXP 	feedback_2: autoDraw = True
157.5073 	EXP 	New trial (rep=0, index=23): {'Frecuencia': 6.0523114968419, 'Orientation': 126.587300600186, 'Categoria': 'D', 'tecla': 'right', 'FrecuenciaEspacial': 0.030261557484209497, 'Orden': 24}
157.5229 	EXP 	feedback_2: autoDraw = False
157.5229 	EXP 	feedback_2: autoDraw = False
157.5229 	EXP 	grating2: ori = 126.587300600186
157.5229 	EXP 	grating2: sf = array([0.03026156, 0.03026156])
157.6061 	EXP 	grating2: autoDraw = True
158.2956 	DATA 	Keypress: right
158.3073 	EXP 	grating2: autoDraw = False
158.3073 	EXP 	feedback_2: height = 0.1
158.3073 	EXP 	feedback_2: height = 0.1
158.3073 	EXP 	feedback_2: text = 'Correct!'
158.3073 	EXP 	feedback_2: autoDraw = True
159.3077 	EXP 	New trial (rep=0, index=24): {'Frecuencia': 4.41260062834569, 'Orientation': 120.605664566821, 'Categoria': 'C', 'tecla': 'left', 'FrecuenciaEspacial': 0.022063003141728446, 'Orden': 25}
159.3229 	EXP 	feedback_2: autoDraw = False
159.3229 	EXP 	feedback_2: autoDraw = False
159.3229 	EXP 	grating2: ori = 120.605664566821
159.3229 	EXP 	grating2: sf = array([0.022063, 0.022063])
159.4062 	EXP 	grating2: autoDraw = True
160.0951 	DATA 	Keypress: left
160.1064 	EXP 	grating2: autoDraw = False
160.1064 	EXP 	feedback_2: text = 'Correct!'
160.1064 	EXP 	feedback_2: autoDraw = True
161.0909 	EXP 	New trial (rep=0, index=25): {'Frecuencia': 6.05216671415425, 'Orientation': 125.659198976421, 'Categoria': 'D', 'tecla': 'right', 'FrecuenciaEspacial': 0.03026083357077125, 'Orden': 26}
161.1068 	EXP 	feedback_2: autoDraw = False
161.1068 	EXP 	feedback_2: autoDraw = False
161.1068 	EXP 	grating2: ori = 125.659198976421
161.1068 	EXP 	grating2: sf = array([0.03026083, 0.03026083])
161.1901 	EXP 	grating2: autoDraw = True
161.9928 	DATA 	Keypress: right
162.0071 	EXP 	grating2: autoDraw = False
162.0071 	EXP 	feedback_2: text = 'Correct!'
162.0071 	EXP 	feedback_2: autoDraw = True
162.9916 	EXP 	New trial (rep=0, index=26): {'Frecuencia': 4.32002771151997, 'Orientation': 122.597908849441, 'Categoria': 'C', 'tecla': 'left', 'FrecuenciaEspacial': 0.02160013855759985, 'Orden': 27}
163.0073 	EXP 	feedback_2: autoDraw = False
163.0073 	EXP 	feedback_2: autoDraw = False
163.0073 	EXP 	grating2: ori = 122.597908849441
163.0073 	EXP 	grating2: sf = array([0.02160014, 0.02160014])
163.0908 	EXP 	grating2: autoDraw = True
163.8935 	DATA 	Keypress: left
163.9077 	EXP 	grating2: autoDraw = False
163.9077 	EXP 	feedback_2: text = 'Correct!'
163.9077 	EXP 	feedback_2: autoDraw = True
164.8921 	EXP 	New trial (rep=0, index=27): {'Frecuencia': 4.4141078478749, 'Orientation': 126.44408304964, 'Categoria': 'C', 'tecla': 'left', 'FrecuenciaEspacial': 0.0220705392393745, 'Orden': 28}
164.9080 	EXP 	feedback_2: autoDraw = False
164.9080 	EXP 	feedback_2: autoDraw = False
164.9080 	EXP 	grating2: ori = 126.44408304964
164.9080 	EXP 	grating2: sf = array([0.02207054, 0.02207054])
164.9913 	EXP 	grating2: autoDraw = True
165.6616 	DATA 	Keypress: left
165.6756 	EXP 	grating2: autoDraw = False
165.6756 	EXP 	feedback_2: text = 'Correct!'
165.6756 	EXP 	feedback_2: autoDraw = True
166.6605 	EXP 	New trial (rep=0, index=28): {'Frecuencia': 6.03637258606367, 'Orientation': 128.188400601382, 'Categoria': 'D', 'tecla': 'right', 'FrecuenciaEspacial': 0.030181862930318347, 'Orden': 29}
166.6756 	EXP 	feedback_2: autoDraw = False
166.6756 	EXP 	feedback_2: autoDraw = False
166.6756 	EXP 	grating2: ori = 128.188400601382
166.6756 	EXP 	grating2: sf = array([0.03018186, 0.03018186])
166.7588 	EXP 	grating2: autoDraw = True
167.5788 	DATA 	Keypress: right
167.5928 	EXP 	grating2: autoDraw = False
167.5928 	EXP 	feedback_2: text = 'Correct!'
167.5928 	EXP 	feedback_2: autoDraw = True
168.5774 	EXP 	New trial (rep=0, index=29): {'Frecuencia': 6.26944446025656, 'Orientation': 122.068591571108, 'Categoria': 'D', 'tecla': 'right', 'FrecuenciaEspacial': 0.0313472223012828, 'Orden': 30}
168.5928 	EXP 	feedback_2: autoDraw = False
168.5928 	EXP 	feedback_2: autoDraw = False
168.5928 	EXP 	grating2: ori = 122.068591571108
168.5928 	EXP 	grating2: sf = array([0.03134722, 0.03134722])
168.6760 	EXP 	grating2: autoDraw = True
169.3475 	DATA 	Keypress: right
169.3596 	EXP 	grating2: autoDraw = False
169.3596 	EXP 	feedback_2: text = 'Correct!'
169.3596 	EXP 	feedback_2: autoDraw = True
170.3447 	EXP 	New trial (rep=0, index=30): {'Frecuencia': 4.31643660305993, 'Orientation': 127.076288313079, 'Categoria': 'C', 'tecla': 'left', 'FrecuenciaEspacial': 0.021582183015299652, 'Orden': 31}
170.3600 	EXP 	feedback_2: autoDraw = False
170.3600 	EXP 	feedback_2: autoDraw = False
170.3600 	EXP 	grating2: ori = 127.076288313079
170.3600 	EXP 	grating2: sf = array([0.02158218, 0.02158218])
170.4434 	EXP 	grating2: autoDraw = True
171.0981 	DATA 	Keypress: left
171.1114 	EXP 	grating2: autoDraw = False
171.1114 	EXP 	feedback_2: text = 'Correct!'
171.1114 	EXP 	feedback_2: autoDraw = True
172.1107 	EXP 	New trial (rep=0, index=31): {'Frecuencia': 4.47845249316683, 'Orientation': 127.405425974845, 'Categoria': 'C', 'tecla': 'left', 'FrecuenciaEspacial': 0.02239226246583415, 'Orden': 32}
172.1271 	EXP 	feedback_2: autoDraw = False
172.1271 	EXP 	feedback_2: autoDraw = False
172.1271 	EXP 	grating2: ori = 127.405425974845
172.1271 	EXP 	grating2: sf = array([0.02239226, 0.02239226])
172.2104 	EXP 	grating2: autoDraw = True
173.0133 	DATA 	Keypress: left
173.0277 	EXP 	grating2: autoDraw = False
173.0277 	EXP 	feedback_2: text = 'Correct!'
173.0277 	EXP 	feedback_2: autoDraw = True
174.0123 	EXP 	New trial (rep=0, index=32): {'Frecuencia': 4.32252191453473, 'Orientation': 125.478271501645, 'Categoria': 'C', 'tecla': 'left', 'FrecuenciaEspacial': 0.02161260957267365, 'Orden': 33}
174.0281 	EXP 	feedback_2: autoDraw = False
174.0281 	EXP 	feedback_2: autoDraw = False
174.0281 	EXP 	grating2: ori = 125.478271501645
174.0281 	EXP 	grating2: sf = array([0.02161261, 0.02161261])
174.1113 	EXP 	grating2: autoDraw = True
174.8502 	DATA 	Keypress: right
174.8620 	EXP 	grating2: autoDraw = False
174.8620 	EXP 	feedback_2: height = 0.1
174.8620 	EXP 	feedback_2: height = 0.1
174.8620 	EXP 	feedback_2: text = 'Oops! That was wrong'
174.8620 	EXP 	feedback_2: autoDraw = True
175.8464 	EXP 	New trial (rep=0, index=33): {'Frecuencia': 6.06424450649709, 'Orientation': 117.681151191267, 'Categoria': 'D', 'tecla': 'right', 'FrecuenciaEspacial': 0.03032122253248545, 'Orden': 34}
175.8619 	EXP 	feedback_2: autoDraw = False
175.8619 	EXP 	feedback_2: autoDraw = False
175.8619 	EXP 	grating2: ori = 117.681151191267
175.8619 	EXP 	grating2: sf = array([0.03032122, 0.03032122])
175.9454 	EXP 	grating2: autoDraw = True
176.6479 	DATA 	Keypress: left
176.6622 	EXP 	grating2: autoDraw = False
176.6622 	EXP 	feedback_2: text = 'Oops! That was wrong'
176.6622 	EXP 	feedback_2: autoDraw = True
177.6466 	EXP 	New trial (rep=0, index=34): {'Frecuencia': 4.1628173042171, 'Orientation': 127.790468810692, 'Categoria': 'C', 'tecla': 'left', 'FrecuenciaEspacial': 0.0208140865210855, 'Orden': 35}
177.6624 	EXP 	feedback_2: autoDraw = False
177.6624 	EXP 	feedback_2: autoDraw = False
177.6624 	EXP 	grating2: ori = 127.790468810692
177.6624 	EXP 	grating2: sf = array([0.02081409, 0.02081409])
177.7458 	EXP 	grating2: autoDraw = True
178.4179 	DATA 	Keypress: left
178.4298 	EXP 	grating2: autoDraw = False
178.4298 	EXP 	feedback_2: height = 0.1
178.4298 	EXP 	feedback_2: height = 0.1
178.4298 	EXP 	feedback_2: text = 'Correct!'
178.4298 	EXP 	feedback_2: autoDraw = True
179.4139 	EXP 	New trial (rep=0, index=35): {'Frecuencia': 6.13484279870489, 'Orientation': 128.500178513368, 'Categoria': 'D', 'tecla': 'right', 'FrecuenciaEspacial': 0.03067421399352445, 'Orden': 36}
179.4298 	EXP 	feedback_2: autoDraw = False
179.4298 	EXP 	feedback_2: autoDraw = False
179.4298 	EXP 	grating2: ori = 128.500178513368
179.4298 	EXP 	grating2: sf = array([0.03067421, 0.03067421])
179.5134 	EXP 	grating2: autoDraw = True
180.3154 	DATA 	Keypress: right
180.3300 	EXP 	grating2: autoDraw = False
180.3300 	EXP 	feedback_2: text = 'Correct!'
180.3300 	EXP 	feedback_2: autoDraw = True
181.3144 	EXP 	New trial (rep=0, index=36): {'Frecuencia': 6.26129079560863, 'Orientation': 125.582917609873, 'Categoria': 'D', 'tecla': 'right', 'FrecuenciaEspacial': 0.03130645397804315, 'Orden': 37}
181.3303 	EXP 	feedback_2: autoDraw = False
181.3303 	EXP 	feedback_2: autoDraw = False
181.3303 	EXP 	grating2: ori = 125.582917609873
181.3303 	EXP 	grating2: sf = array([0.03130645, 0.03130645])
181.4138 	EXP 	grating2: autoDraw = True
182.5320 	DATA 	Keypress: escape
183.4302 	EXP 	window1: mouseVisible = True
