1.5197 	WARNING 	We strongly recommend you activate the PTB sound engine in PsychoPy prefs as the preferred audio engine. Its timing is vastly superior. Your prefs are currently set to use ['sounddevice', 'PTB', 'pyo', 'pygame'] (in that order).
16.2163 	WARNING 	User requested fullscreen with size [1680 1050], but screen is actually [1920, 1080]. Using actual size
16.8480 	EXP 	Created window1 = Window(allowGUI=False, allowStencil=False, autoLog=True, backendConf=UNKNOWN, bitsMode=UNKNOWN, blendMode='avg', bpc=(8, 8, 8), color=array([0, 0, 0]), colorSpace='rgb', depthBits=8, fullscr=<method-wrapper '__getattribute__' of attributeSetter object at 0x0000020F919ECA60>, gamma=None, gammaErrorPolicy='raise', lms=UNKNOWN, monitor=<psychopy.monitors.calibTools.Monitor object at 0x0000020F92243EB0>, multiSample=False, name='window1', numSamples=2, pos=(0, 0), screen=0, size=array([1920, 1080]), stencilBits=0, stereo=False, units='deg', useFBO=True, useRetina=False, viewOri=0.0, viewPos=None, viewScale=None, waitBlanking=True, winType='pyglet')
16.8484 	EXP 	window1: mouseVisible = True
16.8485 	EXP 	window1: Attempting to measure frame rate of screen (0) ...
16.8485 	EXP 	window1: recordFrameIntervals = False
17.0140 	EXP 	window1: recordFrameIntervals = True
17.1976 	EXP 	Screen (0) actual frame rate measured at 59.98Hz
17.1977 	EXP 	window1: recordFrameIntervals = False
19.2910 	EXP 	Created Instrucciones1 = TextStim(__class__=<class 'psychopy.visual.text.TextStim'>, alignHoriz=method-wrapper(...), alignText='center', alignVert=method-wrapper(...), anchorHoriz='center', anchorVert='center', antialias=True, autoLog=True, bold=False, color=array([-1., -1., -1.]), colorSpace='rgb', contrast=1.0, depth=0.0, flipHoriz=False, flipVert=False, font='Open Sans', fontFiles=[], height=0.05, italic=False, languageStyle='LTR', name='Instrucciones1', opacity=1.0, ori=0.0, pos=array([0., 0.]), rgb=UNKNOWN, text=str(...), units='height', win=Window(...), wrapWidth=1)
19.2983 	EXP 	Created Instrucciones2 = TextStim(__class__=<class 'psychopy.visual.text.TextStim'>, alignHoriz=method-wrapper(...), alignText='center', alignVert=method-wrapper(...), anchorHoriz='center', anchorVert='center', antialias=True, autoLog=True, bold=False, color=array([-1., -1., -1.]), colorSpace='rgb', contrast=1.0, depth=-2.0, flipHoriz=False, flipVert=False, font='Open Sans', fontFiles=[], height=0.05, italic=False, languageStyle='LTR', name='Instrucciones2', opacity=1.0, ori=0.0, pos=array([0., 0.]), rgb=UNKNOWN, text=str(...), units='height', win=Window(...), wrapWidth=1)
19.3125 	EXP 	Created Instrucciones3 = TextStim(__class__=<class 'psychopy.visual.text.TextStim'>, alignHoriz=method-wrapper(...), alignText='center', alignVert=method-wrapper(...), anchorHoriz='center', anchorVert='center', antialias=True, autoLog=True, bold=False, color=array([-1., -1., -1.]), colorSpace='rgb', contrast=1.0, depth=-4.0, flipHoriz=False, flipVert=False, font='Arial', fontFiles=[], height=0.05, italic=False, languageStyle='LTR', name='Instrucciones3', opacity=1.0, ori=0.0, pos=array([0., 0.]), rgb=UNKNOWN, text=str(...), units='height', win=Window(...), wrapWidth=1)
19.3288 	EXP 	Created instrucciones4 = TextStim(__class__=<class 'psychopy.visual.text.TextStim'>, alignHoriz=method-wrapper(...), alignText='center', alignVert=method-wrapper(...), anchorHoriz='center', anchorVert='center', antialias=True, autoLog=True, bold=False, color=array([-1., -1., -1.]), colorSpace='rgb', contrast=1.0, depth=-6.0, flipHoriz=False, flipVert=False, font='Arial', fontFiles=[], height=0.05, italic=False, languageStyle='LTR', name='instrucciones4', opacity=1.0, ori=0.0, pos=array([0., 0.]), rgb=UNKNOWN, text=str(...), units='height', win=Window(...), wrapWidth=1)
19.3394 	EXP 	Created Instrucciones5 = TextStim(__class__=<class 'psychopy.visual.text.TextStim'>, alignHoriz=method-wrapper(...), alignText='center', alignVert=method-wrapper(...), anchorHoriz='center', anchorVert='center', antialias=True, autoLog=True, bold=False, color=array([1., 1., 1.]), colorSpace='rgb', contrast=1.0, depth=-8.0, flipHoriz=False, flipVert=False, font='Open Sans', fontFiles=[], height=0.05, italic=False, languageStyle='LTR', name='Instrucciones5', opacity=1.0, ori=0.0, pos=array([0., 0.]), rgb=UNKNOWN, text=str(...), units='height', win=Window(...), wrapWidth=1)
19.3440 	EXP 	Created GratingPrueba = GratingStim(__class__=<class 'psychopy.visual.grating.GratingStim'>, anchor='center', autoDraw=False, autoLog=True, blendmode='avg', color=array([1., 1., 1.]), colorSpace='rgb', contrast=1.0, depth=-1.0, interpolate=True, mask='circle', maskParams=None, name='GratingPrueba', opacity=1.0, ori=1.0, phase=array([0., 0.]), pos=array([0., 0.]), rgbPedestal=array([0., 0., 0.]), sf=array([1., 1.]), size=array([200., 200.]), tex='sin', texRes=128, units='pix', win=Window(...))
19.3456 	EXP 	Created FeedbackPrueb = TextStim(__class__=<class 'psychopy.visual.text.TextStim'>, alignHoriz=method-wrapper(...), alignText='center', alignVert=method-wrapper(...), anchorHoriz='center', anchorVert='center', antialias=True, autoLog=True, bold=False, color=array([1., 1., 1.]), colorSpace='rgb', contrast=1.0, depth=-1.0, flipHoriz=False, flipVert=False, font='Open Sans', fontFiles=[], height=0.1, italic=False, languageStyle='LTR', name='FeedbackPrueb', opacity=1.0, ori=0.0, pos=array([0., 0.]), rgb=UNKNOWN, text='', units='height', win=Window(...), wrapWidth=1)
19.3620 	EXP 	Created ComienzoTexto = TextStim(__class__=<class 'psychopy.visual.text.TextStim'>, alignHoriz=method-wrapper(...), alignText='center', alignVert=method-wrapper(...), anchorHoriz='center', anchorVert='center', antialias=True, autoLog=True, bold=False, color=array([-1., -1., -1.]), colorSpace='rgb', contrast=1.0, depth=0.0, flipHoriz=False, flipVert=False, font='Open Sans', fontFiles=[], height=0.05, italic=False, languageStyle='LTR', name='ComienzoTexto', opacity=1.0, ori=0.0, pos=array([0., 0.]), rgb=UNKNOWN, text=str(...), units='height', win=Window(...), wrapWidth=1)
19.3656 	EXP 	Created grating2 = GratingStim(__class__=<class 'psychopy.visual.grating.GratingStim'>, anchor='center', autoDraw=False, autoLog=True, blendmode='avg', color=array([1., 1., 1.]), colorSpace='rgb', contrast=1.0, depth=0.0, interpolate=True, mask='circle', maskParams=None, name='grating2', opacity=1.0, ori=1.0, phase=array([0., 0.]), pos=array([0., 0.]), rgbPedestal=array([0., 0., 0.]), sf=array([1., 1.]), size=array([200., 200.]), tex='sin', texRes=128, units='pix', win=Window(...))
19.3667 	EXP 	Created feedback_2 = TextStim(__class__=<class 'psychopy.visual.text.TextStim'>, alignHoriz=method-wrapper(...), alignText='center', alignVert=method-wrapper(...), anchorHoriz='center', anchorVert='center', antialias=True, autoLog=True, bold=False, color=array([1., 1., 1.]), colorSpace='rgb', contrast=1.0, depth=-1.0, flipHoriz=False, flipVert=False, font='Open Sans', fontFiles=[], height=0.1, italic=False, languageStyle='LTR', name='feedback_2', opacity=1.0, ori=0.0, pos=array([0., 0.]), rgb=UNKNOWN, text='', units='height', win=Window(...), wrapWidth=1)
19.3795 	EXP 	Created Gracias = TextStim(__class__=<class 'psychopy.visual.text.TextStim'>, alignHoriz=method-wrapper(...), alignText='center', alignVert=method-wrapper(...), anchorHoriz='center', anchorVert='center', antialias=True, autoLog=True, bold=False, color=array([1., 1., 1.]), colorSpace='rgb', contrast=1.0, depth=0.0, flipHoriz=False, flipVert=False, font='Open Sans', fontFiles=[], height=0.1, italic=False, languageStyle='LTR', name='Gracias', opacity=1.0, ori=0.0, pos=array([0., 0.]), rgb=UNKNOWN, text='¡Muchas gracias por participar!', units='height', win=Window(...), wrapWidth=1)
19.3813 	EXP 	Created image = ImageStim(__class__=<class 'psychopy.visual.image.ImageStim'>, anchor=('center', 'center'), autoLog=True, color=array([1., 1., 1.]), colorSpace='rgb', contrast=1.0, depth=-1.0, flipHoriz=False, flipVert=False, image=None, interpolate=True, mask=None, maskParams=None, name='image', opacity=1.0, ori=0.0, pos=array([0., 0.]), size=array([0.5, 0.5]), texRes=128.0, units='deg', win=Window(...))
20.3825 	EXP 	Instrucciones1: autoDraw = True
25.5034 	DATA 	Keypress: space
25.5170 	EXP 	Instrucciones1: autoDraw = False
25.5170 	EXP 	Instrucciones2: autoDraw = True
29.9041 	DATA 	Keypress: space
33.3889 	DATA 	Keypress: space
33.4031 	EXP 	Instrucciones2: autoDraw = False
33.4031 	EXP 	Instrucciones3: autoDraw = True
44.1915 	DATA 	Keypress: space
45.4429 	DATA 	Keypress: space
45.4569 	EXP 	Instrucciones3: autoDraw = False
45.4569 	EXP 	instrucciones4: autoDraw = True
60.3635 	DATA 	Keypress: space
61.7153 	DATA 	Keypress: space
61.7285 	EXP 	instrucciones4: autoDraw = False
61.7285 	EXP 	Instrucciones5: autoDraw = True
67.6993 	DATA 	Keypress: space
70.3663 	DATA 	Keypress: space
70.3811 	EXP 	Instrucciones5: autoDraw = False
76.8072 	EXP 	Imported Parametros/Parametros E y F(superpuestos)/ParametrosEyFPractice.xlsx as conditions, 10 conditions, 6 params
76.8076 	EXP 	Created sequence: sequential, trialTypes=10, nReps=1, seed=None
76.8079 	EXP 	New trial (rep=0, index=0): {'Frecuencia': 5.8071055031334, 'Orientation': 126.095527609804, 'Categoria': 'A', 'tecla': 'left', 'FrecuenciaEspacial': 0.029035527515667, 'Orden': 1}
76.8088 	DATA 	Keypress: space
76.8183 	EXP 	Instrucciones1: autoDraw = False
76.8183 	EXP 	Instrucciones2: autoDraw = False
76.8183 	EXP 	Instrucciones3: autoDraw = False
76.8183 	EXP 	instrucciones4: autoDraw = False
76.8183 	EXP 	Instrucciones5: autoDraw = False
76.8183 	EXP 	GratingPrueba: ori = 126.095527609804
76.8183 	EXP 	GratingPrueba: sf = array([0.02903553, 0.02903553])
76.8998 	EXP 	GratingPrueba: autoDraw = True
76.8998 	EXP 	GratingPrueba: tex = 'sin'
78.9781 	DATA 	Keypress: right
78.9867 	EXP 	GratingPrueba: autoDraw = False
78.9867 	EXP 	FeedbackPrueb: height = 0.1
78.9867 	EXP 	FeedbackPrueb: height = 0.1
78.9867 	EXP 	FeedbackPrueb: text = 'Segui intentando'
78.9867 	EXP 	FeedbackPrueb: autoDraw = True
79.9852 	EXP 	New trial (rep=0, index=1): {'Frecuencia': 5.64436961501561, 'Orientation': 120.102947993844, 'Categoria': 'A', 'tecla': 'left', 'FrecuenciaEspacial': 0.028221848075078052, 'Orden': 4}
80.0011 	EXP 	FeedbackPrueb: autoDraw = False
80.0011 	EXP 	FeedbackPrueb: autoDraw = False
80.0011 	EXP 	GratingPrueba: ori = 120.102947993844
80.0011 	EXP 	GratingPrueba: sf = array([0.02822185, 0.02822185])
80.0842 	EXP 	GratingPrueba: autoDraw = True
81.4574 	DATA 	Keypress: left
81.4682 	EXP 	GratingPrueba: autoDraw = False
81.4682 	EXP 	FeedbackPrueb: height = 0.1
81.4682 	EXP 	FeedbackPrueb: height = 0.1
81.4682 	EXP 	FeedbackPrueb: text = '¡Correcto!'
81.4682 	EXP 	FeedbackPrueb: autoDraw = True
82.4524 	EXP 	New trial (rep=0, index=2): {'Frecuencia': 6.01842108155121, 'Orientation': 124.970499761804, 'Categoria': 'A', 'tecla': 'left', 'FrecuenciaEspacial': 0.030092105407756052, 'Orden': 6}
82.4681 	EXP 	FeedbackPrueb: autoDraw = False
82.4681 	EXP 	FeedbackPrueb: autoDraw = False
82.4681 	EXP 	GratingPrueba: ori = 124.970499761804
82.4681 	EXP 	GratingPrueba: sf = array([0.03009211, 0.03009211])
82.5517 	EXP 	GratingPrueba: autoDraw = True
83.3878 	DATA 	Keypress: left
83.4017 	EXP 	GratingPrueba: autoDraw = False
83.4017 	EXP 	FeedbackPrueb: text = '¡Correcto!'
83.4017 	EXP 	FeedbackPrueb: autoDraw = True
84.3865 	EXP 	New trial (rep=0, index=3): {'Frecuencia': 5.59991295731731, 'Orientation': 123.659377025703, 'Categoria': 'A', 'tecla': 'left', 'FrecuenciaEspacial': 0.027999564786586547, 'Orden': 3}
84.4016 	EXP 	FeedbackPrueb: autoDraw = False
84.4016 	EXP 	FeedbackPrueb: autoDraw = False
84.4016 	EXP 	GratingPrueba: ori = 123.659377025703
84.4016 	EXP 	GratingPrueba: sf = array([0.02799956, 0.02799956])
84.4850 	EXP 	GratingPrueba: autoDraw = True
85.1223 	DATA 	Keypress: left
85.1356 	EXP 	GratingPrueba: autoDraw = False
85.1356 	EXP 	FeedbackPrueb: text = '¡Correcto!'
85.1356 	EXP 	FeedbackPrueb: autoDraw = True
86.1203 	EXP 	New trial (rep=0, index=4): {'Frecuencia': 5.86000675504161, 'Orientation': 125.097810493697, 'Categoria': 'A', 'tecla': 'left', 'FrecuenciaEspacial': 0.02930003377520805, 'Orden': 10}
86.1357 	EXP 	FeedbackPrueb: autoDraw = False
86.1357 	EXP 	FeedbackPrueb: autoDraw = False
86.1357 	EXP 	GratingPrueba: ori = 125.097810493697
86.1357 	EXP 	GratingPrueba: sf = array([0.02930003, 0.02930003])
86.2189 	EXP 	GratingPrueba: autoDraw = True
86.9061 	DATA 	Keypress: left
86.9194 	EXP 	GratingPrueba: autoDraw = False
86.9194 	EXP 	FeedbackPrueb: text = '¡Correcto!'
86.9194 	EXP 	FeedbackPrueb: autoDraw = True
87.9040 	EXP 	New trial (rep=0, index=5): {'Frecuencia': 6.97351028243891, 'Orientation': 124.811887846181, 'Categoria': 'B', 'tecla': 'right', 'FrecuenciaEspacial': 0.034867551412194546, 'Orden': 2}
87.9196 	EXP 	FeedbackPrueb: autoDraw = False
87.9196 	EXP 	FeedbackPrueb: autoDraw = False
87.9196 	EXP 	GratingPrueba: ori = 124.811887846181
87.9196 	EXP 	GratingPrueba: sf = array([0.03486755, 0.03486755])
88.0030 	EXP 	GratingPrueba: autoDraw = True
88.8946 	DATA 	Keypress: left
88.9042 	EXP 	GratingPrueba: autoDraw = False
88.9042 	EXP 	FeedbackPrueb: height = 0.1
88.9042 	EXP 	FeedbackPrueb: height = 0.1
88.9042 	EXP 	FeedbackPrueb: text = 'Segui intentando'
88.9042 	EXP 	FeedbackPrueb: autoDraw = True
89.8881 	EXP 	New trial (rep=0, index=6): {'Frecuencia': 6.70154405694418, 'Orientation': 124.752281469682, 'Categoria': 'B', 'tecla': 'right', 'FrecuenciaEspacial': 0.033507720284720904, 'Orden': 9}
89.9040 	EXP 	FeedbackPrueb: autoDraw = False
89.9040 	EXP 	FeedbackPrueb: autoDraw = False
89.9040 	EXP 	GratingPrueba: ori = 124.752281469682
89.9040 	EXP 	GratingPrueba: sf = array([0.03350772, 0.03350772])
89.9873 	EXP 	GratingPrueba: autoDraw = True
92.6609 	DATA 	Keypress: right
92.6715 	EXP 	GratingPrueba: autoDraw = False
92.6715 	EXP 	FeedbackPrueb: height = 0.1
92.6715 	EXP 	FeedbackPrueb: height = 0.1
92.6715 	EXP 	FeedbackPrueb: text = '¡Correcto!'
92.6715 	EXP 	FeedbackPrueb: autoDraw = True
93.6559 	EXP 	New trial (rep=0, index=7): {'Frecuencia': 6.70252114110423, 'Orientation': 125.631939944495, 'Categoria': 'B', 'tecla': 'right', 'FrecuenciaEspacial': 0.03351260570552115, 'Orden': 7}
93.6718 	EXP 	FeedbackPrueb: autoDraw = False
93.6718 	EXP 	FeedbackPrueb: autoDraw = False
93.6718 	EXP 	GratingPrueba: ori = 125.631939944495
93.6718 	EXP 	GratingPrueba: sf = array([0.03351261, 0.03351261])
93.7551 	EXP 	GratingPrueba: autoDraw = True
94.6912 	DATA 	Keypress: right
94.7054 	EXP 	GratingPrueba: autoDraw = False
94.7054 	EXP 	FeedbackPrueb: text = '¡Correcto!'
94.7054 	EXP 	FeedbackPrueb: autoDraw = True
95.6895 	EXP 	New trial (rep=0, index=8): {'Frecuencia': 7.04733241547937, 'Orientation': 123.230512019733, 'Categoria': 'B', 'tecla': 'right', 'FrecuenciaEspacial': 0.03523666207739685, 'Orden': 5}
95.7050 	EXP 	FeedbackPrueb: autoDraw = False
95.7050 	EXP 	FeedbackPrueb: autoDraw = False
95.7050 	EXP 	GratingPrueba: ori = 123.230512019733
95.7050 	EXP 	GratingPrueba: sf = array([0.03523666, 0.03523666])
95.7890 	EXP 	GratingPrueba: autoDraw = True
96.3922 	DATA 	Keypress: right
96.4053 	EXP 	GratingPrueba: autoDraw = False
96.4053 	EXP 	FeedbackPrueb: text = '¡Correcto!'
96.4053 	EXP 	FeedbackPrueb: autoDraw = True
97.3902 	EXP 	New trial (rep=0, index=9): {'Frecuencia': 6.79460937138033, 'Orientation': 126.741118380059, 'Categoria': 'B', 'tecla': 'right', 'FrecuenciaEspacial': 0.033973046856901654, 'Orden': 8}
97.4059 	EXP 	FeedbackPrueb: autoDraw = False
97.4059 	EXP 	FeedbackPrueb: autoDraw = False
97.4059 	EXP 	GratingPrueba: ori = 126.741118380059
97.4059 	EXP 	GratingPrueba: sf = array([0.03397305, 0.03397305])
97.4893 	EXP 	GratingPrueba: autoDraw = True
98.1594 	DATA 	Keypress: right
98.1730 	EXP 	GratingPrueba: autoDraw = False
98.1730 	EXP 	FeedbackPrueb: text = '¡Correcto!'
98.1730 	EXP 	FeedbackPrueb: autoDraw = True
99.1939 	EXP 	FeedbackPrueb: autoDraw = False
99.1939 	EXP 	FeedbackPrueb: autoDraw = False
99.6902 	EXP 	ComienzoTexto: autoDraw = True
104.9410 	EXP 	Imported Parametros/Parametros E y F(superpuestos)/ParametrosEyF.xlsx as conditions, 80 conditions, 6 params
104.9421 	EXP 	Created sequence: sequential, trialTypes=80, nReps=1, seed=None
104.9423 	EXP 	New trial (rep=0, index=0): {'Frecuencia': 6.93234125901961, 'Orientation': 125.924868165109, 'Categoria': 'F', 'tecla': 'right', 'FrecuenciaEspacial': 0.03466170629509805, 'Orden': 1}
104.9433 	DATA 	Keypress: space
104.9509 	EXP 	ComienzoTexto: autoDraw = False
104.9509 	EXP 	grating2: ori = 125.924868165109
104.9509 	EXP 	grating2: sf = array([0.03466171, 0.03466171])
105.0421 	EXP 	grating2: autoDraw = True
105.0421 	EXP 	grating2: tex = 'sin'
105.9653 	DATA 	Keypress: right
105.9757 	EXP 	grating2: autoDraw = False
105.9757 	EXP 	feedback_2: height = 0.1
105.9757 	EXP 	feedback_2: height = 0.1
105.9757 	EXP 	feedback_2: text = '¡Correcto!'
105.9757 	EXP 	feedback_2: autoDraw = True
106.9604 	EXP 	New trial (rep=0, index=1): {'Frecuencia': 7.02497359482055, 'Orientation': 122.628624380508, 'Categoria': 'F', 'tecla': 'right', 'FrecuenciaEspacial': 0.035124867974102754, 'Orden': 2}
106.9760 	EXP 	feedback_2: autoDraw = False
106.9760 	EXP 	feedback_2: autoDraw = False
106.9760 	EXP 	grating2: ori = 122.628624380508
106.9760 	EXP 	grating2: sf = array([0.03512487, 0.03512487])
107.0595 	EXP 	grating2: autoDraw = True
107.7953 	DATA 	Keypress: right
107.8095 	EXP 	grating2: autoDraw = False
107.8095 	EXP 	feedback_2: text = '¡Correcto!'
107.8095 	EXP 	feedback_2: autoDraw = True
108.7940 	EXP 	New trial (rep=0, index=2): {'Frecuencia': 6.60367058960161, 'Orientation': 122.972561364095, 'Categoria': 'F', 'tecla': 'right', 'FrecuenciaEspacial': 0.033018352948008055, 'Orden': 3}
108.8098 	EXP 	feedback_2: autoDraw = False
108.8098 	EXP 	feedback_2: autoDraw = False
108.8098 	EXP 	grating2: ori = 122.972561364095
108.8098 	EXP 	grating2: sf = array([0.03301835, 0.03301835])
108.8933 	EXP 	grating2: autoDraw = True
109.6624 	DATA 	Keypress: right
109.6767 	EXP 	grating2: autoDraw = False
109.6767 	EXP 	feedback_2: text = '¡Correcto!'
109.6767 	EXP 	feedback_2: autoDraw = True
110.6613 	EXP 	New trial (rep=0, index=3): {'Frecuencia': 6.09987877706183, 'Orientation': 125.373371597183, 'Categoria': 'E', 'tecla': 'left', 'FrecuenciaEspacial': 0.030499393885309152, 'Orden': 4}
110.6770 	EXP 	feedback_2: autoDraw = False
110.6770 	EXP 	feedback_2: autoDraw = False
110.6770 	EXP 	grating2: ori = 125.373371597183
110.6770 	EXP 	grating2: sf = array([0.03049939, 0.03049939])
110.7605 	EXP 	grating2: autoDraw = True
111.2996 	DATA 	Keypress: right
111.3105 	EXP 	grating2: autoDraw = False
111.3105 	EXP 	feedback_2: height = 0.1
111.3105 	EXP 	feedback_2: height = 0.1
111.3105 	EXP 	feedback_2: text = 'Segui intentando'
111.3105 	EXP 	feedback_2: autoDraw = True
112.2953 	EXP 	New trial (rep=0, index=4): {'Frecuencia': 5.99246984832617, 'Orientation': 128.207849823814, 'Categoria': 'E', 'tecla': 'left', 'FrecuenciaEspacial': 0.02996234924163085, 'Orden': 5}
112.3109 	EXP 	feedback_2: autoDraw = False
112.3109 	EXP 	feedback_2: autoDraw = False
112.3109 	EXP 	grating2: ori = 128.207849823814
112.3109 	EXP 	grating2: sf = array([0.02996235, 0.02996235])
112.3943 	EXP 	grating2: autoDraw = True
113.2497 	DATA 	Keypress: left
113.2612 	EXP 	grating2: autoDraw = False
113.2612 	EXP 	feedback_2: height = 0.1
113.2612 	EXP 	feedback_2: height = 0.1
113.2612 	EXP 	feedback_2: text = '¡Correcto!'
113.2612 	EXP 	feedback_2: autoDraw = True
114.2458 	EXP 	New trial (rep=0, index=5): {'Frecuencia': 5.97116825735348, 'Orientation': 117.721009455833, 'Categoria': 'E', 'tecla': 'left', 'FrecuenciaEspacial': 0.029855841286767403, 'Orden': 6}
114.2614 	EXP 	feedback_2: autoDraw = False
114.2614 	EXP 	feedback_2: autoDraw = False
114.2614 	EXP 	grating2: ori = 117.721009455833
114.2614 	EXP 	grating2: sf = array([0.02985584, 0.02985584])
114.3450 	EXP 	grating2: autoDraw = True
115.1517 	DATA 	Keypress: right
115.1619 	EXP 	grating2: autoDraw = False
115.1619 	EXP 	feedback_2: height = 0.1
115.1619 	EXP 	feedback_2: height = 0.1
115.1619 	EXP 	feedback_2: text = 'Segui intentando'
115.1619 	EXP 	feedback_2: autoDraw = True
116.1462 	EXP 	New trial (rep=0, index=6): {'Frecuencia': 6.73943488968302, 'Orientation': 125.807525046009, 'Categoria': 'F', 'tecla': 'right', 'FrecuenciaEspacial': 0.0336971744484151, 'Orden': 7}
116.1618 	EXP 	feedback_2: autoDraw = False
116.1618 	EXP 	feedback_2: autoDraw = False
116.1618 	EXP 	grating2: ori = 125.807525046009
116.1618 	EXP 	grating2: sf = array([0.03369717, 0.03369717])
116.2455 	EXP 	grating2: autoDraw = True
116.8515 	DATA 	Keypress: right
116.8624 	EXP 	grating2: autoDraw = False
116.8624 	EXP 	feedback_2: height = 0.1
116.8624 	EXP 	feedback_2: height = 0.1
116.8624 	EXP 	feedback_2: text = '¡Correcto!'
116.8624 	EXP 	feedback_2: autoDraw = True
117.8467 	EXP 	New trial (rep=0, index=7): {'Frecuencia': 7.10539554110955, 'Orientation': 131.136658346503, 'Categoria': 'F', 'tecla': 'right', 'FrecuenciaEspacial': 0.035526977705547746, 'Orden': 8}
117.8627 	EXP 	feedback_2: autoDraw = False
117.8627 	EXP 	feedback_2: autoDraw = False
117.8627 	EXP 	grating2: ori = 131.136658346503
117.8627 	EXP 	grating2: sf = array([0.03552698, 0.03552698])
117.9459 	EXP 	grating2: autoDraw = True
118.5820 	DATA 	Keypress: right
118.5963 	EXP 	grating2: autoDraw = False
118.5963 	EXP 	feedback_2: text = '¡Correcto!'
118.5963 	EXP 	feedback_2: autoDraw = True
119.5808 	EXP 	New trial (rep=0, index=8): {'Frecuencia': 6.12217460351626, 'Orientation': 126.097885466808, 'Categoria': 'E', 'tecla': 'left', 'FrecuenciaEspacial': 0.0306108730175813, 'Orden': 9}
119.5965 	EXP 	feedback_2: autoDraw = False
119.5965 	EXP 	feedback_2: autoDraw = False
119.5965 	EXP 	grating2: ori = 126.097885466808
119.5965 	EXP 	grating2: sf = array([0.03061087, 0.03061087])
119.6799 	EXP 	grating2: autoDraw = True
120.6494 	DATA 	Keypress: left
120.6635 	EXP 	grating2: autoDraw = False
120.6635 	EXP 	feedback_2: text = '¡Correcto!'
120.6635 	EXP 	feedback_2: autoDraw = True
121.6478 	EXP 	New trial (rep=0, index=9): {'Frecuencia': 5.56505551233152, 'Orientation': 123.664663304171, 'Categoria': 'E', 'tecla': 'left', 'FrecuenciaEspacial': 0.0278252775616576, 'Orden': 10}
121.6639 	EXP 	feedback_2: autoDraw = False
121.6639 	EXP 	feedback_2: autoDraw = False
121.6639 	EXP 	grating2: ori = 123.664663304171
121.6639 	EXP 	grating2: sf = array([0.02782528, 0.02782528])
121.7472 	EXP 	grating2: autoDraw = True
122.4665 	DATA 	Keypress: left
122.4812 	EXP 	grating2: autoDraw = False
122.4812 	EXP 	feedback_2: text = '¡Correcto!'
122.4812 	EXP 	feedback_2: autoDraw = True
123.4653 	EXP 	New trial (rep=0, index=10): {'Frecuencia': 5.91037757272398, 'Orientation': 127.915093901674, 'Categoria': 'E', 'tecla': 'left', 'FrecuenciaEspacial': 0.0295518878636199, 'Orden': 11}
123.4810 	EXP 	feedback_2: autoDraw = False
123.4810 	EXP 	feedback_2: autoDraw = False
123.4810 	EXP 	grating2: ori = 127.915093901674
123.4810 	EXP 	grating2: sf = array([0.02955189, 0.02955189])
123.5645 	EXP 	grating2: autoDraw = True
124.9054 	DATA 	Keypress: left
124.9148 	EXP 	grating2: autoDraw = False
124.9148 	EXP 	feedback_2: text = '¡Correcto!'
124.9148 	EXP 	feedback_2: autoDraw = True
125.8993 	EXP 	New trial (rep=0, index=11): {'Frecuencia': 5.52075126243115, 'Orientation': 123.72341354159, 'Categoria': 'E', 'tecla': 'left', 'FrecuenciaEspacial': 0.027603756312155753, 'Orden': 12}
125.9151 	EXP 	feedback_2: autoDraw = False
125.9151 	EXP 	feedback_2: autoDraw = False
125.9151 	EXP 	grating2: ori = 123.72341354159
125.9151 	EXP 	grating2: sf = array([0.02760376, 0.02760376])
125.9982 	EXP 	grating2: autoDraw = True
127.0519 	DATA 	Keypress: left
127.0653 	EXP 	grating2: autoDraw = False
127.0653 	EXP 	feedback_2: text = '¡Correcto!'
127.0653 	EXP 	feedback_2: autoDraw = True
128.0499 	EXP 	New trial (rep=0, index=12): {'Frecuencia': 5.8665988200787, 'Orientation': 125.853730678291, 'Categoria': 'E', 'tecla': 'left', 'FrecuenciaEspacial': 0.0293329941003935, 'Orden': 13}
128.0655 	EXP 	feedback_2: autoDraw = False
128.0655 	EXP 	feedback_2: autoDraw = False
128.0655 	EXP 	grating2: ori = 125.853730678291
128.0655 	EXP 	grating2: sf = array([0.02933299, 0.02933299])
128.1489 	EXP 	grating2: autoDraw = True
129.7693 	DATA 	Keypress: left
129.7827 	EXP 	grating2: autoDraw = False
129.7827 	EXP 	feedback_2: text = '¡Correcto!'
129.7827 	EXP 	feedback_2: autoDraw = True
130.7673 	EXP 	New trial (rep=0, index=13): {'Frecuencia': 7.37386481574254, 'Orientation': 126.306325176555, 'Categoria': 'F', 'tecla': 'right', 'FrecuenciaEspacial': 0.036869324078712705, 'Orden': 14}
130.7832 	EXP 	feedback_2: autoDraw = False
130.7832 	EXP 	feedback_2: autoDraw = False
130.7832 	EXP 	grating2: ori = 126.306325176555
130.7832 	EXP 	grating2: sf = array([0.03686932, 0.03686932])
130.8665 	EXP 	grating2: autoDraw = True
131.6535 	DATA 	Keypress: right
131.6667 	EXP 	grating2: autoDraw = False
131.6667 	EXP 	feedback_2: text = '¡Correcto!'
131.6667 	EXP 	feedback_2: autoDraw = True
132.6515 	EXP 	New trial (rep=0, index=14): {'Frecuencia': 5.96688980474568, 'Orientation': 123.797748594863, 'Categoria': 'E', 'tecla': 'left', 'FrecuenciaEspacial': 0.0298344490237284, 'Orden': 15}
132.6673 	EXP 	feedback_2: autoDraw = False
132.6673 	EXP 	feedback_2: autoDraw = False
132.6673 	EXP 	grating2: ori = 123.797748594863
132.6673 	EXP 	grating2: sf = array([0.02983445, 0.02983445])
132.7508 	EXP 	grating2: autoDraw = True
133.8205 	DATA 	Keypress: left
133.8340 	EXP 	grating2: autoDraw = False
133.8340 	EXP 	feedback_2: text = '¡Correcto!'
133.8340 	EXP 	feedback_2: autoDraw = True
134.8199 	EXP 	New trial (rep=0, index=15): {'Frecuencia': 5.7013744269325, 'Orientation': 128.137344407076, 'Categoria': 'E', 'tecla': 'left', 'FrecuenciaEspacial': 0.028506872134662502, 'Orden': 16}
134.8347 	EXP 	feedback_2: autoDraw = False
134.8347 	EXP 	feedback_2: autoDraw = False
134.8347 	EXP 	grating2: ori = 128.137344407076
134.8347 	EXP 	grating2: sf = array([0.02850687, 0.02850687])
134.9178 	EXP 	grating2: autoDraw = True
137.0711 	DATA 	Keypress: left
137.0854 	EXP 	grating2: autoDraw = False
137.0854 	EXP 	feedback_2: text = '¡Correcto!'
137.0854 	EXP 	feedback_2: autoDraw = True
138.0696 	EXP 	New trial (rep=0, index=16): {'Frecuencia': 6.58545731939056, 'Orientation': 125.288952448838, 'Categoria': 'F', 'tecla': 'right', 'FrecuenciaEspacial': 0.0329272865969528, 'Orden': 17}
138.0856 	EXP 	feedback_2: autoDraw = False
138.0856 	EXP 	feedback_2: autoDraw = False
138.0856 	EXP 	grating2: ori = 125.288952448838
138.0856 	EXP 	grating2: sf = array([0.03292729, 0.03292729])
138.1689 	EXP 	grating2: autoDraw = True
140.0720 	DATA 	Keypress: right
140.0862 	EXP 	grating2: autoDraw = False
140.0862 	EXP 	feedback_2: text = '¡Correcto!'
140.0862 	EXP 	feedback_2: autoDraw = True
141.0707 	EXP 	New trial (rep=0, index=17): {'Frecuencia': 5.9502117142683, 'Orientation': 130.040868197316, 'Categoria': 'E', 'tecla': 'left', 'FrecuenciaEspacial': 0.0297510585713415, 'Orden': 18}
141.0866 	EXP 	feedback_2: autoDraw = False
141.0866 	EXP 	feedback_2: autoDraw = False
141.0866 	EXP 	grating2: ori = 130.040868197316
141.0866 	EXP 	grating2: sf = array([0.02975106, 0.02975106])
141.1699 	EXP 	grating2: autoDraw = True
141.8435 	DATA 	Keypress: right
141.8536 	EXP 	grating2: autoDraw = False
141.8536 	EXP 	feedback_2: height = 0.1
141.8536 	EXP 	feedback_2: height = 0.1
141.8536 	EXP 	feedback_2: text = 'Segui intentando'
141.8536 	EXP 	feedback_2: autoDraw = True
142.8378 	EXP 	New trial (rep=0, index=18): {'Frecuencia': 6.88953147079655, 'Orientation': 126.051099538978, 'Categoria': 'F', 'tecla': 'right', 'FrecuenciaEspacial': 0.03444765735398275, 'Orden': 19}
142.8537 	EXP 	feedback_2: autoDraw = False
142.8537 	EXP 	feedback_2: autoDraw = False
142.8537 	EXP 	grating2: ori = 126.051099538978
142.8537 	EXP 	grating2: sf = array([0.03444766, 0.03444766])
142.9369 	EXP 	grating2: autoDraw = True
143.7434 	DATA 	Keypress: right
143.7540 	EXP 	grating2: autoDraw = False
143.7540 	EXP 	feedback_2: height = 0.1
143.7540 	EXP 	feedback_2: height = 0.1
143.7540 	EXP 	feedback_2: text = '¡Correcto!'
143.7540 	EXP 	feedback_2: autoDraw = True
144.7387 	EXP 	New trial (rep=0, index=19): {'Frecuencia': 5.91111146124838, 'Orientation': 123.732709570874, 'Categoria': 'E', 'tecla': 'left', 'FrecuenciaEspacial': 0.0295555573062419, 'Orden': 20}
144.7542 	EXP 	feedback_2: autoDraw = False
144.7542 	EXP 	feedback_2: autoDraw = False
144.7542 	EXP 	grating2: ori = 123.732709570874
144.7542 	EXP 	grating2: sf = array([0.02955556, 0.02955556])
144.8377 	EXP 	grating2: autoDraw = True
145.7237 	DATA 	Keypress: left
145.7380 	EXP 	grating2: autoDraw = False
145.7380 	EXP 	feedback_2: text = '¡Correcto!'
145.7380 	EXP 	feedback_2: autoDraw = True
146.7246 	EXP 	New trial (rep=0, index=20): {'Frecuencia': 6.99093214046861, 'Orientation': 123.997920213209, 'Categoria': 'F', 'tecla': 'right', 'FrecuenciaEspacial': 0.03495466070234305, 'Orden': 21}
146.7389 	EXP 	feedback_2: autoDraw = False
146.7389 	EXP 	feedback_2: autoDraw = False
146.7389 	EXP 	grating2: ori = 123.997920213209
146.7389 	EXP 	grating2: sf = array([0.03495466, 0.03495466])
146.8216 	EXP 	grating2: autoDraw = True
147.8581 	DATA 	Keypress: right
147.8720 	EXP 	grating2: autoDraw = False
147.8720 	EXP 	feedback_2: text = '¡Correcto!'
147.8720 	EXP 	feedback_2: autoDraw = True
148.8564 	EXP 	New trial (rep=0, index=21): {'Frecuencia': 5.82216087353878, 'Orientation': 125.36108174198, 'Categoria': 'E', 'tecla': 'left', 'FrecuenciaEspacial': 0.0291108043676939, 'Orden': 22}
148.8722 	EXP 	feedback_2: autoDraw = False
148.8722 	EXP 	feedback_2: autoDraw = False
148.8722 	EXP 	grating2: ori = 125.36108174198
148.8722 	EXP 	grating2: sf = array([0.0291108, 0.0291108])
148.9557 	EXP 	grating2: autoDraw = True
149.9581 	DATA 	Keypress: left
149.9726 	EXP 	grating2: autoDraw = False
149.9726 	EXP 	feedback_2: text = '¡Correcto!'
149.9726 	EXP 	feedback_2: autoDraw = True
150.9570 	EXP 	New trial (rep=0, index=22): {'Frecuencia': 6.16927851208027, 'Orientation': 124.634772531809, 'Categoria': 'E', 'tecla': 'left', 'FrecuenciaEspacial': 0.03084639256040135, 'Orden': 23}
150.9729 	EXP 	feedback_2: autoDraw = False
150.9729 	EXP 	feedback_2: autoDraw = False
150.9729 	EXP 	grating2: ori = 124.634772531809
150.9729 	EXP 	grating2: sf = array([0.03084639, 0.03084639])
151.0562 	EXP 	grating2: autoDraw = True
151.9458 	DATA 	Keypress: right
151.9565 	EXP 	grating2: autoDraw = False
151.9565 	EXP 	feedback_2: height = 0.1
151.9565 	EXP 	feedback_2: height = 0.1
151.9565 	EXP 	feedback_2: text = 'Segui intentando'
151.9565 	EXP 	feedback_2: autoDraw = True
152.9412 	EXP 	New trial (rep=0, index=23): {'Frecuencia': 7.10714202626223, 'Orientation': 125.130423058653, 'Categoria': 'F', 'tecla': 'right', 'FrecuenciaEspacial': 0.035535710131311155, 'Orden': 24}
152.9573 	EXP 	feedback_2: autoDraw = False
152.9573 	EXP 	feedback_2: autoDraw = False
152.9573 	EXP 	grating2: ori = 125.130423058653
152.9573 	EXP 	grating2: sf = array([0.03553571, 0.03553571])
153.0403 	EXP 	grating2: autoDraw = True
153.6122 	DATA 	Keypress: right
153.6239 	EXP 	grating2: autoDraw = False
153.6239 	EXP 	feedback_2: height = 0.1
153.6239 	EXP 	feedback_2: height = 0.1
153.6239 	EXP 	feedback_2: text = '¡Correcto!'
153.6239 	EXP 	feedback_2: autoDraw = True
154.6084 	EXP 	New trial (rep=0, index=24): {'Frecuencia': 6.73265051773132, 'Orientation': 128.52238170251, 'Categoria': 'F', 'tecla': 'right', 'FrecuenciaEspacial': 0.0336632525886566, 'Orden': 25}
154.6241 	EXP 	feedback_2: autoDraw = False
154.6241 	EXP 	feedback_2: autoDraw = False
154.6241 	EXP 	grating2: ori = 128.52238170251
154.6241 	EXP 	grating2: sf = array([0.03366325, 0.03366325])
154.7075 	EXP 	grating2: autoDraw = True
155.4611 	DATA 	Keypress: right
155.4740 	EXP 	grating2: autoDraw = False
155.4740 	EXP 	feedback_2: text = '¡Correcto!'
155.4740 	EXP 	feedback_2: autoDraw = True
156.4589 	EXP 	New trial (rep=0, index=25): {'Frecuencia': 7.02640523744123, 'Orientation': 124.322837810942, 'Categoria': 'F', 'tecla': 'right', 'FrecuenciaEspacial': 0.03513202618720615, 'Orden': 26}
156.4745 	EXP 	feedback_2: autoDraw = False
156.4745 	EXP 	feedback_2: autoDraw = False
156.4745 	EXP 	grating2: ori = 124.322837810942
156.4745 	EXP 	grating2: sf = array([0.03513203, 0.03513203])
156.5577 	EXP 	grating2: autoDraw = True
157.1116 	DATA 	Keypress: right
157.1247 	EXP 	grating2: autoDraw = False
157.1247 	EXP 	feedback_2: text = '¡Correcto!'
157.1247 	EXP 	feedback_2: autoDraw = True
158.1094 	EXP 	New trial (rep=0, index=26): {'Frecuencia': 6.92637689199021, 'Orientation': 121.264987338989, 'Categoria': 'F', 'tecla': 'right', 'FrecuenciaEspacial': 0.03463188445995105, 'Orden': 27}
158.1249 	EXP 	feedback_2: autoDraw = False
158.1249 	EXP 	feedback_2: autoDraw = False
158.1249 	EXP 	grating2: ori = 121.264987338989
158.1249 	EXP 	grating2: sf = array([0.03463188, 0.03463188])
158.2083 	EXP 	grating2: autoDraw = True
158.7455 	DATA 	Keypress: right
158.7584 	EXP 	grating2: autoDraw = False
158.7584 	EXP 	feedback_2: text = '¡Correcto!'
158.7584 	EXP 	feedback_2: autoDraw = True
159.7435 	EXP 	New trial (rep=0, index=27): {'Frecuencia': 6.92771122384602, 'Orientation': 127.420075185906, 'Categoria': 'F', 'tecla': 'right', 'FrecuenciaEspacial': 0.0346385561192301, 'Orden': 28}
159.7592 	EXP 	feedback_2: autoDraw = False
159.7592 	EXP 	feedback_2: autoDraw = False
159.7592 	EXP 	grating2: ori = 127.420075185906
159.7592 	EXP 	grating2: sf = array([0.03463856, 0.03463856])
159.8427 	EXP 	grating2: autoDraw = True
160.4950 	DATA 	Keypress: right
160.5092 	EXP 	grating2: autoDraw = False
160.5092 	EXP 	feedback_2: text = '¡Correcto!'
160.5092 	EXP 	feedback_2: autoDraw = True
161.4938 	EXP 	New trial (rep=0, index=28): {'Frecuencia': 5.82965555515823, 'Orientation': 121.362896245264, 'Categoria': 'E', 'tecla': 'left', 'FrecuenciaEspacial': 0.02914827777579115, 'Orden': 29}
161.5096 	EXP 	feedback_2: autoDraw = False
161.5096 	EXP 	feedback_2: autoDraw = False
161.5096 	EXP 	grating2: ori = 121.362896245264
161.5096 	EXP 	grating2: sf = array([0.02914828, 0.02914828])
161.5935 	EXP 	grating2: autoDraw = True
162.2333 	DATA 	Keypress: right
162.2423 	EXP 	grating2: autoDraw = False
162.2423 	EXP 	feedback_2: height = 0.1
162.2423 	EXP 	feedback_2: height = 0.1
162.2423 	EXP 	feedback_2: text = 'Segui intentando'
162.2423 	EXP 	feedback_2: autoDraw = True
163.2278 	EXP 	New trial (rep=0, index=29): {'Frecuencia': 6.04573357235965, 'Orientation': 120.789364395402, 'Categoria': 'E', 'tecla': 'left', 'FrecuenciaEspacial': 0.030228667861798248, 'Orden': 30}
163.2434 	EXP 	feedback_2: autoDraw = False
163.2434 	EXP 	feedback_2: autoDraw = False
163.2434 	EXP 	grating2: ori = 120.789364395402
163.2434 	EXP 	grating2: sf = array([0.03022867, 0.03022867])
163.3268 	EXP 	grating2: autoDraw = True
164.3000 	DATA 	Keypress: left
164.3106 	EXP 	grating2: autoDraw = False
164.3106 	EXP 	feedback_2: height = 0.1
164.3106 	EXP 	feedback_2: height = 0.1
164.3106 	EXP 	feedback_2: text = '¡Correcto!'
164.3106 	EXP 	feedback_2: autoDraw = True
165.2953 	EXP 	New trial (rep=0, index=30): {'Frecuencia': 5.92769951728615, 'Orientation': 125.272196114664, 'Categoria': 'E', 'tecla': 'left', 'FrecuenciaEspacial': 0.02963849758643075, 'Orden': 31}
165.3105 	EXP 	feedback_2: autoDraw = False
165.3105 	EXP 	feedback_2: autoDraw = False
165.3105 	EXP 	grating2: ori = 125.272196114664
165.3105 	EXP 	grating2: sf = array([0.0296385, 0.0296385])
165.3939 	EXP 	grating2: autoDraw = True
166.5973 	DATA 	Keypress: left
166.6114 	EXP 	grating2: autoDraw = False
166.6114 	EXP 	feedback_2: text = '¡Correcto!'
166.6114 	EXP 	feedback_2: autoDraw = True
167.5955 	EXP 	New trial (rep=0, index=31): {'Frecuencia': 6.19147311049652, 'Orientation': 124.003168840549, 'Categoria': 'E', 'tecla': 'left', 'FrecuenciaEspacial': 0.0309573655524826, 'Orden': 32}
167.6116 	EXP 	feedback_2: autoDraw = False
167.6116 	EXP 	feedback_2: autoDraw = False
167.6116 	EXP 	grating2: ori = 124.003168840549
167.6116 	EXP 	grating2: sf = array([0.03095737, 0.03095737])
167.6949 	EXP 	grating2: autoDraw = True
169.0316 	DATA 	Keypress: left
169.0456 	EXP 	grating2: autoDraw = False
169.0456 	EXP 	feedback_2: text = '¡Correcto!'
169.0456 	EXP 	feedback_2: autoDraw = True
170.0296 	EXP 	New trial (rep=0, index=32): {'Frecuencia': 5.73875841743782, 'Orientation': 122.809304341189, 'Categoria': 'E', 'tecla': 'left', 'FrecuenciaEspacial': 0.0286937920871891, 'Orden': 33}
170.0455 	EXP 	feedback_2: autoDraw = False
170.0455 	EXP 	feedback_2: autoDraw = False
170.0455 	EXP 	grating2: ori = 122.809304341189
170.0455 	EXP 	grating2: sf = array([0.02869379, 0.02869379])
170.1295 	EXP 	grating2: autoDraw = True
170.9317 	DATA 	Keypress: left
170.9459 	EXP 	grating2: autoDraw = False
170.9459 	EXP 	feedback_2: text = '¡Correcto!'
170.9459 	EXP 	feedback_2: autoDraw = True
171.9304 	EXP 	New trial (rep=0, index=33): {'Frecuencia': 5.72907568575406, 'Orientation': 129.000322287173, 'Categoria': 'E', 'tecla': 'left', 'FrecuenciaEspacial': 0.0286453784287703, 'Orden': 34}
171.9462 	EXP 	feedback_2: autoDraw = False
171.9462 	EXP 	feedback_2: autoDraw = False
171.9462 	EXP 	grating2: ori = 129.000322287173
171.9462 	EXP 	grating2: sf = array([0.02864538, 0.02864538])
172.0295 	EXP 	grating2: autoDraw = True
172.7823 	DATA 	Keypress: left
172.7964 	EXP 	grating2: autoDraw = False
172.7964 	EXP 	feedback_2: text = '¡Correcto!'
172.7964 	EXP 	feedback_2: autoDraw = True
173.7810 	EXP 	New trial (rep=0, index=34): {'Frecuencia': 6.7190236530122, 'Orientation': 123.237058412498, 'Categoria': 'F', 'tecla': 'right', 'FrecuenciaEspacial': 0.033595118265061, 'Orden': 35}
173.7968 	EXP 	feedback_2: autoDraw = False
173.7968 	EXP 	feedback_2: autoDraw = False
173.7968 	EXP 	grating2: ori = 123.237058412498
173.7968 	EXP 	grating2: sf = array([0.03359512, 0.03359512])
173.8800 	EXP 	grating2: autoDraw = True
175.9711 	DATA 	Keypress: left
175.9808 	EXP 	grating2: autoDraw = False
175.9808 	EXP 	feedback_2: height = 0.1
175.9808 	EXP 	feedback_2: height = 0.1
175.9808 	EXP 	feedback_2: text = 'Segui intentando'
175.9808 	EXP 	feedback_2: autoDraw = True
176.9651 	EXP 	New trial (rep=0, index=35): {'Frecuencia': 6.69623359879928, 'Orientation': 121.338799557726, 'Categoria': 'F', 'tecla': 'right', 'FrecuenciaEspacial': 0.0334811679939964, 'Orden': 36}
176.9811 	EXP 	feedback_2: autoDraw = False
176.9811 	EXP 	feedback_2: autoDraw = False
176.9811 	EXP 	grating2: ori = 121.338799557726
176.9811 	EXP 	grating2: sf = array([0.03348117, 0.03348117])
177.0644 	EXP 	grating2: autoDraw = True
177.7876 	DATA 	Keypress: right
177.7980 	EXP 	grating2: autoDraw = False
177.7980 	EXP 	feedback_2: height = 0.1
177.7980 	EXP 	feedback_2: height = 0.1
177.7980 	EXP 	feedback_2: text = '¡Correcto!'
177.7980 	EXP 	feedback_2: autoDraw = True
178.7827 	EXP 	New trial (rep=0, index=36): {'Frecuencia': 7.03435382452649, 'Orientation': 121.214992388902, 'Categoria': 'F', 'tecla': 'right', 'FrecuenciaEspacial': 0.03517176912263245, 'Orden': 37}
178.7983 	EXP 	feedback_2: autoDraw = False
178.7983 	EXP 	feedback_2: autoDraw = False
178.7983 	EXP 	grating2: ori = 121.214992388902
178.7983 	EXP 	grating2: sf = array([0.03517177, 0.03517177])
178.8817 	EXP 	grating2: autoDraw = True
179.4178 	DATA 	Keypress: right
179.4320 	EXP 	grating2: autoDraw = False
179.4320 	EXP 	feedback_2: text = '¡Correcto!'
179.4320 	EXP 	feedback_2: autoDraw = True
180.4163 	EXP 	New trial (rep=0, index=37): {'Frecuencia': 6.01504039044082, 'Orientation': 122.141261329445, 'Categoria': 'E', 'tecla': 'left', 'FrecuenciaEspacial': 0.0300752019522041, 'Orden': 38}
180.4321 	EXP 	feedback_2: autoDraw = False
180.4321 	EXP 	feedback_2: autoDraw = False
180.4321 	EXP 	grating2: ori = 122.141261329445
180.4321 	EXP 	grating2: sf = array([0.0300752, 0.0300752])
180.5155 	EXP 	grating2: autoDraw = True
181.2568 	DATA 	Keypress: right
181.2664 	EXP 	grating2: autoDraw = False
181.2664 	EXP 	feedback_2: height = 0.1
181.2664 	EXP 	feedback_2: height = 0.1
181.2664 	EXP 	feedback_2: text = 'Segui intentando'
181.2664 	EXP 	feedback_2: autoDraw = True
182.2502 	EXP 	New trial (rep=0, index=38): {'Frecuencia': 6.99445550840864, 'Orientation': 124.679166141761, 'Categoria': 'F', 'tecla': 'right', 'FrecuenciaEspacial': 0.0349722775420432, 'Orden': 39}
182.2661 	EXP 	feedback_2: autoDraw = False
182.2661 	EXP 	feedback_2: autoDraw = False
182.2661 	EXP 	grating2: ori = 124.679166141761
182.2661 	EXP 	grating2: sf = array([0.03497228, 0.03497228])
182.3495 	EXP 	grating2: autoDraw = True
182.9841 	DATA 	Keypress: right
183.0163 	EXP 	grating2: autoDraw = False
183.0163 	EXP 	feedback_2: height = 0.1
183.0163 	EXP 	feedback_2: height = 0.1
183.0163 	EXP 	feedback_2: text = '¡Correcto!'
183.0163 	EXP 	feedback_2: autoDraw = True
184.0008 	EXP 	New trial (rep=0, index=39): {'Frecuencia': 6.19298125039768, 'Orientation': 126.10761504368, 'Categoria': 'E', 'tecla': 'left', 'FrecuenciaEspacial': 0.0309649062519884, 'Orden': 40}
184.0168 	EXP 	feedback_2: autoDraw = False
184.0168 	EXP 	feedback_2: autoDraw = False
184.0168 	EXP 	grating2: ori = 126.10761504368
184.0168 	EXP 	grating2: sf = array([0.03096491, 0.03096491])
184.1000 	EXP 	grating2: autoDraw = True
185.8094 	DATA 	Keypress: left
185.8183 	EXP 	grating2: autoDraw = False
185.8183 	EXP 	feedback_2: text = '¡Correcto!'
185.8183 	EXP 	feedback_2: autoDraw = True
186.8182 	EXP 	New trial (rep=0, index=40): {'Frecuencia': 6.86652736200711, 'Orientation': 126.319753297367, 'Categoria': 'F', 'tecla': 'right', 'FrecuenciaEspacial': 0.03433263681003555, 'Orden': 41}
186.8338 	EXP 	feedback_2: autoDraw = False
186.8338 	EXP 	feedback_2: autoDraw = False
186.8338 	EXP 	grating2: ori = 126.319753297367
186.8338 	EXP 	grating2: sf = array([0.03433264, 0.03433264])
186.9173 	EXP 	grating2: autoDraw = True
189.3378 	DATA 	Keypress: right
189.3513 	EXP 	grating2: autoDraw = False
189.3513 	EXP 	feedback_2: text = '¡Correcto!'
189.3513 	EXP 	feedback_2: autoDraw = True
190.3360 	EXP 	New trial (rep=0, index=41): {'Frecuencia': 6.0265706931507, 'Orientation': 120.167692799951, 'Categoria': 'E', 'tecla': 'left', 'FrecuenciaEspacial': 0.0301328534657535, 'Orden': 42}
190.3515 	EXP 	feedback_2: autoDraw = False
190.3515 	EXP 	feedback_2: autoDraw = False
190.3515 	EXP 	grating2: ori = 120.167692799951
190.3515 	EXP 	grating2: sf = array([0.03013285, 0.03013285])
190.4349 	EXP 	grating2: autoDraw = True
191.2217 	DATA 	Keypress: left
191.2352 	EXP 	grating2: autoDraw = False
191.2352 	EXP 	feedback_2: text = '¡Correcto!'
191.2352 	EXP 	feedback_2: autoDraw = True
192.2198 	EXP 	New trial (rep=0, index=42): {'Frecuencia': 7.02088680300604, 'Orientation': 126.27240311488, 'Categoria': 'F', 'tecla': 'right', 'FrecuenciaEspacial': 0.0351044340150302, 'Orden': 43}
192.2355 	EXP 	feedback_2: autoDraw = False
192.2355 	EXP 	feedback_2: autoDraw = False
192.2355 	EXP 	grating2: ori = 126.27240311488
192.2355 	EXP 	grating2: sf = array([0.03510443, 0.03510443])
192.3189 	EXP 	grating2: autoDraw = True
192.9396 	DATA 	Keypress: right
192.9523 	EXP 	grating2: autoDraw = False
192.9523 	EXP 	feedback_2: text = '¡Correcto!'
192.9523 	EXP 	feedback_2: autoDraw = True
193.9371 	EXP 	New trial (rep=0, index=43): {'Frecuencia': 7.00019864445886, 'Orientation': 120.13825962872, 'Categoria': 'F', 'tecla': 'right', 'FrecuenciaEspacial': 0.0350009932222943, 'Orden': 44}
193.9526 	EXP 	feedback_2: autoDraw = False
193.9526 	EXP 	feedback_2: autoDraw = False
193.9526 	EXP 	grating2: ori = 120.13825962872
193.9526 	EXP 	grating2: sf = array([0.03500099, 0.03500099])
194.0362 	EXP 	grating2: autoDraw = True
194.6393 	DATA 	Keypress: right
194.6528 	EXP 	grating2: autoDraw = False
194.6528 	EXP 	feedback_2: text = '¡Correcto!'
194.6528 	EXP 	feedback_2: autoDraw = True
195.6375 	EXP 	New trial (rep=0, index=44): {'Frecuencia': 6.78855301886482, 'Orientation': 123.604426673208, 'Categoria': 'F', 'tecla': 'right', 'FrecuenciaEspacial': 0.033942765094324104, 'Orden': 45}
195.6531 	EXP 	feedback_2: autoDraw = False
195.6531 	EXP 	feedback_2: autoDraw = False
195.6531 	EXP 	grating2: ori = 123.604426673208
195.6531 	EXP 	grating2: sf = array([0.03394277, 0.03394277])
195.7366 	EXP 	grating2: autoDraw = True
196.3067 	DATA 	Keypress: right
196.3202 	EXP 	grating2: autoDraw = False
196.3202 	EXP 	feedback_2: text = '¡Correcto!'
196.3202 	EXP 	feedback_2: autoDraw = True
197.3049 	EXP 	New trial (rep=0, index=45): {'Frecuencia': 6.91691295700039, 'Orientation': 122.267645826549, 'Categoria': 'F', 'tecla': 'right', 'FrecuenciaEspacial': 0.03458456478500195, 'Orden': 46}
197.3205 	EXP 	feedback_2: autoDraw = False
197.3205 	EXP 	feedback_2: autoDraw = False
197.3205 	EXP 	grating2: ori = 122.267645826549
197.3205 	EXP 	grating2: sf = array([0.03458456, 0.03458456])
197.4040 	EXP 	grating2: autoDraw = True
198.0406 	DATA 	Keypress: right
198.0538 	EXP 	grating2: autoDraw = False
198.0538 	EXP 	feedback_2: text = '¡Correcto!'
198.0538 	EXP 	feedback_2: autoDraw = True
199.0387 	EXP 	New trial (rep=0, index=46): {'Frecuencia': 6.23949990267797, 'Orientation': 128.9771791325, 'Categoria': 'E', 'tecla': 'left', 'FrecuenciaEspacial': 0.03119749951338985, 'Orden': 47}
199.0541 	EXP 	feedback_2: autoDraw = False
199.0541 	EXP 	feedback_2: autoDraw = False
199.0541 	EXP 	grating2: ori = 128.9771791325
199.0541 	EXP 	grating2: sf = array([0.0311975, 0.0311975])
199.1377 	EXP 	grating2: autoDraw = True
199.9136 	DATA 	Keypress: right
199.9226 	EXP 	grating2: autoDraw = False
199.9226 	EXP 	feedback_2: height = 0.1
199.9226 	EXP 	feedback_2: height = 0.1
199.9226 	EXP 	feedback_2: text = 'Segui intentando'
199.9226 	EXP 	feedback_2: autoDraw = True
200.9060 	EXP 	New trial (rep=0, index=47): {'Frecuencia': 6.01183958654925, 'Orientation': 127.354086641192, 'Categoria': 'E', 'tecla': 'left', 'FrecuenciaEspacial': 0.03005919793274625, 'Orden': 48}
200.9214 	EXP 	feedback_2: autoDraw = False
200.9214 	EXP 	feedback_2: autoDraw = False
200.9214 	EXP 	grating2: ori = 127.354086641192
200.9214 	EXP 	grating2: sf = array([0.0300592, 0.0300592])
201.0049 	EXP 	grating2: autoDraw = True
201.8233 	DATA 	Keypress: left
201.8551 	EXP 	grating2: autoDraw = False
201.8551 	EXP 	feedback_2: height = 0.1
201.8551 	EXP 	feedback_2: height = 0.1
201.8551 	EXP 	feedback_2: text = '¡Correcto!'
201.8551 	EXP 	feedback_2: autoDraw = True
202.8398 	EXP 	New trial (rep=0, index=48): {'Frecuencia': 6.90234581194862, 'Orientation': 119.515305309963, 'Categoria': 'F', 'tecla': 'right', 'FrecuenciaEspacial': 0.0345117290597431, 'Orden': 49}
202.8554 	EXP 	feedback_2: autoDraw = False
202.8554 	EXP 	feedback_2: autoDraw = False
202.8554 	EXP 	grating2: ori = 119.515305309963
202.8554 	EXP 	grating2: sf = array([0.03451173, 0.03451173])
202.9389 	EXP 	grating2: autoDraw = True
203.5756 	DATA 	Keypress: right
203.5890 	EXP 	grating2: autoDraw = False
203.5890 	EXP 	feedback_2: text = '¡Correcto!'
203.5890 	EXP 	feedback_2: autoDraw = True
204.5736 	EXP 	New trial (rep=0, index=49): {'Frecuencia': 6.97482282425021, 'Orientation': 121.994937831578, 'Categoria': 'F', 'tecla': 'right', 'FrecuenciaEspacial': 0.03487411412125105, 'Orden': 50}
204.5892 	EXP 	feedback_2: autoDraw = False
204.5892 	EXP 	feedback_2: autoDraw = False
204.5892 	EXP 	grating2: ori = 121.994937831578
204.5892 	EXP 	grating2: sf = array([0.03487411, 0.03487411])
204.6726 	EXP 	grating2: autoDraw = True
205.8247 	DATA 	Keypress: right
205.8565 	EXP 	grating2: autoDraw = False
205.8565 	EXP 	feedback_2: text = '¡Correcto!'
205.8565 	EXP 	feedback_2: autoDraw = True
206.8412 	EXP 	New trial (rep=0, index=50): {'Frecuencia': 6.91268726289996, 'Orientation': 125.954656637743, 'Categoria': 'F', 'tecla': 'right', 'FrecuenciaEspacial': 0.0345634363144998, 'Orden': 51}
206.8567 	EXP 	feedback_2: autoDraw = False
206.8567 	EXP 	feedback_2: autoDraw = False
206.8567 	EXP 	grating2: ori = 125.954656637743
206.8567 	EXP 	grating2: sf = array([0.03456344, 0.03456344])
206.9401 	EXP 	grating2: autoDraw = True
207.7434 	DATA 	Keypress: right
207.7570 	EXP 	grating2: autoDraw = False
207.7570 	EXP 	feedback_2: text = '¡Correcto!'
207.7570 	EXP 	feedback_2: autoDraw = True
208.7418 	EXP 	New trial (rep=0, index=51): {'Frecuencia': 5.99184813482006, 'Orientation': 123.00963086321, 'Categoria': 'E', 'tecla': 'left', 'FrecuenciaEspacial': 0.0299592406741003, 'Orden': 52}
208.7572 	EXP 	feedback_2: autoDraw = False
208.7572 	EXP 	feedback_2: autoDraw = False
208.7572 	EXP 	grating2: ori = 123.00963086321
208.7572 	EXP 	grating2: sf = array([0.02995924, 0.02995924])
208.8406 	EXP 	grating2: autoDraw = True
209.5940 	DATA 	Keypress: left
209.6075 	EXP 	grating2: autoDraw = False
209.6075 	EXP 	feedback_2: text = '¡Correcto!'
209.6075 	EXP 	feedback_2: autoDraw = True
210.5923 	EXP 	New trial (rep=0, index=52): {'Frecuencia': 5.77172637679455, 'Orientation': 127.677354138101, 'Categoria': 'E', 'tecla': 'left', 'FrecuenciaEspacial': 0.028858631883972752, 'Orden': 53}
210.6077 	EXP 	feedback_2: autoDraw = False
210.6077 	EXP 	feedback_2: autoDraw = False
210.6077 	EXP 	grating2: ori = 127.677354138101
210.6077 	EXP 	grating2: sf = array([0.02885863, 0.02885863])
210.6912 	EXP 	grating2: autoDraw = True
212.5118 	DATA 	Keypress: left
212.5252 	EXP 	grating2: autoDraw = False
212.5252 	EXP 	feedback_2: text = '¡Correcto!'
212.5252 	EXP 	feedback_2: autoDraw = True
213.5095 	EXP 	New trial (rep=0, index=53): {'Frecuencia': 5.81687525787871, 'Orientation': 120.965118659011, 'Categoria': 'E', 'tecla': 'left', 'FrecuenciaEspacial': 0.02908437628939355, 'Orden': 54}
213.5254 	EXP 	feedback_2: autoDraw = False
213.5254 	EXP 	feedback_2: autoDraw = False
213.5254 	EXP 	grating2: ori = 120.965118659011
213.5254 	EXP 	grating2: sf = array([0.02908438, 0.02908438])
213.6089 	EXP 	grating2: autoDraw = True
215.0293 	DATA 	Keypress: left
215.0426 	EXP 	grating2: autoDraw = False
215.0426 	EXP 	feedback_2: text = '¡Correcto!'
215.0426 	EXP 	feedback_2: autoDraw = True
216.0273 	EXP 	New trial (rep=0, index=54): {'Frecuencia': 6.6722371491463, 'Orientation': 125.794801607246, 'Categoria': 'F', 'tecla': 'right', 'FrecuenciaEspacial': 0.0333611857457315, 'Orden': 55}
216.0429 	EXP 	feedback_2: autoDraw = False
216.0429 	EXP 	feedback_2: autoDraw = False
216.0429 	EXP 	grating2: ori = 125.794801607246
216.0429 	EXP 	grating2: sf = array([0.03336119, 0.03336119])
216.1263 	EXP 	grating2: autoDraw = True
216.9962 	DATA 	Keypress: right
217.0100 	EXP 	grating2: autoDraw = False
217.0100 	EXP 	feedback_2: text = '¡Correcto!'
217.0100 	EXP 	feedback_2: autoDraw = True
217.9945 	EXP 	New trial (rep=0, index=55): {'Frecuencia': 6.10024624735304, 'Orientation': 130.947377281703, 'Categoria': 'E', 'tecla': 'left', 'FrecuenciaEspacial': 0.030501231236765198, 'Orden': 56}
218.0103 	EXP 	feedback_2: autoDraw = False
218.0103 	EXP 	feedback_2: autoDraw = False
218.0103 	EXP 	grating2: ori = 130.947377281703
218.0103 	EXP 	grating2: sf = array([0.03050123, 0.03050123])
218.0936 	EXP 	grating2: autoDraw = True
218.9304 	DATA 	Keypress: left
218.9436 	EXP 	grating2: autoDraw = False
218.9436 	EXP 	feedback_2: text = '¡Correcto!'
218.9436 	EXP 	feedback_2: autoDraw = True
219.9284 	EXP 	New trial (rep=0, index=56): {'Frecuencia': 6.83118688971373, 'Orientation': 123.385744243575, 'Categoria': 'F', 'tecla': 'right', 'FrecuenciaEspacial': 0.03415593444856865, 'Orden': 57}
219.9440 	EXP 	feedback_2: autoDraw = False
219.9440 	EXP 	feedback_2: autoDraw = False
219.9440 	EXP 	grating2: ori = 123.385744243575
219.9440 	EXP 	grating2: sf = array([0.03415593, 0.03415593])
220.0275 	EXP 	grating2: autoDraw = True
222.2646 	DATA 	Keypress: right
222.2782 	EXP 	grating2: autoDraw = False
222.2782 	EXP 	feedback_2: text = '¡Correcto!'
222.2782 	EXP 	feedback_2: autoDraw = True
223.2627 	EXP 	New trial (rep=0, index=57): {'Frecuencia': 5.8368319370317, 'Orientation': 125.549645514443, 'Categoria': 'E', 'tecla': 'left', 'FrecuenciaEspacial': 0.0291841596851585, 'Orden': 58}
223.2784 	EXP 	feedback_2: autoDraw = False
223.2784 	EXP 	feedback_2: autoDraw = False
223.2784 	EXP 	grating2: ori = 125.549645514443
223.2784 	EXP 	grating2: sf = array([0.02918416, 0.02918416])
223.3620 	EXP 	grating2: autoDraw = True
224.2634 	DATA 	Keypress: left
224.2954 	EXP 	grating2: autoDraw = False
224.2954 	EXP 	feedback_2: text = '¡Correcto!'
224.2954 	EXP 	feedback_2: autoDraw = True
225.2800 	EXP 	New trial (rep=0, index=58): {'Frecuencia': 5.95100882503604, 'Orientation': 127.432257063602, 'Categoria': 'E', 'tecla': 'left', 'FrecuenciaEspacial': 0.0297550441251802, 'Orden': 59}
225.2958 	EXP 	feedback_2: autoDraw = False
225.2958 	EXP 	feedback_2: autoDraw = False
225.2958 	EXP 	grating2: ori = 127.432257063602
225.2958 	EXP 	grating2: sf = array([0.02975504, 0.02975504])
225.3793 	EXP 	grating2: autoDraw = True
226.1993 	DATA 	Keypress: left
226.2128 	EXP 	grating2: autoDraw = False
226.2128 	EXP 	feedback_2: text = '¡Correcto!'
226.2128 	EXP 	feedback_2: autoDraw = True
227.1973 	EXP 	New trial (rep=0, index=59): {'Frecuencia': 5.98250552316154, 'Orientation': 127.92025992781, 'Categoria': 'E', 'tecla': 'left', 'FrecuenciaEspacial': 0.029912527615807698, 'Orden': 60}
227.2130 	EXP 	feedback_2: autoDraw = False
227.2130 	EXP 	feedback_2: autoDraw = False
227.2130 	EXP 	grating2: ori = 127.92025992781
227.2130 	EXP 	grating2: sf = array([0.02991253, 0.02991253])
227.2966 	EXP 	grating2: autoDraw = True
228.1834 	DATA 	Keypress: left
228.1966 	EXP 	grating2: autoDraw = False
228.1966 	EXP 	feedback_2: text = '¡Correcto!'
228.1966 	EXP 	feedback_2: autoDraw = True
229.1813 	EXP 	New trial (rep=0, index=60): {'Frecuencia': 6.47093029057188, 'Orientation': 130.277049532513, 'Categoria': 'F', 'tecla': 'right', 'FrecuenciaEspacial': 0.0323546514528594, 'Orden': 61}
229.1967 	EXP 	feedback_2: autoDraw = False
229.1967 	EXP 	feedback_2: autoDraw = False
229.1967 	EXP 	grating2: ori = 130.277049532513
229.1967 	EXP 	grating2: sf = array([0.03235465, 0.03235465])
229.2804 	EXP 	grating2: autoDraw = True
231.6048 	DATA 	Keypress: left
231.6146 	EXP 	grating2: autoDraw = False
231.6146 	EXP 	feedback_2: height = 0.1
231.6146 	EXP 	feedback_2: height = 0.1
231.6146 	EXP 	feedback_2: text = 'Segui intentando'
231.6146 	EXP 	feedback_2: autoDraw = True
232.5994 	EXP 	New trial (rep=0, index=61): {'Frecuencia': 5.92590084284648, 'Orientation': 129.044650259268, 'Categoria': 'E', 'tecla': 'left', 'FrecuenciaEspacial': 0.0296295042142324, 'Orden': 62}
232.6158 	EXP 	feedback_2: autoDraw = False
232.6158 	EXP 	feedback_2: autoDraw = False
232.6158 	EXP 	grating2: ori = 129.044650259268
232.6158 	EXP 	grating2: sf = array([0.0296295, 0.0296295])
232.6984 	EXP 	grating2: autoDraw = True
233.6717 	DATA 	Keypress: left
233.6823 	EXP 	grating2: autoDraw = False
233.6823 	EXP 	feedback_2: height = 0.1
233.6823 	EXP 	feedback_2: height = 0.1
233.6823 	EXP 	feedback_2: text = '¡Correcto!'
233.6823 	EXP 	feedback_2: autoDraw = True
234.6664 	EXP 	New trial (rep=0, index=62): {'Frecuencia': 6.83891159438045, 'Orientation': 125.532370569108, 'Categoria': 'F', 'tecla': 'right', 'FrecuenciaEspacial': 0.034194557971902254, 'Orden': 63}
234.6823 	EXP 	feedback_2: autoDraw = False
234.6823 	EXP 	feedback_2: autoDraw = False
234.6823 	EXP 	grating2: ori = 125.532370569108
234.6823 	EXP 	grating2: sf = array([0.03419456, 0.03419456])
234.7658 	EXP 	grating2: autoDraw = True
235.4853 	DATA 	Keypress: right
235.4996 	EXP 	grating2: autoDraw = False
235.4996 	EXP 	feedback_2: text = '¡Correcto!'
235.4996 	EXP 	feedback_2: autoDraw = True
236.4842 	EXP 	New trial (rep=0, index=63): {'Frecuencia': 7.02484224758622, 'Orientation': 125.928257615561, 'Categoria': 'F', 'tecla': 'right', 'FrecuenciaEspacial': 0.0351242112379311, 'Orden': 64}
236.4998 	EXP 	feedback_2: autoDraw = False
236.4998 	EXP 	feedback_2: autoDraw = False
236.4998 	EXP 	grating2: ori = 125.928257615561
236.4998 	EXP 	grating2: sf = array([0.03512421, 0.03512421])
236.5833 	EXP 	grating2: autoDraw = True
237.1692 	DATA 	Keypress: right
237.1832 	EXP 	grating2: autoDraw = False
237.1832 	EXP 	feedback_2: text = '¡Correcto!'
237.1832 	EXP 	feedback_2: autoDraw = True
238.1677 	EXP 	New trial (rep=0, index=64): {'Frecuencia': 5.7211608488032, 'Orientation': 125.80287459089, 'Categoria': 'E', 'tecla': 'left', 'FrecuenciaEspacial': 0.028605804244016, 'Orden': 65}
238.1835 	EXP 	feedback_2: autoDraw = False
238.1835 	EXP 	feedback_2: autoDraw = False
238.1835 	EXP 	grating2: ori = 125.80287459089
238.1835 	EXP 	grating2: sf = array([0.0286058, 0.0286058])
238.2668 	EXP 	grating2: autoDraw = True
238.9863 	DATA 	Keypress: left
239.0002 	EXP 	grating2: autoDraw = False
239.0002 	EXP 	feedback_2: text = '¡Correcto!'
239.0002 	EXP 	feedback_2: autoDraw = True
239.9849 	EXP 	New trial (rep=0, index=65): {'Frecuencia': 6.73415485600811, 'Orientation': 122.846303018576, 'Categoria': 'F', 'tecla': 'right', 'FrecuenciaEspacial': 0.03367077428004055, 'Orden': 66}
240.0009 	EXP 	feedback_2: autoDraw = False
240.0009 	EXP 	feedback_2: autoDraw = False
240.0009 	EXP 	grating2: ori = 122.846303018576
240.0009 	EXP 	grating2: sf = array([0.03367077, 0.03367077])
240.0842 	EXP 	grating2: autoDraw = True
242.0205 	DATA 	Keypress: right
242.0347 	EXP 	grating2: autoDraw = False
242.0347 	EXP 	feedback_2: text = '¡Correcto!'
242.0347 	EXP 	feedback_2: autoDraw = True
243.0192 	EXP 	New trial (rep=0, index=66): {'Frecuencia': 6.9512019778111, 'Orientation': 124.498524996137, 'Categoria': 'F', 'tecla': 'right', 'FrecuenciaEspacial': 0.0347560098890555, 'Orden': 67}
243.0349 	EXP 	feedback_2: autoDraw = False
243.0349 	EXP 	feedback_2: autoDraw = False
243.0349 	EXP 	grating2: ori = 124.498524996137
243.0349 	EXP 	grating2: sf = array([0.03475601, 0.03475601])
243.1184 	EXP 	grating2: autoDraw = True
243.7877 	DATA 	Keypress: right
243.8019 	EXP 	grating2: autoDraw = False
243.8019 	EXP 	feedback_2: text = '¡Correcto!'
243.8019 	EXP 	feedback_2: autoDraw = True
244.7864 	EXP 	New trial (rep=0, index=67): {'Frecuencia': 6.92531715916932, 'Orientation': 128.309224105459, 'Categoria': 'F', 'tecla': 'right', 'FrecuenciaEspacial': 0.0346265857958466, 'Orden': 68}
244.8021 	EXP 	feedback_2: autoDraw = False
244.8021 	EXP 	feedback_2: autoDraw = False
244.8021 	EXP 	grating2: ori = 128.309224105459
244.8021 	EXP 	grating2: sf = array([0.03462659, 0.03462659])
244.8855 	EXP 	grating2: autoDraw = True
245.4717 	DATA 	Keypress: right
245.4859 	EXP 	grating2: autoDraw = False
245.4859 	EXP 	feedback_2: text = '¡Correcto!'
245.4859 	EXP 	feedback_2: autoDraw = True
246.4701 	EXP 	New trial (rep=0, index=68): {'Frecuencia': 5.95605583737357, 'Orientation': 124.65090693016, 'Categoria': 'E', 'tecla': 'left', 'FrecuenciaEspacial': 0.029780279186867847, 'Orden': 69}
246.4861 	EXP 	feedback_2: autoDraw = False
246.4861 	EXP 	feedback_2: autoDraw = False
246.4861 	EXP 	grating2: ori = 124.65090693016
246.4861 	EXP 	grating2: sf = array([0.02978028, 0.02978028])
246.5693 	EXP 	grating2: autoDraw = True
247.3056 	DATA 	Keypress: left
247.3195 	EXP 	grating2: autoDraw = False
247.3195 	EXP 	feedback_2: text = '¡Correcto!'
247.3195 	EXP 	feedback_2: autoDraw = True
248.3041 	EXP 	New trial (rep=0, index=69): {'Frecuencia': 6.39964358711914, 'Orientation': 123.888931611966, 'Categoria': 'F', 'tecla': 'right', 'FrecuenciaEspacial': 0.0319982179355957, 'Orden': 70}
248.3199 	EXP 	feedback_2: autoDraw = False
248.3199 	EXP 	feedback_2: autoDraw = False
248.3199 	EXP 	grating2: ori = 123.888931611966
248.3199 	EXP 	grating2: sf = array([0.03199822, 0.03199822])
248.4033 	EXP 	grating2: autoDraw = True
249.4230 	DATA 	Keypress: right
249.4370 	EXP 	grating2: autoDraw = False
249.4370 	EXP 	feedback_2: text = '¡Correcto!'
249.4370 	EXP 	feedback_2: autoDraw = True
250.4215 	EXP 	New trial (rep=0, index=70): {'Frecuencia': 6.79614382213373, 'Orientation': 128.195309932533, 'Categoria': 'F', 'tecla': 'right', 'FrecuenciaEspacial': 0.03398071911066865, 'Orden': 71}
250.4374 	EXP 	feedback_2: autoDraw = False
250.4374 	EXP 	feedback_2: autoDraw = False
250.4374 	EXP 	grating2: ori = 128.195309932533
250.4374 	EXP 	grating2: sf = array([0.03398072, 0.03398072])
250.5206 	EXP 	grating2: autoDraw = True
251.1066 	DATA 	Keypress: right
251.1209 	EXP 	grating2: autoDraw = False
251.1209 	EXP 	feedback_2: text = '¡Correcto!'
251.1209 	EXP 	feedback_2: autoDraw = True
252.1054 	EXP 	New trial (rep=0, index=71): {'Frecuencia': 5.8727902801655, 'Orientation': 122.569326878337, 'Categoria': 'E', 'tecla': 'left', 'FrecuenciaEspacial': 0.0293639514008275, 'Orden': 72}
252.1211 	EXP 	feedback_2: autoDraw = False
252.1211 	EXP 	feedback_2: autoDraw = False
252.1211 	EXP 	grating2: ori = 122.569326878337
252.1211 	EXP 	grating2: sf = array([0.02936395, 0.02936395])
252.2044 	EXP 	grating2: autoDraw = True
252.8739 	DATA 	Keypress: left
252.8885 	EXP 	grating2: autoDraw = False
252.8885 	EXP 	feedback_2: text = '¡Correcto!'
252.8885 	EXP 	feedback_2: autoDraw = True
253.8726 	EXP 	New trial (rep=0, index=72): {'Frecuencia': 6.91217159505499, 'Orientation': 126.198046923528, 'Categoria': 'F', 'tecla': 'right', 'FrecuenciaEspacial': 0.03456085797527495, 'Orden': 73}
253.8880 	EXP 	feedback_2: autoDraw = False
253.8880 	EXP 	feedback_2: autoDraw = False
253.8880 	EXP 	grating2: ori = 126.198046923528
253.8880 	EXP 	grating2: sf = array([0.03456086, 0.03456086])
253.9714 	EXP 	grating2: autoDraw = True
255.3418 	DATA 	Keypress: right
255.3552 	EXP 	grating2: autoDraw = False
255.3552 	EXP 	feedback_2: text = '¡Correcto!'
255.3552 	EXP 	feedback_2: autoDraw = True
256.3398 	EXP 	New trial (rep=0, index=73): {'Frecuencia': 6.00740511029368, 'Orientation': 128.508014703594, 'Categoria': 'E', 'tecla': 'left', 'FrecuenciaEspacial': 0.0300370255514684, 'Orden': 74}
256.3554 	EXP 	feedback_2: autoDraw = False
256.3554 	EXP 	feedback_2: autoDraw = False
256.3554 	EXP 	grating2: ori = 128.508014703594
256.3554 	EXP 	grating2: sf = array([0.03003703, 0.03003703])
256.4388 	EXP 	grating2: autoDraw = True
257.9092 	DATA 	Keypress: left
257.9227 	EXP 	grating2: autoDraw = False
257.9227 	EXP 	feedback_2: text = '¡Correcto!'
257.9227 	EXP 	feedback_2: autoDraw = True
258.9072 	EXP 	New trial (rep=0, index=74): {'Frecuencia': 6.64834452440136, 'Orientation': 125.767035799312, 'Categoria': 'F', 'tecla': 'right', 'FrecuenciaEspacial': 0.0332417226220068, 'Orden': 75}
258.9230 	EXP 	feedback_2: autoDraw = False
258.9230 	EXP 	feedback_2: autoDraw = False
258.9230 	EXP 	grating2: ori = 125.767035799312
258.9230 	EXP 	grating2: sf = array([0.03324172, 0.03324172])
259.0063 	EXP 	grating2: autoDraw = True
259.9765 	DATA 	Keypress: right
259.9900 	EXP 	grating2: autoDraw = False
259.9900 	EXP 	feedback_2: text = '¡Correcto!'
259.9900 	EXP 	feedback_2: autoDraw = True
260.9745 	EXP 	New trial (rep=0, index=75): {'Frecuencia': 6.06922945023306, 'Orientation': 129.213994206218, 'Categoria': 'E', 'tecla': 'left', 'FrecuenciaEspacial': 0.030346147251165297, 'Orden': 76}
260.9902 	EXP 	feedback_2: autoDraw = False
260.9902 	EXP 	feedback_2: autoDraw = False
260.9902 	EXP 	grating2: ori = 129.213994206218
260.9902 	EXP 	grating2: sf = array([0.03034615, 0.03034615])
261.0737 	EXP 	grating2: autoDraw = True
261.7603 	DATA 	Keypress: left
261.7738 	EXP 	grating2: autoDraw = False
261.7738 	EXP 	feedback_2: text = '¡Correcto!'
261.7738 	EXP 	feedback_2: autoDraw = True
262.7586 	EXP 	New trial (rep=0, index=76): {'Frecuencia': 6.69940944874616, 'Orientation': 124.102970980877, 'Categoria': 'F', 'tecla': 'right', 'FrecuenciaEspacial': 0.0334970472437308, 'Orden': 77}
262.7741 	EXP 	feedback_2: autoDraw = False
262.7741 	EXP 	feedback_2: autoDraw = False
262.7741 	EXP 	grating2: ori = 124.102970980877
262.7741 	EXP 	grating2: sf = array([0.03349705, 0.03349705])
262.8575 	EXP 	grating2: autoDraw = True
263.5942 	DATA 	Keypress: right
263.6082 	EXP 	grating2: autoDraw = False
263.6082 	EXP 	feedback_2: text = '¡Correcto!'
263.6082 	EXP 	feedback_2: autoDraw = True
264.5928 	EXP 	New trial (rep=0, index=77): {'Frecuencia': 6.82954088763419, 'Orientation': 122.046614678865, 'Categoria': 'F', 'tecla': 'right', 'FrecuenciaEspacial': 0.03414770443817095, 'Orden': 78}
264.6086 	EXP 	feedback_2: autoDraw = False
264.6086 	EXP 	feedback_2: autoDraw = False
264.6086 	EXP 	grating2: ori = 122.046614678865
264.6086 	EXP 	grating2: sf = array([0.0341477, 0.0341477])
264.6918 	EXP 	grating2: autoDraw = True
265.6945 	DATA 	Keypress: right
265.7086 	EXP 	grating2: autoDraw = False
265.7086 	EXP 	feedback_2: text = '¡Correcto!'
265.7086 	EXP 	feedback_2: autoDraw = True
266.6931 	EXP 	New trial (rep=0, index=78): {'Frecuencia': 6.05371773833515, 'Orientation': 123.632055109417, 'Categoria': 'E', 'tecla': 'left', 'FrecuenciaEspacial': 0.03026858869167575, 'Orden': 79}
266.7091 	EXP 	feedback_2: autoDraw = False
266.7091 	EXP 	feedback_2: autoDraw = False
266.7091 	EXP 	grating2: ori = 123.632055109417
266.7091 	EXP 	grating2: sf = array([0.03026859, 0.03026859])
266.7924 	EXP 	grating2: autoDraw = True
267.7149 	DATA 	Keypress: right
267.7262 	EXP 	grating2: autoDraw = False
267.7262 	EXP 	feedback_2: height = 0.1
267.7262 	EXP 	feedback_2: height = 0.1
267.7262 	EXP 	feedback_2: text = 'Segui intentando'
267.7262 	EXP 	feedback_2: autoDraw = True
268.7121 	EXP 	New trial (rep=0, index=79): {'Frecuencia': 5.91829071551083, 'Orientation': 119.511652627613, 'Categoria': 'E', 'tecla': 'left', 'FrecuenciaEspacial': 0.02959145357755415, 'Orden': 80}
268.7262 	EXP 	feedback_2: autoDraw = False
268.7262 	EXP 	feedback_2: autoDraw = False
268.7262 	EXP 	grating2: ori = 119.511652627613
268.7262 	EXP 	grating2: sf = array([0.02959145, 0.02959145])
268.8095 	EXP 	grating2: autoDraw = True
269.5024 	DATA 	Keypress: right
269.5113 	EXP 	grating2: autoDraw = False
269.5113 	EXP 	feedback_2: text = 'Segui intentando'
269.5113 	EXP 	feedback_2: autoDraw = True
270.5955 	EXP 	feedback_2: autoDraw = False
270.5955 	EXP 	feedback_2: autoDraw = False
271.0939 	EXP 	Gracias: autoDraw = True
271.0939 	EXP 	image: autoDraw = True
273.0794 	DATA 	Keypress: space
275.0951 	EXP 	Gracias: autoDraw = False
275.0951 	EXP 	image: autoDraw = False
275.0951 	EXP 	Gracias: autoDraw = False
275.0951 	EXP 	image: autoDraw = False
275.2091 	EXP 	window1: mouseVisible = True
