1.4902 	WARNING 	We strongly recommend you activate the PTB sound engine in PsychoPy prefs as the preferred audio engine. Its timing is vastly superior. Your prefs are currently set to use ['sounddevice', 'PTB', 'pyo', 'pygame'] (in that order).
50.1788 	WARNING 	User requested fullscreen with size [1680 1050], but screen is actually [1920, 1080]. Using actual size
50.8222 	EXP 	Created window1 = Window(allowGUI=False, allowStencil=False, autoLog=True, backendConf=UNKNOWN, bitsMode=UNKNOWN, blendMode='avg', bpc=(8, 8, 8), color=array([0, 0, 0]), colorSpace='rgb', depthBits=8, fullscr=<method-wrapper '__getattribute__' of attributeSetter object at 0x00000219098334F0>, gamma=None, gammaErrorPolicy='raise', lms=UNKNOWN, monitor=<psychopy.monitors.calibTools.Monitor object at 0x0000021909A8A910>, multiSample=False, name='window1', numSamples=2, pos=(0, 0), screen=0, size=array([1920, 1080]), stencilBits=0, stereo=False, units='deg', useFBO=True, useRetina=False, viewOri=0.0, viewPos=None, viewScale=None, waitBlanking=True, winType='pyglet')
50.8225 	EXP 	window1: mouseVisible = True
50.8225 	EXP 	window1: Attempting to measure frame rate of screen (0) ...
50.8225 	EXP 	window1: recordFrameIntervals = False
50.9886 	EXP 	window1: recordFrameIntervals = True
51.1719 	EXP 	Screen (0) actual frame rate measured at 59.99Hz
51.1720 	EXP 	window1: recordFrameIntervals = False
53.1697 	EXP 	Created Instrucciones1 = TextStim(__class__=<class 'psychopy.visual.text.TextStim'>, alignHoriz=method-wrapper(...), alignText='center', alignVert=method-wrapper(...), anchorHoriz='center', anchorVert='center', antialias=True, autoLog=True, bold=False, color=array([-1., -1., -1.]), colorSpace='rgb', contrast=1.0, depth=0.0, flipHoriz=False, flipVert=False, font='Open Sans', fontFiles=[], height=0.05, italic=False, languageStyle='LTR', name='Instrucciones1', opacity=1.0, ori=0.0, pos=array([0., 0.]), rgb=UNKNOWN, text=str(...), units='height', win=Window(...), wrapWidth=1)
53.1772 	EXP 	Created Instrucciones2 = TextStim(__class__=<class 'psychopy.visual.text.TextStim'>, alignHoriz=method-wrapper(...), alignText='center', alignVert=method-wrapper(...), anchorHoriz='center', anchorVert='center', antialias=True, autoLog=True, bold=False, color=array([-1., -1., -1.]), colorSpace='rgb', contrast=1.0, depth=-2.0, flipHoriz=False, flipVert=False, font='Open Sans', fontFiles=[], height=0.05, italic=False, languageStyle='LTR', name='Instrucciones2', opacity=1.0, ori=0.0, pos=array([0., 0.]), rgb=UNKNOWN, text=str(...), units='height', win=Window(...), wrapWidth=1)
53.1913 	EXP 	Created Instrucciones3 = TextStim(__class__=<class 'psychopy.visual.text.TextStim'>, alignHoriz=method-wrapper(...), alignText='center', alignVert=method-wrapper(...), anchorHoriz='center', anchorVert='center', antialias=True, autoLog=True, bold=False, color=array([-1., -1., -1.]), colorSpace='rgb', contrast=1.0, depth=-4.0, flipHoriz=False, flipVert=False, font='Arial', fontFiles=[], height=0.05, italic=False, languageStyle='LTR', name='Instrucciones3', opacity=1.0, ori=0.0, pos=array([0., 0.]), rgb=UNKNOWN, text=str(...), units='height', win=Window(...), wrapWidth=1)
53.2020 	EXP 	Created instrucciones4 = TextStim(__class__=<class 'psychopy.visual.text.TextStim'>, alignHoriz=method-wrapper(...), alignText='center', alignVert=method-wrapper(...), anchorHoriz='center', anchorVert='center', antialias=True, autoLog=True, bold=False, color=array([-1., -1., -1.]), colorSpace='rgb', contrast=1.0, depth=-6.0, flipHoriz=False, flipVert=False, font='Arial', fontFiles=[], height=0.05, italic=False, languageStyle='LTR', name='instrucciones4', opacity=1.0, ori=0.0, pos=array([0., 0.]), rgb=UNKNOWN, text=str(...), units='height', win=Window(...), wrapWidth=1)
53.2085 	EXP 	Created Instrucciones5 = TextStim(__class__=<class 'psychopy.visual.text.TextStim'>, alignHoriz=method-wrapper(...), alignText='center', alignVert=method-wrapper(...), anchorHoriz='center', anchorVert='center', antialias=True, autoLog=True, bold=False, color=array([1., 1., 1.]), colorSpace='rgb', contrast=1.0, depth=-8.0, flipHoriz=False, flipVert=False, font='Open Sans', fontFiles=[], height=0.05, italic=False, languageStyle='LTR', name='Instrucciones5', opacity=1.0, ori=0.0, pos=array([0., 0.]), rgb=UNKNOWN, text='Vamos a hacer uno de prueba!', units='height', win=Window(...), wrapWidth=1)
53.2132 	EXP 	Created GratingPrueba = GratingStim(__class__=<class 'psychopy.visual.grating.GratingStim'>, anchor='center', autoDraw=False, autoLog=True, blendmode='avg', color=array([1., 1., 1.]), colorSpace='rgb', contrast=1.0, depth=-1.0, interpolate=True, mask='circle', maskParams=None, name='GratingPrueba', opacity=1.0, ori=1.0, phase=array([0., 0.]), pos=array([0., 0.]), rgbPedestal=array([0., 0., 0.]), sf=array([1., 1.]), size=array([200., 200.]), tex='sin', texRes=128, units='pix', win=Window(...))
53.2147 	EXP 	Created FeedbackPrueb = TextStim(__class__=<class 'psychopy.visual.text.TextStim'>, alignHoriz=method-wrapper(...), alignText='center', alignVert=method-wrapper(...), anchorHoriz='center', anchorVert='center', antialias=True, autoLog=True, bold=False, color=array([1., 1., 1.]), colorSpace='rgb', contrast=1.0, depth=0.0, flipHoriz=False, flipVert=False, font='Open Sans', fontFiles=[], height=0.1, italic=False, languageStyle='LTR', name='FeedbackPrueb', opacity=1.0, ori=0.0, pos=array([0., 0.]), rgb=UNKNOWN, text='', units='height', win=Window(...), wrapWidth=1)
53.2318 	EXP 	Created ComienzoTexto = TextStim(__class__=<class 'psychopy.visual.text.TextStim'>, alignHoriz=method-wrapper(...), alignText='center', alignVert=method-wrapper(...), anchorHoriz='center', anchorVert='center', antialias=True, autoLog=True, bold=False, color=array([-1., -1., -1.]), colorSpace='rgb', contrast=1.0, depth=0.0, flipHoriz=False, flipVert=False, font='Open Sans', fontFiles=[], height=0.05, italic=False, languageStyle='LTR', name='ComienzoTexto', opacity=1.0, ori=0.0, pos=array([0., 0.]), rgb=UNKNOWN, text=str(...), units='height', win=Window(...), wrapWidth=1)
53.2355 	EXP 	Created grating2 = GratingStim(__class__=<class 'psychopy.visual.grating.GratingStim'>, anchor='center', autoDraw=False, autoLog=True, blendmode='avg', color=array([1., 1., 1.]), colorSpace='rgb', contrast=1.0, depth=0.0, interpolate=True, mask='circle', maskParams=None, name='grating2', opacity=1.0, ori=1.0, phase=array([0., 0.]), pos=array([0., 0.]), rgbPedestal=array([0., 0., 0.]), sf=array([1., 1.]), size=array([200., 200.]), tex='sin', texRes=128, units='pix', win=Window(...))
53.2366 	EXP 	Created feedback_2 = TextStim(__class__=<class 'psychopy.visual.text.TextStim'>, alignHoriz=method-wrapper(...), alignText='center', alignVert=method-wrapper(...), anchorHoriz='center', anchorVert='center', antialias=True, autoLog=True, bold=False, color=array([1., 1., 1.]), colorSpace='rgb', contrast=1.0, depth=-1.0, flipHoriz=False, flipVert=False, font='Open Sans', fontFiles=[], height=0.1, italic=False, languageStyle='LTR', name='feedback_2', opacity=1.0, ori=0.0, pos=array([0., 0.]), rgb=UNKNOWN, text='', units='height', win=Window(...), wrapWidth=1)
53.2501 	EXP 	Created Gracias = TextStim(__class__=<class 'psychopy.visual.text.TextStim'>, alignHoriz=method-wrapper(...), alignText='center', alignVert=method-wrapper(...), anchorHoriz='center', anchorVert='center', antialias=True, autoLog=True, bold=False, color=array([1., 1., 1.]), colorSpace='rgb', contrast=1.0, depth=0.0, flipHoriz=False, flipVert=False, font='Open Sans', fontFiles=[], height=0.1, italic=False, languageStyle='LTR', name='Gracias', opacity=1.0, ori=0.0, pos=array([0., 0.]), rgb=UNKNOWN, text='¡Muchas gracias por participar!', units='height', win=Window(...), wrapWidth=1)
53.2520 	EXP 	Created image = ImageStim(__class__=<class 'psychopy.visual.image.ImageStim'>, anchor=('center', 'center'), autoLog=True, color=array([1., 1., 1.]), colorSpace='rgb', contrast=1.0, depth=-1.0, flipHoriz=False, flipVert=False, image=None, interpolate=True, mask=None, maskParams=None, name='image', opacity=1.0, ori=0.0, pos=array([0., 0.]), size=array([0.5, 0.5]), texRes=128.0, units='deg', win=Window(...))
54.2559 	EXP 	Instrucciones1: autoDraw = True
55.6941 	DATA 	Keypress: space
55.7064 	EXP 	Instrucciones1: autoDraw = False
55.7064 	EXP 	Instrucciones2: autoDraw = True
56.0934 	DATA 	Keypress: space
56.5116 	DATA 	Keypress: space
56.5234 	EXP 	Instrucciones2: autoDraw = False
56.5234 	EXP 	Instrucciones3: autoDraw = True
56.8771 	DATA 	Keypress: space
57.9619 	DATA 	Keypress: space
57.9738 	EXP 	Instrucciones3: autoDraw = False
57.9738 	EXP 	instrucciones4: autoDraw = True
59.6599 	DATA 	Keypress: space
60.2111 	DATA 	Keypress: space
60.2243 	EXP 	instrucciones4: autoDraw = False
60.2243 	EXP 	Instrucciones5: autoDraw = True
60.8268 	DATA 	Keypress: space
61.3765 	DATA 	Keypress: space
62.9773 	DATA 	Keypress: space
64.2197 	EXP 	Imported ParametrosAyBtest.xlsx as conditions, 9 conditions, 6 params
64.2203 	EXP 	Created sequence: sequential, trialTypes=9, nReps=1, seed=None
64.2207 	EXP 	New trial (rep=0, index=0): {'Frecuencia': 5.75266988645415, 'Orientaciondecimales': 0.981868948378523, 'Categoria': 'A', 'Orientacion': 98.18689483785231, 'FrecuenciaEspacial': 0.02876334943227075, 'tecla': 'left'}
64.2286 	EXP 	Instrucciones5: autoDraw = False
64.2286 	EXP 	Instrucciones1: autoDraw = False
64.2286 	EXP 	Instrucciones2: autoDraw = False
64.2286 	EXP 	Instrucciones3: autoDraw = False
64.2286 	EXP 	instrucciones4: autoDraw = False
64.2286 	EXP 	Instrucciones5: autoDraw = False
64.2286 	EXP 	GratingPrueba: ori = 98.18689483785231
64.2286 	EXP 	GratingPrueba: sf = array([0.02876335, 0.02876335])
64.3256 	EXP 	GratingPrueba: autoDraw = True
64.3256 	EXP 	GratingPrueba: tex = 'sin'
64.3770 	DATA 	Keypress: space
66.0967 	DATA 	Keypress: left
66.1096 	EXP 	GratingPrueba: autoDraw = False
66.1096 	EXP 	FeedbackPrueb: text = ''
66.1096 	EXP 	FeedbackPrueb: autoDraw = True
66.1096 	EXP 	FeedbackPrueb: height = 0.1
66.1096 	EXP 	FeedbackPrueb: height = 0.1
66.1096 	EXP 	FeedbackPrueb: text = ''
67.0943 	EXP 	New trial (rep=0, index=1): {'Frecuencia': 5.63503896122014, 'Orientaciondecimales': 0.942857344714462, 'Categoria': 'A', 'Orientacion': 94.2857344714462, 'FrecuenciaEspacial': 0.028175194806100697, 'tecla': 'left'}
67.1098 	EXP 	FeedbackPrueb: autoDraw = False
67.1098 	EXP 	FeedbackPrueb: autoDraw = False
67.1098 	EXP 	GratingPrueba: ori = 94.2857344714462
67.1098 	EXP 	GratingPrueba: sf = array([0.02817519, 0.02817519])
67.1932 	EXP 	GratingPrueba: autoDraw = True
67.5518 	DATA 	Keypress: left
67.5610 	EXP 	GratingPrueba: autoDraw = False
67.5610 	EXP 	FeedbackPrueb: height = 0.1
67.5610 	EXP 	FeedbackPrueb: height = 0.1
67.5610 	EXP 	FeedbackPrueb: text = '!Correcto!'
67.5610 	EXP 	FeedbackPrueb: autoDraw = True
68.5611 	EXP 	New trial (rep=0, index=2): {'Frecuencia': 5.75349902682942, 'Orientaciondecimales': 0.976843040460124, 'Categoria': 'A', 'Orientacion': 97.6843040460124, 'FrecuenciaEspacial': 0.0287674951341471, 'tecla': 'left'}
68.5765 	EXP 	FeedbackPrueb: autoDraw = False
68.5765 	EXP 	FeedbackPrueb: autoDraw = False
68.5765 	EXP 	GratingPrueba: ori = 97.6843040460124
68.5765 	EXP 	GratingPrueba: sf = array([0.0287675, 0.0287675])
68.6605 	EXP 	GratingPrueba: autoDraw = True
69.0632 	DATA 	Keypress: left
69.0771 	EXP 	GratingPrueba: autoDraw = False
69.0771 	EXP 	FeedbackPrueb: text = '!Correcto!'
69.0771 	EXP 	FeedbackPrueb: autoDraw = True
70.0616 	EXP 	New trial (rep=0, index=3): {'Frecuencia': 6.76753116765003, 'Orientaciondecimales': 0.60647052076609, 'Categoria': 'B', 'Orientacion': 60.647052076609, 'FrecuenciaEspacial': 0.03383765583825015, 'tecla': 'right'}
70.0774 	EXP 	FeedbackPrueb: autoDraw = False
70.0774 	EXP 	FeedbackPrueb: autoDraw = False
70.0774 	EXP 	GratingPrueba: ori = 60.647052076609
70.0774 	EXP 	GratingPrueba: sf = array([0.03383766, 0.03383766])
70.1609 	EXP 	GratingPrueba: autoDraw = True
71.0971 	DATA 	Keypress: right
71.1112 	EXP 	GratingPrueba: autoDraw = False
71.1112 	EXP 	FeedbackPrueb: text = '!Correcto!'
71.1112 	EXP 	FeedbackPrueb: autoDraw = True
72.0957 	EXP 	New trial (rep=0, index=4): {'Frecuencia': 5.64036966612441, 'Orientaciondecimales': 0.946219449854496, 'Categoria': 'A', 'Orientacion': 94.6219449854496, 'FrecuenciaEspacial': 0.02820184833062205, 'tecla': 'left'}
72.1114 	EXP 	FeedbackPrueb: autoDraw = False
72.1114 	EXP 	FeedbackPrueb: autoDraw = False
72.1114 	EXP 	GratingPrueba: ori = 94.6219449854496
72.1114 	EXP 	GratingPrueba: sf = array([0.02820185, 0.02820185])
72.1947 	EXP 	GratingPrueba: autoDraw = True
72.5644 	DATA 	Keypress: left
72.5782 	EXP 	GratingPrueba: autoDraw = False
72.5782 	EXP 	FeedbackPrueb: text = '!Correcto!'
72.5782 	EXP 	FeedbackPrueb: autoDraw = True
73.5628 	EXP 	New trial (rep=0, index=5): {'Frecuencia': 5.76793716427588, 'Orientaciondecimales': 0.991949304766192, 'Categoria': 'A', 'Orientacion': 99.1949304766192, 'FrecuenciaEspacial': 0.0288396858213794, 'tecla': 'left'}
73.5785 	EXP 	FeedbackPrueb: autoDraw = False
73.5785 	EXP 	FeedbackPrueb: autoDraw = False
73.5785 	EXP 	GratingPrueba: ori = 99.1949304766192
73.5785 	EXP 	GratingPrueba: sf = array([0.02883969, 0.02883969])
73.6615 	EXP 	GratingPrueba: autoDraw = True
74.1317 	DATA 	Keypress: right
74.1451 	EXP 	GratingPrueba: autoDraw = False
74.1451 	EXP 	FeedbackPrueb: text = '!Correcto!'
74.1451 	EXP 	FeedbackPrueb: autoDraw = True
75.1298 	EXP 	New trial (rep=0, index=6): {'Frecuencia': 5.7434200716108, 'Orientaciondecimales': 0.977895959734118, 'Categoria': 'A', 'Orientacion': 97.7895959734118, 'FrecuenciaEspacial': 0.028717100358054002, 'tecla': 'left'}
75.1457 	EXP 	FeedbackPrueb: autoDraw = False
75.1457 	EXP 	FeedbackPrueb: autoDraw = False
75.1457 	EXP 	GratingPrueba: ori = 97.7895959734118
75.1457 	EXP 	GratingPrueba: sf = array([0.0287171, 0.0287171])
75.2292 	EXP 	GratingPrueba: autoDraw = True
75.5560 	DATA 	Keypress: right
75.5651 	EXP 	GratingPrueba: autoDraw = False
75.5651 	EXP 	FeedbackPrueb: height = 0.1
75.5651 	EXP 	FeedbackPrueb: height = 0.1
75.5651 	EXP 	FeedbackPrueb: text = 'Incorrecto'
75.5651 	EXP 	FeedbackPrueb: autoDraw = True
76.5638 	EXP 	New trial (rep=0, index=7): {'Frecuencia': 5.7133165821624, 'Orientaciondecimales': 0.9663998844466, 'Categoria': 'A', 'Orientacion': 96.63998844465999, 'FrecuenciaEspacial': 0.028566582910812, 'tecla': 'left'}
76.5790 	EXP 	FeedbackPrueb: autoDraw = False
76.5790 	EXP 	FeedbackPrueb: autoDraw = False
76.5790 	EXP 	GratingPrueba: ori = 96.63998844465999
76.5790 	EXP 	GratingPrueba: sf = array([0.02856658, 0.02856658])
76.6630 	EXP 	GratingPrueba: autoDraw = True
77.2995 	DATA 	Keypress: right
77.3129 	EXP 	GratingPrueba: autoDraw = False
77.3129 	EXP 	FeedbackPrueb: text = 'Incorrecto'
77.3129 	EXP 	FeedbackPrueb: autoDraw = True
78.2976 	EXP 	New trial (rep=0, index=8): {'Frecuencia': 5.78340199446218, 'Orientaciondecimales': 0.990336450824386, 'Categoria': 'A', 'Orientacion': 99.03364508243861, 'FrecuenciaEspacial': 0.0289170099723109, 'tecla': 'left'}
78.3133 	EXP 	FeedbackPrueb: autoDraw = False
78.3133 	EXP 	FeedbackPrueb: autoDraw = False
78.3133 	EXP 	GratingPrueba: ori = 99.03364508243861
78.3133 	EXP 	GratingPrueba: sf = array([0.02891701, 0.02891701])
78.3962 	EXP 	GratingPrueba: autoDraw = True
78.7328 	DATA 	Keypress: right
78.7464 	EXP 	GratingPrueba: autoDraw = False
78.7464 	EXP 	FeedbackPrueb: text = 'Incorrecto'
78.7464 	EXP 	FeedbackPrueb: autoDraw = True
79.7630 	EXP 	FeedbackPrueb: autoDraw = False
79.7630 	EXP 	FeedbackPrueb: autoDraw = False
80.2476 	EXP 	ComienzoTexto: autoDraw = True
81.1232 	EXP 	Imported ParametrosAyB.xlsx as conditions, 151 conditions, 6 params
81.1252 	EXP 	Created sequence: sequential, trialTypes=151, nReps=1, seed=None
81.1255 	EXP 	New trial (rep=0, index=0): {'Frecuencia': 5.62357944791498, 'FrecuenciaEspacial': 0.0281178972395749, 'Tecla': 'Left', 'Orientacion': 94.3698663452456, 'Categoria': 'A', 'tecla': 'left'}
81.1265 	DATA 	Keypress: space
81.1342 	EXP 	ComienzoTexto: autoDraw = False
81.1342 	EXP 	grating2: ori = 94.3698663452456
81.1342 	EXP 	grating2: sf = array([0.0281179, 0.0281179])
81.2307 	EXP 	grating2: autoDraw = True
81.2307 	EXP 	grating2: tex = 'sin'
84.2317 	EXP 	grating2: autoDraw = False
84.3409 	EXP 	grating2: autoDraw = False
84.3409 	EXP 	feedback_2: height = 0.1
84.3409 	EXP 	feedback_2: height = 0.1
84.3409 	EXP 	feedback_2: text = 'Segui intentando'
84.3409 	EXP 	feedback_2: autoDraw = True
85.2995 	EXP 	New trial (rep=0, index=1): {'Frecuencia': 5.69097957372747, 'FrecuenciaEspacial': 0.028454897868637353, 'Tecla': 'Left', 'Orientacion': 96.07103723313219, 'Categoria': 'A', 'tecla': 'left'}
85.3154 	EXP 	feedback_2: autoDraw = False
85.3154 	EXP 	grating2: ori = 96.07103723313219
85.3154 	EXP 	grating2: sf = array([0.0284549, 0.0284549])
85.3985 	EXP 	grating2: autoDraw = True
85.7375 	DATA 	Keypress: left
85.7491 	EXP 	grating2: autoDraw = False
85.7491 	EXP 	feedback_2: height = 0.1
85.7491 	EXP 	feedback_2: height = 0.1
85.7491 	EXP 	feedback_2: text = '¡Correcto!'
85.7491 	EXP 	feedback_2: autoDraw = True
86.7331 	EXP 	New trial (rep=0, index=2): {'Frecuencia': 5.70302277314696, 'FrecuenciaEspacial': 0.028515113865734798, 'Tecla': 'Left', 'Orientacion': 96.9982272857429, 'Categoria': 'A', 'tecla': 'left'}
86.7488 	EXP 	feedback_2: autoDraw = False
86.7488 	EXP 	feedback_2: autoDraw = False
86.7488 	EXP 	grating2: ori = 96.9982272857429
86.7488 	EXP 	grating2: sf = array([0.02851511, 0.02851511])
86.8326 	EXP 	grating2: autoDraw = True
87.3838 	DATA 	Keypress: left
87.4161 	EXP 	grating2: autoDraw = False
87.4161 	EXP 	feedback_2: text = '¡Correcto!'
87.4161 	EXP 	feedback_2: autoDraw = True
88.4008 	EXP 	New trial (rep=0, index=3): {'Frecuencia': 6.7712490071334, 'FrecuenciaEspacial': 0.033856245035667, 'Tecla': 'Right', 'Orientacion': 60.2038916028961, 'Categoria': 'B', 'tecla': 'right'}
88.4165 	EXP 	feedback_2: autoDraw = False
88.4165 	EXP 	feedback_2: autoDraw = False
88.4165 	EXP 	grating2: ori = 60.2038916028961
88.4165 	EXP 	grating2: sf = array([0.03385625, 0.03385625])
88.4997 	EXP 	grating2: autoDraw = True
88.9861 	DATA 	Keypress: right
88.9999 	EXP 	grating2: autoDraw = False
88.9999 	EXP 	feedback_2: text = '¡Correcto!'
88.9999 	EXP 	feedback_2: autoDraw = True
89.9845 	EXP 	New trial (rep=0, index=4): {'Frecuencia': 6.78591396694264, 'FrecuenciaEspacial': 0.0339295698347132, 'Tecla': 'Right', 'Orientacion': 60.96814582059859, 'Categoria': 'B', 'tecla': 'right'}
90.0002 	EXP 	feedback_2: autoDraw = False
90.0002 	EXP 	feedback_2: autoDraw = False
90.0002 	EXP 	grating2: ori = 60.96814582059859
90.0002 	EXP 	grating2: sf = array([0.03392957, 0.03392957])
90.0834 	EXP 	grating2: autoDraw = True
90.8364 	DATA 	Keypress: right
90.8506 	EXP 	grating2: autoDraw = False
90.8506 	EXP 	feedback_2: text = '¡Correcto!'
90.8506 	EXP 	feedback_2: autoDraw = True
91.8350 	EXP 	New trial (rep=0, index=5): {'Frecuencia': 5.7861300224522, 'FrecuenciaEspacial': 0.028930650112261, 'Tecla': 'Left', 'Orientacion': 98.89064842986241, 'Categoria': 'A', 'tecla': 'left'}
91.8509 	EXP 	feedback_2: autoDraw = False
91.8509 	EXP 	feedback_2: autoDraw = False
91.8509 	EXP 	grating2: ori = 98.89064842986241
91.8509 	EXP 	grating2: sf = array([0.02893065, 0.02893065])
91.9342 	EXP 	grating2: autoDraw = True
92.3705 	DATA 	Keypress: left
92.3844 	EXP 	grating2: autoDraw = False
92.3844 	EXP 	feedback_2: text = '¡Correcto!'
92.3844 	EXP 	feedback_2: autoDraw = True
93.3688 	EXP 	New trial (rep=0, index=6): {'Frecuencia': 6.74037109471642, 'FrecuenciaEspacial': 0.0337018554735821, 'Tecla': 'Right', 'Orientacion': 59.5246124615583, 'Categoria': 'B', 'tecla': 'right'}
93.3843 	EXP 	feedback_2: autoDraw = False
93.3843 	EXP 	feedback_2: autoDraw = False
93.3843 	EXP 	grating2: ori = 59.5246124615583
93.3843 	EXP 	grating2: sf = array([0.03370186, 0.03370186])
93.4676 	EXP 	grating2: autoDraw = True
94.0872 	DATA 	Keypress: right
94.1012 	EXP 	grating2: autoDraw = False
94.1012 	EXP 	feedback_2: text = '¡Correcto!'
94.1012 	EXP 	feedback_2: autoDraw = True
95.0860 	EXP 	New trial (rep=0, index=7): {'Frecuencia': 5.70147029690313, 'FrecuenciaEspacial': 0.02850735148451565, 'Tecla': 'Left', 'Orientacion': 96.5086685933335, 'Categoria': 'A', 'tecla': 'left'}
95.1016 	EXP 	feedback_2: autoDraw = False
95.1016 	EXP 	feedback_2: autoDraw = False
95.1016 	EXP 	grating2: ori = 96.5086685933335
95.1016 	EXP 	grating2: sf = array([0.02850735, 0.02850735])
95.1852 	EXP 	grating2: autoDraw = True
95.5583 	DATA 	Keypress: right
95.5686 	EXP 	grating2: autoDraw = False
95.5686 	EXP 	feedback_2: height = 0.1
95.5686 	EXP 	feedback_2: height = 0.1
95.5686 	EXP 	feedback_2: text = 'Segui intentando'
95.5686 	EXP 	feedback_2: autoDraw = True
96.5538 	EXP 	New trial (rep=0, index=8): {'Frecuencia': 5.69237402243448, 'FrecuenciaEspacial': 0.0284618701121724, 'Tecla': 'Left', 'Orientacion': 96.5006797142118, 'Categoria': 'A', 'tecla': 'left'}
96.5690 	EXP 	feedback_2: autoDraw = False
96.5690 	EXP 	feedback_2: autoDraw = False
96.5690 	EXP 	grating2: ori = 96.5006797142118
96.5690 	EXP 	grating2: sf = array([0.02846187, 0.02846187])
96.6524 	EXP 	grating2: autoDraw = True
97.6908 	DATA 	Keypress: right
97.7028 	EXP 	grating2: autoDraw = False
97.7028 	EXP 	feedback_2: text = 'Segui intentando'
97.7028 	EXP 	feedback_2: autoDraw = True
98.6878 	EXP 	New trial (rep=0, index=9): {'Frecuencia': 6.82217860521281, 'FrecuenciaEspacial': 0.03411089302606405, 'Tecla': 'Right', 'Orientacion': 62.2158334664355, 'Categoria': 'B', 'tecla': 'right'}
98.7031 	EXP 	feedback_2: autoDraw = False
98.7031 	EXP 	feedback_2: autoDraw = False
98.7031 	EXP 	grating2: ori = 62.2158334664355
98.7031 	EXP 	grating2: sf = array([0.03411089, 0.03411089])
98.7863 	EXP 	grating2: autoDraw = True
99.1247 	DATA 	Keypress: left
99.1365 	EXP 	grating2: autoDraw = False
99.1365 	EXP 	feedback_2: text = 'Segui intentando'
99.1365 	EXP 	feedback_2: autoDraw = True
100.1204 	EXP 	New trial (rep=0, index=10): {'Frecuencia': 6.86193314808485, 'FrecuenciaEspacial': 0.034309665740424246, 'Tecla': 'Right', 'Orientacion': 63.150615169344405, 'Categoria': 'B', 'tecla': 'right'}
100.1362 	EXP 	feedback_2: autoDraw = False
100.1362 	EXP 	feedback_2: autoDraw = False
100.1362 	EXP 	grating2: ori = 63.150615169344405
100.1362 	EXP 	grating2: sf = array([0.03430967, 0.03430967])
100.2203 	EXP 	grating2: autoDraw = True
100.8261 	DATA 	Keypress: right
100.8373 	EXP 	grating2: autoDraw = False
100.8373 	EXP 	feedback_2: height = 0.1
100.8373 	EXP 	feedback_2: height = 0.1
100.8373 	EXP 	feedback_2: text = '¡Correcto!'
100.8373 	EXP 	feedback_2: autoDraw = True
101.8218 	EXP 	New trial (rep=0, index=11): {'Frecuencia': 5.72530625322678, 'FrecuenciaEspacial': 0.0286265312661339, 'Tecla': 'Left', 'Orientacion': 97.2472305457173, 'Categoria': 'A', 'tecla': 'left'}
101.8374 	EXP 	feedback_2: autoDraw = False
101.8374 	EXP 	feedback_2: autoDraw = False
101.8374 	EXP 	grating2: ori = 97.2472305457173
101.8374 	EXP 	grating2: sf = array([0.02862653, 0.02862653])
101.9207 	EXP 	grating2: autoDraw = True
102.7922 	DATA 	Keypress: left
102.8046 	EXP 	grating2: autoDraw = False
102.8046 	EXP 	feedback_2: text = '¡Correcto!'
102.8046 	EXP 	feedback_2: autoDraw = True
103.7894 	EXP 	New trial (rep=0, index=12): {'Frecuencia': 5.64957882532122, 'FrecuenciaEspacial': 0.0282478941266061, 'Tecla': 'Left', 'Orientacion': 94.3402366143518, 'Categoria': 'A', 'tecla': 'left'}
103.8047 	EXP 	feedback_2: autoDraw = False
103.8047 	EXP 	feedback_2: autoDraw = False
103.8047 	EXP 	grating2: ori = 94.3402366143518
103.8047 	EXP 	grating2: sf = array([0.02824789, 0.02824789])
103.8879 	EXP 	grating2: autoDraw = True
104.5429 	DATA 	Keypress: left
104.5548 	EXP 	grating2: autoDraw = False
104.5548 	EXP 	feedback_2: text = '¡Correcto!'
104.5548 	EXP 	feedback_2: autoDraw = True
105.5394 	EXP 	New trial (rep=0, index=13): {'Frecuencia': 6.8749127966295, 'FrecuenciaEspacial': 0.034374563983147505, 'Tecla': 'Right', 'Orientacion': 63.5190774308247, 'Categoria': 'B', 'tecla': 'right'}
105.5551 	EXP 	feedback_2: autoDraw = False
105.5551 	EXP 	feedback_2: autoDraw = False
105.5551 	EXP 	grating2: ori = 63.5190774308247
105.5551 	EXP 	grating2: sf = array([0.03437456, 0.03437456])
105.6383 	EXP 	grating2: autoDraw = True
106.3084 	DATA 	Keypress: right
106.3220 	EXP 	grating2: autoDraw = False
106.3220 	EXP 	feedback_2: text = '¡Correcto!'
106.3220 	EXP 	feedback_2: autoDraw = True
107.3071 	EXP 	New trial (rep=0, index=14): {'Frecuencia': 6.74506164945214, 'FrecuenciaEspacial': 0.0337253082472607, 'Tecla': 'Right', 'Orientacion': 59.6281540691298, 'Categoria': 'B', 'tecla': 'right'}
107.3229 	EXP 	feedback_2: autoDraw = False
107.3229 	EXP 	feedback_2: autoDraw = False
107.3229 	EXP 	grating2: ori = 59.6281540691298
107.3229 	EXP 	grating2: sf = array([0.03372531, 0.03372531])
107.4062 	EXP 	grating2: autoDraw = True
108.1088 	DATA 	Keypress: right
108.1228 	EXP 	grating2: autoDraw = False
108.1228 	EXP 	feedback_2: text = '¡Correcto!'
108.1228 	EXP 	feedback_2: autoDraw = True
109.1079 	EXP 	New trial (rep=0, index=15): {'Frecuencia': 5.67952016090511, 'FrecuenciaEspacial': 0.02839760080452555, 'Tecla': 'Left', 'Orientacion': 95.494243127605, 'Categoria': 'A', 'tecla': 'left'}
109.1230 	EXP 	feedback_2: autoDraw = False
109.1230 	EXP 	feedback_2: autoDraw = False
109.1230 	EXP 	grating2: ori = 95.494243127605
109.1230 	EXP 	grating2: sf = array([0.0283976, 0.0283976])
109.2064 	EXP 	grating2: autoDraw = True
109.8612 	DATA 	Keypress: left
109.8733 	EXP 	grating2: autoDraw = False
109.8733 	EXP 	feedback_2: text = '¡Correcto!'
109.8733 	EXP 	feedback_2: autoDraw = True
110.8583 	EXP 	New trial (rep=0, index=16): {'Frecuencia': 5.719145030165, 'FrecuenciaEspacial': 0.028595725150825, 'Tecla': 'Left', 'Orientacion': 97.06851619359999, 'Categoria': 'A', 'tecla': 'left'}
110.8734 	EXP 	feedback_2: autoDraw = False
110.8734 	EXP 	feedback_2: autoDraw = False
110.8734 	EXP 	grating2: ori = 97.06851619359999
110.8734 	EXP 	grating2: sf = array([0.02859573, 0.02859573])
110.9570 	EXP 	grating2: autoDraw = True
111.7448 	DATA 	Keypress: left
111.7571 	EXP 	grating2: autoDraw = False
111.7571 	EXP 	feedback_2: text = '¡Correcto!'
111.7571 	EXP 	feedback_2: autoDraw = True
112.7417 	EXP 	New trial (rep=0, index=17): {'Frecuencia': 6.79652096075576, 'FrecuenciaEspacial': 0.0339826048037788, 'Tecla': 'Right', 'Orientacion': 61.119735380497495, 'Categoria': 'B', 'tecla': 'right'}
112.7574 	EXP 	feedback_2: autoDraw = False
112.7574 	EXP 	feedback_2: autoDraw = False
112.7574 	EXP 	grating2: ori = 61.119735380497495
112.7574 	EXP 	grating2: sf = array([0.0339826, 0.0339826])
112.8407 	EXP 	grating2: autoDraw = True
113.5103 	DATA 	Keypress: right
113.5238 	EXP 	grating2: autoDraw = False
113.5238 	EXP 	feedback_2: text = '¡Correcto!'
113.5238 	EXP 	feedback_2: autoDraw = True
114.5086 	EXP 	New trial (rep=0, index=18): {'Frecuencia': 5.6660316436833, 'FrecuenciaEspacial': 0.028330158218416498, 'Tecla': 'Left', 'Orientacion': 95.8076835388605, 'Categoria': 'A', 'tecla': 'left'}
114.5246 	EXP 	feedback_2: autoDraw = False
114.5246 	EXP 	feedback_2: autoDraw = False
114.5246 	EXP 	grating2: ori = 95.8076835388605
114.5246 	EXP 	grating2: sf = array([0.02833016, 0.02833016])
114.6080 	EXP 	grating2: autoDraw = True
115.2156 	DATA 	Keypress: right
115.2252 	EXP 	grating2: autoDraw = False
115.2252 	EXP 	feedback_2: height = 0.1
115.2252 	EXP 	feedback_2: height = 0.1
115.2252 	EXP 	feedback_2: text = 'Segui intentando'
115.2252 	EXP 	feedback_2: autoDraw = True
116.2091 	EXP 	New trial (rep=0, index=19): {'Frecuencia': 5.71454997714318, 'FrecuenciaEspacial': 0.028572749885715898, 'Tecla': 'Left', 'Orientacion': 97.434921498953, 'Categoria': 'A', 'tecla': 'left'}
116.2250 	EXP 	feedback_2: autoDraw = False
116.2250 	EXP 	feedback_2: autoDraw = False
116.2250 	EXP 	grating2: ori = 97.434921498953
116.2250 	EXP 	grating2: sf = array([0.02857275, 0.02857275])
116.3085 	EXP 	grating2: autoDraw = True
117.2986 	DATA 	Keypress: left
117.3087 	EXP 	grating2: autoDraw = False
117.3087 	EXP 	feedback_2: height = 0.1
117.3087 	EXP 	feedback_2: height = 0.1
117.3087 	EXP 	feedback_2: text = '¡Correcto!'
117.3087 	EXP 	feedback_2: autoDraw = True
118.2934 	EXP 	New trial (rep=0, index=20): {'Frecuencia': 6.79780810064405, 'FrecuenciaEspacial': 0.03398904050322025, 'Tecla': 'Right', 'Orientacion': 61.36872283451859, 'Categoria': 'B', 'tecla': 'right'}
118.3092 	EXP 	feedback_2: autoDraw = False
118.3092 	EXP 	feedback_2: autoDraw = False
118.3092 	EXP 	grating2: ori = 61.36872283451859
118.3092 	EXP 	grating2: sf = array([0.03398904, 0.03398904])
118.3920 	EXP 	grating2: autoDraw = True
121.3934 	EXP 	grating2: autoDraw = False
121.4930 	EXP 	grating2: autoDraw = False
121.4930 	EXP 	feedback_2: height = 0.1
121.4930 	EXP 	feedback_2: height = 0.1
121.4930 	EXP 	feedback_2: text = 'Segui intentando'
121.4930 	EXP 	feedback_2: autoDraw = True
122.4780 	EXP 	New trial (rep=0, index=21): {'Frecuencia': 6.73055428182459, 'FrecuenciaEspacial': 0.03365277140912295, 'Tecla': 'Right', 'Orientacion': 58.9740622048953, 'Categoria': 'B', 'tecla': 'right'}
122.4935 	EXP 	feedback_2: autoDraw = False
122.4935 	EXP 	feedback_2: autoDraw = False
122.4935 	EXP 	grating2: ori = 58.9740622048953
122.4935 	EXP 	grating2: sf = array([0.03365277, 0.03365277])
122.5771 	EXP 	grating2: autoDraw = True
123.8807 	DATA 	Keypress: left
123.8940 	EXP 	grating2: autoDraw = False
123.8940 	EXP 	feedback_2: text = 'Segui intentando'
123.8940 	EXP 	feedback_2: autoDraw = True
124.8787 	EXP 	New trial (rep=0, index=22): {'Frecuencia': 6.83431327574922, 'FrecuenciaEspacial': 0.0341715663787461, 'Tecla': 'Right', 'Orientacion': 62.0735016195749, 'Categoria': 'B', 'tecla': 'right'}
124.8945 	EXP 	feedback_2: autoDraw = False
124.8945 	EXP 	feedback_2: autoDraw = False
124.8945 	EXP 	grating2: ori = 62.0735016195749
124.8945 	EXP 	grating2: sf = array([0.03417157, 0.03417157])
124.9778 	EXP 	grating2: autoDraw = True
125.3675 	DATA 	Keypress: right
125.3779 	EXP 	grating2: autoDraw = False
125.3779 	EXP 	feedback_2: height = 0.1
125.3779 	EXP 	feedback_2: height = 0.1
125.3779 	EXP 	feedback_2: text = '¡Correcto!'
125.3779 	EXP 	feedback_2: autoDraw = True
126.3622 	EXP 	New trial (rep=0, index=23): {'Frecuencia': 5.67108255771528, 'FrecuenciaEspacial': 0.028355412788576402, 'Tecla': 'Left', 'Orientacion': 95.2895897881996, 'Categoria': 'A', 'tecla': 'left'}
126.3779 	EXP 	feedback_2: autoDraw = False
126.3779 	EXP 	feedback_2: autoDraw = False
126.3779 	EXP 	grating2: ori = 95.2895897881996
126.3779 	EXP 	grating2: sf = array([0.02835541, 0.02835541])
126.4613 	EXP 	grating2: autoDraw = True
126.9517 	DATA 	Keypress: right
126.9623 	EXP 	grating2: autoDraw = False
126.9623 	EXP 	feedback_2: height = 0.1
126.9623 	EXP 	feedback_2: height = 0.1
126.9623 	EXP 	feedback_2: text = 'Segui intentando'
126.9623 	EXP 	feedback_2: autoDraw = True
127.9463 	EXP 	New trial (rep=0, index=24): {'Frecuencia': 6.7543377697461, 'FrecuenciaEspacial': 0.033771688848730504, 'Tecla': 'Right', 'Orientacion': 59.79598063442349, 'Categoria': 'B', 'tecla': 'right'}
127.9621 	EXP 	feedback_2: autoDraw = False
127.9621 	EXP 	feedback_2: autoDraw = False
127.9621 	EXP 	grating2: ori = 59.79598063442349
127.9621 	EXP 	grating2: sf = array([0.03377169, 0.03377169])
128.0454 	EXP 	grating2: autoDraw = True
128.3486 	DATA 	Keypress: left
128.3621 	EXP 	grating2: autoDraw = False
128.3621 	EXP 	feedback_2: text = 'Segui intentando'
128.3621 	EXP 	feedback_2: autoDraw = True
129.3468 	EXP 	New trial (rep=0, index=25): {'Frecuencia': 6.75116283765296, 'FrecuenciaEspacial': 0.0337558141882648, 'Tecla': 'Right', 'Orientacion': 59.723953065391996, 'Categoria': 'B', 'tecla': 'right'}
129.3626 	EXP 	feedback_2: autoDraw = False
129.3626 	EXP 	feedback_2: autoDraw = False
129.3626 	EXP 	grating2: ori = 59.723953065391996
129.3626 	EXP 	grating2: sf = array([0.03375581, 0.03375581])
129.4457 	EXP 	grating2: autoDraw = True
129.9184 	DATA 	Keypress: right
129.9291 	EXP 	grating2: autoDraw = False
129.9291 	EXP 	feedback_2: height = 0.1
129.9291 	EXP 	feedback_2: height = 0.1
129.9291 	EXP 	feedback_2: text = '¡Correcto!'
129.9291 	EXP 	feedback_2: autoDraw = True
130.9140 	EXP 	New trial (rep=0, index=26): {'Frecuencia': 5.64391420351471, 'FrecuenciaEspacial': 0.02821957101757355, 'Tecla': 'Left', 'Orientacion': 94.651711497528, 'Categoria': 'A', 'tecla': 'left'}
130.9297 	EXP 	feedback_2: autoDraw = False
130.9297 	EXP 	feedback_2: autoDraw = False
130.9297 	EXP 	grating2: ori = 94.651711497528
130.9297 	EXP 	grating2: sf = array([0.02821957, 0.02821957])
131.0131 	EXP 	grating2: autoDraw = True
131.6210 	DATA 	Keypress: right
131.6304 	EXP 	grating2: autoDraw = False
131.6304 	EXP 	feedback_2: height = 0.1
131.6304 	EXP 	feedback_2: height = 0.1
131.6304 	EXP 	feedback_2: text = 'Segui intentando'
131.6304 	EXP 	feedback_2: autoDraw = True
132.6145 	EXP 	New trial (rep=0, index=27): {'Frecuencia': 6.75226390028654, 'FrecuenciaEspacial': 0.0337613195014327, 'Tecla': 'Right', 'Orientacion': 59.213835858432, 'Categoria': 'B', 'tecla': 'right'}
132.6301 	EXP 	feedback_2: autoDraw = False
132.6301 	EXP 	feedback_2: autoDraw = False
132.6301 	EXP 	grating2: ori = 59.213835858432
132.6301 	EXP 	grating2: sf = array([0.03376132, 0.03376132])
132.7136 	EXP 	grating2: autoDraw = True
133.1833 	DATA 	Keypress: left
133.1972 	EXP 	grating2: autoDraw = False
133.1972 	EXP 	feedback_2: text = 'Segui intentando'
133.1972 	EXP 	feedback_2: autoDraw = True
134.1813 	EXP 	New trial (rep=0, index=28): {'Frecuencia': 6.69997815522408, 'FrecuenciaEspacial': 0.033499890776120395, 'Tecla': 'Right', 'Orientacion': 58.6482275168153, 'Categoria': 'B', 'tecla': 'right'}
134.1975 	EXP 	feedback_2: autoDraw = False
134.1975 	EXP 	feedback_2: autoDraw = False
134.1975 	EXP 	grating2: ori = 58.6482275168153
134.1975 	EXP 	grating2: sf = array([0.03349989, 0.03349989])
134.2805 	EXP 	grating2: autoDraw = True
135.1876 	DATA 	Keypress: right
135.1976 	EXP 	grating2: autoDraw = False
135.1976 	EXP 	feedback_2: height = 0.1
135.1976 	EXP 	feedback_2: height = 0.1
135.1976 	EXP 	feedback_2: text = '¡Correcto!'
135.1976 	EXP 	feedback_2: autoDraw = True
136.1823 	EXP 	New trial (rep=0, index=29): {'Frecuencia': 6.77124141098444, 'FrecuenciaEspacial': 0.0338562070549222, 'Tecla': 'Right', 'Orientacion': 60.3826196380828, 'Categoria': 'B', 'tecla': 'right'}
136.1979 	EXP 	feedback_2: autoDraw = False
136.1979 	EXP 	feedback_2: autoDraw = False
136.1979 	EXP 	grating2: ori = 60.3826196380828
136.1979 	EXP 	grating2: sf = array([0.03385621, 0.03385621])
136.2813 	EXP 	grating2: autoDraw = True
136.9678 	DATA 	Keypress: right
136.9817 	EXP 	grating2: autoDraw = False
136.9817 	EXP 	feedback_2: text = '¡Correcto!'
136.9817 	EXP 	feedback_2: autoDraw = True
137.9658 	EXP 	New trial (rep=0, index=30): {'Frecuencia': 5.67094332193572, 'FrecuenciaEspacial': 0.0283547166096786, 'Tecla': 'Left', 'Orientacion': 95.3798857259747, 'Categoria': 'A', 'tecla': 'left'}
137.9814 	EXP 	feedback_2: autoDraw = False
137.9814 	EXP 	feedback_2: autoDraw = False
137.9814 	EXP 	grating2: ori = 95.3798857259747
137.9814 	EXP 	grating2: sf = array([0.02835472, 0.02835472])
138.0654 	EXP 	grating2: autoDraw = True
138.8852 	DATA 	Keypress: left
138.8988 	EXP 	grating2: autoDraw = False
138.8988 	EXP 	feedback_2: text = '¡Correcto!'
138.8988 	EXP 	feedback_2: autoDraw = True
139.8834 	EXP 	New trial (rep=0, index=31): {'Frecuencia': 5.70943452457431, 'FrecuenciaEspacial': 0.028547172622871552, 'Tecla': 'Left', 'Orientacion': 96.4926892965227, 'Categoria': 'A', 'tecla': 'left'}
139.8988 	EXP 	feedback_2: autoDraw = False
139.8988 	EXP 	feedback_2: autoDraw = False
139.8988 	EXP 	grating2: ori = 96.4926892965227
139.8988 	EXP 	grating2: sf = array([0.02854717, 0.02854717])
139.9822 	EXP 	grating2: autoDraw = True
140.6024 	DATA 	Keypress: left
140.6158 	EXP 	grating2: autoDraw = False
140.6158 	EXP 	feedback_2: text = '¡Correcto!'
140.6158 	EXP 	feedback_2: autoDraw = True
141.6004 	EXP 	New trial (rep=0, index=32): {'Frecuencia': 5.75165019094034, 'FrecuenciaEspacial': 0.0287582509547017, 'Tecla': 'Left', 'Orientacion': 98.1731473793788, 'Categoria': 'A', 'tecla': 'left'}
141.6161 	EXP 	feedback_2: autoDraw = False
141.6161 	EXP 	feedback_2: autoDraw = False
141.6161 	EXP 	grating2: ori = 98.1731473793788
141.6161 	EXP 	grating2: sf = array([0.02875825, 0.02875825])
141.6997 	EXP 	grating2: autoDraw = True
142.0178 	DATA 	Keypress: escape
142.8886 	EXP 	window1: mouseVisible = True
