1.6134 	WARNING 	We strongly recommend you activate the PTB sound engine in PsychoPy prefs as the preferred audio engine. Its timing is vastly superior. Your prefs are currently set to use ['sounddevice', 'PTB', 'pyo', 'pygame'] (in that order).
12.0082 	WARNING 	User requested fullscreen with size [1680 1050], but screen is actually [1920, 1080]. Using actual size
12.6591 	EXP 	Created window1 = Window(allowGUI=False, allowStencil=False, autoLog=True, backendConf=UNKNOWN, bitsMode=UNKNOWN, blendMode='avg', bpc=(8, 8, 8), color=array([0, 0, 0]), colorSpace='rgb', depthBits=8, fullscr=<method-wrapper '__getattribute__' of attributeSetter object at 0x00000249D2CF54C0>, gamma=None, gammaErrorPolicy='raise', lms=UNKNOWN, monitor=<psychopy.monitors.calibTools.Monitor object at 0x00000249D33D6E20>, multiSample=False, name='window1', numSamples=2, pos=(0, 0), screen=0, size=array([1920, 1080]), stencilBits=0, stereo=False, units='deg', useFBO=True, useRetina=False, viewOri=0.0, viewPos=None, viewScale=None, waitBlanking=True, winType='pyglet')
12.6594 	EXP 	window1: mouseVisible = True
12.6594 	EXP 	window1: Attempting to measure frame rate of screen (0) ...
12.6594 	EXP 	window1: recordFrameIntervals = False
12.8252 	EXP 	window1: recordFrameIntervals = True
13.0085 	EXP 	Screen (0) actual frame rate measured at 60.07Hz
13.0086 	EXP 	window1: recordFrameIntervals = False
15.1964 	EXP 	Created Instrucciones1 = TextStim(__class__=<class 'psychopy.visual.text.TextStim'>, alignHoriz=method-wrapper(...), alignText='center', alignVert=method-wrapper(...), anchorHoriz='center', anchorVert='center', antialias=True, autoLog=True, bold=False, color=array([-1., -1., -1.]), colorSpace='rgb', contrast=1.0, depth=0.0, flipHoriz=False, flipVert=False, font='Open Sans', fontFiles=[], height=0.05, italic=False, languageStyle='LTR', name='Instrucciones1', opacity=1.0, ori=0.0, pos=array([0., 0.]), rgb=UNKNOWN, text=str(...), units='height', win=Window(...), wrapWidth=1)
15.2039 	EXP 	Created Instrucciones2 = TextStim(__class__=<class 'psychopy.visual.text.TextStim'>, alignHoriz=method-wrapper(...), alignText='center', alignVert=method-wrapper(...), anchorHoriz='center', anchorVert='center', antialias=True, autoLog=True, bold=False, color=array([-1., -1., -1.]), colorSpace='rgb', contrast=1.0, depth=-2.0, flipHoriz=False, flipVert=False, font='Open Sans', fontFiles=[], height=0.05, italic=False, languageStyle='LTR', name='Instrucciones2', opacity=1.0, ori=0.0, pos=array([0., 0.]), rgb=UNKNOWN, text=str(...), units='height', win=Window(...), wrapWidth=1)
15.2173 	EXP 	Created Instrucciones3 = TextStim(__class__=<class 'psychopy.visual.text.TextStim'>, alignHoriz=method-wrapper(...), alignText='center', alignVert=method-wrapper(...), anchorHoriz='center', anchorVert='center', antialias=True, autoLog=True, bold=False, color=array([-1., -1., -1.]), colorSpace='rgb', contrast=1.0, depth=-4.0, flipHoriz=False, flipVert=False, font='Arial', fontFiles=[], height=0.05, italic=False, languageStyle='LTR', name='Instrucciones3', opacity=1.0, ori=0.0, pos=array([0., 0.]), rgb=UNKNOWN, text=str(...), units='height', win=Window(...), wrapWidth=1)
15.2278 	EXP 	Created instrucciones4 = TextStim(__class__=<class 'psychopy.visual.text.TextStim'>, alignHoriz=method-wrapper(...), alignText='center', alignVert=method-wrapper(...), anchorHoriz='center', anchorVert='center', antialias=True, autoLog=True, bold=False, color=array([-1., -1., -1.]), colorSpace='rgb', contrast=1.0, depth=-6.0, flipHoriz=False, flipVert=False, font='Arial', fontFiles=[], height=0.05, italic=False, languageStyle='LTR', name='instrucciones4', opacity=1.0, ori=0.0, pos=array([0., 0.]), rgb=UNKNOWN, text=str(...), units='height', win=Window(...), wrapWidth=1)
15.2337 	EXP 	Created Instrucciones5 = TextStim(__class__=<class 'psychopy.visual.text.TextStim'>, alignHoriz=method-wrapper(...), alignText='center', alignVert=method-wrapper(...), anchorHoriz='center', anchorVert='center', antialias=True, autoLog=True, bold=False, color=array([1., 1., 1.]), colorSpace='rgb', contrast=1.0, depth=-8.0, flipHoriz=False, flipVert=False, font='Open Sans', fontFiles=[], height=0.05, italic=False, languageStyle='LTR', name='Instrucciones5', opacity=1.0, ori=0.0, pos=array([0., 0.]), rgb=UNKNOWN, text='Vamos a hacer uno de prueba!', units='height', win=Window(...), wrapWidth=1)
15.2379 	EXP 	Created GratingPrueba = GratingStim(__class__=<class 'psychopy.visual.grating.GratingStim'>, anchor='center', autoDraw=False, autoLog=True, blendmode='avg', color=array([1., 1., 1.]), colorSpace='rgb', contrast=1.0, depth=-1.0, interpolate=True, mask='circle', maskParams=None, name='GratingPrueba', opacity=1.0, ori=1.0, phase=array([0., 0.]), pos=array([0., 0.]), rgbPedestal=array([0., 0., 0.]), sf=array([1., 1.]), size=array([200., 200.]), tex='sin', texRes=128, units='pix', win=Window(...))
15.2395 	EXP 	Created FeedbackPrueb = TextStim(__class__=<class 'psychopy.visual.text.TextStim'>, alignHoriz=method-wrapper(...), alignText='center', alignVert=method-wrapper(...), anchorHoriz='center', anchorVert='center', antialias=True, autoLog=True, bold=False, color=array([1., 1., 1.]), colorSpace='rgb', contrast=1.0, depth=0.0, flipHoriz=False, flipVert=False, font='Open Sans', fontFiles=[], height=0.1, italic=False, languageStyle='LTR', name='FeedbackPrueb', opacity=1.0, ori=0.0, pos=array([0., 0.]), rgb=UNKNOWN, text='', units='height', win=Window(...), wrapWidth=1)
15.2573 	EXP 	Created ComienzoTexto = TextStim(__class__=<class 'psychopy.visual.text.TextStim'>, alignHoriz=method-wrapper(...), alignText='center', alignVert=method-wrapper(...), anchorHoriz='center', anchorVert='center', antialias=True, autoLog=True, bold=False, color=array([-1., -1., -1.]), colorSpace='rgb', contrast=1.0, depth=0.0, flipHoriz=False, flipVert=False, font='Open Sans', fontFiles=[], height=0.05, italic=False, languageStyle='LTR', name='ComienzoTexto', opacity=1.0, ori=0.0, pos=array([0., 0.]), rgb=UNKNOWN, text=str(...), units='height', win=Window(...), wrapWidth=1)
15.2607 	EXP 	Created grating2 = GratingStim(__class__=<class 'psychopy.visual.grating.GratingStim'>, anchor='center', autoDraw=False, autoLog=True, blendmode='avg', color=array([1., 1., 1.]), colorSpace='rgb', contrast=1.0, depth=0.0, interpolate=True, mask='circle', maskParams=None, name='grating2', opacity=1.0, ori=1.0, phase=array([0., 0.]), pos=array([0., 0.]), rgbPedestal=array([0., 0., 0.]), sf=array([1., 1.]), size=array([200., 200.]), tex='sin', texRes=128, units='pix', win=Window(...))
15.2618 	EXP 	Created feedback_2 = TextStim(__class__=<class 'psychopy.visual.text.TextStim'>, alignHoriz=method-wrapper(...), alignText='center', alignVert=method-wrapper(...), anchorHoriz='center', anchorVert='center', antialias=True, autoLog=True, bold=False, color=array([1., 1., 1.]), colorSpace='rgb', contrast=1.0, depth=-1.0, flipHoriz=False, flipVert=False, font='Open Sans', fontFiles=[], height=0.1, italic=False, languageStyle='LTR', name='feedback_2', opacity=1.0, ori=0.0, pos=array([0., 0.]), rgb=UNKNOWN, text='', units='height', win=Window(...), wrapWidth=1)
15.2759 	EXP 	Created Gracias = TextStim(__class__=<class 'psychopy.visual.text.TextStim'>, alignHoriz=method-wrapper(...), alignText='center', alignVert=method-wrapper(...), anchorHoriz='center', anchorVert='center', antialias=True, autoLog=True, bold=False, color=array([1., 1., 1.]), colorSpace='rgb', contrast=1.0, depth=0.0, flipHoriz=False, flipVert=False, font='Open Sans', fontFiles=[], height=0.1, italic=False, languageStyle='LTR', name='Gracias', opacity=1.0, ori=0.0, pos=array([0., 0.]), rgb=UNKNOWN, text='¡Muchas gracias por participar!', units='height', win=Window(...), wrapWidth=1)
15.2778 	EXP 	Created image = ImageStim(__class__=<class 'psychopy.visual.image.ImageStim'>, anchor=('center', 'center'), autoLog=True, color=array([1., 1., 1.]), colorSpace='rgb', contrast=1.0, depth=-1.0, flipHoriz=False, flipVert=False, image=None, interpolate=True, mask=None, maskParams=None, name='image', opacity=1.0, ori=0.0, pos=array([0., 0.]), size=array([0.5, 0.5]), texRes=128.0, units='deg', win=Window(...))
16.2771 	EXP 	Instrucciones1: autoDraw = True
18.5469 	DATA 	Keypress: space
18.5607 	EXP 	Instrucciones1: autoDraw = False
18.5607 	EXP 	Instrucciones2: autoDraw = True
19.7298 	DATA 	Keypress: space
20.3145 	DATA 	Keypress: space
20.3279 	EXP 	Instrucciones2: autoDraw = False
20.3279 	EXP 	Instrucciones3: autoDraw = True
21.6469 	DATA 	Keypress: space
22.4650 	DATA 	Keypress: space
22.4789 	EXP 	Instrucciones3: autoDraw = False
22.4789 	EXP 	instrucciones4: autoDraw = True
23.9147 	DATA 	Keypress: space
24.3155 	DATA 	Keypress: space
24.3293 	EXP 	instrucciones4: autoDraw = False
24.3293 	EXP 	Instrucciones5: autoDraw = True
28.3301 	EXP 	Instrucciones5: autoDraw = False
32.1133 	EXP 	Imported ParametrosAyBtest.xlsx as conditions, 9 conditions, 6 params
32.1141 	EXP 	Created sequence: sequential, trialTypes=9, nReps=1, seed=None
32.1147 	EXP 	New trial (rep=0, index=0): {'Frecuencia': 5.75266988645415, 'Orientaciondecimales': 0.981868948378523, 'Categoria': 'A', 'Orientacion': 98.18689483785231, 'FrecuenciaEspacial': 0.02876334943227075, 'tecla': 'Left'}
32.1163 	DATA 	Keypress: space
32.1250 	EXP 	Instrucciones1: autoDraw = False
32.1250 	EXP 	Instrucciones2: autoDraw = False
32.1250 	EXP 	Instrucciones3: autoDraw = False
32.1250 	EXP 	instrucciones4: autoDraw = False
32.1250 	EXP 	Instrucciones5: autoDraw = False
32.1250 	EXP 	GratingPrueba: ori = 98.18689483785231
32.1250 	EXP 	GratingPrueba: sf = array([0.02876335, 0.02876335])
32.2142 	EXP 	GratingPrueba: autoDraw = True
32.2142 	EXP 	GratingPrueba: tex = 'sin'
33.2013 	DATA 	Keypress: right
33.2146 	EXP 	GratingPrueba: autoDraw = False
33.2146 	EXP 	FeedbackPrueb: text = ''
33.2146 	EXP 	FeedbackPrueb: autoDraw = True
33.2146 	EXP 	FeedbackPrueb: height = 0.1
33.2146 	EXP 	FeedbackPrueb: height = 0.1
33.2146 	EXP 	FeedbackPrueb: text = ''
34.2005 	EXP 	New trial (rep=0, index=1): {'Frecuencia': 5.63503896122014, 'Orientaciondecimales': 0.942857344714462, 'Categoria': 'A', 'Orientacion': 94.2857344714462, 'FrecuenciaEspacial': 0.028175194806100697, 'tecla': 'Left'}
34.2158 	EXP 	FeedbackPrueb: autoDraw = False
34.2158 	EXP 	FeedbackPrueb: autoDraw = False
34.2158 	EXP 	GratingPrueba: ori = 94.2857344714462
34.2158 	EXP 	GratingPrueba: sf = array([0.02817519, 0.02817519])
34.2988 	EXP 	GratingPrueba: autoDraw = True
35.2583 	DATA 	Keypress: right
35.2688 	EXP 	GratingPrueba: autoDraw = False
35.2688 	EXP 	FeedbackPrueb: height = 0.1
35.2688 	EXP 	FeedbackPrueb: height = 0.1
35.2688 	EXP 	FeedbackPrueb: text = 'Incorrecto'
35.2688 	EXP 	FeedbackPrueb: autoDraw = True
36.2667 	EXP 	New trial (rep=0, index=2): {'Frecuencia': 5.75349902682942, 'Orientaciondecimales': 0.976843040460124, 'Categoria': 'A', 'Orientacion': 97.6843040460124, 'FrecuenciaEspacial': 0.0287674951341471, 'tecla': 'Left'}
36.2828 	EXP 	FeedbackPrueb: autoDraw = False
36.2828 	EXP 	FeedbackPrueb: autoDraw = False
36.2828 	EXP 	GratingPrueba: ori = 97.6843040460124
36.2828 	EXP 	GratingPrueba: sf = array([0.0287675, 0.0287675])
36.3664 	EXP 	GratingPrueba: autoDraw = True
37.8038 	DATA 	Keypress: right
37.8162 	EXP 	GratingPrueba: autoDraw = False
37.8162 	EXP 	FeedbackPrueb: text = 'Incorrecto'
37.8162 	EXP 	FeedbackPrueb: autoDraw = True
38.8011 	EXP 	New trial (rep=0, index=3): {'Frecuencia': 6.76753116765003, 'Orientaciondecimales': 0.60647052076609, 'Categoria': 'B', 'Orientacion': 60.647052076609, 'FrecuenciaEspacial': 0.03383765583825015, 'tecla': 'Right'}
38.8166 	EXP 	FeedbackPrueb: autoDraw = False
38.8166 	EXP 	FeedbackPrueb: autoDraw = False
38.8166 	EXP 	GratingPrueba: ori = 60.647052076609
38.8166 	EXP 	GratingPrueba: sf = array([0.03383766, 0.03383766])
38.9000 	EXP 	GratingPrueba: autoDraw = True
40.6214 	DATA 	Keypress: right
40.6339 	EXP 	GratingPrueba: autoDraw = False
40.6339 	EXP 	FeedbackPrueb: text = 'Incorrecto'
40.6339 	EXP 	FeedbackPrueb: autoDraw = True
41.6188 	EXP 	New trial (rep=0, index=4): {'Frecuencia': 5.64036966612441, 'Orientaciondecimales': 0.946219449854496, 'Categoria': 'A', 'Orientacion': 94.6219449854496, 'FrecuenciaEspacial': 0.02820184833062205, 'tecla': 'Left'}
41.6343 	EXP 	FeedbackPrueb: autoDraw = False
41.6343 	EXP 	FeedbackPrueb: autoDraw = False
41.6343 	EXP 	GratingPrueba: ori = 94.6219449854496
41.6343 	EXP 	GratingPrueba: sf = array([0.02820185, 0.02820185])
41.7177 	EXP 	GratingPrueba: autoDraw = True
43.1874 	DATA 	Keypress: left
43.2012 	EXP 	GratingPrueba: autoDraw = False
43.2012 	EXP 	FeedbackPrueb: text = 'Incorrecto'
43.2012 	EXP 	FeedbackPrueb: autoDraw = True
44.1857 	EXP 	New trial (rep=0, index=5): {'Frecuencia': 5.76793716427588, 'Orientaciondecimales': 0.991949304766192, 'Categoria': 'A', 'Orientacion': 99.1949304766192, 'FrecuenciaEspacial': 0.0288396858213794, 'tecla': 'Left'}
44.2013 	EXP 	FeedbackPrueb: autoDraw = False
44.2013 	EXP 	FeedbackPrueb: autoDraw = False
44.2013 	EXP 	GratingPrueba: ori = 99.1949304766192
44.2013 	EXP 	GratingPrueba: sf = array([0.02883969, 0.02883969])
44.2845 	EXP 	GratingPrueba: autoDraw = True
45.4214 	DATA 	Keypress: left
45.4354 	EXP 	GratingPrueba: autoDraw = False
45.4354 	EXP 	FeedbackPrueb: text = 'Incorrecto'
45.4354 	EXP 	FeedbackPrueb: autoDraw = True
46.4199 	EXP 	New trial (rep=0, index=6): {'Frecuencia': 5.7434200716108, 'Orientaciondecimales': 0.977895959734118, 'Categoria': 'A', 'Orientacion': 97.7895959734118, 'FrecuenciaEspacial': 0.028717100358054002, 'tecla': 'Left'}
46.4353 	EXP 	FeedbackPrueb: autoDraw = False
46.4353 	EXP 	FeedbackPrueb: autoDraw = False
46.4353 	EXP 	GratingPrueba: ori = 97.7895959734118
46.4353 	EXP 	GratingPrueba: sf = array([0.0287171, 0.0287171])
46.5191 	EXP 	GratingPrueba: autoDraw = True
47.2388 	DATA 	Keypress: left
47.2525 	EXP 	GratingPrueba: autoDraw = False
47.2525 	EXP 	FeedbackPrueb: text = 'Incorrecto'
47.2525 	EXP 	FeedbackPrueb: autoDraw = True
48.2369 	EXP 	New trial (rep=0, index=7): {'Frecuencia': 5.7133165821624, 'Orientaciondecimales': 0.9663998844466, 'Categoria': 'A', 'Orientacion': 96.63998844465999, 'FrecuenciaEspacial': 0.028566582910812, 'tecla': 'Left'}
48.2528 	EXP 	FeedbackPrueb: autoDraw = False
48.2528 	EXP 	FeedbackPrueb: autoDraw = False
48.2528 	EXP 	GratingPrueba: ori = 96.63998844465999
48.2528 	EXP 	GratingPrueba: sf = array([0.02856658, 0.02856658])
48.3364 	EXP 	GratingPrueba: autoDraw = True
48.7060 	DATA 	Keypress: left
48.7198 	EXP 	GratingPrueba: autoDraw = False
48.7198 	EXP 	FeedbackPrueb: text = 'Incorrecto'
48.7198 	EXP 	FeedbackPrueb: autoDraw = True
49.7046 	EXP 	New trial (rep=0, index=8): {'Frecuencia': 5.78340199446218, 'Orientaciondecimales': 0.990336450824386, 'Categoria': 'A', 'Orientacion': 99.03364508243861, 'FrecuenciaEspacial': 0.0289170099723109, 'tecla': 'Left'}
49.7206 	EXP 	FeedbackPrueb: autoDraw = False
49.7206 	EXP 	FeedbackPrueb: autoDraw = False
49.7206 	EXP 	GratingPrueba: ori = 99.03364508243861
49.7206 	EXP 	GratingPrueba: sf = array([0.02891701, 0.02891701])
49.8040 	EXP 	GratingPrueba: autoDraw = True
50.0400 	DATA 	Keypress: left
50.0543 	EXP 	GratingPrueba: autoDraw = False
50.0543 	EXP 	FeedbackPrueb: text = 'Incorrecto'
50.0543 	EXP 	FeedbackPrueb: autoDraw = True
51.0681 	EXP 	FeedbackPrueb: autoDraw = False
51.0681 	EXP 	FeedbackPrueb: autoDraw = False
51.3720 	DATA 	Keypress: left
51.5545 	EXP 	ComienzoTexto: autoDraw = True
52.8631 	EXP 	Imported ParametrosAyB.xlsx as conditions, 151 conditions, 6 params
52.8652 	EXP 	Created sequence: sequential, trialTypes=151, nReps=1, seed=None
52.8654 	EXP 	New trial (rep=0, index=0): {'Frecuencia': 5.62357944791498, 'Orientaciondecimales': 0.943698663452456, 'Categoria': 'A', 'Orientacion': 94.3698663452456, 'FrecuenciaEspacial': 0.0281178972395749, 'tecla': 'Left'}
52.8664 	DATA 	Keypress: space
52.8753 	EXP 	ComienzoTexto: autoDraw = False
52.8753 	EXP 	grating2: ori = 94.3698663452456
52.8753 	EXP 	grating2: sf = array([0.0281179, 0.0281179])
52.9716 	EXP 	grating2: autoDraw = True
52.9716 	EXP 	grating2: tex = 'sin'
54.0511 	DATA 	Keypress: right
54.0597 	EXP 	grating2: autoDraw = False
54.0597 	EXP 	feedback_2: height = 0.1
54.0597 	EXP 	feedback_2: height = 0.1
54.0597 	EXP 	feedback_2: text = 'Oops! That was wrong'
54.0597 	EXP 	feedback_2: autoDraw = True
55.0564 	EXP 	New trial (rep=0, index=1): {'Frecuencia': 5.69097957372747, 'Orientaciondecimales': 0.960710372331322, 'Categoria': 'A', 'Orientacion': 96.07103723313219, 'FrecuenciaEspacial': 0.028454897868637353, 'tecla': 'Left'}
55.0722 	EXP 	feedback_2: autoDraw = False
55.0722 	EXP 	feedback_2: autoDraw = False
55.0722 	EXP 	grating2: ori = 96.07103723313219
55.0722 	EXP 	grating2: sf = array([0.0284549, 0.0284549])
55.1551 	EXP 	grating2: autoDraw = True
55.7427 	DATA 	Keypress: right
55.7552 	EXP 	grating2: autoDraw = False
55.7552 	EXP 	feedback_2: text = 'Oops! That was wrong'
55.7552 	EXP 	feedback_2: autoDraw = True
56.7404 	EXP 	New trial (rep=0, index=2): {'Frecuencia': 5.70302277314696, 'Orientaciondecimales': 0.969982272857429, 'Categoria': 'A', 'Orientacion': 96.9982272857429, 'FrecuenciaEspacial': 0.028515113865734798, 'tecla': 'Left'}
56.7562 	EXP 	feedback_2: autoDraw = False
56.7562 	EXP 	feedback_2: autoDraw = False
56.7562 	EXP 	grating2: ori = 96.9982272857429
56.7562 	EXP 	grating2: sf = array([0.02851511, 0.02851511])
56.8395 	EXP 	grating2: autoDraw = True
57.4919 	DATA 	Keypress: right
57.5059 	EXP 	grating2: autoDraw = False
57.5059 	EXP 	feedback_2: text = 'Oops! That was wrong'
57.5059 	EXP 	feedback_2: autoDraw = True
58.4907 	EXP 	New trial (rep=0, index=3): {'Frecuencia': 6.7712490071334, 'Orientaciondecimales': 0.602038916028961, 'Categoria': 'B', 'Orientacion': 60.2038916028961, 'FrecuenciaEspacial': 0.033856245035667, 'tecla': 'Right'}
58.5062 	EXP 	feedback_2: autoDraw = False
58.5062 	EXP 	feedback_2: autoDraw = False
58.5062 	EXP 	grating2: ori = 60.2038916028961
58.5062 	EXP 	grating2: sf = array([0.03385625, 0.03385625])
58.5898 	EXP 	grating2: autoDraw = True
59.1591 	DATA 	Keypress: right
59.1728 	EXP 	grating2: autoDraw = False
59.1728 	EXP 	feedback_2: text = 'Oops! That was wrong'
59.1728 	EXP 	feedback_2: autoDraw = True
60.1580 	EXP 	New trial (rep=0, index=4): {'Frecuencia': 6.78591396694264, 'Orientaciondecimales': 0.609681458205986, 'Categoria': 'B', 'Orientacion': 60.96814582059859, 'FrecuenciaEspacial': 0.0339295698347132, 'tecla': 'Right'}
60.1744 	EXP 	feedback_2: autoDraw = False
60.1744 	EXP 	feedback_2: autoDraw = False
60.1744 	EXP 	grating2: ori = 60.96814582059859
60.1744 	EXP 	grating2: sf = array([0.03392957, 0.03392957])
60.2570 	EXP 	grating2: autoDraw = True
60.5427 	DATA 	Keypress: right
60.5743 	EXP 	grating2: autoDraw = False
60.5743 	EXP 	feedback_2: text = 'Oops! That was wrong'
60.5743 	EXP 	feedback_2: autoDraw = True
61.5585 	EXP 	New trial (rep=0, index=5): {'Frecuencia': 5.7861300224522, 'Orientaciondecimales': 0.988906484298624, 'Categoria': 'A', 'Orientacion': 98.89064842986241, 'FrecuenciaEspacial': 0.028930650112261, 'tecla': 'Left'}
61.5742 	EXP 	feedback_2: autoDraw = False
61.5742 	EXP 	feedback_2: autoDraw = False
61.5742 	EXP 	grating2: ori = 98.89064842986241
61.5742 	EXP 	grating2: sf = array([0.02893065, 0.02893065])
61.6577 	EXP 	grating2: autoDraw = True
61.8768 	DATA 	Keypress: right
61.8910 	EXP 	grating2: autoDraw = False
61.8910 	EXP 	feedback_2: text = 'Oops! That was wrong'
61.8910 	EXP 	feedback_2: autoDraw = True
62.8753 	EXP 	New trial (rep=0, index=6): {'Frecuencia': 6.74037109471642, 'Orientaciondecimales': 0.595246124615583, 'Categoria': 'B', 'Orientacion': 59.5246124615583, 'FrecuenciaEspacial': 0.0337018554735821, 'tecla': 'Right'}
62.8908 	EXP 	feedback_2: autoDraw = False
62.8908 	EXP 	feedback_2: autoDraw = False
62.8908 	EXP 	grating2: ori = 59.5246124615583
62.8908 	EXP 	grating2: sf = array([0.03370186, 0.03370186])
62.9740 	EXP 	grating2: autoDraw = True
63.1285 	DATA 	Keypress: right
63.1409 	EXP 	grating2: autoDraw = False
63.1409 	EXP 	feedback_2: text = 'Oops! That was wrong'
63.1409 	EXP 	feedback_2: autoDraw = True
63.4437 	DATA 	Keypress: right
63.6771 	DATA 	Keypress: right
63.9103 	DATA 	Keypress: right
64.1259 	EXP 	New trial (rep=0, index=7): {'Frecuencia': 5.70147029690313, 'Orientaciondecimales': 0.965086685933335, 'Categoria': 'A', 'Orientacion': 96.5086685933335, 'FrecuenciaEspacial': 0.02850735148451565, 'tecla': 'Left'}
64.1275 	DATA 	Keypress: right
64.1413 	EXP 	feedback_2: autoDraw = False
64.1413 	EXP 	feedback_2: autoDraw = False
64.1413 	EXP 	grating2: ori = 96.5086685933335
64.1413 	EXP 	grating2: sf = array([0.02850735, 0.02850735])
64.2246 	EXP 	grating2: autoDraw = True
64.3094 	DATA 	Keypress: right
64.5123 	DATA 	Keypress: right
64.5248 	EXP 	grating2: autoDraw = False
64.5248 	EXP 	feedback_2: text = 'Oops! That was wrong'
64.5248 	EXP 	feedback_2: autoDraw = True
64.7106 	DATA 	Keypress: right
64.9442 	DATA 	Keypress: right
65.1775 	DATA 	Keypress: right
65.3941 	DATA 	Keypress: right
65.5089 	EXP 	New trial (rep=0, index=8): {'Frecuencia': 5.69237402243448, 'Orientaciondecimales': 0.965006797142118, 'Categoria': 'A', 'Orientacion': 96.5006797142118, 'FrecuenciaEspacial': 0.0284618701121724, 'tecla': 'Left'}
65.5257 	EXP 	feedback_2: autoDraw = False
65.5257 	EXP 	feedback_2: autoDraw = False
65.5257 	EXP 	grating2: ori = 96.5006797142118
65.5257 	EXP 	grating2: sf = array([0.02846187, 0.02846187])
65.6087 	EXP 	grating2: autoDraw = True
65.6098 	DATA 	Keypress: right
65.8283 	DATA 	Keypress: right
65.8423 	EXP 	grating2: autoDraw = False
65.8423 	EXP 	feedback_2: text = 'Oops! That was wrong'
65.8423 	EXP 	feedback_2: autoDraw = True
66.0607 	DATA 	Keypress: right
66.2948 	DATA 	Keypress: right
66.5280 	DATA 	Keypress: right
66.7449 	DATA 	Keypress: right
66.8267 	EXP 	New trial (rep=0, index=9): {'Frecuencia': 6.82217860521281, 'Orientaciondecimales': 0.622158334664355, 'Categoria': 'B', 'Orientacion': 62.2158334664355, 'FrecuenciaEspacial': 0.03411089302606405, 'tecla': 'Right'}
66.8421 	EXP 	feedback_2: autoDraw = False
66.8421 	EXP 	feedback_2: autoDraw = False
66.8421 	EXP 	grating2: ori = 62.2158334664355
66.8421 	EXP 	grating2: sf = array([0.03411089, 0.03411089])
66.9256 	EXP 	grating2: autoDraw = True
66.9773 	DATA 	Keypress: right
67.2297 	DATA 	Keypress: right
67.2422 	EXP 	grating2: autoDraw = False
67.2422 	EXP 	feedback_2: text = 'Oops! That was wrong'
67.2422 	EXP 	feedback_2: autoDraw = True
67.4286 	DATA 	Keypress: right
67.6616 	DATA 	Keypress: right
67.9116 	DATA 	Keypress: right
68.1118 	DATA 	Keypress: right
68.2271 	EXP 	New trial (rep=0, index=10): {'Frecuencia': 6.86193314808485, 'Orientaciondecimales': 0.631506151693444, 'Categoria': 'B', 'Orientacion': 63.150615169344405, 'FrecuenciaEspacial': 0.034309665740424246, 'tecla': 'Right'}
68.2425 	EXP 	feedback_2: autoDraw = False
68.2425 	EXP 	feedback_2: autoDraw = False
68.2425 	EXP 	grating2: ori = 63.150615169344405
68.2425 	EXP 	grating2: sf = array([0.03430967, 0.03430967])
68.3258 	EXP 	grating2: autoDraw = True
68.3607 	DATA 	Keypress: right
68.5811 	DATA 	Keypress: right
68.5926 	EXP 	grating2: autoDraw = False
68.5926 	EXP 	feedback_2: text = 'Oops! That was wrong'
68.5926 	EXP 	feedback_2: autoDraw = True
68.7618 	DATA 	Keypress: right
69.0452 	DATA 	Keypress: right
69.2121 	DATA 	Keypress: right
69.5775 	EXP 	New trial (rep=0, index=11): {'Frecuencia': 5.72530625322678, 'Orientaciondecimales': 0.972472305457173, 'Categoria': 'A', 'Orientacion': 97.2472305457173, 'FrecuenciaEspacial': 0.0286265312661339, 'tecla': 'Left'}
69.5931 	EXP 	feedback_2: autoDraw = False
69.5931 	EXP 	feedback_2: autoDraw = False
69.5931 	EXP 	grating2: ori = 97.2472305457173
69.5931 	EXP 	grating2: sf = array([0.02862653, 0.02862653])
69.6763 	EXP 	grating2: autoDraw = True
69.8615 	DATA 	Keypress: escape
70.2523 	EXP 	window1: mouseVisible = True
