1.4923 	WARNING 	We strongly recommend you activate the PTB sound engine in PsychoPy prefs as the preferred audio engine. Its timing is vastly superior. Your prefs are currently set to use ['sounddevice', 'PTB', 'pyo', 'pygame'] (in that order).
10.3100 	WARNING 	User requested fullscreen with size [1680 1050], but screen is actually [1920, 1080]. Using actual size
10.9680 	EXP 	Created window1 = Window(allowGUI=False, allowStencil=False, autoLog=True, backendConf=UNKNOWN, bitsMode=UNKNOWN, blendMode='avg', bpc=(8, 8, 8), color=array([0, 0, 0]), colorSpace='rgb', depthBits=8, fullscr=<method-wrapper '__getattribute__' of attributeSetter object at 0x00000270D2532B20>, gamma=None, gammaErrorPolicy='raise', lms=UNKNOWN, monitor=<psychopy.monitors.calibTools.Monitor object at 0x00000270D4A98D30>, multiSample=False, name='window1', numSamples=2, pos=(0, 0), screen=0, size=array([1920, 1080]), stencilBits=0, stereo=False, units='deg', useFBO=True, useRetina=False, viewOri=0.0, viewPos=None, viewScale=None, waitBlanking=True, winType='pyglet')
10.9682 	EXP 	window1: mouseVisible = True
10.9682 	EXP 	window1: Attempting to measure frame rate of screen (0) ...
10.9683 	EXP 	window1: recordFrameIntervals = False
11.1340 	EXP 	window1: recordFrameIntervals = True
11.3180 	EXP 	Screen (0) actual frame rate measured at 59.82Hz
11.3180 	EXP 	window1: recordFrameIntervals = False
13.4061 	EXP 	Created Instrucciones1 = TextStim(__class__=<class 'psychopy.visual.text.TextStim'>, alignHoriz=method-wrapper(...), alignText='center', alignVert=method-wrapper(...), anchorHoriz='center', anchorVert='center', antialias=True, autoLog=True, bold=False, color=array([-1., -1., -1.]), colorSpace='rgb', contrast=1.0, depth=0.0, flipHoriz=False, flipVert=False, font='Open Sans', fontFiles=[], height=0.05, italic=False, languageStyle='LTR', name='Instrucciones1', opacity=1.0, ori=0.0, pos=array([0., 0.]), rgb=UNKNOWN, text=str(...), units='height', win=Window(...), wrapWidth=1)
13.4136 	EXP 	Created Instrucciones2 = TextStim(__class__=<class 'psychopy.visual.text.TextStim'>, alignHoriz=method-wrapper(...), alignText='center', alignVert=method-wrapper(...), anchorHoriz='center', anchorVert='center', antialias=True, autoLog=True, bold=False, color=array([-1., -1., -1.]), colorSpace='rgb', contrast=1.0, depth=-2.0, flipHoriz=False, flipVert=False, font='Open Sans', fontFiles=[], height=0.05, italic=False, languageStyle='LTR', name='Instrucciones2', opacity=1.0, ori=0.0, pos=array([0., 0.]), rgb=UNKNOWN, text=str(...), units='height', win=Window(...), wrapWidth=1)
13.4279 	EXP 	Created Instrucciones3 = TextStim(__class__=<class 'psychopy.visual.text.TextStim'>, alignHoriz=method-wrapper(...), alignText='center', alignVert=method-wrapper(...), anchorHoriz='center', anchorVert='center', antialias=True, autoLog=True, bold=False, color=array([-1., -1., -1.]), colorSpace='rgb', contrast=1.0, depth=-4.0, flipHoriz=False, flipVert=False, font='Arial', fontFiles=[], height=0.05, italic=False, languageStyle='LTR', name='Instrucciones3', opacity=1.0, ori=0.0, pos=array([0., 0.]), rgb=UNKNOWN, text=str(...), units='height', win=Window(...), wrapWidth=1)
13.4381 	EXP 	Created instrucciones4 = TextStim(__class__=<class 'psychopy.visual.text.TextStim'>, alignHoriz=method-wrapper(...), alignText='center', alignVert=method-wrapper(...), anchorHoriz='center', anchorVert='center', antialias=True, autoLog=True, bold=False, color=array([-1., -1., -1.]), colorSpace='rgb', contrast=1.0, depth=-6.0, flipHoriz=False, flipVert=False, font='Arial', fontFiles=[], height=0.05, italic=False, languageStyle='LTR', name='instrucciones4', opacity=1.0, ori=0.0, pos=array([0., 0.]), rgb=UNKNOWN, text=str(...), units='height', win=Window(...), wrapWidth=1)
13.4441 	EXP 	Created Instrucciones5 = TextStim(__class__=<class 'psychopy.visual.text.TextStim'>, alignHoriz=method-wrapper(...), alignText='center', alignVert=method-wrapper(...), anchorHoriz='center', anchorVert='center', antialias=True, autoLog=True, bold=False, color=array([1., 1., 1.]), colorSpace='rgb', contrast=1.0, depth=-8.0, flipHoriz=False, flipVert=False, font='Open Sans', fontFiles=[], height=0.05, italic=False, languageStyle='LTR', name='Instrucciones5', opacity=1.0, ori=0.0, pos=array([0., 0.]), rgb=UNKNOWN, text='Vamos a hacer uno de prueba!', units='height', win=Window(...), wrapWidth=1)
13.4486 	EXP 	Created GratingPrueba = GratingStim(__class__=<class 'psychopy.visual.grating.GratingStim'>, anchor='center', autoDraw=False, autoLog=True, blendmode='avg', color=array([1., 1., 1.]), colorSpace='rgb', contrast=1.0, depth=-1.0, interpolate=True, mask='circle', maskParams=None, name='GratingPrueba', opacity=1.0, ori=1.0, phase=array([0., 0.]), pos=array([0., 0.]), rgbPedestal=array([0., 0., 0.]), sf=array([1., 1.]), size=array([200., 200.]), tex='sin', texRes=128, units='pix', win=Window(...))
13.4503 	EXP 	Created FeedbackPrueb = TextStim(__class__=<class 'psychopy.visual.text.TextStim'>, alignHoriz=method-wrapper(...), alignText='center', alignVert=method-wrapper(...), anchorHoriz='center', anchorVert='center', antialias=True, autoLog=True, bold=False, color=array([1., 1., 1.]), colorSpace='rgb', contrast=1.0, depth=0.0, flipHoriz=False, flipVert=False, font='Open Sans', fontFiles=[], height=0.1, italic=False, languageStyle='LTR', name='FeedbackPrueb', opacity=1.0, ori=0.0, pos=array([0., 0.]), rgb=UNKNOWN, text='', units='height', win=Window(...), wrapWidth=1)
13.4672 	EXP 	Created ComienzoTexto = TextStim(__class__=<class 'psychopy.visual.text.TextStim'>, alignHoriz=method-wrapper(...), alignText='center', alignVert=method-wrapper(...), anchorHoriz='center', anchorVert='center', antialias=True, autoLog=True, bold=False, color=array([-1., -1., -1.]), colorSpace='rgb', contrast=1.0, depth=0.0, flipHoriz=False, flipVert=False, font='Open Sans', fontFiles=[], height=0.05, italic=False, languageStyle='LTR', name='ComienzoTexto', opacity=1.0, ori=0.0, pos=array([0., 0.]), rgb=UNKNOWN, text=str(...), units='height', win=Window(...), wrapWidth=1)
13.4707 	EXP 	Created grating2 = GratingStim(__class__=<class 'psychopy.visual.grating.GratingStim'>, anchor='center', autoDraw=False, autoLog=True, blendmode='avg', color=array([1., 1., 1.]), colorSpace='rgb', contrast=1.0, depth=0.0, interpolate=True, mask='circle', maskParams=None, name='grating2', opacity=1.0, ori=1.0, phase=array([0., 0.]), pos=array([0., 0.]), rgbPedestal=array([0., 0., 0.]), sf=array([1., 1.]), size=array([200., 200.]), tex='sin', texRes=128, units='pix', win=Window(...))
13.4718 	EXP 	Created feedback_2 = TextStim(__class__=<class 'psychopy.visual.text.TextStim'>, alignHoriz=method-wrapper(...), alignText='center', alignVert=method-wrapper(...), anchorHoriz='center', anchorVert='center', antialias=True, autoLog=True, bold=False, color=array([1., 1., 1.]), colorSpace='rgb', contrast=1.0, depth=-1.0, flipHoriz=False, flipVert=False, font='Open Sans', fontFiles=[], height=0.1, italic=False, languageStyle='LTR', name='feedback_2', opacity=1.0, ori=0.0, pos=array([0., 0.]), rgb=UNKNOWN, text='', units='height', win=Window(...), wrapWidth=1)
13.4856 	EXP 	Created Gracias = TextStim(__class__=<class 'psychopy.visual.text.TextStim'>, alignHoriz=method-wrapper(...), alignText='center', alignVert=method-wrapper(...), anchorHoriz='center', anchorVert='center', antialias=True, autoLog=True, bold=False, color=array([1., 1., 1.]), colorSpace='rgb', contrast=1.0, depth=0.0, flipHoriz=False, flipVert=False, font='Open Sans', fontFiles=[], height=0.1, italic=False, languageStyle='LTR', name='Gracias', opacity=1.0, ori=0.0, pos=array([0., 0.]), rgb=UNKNOWN, text='¡Muchas gracias por participar!', units='height', win=Window(...), wrapWidth=1)
13.4876 	EXP 	Created image = ImageStim(__class__=<class 'psychopy.visual.image.ImageStim'>, anchor=('center', 'center'), autoLog=True, color=array([1., 1., 1.]), colorSpace='rgb', contrast=1.0, depth=-1.0, flipHoriz=False, flipVert=False, image=None, interpolate=True, mask=None, maskParams=None, name='image', opacity=1.0, ori=0.0, pos=array([0., 0.]), size=array([0.5, 0.5]), texRes=128.0, units='deg', win=Window(...))
14.5020 	EXP 	Instrucciones1: autoDraw = True
15.4217 	DATA 	Keypress: space
15.4356 	EXP 	Instrucciones1: autoDraw = False
15.4356 	EXP 	Instrucciones2: autoDraw = True
16.0712 	DATA 	Keypress: space
16.9389 	DATA 	Keypress: space
16.9525 	EXP 	Instrucciones2: autoDraw = False
16.9525 	EXP 	Instrucciones3: autoDraw = True
18.0053 	DATA 	Keypress: space
18.5892 	DATA 	Keypress: space
18.6035 	EXP 	Instrucciones3: autoDraw = False
18.6035 	EXP 	instrucciones4: autoDraw = True
19.3888 	DATA 	Keypress: space
19.8735 	DATA 	Keypress: space
19.8870 	EXP 	instrucciones4: autoDraw = False
19.8870 	EXP 	Instrucciones5: autoDraw = True
21.3390 	DATA 	Keypress: space
21.7723 	DATA 	Keypress: space
23.0725 	DATA 	Keypress: space
23.8801 	EXP 	Imported ParametrosAyBtest.xlsx as conditions, 9 conditions, 6 params
23.8806 	EXP 	Created sequence: sequential, trialTypes=9, nReps=1, seed=None
23.8810 	EXP 	New trial (rep=0, index=0): {'Frecuencia': 5.75266988645415, 'Orientaciondecimales': 0.981868948378523, 'Categoria': 'A', 'Orientacion': 98.18689483785231, 'FrecuenciaEspacial': 0.02876334943227075, 'tecla': 'left'}
23.8903 	EXP 	Instrucciones5: autoDraw = False
23.8903 	EXP 	Instrucciones1: autoDraw = False
23.8903 	EXP 	Instrucciones2: autoDraw = False
23.8903 	EXP 	Instrucciones3: autoDraw = False
23.8903 	EXP 	instrucciones4: autoDraw = False
23.8903 	EXP 	Instrucciones5: autoDraw = False
23.8903 	EXP 	GratingPrueba: ori = 98.18689483785231
23.8903 	EXP 	GratingPrueba: sf = array([0.02876335, 0.02876335])
23.9877 	EXP 	GratingPrueba: autoDraw = True
23.9877 	EXP 	GratingPrueba: tex = 'sin'
24.6749 	DATA 	Keypress: right
24.6879 	EXP 	GratingPrueba: autoDraw = False
24.6879 	EXP 	FeedbackPrueb: text = ''
24.6879 	EXP 	FeedbackPrueb: autoDraw = True
24.6879 	EXP 	FeedbackPrueb: height = 0.1
24.6879 	EXP 	FeedbackPrueb: height = 0.1
24.6879 	EXP 	FeedbackPrueb: text = ''
25.6724 	EXP 	New trial (rep=0, index=1): {'Frecuencia': 5.63503896122014, 'Orientaciondecimales': 0.942857344714462, 'Categoria': 'A', 'Orientacion': 94.2857344714462, 'FrecuenciaEspacial': 0.028175194806100697, 'tecla': 'left'}
25.6883 	EXP 	FeedbackPrueb: autoDraw = False
25.6883 	EXP 	FeedbackPrueb: autoDraw = False
25.6883 	EXP 	GratingPrueba: ori = 94.2857344714462
25.6883 	EXP 	GratingPrueba: sf = array([0.02817519, 0.02817519])
25.7716 	EXP 	GratingPrueba: autoDraw = True
26.6309 	DATA 	Keypress: right
26.6408 	EXP 	GratingPrueba: autoDraw = False
26.6408 	EXP 	FeedbackPrueb: height = 0.1
26.6408 	EXP 	FeedbackPrueb: height = 0.1
26.6408 	EXP 	FeedbackPrueb: text = 'Incorrecto'
26.6408 	EXP 	FeedbackPrueb: autoDraw = True
27.6397 	EXP 	New trial (rep=0, index=2): {'Frecuencia': 5.75349902682942, 'Orientaciondecimales': 0.976843040460124, 'Categoria': 'A', 'Orientacion': 97.6843040460124, 'FrecuenciaEspacial': 0.0287674951341471, 'tecla': 'left'}
27.6555 	EXP 	FeedbackPrueb: autoDraw = False
27.6555 	EXP 	FeedbackPrueb: autoDraw = False
27.6555 	EXP 	GratingPrueba: ori = 97.6843040460124
27.6555 	EXP 	GratingPrueba: sf = array([0.0287675, 0.0287675])
27.7387 	EXP 	GratingPrueba: autoDraw = True
28.7069 	DATA 	Keypress: right
28.7394 	EXP 	GratingPrueba: autoDraw = False
28.7394 	EXP 	FeedbackPrueb: text = 'Incorrecto'
28.7394 	EXP 	FeedbackPrueb: autoDraw = True
29.7236 	EXP 	New trial (rep=0, index=3): {'Frecuencia': 6.76753116765003, 'Orientaciondecimales': 0.60647052076609, 'Categoria': 'B', 'Orientacion': 60.647052076609, 'FrecuenciaEspacial': 0.03383765583825015, 'tecla': 'right'}
29.7395 	EXP 	FeedbackPrueb: autoDraw = False
29.7395 	EXP 	FeedbackPrueb: autoDraw = False
29.7395 	EXP 	GratingPrueba: ori = 60.647052076609
29.7395 	EXP 	GratingPrueba: sf = array([0.03383766, 0.03383766])
29.8230 	EXP 	GratingPrueba: autoDraw = True
30.2914 	DATA 	Keypress: right
30.3230 	EXP 	GratingPrueba: autoDraw = False
30.3230 	EXP 	FeedbackPrueb: text = 'Incorrecto'
30.3230 	EXP 	FeedbackPrueb: autoDraw = True
31.3075 	EXP 	New trial (rep=0, index=4): {'Frecuencia': 5.64036966612441, 'Orientaciondecimales': 0.946219449854496, 'Categoria': 'A', 'Orientacion': 94.6219449854496, 'FrecuenciaEspacial': 0.02820184833062205, 'tecla': 'left'}
31.3231 	EXP 	FeedbackPrueb: autoDraw = False
31.3231 	EXP 	FeedbackPrueb: autoDraw = False
31.3231 	EXP 	GratingPrueba: ori = 94.6219449854496
31.3231 	EXP 	GratingPrueba: sf = array([0.02820185, 0.02820185])
31.4067 	EXP 	GratingPrueba: autoDraw = True
31.8981 	DATA 	Keypress: right
31.9078 	EXP 	GratingPrueba: autoDraw = False
31.9078 	EXP 	FeedbackPrueb: height = 0.1
31.9078 	EXP 	FeedbackPrueb: height = 0.1
31.9078 	EXP 	FeedbackPrueb: text = '!Correcto!'
31.9078 	EXP 	FeedbackPrueb: autoDraw = True
32.2920 	DATA 	Keypress: right
32.8913 	EXP 	New trial (rep=0, index=5): {'Frecuencia': 5.76793716427588, 'Orientaciondecimales': 0.991949304766192, 'Categoria': 'A', 'Orientacion': 99.1949304766192, 'FrecuenciaEspacial': 0.0288396858213794, 'tecla': 'left'}
32.9071 	EXP 	FeedbackPrueb: autoDraw = False
32.9071 	EXP 	FeedbackPrueb: autoDraw = False
32.9071 	EXP 	GratingPrueba: ori = 99.1949304766192
32.9071 	EXP 	GratingPrueba: sf = array([0.02883969, 0.02883969])
32.9904 	EXP 	GratingPrueba: autoDraw = True
33.4085 	DATA 	Keypress: escape
33.9624 	EXP 	window1: mouseVisible = True
