1.4586 	WARNING 	We strongly recommend you activate the PTB sound engine in PsychoPy prefs as the preferred audio engine. Its timing is vastly superior. Your prefs are currently set to use ['sounddevice', 'PTB', 'pyo', 'pygame'] (in that order).
7.5628 	WARNING 	User requested fullscreen with size [1680 1050], but screen is actually [1920, 1080]. Using actual size
8.2086 	EXP 	Created window1 = Window(allowGUI=False, allowStencil=False, autoLog=True, backendConf=UNKNOWN, bitsMode=UNKNOWN, blendMode='avg', bpc=(8, 8, 8), color=array([0, 0, 0]), colorSpace='rgb', depthBits=8, fullscr=<method-wrapper '__getattribute__' of attributeSetter object at 0x0000019BDF452B20>, gamma=None, gammaErrorPolicy='raise', lms=UNKNOWN, monitor=<psychopy.monitors.calibTools.Monitor object at 0x0000019BDFA03FD0>, multiSample=False, name='window1', numSamples=2, pos=(0, 0), screen=0, size=array([1920, 1080]), stencilBits=0, stereo=False, units='deg', useFBO=True, useRetina=False, viewOri=0.0, viewPos=None, viewScale=None, waitBlanking=True, winType='pyglet')
8.2089 	EXP 	window1: mouseVisible = True
8.2089 	EXP 	window1: Attempting to measure frame rate of screen (0) ...
8.2090 	EXP 	window1: recordFrameIntervals = False
8.3750 	EXP 	window1: recordFrameIntervals = True
8.5594 	EXP 	Screen (0) actual frame rate measured at 59.87Hz
8.5595 	EXP 	window1: recordFrameIntervals = False
10.5453 	EXP 	Created Instrucciones1 = TextStim(__class__=<class 'psychopy.visual.text.TextStim'>, alignHoriz=method-wrapper(...), alignText='center', alignVert=method-wrapper(...), anchorHoriz='center', anchorVert='center', antialias=True, autoLog=True, bold=False, color=array([-1., -1., -1.]), colorSpace='rgb', contrast=1.0, depth=0.0, flipHoriz=False, flipVert=False, font='Open Sans', fontFiles=[], height=0.05, italic=False, languageStyle='LTR', name='Instrucciones1', opacity=1.0, ori=0.0, pos=array([0., 0.]), rgb=UNKNOWN, text=str(...), units='height', win=Window(...), wrapWidth=1)
10.5550 	EXP 	Created Instrucciones2 = TextStim(__class__=<class 'psychopy.visual.text.TextStim'>, alignHoriz=method-wrapper(...), alignText='center', alignVert=method-wrapper(...), anchorHoriz='center', anchorVert='center', antialias=True, autoLog=True, bold=False, color=array([-1., -1., -1.]), colorSpace='rgb', contrast=1.0, depth=-2.0, flipHoriz=False, flipVert=False, font='Open Sans', fontFiles=[], height=0.05, italic=False, languageStyle='LTR', name='Instrucciones2', opacity=1.0, ori=0.0, pos=array([0., 0.]), rgb=UNKNOWN, text=str(...), units='height', win=Window(...), wrapWidth=1)
10.5688 	EXP 	Created Instrucciones3 = TextStim(__class__=<class 'psychopy.visual.text.TextStim'>, alignHoriz=method-wrapper(...), alignText='center', alignVert=method-wrapper(...), anchorHoriz='center', anchorVert='center', antialias=True, autoLog=True, bold=False, color=array([-1., -1., -1.]), colorSpace='rgb', contrast=1.0, depth=-4.0, flipHoriz=False, flipVert=False, font='Arial', fontFiles=[], height=0.05, italic=False, languageStyle='LTR', name='Instrucciones3', opacity=1.0, ori=0.0, pos=array([0., 0.]), rgb=UNKNOWN, text=str(...), units='height', win=Window(...), wrapWidth=1)
10.5789 	EXP 	Created instrucciones4 = TextStim(__class__=<class 'psychopy.visual.text.TextStim'>, alignHoriz=method-wrapper(...), alignText='center', alignVert=method-wrapper(...), anchorHoriz='center', anchorVert='center', antialias=True, autoLog=True, bold=False, color=array([-1., -1., -1.]), colorSpace='rgb', contrast=1.0, depth=-6.0, flipHoriz=False, flipVert=False, font='Arial', fontFiles=[], height=0.05, italic=False, languageStyle='LTR', name='instrucciones4', opacity=1.0, ori=0.0, pos=array([0., 0.]), rgb=UNKNOWN, text=str(...), units='height', win=Window(...), wrapWidth=1)
10.5847 	EXP 	Created Instrucciones5 = TextStim(__class__=<class 'psychopy.visual.text.TextStim'>, alignHoriz=method-wrapper(...), alignText='center', alignVert=method-wrapper(...), anchorHoriz='center', anchorVert='center', antialias=True, autoLog=True, bold=False, color=array([1., 1., 1.]), colorSpace='rgb', contrast=1.0, depth=-8.0, flipHoriz=False, flipVert=False, font='Open Sans', fontFiles=[], height=0.05, italic=False, languageStyle='LTR', name='Instrucciones5', opacity=1.0, ori=0.0, pos=array([0., 0.]), rgb=UNKNOWN, text='Vamos a hacer uno de prueba!', units='height', win=Window(...), wrapWidth=1)
10.5891 	EXP 	Created GratingPrueba = GratingStim(__class__=<class 'psychopy.visual.grating.GratingStim'>, anchor='center', autoDraw=False, autoLog=True, blendmode='avg', color=array([1., 1., 1.]), colorSpace='rgb', contrast=1.0, depth=-1.0, interpolate=True, mask='circle', maskParams=None, name='GratingPrueba', opacity=1.0, ori=1.0, phase=array([0., 0.]), pos=array([0., 0.]), rgbPedestal=array([0., 0., 0.]), sf=array([1., 1.]), size=array([200., 200.]), tex='sin', texRes=128, units='pix', win=Window(...))
10.5906 	EXP 	Created FeedbackPrueb = TextStim(__class__=<class 'psychopy.visual.text.TextStim'>, alignHoriz=method-wrapper(...), alignText='center', alignVert=method-wrapper(...), anchorHoriz='center', anchorVert='center', antialias=True, autoLog=True, bold=False, color=array([1., 1., 1.]), colorSpace='rgb', contrast=1.0, depth=0.0, flipHoriz=False, flipVert=False, font='Open Sans', fontFiles=[], height=0.1, italic=False, languageStyle='LTR', name='FeedbackPrueb', opacity=1.0, ori=0.0, pos=array([0., 0.]), rgb=UNKNOWN, text='', units='height', win=Window(...), wrapWidth=1)
10.6074 	EXP 	Created ComienzoTexto = TextStim(__class__=<class 'psychopy.visual.text.TextStim'>, alignHoriz=method-wrapper(...), alignText='center', alignVert=method-wrapper(...), anchorHoriz='center', anchorVert='center', antialias=True, autoLog=True, bold=False, color=array([-1., -1., -1.]), colorSpace='rgb', contrast=1.0, depth=0.0, flipHoriz=False, flipVert=False, font='Open Sans', fontFiles=[], height=0.05, italic=False, languageStyle='LTR', name='ComienzoTexto', opacity=1.0, ori=0.0, pos=array([0., 0.]), rgb=UNKNOWN, text=str(...), units='height', win=Window(...), wrapWidth=1)
10.6110 	EXP 	Created grating2 = GratingStim(__class__=<class 'psychopy.visual.grating.GratingStim'>, anchor='center', autoDraw=False, autoLog=True, blendmode='avg', color=array([1., 1., 1.]), colorSpace='rgb', contrast=1.0, depth=0.0, interpolate=True, mask='circle', maskParams=None, name='grating2', opacity=1.0, ori=1.0, phase=array([0., 0.]), pos=array([0., 0.]), rgbPedestal=array([0., 0., 0.]), sf=array([1., 1.]), size=array([200., 200.]), tex='sin', texRes=128, units='pix', win=Window(...))
10.6121 	EXP 	Created feedback_2 = TextStim(__class__=<class 'psychopy.visual.text.TextStim'>, alignHoriz=method-wrapper(...), alignText='center', alignVert=method-wrapper(...), anchorHoriz='center', anchorVert='center', antialias=True, autoLog=True, bold=False, color=array([1., 1., 1.]), colorSpace='rgb', contrast=1.0, depth=-1.0, flipHoriz=False, flipVert=False, font='Open Sans', fontFiles=[], height=0.1, italic=False, languageStyle='LTR', name='feedback_2', opacity=1.0, ori=0.0, pos=array([0., 0.]), rgb=UNKNOWN, text='', units='height', win=Window(...), wrapWidth=1)
10.6255 	EXP 	Created Gracias = TextStim(__class__=<class 'psychopy.visual.text.TextStim'>, alignHoriz=method-wrapper(...), alignText='center', alignVert=method-wrapper(...), anchorHoriz='center', anchorVert='center', antialias=True, autoLog=True, bold=False, color=array([1., 1., 1.]), colorSpace='rgb', contrast=1.0, depth=0.0, flipHoriz=False, flipVert=False, font='Open Sans', fontFiles=[], height=0.1, italic=False, languageStyle='LTR', name='Gracias', opacity=1.0, ori=0.0, pos=array([0., 0.]), rgb=UNKNOWN, text='¡Muchas gracias por participar!', units='height', win=Window(...), wrapWidth=1)
10.6275 	EXP 	Created image = ImageStim(__class__=<class 'psychopy.visual.image.ImageStim'>, anchor=('center', 'center'), autoLog=True, color=array([1., 1., 1.]), colorSpace='rgb', contrast=1.0, depth=-1.0, flipHoriz=False, flipVert=False, image=None, interpolate=True, mask=None, maskParams=None, name='image', opacity=1.0, ori=0.0, pos=array([0., 0.]), size=array([0.5, 0.5]), texRes=128.0, units='deg', win=Window(...))
11.6266 	EXP 	Instrucciones1: autoDraw = True
12.0792 	DATA 	Keypress: space
12.0933 	EXP 	Instrucciones1: autoDraw = False
12.0933 	EXP 	Instrucciones2: autoDraw = True
12.3119 	DATA 	Keypress: space
12.5118 	DATA 	Keypress: space
12.7291 	DATA 	Keypress: space
12.7433 	EXP 	Instrucciones2: autoDraw = False
12.7433 	EXP 	Instrucciones3: autoDraw = True
12.9296 	DATA 	Keypress: space
12.9436 	EXP 	Instrucciones3: autoDraw = False
12.9436 	EXP 	instrucciones4: autoDraw = True
13.1455 	DATA 	Keypress: space
13.3288 	DATA 	Keypress: space
13.3603 	EXP 	instrucciones4: autoDraw = False
13.3603 	EXP 	Instrucciones5: autoDraw = True
13.5620 	DATA 	Keypress: space
13.7787 	DATA 	Keypress: space
15.0792 	DATA 	Keypress: space
17.3535 	EXP 	Imported ParametrosAyBtest.xlsx as conditions, 9 conditions, 6 params
17.3542 	EXP 	Created sequence: sequential, trialTypes=9, nReps=1, seed=None
17.3546 	EXP 	New trial (rep=0, index=0): {'Frecuencia': 5.75266988645415, 'Orientaciondecimales': 0.981868948378523, 'Categoria': 'A', 'Orientacion': 98.18689483785231, 'FrecuenciaEspacial': 0.02876334943227075, 'tecla': 'left'}
17.3641 	EXP 	Instrucciones5: autoDraw = False
17.3641 	EXP 	Instrucciones1: autoDraw = False
17.3641 	EXP 	Instrucciones2: autoDraw = False
17.3641 	EXP 	Instrucciones3: autoDraw = False
17.3641 	EXP 	instrucciones4: autoDraw = False
17.3641 	EXP 	Instrucciones5: autoDraw = False
17.3641 	EXP 	GratingPrueba: ori = 98.18689483785231
17.3641 	EXP 	GratingPrueba: sf = array([0.02876335, 0.02876335])
17.4616 	EXP 	GratingPrueba: autoDraw = True
17.4616 	EXP 	GratingPrueba: tex = 'sin'
17.8629 	DATA 	Keypress: right
17.8949 	EXP 	GratingPrueba: autoDraw = False
17.8949 	EXP 	FeedbackPrueb: text = ''
17.8949 	EXP 	FeedbackPrueb: autoDraw = True
17.8949 	EXP 	FeedbackPrueb: height = 0.1
17.8949 	EXP 	FeedbackPrueb: height = 0.1
17.8949 	EXP 	FeedbackPrueb: text = ''
18.8794 	EXP 	New trial (rep=0, index=1): {'Frecuencia': 5.63503896122014, 'Orientaciondecimales': 0.942857344714462, 'Categoria': 'A', 'Orientacion': 94.2857344714462, 'FrecuenciaEspacial': 0.028175194806100697, 'tecla': 'left'}
18.8953 	EXP 	FeedbackPrueb: autoDraw = False
18.8953 	EXP 	FeedbackPrueb: autoDraw = False
18.8953 	EXP 	GratingPrueba: ori = 94.2857344714462
18.8953 	EXP 	GratingPrueba: sf = array([0.02817519, 0.02817519])
18.9786 	EXP 	GratingPrueba: autoDraw = True
19.5027 	DATA 	Keypress: left
19.5135 	EXP 	GratingPrueba: autoDraw = False
19.5135 	EXP 	FeedbackPrueb: height = 0.1
19.5135 	EXP 	FeedbackPrueb: height = 0.1
19.5135 	EXP 	FeedbackPrueb: text = 'Incorrecto'
19.5135 	EXP 	FeedbackPrueb: autoDraw = True
20.5133 	EXP 	New trial (rep=0, index=2): {'Frecuencia': 5.75349902682942, 'Orientaciondecimales': 0.976843040460124, 'Categoria': 'A', 'Orientacion': 97.6843040460124, 'FrecuenciaEspacial': 0.0287674951341471, 'tecla': 'left'}
20.5293 	EXP 	FeedbackPrueb: autoDraw = False
20.5293 	EXP 	FeedbackPrueb: autoDraw = False
20.5293 	EXP 	GratingPrueba: ori = 97.6843040460124
20.5293 	EXP 	GratingPrueba: sf = array([0.0287675, 0.0287675])
20.6124 	EXP 	GratingPrueba: autoDraw = True
20.9819 	DATA 	Keypress: left
20.9960 	EXP 	GratingPrueba: autoDraw = False
20.9960 	EXP 	FeedbackPrueb: text = 'Incorrecto'
20.9960 	EXP 	FeedbackPrueb: autoDraw = True
21.9804 	EXP 	New trial (rep=0, index=3): {'Frecuencia': 6.76753116765003, 'Orientaciondecimales': 0.60647052076609, 'Categoria': 'B', 'Orientacion': 60.647052076609, 'FrecuenciaEspacial': 0.03383765583825015, 'tecla': 'right'}
21.9964 	EXP 	FeedbackPrueb: autoDraw = False
21.9964 	EXP 	FeedbackPrueb: autoDraw = False
21.9964 	EXP 	GratingPrueba: ori = 60.647052076609
21.9964 	EXP 	GratingPrueba: sf = array([0.03383766, 0.03383766])
22.0796 	EXP 	GratingPrueba: autoDraw = True
22.3320 	DATA 	Keypress: left
22.3463 	EXP 	GratingPrueba: autoDraw = False
22.3463 	EXP 	FeedbackPrueb: text = 'Incorrecto'
22.3463 	EXP 	FeedbackPrueb: autoDraw = True
23.3307 	EXP 	New trial (rep=0, index=4): {'Frecuencia': 5.64036966612441, 'Orientaciondecimales': 0.946219449854496, 'Categoria': 'A', 'Orientacion': 94.6219449854496, 'FrecuenciaEspacial': 0.02820184833062205, 'tecla': 'left'}
23.3467 	EXP 	FeedbackPrueb: autoDraw = False
23.3467 	EXP 	FeedbackPrueb: autoDraw = False
23.3467 	EXP 	GratingPrueba: ori = 94.6219449854496
23.3467 	EXP 	GratingPrueba: sf = array([0.02820185, 0.02820185])
23.4301 	EXP 	GratingPrueba: autoDraw = True
23.6660 	DATA 	Keypress: left
23.6802 	EXP 	GratingPrueba: autoDraw = False
23.6802 	EXP 	FeedbackPrueb: text = 'Incorrecto'
23.6802 	EXP 	FeedbackPrueb: autoDraw = True
24.6644 	EXP 	New trial (rep=0, index=5): {'Frecuencia': 5.76793716427588, 'Orientaciondecimales': 0.991949304766192, 'Categoria': 'A', 'Orientacion': 99.1949304766192, 'FrecuenciaEspacial': 0.0288396858213794, 'tecla': 'left'}
24.6805 	EXP 	FeedbackPrueb: autoDraw = False
24.6805 	EXP 	FeedbackPrueb: autoDraw = False
24.6805 	EXP 	GratingPrueba: ori = 99.1949304766192
24.6805 	EXP 	GratingPrueba: sf = array([0.02883969, 0.02883969])
24.7635 	EXP 	GratingPrueba: autoDraw = True
24.9997 	DATA 	Keypress: left
25.0135 	EXP 	GratingPrueba: autoDraw = False
25.0135 	EXP 	FeedbackPrueb: text = 'Incorrecto'
25.0135 	EXP 	FeedbackPrueb: autoDraw = True
25.9983 	EXP 	New trial (rep=0, index=6): {'Frecuencia': 5.7434200716108, 'Orientaciondecimales': 0.977895959734118, 'Categoria': 'A', 'Orientacion': 97.7895959734118, 'FrecuenciaEspacial': 0.028717100358054002, 'tecla': 'left'}
26.0141 	EXP 	FeedbackPrueb: autoDraw = False
26.0141 	EXP 	FeedbackPrueb: autoDraw = False
26.0141 	EXP 	GratingPrueba: ori = 97.7895959734118
26.0141 	EXP 	GratingPrueba: sf = array([0.0287171, 0.0287171])
26.0976 	EXP 	GratingPrueba: autoDraw = True
26.3007 	DATA 	Keypress: left
26.3142 	EXP 	GratingPrueba: autoDraw = False
26.3142 	EXP 	FeedbackPrueb: text = 'Incorrecto'
26.3142 	EXP 	FeedbackPrueb: autoDraw = True
26.7994 	DATA 	Keypress: escape
27.6183 	EXP 	window1: mouseVisible = True
