1.7295 	WARNING 	We strongly recommend you activate the PTB sound engine in PsychoPy prefs as the preferred audio engine. Its timing is vastly superior. Your prefs are currently set to use ['sounddevice', 'PTB', 'pyo', 'pygame'] (in that order).
7.2698 	WARNING 	User requested fullscreen with size [1024  768], but screen is actually [1920, 1080]. Using actual size
7.9115 	EXP 	Created window1 = Window(allowGUI=False, allowStencil=False, autoLog=True, backendConf=UNKNOWN, bitsMode=UNKNOWN, blendMode='avg', bpc=(8, 8, 8), color=array([0, 0, 0]), colorSpace='rgb', depthBits=8, fullscr=<method-wrapper '__getattribute__' of attributeSetter object at 0x0000023867173AF0>, gamma=None, gammaErrorPolicy='raise', lms=UNKNOWN, monitor=<psychopy.monitors.calibTools.Monitor object at 0x000002386ADDAEB0>, multiSample=False, name='window1', numSamples=2, pos=(0, 0), screen=0, size=array([1920, 1080]), stencilBits=0, stereo=False, units='height', useFBO=True, useRetina=False, viewOri=0.0, viewPos=None, viewScale=None, waitBlanking=True, winType='pyglet')
7.9118 	EXP 	window1: mouseVisible = True
7.9118 	EXP 	window1: Attempting to measure frame rate of screen (0) ...
7.9119 	EXP 	window1: recordFrameIntervals = False
8.0775 	EXP 	window1: recordFrameIntervals = True
8.2605 	EXP 	Screen (0) actual frame rate measured at 60.20Hz
8.2605 	EXP 	window1: recordFrameIntervals = False
10.4063 	EXP 	Created grating = GratingStim(__class__=<class 'psychopy.visual.grating.GratingStim'>, anchor='center', autoDraw=False, autoLog=True, blendmode='avg', color=array([1., 1., 1.]), colorSpace='rgb', contrast=1.0, depth=0.0, interpolate=True, mask='circle', maskParams=None, name='grating', opacity=1.0, ori=96.0, phase=array([0., 0.]), pos=array([0., 0.]), rgbPedestal=array([0., 0., 0.]), sf=array([0.03060079, 0.03060079]), size=array([200., 200.]), tex='sin', texRes=128.0, units='pix', win=Window(...))
10.4130 	EXP 	Created grating_2 = GratingStim(__class__=<class 'psychopy.visual.grating.GratingStim'>, anchor='center', autoDraw=False, autoLog=True, blendmode='avg', color=array([1., 1., 1.]), colorSpace='rgb', contrast=1.0, depth=-1.0, interpolate=True, mask='gauss', maskParams=None, name='grating_2', opacity=1.0, ori=96.0, phase=array([0., 0.]), pos=array([0., 0.]), rgbPedestal=array([0., 0., 0.]), sf=array([0.03060079, 0.03060079]), size=array([210., 210.]), tex='sin', texRes=128.0, units='pix', win=Window(...))
11.4117 	EXP 	grating: autoDraw = True
11.4117 	EXP 	grating_2: autoDraw = True
11.4117 	EXP 	grating: tex = 'sin'
11.4117 	EXP 	grating_2: tex = 'sin'
13.4122 	EXP 	grating: autoDraw = False
13.4122 	EXP 	grating_2: autoDraw = False
13.4122 	EXP 	grating: autoDraw = False
13.4122 	EXP 	grating_2: autoDraw = False
13.5307 	EXP 	window1: mouseVisible = True
