1.5177 	WARNING 	We strongly recommend you activate the PTB sound engine in PsychoPy prefs as the preferred audio engine. Its timing is vastly superior. Your prefs are currently set to use ['sounddevice', 'PTB', 'pyo', 'pygame'] (in that order).
8.8135 	EXP 	Created window1 = Window(allowGUI=False, allowStencil=False, autoLog=True, backendConf=UNKNOWN, bitsMode=UNKNOWN, blendMode='avg', bpc=(8, 8, 8), color=array([0, 0, 0]), colorSpace='rgb', depthBits=8, fullscr=<method-wrapper '__getattribute__' of attributeSetter object at 0x000001EDD5F56A90>, gamma=None, gammaErrorPolicy='raise', lms=UNKNOWN, monitor=<psychopy.monitors.calibTools.Monitor object at 0x000001EDD6178F10>, multiSample=False, name='window1', numSamples=2, pos=(0, 0), screen=0, size=array([1920, 1080]), stencilBits=0, stereo=False, units='height', useFBO=True, useRetina=False, viewOri=0.0, viewPos=None, viewScale=None, waitBlanking=True, winType='pyglet')
8.8138 	EXP 	window1: mouseVisible = True
8.8138 	EXP 	window1: Attempting to measure frame rate of screen (0) ...
8.8139 	EXP 	window1: recordFrameIntervals = False
8.9796 	EXP 	window1: recordFrameIntervals = True
9.1633 	EXP 	Screen (0) actual frame rate measured at 60.00Hz
9.1634 	EXP 	window1: recordFrameIntervals = False
11.2794 	EXP 	Created grating = GratingStim(__class__=<class 'psychopy.visual.grating.GratingStim'>, anchor='center', autoDraw=False, autoLog=True, blendmode='avg', color=array([1., 1., 1.]), colorSpace='rgb', contrast=1.0, depth=-1.0, interpolate=True, mask='circle', maskParams=None, name='grating', opacity=1.0, ori=96.0, phase=array([0., 0.]), pos=array([0., 0.]), rgbPedestal=array([0., 0., 0.]), sf=array([0.03060079, 0.03060079]), size=array([200., 200.]), tex='sin', texRes=128.0, units='pix', win=Window(...))
11.2839 	EXP 	Created mask_grating = GratingStim(__class__=<class 'psychopy.visual.grating.GratingStim'>, anchor='center', autoDraw=False, autoLog=True, blendmode='avg', color=array([1., 1., 1.]), colorSpace='rgb', contrast=1.0, depth=-2.0, interpolate=True, mask='gauss', maskParams=None, name='mask_grating', opacity=1.0, ori=96.0, phase=array([0., 0.]), pos=array([0., 0.]), rgbPedestal=array([0., 0., 0.]), sf=array([0.03060079, 0.03060079]), size=array([250., 250.]), tex='sin', texRes=128.0, units='pix', win=Window(...))
11.2963 	EXP 	grating: tex = 'sin'
11.3306 	EXP 	grating: tex = 'sin'
11.3643 	EXP 	grating: tex = 'sin'
11.3976 	EXP 	grating: tex = 'sin'
11.4310 	EXP 	grating: tex = 'sin'
11.4642 	EXP 	grating: tex = 'sin'
11.4978 	EXP 	grating: tex = 'sin'
11.5310 	EXP 	grating: tex = 'sin'
11.5644 	EXP 	grating: tex = 'sin'
11.5978 	EXP 	grating: tex = 'sin'
11.6310 	EXP 	grating: tex = 'sin'
11.6645 	EXP 	grating: tex = 'sin'
11.6978 	EXP 	grating: tex = 'sin'
11.7311 	EXP 	grating: tex = 'sin'
11.7645 	EXP 	grating: tex = 'sin'
11.7976 	EXP 	grating: tex = 'sin'
11.8312 	EXP 	grating: tex = 'sin'
11.8647 	EXP 	grating: tex = 'sin'
11.8979 	EXP 	grating: tex = 'sin'
11.9311 	EXP 	grating: tex = 'sin'
11.9646 	EXP 	grating: tex = 'sin'
11.9978 	EXP 	grating: tex = 'sin'
12.0313 	EXP 	grating: tex = 'sin'
12.0645 	EXP 	grating: tex = 'sin'
12.0987 	EXP 	grating: tex = 'sin'
12.1312 	EXP 	grating: tex = 'sin'
12.1644 	EXP 	grating: tex = 'sin'
12.1979 	EXP 	grating: tex = 'sin'
12.2318 	EXP 	grating: tex = 'sin'
12.2646 	EXP 	grating: tex = 'sin'
12.2980 	EXP 	grating: tex = 'sin'
12.3148 	EXP 	grating: autoDraw = True
12.3148 	EXP 	mask_grating: autoDraw = True
12.3148 	EXP 	mask_grating: tex = 'sin'
12.3314 	EXP 	grating: tex = 'sin'
12.3647 	EXP 	grating: tex = 'sin'
12.3979 	EXP 	grating: tex = 'sin'
12.4313 	EXP 	grating: tex = 'sin'
12.4645 	EXP 	grating: tex = 'sin'
12.4981 	EXP 	grating: tex = 'sin'
12.5313 	EXP 	grating: tex = 'sin'
12.5648 	EXP 	grating: tex = 'sin'
12.5982 	EXP 	grating: tex = 'sin'
12.6315 	EXP 	grating: tex = 'sin'
12.6651 	EXP 	grating: tex = 'sin'
12.6979 	EXP 	grating: tex = 'sin'
12.7314 	EXP 	grating: tex = 'sin'
12.7647 	EXP 	grating: tex = 'sin'
12.7981 	EXP 	grating: tex = 'sin'
12.8315 	EXP 	grating: tex = 'sin'
12.8649 	EXP 	grating: tex = 'sin'
12.8982 	EXP 	grating: tex = 'sin'
12.9315 	EXP 	grating: tex = 'sin'
12.9648 	EXP 	grating: tex = 'sin'
12.9982 	EXP 	grating: tex = 'sin'
13.0316 	EXP 	grating: tex = 'sin'
13.0649 	EXP 	grating: tex = 'sin'
13.0990 	EXP 	grating: tex = 'sin'
13.1317 	EXP 	grating: tex = 'sin'
13.1648 	EXP 	grating: tex = 'sin'
13.1984 	EXP 	grating: tex = 'sin'
13.2317 	EXP 	grating: tex = 'sin'
13.2651 	EXP 	grating: tex = 'sin'
13.2983 	EXP 	grating: tex = 'sin'
13.3316 	EXP 	grating: tex = 'sin'
13.3649 	EXP 	grating: tex = 'sin'
13.3984 	EXP 	grating: tex = 'sin'
13.4316 	EXP 	grating: tex = 'sin'
13.4651 	EXP 	grating: tex = 'sin'
13.4984 	EXP 	grating: tex = 'sin'
13.5316 	EXP 	grating: tex = 'sin'
13.5651 	EXP 	grating: tex = 'sin'
13.5985 	EXP 	grating: tex = 'sin'
13.6317 	EXP 	grating: tex = 'sin'
13.6651 	EXP 	grating: tex = 'sin'
13.6984 	EXP 	grating: tex = 'sin'
13.7317 	EXP 	grating: tex = 'sin'
13.7656 	EXP 	grating: tex = 'sin'
13.7989 	EXP 	grating: tex = 'sin'
13.8318 	EXP 	grating: tex = 'sin'
13.8651 	EXP 	grating: tex = 'sin'
13.8985 	EXP 	grating: tex = 'sin'
13.9318 	EXP 	grating: tex = 'sin'
13.9653 	EXP 	grating: tex = 'sin'
13.9987 	EXP 	grating: tex = 'sin'
14.0319 	EXP 	grating: tex = 'sin'
14.0654 	EXP 	grating: tex = 'sin'
14.0984 	EXP 	grating: tex = 'sin'
14.1321 	EXP 	grating: tex = 'sin'
14.1650 	EXP 	grating: tex = 'sin'
14.1986 	EXP 	grating: tex = 'sin'
14.2320 	EXP 	grating: tex = 'sin'
14.2653 	EXP 	grating: tex = 'sin'
14.2986 	EXP 	grating: tex = 'sin'
14.3324 	EXP 	grating: autoDraw = False
14.3324 	EXP 	mask_grating: autoDraw = False
14.4483 	EXP 	window1: mouseVisible = True
