1.5497 	WARNING 	We strongly recommend you activate the PTB sound engine in PsychoPy prefs as the preferred audio engine. Its timing is vastly superior. Your prefs are currently set to use ['sounddevice', 'PTB', 'pyo', 'pygame'] (in that order).
12.3327 	WARNING 	User requested fullscreen with size [1680 1050], but screen is actually [1920, 1080]. Using actual size
12.9804 	EXP 	Created window1 = Window(allowGUI=False, allowStencil=False, autoLog=True, backendConf=UNKNOWN, bitsMode=UNKNOWN, blendMode='avg', bpc=(8, 8, 8), color=array([0, 0, 0]), colorSpace='rgb', depthBits=8, fullscr=<method-wrapper '__getattribute__' of attributeSetter object at 0x00000265D2646580>, gamma=None, gammaErrorPolicy='raise', lms=UNKNOWN, monitor=<psychopy.monitors.calibTools.Monitor object at 0x00000265D2AB1E80>, multiSample=False, name='window1', numSamples=2, pos=(0, 0), screen=0, size=array([1920, 1080]), stencilBits=0, stereo=False, units='deg', useFBO=True, useRetina=False, viewOri=0.0, viewPos=None, viewScale=None, waitBlanking=True, winType='pyglet')
12.9807 	EXP 	window1: mouseVisible = True
12.9807 	EXP 	window1: Attempting to measure frame rate of screen (0) ...
12.9807 	EXP 	window1: recordFrameIntervals = False
13.1466 	EXP 	window1: recordFrameIntervals = True
13.3302 	EXP 	Screen (0) actual frame rate measured at 59.97Hz
13.3303 	EXP 	window1: recordFrameIntervals = False
15.4262 	EXP 	Created Instrucciones1 = TextStim(__class__=<class 'psychopy.visual.text.TextStim'>, alignHoriz=method-wrapper(...), alignText='center', alignVert=method-wrapper(...), anchorHoriz='center', anchorVert='center', antialias=True, autoLog=True, bold=False, color=array([-1., -1., -1.]), colorSpace='rgb', contrast=1.0, depth=0.0, flipHoriz=False, flipVert=False, font='Open Sans', fontFiles=[], height=0.05, italic=False, languageStyle='LTR', name='Instrucciones1', opacity=1.0, ori=0.0, pos=array([0., 0.]), rgb=UNKNOWN, text=str(...), units='height', win=Window(...), wrapWidth=1)
15.4334 	EXP 	Created Instrucciones2 = TextStim(__class__=<class 'psychopy.visual.text.TextStim'>, alignHoriz=method-wrapper(...), alignText='center', alignVert=method-wrapper(...), anchorHoriz='center', anchorVert='center', antialias=True, autoLog=True, bold=False, color=array([-1., -1., -1.]), colorSpace='rgb', contrast=1.0, depth=-2.0, flipHoriz=False, flipVert=False, font='Open Sans', fontFiles=[], height=0.05, italic=False, languageStyle='LTR', name='Instrucciones2', opacity=1.0, ori=0.0, pos=array([0., 0.]), rgb=UNKNOWN, text=str(...), units='height', win=Window(...), wrapWidth=1)
15.4474 	EXP 	Created Instrucciones3 = TextStim(__class__=<class 'psychopy.visual.text.TextStim'>, alignHoriz=method-wrapper(...), alignText='center', alignVert=method-wrapper(...), anchorHoriz='center', anchorVert='center', antialias=True, autoLog=True, bold=False, color=array([-1., -1., -1.]), colorSpace='rgb', contrast=1.0, depth=-4.0, flipHoriz=False, flipVert=False, font='Arial', fontFiles=[], height=0.05, italic=False, languageStyle='LTR', name='Instrucciones3', opacity=1.0, ori=0.0, pos=array([0., 0.]), rgb=UNKNOWN, text=str(...), units='height', win=Window(...), wrapWidth=1)
15.4578 	EXP 	Created instrucciones4 = TextStim(__class__=<class 'psychopy.visual.text.TextStim'>, alignHoriz=method-wrapper(...), alignText='center', alignVert=method-wrapper(...), anchorHoriz='center', anchorVert='center', antialias=True, autoLog=True, bold=False, color=array([-1., -1., -1.]), colorSpace='rgb', contrast=1.0, depth=-6.0, flipHoriz=False, flipVert=False, font='Arial', fontFiles=[], height=0.05, italic=False, languageStyle='LTR', name='instrucciones4', opacity=1.0, ori=0.0, pos=array([0., 0.]), rgb=UNKNOWN, text=str(...), units='height', win=Window(...), wrapWidth=1)
15.4638 	EXP 	Created Instrucciones5 = TextStim(__class__=<class 'psychopy.visual.text.TextStim'>, alignHoriz=method-wrapper(...), alignText='center', alignVert=method-wrapper(...), anchorHoriz='center', anchorVert='center', antialias=True, autoLog=True, bold=False, color=array([1., 1., 1.]), colorSpace='rgb', contrast=1.0, depth=-8.0, flipHoriz=False, flipVert=False, font='Open Sans', fontFiles=[], height=0.05, italic=False, languageStyle='LTR', name='Instrucciones5', opacity=1.0, ori=0.0, pos=array([0., 0.]), rgb=UNKNOWN, text='Vamos a hacer uno de prueba!', units='height', win=Window(...), wrapWidth=1)
15.4680 	EXP 	Created GratingPrueba = GratingStim(__class__=<class 'psychopy.visual.grating.GratingStim'>, anchor='center', autoDraw=False, autoLog=True, blendmode='avg', color=array([1., 1., 1.]), colorSpace='rgb', contrast=1.0, depth=-1.0, interpolate=True, mask='circle', maskParams=None, name='GratingPrueba', opacity=1.0, ori=1.0, phase=array([0., 0.]), pos=array([0., 0.]), rgbPedestal=array([0., 0., 0.]), sf=array([1., 1.]), size=array([200., 200.]), tex='sin', texRes=128, units='pix', win=Window(...))
15.4696 	EXP 	Created FeedbackPrueb = TextStim(__class__=<class 'psychopy.visual.text.TextStim'>, alignHoriz=method-wrapper(...), alignText='center', alignVert=method-wrapper(...), anchorHoriz='center', anchorVert='center', antialias=True, autoLog=True, bold=False, color=array([1., 1., 1.]), colorSpace='rgb', contrast=1.0, depth=0.0, flipHoriz=False, flipVert=False, font='Open Sans', fontFiles=[], height=0.1, italic=False, languageStyle='LTR', name='FeedbackPrueb', opacity=1.0, ori=0.0, pos=array([0., 0.]), rgb=UNKNOWN, text='', units='height', win=Window(...), wrapWidth=1)
15.4870 	EXP 	Created ComienzoTexto = TextStim(__class__=<class 'psychopy.visual.text.TextStim'>, alignHoriz=method-wrapper(...), alignText='center', alignVert=method-wrapper(...), anchorHoriz='center', anchorVert='center', antialias=True, autoLog=True, bold=False, color=array([-1., -1., -1.]), colorSpace='rgb', contrast=1.0, depth=0.0, flipHoriz=False, flipVert=False, font='Open Sans', fontFiles=[], height=0.05, italic=False, languageStyle='LTR', name='ComienzoTexto', opacity=1.0, ori=0.0, pos=array([0., 0.]), rgb=UNKNOWN, text=str(...), units='height', win=Window(...), wrapWidth=1)
15.4910 	EXP 	Created grating2 = GratingStim(__class__=<class 'psychopy.visual.grating.GratingStim'>, anchor='center', autoDraw=False, autoLog=True, blendmode='avg', color=array([1., 1., 1.]), colorSpace='rgb', contrast=1.0, depth=0.0, interpolate=True, mask='circle', maskParams=None, name='grating2', opacity=1.0, ori=1.0, phase=array([0., 0.]), pos=array([0., 0.]), rgbPedestal=array([0., 0., 0.]), sf=array([1., 1.]), size=array([200., 200.]), tex='sin', texRes=128, units='pix', win=Window(...))
15.4922 	EXP 	Created feedback_2 = TextStim(__class__=<class 'psychopy.visual.text.TextStim'>, alignHoriz=method-wrapper(...), alignText='center', alignVert=method-wrapper(...), anchorHoriz='center', anchorVert='center', antialias=True, autoLog=True, bold=False, color=array([1., 1., 1.]), colorSpace='rgb', contrast=1.0, depth=-1.0, flipHoriz=False, flipVert=False, font='Open Sans', fontFiles=[], height=0.1, italic=False, languageStyle='LTR', name='feedback_2', opacity=1.0, ori=0.0, pos=array([0., 0.]), rgb=UNKNOWN, text='', units='height', win=Window(...), wrapWidth=1)
15.5053 	EXP 	Created Gracias = TextStim(__class__=<class 'psychopy.visual.text.TextStim'>, alignHoriz=method-wrapper(...), alignText='center', alignVert=method-wrapper(...), anchorHoriz='center', anchorVert='center', antialias=True, autoLog=True, bold=False, color=array([1., 1., 1.]), colorSpace='rgb', contrast=1.0, depth=0.0, flipHoriz=False, flipVert=False, font='Open Sans', fontFiles=[], height=0.1, italic=False, languageStyle='LTR', name='Gracias', opacity=1.0, ori=0.0, pos=array([0., 0.]), rgb=UNKNOWN, text='¡Muchas gracias por participar!', units='height', win=Window(...), wrapWidth=1)
15.5075 	EXP 	Created image = ImageStim(__class__=<class 'psychopy.visual.image.ImageStim'>, anchor=('center', 'center'), autoLog=True, color=array([1., 1., 1.]), colorSpace='rgb', contrast=1.0, depth=-1.0, flipHoriz=False, flipVert=False, image=None, interpolate=True, mask=None, maskParams=None, name='image', opacity=1.0, ori=0.0, pos=array([0., 0.]), size=array([0.5, 0.5]), texRes=128.0, units='deg', win=Window(...))
16.4980 	EXP 	Instrucciones1: autoDraw = True
18.0007 	DATA 	Keypress: space
18.0152 	EXP 	Instrucciones1: autoDraw = False
18.0152 	EXP 	Instrucciones2: autoDraw = True
18.4505 	DATA 	Keypress: space
18.9680 	DATA 	Keypress: space
18.9818 	EXP 	Instrucciones2: autoDraw = False
18.9818 	EXP 	Instrucciones3: autoDraw = True
19.4840 	DATA 	Keypress: space
20.0683 	DATA 	Keypress: space
20.0823 	EXP 	Instrucciones3: autoDraw = False
20.0823 	EXP 	instrucciones4: autoDraw = True
20.6347 	DATA 	Keypress: space
21.2021 	DATA 	Keypress: space
21.2160 	EXP 	instrucciones4: autoDraw = False
21.2160 	EXP 	Instrucciones5: autoDraw = True
21.9679 	DATA 	Keypress: space
22.3684 	DATA 	Keypress: space
25.2081 	EXP 	Imported ParametrosAyBtest.xlsx as conditions, 9 conditions, 6 params
25.2086 	EXP 	Created sequence: sequential, trialTypes=9, nReps=1, seed=None
25.2089 	EXP 	New trial (rep=0, index=0): {'Frecuencia': 5.75266988645415, 'Orientaciondecimales': 0.981868948378523, 'Categoria': 'A', 'Orientacion': 98.18689483785231, 'FrecuenciaEspacial': 0.02876334943227075, 'tecla': 'left'}
25.2193 	EXP 	Instrucciones5: autoDraw = False
25.2193 	EXP 	Instrucciones1: autoDraw = False
25.2193 	EXP 	Instrucciones2: autoDraw = False
25.2193 	EXP 	Instrucciones3: autoDraw = False
25.2193 	EXP 	instrucciones4: autoDraw = False
25.2193 	EXP 	Instrucciones5: autoDraw = False
25.2193 	EXP 	GratingPrueba: ori = 98.18689483785231
25.2193 	EXP 	GratingPrueba: sf = array([0.02876335, 0.02876335])
25.3006 	EXP 	GratingPrueba: autoDraw = True
25.3006 	EXP 	GratingPrueba: tex = 'sin'
27.1538 	DATA 	Keypress: left
27.1677 	EXP 	GratingPrueba: autoDraw = False
27.1677 	EXP 	FeedbackPrueb: text = ''
27.1677 	EXP 	FeedbackPrueb: autoDraw = True
27.1677 	EXP 	FeedbackPrueb: height = 0.1
27.1677 	EXP 	FeedbackPrueb: height = 0.1
27.1677 	EXP 	FeedbackPrueb: text = ''
28.1521 	EXP 	New trial (rep=0, index=1): {'Frecuencia': 5.63503896122014, 'Orientaciondecimales': 0.942857344714462, 'Categoria': 'A', 'Orientacion': 94.2857344714462, 'FrecuenciaEspacial': 0.028175194806100697, 'tecla': 'left'}
28.1681 	EXP 	FeedbackPrueb: autoDraw = False
28.1681 	EXP 	FeedbackPrueb: autoDraw = False
28.1681 	EXP 	GratingPrueba: ori = 94.2857344714462
28.1681 	EXP 	GratingPrueba: sf = array([0.02817519, 0.02817519])
28.2515 	EXP 	GratingPrueba: autoDraw = True
28.7411 	DATA 	Keypress: left
28.7516 	EXP 	GratingPrueba: autoDraw = False
28.7516 	EXP 	FeedbackPrueb: height = 0.1
28.7516 	EXP 	FeedbackPrueb: height = 0.1
28.7516 	EXP 	FeedbackPrueb: text = '!Correcto!'
28.7516 	EXP 	FeedbackPrueb: autoDraw = True
29.7360 	EXP 	New trial (rep=0, index=2): {'Frecuencia': 5.75349902682942, 'Orientaciondecimales': 0.976843040460124, 'Categoria': 'A', 'Orientacion': 97.6843040460124, 'FrecuenciaEspacial': 0.0287674951341471, 'tecla': 'left'}
29.7517 	EXP 	FeedbackPrueb: autoDraw = False
29.7517 	EXP 	FeedbackPrueb: autoDraw = False
29.7517 	EXP 	GratingPrueba: ori = 97.6843040460124
29.7517 	EXP 	GratingPrueba: sf = array([0.0287675, 0.0287675])
29.8350 	EXP 	GratingPrueba: autoDraw = True
30.5046 	DATA 	Keypress: left
30.5184 	EXP 	GratingPrueba: autoDraw = False
30.5184 	EXP 	FeedbackPrueb: text = '!Correcto!'
30.5184 	EXP 	FeedbackPrueb: autoDraw = True
31.5031 	EXP 	New trial (rep=0, index=3): {'Frecuencia': 6.76753116765003, 'Orientaciondecimales': 0.60647052076609, 'Categoria': 'B', 'Orientacion': 60.647052076609, 'FrecuenciaEspacial': 0.03383765583825015, 'tecla': 'right'}
31.5191 	EXP 	FeedbackPrueb: autoDraw = False
31.5191 	EXP 	FeedbackPrueb: autoDraw = False
31.5191 	EXP 	GratingPrueba: ori = 60.647052076609
31.5191 	EXP 	GratingPrueba: sf = array([0.03383766, 0.03383766])
31.6023 	EXP 	GratingPrueba: autoDraw = True
33.6384 	DATA 	Keypress: right
33.6530 	EXP 	GratingPrueba: autoDraw = False
33.6530 	EXP 	FeedbackPrueb: text = '!Correcto!'
33.6530 	EXP 	FeedbackPrueb: autoDraw = True
34.6375 	EXP 	New trial (rep=0, index=4): {'Frecuencia': 5.64036966612441, 'Orientaciondecimales': 0.946219449854496, 'Categoria': 'A', 'Orientacion': 94.6219449854496, 'FrecuenciaEspacial': 0.02820184833062205, 'tecla': 'left'}
34.6535 	EXP 	FeedbackPrueb: autoDraw = False
34.6535 	EXP 	FeedbackPrueb: autoDraw = False
34.6535 	EXP 	GratingPrueba: ori = 94.6219449854496
34.6535 	EXP 	GratingPrueba: sf = array([0.02820185, 0.02820185])
34.7370 	EXP 	GratingPrueba: autoDraw = True
35.5392 	DATA 	Keypress: left
35.5538 	EXP 	GratingPrueba: autoDraw = False
35.5538 	EXP 	FeedbackPrueb: text = '!Correcto!'
35.5538 	EXP 	FeedbackPrueb: autoDraw = True
36.5381 	EXP 	New trial (rep=0, index=5): {'Frecuencia': 5.76793716427588, 'Orientaciondecimales': 0.991949304766192, 'Categoria': 'A', 'Orientacion': 99.1949304766192, 'FrecuenciaEspacial': 0.0288396858213794, 'tecla': 'left'}
36.5541 	EXP 	FeedbackPrueb: autoDraw = False
36.5541 	EXP 	FeedbackPrueb: autoDraw = False
36.5541 	EXP 	GratingPrueba: ori = 99.1949304766192
36.5541 	EXP 	GratingPrueba: sf = array([0.02883969, 0.02883969])
36.6374 	EXP 	GratingPrueba: autoDraw = True
37.0567 	DATA 	Keypress: left
37.0705 	EXP 	GratingPrueba: autoDraw = False
37.0705 	EXP 	FeedbackPrueb: text = '!Correcto!'
37.0705 	EXP 	FeedbackPrueb: autoDraw = True
38.0551 	EXP 	New trial (rep=0, index=6): {'Frecuencia': 5.7434200716108, 'Orientaciondecimales': 0.977895959734118, 'Categoria': 'A', 'Orientacion': 97.7895959734118, 'FrecuenciaEspacial': 0.028717100358054002, 'tecla': 'left'}
38.0711 	EXP 	FeedbackPrueb: autoDraw = False
38.0711 	EXP 	FeedbackPrueb: autoDraw = False
38.0711 	EXP 	GratingPrueba: ori = 97.7895959734118
38.0711 	EXP 	GratingPrueba: sf = array([0.0287171, 0.0287171])
38.1546 	EXP 	GratingPrueba: autoDraw = True
38.6069 	DATA 	Keypress: right
38.6213 	EXP 	GratingPrueba: autoDraw = False
38.6213 	EXP 	FeedbackPrueb: text = '!Correcto!'
38.6213 	EXP 	FeedbackPrueb: autoDraw = True
39.6057 	EXP 	New trial (rep=0, index=7): {'Frecuencia': 5.7133165821624, 'Orientaciondecimales': 0.9663998844466, 'Categoria': 'A', 'Orientacion': 96.63998844465999, 'FrecuenciaEspacial': 0.028566582910812, 'tecla': 'left'}
39.6216 	EXP 	FeedbackPrueb: autoDraw = False
39.6216 	EXP 	FeedbackPrueb: autoDraw = False
39.6216 	EXP 	GratingPrueba: ori = 96.63998844465999
39.6216 	EXP 	GratingPrueba: sf = array([0.02856658, 0.02856658])
39.7049 	EXP 	GratingPrueba: autoDraw = True
40.6973 	DATA 	Keypress: right
40.7069 	EXP 	GratingPrueba: autoDraw = False
40.7069 	EXP 	FeedbackPrueb: height = 0.1
40.7069 	EXP 	FeedbackPrueb: height = 0.1
40.7069 	EXP 	FeedbackPrueb: text = 'Incorrecto'
40.7069 	EXP 	FeedbackPrueb: autoDraw = True
41.7063 	EXP 	New trial (rep=0, index=8): {'Frecuencia': 5.78340199446218, 'Orientaciondecimales': 0.990336450824386, 'Categoria': 'A', 'Orientacion': 99.03364508243861, 'FrecuenciaEspacial': 0.0289170099723109, 'tecla': 'left'}
41.7223 	EXP 	FeedbackPrueb: autoDraw = False
41.7223 	EXP 	FeedbackPrueb: autoDraw = False
41.7223 	EXP 	GratingPrueba: ori = 99.03364508243861
41.7223 	EXP 	GratingPrueba: sf = array([0.02891701, 0.02891701])
41.8056 	EXP 	GratingPrueba: autoDraw = True
42.4750 	DATA 	Keypress: right
42.4893 	EXP 	GratingPrueba: autoDraw = False
42.4893 	EXP 	FeedbackPrueb: text = 'Incorrecto'
42.4893 	EXP 	FeedbackPrueb: autoDraw = True
43.5018 	EXP 	FeedbackPrueb: autoDraw = False
43.5018 	EXP 	FeedbackPrueb: autoDraw = False
43.9899 	EXP 	ComienzoTexto: autoDraw = True
45.0143 	EXP 	Imported ParametrosAyB.xlsx as conditions, 151 conditions, 5 params
45.0173 	EXP 	Created sequence: sequential, trialTypes=151, nReps=1, seed=None
45.0176 	EXP 	New trial (rep=0, index=0): {'Frecuencia': 5.62357944791498, 'FrecuenciaEspacial': 0.0281178972395749, 'tecla': 'Left', 'Orientacion': 94.3698663452456, 'Categoria': 'A'}
45.0186 	DATA 	Keypress: space
45.0255 	EXP 	ComienzoTexto: autoDraw = False
45.0255 	EXP 	grating2: ori = 94.3698663452456
45.0255 	EXP 	grating2: sf = array([0.0281179, 0.0281179])
45.1227 	EXP 	grating2: autoDraw = True
45.1227 	EXP 	grating2: tex = 'sin'
47.1244 	DATA 	Keypress: left
48.1239 	EXP 	grating2: autoDraw = False
48.2075 	EXP 	grating2: autoDraw = False
48.2075 	EXP 	feedback_2: height = 0.1
48.2075 	EXP 	feedback_2: height = 0.1
48.2075 	EXP 	feedback_2: text = 'Segui intentando'
48.2075 	EXP 	feedback_2: autoDraw = True
49.1914 	EXP 	New trial (rep=0, index=1): {'Frecuencia': 5.69097957372747, 'FrecuenciaEspacial': 0.028454897868637353, 'tecla': 'Left', 'Orientacion': 96.07103723313219, 'Categoria': 'A'}
49.2074 	EXP 	feedback_2: autoDraw = False
49.2074 	EXP 	grating2: ori = 96.07103723313219
49.2074 	EXP 	grating2: sf = array([0.0284549, 0.0284549])
49.2909 	EXP 	grating2: autoDraw = True
49.8422 	DATA 	Keypress: left
52.2916 	EXP 	grating2: autoDraw = False
52.3917 	EXP 	grating2: autoDraw = False
52.3917 	EXP 	feedback_2: text = 'Segui intentando'
52.3917 	EXP 	feedback_2: autoDraw = True
53.3763 	EXP 	New trial (rep=0, index=2): {'Frecuencia': 5.70302277314696, 'FrecuenciaEspacial': 0.028515113865734798, 'tecla': 'Left', 'Orientacion': 96.9982272857429, 'Categoria': 'A'}
53.3919 	EXP 	feedback_2: autoDraw = False
53.3919 	EXP 	grating2: ori = 96.9982272857429
53.3919 	EXP 	grating2: sf = array([0.02851511, 0.02851511])
53.4753 	EXP 	grating2: autoDraw = True
54.2781 	DATA 	Keypress: right
55.7789 	DATA 	Keypress: escape
56.4552 	EXP 	window1: mouseVisible = True
