1.4913 	WARNING 	We strongly recommend you activate the PTB sound engine in PsychoPy prefs as the preferred audio engine. Its timing is vastly superior. Your prefs are currently set to use ['sounddevice', 'PTB', 'pyo', 'pygame'] (in that order).
12.3826 	WARNING 	User requested fullscreen with size [1680 1050], but screen is actually [1920, 1080]. Using actual size
13.0298 	EXP 	Created window1 = Window(allowGUI=False, allowStencil=False, autoLog=True, backendConf=UNKNOWN, bitsMode=UNKNOWN, blendMode='avg', bpc=(8, 8, 8), color=array([0, 0, 0]), colorSpace='rgb', depthBits=8, fullscr=<method-wrapper '__getattribute__' of attributeSetter object at 0x000001AE5A253820>, gamma=None, gammaErrorPolicy='raise', lms=UNKNOWN, monitor=<psychopy.monitors.calibTools.Monitor object at 0x000001AE5A177760>, multiSample=False, name='window1', numSamples=2, pos=(0, 0), screen=0, size=array([1920, 1080]), stencilBits=0, stereo=False, units='deg', useFBO=True, useRetina=False, viewOri=0.0, viewPos=None, viewScale=None, waitBlanking=True, winType='pyglet')
13.0300 	EXP 	window1: mouseVisible = True
13.0300 	EXP 	window1: Attempting to measure frame rate of screen (0) ...
13.0300 	EXP 	window1: recordFrameIntervals = False
13.1959 	EXP 	window1: recordFrameIntervals = True
13.3795 	EXP 	Screen (0) actual frame rate measured at 59.94Hz
13.3795 	EXP 	window1: recordFrameIntervals = False
15.4751 	EXP 	Created Instrucciones1 = TextStim(__class__=<class 'psychopy.visual.text.TextStim'>, alignHoriz=method-wrapper(...), alignText='center', alignVert=method-wrapper(...), anchorHoriz='center', anchorVert='center', antialias=True, autoLog=True, bold=False, color=array([-1., -1., -1.]), colorSpace='rgb', contrast=1.0, depth=0.0, flipHoriz=False, flipVert=False, font='Open Sans', fontFiles=[], height=0.05, italic=False, languageStyle='LTR', name='Instrucciones1', opacity=1.0, ori=0.0, pos=array([0., 0.]), rgb=UNKNOWN, text=str(...), units='height', win=Window(...), wrapWidth=1)
15.4826 	EXP 	Created Instrucciones2 = TextStim(__class__=<class 'psychopy.visual.text.TextStim'>, alignHoriz=method-wrapper(...), alignText='center', alignVert=method-wrapper(...), anchorHoriz='center', anchorVert='center', antialias=True, autoLog=True, bold=False, color=array([-1., -1., -1.]), colorSpace='rgb', contrast=1.0, depth=-2.0, flipHoriz=False, flipVert=False, font='Open Sans', fontFiles=[], height=0.05, italic=False, languageStyle='LTR', name='Instrucciones2', opacity=1.0, ori=0.0, pos=array([0., 0.]), rgb=UNKNOWN, text=str(...), units='height', win=Window(...), wrapWidth=1)
15.4965 	EXP 	Created Instrucciones3 = TextStim(__class__=<class 'psychopy.visual.text.TextStim'>, alignHoriz=method-wrapper(...), alignText='center', alignVert=method-wrapper(...), anchorHoriz='center', anchorVert='center', antialias=True, autoLog=True, bold=False, color=array([-1., -1., -1.]), colorSpace='rgb', contrast=1.0, depth=-4.0, flipHoriz=False, flipVert=False, font='Arial', fontFiles=[], height=0.05, italic=False, languageStyle='LTR', name='Instrucciones3', opacity=1.0, ori=0.0, pos=array([0., 0.]), rgb=UNKNOWN, text=str(...), units='height', win=Window(...), wrapWidth=1)
15.5071 	EXP 	Created instrucciones4 = TextStim(__class__=<class 'psychopy.visual.text.TextStim'>, alignHoriz=method-wrapper(...), alignText='center', alignVert=method-wrapper(...), anchorHoriz='center', anchorVert='center', antialias=True, autoLog=True, bold=False, color=array([-1., -1., -1.]), colorSpace='rgb', contrast=1.0, depth=-6.0, flipHoriz=False, flipVert=False, font='Arial', fontFiles=[], height=0.05, italic=False, languageStyle='LTR', name='instrucciones4', opacity=1.0, ori=0.0, pos=array([0., 0.]), rgb=UNKNOWN, text=str(...), units='height', win=Window(...), wrapWidth=1)
15.5140 	EXP 	Created Instrucciones5 = TextStim(__class__=<class 'psychopy.visual.text.TextStim'>, alignHoriz=method-wrapper(...), alignText='center', alignVert=method-wrapper(...), anchorHoriz='center', anchorVert='center', antialias=True, autoLog=True, bold=False, color=array([1., 1., 1.]), colorSpace='rgb', contrast=1.0, depth=-8.0, flipHoriz=False, flipVert=False, font='Open Sans', fontFiles=[], height=0.05, italic=False, languageStyle='LTR', name='Instrucciones5', opacity=1.0, ori=0.0, pos=array([0., 0.]), rgb=UNKNOWN, text='Vamos a hacer uno de prueba!', units='height', win=Window(...), wrapWidth=1)
15.5190 	EXP 	Created GratingPrueba = GratingStim(__class__=<class 'psychopy.visual.grating.GratingStim'>, anchor='center', autoDraw=False, autoLog=True, blendmode='avg', color=array([1., 1., 1.]), colorSpace='rgb', contrast=1.0, depth=-1.0, interpolate=True, mask='circle', maskParams=None, name='GratingPrueba', opacity=1.0, ori=1.0, phase=array([0., 0.]), pos=array([0., 0.]), rgbPedestal=array([0., 0., 0.]), sf=array([1., 1.]), size=array([200., 200.]), tex='sin', texRes=128, units='pix', win=Window(...))
15.5208 	EXP 	Created FeedbackPrueb = TextStim(__class__=<class 'psychopy.visual.text.TextStim'>, alignHoriz=method-wrapper(...), alignText='center', alignVert=method-wrapper(...), anchorHoriz='center', anchorVert='center', antialias=True, autoLog=True, bold=False, color=array([1., 1., 1.]), colorSpace='rgb', contrast=1.0, depth=0.0, flipHoriz=False, flipVert=False, font='Open Sans', fontFiles=[], height=0.1, italic=False, languageStyle='LTR', name='FeedbackPrueb', opacity=1.0, ori=0.0, pos=array([0., 0.]), rgb=UNKNOWN, text='', units='height', win=Window(...), wrapWidth=1)
15.5398 	EXP 	Created ComienzoTexto = TextStim(__class__=<class 'psychopy.visual.text.TextStim'>, alignHoriz=method-wrapper(...), alignText='center', alignVert=method-wrapper(...), anchorHoriz='center', anchorVert='center', antialias=True, autoLog=True, bold=False, color=array([-1., -1., -1.]), colorSpace='rgb', contrast=1.0, depth=0.0, flipHoriz=False, flipVert=False, font='Open Sans', fontFiles=[], height=0.05, italic=False, languageStyle='LTR', name='ComienzoTexto', opacity=1.0, ori=0.0, pos=array([0., 0.]), rgb=UNKNOWN, text=str(...), units='height', win=Window(...), wrapWidth=1)
15.5437 	EXP 	Created grating2 = GratingStim(__class__=<class 'psychopy.visual.grating.GratingStim'>, anchor='center', autoDraw=False, autoLog=True, blendmode='avg', color=array([1., 1., 1.]), colorSpace='rgb', contrast=1.0, depth=0.0, interpolate=True, mask='circle', maskParams=None, name='grating2', opacity=1.0, ori=1.0, phase=array([0., 0.]), pos=array([0., 0.]), rgbPedestal=array([0., 0., 0.]), sf=array([1., 1.]), size=array([200., 200.]), tex='sin', texRes=128, units='pix', win=Window(...))
15.5449 	EXP 	Created feedback_2 = TextStim(__class__=<class 'psychopy.visual.text.TextStim'>, alignHoriz=method-wrapper(...), alignText='center', alignVert=method-wrapper(...), anchorHoriz='center', anchorVert='center', antialias=True, autoLog=True, bold=False, color=array([1., 1., 1.]), colorSpace='rgb', contrast=1.0, depth=-1.0, flipHoriz=False, flipVert=False, font='Open Sans', fontFiles=[], height=0.1, italic=False, languageStyle='LTR', name='feedback_2', opacity=1.0, ori=0.0, pos=array([0., 0.]), rgb=UNKNOWN, text='', units='height', win=Window(...), wrapWidth=1)
15.5585 	EXP 	Created Gracias = TextStim(__class__=<class 'psychopy.visual.text.TextStim'>, alignHoriz=method-wrapper(...), alignText='center', alignVert=method-wrapper(...), anchorHoriz='center', anchorVert='center', antialias=True, autoLog=True, bold=False, color=array([1., 1., 1.]), colorSpace='rgb', contrast=1.0, depth=0.0, flipHoriz=False, flipVert=False, font='Open Sans', fontFiles=[], height=0.1, italic=False, languageStyle='LTR', name='Gracias', opacity=1.0, ori=0.0, pos=array([0., 0.]), rgb=UNKNOWN, text='¡Muchas gracias por participar!', units='height', win=Window(...), wrapWidth=1)
15.5605 	EXP 	Created image = ImageStim(__class__=<class 'psychopy.visual.image.ImageStim'>, anchor=('center', 'center'), autoLog=True, color=array([1., 1., 1.]), colorSpace='rgb', contrast=1.0, depth=-1.0, flipHoriz=False, flipVert=False, image=None, interpolate=True, mask=None, maskParams=None, name='image', opacity=1.0, ori=0.0, pos=array([0., 0.]), size=array([0.5, 0.5]), texRes=128.0, units='deg', win=Window(...))
16.5639 	EXP 	Instrucciones1: autoDraw = True
17.8836 	DATA 	Keypress: space
17.8977 	EXP 	Instrucciones1: autoDraw = False
17.8977 	EXP 	Instrucciones2: autoDraw = True
18.1828 	DATA 	Keypress: space
18.4004 	DATA 	Keypress: space
18.4145 	EXP 	Instrucciones2: autoDraw = False
18.4145 	EXP 	Instrucciones3: autoDraw = True
18.6330 	DATA 	Keypress: space
18.8170 	DATA 	Keypress: space
18.8313 	EXP 	Instrucciones3: autoDraw = False
18.8313 	EXP 	instrucciones4: autoDraw = True
18.9999 	DATA 	Keypress: space
19.1844 	DATA 	Keypress: space
19.1981 	EXP 	instrucciones4: autoDraw = False
19.1981 	EXP 	Instrucciones5: autoDraw = True
19.3663 	DATA 	Keypress: space
19.7829 	DATA 	Keypress: space
23.1920 	EXP 	Imported ParametrosAyBtest.xlsx as conditions, 9 conditions, 6 params
23.1926 	EXP 	Created sequence: sequential, trialTypes=9, nReps=1, seed=None
23.1930 	EXP 	New trial (rep=0, index=0): {'Frecuencia': 5.75266988645415, 'Orientaciondecimales': 0.981868948378523, 'Categoria': 'A', 'Orientacion': 98.18689483785231, 'FrecuenciaEspacial': 0.02876334943227075, 'tecla': 'left'}
23.2013 	EXP 	Instrucciones5: autoDraw = False
23.2013 	EXP 	Instrucciones1: autoDraw = False
23.2013 	EXP 	Instrucciones2: autoDraw = False
23.2013 	EXP 	Instrucciones3: autoDraw = False
23.2013 	EXP 	instrucciones4: autoDraw = False
23.2013 	EXP 	Instrucciones5: autoDraw = False
23.2013 	EXP 	GratingPrueba: ori = 98.18689483785231
23.2013 	EXP 	GratingPrueba: sf = array([0.02876335, 0.02876335])
23.2994 	EXP 	GratingPrueba: autoDraw = True
23.2994 	EXP 	GratingPrueba: tex = 'sin'
24.8357 	DATA 	Keypress: left
24.8498 	EXP 	GratingPrueba: autoDraw = False
24.8498 	EXP 	FeedbackPrueb: text = ''
24.8498 	EXP 	FeedbackPrueb: autoDraw = True
24.8498 	EXP 	FeedbackPrueb: height = 0.1
24.8498 	EXP 	FeedbackPrueb: height = 0.1
24.8498 	EXP 	FeedbackPrueb: text = ''
25.8340 	EXP 	New trial (rep=0, index=1): {'Frecuencia': 5.63503896122014, 'Orientaciondecimales': 0.942857344714462, 'Categoria': 'A', 'Orientacion': 94.2857344714462, 'FrecuenciaEspacial': 0.028175194806100697, 'tecla': 'left'}
25.8501 	EXP 	FeedbackPrueb: autoDraw = False
25.8501 	EXP 	FeedbackPrueb: autoDraw = False
25.8501 	EXP 	GratingPrueba: ori = 94.2857344714462
25.8501 	EXP 	GratingPrueba: sf = array([0.02817519, 0.02817519])
25.9333 	EXP 	GratingPrueba: autoDraw = True
26.6227 	DATA 	Keypress: left
26.6336 	EXP 	GratingPrueba: autoDraw = False
26.6336 	EXP 	FeedbackPrueb: height = 0.1
26.6336 	EXP 	FeedbackPrueb: height = 0.1
26.6336 	EXP 	FeedbackPrueb: text = '!Correcto!'
26.6336 	EXP 	FeedbackPrueb: autoDraw = True
27.6178 	EXP 	New trial (rep=0, index=2): {'Frecuencia': 5.75349902682942, 'Orientaciondecimales': 0.976843040460124, 'Categoria': 'A', 'Orientacion': 97.6843040460124, 'FrecuenciaEspacial': 0.0287674951341471, 'tecla': 'left'}
27.6341 	EXP 	FeedbackPrueb: autoDraw = False
27.6341 	EXP 	FeedbackPrueb: autoDraw = False
27.6341 	EXP 	GratingPrueba: ori = 97.6843040460124
27.6341 	EXP 	GratingPrueba: sf = array([0.0287675, 0.0287675])
27.7172 	EXP 	GratingPrueba: autoDraw = True
28.6538 	DATA 	Keypress: left
28.6677 	EXP 	GratingPrueba: autoDraw = False
28.6677 	EXP 	FeedbackPrueb: text = '!Correcto!'
28.6677 	EXP 	FeedbackPrueb: autoDraw = True
29.6519 	EXP 	New trial (rep=0, index=3): {'Frecuencia': 6.76753116765003, 'Orientaciondecimales': 0.60647052076609, 'Categoria': 'B', 'Orientacion': 60.647052076609, 'FrecuenciaEspacial': 0.03383765583825015, 'tecla': 'right'}
29.6678 	EXP 	FeedbackPrueb: autoDraw = False
29.6678 	EXP 	FeedbackPrueb: autoDraw = False
29.6678 	EXP 	GratingPrueba: ori = 60.647052076609
29.6678 	EXP 	GratingPrueba: sf = array([0.03383766, 0.03383766])
29.7514 	EXP 	GratingPrueba: autoDraw = True
31.4707 	DATA 	Keypress: right
31.4851 	EXP 	GratingPrueba: autoDraw = False
31.4851 	EXP 	FeedbackPrueb: text = '!Correcto!'
31.4851 	EXP 	FeedbackPrueb: autoDraw = True
32.4696 	EXP 	New trial (rep=0, index=4): {'Frecuencia': 5.64036966612441, 'Orientaciondecimales': 0.946219449854496, 'Categoria': 'A', 'Orientacion': 94.6219449854496, 'FrecuenciaEspacial': 0.02820184833062205, 'tecla': 'left'}
32.4854 	EXP 	FeedbackPrueb: autoDraw = False
32.4854 	EXP 	FeedbackPrueb: autoDraw = False
32.4854 	EXP 	GratingPrueba: ori = 94.6219449854496
32.4854 	EXP 	GratingPrueba: sf = array([0.02820185, 0.02820185])
32.5690 	EXP 	GratingPrueba: autoDraw = True
33.3881 	DATA 	Keypress: left
33.4022 	EXP 	GratingPrueba: autoDraw = False
33.4022 	EXP 	FeedbackPrueb: text = '!Correcto!'
33.4022 	EXP 	FeedbackPrueb: autoDraw = True
34.3868 	EXP 	New trial (rep=0, index=5): {'Frecuencia': 5.76793716427588, 'Orientaciondecimales': 0.991949304766192, 'Categoria': 'A', 'Orientacion': 99.1949304766192, 'FrecuenciaEspacial': 0.0288396858213794, 'tecla': 'left'}
34.4028 	EXP 	FeedbackPrueb: autoDraw = False
34.4028 	EXP 	FeedbackPrueb: autoDraw = False
34.4028 	EXP 	GratingPrueba: ori = 99.1949304766192
34.4028 	EXP 	GratingPrueba: sf = array([0.02883969, 0.02883969])
34.4860 	EXP 	GratingPrueba: autoDraw = True
35.6218 	DATA 	Keypress: right
35.6364 	EXP 	GratingPrueba: autoDraw = False
35.6364 	EXP 	FeedbackPrueb: text = '!Correcto!'
35.6364 	EXP 	FeedbackPrueb: autoDraw = True
36.6212 	EXP 	New trial (rep=0, index=6): {'Frecuencia': 5.7434200716108, 'Orientaciondecimales': 0.977895959734118, 'Categoria': 'A', 'Orientacion': 97.7895959734118, 'FrecuenciaEspacial': 0.028717100358054002, 'tecla': 'left'}
36.6368 	EXP 	FeedbackPrueb: autoDraw = False
36.6368 	EXP 	FeedbackPrueb: autoDraw = False
36.6368 	EXP 	GratingPrueba: ori = 97.7895959734118
36.6368 	EXP 	GratingPrueba: sf = array([0.0287171, 0.0287171])
36.7204 	EXP 	GratingPrueba: autoDraw = True
37.9294 	DATA 	Keypress: right
37.9388 	EXP 	GratingPrueba: autoDraw = False
37.9388 	EXP 	FeedbackPrueb: height = 0.1
37.9388 	EXP 	FeedbackPrueb: height = 0.1
37.9388 	EXP 	FeedbackPrueb: text = 'Incorrecto'
37.9388 	EXP 	FeedbackPrueb: autoDraw = True
38.9382 	EXP 	New trial (rep=0, index=7): {'Frecuencia': 5.7133165821624, 'Orientaciondecimales': 0.9663998844466, 'Categoria': 'A', 'Orientacion': 96.63998844465999, 'FrecuenciaEspacial': 0.028566582910812, 'tecla': 'Left'}
38.9540 	EXP 	FeedbackPrueb: autoDraw = False
38.9540 	EXP 	FeedbackPrueb: autoDraw = False
38.9540 	EXP 	GratingPrueba: ori = 96.63998844465999
38.9540 	EXP 	GratingPrueba: sf = array([0.02856658, 0.02856658])
39.0376 	EXP 	GratingPrueba: autoDraw = True
39.6404 	DATA 	Keypress: right
39.6546 	EXP 	GratingPrueba: autoDraw = False
39.6546 	EXP 	FeedbackPrueb: text = 'Incorrecto'
39.6546 	EXP 	FeedbackPrueb: autoDraw = True
40.6387 	EXP 	New trial (rep=0, index=8): {'Frecuencia': 5.78340199446218, 'Orientaciondecimales': 0.990336450824386, 'Categoria': 'A', 'Orientacion': 99.03364508243861, 'FrecuenciaEspacial': 0.0289170099723109, 'tecla': 'left'}
40.6545 	EXP 	FeedbackPrueb: autoDraw = False
40.6545 	EXP 	FeedbackPrueb: autoDraw = False
40.6545 	EXP 	GratingPrueba: ori = 99.03364508243861
40.6545 	EXP 	GratingPrueba: sf = array([0.02891701, 0.02891701])
40.7379 	EXP 	GratingPrueba: autoDraw = True
41.2580 	DATA 	Keypress: right
41.2714 	EXP 	GratingPrueba: autoDraw = False
41.2714 	EXP 	FeedbackPrueb: text = 'Incorrecto'
41.2714 	EXP 	FeedbackPrueb: autoDraw = True
42.2853 	EXP 	FeedbackPrueb: autoDraw = False
42.2853 	EXP 	FeedbackPrueb: autoDraw = False
42.7721 	EXP 	ComienzoTexto: autoDraw = True
43.6972 	EXP 	Imported ParametrosAyB.xlsx as conditions, 151 conditions, 6 params
43.6992 	EXP 	Created sequence: sequential, trialTypes=151, nReps=1, seed=None
43.6995 	EXP 	New trial (rep=0, index=0): {'Frecuencia': 5.62357944791498, 'Orientaciondecimales': 0.943698663452456, 'Categoria': 'A', 'Orientacion': 94.3698663452456, 'FrecuenciaEspacial': 0.0281178972395749, 'tecla': 'Left'}
43.7004 	DATA 	Keypress: space
43.7080 	EXP 	ComienzoTexto: autoDraw = False
43.7080 	EXP 	grating2: ori = 94.3698663452456
43.7080 	EXP 	grating2: sf = array([0.0281179, 0.0281179])
43.8056 	EXP 	grating2: autoDraw = True
43.8056 	EXP 	grating2: tex = 'sin'
45.0074 	DATA 	Keypress: left
46.8068 	EXP 	grating2: autoDraw = False
46.9074 	EXP 	grating2: autoDraw = False
46.9074 	EXP 	feedback_2: height = 0.1
46.9074 	EXP 	feedback_2: height = 0.1
46.9074 	EXP 	feedback_2: text = 'Segui intentando'
46.9074 	EXP 	feedback_2: autoDraw = True
47.8741 	EXP 	New trial (rep=0, index=1): {'Frecuencia': 5.69097957372747, 'Orientaciondecimales': 0.960710372331322, 'Categoria': 'A', 'Orientacion': 96.07103723313219, 'FrecuenciaEspacial': 0.028454897868637353, 'tecla': 'Left'}
47.8903 	EXP 	feedback_2: autoDraw = False
47.8903 	EXP 	grating2: ori = 96.07103723313219
47.8903 	EXP 	grating2: sf = array([0.0284549, 0.0284549])
47.9735 	EXP 	grating2: autoDraw = True
48.7415 	DATA 	Keypress: left
50.9742 	EXP 	grating2: autoDraw = False
51.0738 	EXP 	grating2: autoDraw = False
51.0738 	EXP 	feedback_2: text = 'Segui intentando'
51.0738 	EXP 	feedback_2: autoDraw = True
52.0589 	EXP 	New trial (rep=0, index=2): {'Frecuencia': 5.70302277314696, 'Orientaciondecimales': 0.969982272857429, 'Categoria': 'A', 'Orientacion': 96.9982272857429, 'FrecuenciaEspacial': 0.028515113865734798, 'tecla': 'Left'}
52.0749 	EXP 	feedback_2: autoDraw = False
52.0749 	EXP 	feedback_2: autoDraw = False
52.0749 	EXP 	grating2: ori = 96.9982272857429
52.0749 	EXP 	grating2: sf = array([0.02851511, 0.02851511])
52.0758 	DATA 	Keypress: escape
52.1582 	EXP 	grating2: autoDraw = True
52.4922 	EXP 	window1: mouseVisible = True
