1.5720 	WARNING 	We strongly recommend you activate the PTB sound engine in PsychoPy prefs as the preferred audio engine. Its timing is vastly superior. Your prefs are currently set to use ['sounddevice', 'PTB', 'pyo', 'pygame'] (in that order).
13.6367 	WARNING 	User requested fullscreen with size [1680 1050], but screen is actually [1920, 1080]. Using actual size
14.2624 	EXP 	Created window1 = Window(allowGUI=False, allowStencil=False, autoLog=True, backendConf=UNKNOWN, bitsMode=UNKNOWN, blendMode='avg', bpc=(8, 8, 8), color=array([0, 0, 0]), colorSpace='rgb', depthBits=8, fullscr=<method-wrapper '__getattribute__' of attributeSetter object at 0x000001766C805AC0>, gamma=None, gammaErrorPolicy='raise', lms=UNKNOWN, monitor=<psychopy.monitors.calibTools.Monitor object at 0x000001766CA9BF10>, multiSample=False, name='window1', numSamples=2, pos=(0, 0), screen=0, size=array([1920, 1080]), stencilBits=0, stereo=False, units='deg', useFBO=True, useRetina=False, viewOri=0.0, viewPos=None, viewScale=None, waitBlanking=True, winType='pyglet')
14.2628 	EXP 	window1: mouseVisible = True
14.2628 	EXP 	window1: Attempting to measure frame rate of screen (0) ...
14.2629 	EXP 	window1: recordFrameIntervals = False
14.4282 	EXP 	window1: recordFrameIntervals = True
14.6115 	EXP 	Screen (0) actual frame rate measured at 60.04Hz
14.6116 	EXP 	window1: recordFrameIntervals = False
16.8034 	EXP 	Created Instrucciones1 = TextStim(__class__=<class 'psychopy.visual.text.TextStim'>, alignHoriz=method-wrapper(...), alignText='center', alignVert=method-wrapper(...), anchorHoriz='center', anchorVert='center', antialias=True, autoLog=True, bold=False, color=array([-1., -1., -1.]), colorSpace='rgb', contrast=1.0, depth=0.0, flipHoriz=False, flipVert=False, font='Open Sans', fontFiles=[], height=0.05, italic=False, languageStyle='LTR', name='Instrucciones1', opacity=1.0, ori=0.0, pos=array([0., 0.]), rgb=UNKNOWN, text=str(...), units='height', win=Window(...), wrapWidth=1)
16.8114 	EXP 	Created Instrucciones2 = TextStim(__class__=<class 'psychopy.visual.text.TextStim'>, alignHoriz=method-wrapper(...), alignText='center', alignVert=method-wrapper(...), anchorHoriz='center', anchorVert='center', antialias=True, autoLog=True, bold=False, color=array([-1., -1., -1.]), colorSpace='rgb', contrast=1.0, depth=-2.0, flipHoriz=False, flipVert=False, font='Open Sans', fontFiles=[], height=0.05, italic=False, languageStyle='LTR', name='Instrucciones2', opacity=1.0, ori=0.0, pos=array([0., 0.]), rgb=UNKNOWN, text=str(...), units='height', win=Window(...), wrapWidth=1)
16.8268 	EXP 	Created Instrucciones3 = TextStim(__class__=<class 'psychopy.visual.text.TextStim'>, alignHoriz=method-wrapper(...), alignText='center', alignVert=method-wrapper(...), anchorHoriz='center', anchorVert='center', antialias=True, autoLog=True, bold=False, color=array([-1., -1., -1.]), colorSpace='rgb', contrast=1.0, depth=-4.0, flipHoriz=False, flipVert=False, font='Arial', fontFiles=[], height=0.05, italic=False, languageStyle='LTR', name='Instrucciones3', opacity=1.0, ori=0.0, pos=array([0., 0.]), rgb=UNKNOWN, text=str(...), units='height', win=Window(...), wrapWidth=1)
16.8445 	EXP 	Created instrucciones4 = TextStim(__class__=<class 'psychopy.visual.text.TextStim'>, alignHoriz=method-wrapper(...), alignText='center', alignVert=method-wrapper(...), anchorHoriz='center', anchorVert='center', antialias=True, autoLog=True, bold=False, color=array([-1., -1., -1.]), colorSpace='rgb', contrast=1.0, depth=-6.0, flipHoriz=False, flipVert=False, font='Arial', fontFiles=[], height=0.05, italic=False, languageStyle='LTR', name='instrucciones4', opacity=1.0, ori=0.0, pos=array([0., 0.]), rgb=UNKNOWN, text=str(...), units='height', win=Window(...), wrapWidth=1)
16.8508 	EXP 	Created Instrucciones5 = TextStim(__class__=<class 'psychopy.visual.text.TextStim'>, alignHoriz=method-wrapper(...), alignText='center', alignVert=method-wrapper(...), anchorHoriz='center', anchorVert='center', antialias=True, autoLog=True, bold=False, color=array([1., 1., 1.]), colorSpace='rgb', contrast=1.0, depth=-8.0, flipHoriz=False, flipVert=False, font='Open Sans', fontFiles=[], height=0.05, italic=False, languageStyle='LTR', name='Instrucciones5', opacity=1.0, ori=0.0, pos=array([0., 0.]), rgb=UNKNOWN, text='¡Vamos a hacer uno de prueba!', units='height', win=Window(...), wrapWidth=1)
16.8558 	EXP 	Created GratingPrueba = GratingStim(__class__=<class 'psychopy.visual.grating.GratingStim'>, anchor='center', autoDraw=False, autoLog=True, blendmode='avg', color=array([1., 1., 1.]), colorSpace='rgb', contrast=1.0, depth=-1.0, interpolate=True, mask='circle', maskParams=None, name='GratingPrueba', opacity=1.0, ori=1.0, phase=array([0., 0.]), pos=array([0., 0.]), rgbPedestal=array([0., 0., 0.]), sf=array([1., 1.]), size=array([200., 200.]), tex='sin', texRes=128, units='pix', win=Window(...))
16.8574 	EXP 	Created FeedbackPrueb = TextStim(__class__=<class 'psychopy.visual.text.TextStim'>, alignHoriz=method-wrapper(...), alignText='center', alignVert=method-wrapper(...), anchorHoriz='center', anchorVert='center', antialias=True, autoLog=True, bold=False, color=array([1., 1., 1.]), colorSpace='rgb', contrast=1.0, depth=-1.0, flipHoriz=False, flipVert=False, font='Open Sans', fontFiles=[], height=0.1, italic=False, languageStyle='LTR', name='FeedbackPrueb', opacity=1.0, ori=0.0, pos=array([0., 0.]), rgb=UNKNOWN, text='', units='height', win=Window(...), wrapWidth=1)
16.8736 	EXP 	Created ComienzoTexto = TextStim(__class__=<class 'psychopy.visual.text.TextStim'>, alignHoriz=method-wrapper(...), alignText='center', alignVert=method-wrapper(...), anchorHoriz='center', anchorVert='center', antialias=True, autoLog=True, bold=False, color=array([-1., -1., -1.]), colorSpace='rgb', contrast=1.0, depth=0.0, flipHoriz=False, flipVert=False, font='Open Sans', fontFiles=[], height=0.05, italic=False, languageStyle='LTR', name='ComienzoTexto', opacity=1.0, ori=0.0, pos=array([0., 0.]), rgb=UNKNOWN, text=str(...), units='height', win=Window(...), wrapWidth=1)
16.8772 	EXP 	Created grating2 = GratingStim(__class__=<class 'psychopy.visual.grating.GratingStim'>, anchor='center', autoDraw=False, autoLog=True, blendmode='avg', color=array([1., 1., 1.]), colorSpace='rgb', contrast=1.0, depth=0.0, interpolate=True, mask='circle', maskParams=None, name='grating2', opacity=1.0, ori=1.0, phase=array([0., 0.]), pos=array([0., 0.]), rgbPedestal=array([0., 0., 0.]), sf=array([1., 1.]), size=array([200., 200.]), tex='sin', texRes=128, units='pix', win=Window(...))
16.8783 	EXP 	Created feedback_2 = TextStim(__class__=<class 'psychopy.visual.text.TextStim'>, alignHoriz=method-wrapper(...), alignText='center', alignVert=method-wrapper(...), anchorHoriz='center', anchorVert='center', antialias=True, autoLog=True, bold=False, color=array([1., 1., 1.]), colorSpace='rgb', contrast=1.0, depth=-1.0, flipHoriz=False, flipVert=False, font='Open Sans', fontFiles=[], height=0.1, italic=False, languageStyle='LTR', name='feedback_2', opacity=1.0, ori=0.0, pos=array([0., 0.]), rgb=UNKNOWN, text='', units='height', win=Window(...), wrapWidth=1)
16.8926 	EXP 	Created Gracias = TextStim(__class__=<class 'psychopy.visual.text.TextStim'>, alignHoriz=method-wrapper(...), alignText='center', alignVert=method-wrapper(...), anchorHoriz='center', anchorVert='center', antialias=True, autoLog=True, bold=False, color=array([1., 1., 1.]), colorSpace='rgb', contrast=1.0, depth=0.0, flipHoriz=False, flipVert=False, font='Open Sans', fontFiles=[], height=0.1, italic=False, languageStyle='LTR', name='Gracias', opacity=1.0, ori=0.0, pos=array([0., 0.]), rgb=UNKNOWN, text='¡Muchas gracias por participar!', units='height', win=Window(...), wrapWidth=1)
16.8946 	EXP 	Created image = ImageStim(__class__=<class 'psychopy.visual.image.ImageStim'>, anchor=('center', 'center'), autoLog=True, color=array([1., 1., 1.]), colorSpace='rgb', contrast=1.0, depth=-1.0, flipHoriz=False, flipVert=False, image=None, interpolate=True, mask=None, maskParams=None, name='image', opacity=1.0, ori=0.0, pos=array([0., 0.]), size=array([0.5, 0.5]), texRes=128.0, units='deg', win=Window(...))
17.8966 	EXP 	Instrucciones1: autoDraw = True
19.1327 	DATA 	Keypress: space
19.1478 	EXP 	Instrucciones1: autoDraw = False
19.1478 	EXP 	Instrucciones2: autoDraw = True
19.5500 	DATA 	Keypress: space
19.8500 	DATA 	Keypress: space
19.8636 	EXP 	Instrucciones2: autoDraw = False
19.8636 	EXP 	Instrucciones3: autoDraw = True
20.4998 	DATA 	Keypress: space
21.1157 	DATA 	Keypress: space
21.1474 	EXP 	Instrucciones3: autoDraw = False
21.1474 	EXP 	instrucciones4: autoDraw = True
21.9164 	DATA 	Keypress: space
22.5328 	DATA 	Keypress: space
23.3340 	DATA 	Keypress: space
23.3479 	EXP 	instrucciones4: autoDraw = False
23.3479 	EXP 	Instrucciones5: autoDraw = True
24.1334 	DATA 	Keypress: space
25.0348 	DATA 	Keypress: space
26.4507 	DATA 	Keypress: space
27.3398 	EXP 	Imported ParametrosPRUEBAintinfoTraining.xlsx as conditions, 10 conditions, 6 params
27.3402 	EXP 	Created sequence: sequential, trialTypes=10, nReps=1, seed=None
27.3405 	EXP 	New trial (rep=0, index=0): {'Frecuencia': 6.12015737910944, 'Orientaciondecimal': 0.960355341119567, 'Categoria': 'A', 'Tecla': 'left', 'FrecuenciaEspacial': 0.030600786895547197, 'Orientacion': 96.0355341119567}
27.3514 	EXP 	Instrucciones5: autoDraw = False
27.3514 	EXP 	Instrucciones1: autoDraw = False
27.3514 	EXP 	Instrucciones2: autoDraw = False
27.3514 	EXP 	Instrucciones3: autoDraw = False
27.3514 	EXP 	instrucciones4: autoDraw = False
27.3514 	EXP 	Instrucciones5: autoDraw = False
27.3514 	EXP 	GratingPrueba: ori = 96.0355341119567
27.3514 	EXP 	GratingPrueba: sf = array([0.03060079, 0.03060079])
27.4326 	EXP 	GratingPrueba: autoDraw = True
27.4326 	EXP 	GratingPrueba: tex = 'sin'
29.1290 	DATA 	Keypress: left
29.1366 	EXP 	GratingPrueba: autoDraw = False
29.1366 	EXP 	FeedbackPrueb: height = 0.1
29.1366 	EXP 	FeedbackPrueb: height = 0.1
29.1366 	EXP 	FeedbackPrueb: text = 'Correcto'
29.1366 	EXP 	FeedbackPrueb: autoDraw = True
30.1342 	EXP 	New trial (rep=0, index=1): {'Frecuencia': 5.80474231627537, 'Orientaciondecimal': 0.973560272222272, 'Categoria': 'B', 'Tecla': 'right', 'FrecuenciaEspacial': 0.029023711581376854, 'Orientacion': 97.3560272222272}
30.1497 	EXP 	FeedbackPrueb: autoDraw = False
30.1497 	EXP 	FeedbackPrueb: autoDraw = False
30.1497 	EXP 	GratingPrueba: ori = 97.3560272222272
30.1497 	EXP 	GratingPrueba: sf = array([0.02902371, 0.02902371])
30.2330 	EXP 	GratingPrueba: autoDraw = True
31.0283 	DATA 	Keypress: left
31.0360 	EXP 	GratingPrueba: autoDraw = False
31.0360 	EXP 	FeedbackPrueb: height = 0.1
31.0360 	EXP 	FeedbackPrueb: height = 0.1
31.0360 	EXP 	FeedbackPrueb: text = 'Segui intentando'
31.0360 	EXP 	FeedbackPrueb: autoDraw = True
32.0348 	EXP 	New trial (rep=0, index=2): {'Frecuencia': 5.72673654075559, 'Orientaciondecimal': 0.957490584769043, 'Categoria': 'B', 'Tecla': 'right', 'FrecuenciaEspacial': 0.028633682703777953, 'Orientacion': 95.74905847690431}
32.0504 	EXP 	FeedbackPrueb: autoDraw = False
32.0504 	EXP 	FeedbackPrueb: autoDraw = False
32.0504 	EXP 	GratingPrueba: ori = 95.74905847690431
32.0504 	EXP 	GratingPrueba: sf = array([0.02863368, 0.02863368])
32.1336 	EXP 	GratingPrueba: autoDraw = True
32.9897 	DATA 	Keypress: right
33.0008 	EXP 	GratingPrueba: autoDraw = False
33.0008 	EXP 	FeedbackPrueb: height = 0.1
33.0008 	EXP 	FeedbackPrueb: height = 0.1
33.0008 	EXP 	FeedbackPrueb: text = 'Correcto'
33.0008 	EXP 	FeedbackPrueb: autoDraw = True
33.9858 	EXP 	New trial (rep=0, index=3): {'Frecuencia': 6.08635969142881, 'Orientaciondecimal': 0.950826717019596, 'Categoria': 'A', 'Tecla': 'left', 'FrecuenciaEspacial': 0.03043179845714405, 'Orientacion': 95.0826717019596}
34.0014 	EXP 	FeedbackPrueb: autoDraw = False
34.0014 	EXP 	FeedbackPrueb: autoDraw = False
34.0014 	EXP 	GratingPrueba: ori = 95.0826717019596
34.0014 	EXP 	GratingPrueba: sf = array([0.0304318, 0.0304318])
34.0846 	EXP 	GratingPrueba: autoDraw = True
35.0902 	DATA 	Keypress: left
35.1011 	EXP 	GratingPrueba: autoDraw = False
35.1011 	EXP 	FeedbackPrueb: text = 'Correcto'
35.1011 	EXP 	FeedbackPrueb: autoDraw = True
36.0855 	EXP 	New trial (rep=0, index=4): {'Frecuencia': 6.18055084207957, 'Orientaciondecimal': 0.975046060904673, 'Categoria': 'A', 'Tecla': 'left', 'FrecuenciaEspacial': 0.03090275421039785, 'Orientacion': 97.5046060904673}
36.1016 	EXP 	FeedbackPrueb: autoDraw = False
36.1016 	EXP 	FeedbackPrueb: autoDraw = False
36.1016 	EXP 	GratingPrueba: ori = 97.5046060904673
36.1016 	EXP 	GratingPrueba: sf = array([0.03090275, 0.03090275])
36.1850 	EXP 	GratingPrueba: autoDraw = True
37.3714 	DATA 	Keypress: left
37.3853 	EXP 	GratingPrueba: autoDraw = False
37.3853 	EXP 	FeedbackPrueb: text = 'Correcto'
37.3853 	EXP 	FeedbackPrueb: autoDraw = True
38.3700 	EXP 	New trial (rep=0, index=5): {'Frecuencia': 5.73387135997741, 'Orientaciondecimal': 0.963799584746463, 'Categoria': 'B', 'Tecla': 'right', 'FrecuenciaEspacial': 0.028669356799887052, 'Orientacion': 96.3799584746463}
38.3862 	EXP 	FeedbackPrueb: autoDraw = False
38.3862 	EXP 	FeedbackPrueb: autoDraw = False
38.3862 	EXP 	GratingPrueba: ori = 96.3799584746463
38.3862 	EXP 	GratingPrueba: sf = array([0.02866936, 0.02866936])
38.4695 	EXP 	GratingPrueba: autoDraw = True
39.2410 	DATA 	Keypress: right
39.2529 	EXP 	GratingPrueba: autoDraw = False
39.2529 	EXP 	FeedbackPrueb: text = 'Correcto'
39.2529 	EXP 	FeedbackPrueb: autoDraw = True
40.2379 	EXP 	New trial (rep=0, index=6): {'Frecuencia': 5.71342981255569, 'Orientaciondecimal': 0.951064757265215, 'Categoria': 'B', 'Tecla': 'right', 'FrecuenciaEspacial': 0.02856714906277845, 'Orientacion': 95.1064757265215}
40.2530 	EXP 	FeedbackPrueb: autoDraw = False
40.2530 	EXP 	FeedbackPrueb: autoDraw = False
40.2530 	EXP 	GratingPrueba: ori = 95.1064757265215
40.2530 	EXP 	GratingPrueba: sf = array([0.02856715, 0.02856715])
40.3364 	EXP 	GratingPrueba: autoDraw = True
41.0061 	DATA 	Keypress: right
41.0203 	EXP 	GratingPrueba: autoDraw = False
41.0203 	EXP 	FeedbackPrueb: text = 'Correcto'
41.0203 	EXP 	FeedbackPrueb: autoDraw = True
42.0046 	EXP 	New trial (rep=0, index=7): {'Frecuencia': 6.14443638308499, 'Orientaciondecimal': 0.962063258139216, 'Categoria': 'A', 'Tecla': 'left', 'FrecuenciaEspacial': 0.030722181915424952, 'Orientacion': 96.2063258139216}
42.0206 	EXP 	FeedbackPrueb: autoDraw = False
42.0206 	EXP 	FeedbackPrueb: autoDraw = False
42.0206 	EXP 	GratingPrueba: ori = 96.2063258139216
42.0206 	EXP 	GratingPrueba: sf = array([0.03072218, 0.03072218])
42.1037 	EXP 	GratingPrueba: autoDraw = True
43.0734 	DATA 	Keypress: left
43.0874 	EXP 	GratingPrueba: autoDraw = False
43.0874 	EXP 	FeedbackPrueb: text = 'Correcto'
43.0874 	EXP 	FeedbackPrueb: autoDraw = True
44.0719 	EXP 	New trial (rep=0, index=8): {'Frecuencia': 6.07046245632115, 'Orientaciondecimal': 0.936864268762146, 'Categoria': 'A', 'Tecla': 'left', 'FrecuenciaEspacial': 0.03035231228160575, 'Orientacion': 93.6864268762146}
44.0874 	EXP 	FeedbackPrueb: autoDraw = False
44.0874 	EXP 	FeedbackPrueb: autoDraw = False
44.0874 	EXP 	GratingPrueba: ori = 93.6864268762146
44.0874 	EXP 	GratingPrueba: sf = array([0.03035231, 0.03035231])
44.1708 	EXP 	GratingPrueba: autoDraw = True
45.7631 	DATA 	Keypress: right
45.7727 	EXP 	GratingPrueba: autoDraw = False
45.7727 	EXP 	FeedbackPrueb: height = 0.1
45.7727 	EXP 	FeedbackPrueb: height = 0.1
45.7727 	EXP 	FeedbackPrueb: text = 'Segui intentando'
45.7727 	EXP 	FeedbackPrueb: autoDraw = True
46.7562 	EXP 	New trial (rep=0, index=9): {'Frecuencia': 5.70907130155516, 'Orientaciondecimal': 0.941841048682442, 'Categoria': 'B', 'Tecla': 'right', 'FrecuenciaEspacial': 0.0285453565077758, 'Orientacion': 94.1841048682442}
46.7716 	EXP 	FeedbackPrueb: autoDraw = False
46.7716 	EXP 	FeedbackPrueb: autoDraw = False
46.7716 	EXP 	GratingPrueba: ori = 94.1841048682442
46.7716 	EXP 	GratingPrueba: sf = array([0.02854536, 0.02854536])
46.8550 	EXP 	GratingPrueba: autoDraw = True
49.0792 	DATA 	Keypress: right
49.0894 	EXP 	GratingPrueba: autoDraw = False
49.0894 	EXP 	FeedbackPrueb: height = 0.1
49.0894 	EXP 	FeedbackPrueb: height = 0.1
49.0894 	EXP 	FeedbackPrueb: text = 'Correcto'
49.0894 	EXP 	FeedbackPrueb: autoDraw = True
50.1324 	EXP 	FeedbackPrueb: autoDraw = False
50.1324 	EXP 	FeedbackPrueb: autoDraw = False
50.6233 	EXP 	ComienzoTexto: autoDraw = True
51.7356 	EXP 	Imported ParametrosPruebaintinfo.xlsx as conditions, 150 conditions, 6 params
51.7374 	EXP 	Created sequence: sequential, trialTypes=150, nReps=1, seed=None
51.7377 	EXP 	New trial (rep=0, index=0): {'Frecuencia': 6.06857759246386, 'Orientaciondecimal': 0.945170612488669, 'Categoria': 'A', 'Tecla': 'left', 'FrecuenciaEspacial': 0.0303428879623193, 'Orientacion': 94.5170612488669}
51.7387 	DATA 	Keypress: space
51.7465 	EXP 	ComienzoTexto: autoDraw = False
51.7465 	EXP 	grating2: ori = 94.5170612488669
51.7465 	EXP 	grating2: sf = array([0.03034289, 0.03034289])
51.8406 	EXP 	grating2: autoDraw = True
51.8406 	EXP 	grating2: tex = 'sin'
53.4468 	DATA 	Keypress: left
53.4574 	EXP 	grating2: autoDraw = False
53.4574 	EXP 	feedback_2: height = 0.1
53.4574 	EXP 	feedback_2: height = 0.1
53.4574 	EXP 	feedback_2: text = '¡Correcto!'
53.4574 	EXP 	feedback_2: autoDraw = True
54.4419 	EXP 	New trial (rep=0, index=1): {'Frecuencia': 6.26853264975939, 'Orientaciondecimal': 0.999594929800666, 'Categoria': 'A', 'Tecla': 'left', 'FrecuenciaEspacial': 0.03134266324879695, 'Orientacion': 99.9594929800666}
54.4582 	EXP 	feedback_2: autoDraw = False
54.4582 	EXP 	feedback_2: autoDraw = False
54.4582 	EXP 	grating2: ori = 99.9594929800666
54.4582 	EXP 	grating2: sf = array([0.03134266, 0.03134266])
54.5417 	EXP 	grating2: autoDraw = True
55.6773 	DATA 	Keypress: left
55.6919 	EXP 	grating2: autoDraw = False
55.6919 	EXP 	feedback_2: text = '¡Correcto!'
55.6919 	EXP 	feedback_2: autoDraw = True
56.6755 	EXP 	New trial (rep=0, index=2): {'Frecuencia': 5.68358755276876, 'Orientaciondecimal': 0.947417659413647, 'Categoria': 'B', 'Tecla': 'right', 'FrecuenciaEspacial': 0.028417937763843798, 'Orientacion': 94.74176594136469}
56.6917 	EXP 	feedback_2: autoDraw = False
56.6917 	EXP 	feedback_2: autoDraw = False
56.6917 	EXP 	grating2: ori = 94.74176594136469
56.6917 	EXP 	grating2: sf = array([0.02841794, 0.02841794])
56.7747 	EXP 	grating2: autoDraw = True
57.6780 	DATA 	Keypress: right
57.6919 	EXP 	grating2: autoDraw = False
57.6919 	EXP 	feedback_2: text = '¡Correcto!'
57.6919 	EXP 	feedback_2: autoDraw = True
58.6763 	EXP 	New trial (rep=0, index=3): {'Frecuencia': 5.79393927440919, 'Orientaciondecimal': 0.982277301965931, 'Categoria': 'B', 'Tecla': 'right', 'FrecuenciaEspacial': 0.028969696372045953, 'Orientacion': 98.2277301965931}
58.6917 	EXP 	feedback_2: autoDraw = False
58.6917 	EXP 	feedback_2: autoDraw = False
58.6917 	EXP 	grating2: ori = 98.2277301965931
58.6917 	EXP 	grating2: sf = array([0.0289697, 0.0289697])
58.7756 	EXP 	grating2: autoDraw = True
59.3287 	DATA 	Keypress: right
59.3422 	EXP 	grating2: autoDraw = False
59.3422 	EXP 	feedback_2: text = '¡Correcto!'
59.3422 	EXP 	feedback_2: autoDraw = True
60.3269 	EXP 	New trial (rep=0, index=4): {'Frecuencia': 5.92146189910992, 'Orientaciondecimal': 1.02631741101465, 'Categoria': 'B', 'Tecla': 'right', 'FrecuenciaEspacial': 0.0296073094955496, 'Orientacion': 102.631741101465}
60.3426 	EXP 	feedback_2: autoDraw = False
60.3426 	EXP 	feedback_2: autoDraw = False
60.3426 	EXP 	grating2: ori = 102.631741101465
60.3426 	EXP 	grating2: sf = array([0.02960731, 0.02960731])
60.4259 	EXP 	grating2: autoDraw = True
61.6961 	DATA 	Keypress: right
61.7097 	EXP 	grating2: autoDraw = False
61.7097 	EXP 	feedback_2: text = '¡Correcto!'
61.7097 	EXP 	feedback_2: autoDraw = True
62.6961 	EXP 	New trial (rep=0, index=5): {'Frecuencia': 6.13568199720158, 'Orientaciondecimal': 0.955533049987392, 'Categoria': 'A', 'Tecla': 'left', 'FrecuenciaEspacial': 0.0306784099860079, 'Orientacion': 95.5533049987392}
62.7102 	EXP 	feedback_2: autoDraw = False
62.7102 	EXP 	feedback_2: autoDraw = False
62.7102 	EXP 	grating2: ori = 95.5533049987392
62.7102 	EXP 	grating2: sf = array([0.03067841, 0.03067841])
62.7937 	EXP 	grating2: autoDraw = True
63.7296 	DATA 	Keypress: left
63.7439 	EXP 	grating2: autoDraw = False
63.7439 	EXP 	feedback_2: text = '¡Correcto!'
63.7439 	EXP 	feedback_2: autoDraw = True
64.7283 	EXP 	New trial (rep=0, index=6): {'Frecuencia': 6.14012598888524, 'Orientaciondecimal': 0.964184109460307, 'Categoria': 'A', 'Tecla': 'left', 'FrecuenciaEspacial': 0.030700629944426197, 'Orientacion': 96.41841094603069}
64.7442 	EXP 	feedback_2: autoDraw = False
64.7442 	EXP 	feedback_2: autoDraw = False
64.7442 	EXP 	grating2: ori = 96.41841094603069
64.7442 	EXP 	grating2: sf = array([0.03070063, 0.03070063])
64.8279 	EXP 	grating2: autoDraw = True
66.4474 	DATA 	Keypress: left
66.4614 	EXP 	grating2: autoDraw = False
66.4614 	EXP 	feedback_2: text = '¡Correcto!'
66.4614 	EXP 	feedback_2: autoDraw = True
67.4458 	EXP 	New trial (rep=0, index=7): {'Frecuencia': 5.76125666784697, 'Orientaciondecimal': 0.96845609797586, 'Categoria': 'B', 'Tecla': 'right', 'FrecuenciaEspacial': 0.02880628333923485, 'Orientacion': 96.845609797586}
67.4616 	EXP 	feedback_2: autoDraw = False
67.4616 	EXP 	feedback_2: autoDraw = False
67.4616 	EXP 	grating2: ori = 96.845609797586
67.4616 	EXP 	grating2: sf = array([0.02880628, 0.02880628])
67.5456 	EXP 	grating2: autoDraw = True
69.0693 	DATA 	Keypress: left
69.0796 	EXP 	grating2: autoDraw = False
69.0796 	EXP 	feedback_2: height = 0.1
69.0796 	EXP 	feedback_2: height = 0.1
69.0796 	EXP 	feedback_2: text = 'Segui intentando'
69.0796 	EXP 	feedback_2: autoDraw = True
70.0632 	EXP 	New trial (rep=0, index=8): {'Frecuencia': 6.19611800813184, 'Orientaciondecimal': 0.971875507569429, 'Categoria': 'A', 'Tecla': 'left', 'FrecuenciaEspacial': 0.0309805900406592, 'Orientacion': 97.1875507569429}
70.0800 	EXP 	feedback_2: autoDraw = False
70.0800 	EXP 	feedback_2: autoDraw = False
70.0800 	EXP 	grating2: ori = 97.1875507569429
70.0800 	EXP 	grating2: sf = array([0.03098059, 0.03098059])
70.1628 	EXP 	grating2: autoDraw = True
70.6308 	DATA 	Keypress: escape
71.3759 	EXP 	window1: mouseVisible = True
