1.6205 	WARNING 	We strongly recommend you activate the PTB sound engine in PsychoPy prefs as the preferred audio engine. Its timing is vastly superior. Your prefs are currently set to use ['sounddevice', 'PTB', 'pyo', 'pygame'] (in that order).
27.1477 	WARNING 	User requested fullscreen with size [1680 1050], but screen is actually [1920, 1080]. Using actual size
27.9256 	EXP 	Created window1 = Window(allowGUI=False, allowStencil=False, autoLog=True, backendConf=UNKNOWN, bitsMode=UNKNOWN, blendMode='avg', bpc=(8, 8, 8), color=array([0, 0, 0]), colorSpace='rgb', depthBits=8, fullscr=<method-wrapper '__getattribute__' of attributeSetter object at 0x00000256D2B95AC0>, gamma=None, gammaErrorPolicy='raise', lms=UNKNOWN, monitor=<psychopy.monitors.calibTools.Monitor object at 0x00000256D27EEF10>, multiSample=False, name='window1', numSamples=2, pos=(0, 0), screen=0, size=array([1920, 1080]), stencilBits=0, stereo=False, units='deg', useFBO=True, useRetina=False, viewOri=0.0, viewPos=None, viewScale=None, waitBlanking=True, winType='pyglet')
27.9262 	EXP 	window1: mouseVisible = True
27.9262 	EXP 	window1: Attempting to measure frame rate of screen (0) ...
27.9263 	EXP 	window1: recordFrameIntervals = False
28.0913 	EXP 	window1: recordFrameIntervals = True
28.2750 	EXP 	Screen (0) actual frame rate measured at 60.00Hz
28.2751 	EXP 	window1: recordFrameIntervals = False
30.6879 	EXP 	Created Instrucciones1 = TextStim(__class__=<class 'psychopy.visual.text.TextStim'>, alignHoriz=method-wrapper(...), alignText='center', alignVert=method-wrapper(...), anchorHoriz='center', anchorVert='center', antialias=True, autoLog=True, bold=False, color=array([-1., -1., -1.]), colorSpace='rgb', contrast=1.0, depth=0.0, flipHoriz=False, flipVert=False, font='Open Sans', fontFiles=[], height=0.05, italic=False, languageStyle='LTR', name='Instrucciones1', opacity=1.0, ori=0.0, pos=array([0., 0.]), rgb=UNKNOWN, text=str(...), units='height', win=Window(...), wrapWidth=1)
30.7002 	EXP 	Created Instrucciones2 = TextStim(__class__=<class 'psychopy.visual.text.TextStim'>, alignHoriz=method-wrapper(...), alignText='center', alignVert=method-wrapper(...), anchorHoriz='center', anchorVert='center', antialias=True, autoLog=True, bold=False, color=array([-1., -1., -1.]), colorSpace='rgb', contrast=1.0, depth=-2.0, flipHoriz=False, flipVert=False, font='Open Sans', fontFiles=[], height=0.05, italic=False, languageStyle='LTR', name='Instrucciones2', opacity=1.0, ori=0.0, pos=array([0., 0.]), rgb=UNKNOWN, text=str(...), units='height', win=Window(...), wrapWidth=1)
30.7217 	EXP 	Created Instrucciones3 = TextStim(__class__=<class 'psychopy.visual.text.TextStim'>, alignHoriz=method-wrapper(...), alignText='center', alignVert=method-wrapper(...), anchorHoriz='center', anchorVert='center', antialias=True, autoLog=True, bold=False, color=array([-1., -1., -1.]), colorSpace='rgb', contrast=1.0, depth=-4.0, flipHoriz=False, flipVert=False, font='Arial', fontFiles=[], height=0.05, italic=False, languageStyle='LTR', name='Instrucciones3', opacity=1.0, ori=0.0, pos=array([0., 0.]), rgb=UNKNOWN, text=str(...), units='height', win=Window(...), wrapWidth=1)
30.7456 	EXP 	Created instrucciones4 = TextStim(__class__=<class 'psychopy.visual.text.TextStim'>, alignHoriz=method-wrapper(...), alignText='center', alignVert=method-wrapper(...), anchorHoriz='center', anchorVert='center', antialias=True, autoLog=True, bold=False, color=array([-1., -1., -1.]), colorSpace='rgb', contrast=1.0, depth=-6.0, flipHoriz=False, flipVert=False, font='Arial', fontFiles=[], height=0.05, italic=False, languageStyle='LTR', name='instrucciones4', opacity=1.0, ori=0.0, pos=array([0., 0.]), rgb=UNKNOWN, text=str(...), units='height', win=Window(...), wrapWidth=1)
30.7540 	EXP 	Created Instrucciones5 = TextStim(__class__=<class 'psychopy.visual.text.TextStim'>, alignHoriz=method-wrapper(...), alignText='center', alignVert=method-wrapper(...), anchorHoriz='center', anchorVert='center', antialias=True, autoLog=True, bold=False, color=array([1., 1., 1.]), colorSpace='rgb', contrast=1.0, depth=-8.0, flipHoriz=False, flipVert=False, font='Open Sans', fontFiles=[], height=0.05, italic=False, languageStyle='LTR', name='Instrucciones5', opacity=1.0, ori=0.0, pos=array([0., 0.]), rgb=UNKNOWN, text='¡Vamos a hacer uno de prueba!', units='height', win=Window(...), wrapWidth=1)
30.7584 	EXP 	Created GratingPrueba = GratingStim(__class__=<class 'psychopy.visual.grating.GratingStim'>, anchor='center', autoDraw=False, autoLog=True, blendmode='avg', color=array([1., 1., 1.]), colorSpace='rgb', contrast=1.0, depth=-1.0, interpolate=True, mask='circle', maskParams=None, name='GratingPrueba', opacity=1.0, ori=1.0, phase=array([0., 0.]), pos=array([0., 0.]), rgbPedestal=array([0., 0., 0.]), sf=array([1., 1.]), size=array([200., 200.]), tex='sin', texRes=128, units='pix', win=Window(...))
30.7601 	EXP 	Created FeedbackPrueb = TextStim(__class__=<class 'psychopy.visual.text.TextStim'>, alignHoriz=method-wrapper(...), alignText='center', alignVert=method-wrapper(...), anchorHoriz='center', anchorVert='center', antialias=True, autoLog=True, bold=False, color=array([1., 1., 1.]), colorSpace='rgb', contrast=1.0, depth=-1.0, flipHoriz=False, flipVert=False, font='Open Sans', fontFiles=[], height=0.1, italic=False, languageStyle='LTR', name='FeedbackPrueb', opacity=1.0, ori=0.0, pos=array([0., 0.]), rgb=UNKNOWN, text='', units='height', win=Window(...), wrapWidth=1)
30.7761 	EXP 	Created ComienzoTexto = TextStim(__class__=<class 'psychopy.visual.text.TextStim'>, alignHoriz=method-wrapper(...), alignText='center', alignVert=method-wrapper(...), anchorHoriz='center', anchorVert='center', antialias=True, autoLog=True, bold=False, color=array([-1., -1., -1.]), colorSpace='rgb', contrast=1.0, depth=0.0, flipHoriz=False, flipVert=False, font='Open Sans', fontFiles=[], height=0.05, italic=False, languageStyle='LTR', name='ComienzoTexto', opacity=1.0, ori=0.0, pos=array([0., 0.]), rgb=UNKNOWN, text=str(...), units='height', win=Window(...), wrapWidth=1)
30.7798 	EXP 	Created grating2 = GratingStim(__class__=<class 'psychopy.visual.grating.GratingStim'>, anchor='center', autoDraw=False, autoLog=True, blendmode='avg', color=array([1., 1., 1.]), colorSpace='rgb', contrast=1.0, depth=0.0, interpolate=True, mask='circle', maskParams=None, name='grating2', opacity=1.0, ori=1.0, phase=array([0., 0.]), pos=array([0., 0.]), rgbPedestal=array([0., 0., 0.]), sf=array([1., 1.]), size=array([200., 200.]), tex='sin', texRes=128, units='pix', win=Window(...))
30.7809 	EXP 	Created feedback_2 = TextStim(__class__=<class 'psychopy.visual.text.TextStim'>, alignHoriz=method-wrapper(...), alignText='center', alignVert=method-wrapper(...), anchorHoriz='center', anchorVert='center', antialias=True, autoLog=True, bold=False, color=array([1., 1., 1.]), colorSpace='rgb', contrast=1.0, depth=-1.0, flipHoriz=False, flipVert=False, font='Open Sans', fontFiles=[], height=0.1, italic=False, languageStyle='LTR', name='feedback_2', opacity=1.0, ori=0.0, pos=array([0., 0.]), rgb=UNKNOWN, text='', units='height', win=Window(...), wrapWidth=1)
30.7992 	EXP 	Created Gracias = TextStim(__class__=<class 'psychopy.visual.text.TextStim'>, alignHoriz=method-wrapper(...), alignText='center', alignVert=method-wrapper(...), anchorHoriz='center', anchorVert='center', antialias=True, autoLog=True, bold=False, color=array([1., 1., 1.]), colorSpace='rgb', contrast=1.0, depth=0.0, flipHoriz=False, flipVert=False, font='Open Sans', fontFiles=[], height=0.1, italic=False, languageStyle='LTR', name='Gracias', opacity=1.0, ori=0.0, pos=array([0., 0.]), rgb=UNKNOWN, text='¡Muchas gracias por participar!', units='height', win=Window(...), wrapWidth=1)
30.8065 	EXP 	Created image = ImageStim(__class__=<class 'psychopy.visual.image.ImageStim'>, anchor=('center', 'center'), autoLog=True, color=array([1., 1., 1.]), colorSpace='rgb', contrast=1.0, depth=-1.0, flipHoriz=False, flipVert=False, image=None, interpolate=True, mask=None, maskParams=None, name='image', opacity=1.0, ori=0.0, pos=array([0., 0.]), size=array([0.5, 0.5]), texRes=128.0, units='deg', win=Window(...))
31.7922 	EXP 	Instrucciones1: autoDraw = True
34.2626 	DATA 	Keypress: space
34.2767 	EXP 	Instrucciones1: autoDraw = False
34.2767 	EXP 	Instrucciones2: autoDraw = True
35.9629 	DATA 	Keypress: space
37.3828 	DATA 	Keypress: space
37.3939 	EXP 	Instrucciones2: autoDraw = False
37.3939 	EXP 	Instrucciones3: autoDraw = True
38.8469 	DATA 	Keypress: space
39.7153 	DATA 	Keypress: space
39.7288 	EXP 	Instrucciones3: autoDraw = False
39.7288 	EXP 	instrucciones4: autoDraw = True
41.0977 	DATA 	Keypress: space
43.3660 	DATA 	Keypress: space
43.3797 	EXP 	instrucciones4: autoDraw = False
43.3797 	EXP 	Instrucciones5: autoDraw = True
47.3809 	EXP 	Instrucciones5: autoDraw = False
50.2747 	EXP 	Imported PruebaintinfoTraining.xlsx as conditions, 10 conditions, 6 params
50.2755 	EXP 	Created sequence: sequential, trialTypes=10, nReps=1, seed=None
50.2760 	EXP 	New trial (rep=0, index=0): {'Frecuencia': 5.58216528961278, 'Orientaciondecimal': 0.938938903573769, 'Categoria': 'B', 'Tecla': 'Right', 'FrecuenciaEspacial': 0.027910826448063898, 'Orientacion': 93.8938903573769}
50.2773 	DATA 	Keypress: space
50.2845 	EXP 	Instrucciones1: autoDraw = False
50.2845 	EXP 	Instrucciones2: autoDraw = False
50.2845 	EXP 	Instrucciones3: autoDraw = False
50.2845 	EXP 	instrucciones4: autoDraw = False
50.2845 	EXP 	Instrucciones5: autoDraw = False
50.2845 	EXP 	GratingPrueba: ori = 93.8938903573769
50.2845 	EXP 	GratingPrueba: sf = array([0.02791083, 0.02791083])
50.3818 	EXP 	GratingPrueba: autoDraw = True
50.3818 	EXP 	GratingPrueba: tex = 'sin'
51.5766 	DATA 	Keypress: right
51.5847 	EXP 	GratingPrueba: autoDraw = False
51.5847 	EXP 	FeedbackPrueb: height = 0.1
51.5847 	EXP 	FeedbackPrueb: height = 0.1
51.5847 	EXP 	FeedbackPrueb: text = 'Segui intentando'
51.5847 	EXP 	FeedbackPrueb: autoDraw = True
52.5839 	EXP 	New trial (rep=0, index=1): {'Frecuencia': 5.7421909977524, 'Orientaciondecimal': 0.992408129762322, 'Categoria': 'B', 'Tecla': 'Right', 'FrecuenciaEspacial': 0.028710954988762, 'Orientacion': 99.24081297623219}
52.5995 	EXP 	FeedbackPrueb: autoDraw = False
52.5995 	EXP 	FeedbackPrueb: autoDraw = False
52.5995 	EXP 	GratingPrueba: ori = 99.24081297623219
52.5995 	EXP 	GratingPrueba: sf = array([0.02871095, 0.02871095])
52.6824 	EXP 	GratingPrueba: autoDraw = True
54.3186 	DATA 	Keypress: right
54.3331 	EXP 	GratingPrueba: autoDraw = False
54.3331 	EXP 	FeedbackPrueb: text = 'Segui intentando'
54.3331 	EXP 	FeedbackPrueb: autoDraw = True
55.3176 	EXP 	New trial (rep=0, index=2): {'Frecuencia': 5.91838218302026, 'Orientaciondecimal': 0.919436605387555, 'Categoria': 'A', 'Tecla': 'Left', 'FrecuenciaEspacial': 0.0295919109151013, 'Orientacion': 91.9436605387555}
55.3335 	EXP 	FeedbackPrueb: autoDraw = False
55.3335 	EXP 	FeedbackPrueb: autoDraw = False
55.3335 	EXP 	GratingPrueba: ori = 91.9436605387555
55.3335 	EXP 	GratingPrueba: sf = array([0.02959191, 0.02959191])
55.4166 	EXP 	GratingPrueba: autoDraw = True
55.9857 	DATA 	Keypress: right
56.0003 	EXP 	GratingPrueba: autoDraw = False
56.0003 	EXP 	FeedbackPrueb: text = 'Segui intentando'
56.0003 	EXP 	FeedbackPrueb: autoDraw = True
56.9848 	EXP 	New trial (rep=0, index=3): {'Frecuencia': 6.01390520343677, 'Orientaciondecimal': 0.946349882020115, 'Categoria': 'A', 'Tecla': 'Left', 'FrecuenciaEspacial': 0.03006952601718385, 'Orientacion': 94.6349882020115}
57.0001 	EXP 	FeedbackPrueb: autoDraw = False
57.0001 	EXP 	FeedbackPrueb: autoDraw = False
57.0001 	EXP 	GratingPrueba: ori = 94.6349882020115
57.0001 	EXP 	GratingPrueba: sf = array([0.03006953, 0.03006953])
57.0836 	EXP 	GratingPrueba: autoDraw = True
57.4222 	DATA 	Keypress: left
57.4339 	EXP 	GratingPrueba: autoDraw = False
57.4339 	EXP 	FeedbackPrueb: text = 'Segui intentando'
57.4339 	EXP 	FeedbackPrueb: autoDraw = True
57.9198 	DATA 	Keypress: left
58.4184 	EXP 	New trial (rep=0, index=4): {'Frecuencia': 6.23699028071632, 'Orientaciondecimal': 1.02452838060917, 'Categoria': 'A', 'Tecla': 'Left', 'FrecuenciaEspacial': 0.0311849514035816, 'Orientacion': 102.452838060917}
58.4343 	EXP 	FeedbackPrueb: autoDraw = False
58.4343 	EXP 	FeedbackPrueb: autoDraw = False
58.4343 	EXP 	GratingPrueba: ori = 102.452838060917
58.4343 	EXP 	GratingPrueba: sf = array([0.03118495, 0.03118495])
58.5178 	EXP 	GratingPrueba: autoDraw = True
59.1693 	DATA 	Keypress: escape
59.7529 	EXP 	window1: mouseVisible = True
