1.5370 	WARNING 	We strongly recommend you activate the PTB sound engine in PsychoPy prefs as the preferred audio engine. Its timing is vastly superior. Your prefs are currently set to use ['sounddevice', 'PTB', 'pyo', 'pygame'] (in that order).
10.0522 	WARNING 	User requested fullscreen with size [1680 1050], but screen is actually [1920, 1080]. Using actual size
10.7055 	EXP 	Created window1 = Window(allowGUI=False, allowStencil=False, autoLog=True, backendConf=UNKNOWN, bitsMode=UNKNOWN, blendMode='avg', bpc=(8, 8, 8), color=array([0, 0, 0]), colorSpace='rgb', depthBits=8, fullscr=<method-wrapper '__getattribute__' of attributeSetter object at 0x0000024952395490>, gamma=None, gammaErrorPolicy='raise', lms=UNKNOWN, monitor=<psychopy.monitors.calibTools.Monitor object at 0x00000249525E1E50>, multiSample=False, name='window1', numSamples=2, pos=(0, 0), screen=0, size=array([1920, 1080]), stencilBits=0, stereo=False, units='deg', useFBO=True, useRetina=False, viewOri=0.0, viewPos=None, viewScale=None, waitBlanking=True, winType='pyglet')
10.7057 	EXP 	window1: mouseVisible = True
10.7058 	EXP 	window1: Attempting to measure frame rate of screen (0) ...
10.7058 	EXP 	window1: recordFrameIntervals = False
10.8716 	EXP 	window1: recordFrameIntervals = True
11.0552 	EXP 	Screen (0) actual frame rate measured at 60.02Hz
11.0553 	EXP 	window1: recordFrameIntervals = False
13.0302 	EXP 	Created Instrucciones1 = TextStim(__class__=<class 'psychopy.visual.text.TextStim'>, alignHoriz=method-wrapper(...), alignText='center', alignVert=method-wrapper(...), anchorHoriz='center', anchorVert='center', antialias=True, autoLog=True, bold=False, color=array([-1., -1., -1.]), colorSpace='rgb', contrast=1.0, depth=0.0, flipHoriz=False, flipVert=False, font='Open Sans', fontFiles=[], height=0.05, italic=False, languageStyle='LTR', name='Instrucciones1', opacity=1.0, ori=0.0, pos=array([0., 0.]), rgb=UNKNOWN, text=str(...), units='height', win=Window(...), wrapWidth=1)
13.0375 	EXP 	Created Instrucciones2 = TextStim(__class__=<class 'psychopy.visual.text.TextStim'>, alignHoriz=method-wrapper(...), alignText='center', alignVert=method-wrapper(...), anchorHoriz='center', anchorVert='center', antialias=True, autoLog=True, bold=False, color=array([-1., -1., -1.]), colorSpace='rgb', contrast=1.0, depth=-2.0, flipHoriz=False, flipVert=False, font='Open Sans', fontFiles=[], height=0.05, italic=False, languageStyle='LTR', name='Instrucciones2', opacity=1.0, ori=0.0, pos=array([0., 0.]), rgb=UNKNOWN, text=str(...), units='height', win=Window(...), wrapWidth=1)
13.0511 	EXP 	Created Instrucciones3 = TextStim(__class__=<class 'psychopy.visual.text.TextStim'>, alignHoriz=method-wrapper(...), alignText='center', alignVert=method-wrapper(...), anchorHoriz='center', anchorVert='center', antialias=True, autoLog=True, bold=False, color=array([-1., -1., -1.]), colorSpace='rgb', contrast=1.0, depth=-4.0, flipHoriz=False, flipVert=False, font='Arial', fontFiles=[], height=0.05, italic=False, languageStyle='LTR', name='Instrucciones3', opacity=1.0, ori=0.0, pos=array([0., 0.]), rgb=UNKNOWN, text=str(...), units='height', win=Window(...), wrapWidth=1)
13.0609 	EXP 	Created instrucciones4 = TextStim(__class__=<class 'psychopy.visual.text.TextStim'>, alignHoriz=method-wrapper(...), alignText='center', alignVert=method-wrapper(...), anchorHoriz='center', anchorVert='center', antialias=True, autoLog=True, bold=False, color=array([-1., -1., -1.]), colorSpace='rgb', contrast=1.0, depth=-6.0, flipHoriz=False, flipVert=False, font='Arial', fontFiles=[], height=0.05, italic=False, languageStyle='LTR', name='instrucciones4', opacity=1.0, ori=0.0, pos=array([0., 0.]), rgb=UNKNOWN, text=str(...), units='height', win=Window(...), wrapWidth=1)
13.0669 	EXP 	Created Instrucciones5 = TextStim(__class__=<class 'psychopy.visual.text.TextStim'>, alignHoriz=method-wrapper(...), alignText='center', alignVert=method-wrapper(...), anchorHoriz='center', anchorVert='center', antialias=True, autoLog=True, bold=False, color=array([1., 1., 1.]), colorSpace='rgb', contrast=1.0, depth=-8.0, flipHoriz=False, flipVert=False, font='Open Sans', fontFiles=[], height=0.05, italic=False, languageStyle='LTR', name='Instrucciones5', opacity=1.0, ori=0.0, pos=array([0., 0.]), rgb=UNKNOWN, text='Vamos a hacer uno de prueba!', units='height', win=Window(...), wrapWidth=1)
13.0713 	EXP 	Created GratingPrueba = GratingStim(__class__=<class 'psychopy.visual.grating.GratingStim'>, anchor='center', autoDraw=False, autoLog=True, blendmode='avg', color=array([1., 1., 1.]), colorSpace='rgb', contrast=1.0, depth=-1.0, interpolate=True, mask='circle', maskParams=None, name='GratingPrueba', opacity=1.0, ori=1.0, phase=array([0., 0.]), pos=array([0., 0.]), rgbPedestal=array([0., 0., 0.]), sf=array([1., 1.]), size=array([200., 200.]), tex='sin', texRes=128, units='pix', win=Window(...))
13.0775 	EXP 	Created text = TextStim(__class__=<class 'psychopy.visual.text.TextStim'>, alignHoriz=method-wrapper(...), alignText='center', alignVert=method-wrapper(...), anchorHoriz='center', anchorVert='center', antialias=True, autoLog=True, bold=False, color=array([1., 1., 1.]), colorSpace='rgb', contrast=1.0, depth=-2.0, flipHoriz=False, flipVert=False, font='Open Sans', fontFiles=[], height=0.05, italic=False, languageStyle='LTR', name='text', opacity=1.0, ori=0.0, pos=array([0., 0.]), rgb=UNKNOWN, text='caca', units='deg', win=Window(...), wrapWidth=15.0)
13.0789 	EXP 	Created FeedbackPrueb = TextStim(__class__=<class 'psychopy.visual.text.TextStim'>, alignHoriz=method-wrapper(...), alignText='center', alignVert=method-wrapper(...), anchorHoriz='center', anchorVert='center', antialias=True, autoLog=True, bold=False, color=array([1., 1., 1.]), colorSpace='rgb', contrast=1.0, depth=0.0, flipHoriz=False, flipVert=False, font='Open Sans', fontFiles=[], height=0.1, italic=False, languageStyle='LTR', name='FeedbackPrueb', opacity=1.0, ori=0.0, pos=array([0., 0.]), rgb=UNKNOWN, text='', units='height', win=Window(...), wrapWidth=1)
13.0943 	EXP 	Created ComienzoTexto = TextStim(__class__=<class 'psychopy.visual.text.TextStim'>, alignHoriz=method-wrapper(...), alignText='center', alignVert=method-wrapper(...), anchorHoriz='center', anchorVert='center', antialias=True, autoLog=True, bold=False, color=array([-1., -1., -1.]), colorSpace='rgb', contrast=1.0, depth=0.0, flipHoriz=False, flipVert=False, font='Open Sans', fontFiles=[], height=0.05, italic=False, languageStyle='LTR', name='ComienzoTexto', opacity=1.0, ori=0.0, pos=array([0., 0.]), rgb=UNKNOWN, text=str(...), units='height', win=Window(...), wrapWidth=1)
13.0979 	EXP 	Created grating2 = GratingStim(__class__=<class 'psychopy.visual.grating.GratingStim'>, anchor='center', autoDraw=False, autoLog=True, blendmode='avg', color=array([1., 1., 1.]), colorSpace='rgb', contrast=1.0, depth=0.0, interpolate=True, mask='circle', maskParams=None, name='grating2', opacity=1.0, ori=1.0, phase=array([0., 0.]), pos=array([0., 0.]), rgbPedestal=array([0., 0., 0.]), sf=array([1., 1.]), size=array([200., 200.]), tex='sin', texRes=128, units='pix', win=Window(...))
13.0991 	EXP 	Created feedback_2 = TextStim(__class__=<class 'psychopy.visual.text.TextStim'>, alignHoriz=method-wrapper(...), alignText='center', alignVert=method-wrapper(...), anchorHoriz='center', anchorVert='center', antialias=True, autoLog=True, bold=False, color=array([1., 1., 1.]), colorSpace='rgb', contrast=1.0, depth=-1.0, flipHoriz=False, flipVert=False, font='Open Sans', fontFiles=[], height=0.1, italic=False, languageStyle='LTR', name='feedback_2', opacity=1.0, ori=0.0, pos=array([0., 0.]), rgb=UNKNOWN, text='', units='height', win=Window(...), wrapWidth=1)
13.1121 	EXP 	Created Gracias = TextStim(__class__=<class 'psychopy.visual.text.TextStim'>, alignHoriz=method-wrapper(...), alignText='center', alignVert=method-wrapper(...), anchorHoriz='center', anchorVert='center', antialias=True, autoLog=True, bold=False, color=array([1., 1., 1.]), colorSpace='rgb', contrast=1.0, depth=0.0, flipHoriz=False, flipVert=False, font='Open Sans', fontFiles=[], height=0.1, italic=False, languageStyle='LTR', name='Gracias', opacity=1.0, ori=0.0, pos=array([0., 0.]), rgb=UNKNOWN, text='¡Muchas gracias por participar!', units='height', win=Window(...), wrapWidth=1)
13.1140 	EXP 	Created image = ImageStim(__class__=<class 'psychopy.visual.image.ImageStim'>, anchor=('center', 'center'), autoLog=True, color=array([1., 1., 1.]), colorSpace='rgb', contrast=1.0, depth=-1.0, flipHoriz=False, flipVert=False, image=None, interpolate=True, mask=None, maskParams=None, name='image', opacity=1.0, ori=0.0, pos=array([0., 0.]), size=array([0.5, 0.5]), texRes=128.0, units='deg', win=Window(...))
14.1061 	EXP 	Instrucciones1: autoDraw = True
14.4921 	DATA 	Keypress: space
14.5063 	EXP 	Instrucciones1: autoDraw = False
14.5063 	EXP 	Instrucciones2: autoDraw = True
14.7917 	DATA 	Keypress: space
14.9594 	DATA 	Keypress: space
14.9732 	EXP 	Instrucciones2: autoDraw = False
14.9732 	EXP 	Instrucciones3: autoDraw = True
15.1419 	DATA 	Keypress: space
15.3095 	DATA 	Keypress: space
15.3232 	EXP 	Instrucciones3: autoDraw = False
15.3232 	EXP 	instrucciones4: autoDraw = True
15.4758 	DATA 	Keypress: space
15.6599 	DATA 	Keypress: space
15.6734 	EXP 	instrucciones4: autoDraw = False
15.6734 	EXP 	Instrucciones5: autoDraw = True
15.8257 	DATA 	Keypress: space
15.9917 	DATA 	Keypress: space
16.4421 	DATA 	Keypress: space
16.6253 	DATA 	Keypress: space
18.1090 	DATA 	Keypress: space
19.6644 	EXP 	Imported ParametrosAyBtest.xlsx as conditions, 9 conditions, 6 params
19.6648 	EXP 	Created sequence: sequential, trialTypes=9, nReps=1, seed=None
19.6651 	EXP 	New trial (rep=0, index=0): {'Frecuencia': 5.75266988645415, 'Orientaciondecimales': 0.981868948378523, 'Categoria': 'A', 'Orientacion': 98.18689483785231, 'FrecuenciaEspacial': 0.02876334943227075, 'tecla': 'left'}
19.6784 	EXP 	Instrucciones5: autoDraw = False
19.6784 	EXP 	Instrucciones1: autoDraw = False
19.6784 	EXP 	Instrucciones2: autoDraw = False
19.6784 	EXP 	Instrucciones3: autoDraw = False
19.6784 	EXP 	instrucciones4: autoDraw = False
19.6784 	EXP 	Instrucciones5: autoDraw = False
19.6784 	EXP 	GratingPrueba: ori = 98.18689483785231
19.6784 	EXP 	GratingPrueba: sf = array([0.02876335, 0.02876335])
19.6784 	EXP 	text: autoDraw = True
19.7579 	EXP 	GratingPrueba: autoDraw = True
19.7579 	EXP 	GratingPrueba: tex = 'sin'
20.0778 	DATA 	Keypress: right
20.0915 	EXP 	GratingPrueba: autoDraw = False
20.0915 	EXP 	text: autoDraw = False
20.0915 	EXP 	FeedbackPrueb: text = ''
20.0915 	EXP 	FeedbackPrueb: autoDraw = True
20.0915 	EXP 	FeedbackPrueb: height = 0.1
20.0915 	EXP 	FeedbackPrueb: height = 0.1
20.0915 	EXP 	FeedbackPrueb: text = ''
21.0758 	EXP 	New trial (rep=0, index=1): {'Frecuencia': 5.63503896122014, 'Orientaciondecimales': 0.942857344714462, 'Categoria': 'A', 'Orientacion': 94.2857344714462, 'FrecuenciaEspacial': 0.028175194806100697, 'tecla': 'left'}
21.0917 	EXP 	FeedbackPrueb: autoDraw = False
21.0917 	EXP 	FeedbackPrueb: autoDraw = False
21.0917 	EXP 	GratingPrueba: ori = 94.2857344714462
21.0917 	EXP 	GratingPrueba: sf = array([0.02817519, 0.02817519])
21.0917 	EXP 	text: autoDraw = True
21.1753 	EXP 	GratingPrueba: autoDraw = True
21.5013 	DATA 	Keypress: right
21.5121 	EXP 	GratingPrueba: autoDraw = False
21.5121 	EXP 	text: autoDraw = False
21.5121 	EXP 	FeedbackPrueb: height = 0.1
21.5121 	EXP 	FeedbackPrueb: height = 0.1
21.5121 	EXP 	FeedbackPrueb: text = 'Incorrecto'
21.5121 	EXP 	FeedbackPrueb: autoDraw = True
22.5096 	EXP 	New trial (rep=0, index=2): {'Frecuencia': 5.75349902682942, 'Orientaciondecimales': 0.976843040460124, 'Categoria': 'A', 'Orientacion': 97.6843040460124, 'FrecuenciaEspacial': 0.0287674951341471, 'tecla': 'left'}
22.5256 	EXP 	FeedbackPrueb: autoDraw = False
22.5256 	EXP 	FeedbackPrueb: autoDraw = False
22.5256 	EXP 	GratingPrueba: ori = 97.6843040460124
22.5256 	EXP 	GratingPrueba: sf = array([0.0287675, 0.0287675])
22.5256 	EXP 	text: autoDraw = True
22.6085 	EXP 	GratingPrueba: autoDraw = True
23.0950 	DATA 	Keypress: right
23.1091 	EXP 	GratingPrueba: autoDraw = False
23.1091 	EXP 	text: autoDraw = False
23.1091 	EXP 	FeedbackPrueb: text = 'Incorrecto'
23.1091 	EXP 	FeedbackPrueb: autoDraw = True
23.7275 	DATA 	Keypress: escape
24.6152 	EXP 	window1: mouseVisible = True
