1.5192 	WARNING 	We strongly recommend you activate the PTB sound engine in PsychoPy prefs as the preferred audio engine. Its timing is vastly superior. Your prefs are currently set to use ['sounddevice', 'PTB', 'pyo', 'pygame'] (in that order).
10.0815 	WARNING 	User requested fullscreen with size [1680 1050], but screen is actually [1920, 1080]. Using actual size
10.7273 	EXP 	Created window1 = Window(allowGUI=False, allowStencil=False, autoLog=True, backendConf=UNKNOWN, bitsMode=UNKNOWN, blendMode='avg', bpc=(8, 8, 8), color=array([0, 0, 0]), colorSpace='rgb', depthBits=8, fullscr=<method-wrapper '__getattribute__' of attributeSetter object at 0x000002C75A7E3AC0>, gamma=None, gammaErrorPolicy='raise', lms=UNKNOWN, monitor=<psychopy.monitors.calibTools.Monitor object at 0x000002C75C87BF10>, multiSample=False, name='window1', numSamples=2, pos=(0, 0), screen=0, size=array([1920, 1080]), stencilBits=0, stereo=False, units='deg', useFBO=True, useRetina=False, viewOri=0.0, viewPos=None, viewScale=None, waitBlanking=True, winType='pyglet')
10.7275 	EXP 	window1: mouseVisible = True
10.7275 	EXP 	window1: Attempting to measure frame rate of screen (0) ...
10.7276 	EXP 	window1: recordFrameIntervals = False
10.8937 	EXP 	window1: recordFrameIntervals = True
11.0773 	EXP 	Screen (0) actual frame rate measured at 59.90Hz
11.0773 	EXP 	window1: recordFrameIntervals = False
13.2692 	EXP 	Created Instrucciones1 = TextStim(__class__=<class 'psychopy.visual.text.TextStim'>, alignHoriz=method-wrapper(...), alignText='center', alignVert=method-wrapper(...), anchorHoriz='center', anchorVert='center', antialias=True, autoLog=True, bold=False, color=array([-1., -1., -1.]), colorSpace='rgb', contrast=1.0, depth=0.0, flipHoriz=False, flipVert=False, font='Open Sans', fontFiles=[], height=0.05, italic=False, languageStyle='LTR', name='Instrucciones1', opacity=1.0, ori=0.0, pos=array([0., 0.]), rgb=UNKNOWN, text=str(...), units='height', win=Window(...), wrapWidth=1)
13.2781 	EXP 	Created Instrucciones2 = TextStim(__class__=<class 'psychopy.visual.text.TextStim'>, alignHoriz=method-wrapper(...), alignText='center', alignVert=method-wrapper(...), anchorHoriz='center', anchorVert='center', antialias=True, autoLog=True, bold=False, color=array([-1., -1., -1.]), colorSpace='rgb', contrast=1.0, depth=-2.0, flipHoriz=False, flipVert=False, font='Open Sans', fontFiles=[], height=0.05, italic=False, languageStyle='LTR', name='Instrucciones2', opacity=1.0, ori=0.0, pos=array([0., 0.]), rgb=UNKNOWN, text=str(...), units='height', win=Window(...), wrapWidth=1)
13.2947 	EXP 	Created Instrucciones3 = TextStim(__class__=<class 'psychopy.visual.text.TextStim'>, alignHoriz=method-wrapper(...), alignText='center', alignVert=method-wrapper(...), anchorHoriz='center', anchorVert='center', antialias=True, autoLog=True, bold=False, color=array([-1., -1., -1.]), colorSpace='rgb', contrast=1.0, depth=-4.0, flipHoriz=False, flipVert=False, font='Arial', fontFiles=[], height=0.05, italic=False, languageStyle='LTR', name='Instrucciones3', opacity=1.0, ori=0.0, pos=array([0., 0.]), rgb=UNKNOWN, text=str(...), units='height', win=Window(...), wrapWidth=1)
13.3129 	EXP 	Created instrucciones4 = TextStim(__class__=<class 'psychopy.visual.text.TextStim'>, alignHoriz=method-wrapper(...), alignText='center', alignVert=method-wrapper(...), anchorHoriz='center', anchorVert='center', antialias=True, autoLog=True, bold=False, color=array([-1., -1., -1.]), colorSpace='rgb', contrast=1.0, depth=-6.0, flipHoriz=False, flipVert=False, font='Arial', fontFiles=[], height=0.05, italic=False, languageStyle='LTR', name='instrucciones4', opacity=1.0, ori=0.0, pos=array([0., 0.]), rgb=UNKNOWN, text=str(...), units='height', win=Window(...), wrapWidth=1)
13.3190 	EXP 	Created Instrucciones5 = TextStim(__class__=<class 'psychopy.visual.text.TextStim'>, alignHoriz=method-wrapper(...), alignText='center', alignVert=method-wrapper(...), anchorHoriz='center', anchorVert='center', antialias=True, autoLog=True, bold=False, color=array([1., 1., 1.]), colorSpace='rgb', contrast=1.0, depth=-8.0, flipHoriz=False, flipVert=False, font='Open Sans', fontFiles=[], height=0.05, italic=False, languageStyle='LTR', name='Instrucciones5', opacity=1.0, ori=0.0, pos=array([0., 0.]), rgb=UNKNOWN, text='¡Vamos a hacer uno de prueba!', units='height', win=Window(...), wrapWidth=1)
13.3237 	EXP 	Created GratingPrueba = GratingStim(__class__=<class 'psychopy.visual.grating.GratingStim'>, anchor='center', autoDraw=False, autoLog=True, blendmode='avg', color=array([1., 1., 1.]), colorSpace='rgb', contrast=1.0, depth=-1.0, interpolate=True, mask='gauss', maskParams=None, name='GratingPrueba', opacity=1.0, ori=1.0, phase=array([0., 0.]), pos=array([0., 0.]), rgbPedestal=array([0., 0., 0.]), sf=array([1., 1.]), size=array([200., 200.]), tex='sin', texRes=128, units='pix', win=Window(...))
13.3253 	EXP 	Created FeedbackPrueb = TextStim(__class__=<class 'psychopy.visual.text.TextStim'>, alignHoriz=method-wrapper(...), alignText='center', alignVert=method-wrapper(...), anchorHoriz='center', anchorVert='center', antialias=True, autoLog=True, bold=False, color=array([1., 1., 1.]), colorSpace='rgb', contrast=1.0, depth=-1.0, flipHoriz=False, flipVert=False, font='Open Sans', fontFiles=[], height=0.1, italic=False, languageStyle='LTR', name='FeedbackPrueb', opacity=1.0, ori=0.0, pos=array([0., 0.]), rgb=UNKNOWN, text='', units='height', win=Window(...), wrapWidth=1)
13.3412 	EXP 	Created ComienzoTexto = TextStim(__class__=<class 'psychopy.visual.text.TextStim'>, alignHoriz=method-wrapper(...), alignText='center', alignVert=method-wrapper(...), anchorHoriz='center', anchorVert='center', antialias=True, autoLog=True, bold=False, color=array([-1., -1., -1.]), colorSpace='rgb', contrast=1.0, depth=0.0, flipHoriz=False, flipVert=False, font='Open Sans', fontFiles=[], height=0.05, italic=False, languageStyle='LTR', name='ComienzoTexto', opacity=1.0, ori=0.0, pos=array([0., 0.]), rgb=UNKNOWN, text=str(...), units='height', win=Window(...), wrapWidth=1)
13.3448 	EXP 	Created grating2 = GratingStim(__class__=<class 'psychopy.visual.grating.GratingStim'>, anchor='center', autoDraw=False, autoLog=True, blendmode='avg', color=array([1., 1., 1.]), colorSpace='rgb', contrast=1.0, depth=0.0, interpolate=True, mask='circle', maskParams=None, name='grating2', opacity=1.0, ori=1.0, phase=array([0., 0.]), pos=array([0., 0.]), rgbPedestal=array([0., 0., 0.]), sf=array([1., 1.]), size=array([200., 200.]), tex='sin', texRes=128, units='pix', win=Window(...))
13.3459 	EXP 	Created feedback_2 = TextStim(__class__=<class 'psychopy.visual.text.TextStim'>, alignHoriz=method-wrapper(...), alignText='center', alignVert=method-wrapper(...), anchorHoriz='center', anchorVert='center', antialias=True, autoLog=True, bold=False, color=array([1., 1., 1.]), colorSpace='rgb', contrast=1.0, depth=-1.0, flipHoriz=False, flipVert=False, font='Open Sans', fontFiles=[], height=0.1, italic=False, languageStyle='LTR', name='feedback_2', opacity=1.0, ori=0.0, pos=array([0., 0.]), rgb=UNKNOWN, text='', units='height', win=Window(...), wrapWidth=1)
13.3611 	EXP 	Created Gracias = TextStim(__class__=<class 'psychopy.visual.text.TextStim'>, alignHoriz=method-wrapper(...), alignText='center', alignVert=method-wrapper(...), anchorHoriz='center', anchorVert='center', antialias=True, autoLog=True, bold=False, color=array([1., 1., 1.]), colorSpace='rgb', contrast=1.0, depth=0.0, flipHoriz=False, flipVert=False, font='Open Sans', fontFiles=[], height=0.1, italic=False, languageStyle='LTR', name='Gracias', opacity=1.0, ori=0.0, pos=array([0., 0.]), rgb=UNKNOWN, text='¡Muchas gracias por participar!', units='height', win=Window(...), wrapWidth=1)
13.3631 	EXP 	Created image = ImageStim(__class__=<class 'psychopy.visual.image.ImageStim'>, anchor=('center', 'center'), autoLog=True, color=array([1., 1., 1.]), colorSpace='rgb', contrast=1.0, depth=-1.0, flipHoriz=False, flipVert=False, image=None, interpolate=True, mask=None, maskParams=None, name='image', opacity=1.0, ori=0.0, pos=array([0., 0.]), size=array([0.5, 0.5]), texRes=128.0, units='deg', win=Window(...))
14.3619 	EXP 	Instrucciones1: autoDraw = True
15.7315 	DATA 	Keypress: space
15.7456 	EXP 	Instrucciones1: autoDraw = False
15.7456 	EXP 	Instrucciones2: autoDraw = True
17.0816 	DATA 	Keypress: space
17.4992 	DATA 	Keypress: space
17.5130 	EXP 	Instrucciones2: autoDraw = False
17.5130 	EXP 	Instrucciones3: autoDraw = True
17.6987 	DATA 	Keypress: space
17.9829 	DATA 	Keypress: space
17.9965 	EXP 	Instrucciones3: autoDraw = False
17.9965 	EXP 	instrucciones4: autoDraw = True
18.2159 	DATA 	Keypress: space
18.5331 	DATA 	Keypress: space
18.5462 	EXP 	instrucciones4: autoDraw = False
18.5462 	EXP 	Instrucciones5: autoDraw = True
19.0320 	DATA 	Keypress: space
19.3652 	DATA 	Keypress: space
20.5154 	DATA 	Keypress: space
22.5441 	EXP 	Imported ParametrosPRUEBAintinfoTraining.xlsx as conditions, 10 conditions, 6 params
22.5450 	EXP 	Created sequence: sequential, trialTypes=10, nReps=1, seed=None
22.5455 	EXP 	New trial (rep=0, index=0): {'Frecuencia': 6.12015737910944, 'Orientaciondecimal': 0.960355341119567, 'Categoria': 'A', 'Tecla': 'left', 'FrecuenciaEspacial': 0.030600786895547197, 'Orientacion': 96.0355341119567}
22.5521 	EXP 	Created unnamed GratingStim = GratingStim(__class__=<class 'psychopy.visual.grating.GratingStim'>, anchor='center', autoDraw=False, autoLog=True, blendmode='avg', color=array([1., 1., 1.]), colorSpace='rgb', contrast=1.0, depth=0, interpolate=False, mask='gauss', maskParams=None, name='unnamed GratingStim', opacity=1.0, ori=0.0, phase=array([0., 0.]), pos=array([0., 0.]), rgbPedestal=array([0., 0., 0.]), sf=array([1., 1.]), size=array([20., 20.]), tex='sin', texRes=128, units='deg', win=Window(...))
22.5665 	EXP 	Instrucciones5: autoDraw = False
22.5665 	EXP 	Instrucciones1: autoDraw = False
22.5665 	EXP 	Instrucciones2: autoDraw = False
22.5665 	EXP 	Instrucciones3: autoDraw = False
22.5665 	EXP 	instrucciones4: autoDraw = False
22.5665 	EXP 	Instrucciones5: autoDraw = False
22.5665 	EXP 	GratingPrueba: ori = 96.0355341119567
22.5665 	EXP 	GratingPrueba: sf = array([0.03060079, 0.03060079])
22.5665 	EXP 	unnamed GratingStim: mask = 'gauss'
22.5665 	EXP 	unnamed GratingStim: tex = 'sin'
22.5970 	EXP 	unnamed GratingStim: mask = 'gauss'
22.6303 	EXP 	unnamed GratingStim: mask = 'gauss'
22.6638 	EXP 	GratingPrueba: autoDraw = True
22.6638 	EXP 	unnamed GratingStim: mask = 'gauss'
22.6638 	EXP 	GratingPrueba: tex = 'sin'
22.6970 	EXP 	unnamed GratingStim: mask = 'gauss'
22.7306 	EXP 	unnamed GratingStim: mask = 'gauss'
22.7638 	EXP 	unnamed GratingStim: mask = 'gauss'
22.7972 	EXP 	unnamed GratingStim: mask = 'gauss'
22.8304 	EXP 	unnamed GratingStim: mask = 'gauss'
22.8636 	EXP 	unnamed GratingStim: mask = 'gauss'
22.8971 	EXP 	unnamed GratingStim: mask = 'gauss'
22.9305 	EXP 	unnamed GratingStim: mask = 'gauss'
22.9638 	EXP 	unnamed GratingStim: mask = 'gauss'
22.9973 	EXP 	unnamed GratingStim: mask = 'gauss'
23.0305 	EXP 	unnamed GratingStim: mask = 'gauss'
23.0639 	EXP 	unnamed GratingStim: mask = 'gauss'
23.0974 	EXP 	unnamed GratingStim: mask = 'gauss'
23.1304 	EXP 	unnamed GratingStim: mask = 'gauss'
23.1638 	EXP 	unnamed GratingStim: mask = 'gauss'
23.1972 	EXP 	unnamed GratingStim: mask = 'gauss'
23.2304 	EXP 	unnamed GratingStim: mask = 'gauss'
23.2640 	EXP 	unnamed GratingStim: mask = 'gauss'
23.2972 	EXP 	unnamed GratingStim: mask = 'gauss'
23.3306 	EXP 	unnamed GratingStim: mask = 'gauss'
23.3639 	EXP 	unnamed GratingStim: mask = 'gauss'
23.3975 	EXP 	unnamed GratingStim: mask = 'gauss'
23.4306 	EXP 	unnamed GratingStim: mask = 'gauss'
23.4639 	EXP 	unnamed GratingStim: mask = 'gauss'
23.4973 	EXP 	unnamed GratingStim: mask = 'gauss'
23.5307 	EXP 	unnamed GratingStim: mask = 'gauss'
23.5638 	EXP 	unnamed GratingStim: mask = 'gauss'
23.5974 	EXP 	unnamed GratingStim: mask = 'gauss'
23.6305 	EXP 	unnamed GratingStim: mask = 'gauss'
23.6640 	EXP 	unnamed GratingStim: mask = 'gauss'
23.6974 	EXP 	unnamed GratingStim: mask = 'gauss'
23.7307 	EXP 	unnamed GratingStim: mask = 'gauss'
23.7639 	EXP 	unnamed GratingStim: mask = 'gauss'
23.7973 	EXP 	unnamed GratingStim: mask = 'gauss'
23.8306 	EXP 	unnamed GratingStim: mask = 'gauss'
23.8642 	EXP 	unnamed GratingStim: mask = 'gauss'
23.8976 	EXP 	unnamed GratingStim: mask = 'gauss'
23.9308 	EXP 	unnamed GratingStim: mask = 'gauss'
23.9642 	EXP 	unnamed GratingStim: mask = 'gauss'
23.9976 	EXP 	unnamed GratingStim: mask = 'gauss'
24.0308 	EXP 	unnamed GratingStim: mask = 'gauss'
24.0641 	EXP 	unnamed GratingStim: mask = 'gauss'
24.0976 	EXP 	unnamed GratingStim: mask = 'gauss'
24.1310 	EXP 	unnamed GratingStim: mask = 'gauss'
24.1643 	EXP 	unnamed GratingStim: mask = 'gauss'
24.1974 	EXP 	unnamed GratingStim: mask = 'gauss'
24.2309 	EXP 	unnamed GratingStim: mask = 'gauss'
24.2649 	EXP 	unnamed GratingStim: mask = 'gauss'
24.2986 	EXP 	unnamed GratingStim: mask = 'gauss'
24.3312 	EXP 	unnamed GratingStim: mask = 'gauss'
24.3648 	EXP 	unnamed GratingStim: mask = 'gauss'
24.3986 	EXP 	unnamed GratingStim: mask = 'gauss'
24.4319 	EXP 	unnamed GratingStim: mask = 'gauss'
24.4654 	EXP 	unnamed GratingStim: mask = 'gauss'
24.4985 	EXP 	unnamed GratingStim: mask = 'gauss'
24.5318 	EXP 	unnamed GratingStim: mask = 'gauss'
24.5652 	EXP 	unnamed GratingStim: mask = 'gauss'
24.5985 	EXP 	unnamed GratingStim: mask = 'gauss'
24.6320 	EXP 	unnamed GratingStim: mask = 'gauss'
24.6654 	EXP 	unnamed GratingStim: mask = 'gauss'
24.6988 	EXP 	unnamed GratingStim: mask = 'gauss'
24.7319 	EXP 	unnamed GratingStim: mask = 'gauss'
24.7656 	EXP 	unnamed GratingStim: mask = 'gauss'
24.7987 	EXP 	unnamed GratingStim: mask = 'gauss'
24.8321 	EXP 	unnamed GratingStim: mask = 'gauss'
24.8656 	EXP 	unnamed GratingStim: mask = 'gauss'
24.8985 	EXP 	unnamed GratingStim: mask = 'gauss'
24.9319 	EXP 	unnamed GratingStim: mask = 'gauss'
24.9654 	EXP 	unnamed GratingStim: mask = 'gauss'
24.9988 	EXP 	unnamed GratingStim: mask = 'gauss'
25.0319 	EXP 	unnamed GratingStim: mask = 'gauss'
25.0653 	EXP 	unnamed GratingStim: mask = 'gauss'
25.0987 	EXP 	unnamed GratingStim: mask = 'gauss'
25.1323 	EXP 	unnamed GratingStim: mask = 'gauss'
25.1659 	EXP 	unnamed GratingStim: mask = 'gauss'
25.1987 	EXP 	unnamed GratingStim: mask = 'gauss'
25.2322 	EXP 	unnamed GratingStim: mask = 'gauss'
25.2653 	EXP 	unnamed GratingStim: mask = 'gauss'
25.2990 	EXP 	unnamed GratingStim: mask = 'gauss'
25.3324 	EXP 	unnamed GratingStim: mask = 'gauss'
25.3657 	EXP 	unnamed GratingStim: mask = 'gauss'
25.3988 	EXP 	unnamed GratingStim: mask = 'gauss'
25.4322 	EXP 	unnamed GratingStim: mask = 'gauss'
25.4656 	EXP 	unnamed GratingStim: mask = 'gauss'
25.4988 	EXP 	unnamed GratingStim: mask = 'gauss'
25.5323 	EXP 	unnamed GratingStim: mask = 'gauss'
25.5655 	EXP 	unnamed GratingStim: mask = 'gauss'
25.5987 	EXP 	unnamed GratingStim: mask = 'gauss'
25.6324 	EXP 	unnamed GratingStim: mask = 'gauss'
25.6656 	EXP 	GratingPrueba: autoDraw = False
25.6656 	EXP 	unnamed GratingStim: mask = 'gauss'
25.6991 	EXP 	unnamed GratingStim: mask = 'gauss'
25.7323 	EXP 	unnamed GratingStim: mask = 'gauss'
25.7682 	EXP 	GratingPrueba: autoDraw = False
25.7682 	EXP 	FeedbackPrueb: height = 0.1
25.7682 	EXP 	FeedbackPrueb: height = 0.1
25.7682 	EXP 	FeedbackPrueb: text = 'Segui intentando'
25.7682 	EXP 	FeedbackPrueb: autoDraw = True
26.7330 	EXP 	New trial (rep=0, index=1): {'Frecuencia': 5.80474231627537, 'Orientaciondecimal': 0.973560272222272, 'Categoria': 'B', 'Tecla': 'right', 'FrecuenciaEspacial': 0.029023711581376854, 'Orientacion': 97.3560272222272}
26.7373 	EXP 	Created unnamed GratingStim = GratingStim(__class__=<class 'psychopy.visual.grating.GratingStim'>, anchor='center', autoDraw=False, autoLog=True, blendmode='avg', color=array([1., 1., 1.]), colorSpace='rgb', contrast=1.0, depth=0, interpolate=False, mask='gauss', maskParams=None, name='unnamed GratingStim', opacity=1.0, ori=0.0, phase=array([0., 0.]), pos=array([0., 0.]), rgbPedestal=array([0., 0., 0.]), sf=array([1., 1.]), size=array([20., 20.]), tex='sin', texRes=128, units='deg', win=Window(...))
26.7531 	EXP 	FeedbackPrueb: autoDraw = False
26.7531 	EXP 	GratingPrueba: ori = 97.3560272222272
26.7531 	EXP 	GratingPrueba: sf = array([0.02902371, 0.02902371])
26.7531 	EXP 	unnamed GratingStim: mask = 'gauss'
26.7531 	EXP 	unnamed GratingStim: tex = 'sin'
26.7827 	EXP 	unnamed GratingStim: mask = 'gauss'
26.8158 	EXP 	unnamed GratingStim: mask = 'gauss'
26.8492 	EXP 	GratingPrueba: autoDraw = True
26.8492 	EXP 	unnamed GratingStim: mask = 'gauss'
26.8825 	EXP 	unnamed GratingStim: mask = 'gauss'
26.9161 	EXP 	unnamed GratingStim: mask = 'gauss'
26.9493 	EXP 	unnamed GratingStim: mask = 'gauss'
26.9828 	EXP 	unnamed GratingStim: mask = 'gauss'
27.0160 	EXP 	unnamed GratingStim: mask = 'gauss'
27.0493 	EXP 	unnamed GratingStim: mask = 'gauss'
27.0827 	EXP 	unnamed GratingStim: mask = 'gauss'
27.1159 	EXP 	unnamed GratingStim: mask = 'gauss'
27.1495 	EXP 	unnamed GratingStim: mask = 'gauss'
27.1829 	EXP 	unnamed GratingStim: mask = 'gauss'
27.2161 	EXP 	unnamed GratingStim: mask = 'gauss'
27.2496 	EXP 	unnamed GratingStim: mask = 'gauss'
27.2831 	EXP 	unnamed GratingStim: mask = 'gauss'
27.3162 	EXP 	unnamed GratingStim: mask = 'gauss'
27.3495 	EXP 	unnamed GratingStim: mask = 'gauss'
27.3827 	EXP 	unnamed GratingStim: mask = 'gauss'
27.4161 	EXP 	unnamed GratingStim: mask = 'gauss'
27.4498 	EXP 	unnamed GratingStim: mask = 'gauss'
27.4828 	EXP 	unnamed GratingStim: mask = 'gauss'
27.5161 	EXP 	unnamed GratingStim: mask = 'gauss'
27.5495 	EXP 	unnamed GratingStim: mask = 'gauss'
27.5826 	EXP 	unnamed GratingStim: mask = 'gauss'
27.6162 	EXP 	unnamed GratingStim: mask = 'gauss'
27.6495 	EXP 	unnamed GratingStim: mask = 'gauss'
27.6830 	EXP 	unnamed GratingStim: mask = 'gauss'
27.7162 	EXP 	unnamed GratingStim: mask = 'gauss'
27.7501 	EXP 	unnamed GratingStim: mask = 'gauss'
27.7829 	EXP 	unnamed GratingStim: mask = 'gauss'
27.8172 	EXP 	unnamed GratingStim: mask = 'gauss'
27.8498 	EXP 	unnamed GratingStim: mask = 'gauss'
27.8830 	EXP 	unnamed GratingStim: mask = 'gauss'
27.9164 	EXP 	unnamed GratingStim: mask = 'gauss'
27.9495 	EXP 	unnamed GratingStim: mask = 'gauss'
27.9828 	EXP 	unnamed GratingStim: mask = 'gauss'
28.0165 	EXP 	unnamed GratingStim: mask = 'gauss'
28.0499 	EXP 	unnamed GratingStim: mask = 'gauss'
28.0833 	EXP 	unnamed GratingStim: mask = 'gauss'
28.1163 	EXP 	unnamed GratingStim: mask = 'gauss'
28.1498 	EXP 	unnamed GratingStim: mask = 'gauss'
28.1831 	EXP 	unnamed GratingStim: mask = 'gauss'
28.2163 	EXP 	unnamed GratingStim: mask = 'gauss'
28.2499 	EXP 	unnamed GratingStim: mask = 'gauss'
28.2832 	EXP 	unnamed GratingStim: mask = 'gauss'
28.3164 	EXP 	unnamed GratingStim: mask = 'gauss'
28.3499 	EXP 	unnamed GratingStim: mask = 'gauss'
28.3847 	EXP 	unnamed GratingStim: mask = 'gauss'
28.4180 	EXP 	unnamed GratingStim: mask = 'gauss'
28.4499 	EXP 	unnamed GratingStim: mask = 'gauss'
28.4841 	EXP 	unnamed GratingStim: mask = 'gauss'
28.5162 	EXP 	unnamed GratingStim: mask = 'gauss'
28.5496 	EXP 	unnamed GratingStim: mask = 'gauss'
28.5830 	EXP 	unnamed GratingStim: mask = 'gauss'
28.6166 	EXP 	unnamed GratingStim: mask = 'gauss'
28.6496 	EXP 	unnamed GratingStim: mask = 'gauss'
28.6831 	EXP 	unnamed GratingStim: mask = 'gauss'
28.7164 	EXP 	unnamed GratingStim: mask = 'gauss'
28.7497 	EXP 	unnamed GratingStim: mask = 'gauss'
28.7842 	EXP 	unnamed GratingStim: mask = 'gauss'
28.8165 	EXP 	unnamed GratingStim: mask = 'gauss'
28.8498 	EXP 	unnamed GratingStim: mask = 'gauss'
28.8830 	EXP 	unnamed GratingStim: mask = 'gauss'
28.9162 	EXP 	unnamed GratingStim: mask = 'gauss'
28.9496 	EXP 	unnamed GratingStim: mask = 'gauss'
28.9832 	EXP 	unnamed GratingStim: mask = 'gauss'
29.0163 	EXP 	unnamed GratingStim: mask = 'gauss'
29.0496 	EXP 	unnamed GratingStim: mask = 'gauss'
29.0831 	EXP 	unnamed GratingStim: mask = 'gauss'
29.1163 	EXP 	unnamed GratingStim: mask = 'gauss'
29.1499 	EXP 	unnamed GratingStim: mask = 'gauss'
29.1830 	EXP 	unnamed GratingStim: mask = 'gauss'
29.2164 	EXP 	unnamed GratingStim: mask = 'gauss'
29.2498 	EXP 	unnamed GratingStim: mask = 'gauss'
29.2833 	EXP 	unnamed GratingStim: mask = 'gauss'
29.3166 	EXP 	unnamed GratingStim: mask = 'gauss'
29.3500 	EXP 	unnamed GratingStim: mask = 'gauss'
29.3829 	EXP 	unnamed GratingStim: mask = 'gauss'
29.4168 	EXP 	unnamed GratingStim: mask = 'gauss'
29.4501 	EXP 	unnamed GratingStim: mask = 'gauss'
29.4834 	EXP 	unnamed GratingStim: mask = 'gauss'
29.5165 	EXP 	unnamed GratingStim: mask = 'gauss'
29.5501 	EXP 	unnamed GratingStim: mask = 'gauss'
29.5837 	EXP 	unnamed GratingStim: mask = 'gauss'
29.6168 	EXP 	unnamed GratingStim: mask = 'gauss'
29.6503 	EXP 	unnamed GratingStim: mask = 'gauss'
29.6838 	EXP 	unnamed GratingStim: mask = 'gauss'
29.7168 	EXP 	unnamed GratingStim: mask = 'gauss'
29.7502 	EXP 	unnamed GratingStim: mask = 'gauss'
29.7838 	EXP 	unnamed GratingStim: mask = 'gauss'
29.8169 	EXP 	unnamed GratingStim: mask = 'gauss'
29.8509 	EXP 	GratingPrueba: autoDraw = False
29.8509 	EXP 	unnamed GratingStim: mask = 'gauss'
29.8836 	EXP 	unnamed GratingStim: mask = 'gauss'
29.9171 	EXP 	unnamed GratingStim: mask = 'gauss'
29.9179 	DATA 	Keypress: escape
29.9504 	EXP 	GratingPrueba: autoDraw = False
29.9504 	EXP 	FeedbackPrueb: text = 'Segui intentando'
29.9504 	EXP 	FeedbackPrueb: autoDraw = True
30.8349 	EXP 	window1: mouseVisible = True
