1.5336 	WARNING 	We strongly recommend you activate the PTB sound engine in PsychoPy prefs as the preferred audio engine. Its timing is vastly superior. Your prefs are currently set to use ['sounddevice', 'PTB', 'pyo', 'pygame'] (in that order).
8.0643 	WARNING 	User requested fullscreen with size [1680 1050], but screen is actually [1920, 1080]. Using actual size
8.7074 	EXP 	Created window1 = Window(allowGUI=False, allowStencil=False, autoLog=True, backendConf=UNKNOWN, bitsMode=UNKNOWN, blendMode='avg', bpc=(8, 8, 8), color=array([0, 0, 0]), colorSpace='rgb', depthBits=8, fullscr=<method-wrapper '__getattribute__' of attributeSetter object at 0x0000019AD8FE3AF0>, gamma=None, gammaErrorPolicy='raise', lms=UNKNOWN, monitor=<psychopy.monitors.calibTools.Monitor object at 0x0000019ADB1FBFA0>, multiSample=False, name='window1', numSamples=2, pos=(0, 0), screen=0, size=array([1920, 1080]), stencilBits=0, stereo=False, units='deg', useFBO=True, useRetina=False, viewOri=0.0, viewPos=None, viewScale=None, waitBlanking=True, winType='pyglet')
8.7076 	EXP 	window1: mouseVisible = True
8.7076 	EXP 	window1: Attempting to measure frame rate of screen (0) ...
8.7077 	EXP 	window1: recordFrameIntervals = False
8.8736 	EXP 	window1: recordFrameIntervals = True
9.0572 	EXP 	Screen (0) actual frame rate measured at 59.99Hz
9.0573 	EXP 	window1: recordFrameIntervals = False
11.2507 	EXP 	Created Instrucciones1 = TextStim(__class__=<class 'psychopy.visual.text.TextStim'>, alignHoriz=method-wrapper(...), alignText='center', alignVert=method-wrapper(...), anchorHoriz='center', anchorVert='center', antialias=True, autoLog=True, bold=False, color=array([-1., -1., -1.]), colorSpace='rgb', contrast=1.0, depth=0.0, flipHoriz=False, flipVert=False, font='Open Sans', fontFiles=[], height=0.05, italic=False, languageStyle='LTR', name='Instrucciones1', opacity=1.0, ori=0.0, pos=array([0., 0.]), rgb=UNKNOWN, text=str(...), units='height', win=Window(...), wrapWidth=1)
11.2588 	EXP 	Created Instrucciones2 = TextStim(__class__=<class 'psychopy.visual.text.TextStim'>, alignHoriz=method-wrapper(...), alignText='center', alignVert=method-wrapper(...), anchorHoriz='center', anchorVert='center', antialias=True, autoLog=True, bold=False, color=array([-1., -1., -1.]), colorSpace='rgb', contrast=1.0, depth=-2.0, flipHoriz=False, flipVert=False, font='Open Sans', fontFiles=[], height=0.05, italic=False, languageStyle='LTR', name='Instrucciones2', opacity=1.0, ori=0.0, pos=array([0., 0.]), rgb=UNKNOWN, text=str(...), units='height', win=Window(...), wrapWidth=1)
11.2749 	EXP 	Created Instrucciones3 = TextStim(__class__=<class 'psychopy.visual.text.TextStim'>, alignHoriz=method-wrapper(...), alignText='center', alignVert=method-wrapper(...), anchorHoriz='center', anchorVert='center', antialias=True, autoLog=True, bold=False, color=array([-1., -1., -1.]), colorSpace='rgb', contrast=1.0, depth=-4.0, flipHoriz=False, flipVert=False, font='Arial', fontFiles=[], height=0.05, italic=False, languageStyle='LTR', name='Instrucciones3', opacity=1.0, ori=0.0, pos=array([0., 0.]), rgb=UNKNOWN, text=str(...), units='height', win=Window(...), wrapWidth=1)
11.2946 	EXP 	Created instrucciones4 = TextStim(__class__=<class 'psychopy.visual.text.TextStim'>, alignHoriz=method-wrapper(...), alignText='center', alignVert=method-wrapper(...), anchorHoriz='center', anchorVert='center', antialias=True, autoLog=True, bold=False, color=array([-1., -1., -1.]), colorSpace='rgb', contrast=1.0, depth=-6.0, flipHoriz=False, flipVert=False, font='Arial', fontFiles=[], height=0.05, italic=False, languageStyle='LTR', name='instrucciones4', opacity=1.0, ori=0.0, pos=array([0., 0.]), rgb=UNKNOWN, text=str(...), units='height', win=Window(...), wrapWidth=1)
11.3013 	EXP 	Created Instrucciones5 = TextStim(__class__=<class 'psychopy.visual.text.TextStim'>, alignHoriz=method-wrapper(...), alignText='center', alignVert=method-wrapper(...), anchorHoriz='center', anchorVert='center', antialias=True, autoLog=True, bold=False, color=array([1., 1., 1.]), colorSpace='rgb', contrast=1.0, depth=-8.0, flipHoriz=False, flipVert=False, font='Open Sans', fontFiles=[], height=0.05, italic=False, languageStyle='LTR', name='Instrucciones5', opacity=1.0, ori=0.0, pos=array([0., 0.]), rgb=UNKNOWN, text='¡Vamos a hacer uno de prueba!', units='height', win=Window(...), wrapWidth=1)
11.3062 	EXP 	Created GratingPrueba = GratingStim(__class__=<class 'psychopy.visual.grating.GratingStim'>, anchor='center', autoDraw=False, autoLog=True, blendmode='avg', color=array([1., 1., 1.]), colorSpace='rgb', contrast=1.0, depth=-1.0, interpolate=True, mask='circle', maskParams=None, name='GratingPrueba', opacity=1.0, ori=1.0, phase=array([0., 0.]), pos=array([0., 0.]), rgbPedestal=array([0., 0., 0.]), sf=array([1., 1.]), size=array([200., 200.]), tex='sin', texRes=128, units='pix', win=Window(...))
11.3077 	EXP 	Created FeedbackPrueb = TextStim(__class__=<class 'psychopy.visual.text.TextStim'>, alignHoriz=method-wrapper(...), alignText='center', alignVert=method-wrapper(...), anchorHoriz='center', anchorVert='center', antialias=True, autoLog=True, bold=False, color=array([1., 1., 1.]), colorSpace='rgb', contrast=1.0, depth=-1.0, flipHoriz=False, flipVert=False, font='Open Sans', fontFiles=[], height=0.1, italic=False, languageStyle='LTR', name='FeedbackPrueb', opacity=1.0, ori=0.0, pos=array([0., 0.]), rgb=UNKNOWN, text='', units='height', win=Window(...), wrapWidth=1)
11.3236 	EXP 	Created ComienzoTexto = TextStim(__class__=<class 'psychopy.visual.text.TextStim'>, alignHoriz=method-wrapper(...), alignText='center', alignVert=method-wrapper(...), anchorHoriz='center', anchorVert='center', antialias=True, autoLog=True, bold=False, color=array([-1., -1., -1.]), colorSpace='rgb', contrast=1.0, depth=0.0, flipHoriz=False, flipVert=False, font='Open Sans', fontFiles=[], height=0.05, italic=False, languageStyle='LTR', name='ComienzoTexto', opacity=1.0, ori=0.0, pos=array([0., 0.]), rgb=UNKNOWN, text=str(...), units='height', win=Window(...), wrapWidth=1)
11.3270 	EXP 	Created grating2 = GratingStim(__class__=<class 'psychopy.visual.grating.GratingStim'>, anchor='center', autoDraw=False, autoLog=True, blendmode='avg', color=array([1., 1., 1.]), colorSpace='rgb', contrast=1.0, depth=0.0, interpolate=True, mask='circle', maskParams=None, name='grating2', opacity=1.0, ori=1.0, phase=array([0., 0.]), pos=array([0., 0.]), rgbPedestal=array([0., 0., 0.]), sf=array([1., 1.]), size=array([200., 200.]), tex='sin', texRes=128, units='pix', win=Window(...))
11.3281 	EXP 	Created feedback_2 = TextStim(__class__=<class 'psychopy.visual.text.TextStim'>, alignHoriz=method-wrapper(...), alignText='center', alignVert=method-wrapper(...), anchorHoriz='center', anchorVert='center', antialias=True, autoLog=True, bold=False, color=array([1., 1., 1.]), colorSpace='rgb', contrast=1.0, depth=-1.0, flipHoriz=False, flipVert=False, font='Open Sans', fontFiles=[], height=0.1, italic=False, languageStyle='LTR', name='feedback_2', opacity=1.0, ori=0.0, pos=array([0., 0.]), rgb=UNKNOWN, text='', units='height', win=Window(...), wrapWidth=1)
11.3426 	EXP 	Created Gracias = TextStim(__class__=<class 'psychopy.visual.text.TextStim'>, alignHoriz=method-wrapper(...), alignText='center', alignVert=method-wrapper(...), anchorHoriz='center', anchorVert='center', antialias=True, autoLog=True, bold=False, color=array([1., 1., 1.]), colorSpace='rgb', contrast=1.0, depth=0.0, flipHoriz=False, flipVert=False, font='Open Sans', fontFiles=[], height=0.1, italic=False, languageStyle='LTR', name='Gracias', opacity=1.0, ori=0.0, pos=array([0., 0.]), rgb=UNKNOWN, text='¡Muchas gracias por participar!', units='height', win=Window(...), wrapWidth=1)
11.3445 	EXP 	Created image = ImageStim(__class__=<class 'psychopy.visual.image.ImageStim'>, anchor=('center', 'center'), autoLog=True, color=array([1., 1., 1.]), colorSpace='rgb', contrast=1.0, depth=-1.0, flipHoriz=False, flipVert=False, image=None, interpolate=True, mask=None, maskParams=None, name='image', opacity=1.0, ori=0.0, pos=array([0., 0.]), size=array([0.5, 0.5]), texRes=128.0, units='deg', win=Window(...))
12.3417 	EXP 	Instrucciones1: autoDraw = True
12.9608 	DATA 	Mouse: Left button down, pos=(881,535)
13.0772 	DATA 	Mouse:  Left button up, pos=(881,535)
13.9613 	DATA 	Keypress: space
13.9756 	EXP 	Instrucciones1: autoDraw = False
13.9756 	EXP 	Instrucciones2: autoDraw = True
14.1276 	DATA 	Keypress: space
14.4953 	DATA 	Keypress: space
14.5093 	EXP 	Instrucciones2: autoDraw = False
14.5093 	EXP 	Instrucciones3: autoDraw = True
14.7778 	DATA 	Keypress: space
15.0121 	DATA 	Keypress: space
15.0260 	EXP 	Instrucciones3: autoDraw = False
15.0260 	EXP 	instrucciones4: autoDraw = True
15.3784 	DATA 	Keypress: space
15.5791 	DATA 	Keypress: space
15.5929 	EXP 	instrucciones4: autoDraw = False
15.5929 	EXP 	Instrucciones5: autoDraw = True
15.7641 	DATA 	Keypress: space
16.0136 	DATA 	Keypress: space
16.8455 	DATA 	Keypress: space
17.1621 	DATA 	Keypress: space
17.7114 	DATA 	Keypress: space
19.5856 	EXP 	Imported ParametrosPRUEBAintinfoTraining.xlsx as conditions, 10 conditions, 6 params
19.5862 	EXP 	Created sequence: sequential, trialTypes=10, nReps=1, seed=None
19.5865 	EXP 	New trial (rep=0, index=0): {'Frecuencia': 6.12015737910944, 'Orientaciondecimal': 0.960355341119567, 'Categoria': 'A', 'Tecla': 'left', 'FrecuenciaEspacial': 0.030600786895547197, 'Orientacion': 96.0355341119567}
19.5927 	EXP 	Created unnamed GratingStim = GratingStim(__class__=<class 'psychopy.visual.grating.GratingStim'>, anchor='center', autoDraw=False, autoLog=True, blendmode='avg', color=array([1., 1., 1.]), colorSpace='rgb', contrast=1.0, depth=0, interpolate=False, mask='gauss', maskParams=None, name='unnamed GratingStim', opacity=1.0, ori=0.0, phase=array([0., 0.]), pos=array([0., 0.]), rgbPedestal=array([0., 0., 0.]), sf=array([1., 1.]), size=array([10., 10.]), tex='sin', texRes=128, units='deg', win=Window(...))
19.6077 	EXP 	Instrucciones5: autoDraw = False
19.6077 	EXP 	Instrucciones1: autoDraw = False
19.6077 	EXP 	Instrucciones2: autoDraw = False
19.6077 	EXP 	Instrucciones3: autoDraw = False
19.6077 	EXP 	instrucciones4: autoDraw = False
19.6077 	EXP 	Instrucciones5: autoDraw = False
19.6077 	EXP 	GratingPrueba: ori = 96.0355341119567
19.6077 	EXP 	GratingPrueba: sf = array([0.03060079, 0.03060079])
19.6077 	EXP 	unnamed GratingStim: mask = 'gauss'
19.6077 	EXP 	unnamed GratingStim: tex = 'sin'
19.6436 	EXP 	unnamed GratingStim: mask = 'gauss'
19.6771 	EXP 	unnamed GratingStim: mask = 'gauss'
19.7106 	EXP 	GratingPrueba: autoDraw = True
19.7106 	EXP 	unnamed GratingStim: mask = 'gauss'
19.7106 	EXP 	GratingPrueba: tex = 'sin'
19.7437 	EXP 	unnamed GratingStim: mask = 'gauss'
19.7769 	EXP 	unnamed GratingStim: mask = 'gauss'
19.7782 	DATA 	Keypress: space
19.8104 	EXP 	unnamed GratingStim: mask = 'gauss'
19.8438 	EXP 	unnamed GratingStim: mask = 'gauss'
19.8771 	EXP 	unnamed GratingStim: mask = 'gauss'
19.9105 	EXP 	unnamed GratingStim: mask = 'gauss'
19.9438 	EXP 	unnamed GratingStim: mask = 'gauss'
19.9771 	EXP 	unnamed GratingStim: mask = 'gauss'
20.0104 	EXP 	unnamed GratingStim: mask = 'gauss'
20.0437 	EXP 	unnamed GratingStim: mask = 'gauss'
20.0769 	EXP 	unnamed GratingStim: mask = 'gauss'
20.1104 	EXP 	unnamed GratingStim: mask = 'gauss'
20.1439 	EXP 	unnamed GratingStim: mask = 'gauss'
20.1772 	EXP 	unnamed GratingStim: mask = 'gauss'
20.2105 	EXP 	unnamed GratingStim: mask = 'gauss'
20.2438 	EXP 	unnamed GratingStim: mask = 'gauss'
20.2778 	EXP 	unnamed GratingStim: mask = 'gauss'
20.3112 	EXP 	unnamed GratingStim: mask = 'gauss'
20.3445 	EXP 	unnamed GratingStim: mask = 'gauss'
20.3777 	EXP 	unnamed GratingStim: mask = 'gauss'
20.4114 	EXP 	unnamed GratingStim: mask = 'gauss'
20.4444 	EXP 	unnamed GratingStim: mask = 'gauss'
20.4780 	EXP 	unnamed GratingStim: mask = 'gauss'
20.5112 	EXP 	unnamed GratingStim: mask = 'gauss'
20.5447 	EXP 	unnamed GratingStim: mask = 'gauss'
20.5777 	EXP 	unnamed GratingStim: mask = 'gauss'
20.6112 	EXP 	unnamed GratingStim: mask = 'gauss'
20.6447 	EXP 	unnamed GratingStim: mask = 'gauss'
20.6777 	EXP 	unnamed GratingStim: mask = 'gauss'
20.7110 	EXP 	unnamed GratingStim: mask = 'gauss'
20.7445 	EXP 	unnamed GratingStim: mask = 'gauss'
20.7780 	EXP 	unnamed GratingStim: mask = 'gauss'
20.8114 	EXP 	unnamed GratingStim: mask = 'gauss'
20.8446 	EXP 	unnamed GratingStim: mask = 'gauss'
20.8780 	EXP 	unnamed GratingStim: mask = 'gauss'
20.9113 	EXP 	unnamed GratingStim: mask = 'gauss'
20.9445 	EXP 	unnamed GratingStim: mask = 'gauss'
20.9780 	EXP 	unnamed GratingStim: mask = 'gauss'
21.0114 	EXP 	unnamed GratingStim: mask = 'gauss'
21.0448 	EXP 	unnamed GratingStim: mask = 'gauss'
21.0782 	EXP 	unnamed GratingStim: mask = 'gauss'
21.1114 	EXP 	unnamed GratingStim: mask = 'gauss'
21.1447 	EXP 	unnamed GratingStim: mask = 'gauss'
21.1782 	EXP 	unnamed GratingStim: mask = 'gauss'
21.2117 	EXP 	unnamed GratingStim: mask = 'gauss'
21.2448 	EXP 	unnamed GratingStim: mask = 'gauss'
21.2782 	EXP 	unnamed GratingStim: mask = 'gauss'
21.3113 	EXP 	unnamed GratingStim: mask = 'gauss'
21.3448 	EXP 	unnamed GratingStim: mask = 'gauss'
21.3781 	EXP 	unnamed GratingStim: mask = 'gauss'
21.4116 	EXP 	unnamed GratingStim: mask = 'gauss'
21.4449 	EXP 	unnamed GratingStim: mask = 'gauss'
21.4781 	EXP 	unnamed GratingStim: mask = 'gauss'
21.5114 	EXP 	unnamed GratingStim: mask = 'gauss'
21.5447 	EXP 	unnamed GratingStim: mask = 'gauss'
21.5780 	EXP 	unnamed GratingStim: mask = 'gauss'
21.6116 	EXP 	unnamed GratingStim: mask = 'gauss'
21.6448 	EXP 	unnamed GratingStim: mask = 'gauss'
21.6781 	EXP 	unnamed GratingStim: mask = 'gauss'
21.7115 	EXP 	unnamed GratingStim: mask = 'gauss'
21.7448 	EXP 	unnamed GratingStim: mask = 'gauss'
21.7784 	EXP 	unnamed GratingStim: mask = 'gauss'
21.8116 	EXP 	unnamed GratingStim: mask = 'gauss'
21.8448 	EXP 	unnamed GratingStim: mask = 'gauss'
21.8788 	EXP 	unnamed GratingStim: mask = 'gauss'
21.9116 	EXP 	unnamed GratingStim: mask = 'gauss'
21.9449 	EXP 	unnamed GratingStim: mask = 'gauss'
21.9782 	EXP 	unnamed GratingStim: mask = 'gauss'
22.0117 	EXP 	unnamed GratingStim: mask = 'gauss'
22.0449 	EXP 	unnamed GratingStim: mask = 'gauss'
22.0784 	EXP 	unnamed GratingStim: mask = 'gauss'
22.1117 	EXP 	unnamed GratingStim: mask = 'gauss'
22.1448 	EXP 	unnamed GratingStim: mask = 'gauss'
22.1782 	EXP 	unnamed GratingStim: mask = 'gauss'
22.2117 	EXP 	unnamed GratingStim: mask = 'gauss'
22.2451 	EXP 	unnamed GratingStim: mask = 'gauss'
22.2808 	EXP 	unnamed GratingStim: mask = 'gauss'
22.3118 	EXP 	unnamed GratingStim: mask = 'gauss'
22.3453 	EXP 	unnamed GratingStim: mask = 'gauss'
22.3784 	EXP 	unnamed GratingStim: mask = 'gauss'
22.4118 	EXP 	unnamed GratingStim: mask = 'gauss'
22.4450 	EXP 	unnamed GratingStim: mask = 'gauss'
22.4785 	EXP 	unnamed GratingStim: mask = 'gauss'
22.5117 	EXP 	unnamed GratingStim: mask = 'gauss'
22.5449 	EXP 	unnamed GratingStim: mask = 'gauss'
22.5785 	EXP 	unnamed GratingStim: mask = 'gauss'
22.6120 	EXP 	unnamed GratingStim: mask = 'gauss'
22.6450 	EXP 	unnamed GratingStim: mask = 'gauss'
22.6786 	EXP 	unnamed GratingStim: mask = 'gauss'
22.7119 	EXP 	GratingPrueba: autoDraw = False
22.7119 	EXP 	unnamed GratingStim: mask = 'gauss'
22.7452 	EXP 	unnamed GratingStim: mask = 'gauss'
22.7784 	EXP 	unnamed GratingStim: mask = 'gauss'
22.8147 	EXP 	GratingPrueba: autoDraw = False
22.8147 	EXP 	FeedbackPrueb: height = 0.1
22.8147 	EXP 	FeedbackPrueb: height = 0.1
22.8147 	EXP 	FeedbackPrueb: text = 'Segui intentando'
22.8147 	EXP 	FeedbackPrueb: autoDraw = True
23.7795 	EXP 	New trial (rep=0, index=1): {'Frecuencia': 5.80474231627537, 'Orientaciondecimal': 0.973560272222272, 'Categoria': 'B', 'Tecla': 'right', 'FrecuenciaEspacial': 0.029023711581376854, 'Orientacion': 97.3560272222272}
23.7838 	EXP 	Created unnamed GratingStim = GratingStim(__class__=<class 'psychopy.visual.grating.GratingStim'>, anchor='center', autoDraw=False, autoLog=True, blendmode='avg', color=array([1., 1., 1.]), colorSpace='rgb', contrast=1.0, depth=0, interpolate=False, mask='gauss', maskParams=None, name='unnamed GratingStim', opacity=1.0, ori=0.0, phase=array([0., 0.]), pos=array([0., 0.]), rgbPedestal=array([0., 0., 0.]), sf=array([1., 1.]), size=array([10., 10.]), tex='sin', texRes=128, units='deg', win=Window(...))
23.7991 	EXP 	FeedbackPrueb: autoDraw = False
23.7991 	EXP 	GratingPrueba: ori = 97.3560272222272
23.7991 	EXP 	GratingPrueba: sf = array([0.02902371, 0.02902371])
23.7991 	EXP 	unnamed GratingStim: mask = 'gauss'
23.7991 	EXP 	unnamed GratingStim: tex = 'sin'
23.8289 	EXP 	unnamed GratingStim: mask = 'gauss'
23.8622 	EXP 	unnamed GratingStim: mask = 'gauss'
23.8954 	EXP 	GratingPrueba: autoDraw = True
23.8954 	EXP 	unnamed GratingStim: mask = 'gauss'
23.9287 	EXP 	unnamed GratingStim: mask = 'gauss'
23.9623 	EXP 	unnamed GratingStim: mask = 'gauss'
23.9959 	EXP 	unnamed GratingStim: mask = 'gauss'
24.0288 	EXP 	unnamed GratingStim: mask = 'gauss'
24.0622 	EXP 	unnamed GratingStim: mask = 'gauss'
24.0957 	EXP 	unnamed GratingStim: mask = 'gauss'
24.1288 	EXP 	unnamed GratingStim: mask = 'gauss'
24.1628 	EXP 	unnamed GratingStim: mask = 'gauss'
24.1956 	EXP 	unnamed GratingStim: mask = 'gauss'
24.2288 	EXP 	unnamed GratingStim: mask = 'gauss'
24.2622 	EXP 	unnamed GratingStim: mask = 'gauss'
24.2954 	EXP 	unnamed GratingStim: mask = 'gauss'
24.3290 	EXP 	unnamed GratingStim: mask = 'gauss'
24.3623 	EXP 	unnamed GratingStim: mask = 'gauss'
24.3957 	EXP 	unnamed GratingStim: mask = 'gauss'
24.4292 	EXP 	unnamed GratingStim: mask = 'gauss'
24.4623 	EXP 	unnamed GratingStim: mask = 'gauss'
24.4956 	EXP 	unnamed GratingStim: mask = 'gauss'
24.5290 	EXP 	unnamed GratingStim: mask = 'gauss'
24.5625 	EXP 	unnamed GratingStim: mask = 'gauss'
24.5958 	EXP 	unnamed GratingStim: mask = 'gauss'
24.6295 	EXP 	unnamed GratingStim: mask = 'gauss'
24.6624 	EXP 	unnamed GratingStim: mask = 'gauss'
24.6957 	EXP 	unnamed GratingStim: mask = 'gauss'
24.7291 	EXP 	unnamed GratingStim: mask = 'gauss'
24.7626 	EXP 	unnamed GratingStim: mask = 'gauss'
24.7957 	EXP 	unnamed GratingStim: mask = 'gauss'
24.8293 	EXP 	unnamed GratingStim: mask = 'gauss'
24.8623 	EXP 	unnamed GratingStim: mask = 'gauss'
24.8957 	EXP 	unnamed GratingStim: mask = 'gauss'
24.9292 	EXP 	unnamed GratingStim: mask = 'gauss'
24.9626 	EXP 	unnamed GratingStim: mask = 'gauss'
24.9962 	EXP 	unnamed GratingStim: mask = 'gauss'
25.0295 	EXP 	unnamed GratingStim: mask = 'gauss'
25.0626 	EXP 	unnamed GratingStim: mask = 'gauss'
25.0959 	EXP 	unnamed GratingStim: mask = 'gauss'
25.1292 	EXP 	unnamed GratingStim: mask = 'gauss'
25.1626 	EXP 	unnamed GratingStim: mask = 'gauss'
25.1960 	EXP 	unnamed GratingStim: mask = 'gauss'
25.2299 	EXP 	unnamed GratingStim: mask = 'gauss'
25.2630 	EXP 	unnamed GratingStim: mask = 'gauss'
25.2963 	EXP 	unnamed GratingStim: mask = 'gauss'
25.3294 	EXP 	unnamed GratingStim: mask = 'gauss'
25.3628 	EXP 	unnamed GratingStim: mask = 'gauss'
25.3962 	EXP 	unnamed GratingStim: mask = 'gauss'
25.4293 	EXP 	unnamed GratingStim: mask = 'gauss'
25.4630 	EXP 	unnamed GratingStim: mask = 'gauss'
25.4960 	EXP 	unnamed GratingStim: mask = 'gauss'
25.5295 	EXP 	unnamed GratingStim: mask = 'gauss'
25.5628 	EXP 	unnamed GratingStim: mask = 'gauss'
25.5961 	EXP 	unnamed GratingStim: mask = 'gauss'
25.6298 	EXP 	unnamed GratingStim: mask = 'gauss'
25.6629 	EXP 	unnamed GratingStim: mask = 'gauss'
25.6960 	EXP 	unnamed GratingStim: mask = 'gauss'
25.7294 	EXP 	unnamed GratingStim: mask = 'gauss'
25.7628 	EXP 	unnamed GratingStim: mask = 'gauss'
25.7963 	EXP 	unnamed GratingStim: mask = 'gauss'
25.8295 	EXP 	unnamed GratingStim: mask = 'gauss'
25.8628 	EXP 	unnamed GratingStim: mask = 'gauss'
25.8962 	EXP 	unnamed GratingStim: mask = 'gauss'
25.9294 	EXP 	unnamed GratingStim: mask = 'gauss'
25.9628 	EXP 	unnamed GratingStim: mask = 'gauss'
25.9964 	EXP 	unnamed GratingStim: mask = 'gauss'
26.0297 	EXP 	unnamed GratingStim: mask = 'gauss'
26.0627 	EXP 	unnamed GratingStim: mask = 'gauss'
26.0963 	EXP 	unnamed GratingStim: mask = 'gauss'
26.1291 	EXP 	unnamed GratingStim: mask = 'gauss'
26.1625 	EXP 	unnamed GratingStim: mask = 'gauss'
26.1960 	EXP 	unnamed GratingStim: mask = 'gauss'
26.2293 	EXP 	unnamed GratingStim: mask = 'gauss'
26.2628 	EXP 	unnamed GratingStim: mask = 'gauss'
26.2963 	EXP 	unnamed GratingStim: mask = 'gauss'
26.3295 	EXP 	unnamed GratingStim: mask = 'gauss'
26.3630 	EXP 	unnamed GratingStim: mask = 'gauss'
26.3962 	EXP 	unnamed GratingStim: mask = 'gauss'
26.4294 	EXP 	unnamed GratingStim: mask = 'gauss'
26.4629 	EXP 	unnamed GratingStim: mask = 'gauss'
26.4965 	EXP 	unnamed GratingStim: mask = 'gauss'
26.5298 	EXP 	unnamed GratingStim: mask = 'gauss'
26.5631 	EXP 	unnamed GratingStim: mask = 'gauss'
26.5964 	EXP 	unnamed GratingStim: mask = 'gauss'
26.6300 	EXP 	unnamed GratingStim: mask = 'gauss'
26.6629 	EXP 	unnamed GratingStim: mask = 'gauss'
26.6960 	EXP 	unnamed GratingStim: mask = 'gauss'
26.7297 	EXP 	unnamed GratingStim: mask = 'gauss'
26.7632 	EXP 	unnamed GratingStim: mask = 'gauss'
26.7966 	EXP 	unnamed GratingStim: mask = 'gauss'
26.8297 	EXP 	unnamed GratingStim: mask = 'gauss'
26.8631 	EXP 	unnamed GratingStim: mask = 'gauss'
26.8966 	EXP 	GratingPrueba: autoDraw = False
26.8966 	EXP 	unnamed GratingStim: mask = 'gauss'
26.9301 	EXP 	unnamed GratingStim: mask = 'gauss'
26.9630 	EXP 	unnamed GratingStim: mask = 'gauss'
26.9969 	EXP 	GratingPrueba: autoDraw = False
26.9969 	EXP 	FeedbackPrueb: text = 'Segui intentando'
26.9969 	EXP 	FeedbackPrueb: autoDraw = True
27.9806 	EXP 	New trial (rep=0, index=2): {'Frecuencia': 5.72673654075559, 'Orientaciondecimal': 0.957490584769043, 'Categoria': 'B', 'Tecla': 'right', 'FrecuenciaEspacial': 0.028633682703777953, 'Orientacion': 95.74905847690431}
27.9851 	EXP 	Created unnamed GratingStim = GratingStim(__class__=<class 'psychopy.visual.grating.GratingStim'>, anchor='center', autoDraw=False, autoLog=True, blendmode='avg', color=array([1., 1., 1.]), colorSpace='rgb', contrast=1.0, depth=0, interpolate=False, mask='gauss', maskParams=None, name='unnamed GratingStim', opacity=1.0, ori=0.0, phase=array([0., 0.]), pos=array([0., 0.]), rgbPedestal=array([0., 0., 0.]), sf=array([1., 1.]), size=array([10., 10.]), tex='sin', texRes=128, units='deg', win=Window(...))
28.0012 	EXP 	FeedbackPrueb: autoDraw = False
28.0012 	EXP 	GratingPrueba: ori = 95.74905847690431
28.0012 	EXP 	GratingPrueba: sf = array([0.02863368, 0.02863368])
28.0012 	EXP 	unnamed GratingStim: mask = 'gauss'
28.0012 	EXP 	unnamed GratingStim: tex = 'sin'
28.0302 	EXP 	unnamed GratingStim: mask = 'gauss'
28.0632 	EXP 	unnamed GratingStim: mask = 'gauss'
28.0969 	EXP 	GratingPrueba: autoDraw = True
28.0969 	EXP 	unnamed GratingStim: mask = 'gauss'
28.1302 	EXP 	unnamed GratingStim: mask = 'gauss'
28.1635 	EXP 	unnamed GratingStim: mask = 'gauss'
28.1970 	EXP 	unnamed GratingStim: mask = 'gauss'
28.2303 	EXP 	unnamed GratingStim: mask = 'gauss'
28.2638 	EXP 	unnamed GratingStim: mask = 'gauss'
28.2970 	EXP 	unnamed GratingStim: mask = 'gauss'
28.3301 	EXP 	unnamed GratingStim: mask = 'gauss'
28.3636 	EXP 	unnamed GratingStim: mask = 'gauss'
28.3969 	EXP 	unnamed GratingStim: mask = 'gauss'
28.4304 	EXP 	unnamed GratingStim: mask = 'gauss'
28.4637 	EXP 	unnamed GratingStim: mask = 'gauss'
28.4969 	EXP 	unnamed GratingStim: mask = 'gauss'
28.5302 	EXP 	unnamed GratingStim: mask = 'gauss'
28.5635 	EXP 	unnamed GratingStim: mask = 'gauss'
28.5969 	EXP 	unnamed GratingStim: mask = 'gauss'
28.6304 	EXP 	unnamed GratingStim: mask = 'gauss'
28.6636 	EXP 	unnamed GratingStim: mask = 'gauss'
28.6969 	EXP 	unnamed GratingStim: mask = 'gauss'
28.7304 	EXP 	unnamed GratingStim: mask = 'gauss'
28.7636 	EXP 	unnamed GratingStim: mask = 'gauss'
28.7969 	EXP 	unnamed GratingStim: mask = 'gauss'
28.8305 	EXP 	unnamed GratingStim: mask = 'gauss'
28.8639 	EXP 	unnamed GratingStim: mask = 'gauss'
28.8973 	EXP 	unnamed GratingStim: mask = 'gauss'
28.9309 	EXP 	unnamed GratingStim: mask = 'gauss'
28.9639 	EXP 	unnamed GratingStim: mask = 'gauss'
28.9971 	EXP 	unnamed GratingStim: mask = 'gauss'
29.0307 	EXP 	unnamed GratingStim: mask = 'gauss'
29.0640 	EXP 	unnamed GratingStim: mask = 'gauss'
29.0973 	EXP 	unnamed GratingStim: mask = 'gauss'
29.1306 	EXP 	unnamed GratingStim: mask = 'gauss'
29.1637 	EXP 	unnamed GratingStim: mask = 'gauss'
29.1971 	EXP 	unnamed GratingStim: mask = 'gauss'
29.2303 	EXP 	unnamed GratingStim: mask = 'gauss'
29.2640 	EXP 	unnamed GratingStim: mask = 'gauss'
29.2972 	EXP 	unnamed GratingStim: mask = 'gauss'
29.3307 	EXP 	unnamed GratingStim: mask = 'gauss'
29.3640 	EXP 	unnamed GratingStim: mask = 'gauss'
29.3974 	EXP 	unnamed GratingStim: mask = 'gauss'
29.4306 	EXP 	unnamed GratingStim: mask = 'gauss'
29.4641 	EXP 	unnamed GratingStim: mask = 'gauss'
29.4971 	EXP 	unnamed GratingStim: mask = 'gauss'
29.5306 	EXP 	unnamed GratingStim: mask = 'gauss'
29.5639 	EXP 	unnamed GratingStim: mask = 'gauss'
29.5974 	EXP 	unnamed GratingStim: mask = 'gauss'
29.6307 	EXP 	unnamed GratingStim: mask = 'gauss'
29.6640 	EXP 	unnamed GratingStim: mask = 'gauss'
29.6975 	EXP 	unnamed GratingStim: mask = 'gauss'
29.7308 	EXP 	unnamed GratingStim: mask = 'gauss'
29.7639 	EXP 	unnamed GratingStim: mask = 'gauss'
29.7974 	EXP 	unnamed GratingStim: mask = 'gauss'
29.8309 	EXP 	unnamed GratingStim: mask = 'gauss'
29.8640 	EXP 	unnamed GratingStim: mask = 'gauss'
29.8973 	EXP 	unnamed GratingStim: mask = 'gauss'
29.9307 	EXP 	unnamed GratingStim: mask = 'gauss'
29.9644 	EXP 	unnamed GratingStim: mask = 'gauss'
29.9977 	EXP 	unnamed GratingStim: mask = 'gauss'
30.0307 	EXP 	unnamed GratingStim: mask = 'gauss'
30.0642 	EXP 	unnamed GratingStim: mask = 'gauss'
30.0974 	EXP 	unnamed GratingStim: mask = 'gauss'
30.1310 	EXP 	unnamed GratingStim: mask = 'gauss'
30.1643 	EXP 	unnamed GratingStim: mask = 'gauss'
30.1977 	EXP 	unnamed GratingStim: mask = 'gauss'
30.2307 	EXP 	unnamed GratingStim: mask = 'gauss'
30.2642 	EXP 	unnamed GratingStim: mask = 'gauss'
30.2977 	EXP 	unnamed GratingStim: mask = 'gauss'
30.3310 	EXP 	unnamed GratingStim: mask = 'gauss'
30.3646 	EXP 	unnamed GratingStim: mask = 'gauss'
30.3977 	EXP 	unnamed GratingStim: mask = 'gauss'
30.4309 	EXP 	unnamed GratingStim: mask = 'gauss'
30.4644 	EXP 	unnamed GratingStim: mask = 'gauss'
30.4977 	EXP 	unnamed GratingStim: mask = 'gauss'
30.5311 	EXP 	unnamed GratingStim: mask = 'gauss'
30.5644 	EXP 	unnamed GratingStim: mask = 'gauss'
30.5976 	EXP 	unnamed GratingStim: mask = 'gauss'
30.6313 	EXP 	unnamed GratingStim: mask = 'gauss'
30.6643 	EXP 	unnamed GratingStim: mask = 'gauss'
30.6976 	EXP 	unnamed GratingStim: mask = 'gauss'
30.7310 	EXP 	unnamed GratingStim: mask = 'gauss'
30.7644 	EXP 	unnamed GratingStim: mask = 'gauss'
30.7979 	EXP 	unnamed GratingStim: mask = 'gauss'
30.8309 	EXP 	unnamed GratingStim: mask = 'gauss'
30.8643 	EXP 	unnamed GratingStim: mask = 'gauss'
30.8979 	EXP 	unnamed GratingStim: mask = 'gauss'
30.9310 	EXP 	unnamed GratingStim: mask = 'gauss'
30.9644 	EXP 	unnamed GratingStim: mask = 'gauss'
30.9980 	EXP 	unnamed GratingStim: mask = 'gauss'
31.0309 	EXP 	unnamed GratingStim: mask = 'gauss'
31.0643 	EXP 	unnamed GratingStim: mask = 'gauss'
31.0978 	EXP 	GratingPrueba: autoDraw = False
31.0978 	EXP 	unnamed GratingStim: mask = 'gauss'
31.1313 	EXP 	unnamed GratingStim: mask = 'gauss'
31.1645 	EXP 	unnamed GratingStim: mask = 'gauss'
31.1977 	EXP 	GratingPrueba: autoDraw = False
31.1977 	EXP 	FeedbackPrueb: text = 'Segui intentando'
31.1977 	EXP 	FeedbackPrueb: autoDraw = True
32.1819 	EXP 	New trial (rep=0, index=3): {'Frecuencia': 6.08635969142881, 'Orientaciondecimal': 0.950826717019596, 'Categoria': 'A', 'Tecla': 'left', 'FrecuenciaEspacial': 0.03043179845714405, 'Orientacion': 95.0826717019596}
32.1865 	EXP 	Created unnamed GratingStim = GratingStim(__class__=<class 'psychopy.visual.grating.GratingStim'>, anchor='center', autoDraw=False, autoLog=True, blendmode='avg', color=array([1., 1., 1.]), colorSpace='rgb', contrast=1.0, depth=0, interpolate=False, mask='gauss', maskParams=None, name='unnamed GratingStim', opacity=1.0, ori=0.0, phase=array([0., 0.]), pos=array([0., 0.]), rgbPedestal=array([0., 0., 0.]), sf=array([1., 1.]), size=array([10., 10.]), tex='sin', texRes=128, units='deg', win=Window(...))
32.2018 	EXP 	FeedbackPrueb: autoDraw = False
32.2018 	EXP 	GratingPrueba: ori = 95.0826717019596
32.2018 	EXP 	GratingPrueba: sf = array([0.0304318, 0.0304318])
32.2018 	EXP 	unnamed GratingStim: mask = 'gauss'
32.2018 	EXP 	unnamed GratingStim: tex = 'sin'
32.2314 	EXP 	unnamed GratingStim: mask = 'gauss'
32.2650 	EXP 	unnamed GratingStim: mask = 'gauss'
32.2982 	EXP 	GratingPrueba: autoDraw = True
32.2982 	EXP 	unnamed GratingStim: mask = 'gauss'
32.3314 	EXP 	unnamed GratingStim: mask = 'gauss'
32.3648 	EXP 	unnamed GratingStim: mask = 'gauss'
32.3982 	EXP 	unnamed GratingStim: mask = 'gauss'
32.4316 	EXP 	unnamed GratingStim: mask = 'gauss'
32.4654 	EXP 	unnamed GratingStim: mask = 'gauss'
32.4981 	EXP 	unnamed GratingStim: mask = 'gauss'
32.5315 	EXP 	unnamed GratingStim: mask = 'gauss'
32.5648 	EXP 	unnamed GratingStim: mask = 'gauss'
32.5984 	EXP 	unnamed GratingStim: mask = 'gauss'
32.6320 	EXP 	unnamed GratingStim: mask = 'gauss'
32.6649 	EXP 	unnamed GratingStim: mask = 'gauss'
32.6981 	EXP 	unnamed GratingStim: mask = 'gauss'
32.7317 	EXP 	unnamed GratingStim: mask = 'gauss'
32.7650 	EXP 	unnamed GratingStim: mask = 'gauss'
32.7983 	EXP 	unnamed GratingStim: mask = 'gauss'
32.8318 	EXP 	unnamed GratingStim: mask = 'gauss'
32.8648 	EXP 	unnamed GratingStim: mask = 'gauss'
32.8983 	EXP 	unnamed GratingStim: mask = 'gauss'
32.9316 	EXP 	unnamed GratingStim: mask = 'gauss'
32.9650 	EXP 	unnamed GratingStim: mask = 'gauss'
32.9984 	EXP 	unnamed GratingStim: mask = 'gauss'
33.0320 	EXP 	unnamed GratingStim: mask = 'gauss'
33.0650 	EXP 	unnamed GratingStim: mask = 'gauss'
33.0982 	EXP 	unnamed GratingStim: mask = 'gauss'
33.1320 	EXP 	unnamed GratingStim: mask = 'gauss'
33.1653 	EXP 	unnamed GratingStim: mask = 'gauss'
33.1982 	EXP 	unnamed GratingStim: mask = 'gauss'
33.2318 	EXP 	unnamed GratingStim: mask = 'gauss'
33.2652 	EXP 	unnamed GratingStim: mask = 'gauss'
33.2984 	EXP 	unnamed GratingStim: mask = 'gauss'
33.3318 	EXP 	unnamed GratingStim: mask = 'gauss'
33.3652 	EXP 	unnamed GratingStim: mask = 'gauss'
33.3985 	EXP 	unnamed GratingStim: mask = 'gauss'
33.4318 	EXP 	unnamed GratingStim: mask = 'gauss'
33.4650 	EXP 	unnamed GratingStim: mask = 'gauss'
33.4986 	EXP 	unnamed GratingStim: mask = 'gauss'
33.5319 	EXP 	unnamed GratingStim: mask = 'gauss'
33.5652 	EXP 	unnamed GratingStim: mask = 'gauss'
33.5983 	EXP 	unnamed GratingStim: mask = 'gauss'
33.6318 	EXP 	unnamed GratingStim: mask = 'gauss'
33.6654 	EXP 	unnamed GratingStim: mask = 'gauss'
33.6992 	EXP 	unnamed GratingStim: mask = 'gauss'
33.7320 	EXP 	unnamed GratingStim: mask = 'gauss'
33.7654 	EXP 	unnamed GratingStim: mask = 'gauss'
33.7986 	EXP 	unnamed GratingStim: mask = 'gauss'
33.8319 	EXP 	unnamed GratingStim: mask = 'gauss'
33.8653 	EXP 	unnamed GratingStim: mask = 'gauss'
33.8988 	EXP 	unnamed GratingStim: mask = 'gauss'
33.9320 	EXP 	unnamed GratingStim: mask = 'gauss'
33.9652 	EXP 	unnamed GratingStim: mask = 'gauss'
33.9989 	EXP 	unnamed GratingStim: mask = 'gauss'
34.0322 	EXP 	unnamed GratingStim: mask = 'gauss'
34.0652 	EXP 	unnamed GratingStim: mask = 'gauss'
34.0988 	EXP 	unnamed GratingStim: mask = 'gauss'
34.1321 	EXP 	unnamed GratingStim: mask = 'gauss'
34.1657 	EXP 	unnamed GratingStim: mask = 'gauss'
34.1986 	EXP 	unnamed GratingStim: mask = 'gauss'
34.2320 	EXP 	unnamed GratingStim: mask = 'gauss'
34.2654 	EXP 	unnamed GratingStim: mask = 'gauss'
34.2986 	EXP 	unnamed GratingStim: mask = 'gauss'
34.3321 	EXP 	unnamed GratingStim: mask = 'gauss'
34.3654 	EXP 	unnamed GratingStim: mask = 'gauss'
34.3988 	EXP 	unnamed GratingStim: mask = 'gauss'
34.4320 	EXP 	unnamed GratingStim: mask = 'gauss'
34.4655 	EXP 	unnamed GratingStim: mask = 'gauss'
34.4990 	EXP 	unnamed GratingStim: mask = 'gauss'
34.5322 	EXP 	unnamed GratingStim: mask = 'gauss'
34.5656 	EXP 	unnamed GratingStim: mask = 'gauss'
34.5990 	EXP 	unnamed GratingStim: mask = 'gauss'
34.6325 	EXP 	unnamed GratingStim: mask = 'gauss'
34.6655 	EXP 	unnamed GratingStim: mask = 'gauss'
34.6987 	EXP 	unnamed GratingStim: mask = 'gauss'
34.7326 	EXP 	unnamed GratingStim: mask = 'gauss'
34.7660 	EXP 	unnamed GratingStim: mask = 'gauss'
34.7990 	EXP 	unnamed GratingStim: mask = 'gauss'
34.8321 	EXP 	unnamed GratingStim: mask = 'gauss'
34.8656 	EXP 	unnamed GratingStim: mask = 'gauss'
34.8989 	EXP 	unnamed GratingStim: mask = 'gauss'
34.9324 	EXP 	unnamed GratingStim: mask = 'gauss'
34.9658 	EXP 	unnamed GratingStim: mask = 'gauss'
34.9995 	EXP 	unnamed GratingStim: mask = 'gauss'
35.0325 	EXP 	unnamed GratingStim: mask = 'gauss'
35.0656 	EXP 	unnamed GratingStim: mask = 'gauss'
35.0992 	EXP 	unnamed GratingStim: mask = 'gauss'
35.1326 	EXP 	unnamed GratingStim: mask = 'gauss'
35.1656 	EXP 	unnamed GratingStim: mask = 'gauss'
35.1992 	EXP 	unnamed GratingStim: mask = 'gauss'
35.2323 	EXP 	unnamed GratingStim: mask = 'gauss'
35.2656 	EXP 	unnamed GratingStim: mask = 'gauss'
35.2990 	EXP 	GratingPrueba: autoDraw = False
35.2990 	EXP 	unnamed GratingStim: mask = 'gauss'
35.3323 	EXP 	unnamed GratingStim: mask = 'gauss'
35.3660 	EXP 	unnamed GratingStim: mask = 'gauss'
35.3991 	EXP 	GratingPrueba: autoDraw = False
35.3991 	EXP 	FeedbackPrueb: text = 'Segui intentando'
35.3991 	EXP 	FeedbackPrueb: autoDraw = True
36.3832 	EXP 	New trial (rep=0, index=4): {'Frecuencia': 6.18055084207957, 'Orientaciondecimal': 0.975046060904673, 'Categoria': 'A', 'Tecla': 'left', 'FrecuenciaEspacial': 0.03090275421039785, 'Orientacion': 97.5046060904673}
36.3876 	EXP 	Created unnamed GratingStim = GratingStim(__class__=<class 'psychopy.visual.grating.GratingStim'>, anchor='center', autoDraw=False, autoLog=True, blendmode='avg', color=array([1., 1., 1.]), colorSpace='rgb', contrast=1.0, depth=0, interpolate=False, mask='gauss', maskParams=None, name='unnamed GratingStim', opacity=1.0, ori=0.0, phase=array([0., 0.]), pos=array([0., 0.]), rgbPedestal=array([0., 0., 0.]), sf=array([1., 1.]), size=array([10., 10.]), tex='sin', texRes=128, units='deg', win=Window(...))
36.4032 	EXP 	FeedbackPrueb: autoDraw = False
36.4032 	EXP 	GratingPrueba: ori = 97.5046060904673
36.4032 	EXP 	GratingPrueba: sf = array([0.03090275, 0.03090275])
36.4032 	EXP 	unnamed GratingStim: mask = 'gauss'
36.4032 	EXP 	unnamed GratingStim: tex = 'sin'
36.4329 	EXP 	unnamed GratingStim: mask = 'gauss'
36.4663 	EXP 	unnamed GratingStim: mask = 'gauss'
36.4996 	EXP 	GratingPrueba: autoDraw = True
36.4996 	EXP 	unnamed GratingStim: mask = 'gauss'
36.5327 	EXP 	unnamed GratingStim: mask = 'gauss'
36.5663 	EXP 	unnamed GratingStim: mask = 'gauss'
36.5994 	EXP 	unnamed GratingStim: mask = 'gauss'
36.6331 	EXP 	unnamed GratingStim: mask = 'gauss'
36.6663 	EXP 	unnamed GratingStim: mask = 'gauss'
36.6998 	EXP 	unnamed GratingStim: mask = 'gauss'
36.7329 	EXP 	unnamed GratingStim: mask = 'gauss'
36.7662 	EXP 	unnamed GratingStim: mask = 'gauss'
36.7993 	EXP 	unnamed GratingStim: mask = 'gauss'
36.8330 	EXP 	unnamed GratingStim: mask = 'gauss'
36.8663 	EXP 	unnamed GratingStim: mask = 'gauss'
36.9001 	EXP 	unnamed GratingStim: mask = 'gauss'
36.9329 	EXP 	unnamed GratingStim: mask = 'gauss'
36.9662 	EXP 	unnamed GratingStim: mask = 'gauss'
36.9996 	EXP 	unnamed GratingStim: mask = 'gauss'
37.0329 	EXP 	unnamed GratingStim: mask = 'gauss'
37.0663 	EXP 	unnamed GratingStim: mask = 'gauss'
37.0996 	EXP 	unnamed GratingStim: mask = 'gauss'
37.1333 	EXP 	unnamed GratingStim: mask = 'gauss'
37.1663 	EXP 	unnamed GratingStim: mask = 'gauss'
37.1997 	EXP 	unnamed GratingStim: mask = 'gauss'
37.2328 	EXP 	unnamed GratingStim: mask = 'gauss'
37.2665 	EXP 	unnamed GratingStim: mask = 'gauss'
37.2998 	EXP 	unnamed GratingStim: mask = 'gauss'
37.3330 	EXP 	unnamed GratingStim: mask = 'gauss'
37.3665 	EXP 	unnamed GratingStim: mask = 'gauss'
37.3997 	EXP 	unnamed GratingStim: mask = 'gauss'
37.4330 	EXP 	unnamed GratingStim: mask = 'gauss'
37.4663 	EXP 	unnamed GratingStim: mask = 'gauss'
37.4998 	EXP 	unnamed GratingStim: mask = 'gauss'
37.5330 	EXP 	unnamed GratingStim: mask = 'gauss'
37.5666 	EXP 	unnamed GratingStim: mask = 'gauss'
37.5995 	EXP 	unnamed GratingStim: mask = 'gauss'
37.6331 	EXP 	unnamed GratingStim: mask = 'gauss'
37.6664 	EXP 	unnamed GratingStim: mask = 'gauss'
37.6998 	EXP 	unnamed GratingStim: mask = 'gauss'
37.7332 	EXP 	unnamed GratingStim: mask = 'gauss'
37.7664 	EXP 	unnamed GratingStim: mask = 'gauss'
37.7999 	EXP 	unnamed GratingStim: mask = 'gauss'
37.8334 	EXP 	unnamed GratingStim: mask = 'gauss'
37.8667 	EXP 	unnamed GratingStim: mask = 'gauss'
37.8999 	EXP 	unnamed GratingStim: mask = 'gauss'
37.9333 	EXP 	unnamed GratingStim: mask = 'gauss'
37.9667 	EXP 	unnamed GratingStim: mask = 'gauss'
37.9998 	EXP 	unnamed GratingStim: mask = 'gauss'
38.0334 	EXP 	unnamed GratingStim: mask = 'gauss'
38.0667 	EXP 	unnamed GratingStim: mask = 'gauss'
38.1012 	EXP 	unnamed GratingStim: mask = 'gauss'
38.1335 	EXP 	unnamed GratingStim: mask = 'gauss'
38.1669 	EXP 	unnamed GratingStim: mask = 'gauss'
38.1999 	EXP 	unnamed GratingStim: mask = 'gauss'
38.2332 	EXP 	unnamed GratingStim: mask = 'gauss'
38.2666 	EXP 	unnamed GratingStim: mask = 'gauss'
38.3002 	EXP 	unnamed GratingStim: mask = 'gauss'
38.3332 	EXP 	unnamed GratingStim: mask = 'gauss'
38.3671 	EXP 	unnamed GratingStim: mask = 'gauss'
38.3999 	EXP 	unnamed GratingStim: mask = 'gauss'
38.4334 	EXP 	unnamed GratingStim: mask = 'gauss'
38.4666 	EXP 	unnamed GratingStim: mask = 'gauss'
38.5002 	EXP 	unnamed GratingStim: mask = 'gauss'
38.5334 	EXP 	unnamed GratingStim: mask = 'gauss'
38.5668 	EXP 	unnamed GratingStim: mask = 'gauss'
38.5999 	EXP 	unnamed GratingStim: mask = 'gauss'
38.6334 	EXP 	unnamed GratingStim: mask = 'gauss'
38.6669 	EXP 	unnamed GratingStim: mask = 'gauss'
38.7005 	EXP 	unnamed GratingStim: mask = 'gauss'
38.7335 	EXP 	unnamed GratingStim: mask = 'gauss'
38.7671 	EXP 	unnamed GratingStim: mask = 'gauss'
38.8001 	EXP 	unnamed GratingStim: mask = 'gauss'
38.8334 	EXP 	unnamed GratingStim: mask = 'gauss'
38.8670 	EXP 	unnamed GratingStim: mask = 'gauss'
38.9001 	EXP 	unnamed GratingStim: mask = 'gauss'
38.9206 	DATA 	Keypress: escape
38.9337 	EXP 	unnamed GratingStim: mask = 'gauss'
38.9542 	DATA 	KeyPress: º
38.9668 	EXP 	unnamed GratingStim: mask = 'gauss'
39.0001 	EXP 	unnamed GratingStim: mask = 'gauss'
39.3307 	EXP 	window1: mouseVisible = True
