1.5168 	WARNING 	We strongly recommend you activate the PTB sound engine in PsychoPy prefs as the preferred audio engine. Its timing is vastly superior. Your prefs are currently set to use ['sounddevice', 'PTB', 'pyo', 'pygame'] (in that order).
7.2148 	WARNING 	User requested fullscreen with size [1680 1050], but screen is actually [1920, 1080]. Using actual size
7.8568 	EXP 	Created window1 = Window(allowGUI=False, allowStencil=False, autoLog=True, backendConf=UNKNOWN, bitsMode=UNKNOWN, blendMode='avg', bpc=(8, 8, 8), color=array([0, 0, 0]), colorSpace='rgb', depthBits=8, fullscr=<method-wrapper '__getattribute__' of attributeSetter object at 0x0000019BEA020AC0>, gamma=None, gammaErrorPolicy='raise', lms=UNKNOWN, monitor=<psychopy.monitors.calibTools.Monitor object at 0x0000019BEC238D90>, multiSample=False, name='window1', numSamples=2, pos=(0, 0), screen=0, size=array([1920, 1080]), stencilBits=0, stereo=False, units='deg', useFBO=True, useRetina=False, viewOri=0.0, viewPos=None, viewScale=None, waitBlanking=True, winType='pyglet')
7.8570 	EXP 	window1: mouseVisible = True
7.8570 	EXP 	window1: Attempting to measure frame rate of screen (0) ...
7.8571 	EXP 	window1: recordFrameIntervals = False
8.0229 	EXP 	window1: recordFrameIntervals = True
8.2064 	EXP 	Screen (0) actual frame rate measured at 60.03Hz
8.2064 	EXP 	window1: recordFrameIntervals = False
10.4054 	EXP 	Created Instrucciones1 = TextStim(__class__=<class 'psychopy.visual.text.TextStim'>, alignHoriz=method-wrapper(...), alignText='center', alignVert=method-wrapper(...), anchorHoriz='center', anchorVert='center', antialias=True, autoLog=True, bold=False, color=array([-1., -1., -1.]), colorSpace='rgb', contrast=1.0, depth=0.0, flipHoriz=False, flipVert=False, font='Open Sans', fontFiles=[], height=0.05, italic=False, languageStyle='LTR', name='Instrucciones1', opacity=1.0, ori=0.0, pos=array([0., 0.]), rgb=UNKNOWN, text=str(...), units='height', win=Window(...), wrapWidth=1)
10.4138 	EXP 	Created Instrucciones2 = TextStim(__class__=<class 'psychopy.visual.text.TextStim'>, alignHoriz=method-wrapper(...), alignText='center', alignVert=method-wrapper(...), anchorHoriz='center', anchorVert='center', antialias=True, autoLog=True, bold=False, color=array([-1., -1., -1.]), colorSpace='rgb', contrast=1.0, depth=-2.0, flipHoriz=False, flipVert=False, font='Open Sans', fontFiles=[], height=0.05, italic=False, languageStyle='LTR', name='Instrucciones2', opacity=1.0, ori=0.0, pos=array([0., 0.]), rgb=UNKNOWN, text=str(...), units='height', win=Window(...), wrapWidth=1)
10.4301 	EXP 	Created Instrucciones3 = TextStim(__class__=<class 'psychopy.visual.text.TextStim'>, alignHoriz=method-wrapper(...), alignText='center', alignVert=method-wrapper(...), anchorHoriz='center', anchorVert='center', antialias=True, autoLog=True, bold=False, color=array([-1., -1., -1.]), colorSpace='rgb', contrast=1.0, depth=-4.0, flipHoriz=False, flipVert=False, font='Arial', fontFiles=[], height=0.05, italic=False, languageStyle='LTR', name='Instrucciones3', opacity=1.0, ori=0.0, pos=array([0., 0.]), rgb=UNKNOWN, text=str(...), units='height', win=Window(...), wrapWidth=1)
10.4479 	EXP 	Created instrucciones4 = TextStim(__class__=<class 'psychopy.visual.text.TextStim'>, alignHoriz=method-wrapper(...), alignText='center', alignVert=method-wrapper(...), anchorHoriz='center', anchorVert='center', antialias=True, autoLog=True, bold=False, color=array([-1., -1., -1.]), colorSpace='rgb', contrast=1.0, depth=-6.0, flipHoriz=False, flipVert=False, font='Arial', fontFiles=[], height=0.05, italic=False, languageStyle='LTR', name='instrucciones4', opacity=1.0, ori=0.0, pos=array([0., 0.]), rgb=UNKNOWN, text=str(...), units='height', win=Window(...), wrapWidth=1)
10.4546 	EXP 	Created Instrucciones5 = TextStim(__class__=<class 'psychopy.visual.text.TextStim'>, alignHoriz=method-wrapper(...), alignText='center', alignVert=method-wrapper(...), anchorHoriz='center', anchorVert='center', antialias=True, autoLog=True, bold=False, color=array([1., 1., 1.]), colorSpace='rgb', contrast=1.0, depth=-8.0, flipHoriz=False, flipVert=False, font='Open Sans', fontFiles=[], height=0.05, italic=False, languageStyle='LTR', name='Instrucciones5', opacity=1.0, ori=0.0, pos=array([0., 0.]), rgb=UNKNOWN, text='¡Vamos a hacer uno de prueba!', units='height', win=Window(...), wrapWidth=1)
10.4596 	EXP 	Created GratingPrueba = GratingStim(__class__=<class 'psychopy.visual.grating.GratingStim'>, anchor='center', autoDraw=False, autoLog=True, blendmode='avg', color=array([1., 1., 1.]), colorSpace='rgb', contrast=1.0, depth=-1.0, interpolate=True, mask='gauss', maskParams=None, name='GratingPrueba', opacity=1.0, ori=1.0, phase=array([0., 0.]), pos=array([0., 0.]), rgbPedestal=array([0., 0., 0.]), sf=array([1., 1.]), size=array([200., 200.]), tex='sin', texRes=128, units='pix', win=Window(...))
10.4612 	EXP 	Created FeedbackPrueb = TextStim(__class__=<class 'psychopy.visual.text.TextStim'>, alignHoriz=method-wrapper(...), alignText='center', alignVert=method-wrapper(...), anchorHoriz='center', anchorVert='center', antialias=True, autoLog=True, bold=False, color=array([1., 1., 1.]), colorSpace='rgb', contrast=1.0, depth=-1.0, flipHoriz=False, flipVert=False, font='Open Sans', fontFiles=[], height=0.1, italic=False, languageStyle='LTR', name='FeedbackPrueb', opacity=1.0, ori=0.0, pos=array([0., 0.]), rgb=UNKNOWN, text='', units='height', win=Window(...), wrapWidth=1)
10.4769 	EXP 	Created ComienzoTexto = TextStim(__class__=<class 'psychopy.visual.text.TextStim'>, alignHoriz=method-wrapper(...), alignText='center', alignVert=method-wrapper(...), anchorHoriz='center', anchorVert='center', antialias=True, autoLog=True, bold=False, color=array([-1., -1., -1.]), colorSpace='rgb', contrast=1.0, depth=0.0, flipHoriz=False, flipVert=False, font='Open Sans', fontFiles=[], height=0.05, italic=False, languageStyle='LTR', name='ComienzoTexto', opacity=1.0, ori=0.0, pos=array([0., 0.]), rgb=UNKNOWN, text=str(...), units='height', win=Window(...), wrapWidth=1)
10.4804 	EXP 	Created grating2 = GratingStim(__class__=<class 'psychopy.visual.grating.GratingStim'>, anchor='center', autoDraw=False, autoLog=True, blendmode='avg', color=array([1., 1., 1.]), colorSpace='rgb', contrast=1.0, depth=0.0, interpolate=True, mask='circle', maskParams=None, name='grating2', opacity=1.0, ori=1.0, phase=array([0., 0.]), pos=array([0., 0.]), rgbPedestal=array([0., 0., 0.]), sf=array([1., 1.]), size=array([200., 200.]), tex='sin', texRes=128, units='pix', win=Window(...))
10.4815 	EXP 	Created feedback_2 = TextStim(__class__=<class 'psychopy.visual.text.TextStim'>, alignHoriz=method-wrapper(...), alignText='center', alignVert=method-wrapper(...), anchorHoriz='center', anchorVert='center', antialias=True, autoLog=True, bold=False, color=array([1., 1., 1.]), colorSpace='rgb', contrast=1.0, depth=-1.0, flipHoriz=False, flipVert=False, font='Open Sans', fontFiles=[], height=0.1, italic=False, languageStyle='LTR', name='feedback_2', opacity=1.0, ori=0.0, pos=array([0., 0.]), rgb=UNKNOWN, text='', units='height', win=Window(...), wrapWidth=1)
10.4971 	EXP 	Created Gracias = TextStim(__class__=<class 'psychopy.visual.text.TextStim'>, alignHoriz=method-wrapper(...), alignText='center', alignVert=method-wrapper(...), anchorHoriz='center', anchorVert='center', antialias=True, autoLog=True, bold=False, color=array([1., 1., 1.]), colorSpace='rgb', contrast=1.0, depth=0.0, flipHoriz=False, flipVert=False, font='Open Sans', fontFiles=[], height=0.1, italic=False, languageStyle='LTR', name='Gracias', opacity=1.0, ori=0.0, pos=array([0., 0.]), rgb=UNKNOWN, text='¡Muchas gracias por participar!', units='height', win=Window(...), wrapWidth=1)
10.4990 	EXP 	Created image = ImageStim(__class__=<class 'psychopy.visual.image.ImageStim'>, anchor=('center', 'center'), autoLog=True, color=array([1., 1., 1.]), colorSpace='rgb', contrast=1.0, depth=-1.0, flipHoriz=False, flipVert=False, image=None, interpolate=True, mask=None, maskParams=None, name='image', opacity=1.0, ori=0.0, pos=array([0., 0.]), size=array([0.5, 0.5]), texRes=128.0, units='deg', win=Window(...))
11.4907 	EXP 	Instrucciones1: autoDraw = True
12.2454 	DATA 	Keypress: space
12.2575 	EXP 	Instrucciones1: autoDraw = False
12.2575 	EXP 	Instrucciones2: autoDraw = True
12.4278 	DATA 	Keypress: space
12.6125 	DATA 	Keypress: space
12.6243 	EXP 	Instrucciones2: autoDraw = False
12.6243 	EXP 	Instrucciones3: autoDraw = True
12.9617 	DATA 	Keypress: space
13.1613 	DATA 	Keypress: space
13.1912 	EXP 	Instrucciones3: autoDraw = False
13.1912 	EXP 	instrucciones4: autoDraw = True
13.3786 	DATA 	Keypress: space
13.5795 	DATA 	Keypress: space
13.5912 	EXP 	instrucciones4: autoDraw = False
13.5912 	EXP 	Instrucciones5: autoDraw = True
13.7445 	DATA 	Keypress: space
14.1445 	DATA 	Keypress: space
14.4278 	DATA 	Keypress: space
15.5283 	DATA 	Keypress: space
16.1284 	DATA 	Keypress: space
17.5907 	EXP 	Imported ParametrosPRUEBAintinfoTraining.xlsx as conditions, 10 conditions, 6 params
17.5916 	EXP 	Created sequence: sequential, trialTypes=10, nReps=1, seed=None
17.5923 	EXP 	New trial (rep=0, index=0): {'Frecuencia': 6.12015737910944, 'Orientaciondecimal': 0.960355341119567, 'Categoria': 'A', 'Tecla': 'left', 'FrecuenciaEspacial': 0.030600786895547197, 'Orientacion': 96.0355341119567}
17.6037 	EXP 	Created unnamed GratingStim = GratingStim(__class__=<class 'psychopy.visual.grating.GratingStim'>, anchor='center', autoDraw=False, autoLog=True, blendmode='avg', color=array([1., 1., 1.]), colorSpace='rgb', contrast=1.0, depth=0, interpolate=False, mask='gauss', maskParams=None, name='unnamed GratingStim', opacity=1.0, ori=0.0, phase=array([0., 0.]), pos=array([0., 0.]), rgbPedestal=array([0., 0., 0.]), sf=array([1., 1.]), size=array([20., 20.]), tex='sin', texRes=128, units='deg', win=Window(...))
17.6226 	EXP 	Instrucciones5: autoDraw = False
17.6226 	EXP 	Instrucciones1: autoDraw = False
17.6226 	EXP 	Instrucciones2: autoDraw = False
17.6226 	EXP 	Instrucciones3: autoDraw = False
17.6226 	EXP 	instrucciones4: autoDraw = False
17.6226 	EXP 	Instrucciones5: autoDraw = False
17.6226 	EXP 	GratingPrueba: ori = 96.0355341119567
17.6226 	EXP 	GratingPrueba: sf = array([0.03060079, 0.03060079])
17.6226 	EXP 	unnamed GratingStim: mask = 'gauss'
17.6226 	EXP 	unnamed GratingStim: tex = 'sin'
17.6604 	EXP 	unnamed GratingStim: mask = 'gauss'
17.6934 	EXP 	unnamed GratingStim: mask = 'gauss'
17.7293 	EXP 	GratingPrueba: autoDraw = True
17.7293 	EXP 	unnamed GratingStim: mask = 'gauss'
17.7293 	EXP 	GratingPrueba: tex = 'sin'
17.7606 	EXP 	unnamed GratingStim: mask = 'gauss'
17.7940 	EXP 	unnamed GratingStim: mask = 'gauss'
17.8274 	EXP 	unnamed GratingStim: mask = 'gauss'
17.8613 	EXP 	unnamed GratingStim: mask = 'gauss'
17.8945 	EXP 	unnamed GratingStim: mask = 'gauss'
17.9279 	EXP 	unnamed GratingStim: mask = 'gauss'
17.9612 	EXP 	unnamed GratingStim: mask = 'gauss'
17.9946 	EXP 	unnamed GratingStim: mask = 'gauss'
18.0284 	EXP 	unnamed GratingStim: mask = 'gauss'
18.0589 	EXP 	unnamed GratingStim: mask = 'gauss'
18.0925 	EXP 	unnamed GratingStim: mask = 'gauss'
18.1259 	EXP 	unnamed GratingStim: mask = 'gauss'
18.1591 	EXP 	unnamed GratingStim: mask = 'gauss'
18.1923 	EXP 	unnamed GratingStim: mask = 'gauss'
18.2259 	EXP 	unnamed GratingStim: mask = 'gauss'
18.2594 	EXP 	unnamed GratingStim: mask = 'gauss'
18.2925 	EXP 	unnamed GratingStim: mask = 'gauss'
18.3260 	EXP 	unnamed GratingStim: mask = 'gauss'
18.3591 	EXP 	unnamed GratingStim: mask = 'gauss'
18.3927 	EXP 	unnamed GratingStim: mask = 'gauss'
18.4258 	EXP 	unnamed GratingStim: mask = 'gauss'
18.4592 	EXP 	unnamed GratingStim: mask = 'gauss'
18.4927 	EXP 	unnamed GratingStim: mask = 'gauss'
18.5260 	EXP 	unnamed GratingStim: mask = 'gauss'
18.5592 	EXP 	unnamed GratingStim: mask = 'gauss'
18.5927 	EXP 	unnamed GratingStim: mask = 'gauss'
18.6260 	EXP 	unnamed GratingStim: mask = 'gauss'
18.6594 	EXP 	unnamed GratingStim: mask = 'gauss'
18.6928 	EXP 	unnamed GratingStim: mask = 'gauss'
18.7261 	EXP 	unnamed GratingStim: mask = 'gauss'
18.7593 	EXP 	unnamed GratingStim: mask = 'gauss'
18.7930 	EXP 	unnamed GratingStim: mask = 'gauss'
18.8295 	EXP 	unnamed GratingStim: mask = 'gauss'
18.8611 	EXP 	unnamed GratingStim: mask = 'gauss'
18.8927 	EXP 	unnamed GratingStim: mask = 'gauss'
18.9270 	EXP 	unnamed GratingStim: mask = 'gauss'
18.9603 	EXP 	unnamed GratingStim: mask = 'gauss'
18.9938 	EXP 	unnamed GratingStim: mask = 'gauss'
19.0267 	EXP 	unnamed GratingStim: mask = 'gauss'
19.0605 	EXP 	unnamed GratingStim: mask = 'gauss'
19.0942 	EXP 	unnamed GratingStim: mask = 'gauss'
19.1269 	EXP 	unnamed GratingStim: mask = 'gauss'
19.1602 	EXP 	unnamed GratingStim: mask = 'gauss'
19.1938 	EXP 	unnamed GratingStim: mask = 'gauss'
19.2269 	EXP 	unnamed GratingStim: mask = 'gauss'
19.2603 	EXP 	unnamed GratingStim: mask = 'gauss'
19.2937 	EXP 	unnamed GratingStim: mask = 'gauss'
19.3270 	EXP 	unnamed GratingStim: mask = 'gauss'
19.3604 	EXP 	unnamed GratingStim: mask = 'gauss'
19.3937 	EXP 	unnamed GratingStim: mask = 'gauss'
19.4270 	EXP 	unnamed GratingStim: mask = 'gauss'
19.4604 	EXP 	unnamed GratingStim: mask = 'gauss'
19.4936 	EXP 	unnamed GratingStim: mask = 'gauss'
19.5271 	EXP 	unnamed GratingStim: mask = 'gauss'
19.5604 	EXP 	unnamed GratingStim: mask = 'gauss'
19.5940 	EXP 	unnamed GratingStim: mask = 'gauss'
19.6272 	EXP 	unnamed GratingStim: mask = 'gauss'
19.6606 	EXP 	unnamed GratingStim: mask = 'gauss'
19.6939 	EXP 	unnamed GratingStim: mask = 'gauss'
19.7273 	EXP 	unnamed GratingStim: mask = 'gauss'
19.7605 	EXP 	unnamed GratingStim: mask = 'gauss'
19.7947 	EXP 	unnamed GratingStim: mask = 'gauss'
19.8272 	EXP 	unnamed GratingStim: mask = 'gauss'
19.8604 	EXP 	unnamed GratingStim: mask = 'gauss'
19.8939 	EXP 	unnamed GratingStim: mask = 'gauss'
19.9272 	EXP 	unnamed GratingStim: mask = 'gauss'
19.9608 	EXP 	unnamed GratingStim: mask = 'gauss'
19.9949 	EXP 	unnamed GratingStim: mask = 'gauss'
20.0273 	EXP 	unnamed GratingStim: mask = 'gauss'
20.0605 	EXP 	unnamed GratingStim: mask = 'gauss'
20.0939 	EXP 	unnamed GratingStim: mask = 'gauss'
20.1272 	EXP 	unnamed GratingStim: mask = 'gauss'
20.1606 	EXP 	unnamed GratingStim: mask = 'gauss'
20.1939 	EXP 	unnamed GratingStim: mask = 'gauss'
20.2275 	EXP 	unnamed GratingStim: mask = 'gauss'
20.2606 	EXP 	unnamed GratingStim: mask = 'gauss'
20.2943 	EXP 	unnamed GratingStim: mask = 'gauss'
20.3275 	EXP 	unnamed GratingStim: mask = 'gauss'
20.3607 	EXP 	unnamed GratingStim: mask = 'gauss'
20.3942 	EXP 	unnamed GratingStim: mask = 'gauss'
20.4276 	EXP 	unnamed GratingStim: mask = 'gauss'
20.4608 	EXP 	unnamed GratingStim: mask = 'gauss'
20.4940 	EXP 	unnamed GratingStim: mask = 'gauss'
20.5273 	EXP 	unnamed GratingStim: mask = 'gauss'
20.5606 	EXP 	unnamed GratingStim: mask = 'gauss'
20.5942 	EXP 	unnamed GratingStim: mask = 'gauss'
20.6274 	EXP 	unnamed GratingStim: mask = 'gauss'
20.6610 	EXP 	unnamed GratingStim: mask = 'gauss'
20.6947 	EXP 	unnamed GratingStim: mask = 'gauss'
20.7275 	EXP 	unnamed GratingStim: mask = 'gauss'
20.7608 	EXP 	GratingPrueba: autoDraw = False
20.7608 	EXP 	unnamed GratingStim: mask = 'gauss'
20.7972 	EXP 	GratingPrueba: autoDraw = False
20.7972 	EXP 	FeedbackPrueb: height = 0.1
20.7972 	EXP 	FeedbackPrueb: height = 0.1
20.7972 	EXP 	FeedbackPrueb: text = 'Segui intentando'
20.7972 	EXP 	FeedbackPrueb: autoDraw = True
21.7782 	EXP 	New trial (rep=0, index=1): {'Frecuencia': 5.80474231627537, 'Orientaciondecimal': 0.973560272222272, 'Categoria': 'B', 'Tecla': 'right', 'FrecuenciaEspacial': 0.029023711581376854, 'Orientacion': 97.3560272222272}
21.7825 	EXP 	Created unnamed GratingStim = GratingStim(__class__=<class 'psychopy.visual.grating.GratingStim'>, anchor='center', autoDraw=False, autoLog=True, blendmode='avg', color=array([1., 1., 1.]), colorSpace='rgb', contrast=1.0, depth=0, interpolate=False, mask='gauss', maskParams=None, name='unnamed GratingStim', opacity=1.0, ori=0.0, phase=array([0., 0.]), pos=array([0., 0.]), rgbPedestal=array([0., 0., 0.]), sf=array([1., 1.]), size=array([20., 20.]), tex='sin', texRes=128, units='deg', win=Window(...))
21.7974 	EXP 	FeedbackPrueb: autoDraw = False
21.7974 	EXP 	GratingPrueba: ori = 97.3560272222272
21.7974 	EXP 	GratingPrueba: sf = array([0.02902371, 0.02902371])
21.7974 	EXP 	unnamed GratingStim: mask = 'gauss'
21.7974 	EXP 	unnamed GratingStim: tex = 'sin'
21.8277 	EXP 	unnamed GratingStim: mask = 'gauss'
21.8609 	EXP 	unnamed GratingStim: mask = 'gauss'
21.8944 	EXP 	GratingPrueba: autoDraw = True
21.8944 	EXP 	unnamed GratingStim: mask = 'gauss'
21.9277 	EXP 	unnamed GratingStim: mask = 'gauss'
21.9610 	EXP 	unnamed GratingStim: mask = 'gauss'
21.9944 	EXP 	unnamed GratingStim: mask = 'gauss'
22.0277 	EXP 	unnamed GratingStim: mask = 'gauss'
22.0609 	EXP 	unnamed GratingStim: mask = 'gauss'
22.0945 	EXP 	unnamed GratingStim: mask = 'gauss'
22.1278 	EXP 	unnamed GratingStim: mask = 'gauss'
22.1610 	EXP 	unnamed GratingStim: mask = 'gauss'
22.1944 	EXP 	unnamed GratingStim: mask = 'gauss'
22.2281 	EXP 	unnamed GratingStim: mask = 'gauss'
22.2610 	EXP 	unnamed GratingStim: mask = 'gauss'
22.2944 	EXP 	unnamed GratingStim: mask = 'gauss'
22.3277 	EXP 	unnamed GratingStim: mask = 'gauss'
22.3611 	EXP 	unnamed GratingStim: mask = 'gauss'
22.3945 	EXP 	unnamed GratingStim: mask = 'gauss'
22.4278 	EXP 	unnamed GratingStim: mask = 'gauss'
22.4611 	EXP 	unnamed GratingStim: mask = 'gauss'
22.4945 	EXP 	unnamed GratingStim: mask = 'gauss'
22.5282 	EXP 	unnamed GratingStim: mask = 'gauss'
22.5615 	EXP 	unnamed GratingStim: mask = 'gauss'
22.5946 	EXP 	unnamed GratingStim: mask = 'gauss'
22.6280 	EXP 	unnamed GratingStim: mask = 'gauss'
22.6614 	EXP 	unnamed GratingStim: mask = 'gauss'
22.6947 	EXP 	unnamed GratingStim: mask = 'gauss'
22.7278 	EXP 	unnamed GratingStim: mask = 'gauss'
22.7612 	EXP 	unnamed GratingStim: mask = 'gauss'
22.7947 	EXP 	unnamed GratingStim: mask = 'gauss'
22.8279 	EXP 	unnamed GratingStim: mask = 'gauss'
22.8614 	EXP 	unnamed GratingStim: mask = 'gauss'
22.8946 	EXP 	unnamed GratingStim: mask = 'gauss'
22.9279 	EXP 	unnamed GratingStim: mask = 'gauss'
22.9614 	EXP 	unnamed GratingStim: mask = 'gauss'
22.9952 	EXP 	unnamed GratingStim: mask = 'gauss'
23.0280 	EXP 	unnamed GratingStim: mask = 'gauss'
23.0612 	EXP 	unnamed GratingStim: mask = 'gauss'
23.0947 	EXP 	unnamed GratingStim: mask = 'gauss'
23.1281 	EXP 	unnamed GratingStim: mask = 'gauss'
23.1617 	EXP 	unnamed GratingStim: mask = 'gauss'
23.1947 	EXP 	unnamed GratingStim: mask = 'gauss'
23.2282 	EXP 	unnamed GratingStim: mask = 'gauss'
23.2614 	EXP 	unnamed GratingStim: mask = 'gauss'
23.2945 	EXP 	unnamed GratingStim: mask = 'gauss'
23.3282 	EXP 	unnamed GratingStim: mask = 'gauss'
23.3616 	EXP 	unnamed GratingStim: mask = 'gauss'
23.3957 	EXP 	unnamed GratingStim: mask = 'gauss'
23.4284 	EXP 	unnamed GratingStim: mask = 'gauss'
23.4626 	EXP 	unnamed GratingStim: mask = 'gauss'
23.4968 	EXP 	unnamed GratingStim: mask = 'gauss'
23.5290 	EXP 	unnamed GratingStim: mask = 'gauss'
23.5605 	EXP 	unnamed GratingStim: mask = 'gauss'
23.5951 	EXP 	unnamed GratingStim: mask = 'gauss'
23.6284 	EXP 	unnamed GratingStim: mask = 'gauss'
23.6621 	EXP 	unnamed GratingStim: mask = 'gauss'
23.6951 	EXP 	unnamed GratingStim: mask = 'gauss'
23.7283 	EXP 	unnamed GratingStim: mask = 'gauss'
23.7617 	EXP 	unnamed GratingStim: mask = 'gauss'
23.7948 	EXP 	unnamed GratingStim: mask = 'gauss'
23.8282 	EXP 	unnamed GratingStim: mask = 'gauss'
23.8615 	EXP 	unnamed GratingStim: mask = 'gauss'
23.8951 	EXP 	unnamed GratingStim: mask = 'gauss'
23.9284 	EXP 	unnamed GratingStim: mask = 'gauss'
23.9618 	EXP 	unnamed GratingStim: mask = 'gauss'
23.9952 	EXP 	unnamed GratingStim: mask = 'gauss'
24.0283 	EXP 	unnamed GratingStim: mask = 'gauss'
24.0617 	EXP 	unnamed GratingStim: mask = 'gauss'
24.0948 	EXP 	unnamed GratingStim: mask = 'gauss'
24.1288 	EXP 	unnamed GratingStim: mask = 'gauss'
24.1616 	EXP 	unnamed GratingStim: mask = 'gauss'
24.1951 	EXP 	unnamed GratingStim: mask = 'gauss'
24.2286 	EXP 	unnamed GratingStim: mask = 'gauss'
24.2619 	EXP 	unnamed GratingStim: mask = 'gauss'
24.2950 	EXP 	unnamed GratingStim: mask = 'gauss'
24.3285 	EXP 	unnamed GratingStim: mask = 'gauss'
24.3620 	EXP 	unnamed GratingStim: mask = 'gauss'
24.3956 	EXP 	unnamed GratingStim: mask = 'gauss'
24.4283 	EXP 	unnamed GratingStim: mask = 'gauss'
24.4616 	EXP 	unnamed GratingStim: mask = 'gauss'
24.4951 	EXP 	unnamed GratingStim: mask = 'gauss'
24.5283 	EXP 	unnamed GratingStim: mask = 'gauss'
24.5618 	EXP 	unnamed GratingStim: mask = 'gauss'
24.5952 	EXP 	unnamed GratingStim: mask = 'gauss'
24.6285 	EXP 	unnamed GratingStim: mask = 'gauss'
24.6618 	EXP 	unnamed GratingStim: mask = 'gauss'
24.6951 	EXP 	unnamed GratingStim: mask = 'gauss'
24.7287 	EXP 	unnamed GratingStim: mask = 'gauss'
24.7617 	EXP 	unnamed GratingStim: mask = 'gauss'
24.7953 	EXP 	unnamed GratingStim: mask = 'gauss'
24.8284 	EXP 	unnamed GratingStim: mask = 'gauss'
24.8620 	EXP 	unnamed GratingStim: mask = 'gauss'
24.8952 	EXP 	GratingPrueba: autoDraw = False
24.8952 	EXP 	unnamed GratingStim: mask = 'gauss'
24.9286 	EXP 	unnamed GratingStim: mask = 'gauss'
24.9617 	EXP 	unnamed GratingStim: mask = 'gauss'
24.9954 	EXP 	GratingPrueba: autoDraw = False
24.9954 	EXP 	FeedbackPrueb: text = 'Segui intentando'
24.9954 	EXP 	FeedbackPrueb: autoDraw = True
25.9792 	EXP 	New trial (rep=0, index=2): {'Frecuencia': 5.72673654075559, 'Orientaciondecimal': 0.957490584769043, 'Categoria': 'B', 'Tecla': 'right', 'FrecuenciaEspacial': 0.028633682703777953, 'Orientacion': 95.74905847690431}
25.9836 	EXP 	Created unnamed GratingStim = GratingStim(__class__=<class 'psychopy.visual.grating.GratingStim'>, anchor='center', autoDraw=False, autoLog=True, blendmode='avg', color=array([1., 1., 1.]), colorSpace='rgb', contrast=1.0, depth=0, interpolate=False, mask='gauss', maskParams=None, name='unnamed GratingStim', opacity=1.0, ori=0.0, phase=array([0., 0.]), pos=array([0., 0.]), rgbPedestal=array([0., 0., 0.]), sf=array([1., 1.]), size=array([20., 20.]), tex='sin', texRes=128, units='deg', win=Window(...))
25.9984 	EXP 	FeedbackPrueb: autoDraw = False
25.9984 	EXP 	GratingPrueba: ori = 95.74905847690431
25.9984 	EXP 	GratingPrueba: sf = array([0.02863368, 0.02863368])
25.9984 	EXP 	unnamed GratingStim: mask = 'gauss'
25.9984 	EXP 	unnamed GratingStim: tex = 'sin'
26.0289 	EXP 	unnamed GratingStim: mask = 'gauss'
26.0623 	EXP 	unnamed GratingStim: mask = 'gauss'
26.0956 	EXP 	GratingPrueba: autoDraw = True
26.0956 	EXP 	unnamed GratingStim: mask = 'gauss'
26.1290 	EXP 	unnamed GratingStim: mask = 'gauss'
26.1624 	EXP 	unnamed GratingStim: mask = 'gauss'
26.1956 	EXP 	unnamed GratingStim: mask = 'gauss'
26.2292 	EXP 	unnamed GratingStim: mask = 'gauss'
26.2623 	EXP 	unnamed GratingStim: mask = 'gauss'
26.2956 	EXP 	unnamed GratingStim: mask = 'gauss'
26.3291 	EXP 	unnamed GratingStim: mask = 'gauss'
26.3625 	EXP 	unnamed GratingStim: mask = 'gauss'
26.3958 	EXP 	unnamed GratingStim: mask = 'gauss'
26.4291 	EXP 	unnamed GratingStim: mask = 'gauss'
26.4625 	EXP 	unnamed GratingStim: mask = 'gauss'
26.4956 	EXP 	unnamed GratingStim: mask = 'gauss'
26.5295 	EXP 	unnamed GratingStim: mask = 'gauss'
26.5625 	EXP 	unnamed GratingStim: mask = 'gauss'
26.5957 	EXP 	unnamed GratingStim: mask = 'gauss'
26.6292 	EXP 	unnamed GratingStim: mask = 'gauss'
26.6624 	EXP 	unnamed GratingStim: mask = 'gauss'
26.6959 	EXP 	unnamed GratingStim: mask = 'gauss'
26.7293 	EXP 	unnamed GratingStim: mask = 'gauss'
26.7627 	EXP 	unnamed GratingStim: mask = 'gauss'
26.7961 	EXP 	unnamed GratingStim: mask = 'gauss'
26.8291 	EXP 	unnamed GratingStim: mask = 'gauss'
26.8625 	EXP 	unnamed GratingStim: mask = 'gauss'
26.8959 	EXP 	unnamed GratingStim: mask = 'gauss'
26.9169 	DATA 	Keypress: space
26.9291 	EXP 	unnamed GratingStim: mask = 'gauss'
26.9626 	EXP 	unnamed GratingStim: mask = 'gauss'
26.9960 	EXP 	unnamed GratingStim: mask = 'gauss'
27.0295 	EXP 	unnamed GratingStim: mask = 'gauss'
27.0627 	EXP 	unnamed GratingStim: mask = 'gauss'
27.0960 	EXP 	unnamed GratingStim: mask = 'gauss'
27.1296 	EXP 	unnamed GratingStim: mask = 'gauss'
27.1627 	EXP 	unnamed GratingStim: mask = 'gauss'
27.1961 	EXP 	unnamed GratingStim: mask = 'gauss'
27.2293 	EXP 	unnamed GratingStim: mask = 'gauss'
27.2628 	EXP 	unnamed GratingStim: mask = 'gauss'
27.2959 	EXP 	unnamed GratingStim: mask = 'gauss'
27.3296 	EXP 	unnamed GratingStim: mask = 'gauss'
27.3627 	EXP 	unnamed GratingStim: mask = 'gauss'
27.3970 	EXP 	unnamed GratingStim: mask = 'gauss'
27.4294 	EXP 	unnamed GratingStim: mask = 'gauss'
27.4627 	EXP 	unnamed GratingStim: mask = 'gauss'
27.4960 	EXP 	unnamed GratingStim: mask = 'gauss'
27.5294 	EXP 	unnamed GratingStim: mask = 'gauss'
27.5628 	EXP 	unnamed GratingStim: mask = 'gauss'
27.5964 	EXP 	unnamed GratingStim: mask = 'gauss'
27.6295 	EXP 	unnamed GratingStim: mask = 'gauss'
27.6628 	EXP 	unnamed GratingStim: mask = 'gauss'
27.6962 	EXP 	unnamed GratingStim: mask = 'gauss'
27.7295 	EXP 	unnamed GratingStim: mask = 'gauss'
27.7629 	EXP 	unnamed GratingStim: mask = 'gauss'
27.7965 	EXP 	unnamed GratingStim: mask = 'gauss'
27.8295 	EXP 	unnamed GratingStim: mask = 'gauss'
27.8630 	EXP 	unnamed GratingStim: mask = 'gauss'
27.8964 	EXP 	unnamed GratingStim: mask = 'gauss'
27.9295 	EXP 	unnamed GratingStim: mask = 'gauss'
27.9629 	EXP 	unnamed GratingStim: mask = 'gauss'
27.9962 	EXP 	unnamed GratingStim: mask = 'gauss'
28.0301 	EXP 	unnamed GratingStim: mask = 'gauss'
28.0631 	EXP 	unnamed GratingStim: mask = 'gauss'
28.0962 	EXP 	unnamed GratingStim: mask = 'gauss'
28.1297 	EXP 	unnamed GratingStim: mask = 'gauss'
28.1629 	EXP 	unnamed GratingStim: mask = 'gauss'
28.1963 	EXP 	unnamed GratingStim: mask = 'gauss'
28.2298 	EXP 	unnamed GratingStim: mask = 'gauss'
28.2631 	EXP 	unnamed GratingStim: mask = 'gauss'
28.2965 	EXP 	unnamed GratingStim: mask = 'gauss'
28.3297 	EXP 	unnamed GratingStim: mask = 'gauss'
28.3631 	EXP 	unnamed GratingStim: mask = 'gauss'
28.3965 	EXP 	unnamed GratingStim: mask = 'gauss'
28.4298 	EXP 	unnamed GratingStim: mask = 'gauss'
28.4634 	EXP 	unnamed GratingStim: mask = 'gauss'
28.4967 	EXP 	unnamed GratingStim: mask = 'gauss'
28.5297 	EXP 	unnamed GratingStim: mask = 'gauss'
28.5632 	EXP 	unnamed GratingStim: mask = 'gauss'
28.5966 	EXP 	unnamed GratingStim: mask = 'gauss'
28.6298 	EXP 	unnamed GratingStim: mask = 'gauss'
28.6631 	EXP 	unnamed GratingStim: mask = 'gauss'
28.6965 	EXP 	unnamed GratingStim: mask = 'gauss'
28.7297 	EXP 	unnamed GratingStim: mask = 'gauss'
28.7634 	EXP 	unnamed GratingStim: mask = 'gauss'
28.7967 	EXP 	unnamed GratingStim: mask = 'gauss'
28.8298 	EXP 	unnamed GratingStim: mask = 'gauss'
28.8630 	EXP 	unnamed GratingStim: mask = 'gauss'
28.8837 	DATA 	Keypress: escape
28.8965 	EXP 	unnamed GratingStim: mask = 'gauss'
28.9298 	EXP 	unnamed GratingStim: mask = 'gauss'
28.9631 	EXP 	unnamed GratingStim: mask = 'gauss'
28.9963 	EXP 	unnamed GratingStim: mask = 'gauss'
29.0299 	EXP 	unnamed GratingStim: mask = 'gauss'
29.4170 	EXP 	window1: mouseVisible = True
