1.5469 	WARNING 	We strongly recommend you activate the PTB sound engine in PsychoPy prefs as the preferred audio engine. Its timing is vastly superior. Your prefs are currently set to use ['sounddevice', 'PTB', 'pyo', 'pygame'] (in that order).
8.3150 	WARNING 	User requested fullscreen with size [1680 1050], but screen is actually [1920, 1080]. Using actual size
8.9589 	EXP 	Created window1 = Window(allowGUI=False, allowStencil=False, autoLog=True, backendConf=UNKNOWN, bitsMode=UNKNOWN, blendMode='avg', bpc=(8, 8, 8), color=array([0, 0, 0]), colorSpace='rgb', depthBits=8, fullscr=<method-wrapper '__getattribute__' of attributeSetter object at 0x000001AD60050AC0>, gamma=None, gammaErrorPolicy='raise', lms=UNKNOWN, monitor=<psychopy.monitors.calibTools.Monitor object at 0x000001AD62628FD0>, multiSample=False, name='window1', numSamples=2, pos=(0, 0), screen=0, size=array([1920, 1080]), stencilBits=0, stereo=False, units='deg', useFBO=True, useRetina=False, viewOri=0.0, viewPos=None, viewScale=None, waitBlanking=True, winType='pyglet')
8.9593 	EXP 	window1: mouseVisible = True
8.9593 	EXP 	window1: Attempting to measure frame rate of screen (0) ...
8.9594 	EXP 	window1: recordFrameIntervals = False
9.1251 	EXP 	window1: recordFrameIntervals = True
9.3086 	EXP 	Screen (0) actual frame rate measured at 60.10Hz
9.3086 	EXP 	window1: recordFrameIntervals = False
11.4999 	EXP 	Created Instrucciones1 = TextStim(__class__=<class 'psychopy.visual.text.TextStim'>, alignHoriz=method-wrapper(...), alignText='center', alignVert=method-wrapper(...), anchorHoriz='center', anchorVert='center', antialias=True, autoLog=True, bold=False, color=array([-1., -1., -1.]), colorSpace='rgb', contrast=1.0, depth=0.0, flipHoriz=False, flipVert=False, font='Open Sans', fontFiles=[], height=0.05, italic=False, languageStyle='LTR', name='Instrucciones1', opacity=1.0, ori=0.0, pos=array([0., 0.]), rgb=UNKNOWN, text=str(...), units='height', win=Window(...), wrapWidth=1)
11.5084 	EXP 	Created Instrucciones2 = TextStim(__class__=<class 'psychopy.visual.text.TextStim'>, alignHoriz=method-wrapper(...), alignText='center', alignVert=method-wrapper(...), anchorHoriz='center', anchorVert='center', antialias=True, autoLog=True, bold=False, color=array([-1., -1., -1.]), colorSpace='rgb', contrast=1.0, depth=-2.0, flipHoriz=False, flipVert=False, font='Open Sans', fontFiles=[], height=0.05, italic=False, languageStyle='LTR', name='Instrucciones2', opacity=1.0, ori=0.0, pos=array([0., 0.]), rgb=UNKNOWN, text=str(...), units='height', win=Window(...), wrapWidth=1)
11.5240 	EXP 	Created Instrucciones3 = TextStim(__class__=<class 'psychopy.visual.text.TextStim'>, alignHoriz=method-wrapper(...), alignText='center', alignVert=method-wrapper(...), anchorHoriz='center', anchorVert='center', antialias=True, autoLog=True, bold=False, color=array([-1., -1., -1.]), colorSpace='rgb', contrast=1.0, depth=-4.0, flipHoriz=False, flipVert=False, font='Arial', fontFiles=[], height=0.05, italic=False, languageStyle='LTR', name='Instrucciones3', opacity=1.0, ori=0.0, pos=array([0., 0.]), rgb=UNKNOWN, text=str(...), units='height', win=Window(...), wrapWidth=1)
11.5419 	EXP 	Created instrucciones4 = TextStim(__class__=<class 'psychopy.visual.text.TextStim'>, alignHoriz=method-wrapper(...), alignText='center', alignVert=method-wrapper(...), anchorHoriz='center', anchorVert='center', antialias=True, autoLog=True, bold=False, color=array([-1., -1., -1.]), colorSpace='rgb', contrast=1.0, depth=-6.0, flipHoriz=False, flipVert=False, font='Arial', fontFiles=[], height=0.05, italic=False, languageStyle='LTR', name='instrucciones4', opacity=1.0, ori=0.0, pos=array([0., 0.]), rgb=UNKNOWN, text=str(...), units='height', win=Window(...), wrapWidth=1)
11.5481 	EXP 	Created Instrucciones5 = TextStim(__class__=<class 'psychopy.visual.text.TextStim'>, alignHoriz=method-wrapper(...), alignText='center', alignVert=method-wrapper(...), anchorHoriz='center', anchorVert='center', antialias=True, autoLog=True, bold=False, color=array([1., 1., 1.]), colorSpace='rgb', contrast=1.0, depth=-8.0, flipHoriz=False, flipVert=False, font='Open Sans', fontFiles=[], height=0.05, italic=False, languageStyle='LTR', name='Instrucciones5', opacity=1.0, ori=0.0, pos=array([0., 0.]), rgb=UNKNOWN, text='¡Vamos a hacer uno de prueba!', units='height', win=Window(...), wrapWidth=1)
11.5526 	EXP 	Created GratingPrueba = GratingStim(__class__=<class 'psychopy.visual.grating.GratingStim'>, anchor='center', autoDraw=False, autoLog=True, blendmode='avg', color=array([1., 1., 1.]), colorSpace='rgb', contrast=1.0, depth=-2.0, interpolate=True, mask='circle', maskParams=None, name='GratingPrueba', opacity=1.0, ori=1.0, phase=array([0., 0.]), pos=array([0., 0.]), rgbPedestal=array([0., 0., 0.]), sf=array([1., 1.]), size=array([200., 200.]), tex='sin', texRes=128, units='pix', win=Window(...))
11.5542 	EXP 	Created FeedbackPrueb = TextStim(__class__=<class 'psychopy.visual.text.TextStim'>, alignHoriz=method-wrapper(...), alignText='center', alignVert=method-wrapper(...), anchorHoriz='center', anchorVert='center', antialias=True, autoLog=True, bold=False, color=array([1., 1., 1.]), colorSpace='rgb', contrast=1.0, depth=-1.0, flipHoriz=False, flipVert=False, font='Open Sans', fontFiles=[], height=0.1, italic=False, languageStyle='LTR', name='FeedbackPrueb', opacity=1.0, ori=0.0, pos=array([0., 0.]), rgb=UNKNOWN, text='', units='height', win=Window(...), wrapWidth=1)
11.5701 	EXP 	Created ComienzoTexto = TextStim(__class__=<class 'psychopy.visual.text.TextStim'>, alignHoriz=method-wrapper(...), alignText='center', alignVert=method-wrapper(...), anchorHoriz='center', anchorVert='center', antialias=True, autoLog=True, bold=False, color=array([-1., -1., -1.]), colorSpace='rgb', contrast=1.0, depth=0.0, flipHoriz=False, flipVert=False, font='Open Sans', fontFiles=[], height=0.05, italic=False, languageStyle='LTR', name='ComienzoTexto', opacity=1.0, ori=0.0, pos=array([0., 0.]), rgb=UNKNOWN, text=str(...), units='height', win=Window(...), wrapWidth=1)
11.5737 	EXP 	Created grating2 = GratingStim(__class__=<class 'psychopy.visual.grating.GratingStim'>, anchor='center', autoDraw=False, autoLog=True, blendmode='avg', color=array([1., 1., 1.]), colorSpace='rgb', contrast=1.0, depth=0.0, interpolate=True, mask='circle', maskParams=None, name='grating2', opacity=1.0, ori=1.0, phase=array([0., 0.]), pos=array([0., 0.]), rgbPedestal=array([0., 0., 0.]), sf=array([1., 1.]), size=array([200., 200.]), tex='sin', texRes=128, units='pix', win=Window(...))
11.5748 	EXP 	Created feedback_2 = TextStim(__class__=<class 'psychopy.visual.text.TextStim'>, alignHoriz=method-wrapper(...), alignText='center', alignVert=method-wrapper(...), anchorHoriz='center', anchorVert='center', antialias=True, autoLog=True, bold=False, color=array([1., 1., 1.]), colorSpace='rgb', contrast=1.0, depth=-1.0, flipHoriz=False, flipVert=False, font='Open Sans', fontFiles=[], height=0.1, italic=False, languageStyle='LTR', name='feedback_2', opacity=1.0, ori=0.0, pos=array([0., 0.]), rgb=UNKNOWN, text='', units='height', win=Window(...), wrapWidth=1)
11.5907 	EXP 	Created Gracias = TextStim(__class__=<class 'psychopy.visual.text.TextStim'>, alignHoriz=method-wrapper(...), alignText='center', alignVert=method-wrapper(...), anchorHoriz='center', anchorVert='center', antialias=True, autoLog=True, bold=False, color=array([1., 1., 1.]), colorSpace='rgb', contrast=1.0, depth=0.0, flipHoriz=False, flipVert=False, font='Open Sans', fontFiles=[], height=0.1, italic=False, languageStyle='LTR', name='Gracias', opacity=1.0, ori=0.0, pos=array([0., 0.]), rgb=UNKNOWN, text='¡Muchas gracias por participar!', units='height', win=Window(...), wrapWidth=1)
11.5926 	EXP 	Created image = ImageStim(__class__=<class 'psychopy.visual.image.ImageStim'>, anchor=('center', 'center'), autoLog=True, color=array([1., 1., 1.]), colorSpace='rgb', contrast=1.0, depth=-1.0, flipHoriz=False, flipVert=False, image=None, interpolate=True, mask=None, maskParams=None, name='image', opacity=1.0, ori=0.0, pos=array([0., 0.]), size=array([0.5, 0.5]), texRes=128.0, units='deg', win=Window(...))
12.5933 	EXP 	Instrucciones1: autoDraw = True
13.1463 	DATA 	Keypress: space
13.1602 	EXP 	Instrucciones1: autoDraw = False
13.1602 	EXP 	Instrucciones2: autoDraw = True
13.4953 	DATA 	Keypress: space
13.8630 	DATA 	Keypress: space
13.8772 	EXP 	Instrucciones2: autoDraw = False
13.8772 	EXP 	Instrucciones3: autoDraw = True
14.0623 	DATA 	Keypress: space
14.4297 	DATA 	Keypress: space
14.4439 	EXP 	Instrucciones3: autoDraw = False
14.4439 	EXP 	instrucciones4: autoDraw = True
14.6292 	DATA 	Keypress: space
14.8637 	DATA 	Keypress: space
14.8773 	EXP 	instrucciones4: autoDraw = False
14.8773 	EXP 	Instrucciones5: autoDraw = True
15.3290 	DATA 	Keypress: space
15.5791 	DATA 	Keypress: space
16.0124 	DATA 	Keypress: space
16.4465 	DATA 	Keypress: space
17.9130 	DATA 	Keypress: space
18.2298 	DATA 	Keypress: space
18.6135 	DATA 	Keypress: space
18.8687 	EXP 	Imported ParametrosPRUEBAintinfoTraining.xlsx as conditions, 10 conditions, 6 params
18.8691 	EXP 	Created sequence: sequential, trialTypes=10, nReps=1, seed=None
18.8694 	EXP 	New trial (rep=0, index=0): {'Frecuencia': 6.12015737910944, 'Orientaciondecimal': 0.960355341119567, 'Categoria': 'A', 'Tecla': 'left', 'FrecuenciaEspacial': 0.030600786895547197, 'Orientacion': 96.0355341119567}
18.8740 	EXP 	Created unnamed GratingStim = GratingStim(__class__=<class 'psychopy.visual.grating.GratingStim'>, anchor='center', autoDraw=False, autoLog=True, blendmode='avg', color=array([1., 1., 1.]), colorSpace='rgb', contrast=1.0, depth=0, interpolate=False, mask='gauss', maskParams=None, name='unnamed GratingStim', opacity=1.0, ori=0.0, phase=array([0., 0.]), pos=array([0., 0.]), rgbPedestal=array([0., 0., 0.]), sf=array([1., 1.]), size=array([10., 10.]), tex='sin', texRes=128, units='deg', win=Window(...))
18.8885 	EXP 	Instrucciones5: autoDraw = False
18.8885 	EXP 	Instrucciones1: autoDraw = False
18.8885 	EXP 	Instrucciones2: autoDraw = False
18.8885 	EXP 	Instrucciones3: autoDraw = False
18.8885 	EXP 	instrucciones4: autoDraw = False
18.8885 	EXP 	Instrucciones5: autoDraw = False
18.8885 	EXP 	GratingPrueba: ori = 96.0355341119567
18.8885 	EXP 	GratingPrueba: sf = array([0.03060079, 0.03060079])
18.8885 	EXP 	unnamed GratingStim: mask = 'gauss'
18.8885 	EXP 	unnamed GratingStim: tex = 'sin'
18.9286 	EXP 	unnamed GratingStim: mask = 'gauss'
18.9621 	EXP 	unnamed GratingStim: mask = 'gauss'
18.9954 	EXP 	unnamed GratingStim: mask = 'gauss'
19.0118 	EXP 	GratingPrueba: autoDraw = True
19.0118 	EXP 	GratingPrueba: tex = 'sin'
19.0288 	EXP 	unnamed GratingStim: mask = 'gauss'
19.0619 	EXP 	unnamed GratingStim: mask = 'gauss'
19.0962 	EXP 	unnamed GratingStim: mask = 'gauss'
19.1288 	EXP 	unnamed GratingStim: mask = 'gauss'
19.1619 	EXP 	unnamed GratingStim: mask = 'gauss'
19.1955 	EXP 	unnamed GratingStim: mask = 'gauss'
19.2287 	EXP 	unnamed GratingStim: mask = 'gauss'
19.2621 	EXP 	unnamed GratingStim: mask = 'gauss'
19.2955 	EXP 	unnamed GratingStim: mask = 'gauss'
19.3288 	EXP 	unnamed GratingStim: mask = 'gauss'
19.3623 	EXP 	unnamed GratingStim: mask = 'gauss'
19.3953 	EXP 	unnamed GratingStim: mask = 'gauss'
19.4289 	EXP 	unnamed GratingStim: mask = 'gauss'
19.4621 	EXP 	unnamed GratingStim: mask = 'gauss'
19.4955 	EXP 	unnamed GratingStim: mask = 'gauss'
19.5289 	EXP 	unnamed GratingStim: mask = 'gauss'
19.5622 	EXP 	unnamed GratingStim: mask = 'gauss'
19.5956 	EXP 	unnamed GratingStim: mask = 'gauss'
19.6289 	EXP 	unnamed GratingStim: mask = 'gauss'
19.6624 	EXP 	unnamed GratingStim: mask = 'gauss'
19.6956 	EXP 	unnamed GratingStim: mask = 'gauss'
19.7288 	EXP 	unnamed GratingStim: mask = 'gauss'
19.7624 	EXP 	unnamed GratingStim: mask = 'gauss'
19.7955 	EXP 	unnamed GratingStim: mask = 'gauss'
19.8289 	EXP 	unnamed GratingStim: mask = 'gauss'
19.8624 	EXP 	unnamed GratingStim: mask = 'gauss'
19.8957 	EXP 	unnamed GratingStim: mask = 'gauss'
19.9293 	EXP 	unnamed GratingStim: mask = 'gauss'
19.9624 	EXP 	unnamed GratingStim: mask = 'gauss'
19.9956 	EXP 	unnamed GratingStim: mask = 'gauss'
20.0292 	EXP 	unnamed GratingStim: mask = 'gauss'
20.0623 	EXP 	unnamed GratingStim: mask = 'gauss'
20.0955 	EXP 	unnamed GratingStim: mask = 'gauss'
20.1290 	EXP 	unnamed GratingStim: mask = 'gauss'
20.1625 	EXP 	unnamed GratingStim: mask = 'gauss'
20.1957 	EXP 	unnamed GratingStim: mask = 'gauss'
20.2289 	EXP 	unnamed GratingStim: mask = 'gauss'
20.2621 	EXP 	unnamed GratingStim: mask = 'gauss'
20.2956 	EXP 	unnamed GratingStim: mask = 'gauss'
20.3291 	EXP 	unnamed GratingStim: mask = 'gauss'
20.3626 	EXP 	unnamed GratingStim: mask = 'gauss'
20.3958 	EXP 	unnamed GratingStim: mask = 'gauss'
20.4291 	EXP 	unnamed GratingStim: mask = 'gauss'
20.4622 	EXP 	unnamed GratingStim: mask = 'gauss'
20.4959 	EXP 	unnamed GratingStim: mask = 'gauss'
20.5291 	EXP 	unnamed GratingStim: mask = 'gauss'
20.5655 	EXP 	unnamed GratingStim: mask = 'gauss'
20.5959 	EXP 	unnamed GratingStim: mask = 'gauss'
20.6294 	EXP 	unnamed GratingStim: mask = 'gauss'
20.6627 	EXP 	unnamed GratingStim: mask = 'gauss'
20.6959 	EXP 	unnamed GratingStim: mask = 'gauss'
20.7293 	EXP 	unnamed GratingStim: mask = 'gauss'
20.7626 	EXP 	unnamed GratingStim: mask = 'gauss'
20.7960 	EXP 	unnamed GratingStim: mask = 'gauss'
20.8294 	EXP 	unnamed GratingStim: mask = 'gauss'
20.8626 	EXP 	unnamed GratingStim: mask = 'gauss'
20.8959 	EXP 	unnamed GratingStim: mask = 'gauss'
20.9291 	EXP 	unnamed GratingStim: mask = 'gauss'
20.9628 	EXP 	unnamed GratingStim: mask = 'gauss'
20.9960 	EXP 	unnamed GratingStim: mask = 'gauss'
21.0294 	EXP 	unnamed GratingStim: mask = 'gauss'
21.0628 	EXP 	unnamed GratingStim: mask = 'gauss'
21.0959 	EXP 	unnamed GratingStim: mask = 'gauss'
21.1295 	EXP 	unnamed GratingStim: mask = 'gauss'
21.1628 	EXP 	unnamed GratingStim: mask = 'gauss'
21.1962 	EXP 	unnamed GratingStim: mask = 'gauss'
21.2296 	EXP 	unnamed GratingStim: mask = 'gauss'
21.2626 	EXP 	unnamed GratingStim: mask = 'gauss'
21.2961 	EXP 	unnamed GratingStim: mask = 'gauss'
21.3295 	EXP 	unnamed GratingStim: mask = 'gauss'
21.3628 	EXP 	unnamed GratingStim: mask = 'gauss'
21.3964 	EXP 	unnamed GratingStim: mask = 'gauss'
21.4297 	EXP 	unnamed GratingStim: mask = 'gauss'
21.4629 	EXP 	unnamed GratingStim: mask = 'gauss'
21.4962 	EXP 	unnamed GratingStim: mask = 'gauss'
21.5296 	EXP 	unnamed GratingStim: mask = 'gauss'
21.5630 	EXP 	unnamed GratingStim: mask = 'gauss'
21.5961 	EXP 	unnamed GratingStim: mask = 'gauss'
21.6296 	EXP 	unnamed GratingStim: mask = 'gauss'
21.6630 	EXP 	unnamed GratingStim: mask = 'gauss'
21.6961 	EXP 	unnamed GratingStim: mask = 'gauss'
21.7294 	EXP 	unnamed GratingStim: mask = 'gauss'
21.7629 	EXP 	unnamed GratingStim: mask = 'gauss'
21.7964 	EXP 	unnamed GratingStim: mask = 'gauss'
21.8296 	EXP 	unnamed GratingStim: mask = 'gauss'
21.8633 	EXP 	unnamed GratingStim: mask = 'gauss'
21.8961 	EXP 	unnamed GratingStim: mask = 'gauss'
21.9297 	EXP 	unnamed GratingStim: mask = 'gauss'
21.9630 	EXP 	unnamed GratingStim: mask = 'gauss'
21.9963 	EXP 	unnamed GratingStim: mask = 'gauss'
22.0294 	EXP 	unnamed GratingStim: mask = 'gauss'
22.0461 	EXP 	GratingPrueba: autoDraw = False
22.0631 	EXP 	unnamed GratingStim: mask = 'gauss'
22.0994 	EXP 	GratingPrueba: autoDraw = False
22.0994 	EXP 	FeedbackPrueb: height = 0.1
22.0994 	EXP 	FeedbackPrueb: height = 0.1
22.0994 	EXP 	FeedbackPrueb: text = 'Segui intentando'
22.0994 	EXP 	FeedbackPrueb: autoDraw = True
23.0636 	EXP 	New trial (rep=0, index=1): {'Frecuencia': 5.80474231627537, 'Orientaciondecimal': 0.973560272222272, 'Categoria': 'B', 'Tecla': 'right', 'FrecuenciaEspacial': 0.029023711581376854, 'Orientacion': 97.3560272222272}
23.0677 	EXP 	Created unnamed GratingStim = GratingStim(__class__=<class 'psychopy.visual.grating.GratingStim'>, anchor='center', autoDraw=False, autoLog=True, blendmode='avg', color=array([1., 1., 1.]), colorSpace='rgb', contrast=1.0, depth=0, interpolate=False, mask='gauss', maskParams=None, name='unnamed GratingStim', opacity=1.0, ori=0.0, phase=array([0., 0.]), pos=array([0., 0.]), rgbPedestal=array([0., 0., 0.]), sf=array([1., 1.]), size=array([10., 10.]), tex='sin', texRes=128, units='deg', win=Window(...))
23.0837 	EXP 	FeedbackPrueb: autoDraw = False
23.0837 	EXP 	GratingPrueba: ori = 97.3560272222272
23.0837 	EXP 	GratingPrueba: sf = array([0.02902371, 0.02902371])
23.0837 	EXP 	unnamed GratingStim: mask = 'gauss'
23.0837 	EXP 	unnamed GratingStim: tex = 'sin'
23.1134 	EXP 	unnamed GratingStim: mask = 'gauss'
23.1141 	DATA 	Keypress: escape
23.1472 	EXP 	unnamed GratingStim: mask = 'gauss'
23.1800 	EXP 	unnamed GratingStim: mask = 'gauss'
23.1967 	EXP 	GratingPrueba: autoDraw = True
23.2132 	EXP 	unnamed GratingStim: mask = 'gauss'
23.9923 	EXP 	window1: mouseVisible = True
