1.6678 	WARNING 	We strongly recommend you activate the PTB sound engine in PsychoPy prefs as the preferred audio engine. Its timing is vastly superior. Your prefs are currently set to use ['sounddevice', 'PTB', 'pyo', 'pygame'] (in that order).
8.8486 	WARNING 	User requested fullscreen with size [1680 1050], but screen is actually [1920, 1080]. Using actual size
9.6583 	EXP 	Created window1 = Window(allowGUI=False, allowStencil=False, autoLog=True, backendConf=UNKNOWN, bitsMode=UNKNOWN, blendMode='avg', bpc=(8, 8, 8), color=array([0, 0, 0]), colorSpace='rgb', depthBits=8, fullscr=<method-wrapper '__getattribute__' of attributeSetter object at 0x0000015D888D3AC0>, gamma=None, gammaErrorPolicy='raise', lms=UNKNOWN, monitor=<psychopy.monitors.calibTools.Monitor object at 0x0000015D87C50FD0>, multiSample=False, name='window1', numSamples=2, pos=(0, 0), screen=0, size=array([1920, 1080]), stencilBits=0, stereo=False, units='deg', useFBO=True, useRetina=False, viewOri=0.0, viewPos=None, viewScale=None, waitBlanking=True, winType='pyglet')
9.6586 	EXP 	window1: mouseVisible = True
9.6586 	EXP 	window1: Attempting to measure frame rate of screen (0) ...
9.6587 	EXP 	window1: recordFrameIntervals = False
9.8243 	EXP 	window1: recordFrameIntervals = True
10.0079 	EXP 	Screen (0) actual frame rate measured at 60.01Hz
10.0079 	EXP 	window1: recordFrameIntervals = False
12.5764 	EXP 	Created Instrucciones1 = TextStim(__class__=<class 'psychopy.visual.text.TextStim'>, alignHoriz=method-wrapper(...), alignText='center', alignVert=method-wrapper(...), anchorHoriz='center', anchorVert='center', antialias=True, autoLog=True, bold=False, color=array([-1., -1., -1.]), colorSpace='rgb', contrast=1.0, depth=0.0, flipHoriz=False, flipVert=False, font='Open Sans', fontFiles=[], height=0.05, italic=False, languageStyle='LTR', name='Instrucciones1', opacity=1.0, ori=0.0, pos=array([0., 0.]), rgb=UNKNOWN, text=str(...), units='height', win=Window(...), wrapWidth=1)
12.5852 	EXP 	Created Instrucciones2 = TextStim(__class__=<class 'psychopy.visual.text.TextStim'>, alignHoriz=method-wrapper(...), alignText='center', alignVert=method-wrapper(...), anchorHoriz='center', anchorVert='center', antialias=True, autoLog=True, bold=False, color=array([-1., -1., -1.]), colorSpace='rgb', contrast=1.0, depth=-2.0, flipHoriz=False, flipVert=False, font='Open Sans', fontFiles=[], height=0.05, italic=False, languageStyle='LTR', name='Instrucciones2', opacity=1.0, ori=0.0, pos=array([0., 0.]), rgb=UNKNOWN, text=str(...), units='height', win=Window(...), wrapWidth=1)
12.6031 	EXP 	Created Instrucciones3 = TextStim(__class__=<class 'psychopy.visual.text.TextStim'>, alignHoriz=method-wrapper(...), alignText='center', alignVert=method-wrapper(...), anchorHoriz='center', anchorVert='center', antialias=True, autoLog=True, bold=False, color=array([-1., -1., -1.]), colorSpace='rgb', contrast=1.0, depth=-4.0, flipHoriz=False, flipVert=False, font='Arial', fontFiles=[], height=0.05, italic=False, languageStyle='LTR', name='Instrucciones3', opacity=1.0, ori=0.0, pos=array([0., 0.]), rgb=UNKNOWN, text=str(...), units='height', win=Window(...), wrapWidth=1)
12.6221 	EXP 	Created instrucciones4 = TextStim(__class__=<class 'psychopy.visual.text.TextStim'>, alignHoriz=method-wrapper(...), alignText='center', alignVert=method-wrapper(...), anchorHoriz='center', anchorVert='center', antialias=True, autoLog=True, bold=False, color=array([-1., -1., -1.]), colorSpace='rgb', contrast=1.0, depth=-6.0, flipHoriz=False, flipVert=False, font='Arial', fontFiles=[], height=0.05, italic=False, languageStyle='LTR', name='instrucciones4', opacity=1.0, ori=0.0, pos=array([0., 0.]), rgb=UNKNOWN, text=str(...), units='height', win=Window(...), wrapWidth=1)
12.6307 	EXP 	Created Instrucciones5 = TextStim(__class__=<class 'psychopy.visual.text.TextStim'>, alignHoriz=method-wrapper(...), alignText='center', alignVert=method-wrapper(...), anchorHoriz='center', anchorVert='center', antialias=True, autoLog=True, bold=False, color=array([1., 1., 1.]), colorSpace='rgb', contrast=1.0, depth=-8.0, flipHoriz=False, flipVert=False, font='Open Sans', fontFiles=[], height=0.05, italic=False, languageStyle='LTR', name='Instrucciones5', opacity=1.0, ori=0.0, pos=array([0., 0.]), rgb=UNKNOWN, text='¡Vamos a hacer uno de prueba!', units='height', win=Window(...), wrapWidth=1)
12.6389 	EXP 	Created GratingPrueba = GratingStim(__class__=<class 'psychopy.visual.grating.GratingStim'>, anchor='center', autoDraw=False, autoLog=True, blendmode='avg', color=array([1., 1., 1.]), colorSpace='rgb', contrast=1.0, depth=-1.0, interpolate=True, mask='gauss', maskParams=None, name='GratingPrueba', opacity=1.0, ori=1.0, phase=array([0., 0.]), pos=array([0., 0.]), rgbPedestal=array([0., 0., 0.]), sf=array([1., 1.]), size=array([400., 400.]), tex='sin', texRes=128, units='pix', win=Window(...))
12.6419 	EXP 	Created unnamed GratingStim = GratingStim(__class__=<class 'psychopy.visual.grating.GratingStim'>, anchor='center', autoDraw=False, autoLog=True, blendmode='avg', color=array([1., 1., 1.]), colorSpace='rgb', contrast=1.0, depth=0, interpolate=False, mask='none', maskParams=None, name='unnamed GratingStim', opacity=1.0, ori=45.0, phase=array([0., 0.]), pos=array([0., 0.]), rgbPedestal=array([0., 0., 0.]), sf=array([0.05, 0.05]), size=array([10., 10.]), tex='sin', texRes=128, units='deg', win=Window(...))
12.6467 	EXP 	Created unnamed GratingStim = GratingStim(__class__=<class 'psychopy.visual.grating.GratingStim'>, anchor='center', autoDraw=False, autoLog=True, blendmode='avg', color=array([1., 1., 1.]), colorSpace='rgb', contrast=1.0, depth=0, interpolate=False, mask='gauss', maskParams=None, name='unnamed GratingStim', opacity=1.0, ori=0.0, phase=array([0., 0.]), pos=array([0., 0.]), rgbPedestal=array([0., 0., 0.]), sf=array([1., 1.]), size=array([10., 10.]), tex='sin', texRes=128, units='deg', win=Window(...))
12.6484 	EXP 	Created FeedbackPrueb = TextStim(__class__=<class 'psychopy.visual.text.TextStim'>, alignHoriz=method-wrapper(...), alignText='center', alignVert=method-wrapper(...), anchorHoriz='center', anchorVert='center', antialias=True, autoLog=True, bold=False, color=array([1., 1., 1.]), colorSpace='rgb', contrast=1.0, depth=-1.0, flipHoriz=False, flipVert=False, font='Open Sans', fontFiles=[], height=0.1, italic=False, languageStyle='LTR', name='FeedbackPrueb', opacity=1.0, ori=0.0, pos=array([0., 0.]), rgb=UNKNOWN, text='', units='height', win=Window(...), wrapWidth=1)
12.6649 	EXP 	Created ComienzoTexto = TextStim(__class__=<class 'psychopy.visual.text.TextStim'>, alignHoriz=method-wrapper(...), alignText='center', alignVert=method-wrapper(...), anchorHoriz='center', anchorVert='center', antialias=True, autoLog=True, bold=False, color=array([-1., -1., -1.]), colorSpace='rgb', contrast=1.0, depth=0.0, flipHoriz=False, flipVert=False, font='Open Sans', fontFiles=[], height=0.05, italic=False, languageStyle='LTR', name='ComienzoTexto', opacity=1.0, ori=0.0, pos=array([0., 0.]), rgb=UNKNOWN, text=str(...), units='height', win=Window(...), wrapWidth=1)
12.6721 	EXP 	Created grating2 = GratingStim(__class__=<class 'psychopy.visual.grating.GratingStim'>, anchor='center', autoDraw=False, autoLog=True, blendmode='avg', color=array([1., 1., 1.]), colorSpace='rgb', contrast=1.0, depth=0.0, interpolate=True, mask='circle', maskParams=None, name='grating2', opacity=1.0, ori=1.0, phase=array([0., 0.]), pos=array([0., 0.]), rgbPedestal=array([0., 0., 0.]), sf=array([1., 1.]), size=array([200., 200.]), tex='sin', texRes=128, units='pix', win=Window(...))
12.6732 	EXP 	Created feedback_2 = TextStim(__class__=<class 'psychopy.visual.text.TextStim'>, alignHoriz=method-wrapper(...), alignText='center', alignVert=method-wrapper(...), anchorHoriz='center', anchorVert='center', antialias=True, autoLog=True, bold=False, color=array([1., 1., 1.]), colorSpace='rgb', contrast=1.0, depth=-1.0, flipHoriz=False, flipVert=False, font='Open Sans', fontFiles=[], height=0.1, italic=False, languageStyle='LTR', name='feedback_2', opacity=1.0, ori=0.0, pos=array([0., 0.]), rgb=UNKNOWN, text='', units='height', win=Window(...), wrapWidth=1)
12.6902 	EXP 	Created Gracias = TextStim(__class__=<class 'psychopy.visual.text.TextStim'>, alignHoriz=method-wrapper(...), alignText='center', alignVert=method-wrapper(...), anchorHoriz='center', anchorVert='center', antialias=True, autoLog=True, bold=False, color=array([1., 1., 1.]), colorSpace='rgb', contrast=1.0, depth=0.0, flipHoriz=False, flipVert=False, font='Open Sans', fontFiles=[], height=0.1, italic=False, languageStyle='LTR', name='Gracias', opacity=1.0, ori=0.0, pos=array([0., 0.]), rgb=UNKNOWN, text='¡Muchas gracias por participar!', units='height', win=Window(...), wrapWidth=1)
12.6987 	EXP 	Created image = ImageStim(__class__=<class 'psychopy.visual.image.ImageStim'>, anchor=('center', 'center'), autoLog=True, color=array([1., 1., 1.]), colorSpace='rgb', contrast=1.0, depth=-1.0, flipHoriz=False, flipVert=False, image=None, interpolate=True, mask=None, maskParams=None, name='image', opacity=1.0, ori=0.0, pos=array([0., 0.]), size=array([0.5, 0.5]), texRes=128.0, units='deg', win=Window(...))
13.7094 	EXP 	Instrucciones1: autoDraw = True
14.7628 	DATA 	Keypress: space
14.7765 	EXP 	Instrucciones1: autoDraw = False
14.7765 	EXP 	Instrucciones2: autoDraw = True
15.0786 	DATA 	Keypress: space
15.3963 	DATA 	Keypress: space
15.4110 	EXP 	Instrucciones2: autoDraw = False
15.4110 	EXP 	Instrucciones3: autoDraw = True
15.7455 	DATA 	Keypress: space
16.0630 	DATA 	Keypress: space
16.0768 	EXP 	Instrucciones3: autoDraw = False
16.0768 	EXP 	instrucciones4: autoDraw = True
16.3624 	DATA 	Keypress: space
16.7639 	DATA 	Keypress: space
16.7772 	EXP 	instrucciones4: autoDraw = False
16.7772 	EXP 	Instrucciones5: autoDraw = True
17.3957 	DATA 	Keypress: space
17.8632 	DATA 	Keypress: space
18.6127 	DATA 	Keypress: space
20.5968 	DATA 	Keypress: space
20.8014 	EXP 	Imported ParametrosPRUEBAintinfoTraining.xlsx as conditions, 10 conditions, 6 params
20.8018 	EXP 	Created sequence: sequential, trialTypes=10, nReps=1, seed=None
20.8021 	EXP 	New trial (rep=0, index=0): {'Frecuencia': 6.12015737910944, 'Orientaciondecimal': 0.960355341119567, 'Categoria': 'A', 'Tecla': 'left', 'FrecuenciaEspacial': 0.030600786895547197, 'Orientacion': 96.0355341119567}
20.8166 	EXP 	Instrucciones5: autoDraw = False
20.8166 	EXP 	Instrucciones1: autoDraw = False
20.8166 	EXP 	Instrucciones2: autoDraw = False
20.8166 	EXP 	Instrucciones3: autoDraw = False
20.8166 	EXP 	instrucciones4: autoDraw = False
20.8166 	EXP 	Instrucciones5: autoDraw = False
20.8166 	EXP 	GratingPrueba: ori = 96.0355341119567
20.8166 	EXP 	GratingPrueba: sf = array([0.03060079, 0.03060079])
20.8166 	EXP 	unnamed GratingStim: ori = 45
20.8166 	EXP 	unnamed GratingStim: sf = 0.05
20.8166 	EXP 	unnamed GratingStim: tex = 'sin'
20.8166 	EXP 	unnamed GratingStim: tex = 'sin'
20.8452 	EXP 	unnamed GratingStim: ori = 45
20.8452 	EXP 	unnamed GratingStim: sf = 0.05
20.8784 	EXP 	unnamed GratingStim: ori = 45
20.8784 	EXP 	unnamed GratingStim: sf = 0.05
20.9115 	EXP 	GratingPrueba: autoDraw = True
20.9115 	EXP 	unnamed GratingStim: ori = 45
20.9115 	EXP 	unnamed GratingStim: sf = 0.05
20.9115 	EXP 	GratingPrueba: tex = 'sin'
20.9450 	EXP 	unnamed GratingStim: ori = 45
20.9450 	EXP 	unnamed GratingStim: sf = 0.05
20.9785 	EXP 	unnamed GratingStim: ori = 45
20.9785 	EXP 	unnamed GratingStim: sf = 0.05
21.0119 	EXP 	unnamed GratingStim: ori = 45
21.0119 	EXP 	unnamed GratingStim: sf = 0.05
21.0450 	EXP 	unnamed GratingStim: ori = 45
21.0450 	EXP 	unnamed GratingStim: sf = 0.05
21.0784 	EXP 	unnamed GratingStim: ori = 45
21.0784 	EXP 	unnamed GratingStim: sf = 0.05
21.1117 	EXP 	unnamed GratingStim: ori = 45
21.1117 	EXP 	unnamed GratingStim: sf = 0.05
21.1451 	EXP 	unnamed GratingStim: ori = 45
21.1451 	EXP 	unnamed GratingStim: sf = 0.05
21.1785 	EXP 	unnamed GratingStim: ori = 45
21.1785 	EXP 	unnamed GratingStim: sf = 0.05
21.2121 	EXP 	unnamed GratingStim: ori = 45
21.2121 	EXP 	unnamed GratingStim: sf = 0.05
21.2451 	EXP 	unnamed GratingStim: ori = 45
21.2451 	EXP 	unnamed GratingStim: sf = 0.05
21.2787 	EXP 	unnamed GratingStim: ori = 45
21.2787 	EXP 	unnamed GratingStim: sf = 0.05
21.3120 	EXP 	unnamed GratingStim: ori = 45
21.3120 	EXP 	unnamed GratingStim: sf = 0.05
21.3452 	EXP 	unnamed GratingStim: ori = 45
21.3452 	EXP 	unnamed GratingStim: sf = 0.05
21.3785 	EXP 	unnamed GratingStim: ori = 45
21.3785 	EXP 	unnamed GratingStim: sf = 0.05
21.4119 	EXP 	unnamed GratingStim: ori = 45
21.4119 	EXP 	unnamed GratingStim: sf = 0.05
21.4452 	EXP 	unnamed GratingStim: ori = 45
21.4452 	EXP 	unnamed GratingStim: sf = 0.05
21.4787 	EXP 	unnamed GratingStim: ori = 45
21.4787 	EXP 	unnamed GratingStim: sf = 0.05
21.5120 	EXP 	unnamed GratingStim: ori = 45
21.5120 	EXP 	unnamed GratingStim: sf = 0.05
21.5454 	EXP 	unnamed GratingStim: ori = 45
21.5454 	EXP 	unnamed GratingStim: sf = 0.05
21.5785 	EXP 	unnamed GratingStim: ori = 45
21.5785 	EXP 	unnamed GratingStim: sf = 0.05
21.6120 	EXP 	unnamed GratingStim: ori = 45
21.6120 	EXP 	unnamed GratingStim: sf = 0.05
21.6454 	EXP 	unnamed GratingStim: ori = 45
21.6454 	EXP 	unnamed GratingStim: sf = 0.05
21.6789 	EXP 	unnamed GratingStim: ori = 45
21.6789 	EXP 	unnamed GratingStim: sf = 0.05
21.7120 	EXP 	unnamed GratingStim: ori = 45
21.7120 	EXP 	unnamed GratingStim: sf = 0.05
21.7454 	EXP 	unnamed GratingStim: ori = 45
21.7454 	EXP 	unnamed GratingStim: sf = 0.05
21.7788 	EXP 	unnamed GratingStim: ori = 45
21.7788 	EXP 	unnamed GratingStim: sf = 0.05
21.8121 	EXP 	unnamed GratingStim: ori = 45
21.8121 	EXP 	unnamed GratingStim: sf = 0.05
21.8454 	EXP 	unnamed GratingStim: ori = 45
21.8454 	EXP 	unnamed GratingStim: sf = 0.05
21.8792 	EXP 	unnamed GratingStim: ori = 45
21.8792 	EXP 	unnamed GratingStim: sf = 0.05
21.9121 	EXP 	unnamed GratingStim: ori = 45
21.9121 	EXP 	unnamed GratingStim: sf = 0.05
21.9455 	EXP 	unnamed GratingStim: ori = 45
21.9455 	EXP 	unnamed GratingStim: sf = 0.05
21.9787 	EXP 	unnamed GratingStim: ori = 45
21.9787 	EXP 	unnamed GratingStim: sf = 0.05
22.0121 	EXP 	unnamed GratingStim: ori = 45
22.0121 	EXP 	unnamed GratingStim: sf = 0.05
22.0454 	EXP 	unnamed GratingStim: ori = 45
22.0454 	EXP 	unnamed GratingStim: sf = 0.05
22.0788 	EXP 	unnamed GratingStim: ori = 45
22.0788 	EXP 	unnamed GratingStim: sf = 0.05
22.1122 	EXP 	unnamed GratingStim: ori = 45
22.1122 	EXP 	unnamed GratingStim: sf = 0.05
22.1455 	EXP 	unnamed GratingStim: ori = 45
22.1455 	EXP 	unnamed GratingStim: sf = 0.05
22.1789 	EXP 	unnamed GratingStim: ori = 45
22.1789 	EXP 	unnamed GratingStim: sf = 0.05
22.2120 	EXP 	unnamed GratingStim: ori = 45
22.2120 	EXP 	unnamed GratingStim: sf = 0.05
22.2457 	EXP 	unnamed GratingStim: ori = 45
22.2457 	EXP 	unnamed GratingStim: sf = 0.05
22.2792 	EXP 	unnamed GratingStim: ori = 45
22.2792 	EXP 	unnamed GratingStim: sf = 0.05
22.3122 	EXP 	unnamed GratingStim: ori = 45
22.3122 	EXP 	unnamed GratingStim: sf = 0.05
22.3456 	EXP 	unnamed GratingStim: ori = 45
22.3456 	EXP 	unnamed GratingStim: sf = 0.05
22.3789 	EXP 	unnamed GratingStim: ori = 45
22.3789 	EXP 	unnamed GratingStim: sf = 0.05
22.4121 	EXP 	unnamed GratingStim: ori = 45
22.4121 	EXP 	unnamed GratingStim: sf = 0.05
22.4454 	EXP 	unnamed GratingStim: ori = 45
22.4454 	EXP 	unnamed GratingStim: sf = 0.05
22.4788 	EXP 	unnamed GratingStim: ori = 45
22.4788 	EXP 	unnamed GratingStim: sf = 0.05
22.5123 	EXP 	unnamed GratingStim: ori = 45
22.5123 	EXP 	unnamed GratingStim: sf = 0.05
22.5455 	EXP 	unnamed GratingStim: ori = 45
22.5455 	EXP 	unnamed GratingStim: sf = 0.05
22.5788 	EXP 	unnamed GratingStim: ori = 45
22.5788 	EXP 	unnamed GratingStim: sf = 0.05
22.6122 	EXP 	unnamed GratingStim: ori = 45
22.6122 	EXP 	unnamed GratingStim: sf = 0.05
22.6457 	EXP 	unnamed GratingStim: ori = 45
22.6457 	EXP 	unnamed GratingStim: sf = 0.05
22.6790 	EXP 	unnamed GratingStim: ori = 45
22.6790 	EXP 	unnamed GratingStim: sf = 0.05
22.7122 	EXP 	unnamed GratingStim: ori = 45
22.7122 	EXP 	unnamed GratingStim: sf = 0.05
22.7458 	EXP 	unnamed GratingStim: ori = 45
22.7458 	EXP 	unnamed GratingStim: sf = 0.05
22.7790 	EXP 	unnamed GratingStim: ori = 45
22.7790 	EXP 	unnamed GratingStim: sf = 0.05
22.8123 	EXP 	unnamed GratingStim: ori = 45
22.8123 	EXP 	unnamed GratingStim: sf = 0.05
22.8456 	EXP 	unnamed GratingStim: ori = 45
22.8456 	EXP 	unnamed GratingStim: sf = 0.05
22.8791 	EXP 	unnamed GratingStim: ori = 45
22.8791 	EXP 	unnamed GratingStim: sf = 0.05
22.9124 	EXP 	unnamed GratingStim: ori = 45
22.9124 	EXP 	unnamed GratingStim: sf = 0.05
22.9455 	EXP 	unnamed GratingStim: ori = 45
22.9455 	EXP 	unnamed GratingStim: sf = 0.05
22.9791 	EXP 	unnamed GratingStim: ori = 45
22.9791 	EXP 	unnamed GratingStim: sf = 0.05
23.0123 	EXP 	unnamed GratingStim: ori = 45
23.0123 	EXP 	unnamed GratingStim: sf = 0.05
23.0459 	EXP 	unnamed GratingStim: ori = 45
23.0459 	EXP 	unnamed GratingStim: sf = 0.05
23.0793 	EXP 	unnamed GratingStim: ori = 45
23.0793 	EXP 	unnamed GratingStim: sf = 0.05
23.1124 	EXP 	unnamed GratingStim: ori = 45
23.1124 	EXP 	unnamed GratingStim: sf = 0.05
23.1459 	EXP 	unnamed GratingStim: ori = 45
23.1459 	EXP 	unnamed GratingStim: sf = 0.05
23.1791 	EXP 	unnamed GratingStim: ori = 45
23.1791 	EXP 	unnamed GratingStim: sf = 0.05
23.2126 	EXP 	unnamed GratingStim: ori = 45
23.2126 	EXP 	unnamed GratingStim: sf = 0.05
23.2458 	EXP 	unnamed GratingStim: ori = 45
23.2458 	EXP 	unnamed GratingStim: sf = 0.05
23.2795 	EXP 	unnamed GratingStim: ori = 45
23.2795 	EXP 	unnamed GratingStim: sf = 0.05
23.3126 	EXP 	unnamed GratingStim: ori = 45
23.3126 	EXP 	unnamed GratingStim: sf = 0.05
23.3460 	EXP 	unnamed GratingStim: ori = 45
23.3460 	EXP 	unnamed GratingStim: sf = 0.05
23.3793 	EXP 	unnamed GratingStim: ori = 45
23.3793 	EXP 	unnamed GratingStim: sf = 0.05
23.4125 	EXP 	unnamed GratingStim: ori = 45
23.4125 	EXP 	unnamed GratingStim: sf = 0.05
23.4459 	EXP 	unnamed GratingStim: ori = 45
23.4459 	EXP 	unnamed GratingStim: sf = 0.05
23.4793 	EXP 	unnamed GratingStim: ori = 45
23.4793 	EXP 	unnamed GratingStim: sf = 0.05
23.5126 	EXP 	unnamed GratingStim: ori = 45
23.5126 	EXP 	unnamed GratingStim: sf = 0.05
23.5459 	EXP 	unnamed GratingStim: ori = 45
23.5459 	EXP 	unnamed GratingStim: sf = 0.05
23.5792 	EXP 	unnamed GratingStim: ori = 45
23.5792 	EXP 	unnamed GratingStim: sf = 0.05
23.6124 	EXP 	unnamed GratingStim: ori = 45
23.6124 	EXP 	unnamed GratingStim: sf = 0.05
23.6459 	EXP 	unnamed GratingStim: ori = 45
23.6459 	EXP 	unnamed GratingStim: sf = 0.05
23.6792 	EXP 	unnamed GratingStim: ori = 45
23.6792 	EXP 	unnamed GratingStim: sf = 0.05
23.7124 	EXP 	unnamed GratingStim: ori = 45
23.7124 	EXP 	unnamed GratingStim: sf = 0.05
23.7461 	EXP 	unnamed GratingStim: ori = 45
23.7461 	EXP 	unnamed GratingStim: sf = 0.05
23.7794 	EXP 	unnamed GratingStim: ori = 45
23.7794 	EXP 	unnamed GratingStim: sf = 0.05
23.8126 	EXP 	unnamed GratingStim: ori = 45
23.8126 	EXP 	unnamed GratingStim: sf = 0.05
23.8458 	EXP 	unnamed GratingStim: ori = 45
23.8458 	EXP 	unnamed GratingStim: sf = 0.05
23.8795 	EXP 	unnamed GratingStim: ori = 45
23.8795 	EXP 	unnamed GratingStim: sf = 0.05
23.9126 	EXP 	GratingPrueba: autoDraw = False
23.9126 	EXP 	unnamed GratingStim: ori = 45
23.9126 	EXP 	unnamed GratingStim: sf = 0.05
23.9461 	EXP 	unnamed GratingStim: ori = 45
23.9461 	EXP 	unnamed GratingStim: sf = 0.05
23.9825 	EXP 	GratingPrueba: autoDraw = False
23.9825 	EXP 	FeedbackPrueb: height = 0.1
23.9825 	EXP 	FeedbackPrueb: height = 0.1
23.9825 	EXP 	FeedbackPrueb: text = 'Segui intentando'
23.9825 	EXP 	FeedbackPrueb: autoDraw = True
24.9634 	EXP 	New trial (rep=0, index=1): {'Frecuencia': 5.80474231627537, 'Orientaciondecimal': 0.973560272222272, 'Categoria': 'B', 'Tecla': 'right', 'FrecuenciaEspacial': 0.029023711581376854, 'Orientacion': 97.3560272222272}
24.9796 	EXP 	FeedbackPrueb: autoDraw = False
24.9796 	EXP 	GratingPrueba: ori = 97.3560272222272
24.9796 	EXP 	GratingPrueba: sf = array([0.02902371, 0.02902371])
24.9796 	EXP 	unnamed GratingStim: ori = 45
24.9796 	EXP 	unnamed GratingStim: sf = 0.05
25.0131 	EXP 	unnamed GratingStim: ori = 45
25.0131 	EXP 	unnamed GratingStim: sf = 0.05
25.0465 	EXP 	unnamed GratingStim: ori = 45
25.0465 	EXP 	unnamed GratingStim: sf = 0.05
25.0796 	EXP 	GratingPrueba: autoDraw = True
25.0796 	EXP 	unnamed GratingStim: ori = 45
25.0796 	EXP 	unnamed GratingStim: sf = 0.05
25.1130 	EXP 	unnamed GratingStim: ori = 45
25.1130 	EXP 	unnamed GratingStim: sf = 0.05
25.1465 	EXP 	unnamed GratingStim: ori = 45
25.1465 	EXP 	unnamed GratingStim: sf = 0.05
25.1800 	EXP 	unnamed GratingStim: ori = 45
25.1800 	EXP 	unnamed GratingStim: sf = 0.05
25.2132 	EXP 	unnamed GratingStim: ori = 45
25.2132 	EXP 	unnamed GratingStim: sf = 0.05
25.2464 	EXP 	unnamed GratingStim: ori = 45
25.2464 	EXP 	unnamed GratingStim: sf = 0.05
25.2808 	EXP 	unnamed GratingStim: ori = 45
25.2808 	EXP 	unnamed GratingStim: sf = 0.05
25.3129 	EXP 	unnamed GratingStim: ori = 45
25.3129 	EXP 	unnamed GratingStim: sf = 0.05
25.3457 	EXP 	unnamed GratingStim: ori = 45
25.3457 	EXP 	unnamed GratingStim: sf = 0.05
25.3796 	EXP 	unnamed GratingStim: ori = 45
25.3796 	EXP 	unnamed GratingStim: sf = 0.05
25.4132 	EXP 	unnamed GratingStim: ori = 45
25.4132 	EXP 	unnamed GratingStim: sf = 0.05
25.4466 	EXP 	unnamed GratingStim: ori = 45
25.4466 	EXP 	unnamed GratingStim: sf = 0.05
25.4800 	EXP 	unnamed GratingStim: ori = 45
25.4800 	EXP 	unnamed GratingStim: sf = 0.05
25.5133 	EXP 	unnamed GratingStim: ori = 45
25.5133 	EXP 	unnamed GratingStim: sf = 0.05
25.5465 	EXP 	unnamed GratingStim: ori = 45
25.5465 	EXP 	unnamed GratingStim: sf = 0.05
25.5801 	EXP 	unnamed GratingStim: ori = 45
25.5801 	EXP 	unnamed GratingStim: sf = 0.05
25.6131 	EXP 	unnamed GratingStim: ori = 45
25.6131 	EXP 	unnamed GratingStim: sf = 0.05
25.6465 	EXP 	unnamed GratingStim: ori = 45
25.6465 	EXP 	unnamed GratingStim: sf = 0.05
25.6799 	EXP 	unnamed GratingStim: ori = 45
25.6799 	EXP 	unnamed GratingStim: sf = 0.05
25.7134 	EXP 	unnamed GratingStim: ori = 45
25.7134 	EXP 	unnamed GratingStim: sf = 0.05
25.7467 	EXP 	unnamed GratingStim: ori = 45
25.7467 	EXP 	unnamed GratingStim: sf = 0.05
25.7800 	EXP 	unnamed GratingStim: ori = 45
25.7800 	EXP 	unnamed GratingStim: sf = 0.05
25.8133 	EXP 	unnamed GratingStim: ori = 45
25.8133 	EXP 	unnamed GratingStim: sf = 0.05
25.8466 	EXP 	unnamed GratingStim: ori = 45
25.8466 	EXP 	unnamed GratingStim: sf = 0.05
25.8799 	EXP 	unnamed GratingStim: ori = 45
25.8799 	EXP 	unnamed GratingStim: sf = 0.05
25.9132 	EXP 	unnamed GratingStim: ori = 45
25.9132 	EXP 	unnamed GratingStim: sf = 0.05
25.9466 	EXP 	unnamed GratingStim: ori = 45
25.9466 	EXP 	unnamed GratingStim: sf = 0.05
25.9802 	EXP 	unnamed GratingStim: ori = 45
25.9802 	EXP 	unnamed GratingStim: sf = 0.05
26.0132 	EXP 	unnamed GratingStim: ori = 45
26.0132 	EXP 	unnamed GratingStim: sf = 0.05
26.0467 	EXP 	unnamed GratingStim: ori = 45
26.0467 	EXP 	unnamed GratingStim: sf = 0.05
26.0800 	EXP 	unnamed GratingStim: ori = 45
26.0800 	EXP 	unnamed GratingStim: sf = 0.05
26.1133 	EXP 	unnamed GratingStim: ori = 45
26.1133 	EXP 	unnamed GratingStim: sf = 0.05
26.1468 	EXP 	unnamed GratingStim: ori = 45
26.1468 	EXP 	unnamed GratingStim: sf = 0.05
26.1802 	EXP 	unnamed GratingStim: ori = 45
26.1802 	EXP 	unnamed GratingStim: sf = 0.05
26.2133 	EXP 	unnamed GratingStim: ori = 45
26.2133 	EXP 	unnamed GratingStim: sf = 0.05
26.2468 	EXP 	unnamed GratingStim: ori = 45
26.2468 	EXP 	unnamed GratingStim: sf = 0.05
26.2804 	EXP 	unnamed GratingStim: ori = 45
26.2804 	EXP 	unnamed GratingStim: sf = 0.05
26.3135 	EXP 	unnamed GratingStim: ori = 45
26.3135 	EXP 	unnamed GratingStim: sf = 0.05
26.3468 	EXP 	unnamed GratingStim: ori = 45
26.3468 	EXP 	unnamed GratingStim: sf = 0.05
26.3803 	EXP 	unnamed GratingStim: ori = 45
26.3803 	EXP 	unnamed GratingStim: sf = 0.05
26.4135 	EXP 	unnamed GratingStim: ori = 45
26.4135 	EXP 	unnamed GratingStim: sf = 0.05
26.4469 	EXP 	unnamed GratingStim: ori = 45
26.4469 	EXP 	unnamed GratingStim: sf = 0.05
26.4801 	EXP 	unnamed GratingStim: ori = 45
26.4801 	EXP 	unnamed GratingStim: sf = 0.05
26.5135 	EXP 	unnamed GratingStim: ori = 45
26.5135 	EXP 	unnamed GratingStim: sf = 0.05
26.5469 	EXP 	unnamed GratingStim: ori = 45
26.5469 	EXP 	unnamed GratingStim: sf = 0.05
26.5802 	EXP 	unnamed GratingStim: ori = 45
26.5802 	EXP 	unnamed GratingStim: sf = 0.05
26.6135 	EXP 	unnamed GratingStim: ori = 45
26.6135 	EXP 	unnamed GratingStim: sf = 0.05
26.6471 	EXP 	unnamed GratingStim: ori = 45
26.6471 	EXP 	unnamed GratingStim: sf = 0.05
26.6802 	EXP 	unnamed GratingStim: ori = 45
26.6802 	EXP 	unnamed GratingStim: sf = 0.05
26.7136 	EXP 	unnamed GratingStim: ori = 45
26.7136 	EXP 	unnamed GratingStim: sf = 0.05
26.7471 	EXP 	unnamed GratingStim: ori = 45
26.7471 	EXP 	unnamed GratingStim: sf = 0.05
26.7801 	EXP 	unnamed GratingStim: ori = 45
26.7801 	EXP 	unnamed GratingStim: sf = 0.05
26.8136 	EXP 	unnamed GratingStim: ori = 45
26.8136 	EXP 	unnamed GratingStim: sf = 0.05
26.8470 	EXP 	unnamed GratingStim: ori = 45
26.8470 	EXP 	unnamed GratingStim: sf = 0.05
26.8803 	EXP 	unnamed GratingStim: ori = 45
26.8803 	EXP 	unnamed GratingStim: sf = 0.05
26.9136 	EXP 	unnamed GratingStim: ori = 45
26.9136 	EXP 	unnamed GratingStim: sf = 0.05
26.9470 	EXP 	unnamed GratingStim: ori = 45
26.9470 	EXP 	unnamed GratingStim: sf = 0.05
26.9804 	EXP 	unnamed GratingStim: ori = 45
26.9804 	EXP 	unnamed GratingStim: sf = 0.05
27.0138 	EXP 	unnamed GratingStim: ori = 45
27.0138 	EXP 	unnamed GratingStim: sf = 0.05
27.0471 	EXP 	unnamed GratingStim: ori = 45
27.0471 	EXP 	unnamed GratingStim: sf = 0.05
27.0803 	EXP 	unnamed GratingStim: ori = 45
27.0803 	EXP 	unnamed GratingStim: sf = 0.05
27.1137 	EXP 	unnamed GratingStim: ori = 45
27.1137 	EXP 	unnamed GratingStim: sf = 0.05
27.1471 	EXP 	unnamed GratingStim: ori = 45
27.1471 	EXP 	unnamed GratingStim: sf = 0.05
27.1803 	EXP 	unnamed GratingStim: ori = 45
27.1803 	EXP 	unnamed GratingStim: sf = 0.05
27.2139 	EXP 	unnamed GratingStim: ori = 45
27.2139 	EXP 	unnamed GratingStim: sf = 0.05
27.2472 	EXP 	unnamed GratingStim: ori = 45
27.2472 	EXP 	unnamed GratingStim: sf = 0.05
27.2808 	EXP 	unnamed GratingStim: ori = 45
27.2808 	EXP 	unnamed GratingStim: sf = 0.05
27.3136 	EXP 	unnamed GratingStim: ori = 45
27.3136 	EXP 	unnamed GratingStim: sf = 0.05
27.3472 	EXP 	unnamed GratingStim: ori = 45
27.3472 	EXP 	unnamed GratingStim: sf = 0.05
27.3482 	DATA 	Keypress: right
27.3805 	EXP 	unnamed GratingStim: ori = 45
27.3805 	EXP 	unnamed GratingStim: sf = 0.05
27.3975 	EXP 	GratingPrueba: autoDraw = False
27.3975 	EXP 	FeedbackPrueb: height = 0.1
27.3975 	EXP 	FeedbackPrueb: height = 0.1
27.3975 	EXP 	FeedbackPrueb: text = 'Correcto'
27.3975 	EXP 	FeedbackPrueb: autoDraw = True
28.3814 	EXP 	New trial (rep=0, index=2): {'Frecuencia': 5.72673654075559, 'Orientaciondecimal': 0.957490584769043, 'Categoria': 'B', 'Tecla': 'right', 'FrecuenciaEspacial': 0.028633682703777953, 'Orientacion': 95.74905847690431}
28.3972 	EXP 	FeedbackPrueb: autoDraw = False
28.3972 	EXP 	FeedbackPrueb: autoDraw = False
28.3972 	EXP 	GratingPrueba: ori = 95.74905847690431
28.3972 	EXP 	GratingPrueba: sf = array([0.02863368, 0.02863368])
28.3972 	EXP 	unnamed GratingStim: ori = 45
28.3972 	EXP 	unnamed GratingStim: sf = 0.05
28.4308 	EXP 	unnamed GratingStim: ori = 45
28.4308 	EXP 	unnamed GratingStim: sf = 0.05
28.4642 	EXP 	unnamed GratingStim: ori = 45
28.4642 	EXP 	unnamed GratingStim: sf = 0.05
28.4976 	EXP 	GratingPrueba: autoDraw = True
28.4976 	EXP 	unnamed GratingStim: ori = 45
28.4976 	EXP 	unnamed GratingStim: sf = 0.05
28.5309 	EXP 	unnamed GratingStim: ori = 45
28.5309 	EXP 	unnamed GratingStim: sf = 0.05
28.5640 	EXP 	unnamed GratingStim: ori = 45
28.5640 	EXP 	unnamed GratingStim: sf = 0.05
28.5974 	EXP 	unnamed GratingStim: ori = 45
28.5974 	EXP 	unnamed GratingStim: sf = 0.05
28.6308 	EXP 	unnamed GratingStim: ori = 45
28.6308 	EXP 	unnamed GratingStim: sf = 0.05
28.6643 	EXP 	unnamed GratingStim: ori = 45
28.6643 	EXP 	unnamed GratingStim: sf = 0.05
28.6976 	EXP 	unnamed GratingStim: ori = 45
28.6976 	EXP 	unnamed GratingStim: sf = 0.05
28.7308 	EXP 	unnamed GratingStim: ori = 45
28.7308 	EXP 	unnamed GratingStim: sf = 0.05
28.7643 	EXP 	unnamed GratingStim: ori = 45
28.7643 	EXP 	unnamed GratingStim: sf = 0.05
28.7975 	EXP 	unnamed GratingStim: ori = 45
28.7975 	EXP 	unnamed GratingStim: sf = 0.05
28.8309 	EXP 	unnamed GratingStim: ori = 45
28.8309 	EXP 	unnamed GratingStim: sf = 0.05
28.8643 	EXP 	unnamed GratingStim: ori = 45
28.8643 	EXP 	unnamed GratingStim: sf = 0.05
28.8976 	EXP 	unnamed GratingStim: ori = 45
28.8976 	EXP 	unnamed GratingStim: sf = 0.05
28.9311 	EXP 	unnamed GratingStim: ori = 45
28.9311 	EXP 	unnamed GratingStim: sf = 0.05
28.9643 	EXP 	unnamed GratingStim: ori = 45
28.9643 	EXP 	unnamed GratingStim: sf = 0.05
28.9977 	EXP 	unnamed GratingStim: ori = 45
28.9977 	EXP 	unnamed GratingStim: sf = 0.05
29.0309 	EXP 	unnamed GratingStim: ori = 45
29.0309 	EXP 	unnamed GratingStim: sf = 0.05
29.0641 	EXP 	unnamed GratingStim: ori = 45
29.0641 	EXP 	unnamed GratingStim: sf = 0.05
29.0976 	EXP 	unnamed GratingStim: ori = 45
29.0976 	EXP 	unnamed GratingStim: sf = 0.05
29.1312 	EXP 	unnamed GratingStim: ori = 45
29.1312 	EXP 	unnamed GratingStim: sf = 0.05
29.1643 	EXP 	unnamed GratingStim: ori = 45
29.1643 	EXP 	unnamed GratingStim: sf = 0.05
29.1976 	EXP 	unnamed GratingStim: ori = 45
29.1976 	EXP 	unnamed GratingStim: sf = 0.05
29.2309 	EXP 	unnamed GratingStim: ori = 45
29.2309 	EXP 	unnamed GratingStim: sf = 0.05
29.2645 	EXP 	unnamed GratingStim: ori = 45
29.2645 	EXP 	unnamed GratingStim: sf = 0.05
29.2979 	EXP 	unnamed GratingStim: ori = 45
29.2979 	EXP 	unnamed GratingStim: sf = 0.05
29.3312 	EXP 	unnamed GratingStim: ori = 45
29.3312 	EXP 	unnamed GratingStim: sf = 0.05
29.3644 	EXP 	unnamed GratingStim: ori = 45
29.3644 	EXP 	unnamed GratingStim: sf = 0.05
29.3979 	EXP 	unnamed GratingStim: ori = 45
29.3979 	EXP 	unnamed GratingStim: sf = 0.05
29.4311 	EXP 	unnamed GratingStim: ori = 45
29.4311 	EXP 	unnamed GratingStim: sf = 0.05
29.4645 	EXP 	unnamed GratingStim: ori = 45
29.4645 	EXP 	unnamed GratingStim: sf = 0.05
29.4978 	EXP 	unnamed GratingStim: ori = 45
29.4978 	EXP 	unnamed GratingStim: sf = 0.05
29.5314 	EXP 	unnamed GratingStim: ori = 45
29.5314 	EXP 	unnamed GratingStim: sf = 0.05
29.5643 	EXP 	unnamed GratingStim: ori = 45
29.5643 	EXP 	unnamed GratingStim: sf = 0.05
29.5979 	EXP 	unnamed GratingStim: ori = 45
29.5979 	EXP 	unnamed GratingStim: sf = 0.05
29.6309 	EXP 	unnamed GratingStim: ori = 45
29.6309 	EXP 	unnamed GratingStim: sf = 0.05
29.6318 	DATA 	Keypress: left
29.6645 	EXP 	unnamed GratingStim: ori = 45
29.6645 	EXP 	unnamed GratingStim: sf = 0.05
29.6809 	EXP 	GratingPrueba: autoDraw = False
29.6809 	EXP 	FeedbackPrueb: height = 0.1
29.6809 	EXP 	FeedbackPrueb: height = 0.1
29.6809 	EXP 	FeedbackPrueb: text = 'Segui intentando'
29.6809 	EXP 	FeedbackPrueb: autoDraw = True
30.6656 	EXP 	New trial (rep=0, index=3): {'Frecuencia': 6.08635969142881, 'Orientaciondecimal': 0.950826717019596, 'Categoria': 'A', 'Tecla': 'left', 'FrecuenciaEspacial': 0.03043179845714405, 'Orientacion': 95.0826717019596}
30.6814 	EXP 	FeedbackPrueb: autoDraw = False
30.6814 	EXP 	FeedbackPrueb: autoDraw = False
30.6814 	EXP 	GratingPrueba: ori = 95.0826717019596
30.6814 	EXP 	GratingPrueba: sf = array([0.0304318, 0.0304318])
30.6814 	EXP 	unnamed GratingStim: ori = 45
30.6814 	EXP 	unnamed GratingStim: sf = 0.05
30.7149 	EXP 	unnamed GratingStim: ori = 45
30.7149 	EXP 	unnamed GratingStim: sf = 0.05
30.7482 	EXP 	unnamed GratingStim: ori = 45
30.7482 	EXP 	unnamed GratingStim: sf = 0.05
30.7814 	EXP 	GratingPrueba: autoDraw = True
30.7814 	EXP 	unnamed GratingStim: ori = 45
30.7814 	EXP 	unnamed GratingStim: sf = 0.05
30.8149 	EXP 	unnamed GratingStim: ori = 45
30.8149 	EXP 	unnamed GratingStim: sf = 0.05
30.8485 	EXP 	unnamed GratingStim: ori = 45
30.8485 	EXP 	unnamed GratingStim: sf = 0.05
30.8815 	EXP 	unnamed GratingStim: ori = 45
30.8815 	EXP 	unnamed GratingStim: sf = 0.05
30.9149 	EXP 	unnamed GratingStim: ori = 45
30.9149 	EXP 	unnamed GratingStim: sf = 0.05
30.9486 	EXP 	unnamed GratingStim: ori = 45
30.9486 	EXP 	unnamed GratingStim: sf = 0.05
30.9816 	EXP 	unnamed GratingStim: ori = 45
30.9816 	EXP 	unnamed GratingStim: sf = 0.05
31.0148 	EXP 	unnamed GratingStim: ori = 45
31.0148 	EXP 	unnamed GratingStim: sf = 0.05
31.0484 	EXP 	unnamed GratingStim: ori = 45
31.0484 	EXP 	unnamed GratingStim: sf = 0.05
31.0816 	EXP 	unnamed GratingStim: ori = 45
31.0816 	EXP 	unnamed GratingStim: sf = 0.05
31.1149 	EXP 	unnamed GratingStim: ori = 45
31.1149 	EXP 	unnamed GratingStim: sf = 0.05
31.1483 	EXP 	unnamed GratingStim: ori = 45
31.1483 	EXP 	unnamed GratingStim: sf = 0.05
31.1816 	EXP 	unnamed GratingStim: ori = 45
31.1816 	EXP 	unnamed GratingStim: sf = 0.05
31.2150 	EXP 	unnamed GratingStim: ori = 45
31.2150 	EXP 	unnamed GratingStim: sf = 0.05
31.2483 	EXP 	unnamed GratingStim: ori = 45
31.2483 	EXP 	unnamed GratingStim: sf = 0.05
31.2827 	EXP 	unnamed GratingStim: ori = 45
31.2827 	EXP 	unnamed GratingStim: sf = 0.05
31.3149 	EXP 	unnamed GratingStim: ori = 45
31.3149 	EXP 	unnamed GratingStim: sf = 0.05
31.3484 	EXP 	unnamed GratingStim: ori = 45
31.3484 	EXP 	unnamed GratingStim: sf = 0.05
31.3818 	EXP 	unnamed GratingStim: ori = 45
31.3818 	EXP 	unnamed GratingStim: sf = 0.05
31.4150 	EXP 	unnamed GratingStim: ori = 45
31.4150 	EXP 	unnamed GratingStim: sf = 0.05
31.4484 	EXP 	unnamed GratingStim: ori = 45
31.4484 	EXP 	unnamed GratingStim: sf = 0.05
31.4817 	EXP 	unnamed GratingStim: ori = 45
31.4817 	EXP 	unnamed GratingStim: sf = 0.05
31.5151 	EXP 	unnamed GratingStim: ori = 45
31.5151 	EXP 	unnamed GratingStim: sf = 0.05
31.5485 	EXP 	unnamed GratingStim: ori = 45
31.5485 	EXP 	unnamed GratingStim: sf = 0.05
31.5819 	EXP 	unnamed GratingStim: ori = 45
31.5819 	EXP 	unnamed GratingStim: sf = 0.05
31.6154 	EXP 	unnamed GratingStim: ori = 45
31.6154 	EXP 	unnamed GratingStim: sf = 0.05
31.6483 	EXP 	unnamed GratingStim: ori = 45
31.6483 	EXP 	unnamed GratingStim: sf = 0.05
31.6819 	EXP 	unnamed GratingStim: ori = 45
31.6819 	EXP 	unnamed GratingStim: sf = 0.05
31.7152 	EXP 	unnamed GratingStim: ori = 45
31.7152 	EXP 	unnamed GratingStim: sf = 0.05
31.7485 	EXP 	unnamed GratingStim: ori = 45
31.7485 	EXP 	unnamed GratingStim: sf = 0.05
31.7818 	EXP 	unnamed GratingStim: ori = 45
31.7818 	EXP 	unnamed GratingStim: sf = 0.05
31.8150 	EXP 	unnamed GratingStim: ori = 45
31.8150 	EXP 	unnamed GratingStim: sf = 0.05
31.8487 	EXP 	unnamed GratingStim: ori = 45
31.8487 	EXP 	unnamed GratingStim: sf = 0.05
31.8819 	EXP 	unnamed GratingStim: ori = 45
31.8819 	EXP 	unnamed GratingStim: sf = 0.05
31.9152 	EXP 	unnamed GratingStim: ori = 45
31.9152 	EXP 	unnamed GratingStim: sf = 0.05
31.9486 	EXP 	unnamed GratingStim: ori = 45
31.9486 	EXP 	unnamed GratingStim: sf = 0.05
31.9498 	DATA 	Keypress: left
31.9821 	EXP 	unnamed GratingStim: ori = 45
31.9821 	EXP 	unnamed GratingStim: sf = 0.05
31.9983 	EXP 	GratingPrueba: autoDraw = False
31.9983 	EXP 	FeedbackPrueb: height = 0.1
31.9983 	EXP 	FeedbackPrueb: height = 0.1
31.9983 	EXP 	FeedbackPrueb: text = 'Correcto'
31.9983 	EXP 	FeedbackPrueb: autoDraw = True
32.9831 	EXP 	New trial (rep=0, index=4): {'Frecuencia': 6.18055084207957, 'Orientaciondecimal': 0.975046060904673, 'Categoria': 'A', 'Tecla': 'left', 'FrecuenciaEspacial': 0.03090275421039785, 'Orientacion': 97.5046060904673}
32.9989 	EXP 	FeedbackPrueb: autoDraw = False
32.9989 	EXP 	FeedbackPrueb: autoDraw = False
32.9989 	EXP 	GratingPrueba: ori = 97.5046060904673
32.9989 	EXP 	GratingPrueba: sf = array([0.03090275, 0.03090275])
32.9989 	EXP 	unnamed GratingStim: ori = 45
32.9989 	EXP 	unnamed GratingStim: sf = 0.05
33.0324 	EXP 	unnamed GratingStim: ori = 45
33.0324 	EXP 	unnamed GratingStim: sf = 0.05
33.0655 	EXP 	unnamed GratingStim: ori = 45
33.0655 	EXP 	unnamed GratingStim: sf = 0.05
33.0989 	EXP 	GratingPrueba: autoDraw = True
33.0989 	EXP 	unnamed GratingStim: ori = 45
33.0989 	EXP 	unnamed GratingStim: sf = 0.05
33.1323 	EXP 	unnamed GratingStim: ori = 45
33.1323 	EXP 	unnamed GratingStim: sf = 0.05
33.1655 	EXP 	unnamed GratingStim: ori = 45
33.1655 	EXP 	unnamed GratingStim: sf = 0.05
33.1990 	EXP 	unnamed GratingStim: ori = 45
33.1990 	EXP 	unnamed GratingStim: sf = 0.05
33.2322 	EXP 	unnamed GratingStim: ori = 45
33.2322 	EXP 	unnamed GratingStim: sf = 0.05
33.2661 	EXP 	unnamed GratingStim: ori = 45
33.2661 	EXP 	unnamed GratingStim: sf = 0.05
33.2990 	EXP 	unnamed GratingStim: ori = 45
33.2990 	EXP 	unnamed GratingStim: sf = 0.05
33.3324 	EXP 	unnamed GratingStim: ori = 45
33.3324 	EXP 	unnamed GratingStim: sf = 0.05
33.3655 	EXP 	unnamed GratingStim: ori = 45
33.3655 	EXP 	unnamed GratingStim: sf = 0.05
33.3990 	EXP 	unnamed GratingStim: ori = 45
33.3990 	EXP 	unnamed GratingStim: sf = 0.05
33.4323 	EXP 	unnamed GratingStim: ori = 45
33.4323 	EXP 	unnamed GratingStim: sf = 0.05
33.4658 	EXP 	unnamed GratingStim: ori = 45
33.4658 	EXP 	unnamed GratingStim: sf = 0.05
33.4992 	EXP 	unnamed GratingStim: ori = 45
33.4992 	EXP 	unnamed GratingStim: sf = 0.05
33.5326 	EXP 	unnamed GratingStim: ori = 45
33.5326 	EXP 	unnamed GratingStim: sf = 0.05
33.5656 	EXP 	unnamed GratingStim: ori = 45
33.5656 	EXP 	unnamed GratingStim: sf = 0.05
33.5992 	EXP 	unnamed GratingStim: ori = 45
33.5992 	EXP 	unnamed GratingStim: sf = 0.05
33.6323 	EXP 	unnamed GratingStim: ori = 45
33.6323 	EXP 	unnamed GratingStim: sf = 0.05
33.6658 	EXP 	unnamed GratingStim: ori = 45
33.6658 	EXP 	unnamed GratingStim: sf = 0.05
33.6993 	EXP 	unnamed GratingStim: ori = 45
33.6993 	EXP 	unnamed GratingStim: sf = 0.05
33.7325 	EXP 	unnamed GratingStim: ori = 45
33.7325 	EXP 	unnamed GratingStim: sf = 0.05
33.7661 	EXP 	unnamed GratingStim: ori = 45
33.7661 	EXP 	unnamed GratingStim: sf = 0.05
33.7990 	EXP 	unnamed GratingStim: ori = 45
33.7990 	EXP 	unnamed GratingStim: sf = 0.05
33.8324 	EXP 	unnamed GratingStim: ori = 45
33.8324 	EXP 	unnamed GratingStim: sf = 0.05
33.8657 	EXP 	unnamed GratingStim: ori = 45
33.8657 	EXP 	unnamed GratingStim: sf = 0.05
33.8992 	EXP 	unnamed GratingStim: ori = 45
33.8992 	EXP 	unnamed GratingStim: sf = 0.05
33.9325 	EXP 	unnamed GratingStim: ori = 45
33.9325 	EXP 	unnamed GratingStim: sf = 0.05
33.9658 	EXP 	unnamed GratingStim: ori = 45
33.9658 	EXP 	unnamed GratingStim: sf = 0.05
33.9991 	EXP 	unnamed GratingStim: ori = 45
33.9991 	EXP 	unnamed GratingStim: sf = 0.05
34.0324 	EXP 	unnamed GratingStim: ori = 45
34.0324 	EXP 	unnamed GratingStim: sf = 0.05
34.0657 	EXP 	unnamed GratingStim: ori = 45
34.0657 	EXP 	unnamed GratingStim: sf = 0.05
34.0991 	EXP 	unnamed GratingStim: ori = 45
34.0991 	EXP 	unnamed GratingStim: sf = 0.05
34.1327 	EXP 	unnamed GratingStim: ori = 45
34.1327 	EXP 	unnamed GratingStim: sf = 0.05
34.1660 	EXP 	unnamed GratingStim: ori = 45
34.1660 	EXP 	unnamed GratingStim: sf = 0.05
34.1993 	EXP 	unnamed GratingStim: ori = 45
34.1993 	EXP 	unnamed GratingStim: sf = 0.05
34.2326 	EXP 	unnamed GratingStim: ori = 45
34.2326 	EXP 	unnamed GratingStim: sf = 0.05
34.2660 	EXP 	unnamed GratingStim: ori = 45
34.2660 	EXP 	unnamed GratingStim: sf = 0.05
34.2993 	EXP 	unnamed GratingStim: ori = 45
34.2993 	EXP 	unnamed GratingStim: sf = 0.05
34.3327 	EXP 	unnamed GratingStim: ori = 45
34.3327 	EXP 	unnamed GratingStim: sf = 0.05
34.3659 	EXP 	unnamed GratingStim: ori = 45
34.3659 	EXP 	unnamed GratingStim: sf = 0.05
34.3994 	EXP 	unnamed GratingStim: ori = 45
34.3994 	EXP 	unnamed GratingStim: sf = 0.05
34.4328 	EXP 	unnamed GratingStim: ori = 45
34.4328 	EXP 	unnamed GratingStim: sf = 0.05
34.4661 	EXP 	unnamed GratingStim: ori = 45
34.4661 	EXP 	unnamed GratingStim: sf = 0.05
34.4993 	EXP 	unnamed GratingStim: ori = 45
34.4993 	EXP 	unnamed GratingStim: sf = 0.05
34.5327 	EXP 	unnamed GratingStim: ori = 45
34.5327 	EXP 	unnamed GratingStim: sf = 0.05
34.5662 	EXP 	unnamed GratingStim: ori = 45
34.5662 	EXP 	unnamed GratingStim: sf = 0.05
34.5995 	EXP 	unnamed GratingStim: ori = 45
34.5995 	EXP 	unnamed GratingStim: sf = 0.05
34.6330 	EXP 	unnamed GratingStim: ori = 45
34.6330 	EXP 	unnamed GratingStim: sf = 0.05
34.6661 	EXP 	unnamed GratingStim: ori = 45
34.6661 	EXP 	unnamed GratingStim: sf = 0.05
34.6995 	EXP 	unnamed GratingStim: ori = 45
34.6995 	EXP 	unnamed GratingStim: sf = 0.05
34.7327 	EXP 	unnamed GratingStim: ori = 45
34.7327 	EXP 	unnamed GratingStim: sf = 0.05
34.7665 	EXP 	unnamed GratingStim: ori = 45
34.7665 	EXP 	unnamed GratingStim: sf = 0.05
34.7994 	EXP 	unnamed GratingStim: ori = 45
34.7994 	EXP 	unnamed GratingStim: sf = 0.05
34.8329 	EXP 	unnamed GratingStim: ori = 45
34.8329 	EXP 	unnamed GratingStim: sf = 0.05
34.8662 	EXP 	unnamed GratingStim: ori = 45
34.8662 	EXP 	unnamed GratingStim: sf = 0.05
34.8994 	EXP 	unnamed GratingStim: ori = 45
34.8994 	EXP 	unnamed GratingStim: sf = 0.05
34.9328 	EXP 	unnamed GratingStim: ori = 45
34.9328 	EXP 	unnamed GratingStim: sf = 0.05
34.9662 	EXP 	unnamed GratingStim: ori = 45
34.9662 	EXP 	unnamed GratingStim: sf = 0.05
34.9994 	EXP 	unnamed GratingStim: ori = 45
34.9994 	EXP 	unnamed GratingStim: sf = 0.05
35.0329 	EXP 	unnamed GratingStim: ori = 45
35.0329 	EXP 	unnamed GratingStim: sf = 0.05
35.0661 	EXP 	unnamed GratingStim: ori = 45
35.0661 	EXP 	unnamed GratingStim: sf = 0.05
35.0995 	EXP 	unnamed GratingStim: ori = 45
35.0995 	EXP 	unnamed GratingStim: sf = 0.05
35.1329 	EXP 	unnamed GratingStim: ori = 45
35.1329 	EXP 	unnamed GratingStim: sf = 0.05
35.1664 	EXP 	unnamed GratingStim: ori = 45
35.1664 	EXP 	unnamed GratingStim: sf = 0.05
35.1995 	EXP 	unnamed GratingStim: ori = 45
35.1995 	EXP 	unnamed GratingStim: sf = 0.05
35.2330 	EXP 	unnamed GratingStim: ori = 45
35.2330 	EXP 	unnamed GratingStim: sf = 0.05
35.2665 	EXP 	unnamed GratingStim: ori = 45
35.2665 	EXP 	unnamed GratingStim: sf = 0.05
35.2996 	EXP 	unnamed GratingStim: ori = 45
35.2996 	EXP 	unnamed GratingStim: sf = 0.05
35.3331 	EXP 	unnamed GratingStim: ori = 45
35.3331 	EXP 	unnamed GratingStim: sf = 0.05
35.3667 	EXP 	unnamed GratingStim: ori = 45
35.3667 	EXP 	unnamed GratingStim: sf = 0.05
35.3999 	EXP 	unnamed GratingStim: ori = 45
35.3999 	EXP 	unnamed GratingStim: sf = 0.05
35.4331 	EXP 	unnamed GratingStim: ori = 45
35.4331 	EXP 	unnamed GratingStim: sf = 0.05
35.4664 	EXP 	unnamed GratingStim: ori = 45
35.4664 	EXP 	unnamed GratingStim: sf = 0.05
35.4997 	EXP 	unnamed GratingStim: ori = 45
35.4997 	EXP 	unnamed GratingStim: sf = 0.05
35.5333 	EXP 	unnamed GratingStim: ori = 45
35.5333 	EXP 	unnamed GratingStim: sf = 0.05
35.5665 	EXP 	unnamed GratingStim: ori = 45
35.5665 	EXP 	unnamed GratingStim: sf = 0.05
35.5997 	EXP 	unnamed GratingStim: ori = 45
35.5997 	EXP 	unnamed GratingStim: sf = 0.05
35.6330 	EXP 	unnamed GratingStim: ori = 45
35.6330 	EXP 	unnamed GratingStim: sf = 0.05
35.6663 	EXP 	unnamed GratingStim: ori = 45
35.6663 	EXP 	unnamed GratingStim: sf = 0.05
35.6998 	EXP 	unnamed GratingStim: ori = 45
35.6998 	EXP 	unnamed GratingStim: sf = 0.05
35.7332 	EXP 	unnamed GratingStim: ori = 45
35.7332 	EXP 	unnamed GratingStim: sf = 0.05
35.7665 	EXP 	unnamed GratingStim: ori = 45
35.7665 	EXP 	unnamed GratingStim: sf = 0.05
35.7997 	EXP 	unnamed GratingStim: ori = 45
35.7997 	EXP 	unnamed GratingStim: sf = 0.05
35.8331 	EXP 	unnamed GratingStim: ori = 45
35.8331 	EXP 	unnamed GratingStim: sf = 0.05
35.8664 	EXP 	unnamed GratingStim: ori = 45
35.8664 	EXP 	unnamed GratingStim: sf = 0.05
35.8998 	EXP 	unnamed GratingStim: ori = 45
35.8998 	EXP 	unnamed GratingStim: sf = 0.05
35.9331 	EXP 	unnamed GratingStim: ori = 45
35.9331 	EXP 	unnamed GratingStim: sf = 0.05
35.9665 	EXP 	unnamed GratingStim: ori = 45
35.9665 	EXP 	unnamed GratingStim: sf = 0.05
35.9998 	EXP 	unnamed GratingStim: ori = 45
35.9998 	EXP 	unnamed GratingStim: sf = 0.05
36.0332 	EXP 	unnamed GratingStim: ori = 45
36.0332 	EXP 	unnamed GratingStim: sf = 0.05
36.0659 	EXP 	unnamed GratingStim: ori = 45
36.0659 	EXP 	unnamed GratingStim: sf = 0.05
36.0989 	EXP 	GratingPrueba: autoDraw = False
36.0989 	EXP 	unnamed GratingStim: ori = 45
36.0989 	EXP 	unnamed GratingStim: sf = 0.05
36.1327 	EXP 	unnamed GratingStim: ori = 45
36.1327 	EXP 	unnamed GratingStim: sf = 0.05
36.1660 	EXP 	unnamed GratingStim: ori = 45
36.1660 	EXP 	unnamed GratingStim: sf = 0.05
36.1994 	EXP 	unnamed GratingStim: ori = 45
36.1994 	EXP 	unnamed GratingStim: sf = 0.05
36.2227 	EXP 	GratingPrueba: autoDraw = False
36.2227 	EXP 	FeedbackPrueb: height = 0.1
36.2227 	EXP 	FeedbackPrueb: height = 0.1
36.2227 	EXP 	FeedbackPrueb: text = 'Segui intentando'
36.2227 	EXP 	FeedbackPrueb: autoDraw = True
37.2178 	EXP 	New trial (rep=0, index=5): {'Frecuencia': 5.73387135997741, 'Orientaciondecimal': 0.963799584746463, 'Categoria': 'B', 'Tecla': 'right', 'FrecuenciaEspacial': 0.028669356799887052, 'Orientacion': 96.3799584746463}
37.2336 	EXP 	FeedbackPrueb: autoDraw = False
37.2336 	EXP 	FeedbackPrueb: autoDraw = False
37.2336 	EXP 	GratingPrueba: ori = 96.3799584746463
37.2336 	EXP 	GratingPrueba: sf = array([0.02866936, 0.02866936])
37.2336 	EXP 	unnamed GratingStim: ori = 45
37.2336 	EXP 	unnamed GratingStim: sf = 0.05
37.2663 	EXP 	unnamed GratingStim: ori = 45
37.2663 	EXP 	unnamed GratingStim: sf = 0.05
37.2996 	EXP 	unnamed GratingStim: ori = 45
37.2996 	EXP 	unnamed GratingStim: sf = 0.05
37.3329 	EXP 	GratingPrueba: autoDraw = True
37.3329 	EXP 	unnamed GratingStim: ori = 45
37.3329 	EXP 	unnamed GratingStim: sf = 0.05
37.3663 	EXP 	unnamed GratingStim: ori = 45
37.3663 	EXP 	unnamed GratingStim: sf = 0.05
37.3996 	EXP 	unnamed GratingStim: ori = 45
37.3996 	EXP 	unnamed GratingStim: sf = 0.05
37.4331 	EXP 	unnamed GratingStim: ori = 45
37.4331 	EXP 	unnamed GratingStim: sf = 0.05
37.4663 	EXP 	unnamed GratingStim: ori = 45
37.4663 	EXP 	unnamed GratingStim: sf = 0.05
37.4996 	EXP 	unnamed GratingStim: ori = 45
37.4996 	EXP 	unnamed GratingStim: sf = 0.05
37.5330 	EXP 	unnamed GratingStim: ori = 45
37.5330 	EXP 	unnamed GratingStim: sf = 0.05
37.5664 	EXP 	unnamed GratingStim: ori = 45
37.5664 	EXP 	unnamed GratingStim: sf = 0.05
37.5996 	EXP 	unnamed GratingStim: ori = 45
37.5996 	EXP 	unnamed GratingStim: sf = 0.05
37.6330 	EXP 	unnamed GratingStim: ori = 45
37.6330 	EXP 	unnamed GratingStim: sf = 0.05
37.6665 	EXP 	unnamed GratingStim: ori = 45
37.6665 	EXP 	unnamed GratingStim: sf = 0.05
37.6997 	EXP 	unnamed GratingStim: ori = 45
37.6997 	EXP 	unnamed GratingStim: sf = 0.05
37.7330 	EXP 	unnamed GratingStim: ori = 45
37.7330 	EXP 	unnamed GratingStim: sf = 0.05
37.7664 	EXP 	unnamed GratingStim: ori = 45
37.7664 	EXP 	unnamed GratingStim: sf = 0.05
37.7998 	EXP 	unnamed GratingStim: ori = 45
37.7998 	EXP 	unnamed GratingStim: sf = 0.05
37.8331 	EXP 	unnamed GratingStim: ori = 45
37.8331 	EXP 	unnamed GratingStim: sf = 0.05
37.8668 	EXP 	unnamed GratingStim: ori = 45
37.8668 	EXP 	unnamed GratingStim: sf = 0.05
37.8998 	EXP 	unnamed GratingStim: ori = 45
37.8998 	EXP 	unnamed GratingStim: sf = 0.05
37.9331 	EXP 	unnamed GratingStim: ori = 45
37.9331 	EXP 	unnamed GratingStim: sf = 0.05
37.9664 	EXP 	unnamed GratingStim: ori = 45
37.9664 	EXP 	unnamed GratingStim: sf = 0.05
37.9998 	EXP 	unnamed GratingStim: ori = 45
37.9998 	EXP 	unnamed GratingStim: sf = 0.05
38.0331 	EXP 	unnamed GratingStim: ori = 45
38.0331 	EXP 	unnamed GratingStim: sf = 0.05
38.0665 	EXP 	unnamed GratingStim: ori = 45
38.0665 	EXP 	unnamed GratingStim: sf = 0.05
38.0998 	EXP 	unnamed GratingStim: ori = 45
38.0998 	EXP 	unnamed GratingStim: sf = 0.05
38.1332 	EXP 	unnamed GratingStim: ori = 45
38.1332 	EXP 	unnamed GratingStim: sf = 0.05
38.1665 	EXP 	unnamed GratingStim: ori = 45
38.1665 	EXP 	unnamed GratingStim: sf = 0.05
38.1999 	EXP 	unnamed GratingStim: ori = 45
38.1999 	EXP 	unnamed GratingStim: sf = 0.05
38.2332 	EXP 	unnamed GratingStim: ori = 45
38.2332 	EXP 	unnamed GratingStim: sf = 0.05
38.2669 	EXP 	unnamed GratingStim: ori = 45
38.2669 	EXP 	unnamed GratingStim: sf = 0.05
38.2999 	EXP 	unnamed GratingStim: ori = 45
38.2999 	EXP 	unnamed GratingStim: sf = 0.05
38.3333 	EXP 	unnamed GratingStim: ori = 45
38.3333 	EXP 	unnamed GratingStim: sf = 0.05
38.3666 	EXP 	unnamed GratingStim: ori = 45
38.3666 	EXP 	unnamed GratingStim: sf = 0.05
38.4000 	EXP 	unnamed GratingStim: ori = 45
38.4000 	EXP 	unnamed GratingStim: sf = 0.05
38.4333 	EXP 	unnamed GratingStim: ori = 45
38.4333 	EXP 	unnamed GratingStim: sf = 0.05
38.4666 	EXP 	unnamed GratingStim: ori = 45
38.4666 	EXP 	unnamed GratingStim: sf = 0.05
38.5000 	EXP 	unnamed GratingStim: ori = 45
38.5000 	EXP 	unnamed GratingStim: sf = 0.05
38.5333 	EXP 	unnamed GratingStim: ori = 45
38.5333 	EXP 	unnamed GratingStim: sf = 0.05
38.5666 	EXP 	unnamed GratingStim: ori = 45
38.5666 	EXP 	unnamed GratingStim: sf = 0.05
38.6000 	EXP 	unnamed GratingStim: ori = 45
38.6000 	EXP 	unnamed GratingStim: sf = 0.05
38.6333 	EXP 	unnamed GratingStim: ori = 45
38.6333 	EXP 	unnamed GratingStim: sf = 0.05
38.6669 	EXP 	unnamed GratingStim: ori = 45
38.6669 	EXP 	unnamed GratingStim: sf = 0.05
38.7000 	EXP 	unnamed GratingStim: ori = 45
38.7000 	EXP 	unnamed GratingStim: sf = 0.05
38.7334 	EXP 	unnamed GratingStim: ori = 45
38.7334 	EXP 	unnamed GratingStim: sf = 0.05
38.7668 	EXP 	unnamed GratingStim: ori = 45
38.7668 	EXP 	unnamed GratingStim: sf = 0.05
38.8000 	EXP 	unnamed GratingStim: ori = 45
38.8000 	EXP 	unnamed GratingStim: sf = 0.05
38.8334 	EXP 	unnamed GratingStim: ori = 45
38.8334 	EXP 	unnamed GratingStim: sf = 0.05
38.8672 	EXP 	unnamed GratingStim: ori = 45
38.8672 	EXP 	unnamed GratingStim: sf = 0.05
38.9003 	EXP 	unnamed GratingStim: ori = 45
38.9003 	EXP 	unnamed GratingStim: sf = 0.05
38.9335 	EXP 	unnamed GratingStim: ori = 45
38.9335 	EXP 	unnamed GratingStim: sf = 0.05
38.9668 	EXP 	unnamed GratingStim: ori = 45
38.9668 	EXP 	unnamed GratingStim: sf = 0.05
39.0001 	EXP 	unnamed GratingStim: ori = 45
39.0001 	EXP 	unnamed GratingStim: sf = 0.05
39.0335 	EXP 	unnamed GratingStim: ori = 45
39.0335 	EXP 	unnamed GratingStim: sf = 0.05
39.0668 	EXP 	unnamed GratingStim: ori = 45
39.0668 	EXP 	unnamed GratingStim: sf = 0.05
39.1002 	EXP 	unnamed GratingStim: ori = 45
39.1002 	EXP 	unnamed GratingStim: sf = 0.05
39.1335 	EXP 	unnamed GratingStim: ori = 45
39.1335 	EXP 	unnamed GratingStim: sf = 0.05
39.1669 	EXP 	unnamed GratingStim: ori = 45
39.1669 	EXP 	unnamed GratingStim: sf = 0.05
39.2002 	EXP 	unnamed GratingStim: ori = 45
39.2002 	EXP 	unnamed GratingStim: sf = 0.05
39.2335 	EXP 	unnamed GratingStim: ori = 45
39.2335 	EXP 	unnamed GratingStim: sf = 0.05
39.2671 	EXP 	unnamed GratingStim: ori = 45
39.2671 	EXP 	unnamed GratingStim: sf = 0.05
39.3002 	EXP 	unnamed GratingStim: ori = 45
39.3002 	EXP 	unnamed GratingStim: sf = 0.05
39.3337 	EXP 	unnamed GratingStim: ori = 45
39.3337 	EXP 	unnamed GratingStim: sf = 0.05
39.3669 	EXP 	unnamed GratingStim: ori = 45
39.3669 	EXP 	unnamed GratingStim: sf = 0.05
39.4002 	EXP 	unnamed GratingStim: ori = 45
39.4002 	EXP 	unnamed GratingStim: sf = 0.05
39.4336 	EXP 	unnamed GratingStim: ori = 45
39.4336 	EXP 	unnamed GratingStim: sf = 0.05
39.4669 	EXP 	unnamed GratingStim: ori = 45
39.4669 	EXP 	unnamed GratingStim: sf = 0.05
39.5002 	EXP 	unnamed GratingStim: ori = 45
39.5002 	EXP 	unnamed GratingStim: sf = 0.05
39.5336 	EXP 	unnamed GratingStim: ori = 45
39.5336 	EXP 	unnamed GratingStim: sf = 0.05
39.5669 	EXP 	unnamed GratingStim: ori = 45
39.5669 	EXP 	unnamed GratingStim: sf = 0.05
39.6004 	EXP 	unnamed GratingStim: ori = 45
39.6004 	EXP 	unnamed GratingStim: sf = 0.05
39.6337 	EXP 	unnamed GratingStim: ori = 45
39.6337 	EXP 	unnamed GratingStim: sf = 0.05
39.6671 	EXP 	unnamed GratingStim: ori = 45
39.6671 	EXP 	unnamed GratingStim: sf = 0.05
39.7003 	EXP 	unnamed GratingStim: ori = 45
39.7003 	EXP 	unnamed GratingStim: sf = 0.05
39.7336 	EXP 	unnamed GratingStim: ori = 45
39.7336 	EXP 	unnamed GratingStim: sf = 0.05
39.7671 	EXP 	unnamed GratingStim: ori = 45
39.7671 	EXP 	unnamed GratingStim: sf = 0.05
39.8004 	EXP 	unnamed GratingStim: ori = 45
39.8004 	EXP 	unnamed GratingStim: sf = 0.05
39.8337 	EXP 	unnamed GratingStim: ori = 45
39.8337 	EXP 	unnamed GratingStim: sf = 0.05
39.8670 	EXP 	unnamed GratingStim: ori = 45
39.8670 	EXP 	unnamed GratingStim: sf = 0.05
39.9004 	EXP 	unnamed GratingStim: ori = 45
39.9004 	EXP 	unnamed GratingStim: sf = 0.05
39.9338 	EXP 	unnamed GratingStim: ori = 45
39.9338 	EXP 	unnamed GratingStim: sf = 0.05
39.9671 	EXP 	unnamed GratingStim: ori = 45
39.9671 	EXP 	unnamed GratingStim: sf = 0.05
40.0004 	EXP 	unnamed GratingStim: ori = 45
40.0004 	EXP 	unnamed GratingStim: sf = 0.05
40.0338 	EXP 	unnamed GratingStim: ori = 45
40.0338 	EXP 	unnamed GratingStim: sf = 0.05
40.0671 	EXP 	unnamed GratingStim: ori = 45
40.0671 	EXP 	unnamed GratingStim: sf = 0.05
40.1004 	EXP 	unnamed GratingStim: ori = 45
40.1004 	EXP 	unnamed GratingStim: sf = 0.05
40.1339 	EXP 	unnamed GratingStim: ori = 45
40.1339 	EXP 	unnamed GratingStim: sf = 0.05
40.1673 	EXP 	unnamed GratingStim: ori = 45
40.1673 	EXP 	unnamed GratingStim: sf = 0.05
40.2005 	EXP 	unnamed GratingStim: ori = 45
40.2005 	EXP 	unnamed GratingStim: sf = 0.05
40.2339 	EXP 	unnamed GratingStim: ori = 45
40.2339 	EXP 	unnamed GratingStim: sf = 0.05
40.2676 	EXP 	unnamed GratingStim: ori = 45
40.2676 	EXP 	unnamed GratingStim: sf = 0.05
40.3006 	EXP 	unnamed GratingStim: ori = 45
40.3006 	EXP 	unnamed GratingStim: sf = 0.05
40.3339 	EXP 	GratingPrueba: autoDraw = False
40.3339 	EXP 	unnamed GratingStim: ori = 45
40.3339 	EXP 	unnamed GratingStim: sf = 0.05
40.3672 	EXP 	unnamed GratingStim: ori = 45
40.3672 	EXP 	unnamed GratingStim: sf = 0.05
40.4006 	EXP 	unnamed GratingStim: ori = 45
40.4006 	EXP 	unnamed GratingStim: sf = 0.05
40.4339 	EXP 	unnamed GratingStim: ori = 45
40.4339 	EXP 	unnamed GratingStim: sf = 0.05
40.4505 	EXP 	GratingPrueba: autoDraw = False
40.4505 	EXP 	FeedbackPrueb: text = 'Segui intentando'
40.4505 	EXP 	FeedbackPrueb: autoDraw = True
41.4359 	EXP 	New trial (rep=0, index=6): {'Frecuencia': 5.71342981255569, 'Orientaciondecimal': 0.951064757265215, 'Categoria': 'B', 'Tecla': 'right', 'FrecuenciaEspacial': 0.02856714906277845, 'Orientacion': 95.1064757265215}
41.4513 	EXP 	FeedbackPrueb: autoDraw = False
41.4513 	EXP 	FeedbackPrueb: autoDraw = False
41.4513 	EXP 	GratingPrueba: ori = 95.1064757265215
41.4513 	EXP 	GratingPrueba: sf = array([0.02856715, 0.02856715])
41.4513 	EXP 	unnamed GratingStim: ori = 45
41.4513 	EXP 	unnamed GratingStim: sf = 0.05
41.4842 	EXP 	unnamed GratingStim: ori = 45
41.4842 	EXP 	unnamed GratingStim: sf = 0.05
41.5175 	EXP 	unnamed GratingStim: ori = 45
41.5175 	EXP 	unnamed GratingStim: sf = 0.05
41.5509 	EXP 	GratingPrueba: autoDraw = True
41.5509 	EXP 	unnamed GratingStim: ori = 45
41.5509 	EXP 	unnamed GratingStim: sf = 0.05
41.5842 	EXP 	unnamed GratingStim: ori = 45
41.5842 	EXP 	unnamed GratingStim: sf = 0.05
41.6178 	EXP 	unnamed GratingStim: ori = 45
41.6178 	EXP 	unnamed GratingStim: sf = 0.05
41.6510 	EXP 	unnamed GratingStim: ori = 45
41.6510 	EXP 	unnamed GratingStim: sf = 0.05
41.6844 	EXP 	unnamed GratingStim: ori = 45
41.6844 	EXP 	unnamed GratingStim: sf = 0.05
41.7178 	EXP 	unnamed GratingStim: ori = 45
41.7178 	EXP 	unnamed GratingStim: sf = 0.05
41.7510 	EXP 	unnamed GratingStim: ori = 45
41.7510 	EXP 	unnamed GratingStim: sf = 0.05
41.7843 	EXP 	unnamed GratingStim: ori = 45
41.7843 	EXP 	unnamed GratingStim: sf = 0.05
41.8177 	EXP 	unnamed GratingStim: ori = 45
41.8177 	EXP 	unnamed GratingStim: sf = 0.05
41.8510 	EXP 	unnamed GratingStim: ori = 45
41.8510 	EXP 	unnamed GratingStim: sf = 0.05
41.8843 	EXP 	unnamed GratingStim: ori = 45
41.8843 	EXP 	unnamed GratingStim: sf = 0.05
41.9177 	EXP 	unnamed GratingStim: ori = 45
41.9177 	EXP 	unnamed GratingStim: sf = 0.05
41.9510 	EXP 	unnamed GratingStim: ori = 45
41.9510 	EXP 	unnamed GratingStim: sf = 0.05
41.9532 	DATA 	Keypress: escape
41.9846 	EXP 	unnamed GratingStim: ori = 45
41.9846 	EXP 	unnamed GratingStim: sf = 0.05
42.0178 	EXP 	unnamed GratingStim: ori = 45
42.0178 	EXP 	unnamed GratingStim: sf = 0.05
42.6244 	EXP 	window1: mouseVisible = True
