1.5121 	WARNING 	We strongly recommend you activate the PTB sound engine in PsychoPy prefs as the preferred audio engine. Its timing is vastly superior. Your prefs are currently set to use ['sounddevice', 'PTB', 'pyo', 'pygame'] (in that order).
8.9576 	WARNING 	User requested fullscreen with size [1680 1050], but screen is actually [1920, 1080]. Using actual size
9.6009 	EXP 	Created window1 = Window(allowGUI=False, allowStencil=False, autoLog=True, backendConf=UNKNOWN, bitsMode=UNKNOWN, blendMode='avg', bpc=(8, 8, 8), color=array([0, 0, 0]), colorSpace='rgb', depthBits=8, fullscr=<method-wrapper '__getattribute__' of attributeSetter object at 0x0000018DDCDA88E0>, gamma=None, gammaErrorPolicy='raise', lms=UNKNOWN, monitor=<psychopy.monitors.calibTools.Monitor object at 0x0000018DDEE2AEB0>, multiSample=False, name='window1', numSamples=2, pos=(0, 0), screen=0, size=array([1920, 1080]), stencilBits=0, stereo=False, units='deg', useFBO=True, useRetina=False, viewOri=0.0, viewPos=None, viewScale=None, waitBlanking=True, winType='pyglet')
9.6012 	EXP 	window1: mouseVisible = True
9.6012 	EXP 	window1: Attempting to measure frame rate of screen (0) ...
9.6012 	EXP 	window1: recordFrameIntervals = False
9.7676 	EXP 	window1: recordFrameIntervals = True
9.9509 	EXP 	Screen (0) actual frame rate measured at 60.06Hz
9.9509 	EXP 	window1: recordFrameIntervals = False
12.1356 	EXP 	Created Instrucciones1 = TextStim(__class__=<class 'psychopy.visual.text.TextStim'>, alignHoriz=method-wrapper(...), alignText='center', alignVert=method-wrapper(...), anchorHoriz='center', anchorVert='center', antialias=True, autoLog=True, bold=False, color=array([-1., -1., -1.]), colorSpace='rgb', contrast=1.0, depth=0.0, flipHoriz=False, flipVert=False, font='Open Sans', fontFiles=[], height=0.05, italic=False, languageStyle='LTR', name='Instrucciones1', opacity=1.0, ori=0.0, pos=array([0., 0.]), rgb=UNKNOWN, text=str(...), units='height', win=Window(...), wrapWidth=1)
12.1443 	EXP 	Created Instrucciones2 = TextStim(__class__=<class 'psychopy.visual.text.TextStim'>, alignHoriz=method-wrapper(...), alignText='center', alignVert=method-wrapper(...), anchorHoriz='center', anchorVert='center', antialias=True, autoLog=True, bold=False, color=array([-1., -1., -1.]), colorSpace='rgb', contrast=1.0, depth=-2.0, flipHoriz=False, flipVert=False, font='Open Sans', fontFiles=[], height=0.05, italic=False, languageStyle='LTR', name='Instrucciones2', opacity=1.0, ori=0.0, pos=array([0., 0.]), rgb=UNKNOWN, text=str(...), units='height', win=Window(...), wrapWidth=1)
12.1603 	EXP 	Created Instrucciones3 = TextStim(__class__=<class 'psychopy.visual.text.TextStim'>, alignHoriz=method-wrapper(...), alignText='center', alignVert=method-wrapper(...), anchorHoriz='center', anchorVert='center', antialias=True, autoLog=True, bold=False, color=array([-1., -1., -1.]), colorSpace='rgb', contrast=1.0, depth=-4.0, flipHoriz=False, flipVert=False, font='Arial', fontFiles=[], height=0.05, italic=False, languageStyle='LTR', name='Instrucciones3', opacity=1.0, ori=0.0, pos=array([0., 0.]), rgb=UNKNOWN, text=str(...), units='height', win=Window(...), wrapWidth=1)
12.1786 	EXP 	Created instrucciones4 = TextStim(__class__=<class 'psychopy.visual.text.TextStim'>, alignHoriz=method-wrapper(...), alignText='center', alignVert=method-wrapper(...), anchorHoriz='center', anchorVert='center', antialias=True, autoLog=True, bold=False, color=array([-1., -1., -1.]), colorSpace='rgb', contrast=1.0, depth=-6.0, flipHoriz=False, flipVert=False, font='Arial', fontFiles=[], height=0.05, italic=False, languageStyle='LTR', name='instrucciones4', opacity=1.0, ori=0.0, pos=array([0., 0.]), rgb=UNKNOWN, text=str(...), units='height', win=Window(...), wrapWidth=1)
12.1848 	EXP 	Created Instrucciones5 = TextStim(__class__=<class 'psychopy.visual.text.TextStim'>, alignHoriz=method-wrapper(...), alignText='center', alignVert=method-wrapper(...), anchorHoriz='center', anchorVert='center', antialias=True, autoLog=True, bold=False, color=array([1., 1., 1.]), colorSpace='rgb', contrast=1.0, depth=-8.0, flipHoriz=False, flipVert=False, font='Open Sans', fontFiles=[], height=0.05, italic=False, languageStyle='LTR', name='Instrucciones5', opacity=1.0, ori=0.0, pos=array([0., 0.]), rgb=UNKNOWN, text='¡Vamos a hacer uno de prueba!', units='height', win=Window(...), wrapWidth=1)
12.1897 	EXP 	Created GratingPrueba = GratingStim(__class__=<class 'psychopy.visual.grating.GratingStim'>, anchor='center', autoDraw=False, autoLog=True, blendmode='avg', color=array([1., 1., 1.]), colorSpace='rgb', contrast=1.0, depth=-1.0, interpolate=True, mask='gauss', maskParams=None, name='GratingPrueba', opacity=1.0, ori=1.0, phase=array([0., 0.]), pos=array([0., 0.]), rgbPedestal=array([0., 0., 0.]), sf=array([1., 1.]), size=array([200., 200.]), tex='sin', texRes=128, units='pix', win=Window(...))
12.1912 	EXP 	Created FeedbackPrueb = TextStim(__class__=<class 'psychopy.visual.text.TextStim'>, alignHoriz=method-wrapper(...), alignText='center', alignVert=method-wrapper(...), anchorHoriz='center', anchorVert='center', antialias=True, autoLog=True, bold=False, color=array([1., 1., 1.]), colorSpace='rgb', contrast=1.0, depth=-1.0, flipHoriz=False, flipVert=False, font='Open Sans', fontFiles=[], height=0.1, italic=False, languageStyle='LTR', name='FeedbackPrueb', opacity=1.0, ori=0.0, pos=array([0., 0.]), rgb=UNKNOWN, text='', units='height', win=Window(...), wrapWidth=1)
12.2079 	EXP 	Created ComienzoTexto = TextStim(__class__=<class 'psychopy.visual.text.TextStim'>, alignHoriz=method-wrapper(...), alignText='center', alignVert=method-wrapper(...), anchorHoriz='center', anchorVert='center', antialias=True, autoLog=True, bold=False, color=array([-1., -1., -1.]), colorSpace='rgb', contrast=1.0, depth=0.0, flipHoriz=False, flipVert=False, font='Open Sans', fontFiles=[], height=0.05, italic=False, languageStyle='LTR', name='ComienzoTexto', opacity=1.0, ori=0.0, pos=array([0., 0.]), rgb=UNKNOWN, text=str(...), units='height', win=Window(...), wrapWidth=1)
12.2115 	EXP 	Created grating2 = GratingStim(__class__=<class 'psychopy.visual.grating.GratingStim'>, anchor='center', autoDraw=False, autoLog=True, blendmode='avg', color=array([1., 1., 1.]), colorSpace='rgb', contrast=1.0, depth=0.0, interpolate=True, mask='circle', maskParams=None, name='grating2', opacity=1.0, ori=1.0, phase=array([0., 0.]), pos=array([0., 0.]), rgbPedestal=array([0., 0., 0.]), sf=array([1., 1.]), size=array([200., 200.]), tex='sin', texRes=128, units='pix', win=Window(...))
12.2128 	EXP 	Created feedback_2 = TextStim(__class__=<class 'psychopy.visual.text.TextStim'>, alignHoriz=method-wrapper(...), alignText='center', alignVert=method-wrapper(...), anchorHoriz='center', anchorVert='center', antialias=True, autoLog=True, bold=False, color=array([1., 1., 1.]), colorSpace='rgb', contrast=1.0, depth=-1.0, flipHoriz=False, flipVert=False, font='Open Sans', fontFiles=[], height=0.1, italic=False, languageStyle='LTR', name='feedback_2', opacity=1.0, ori=0.0, pos=array([0., 0.]), rgb=UNKNOWN, text='', units='height', win=Window(...), wrapWidth=1)
12.2272 	EXP 	Created Gracias = TextStim(__class__=<class 'psychopy.visual.text.TextStim'>, alignHoriz=method-wrapper(...), alignText='center', alignVert=method-wrapper(...), anchorHoriz='center', anchorVert='center', antialias=True, autoLog=True, bold=False, color=array([1., 1., 1.]), colorSpace='rgb', contrast=1.0, depth=0.0, flipHoriz=False, flipVert=False, font='Open Sans', fontFiles=[], height=0.1, italic=False, languageStyle='LTR', name='Gracias', opacity=1.0, ori=0.0, pos=array([0., 0.]), rgb=UNKNOWN, text='¡Muchas gracias por participar!', units='height', win=Window(...), wrapWidth=1)
12.2294 	EXP 	Created image = ImageStim(__class__=<class 'psychopy.visual.image.ImageStim'>, anchor=('center', 'center'), autoLog=True, color=array([1., 1., 1.]), colorSpace='rgb', contrast=1.0, depth=-1.0, flipHoriz=False, flipVert=False, image=None, interpolate=True, mask=None, maskParams=None, name='image', opacity=1.0, ori=0.0, pos=array([0., 0.]), size=array([0.5, 0.5]), texRes=128.0, units='deg', win=Window(...))
13.2390 	EXP 	Instrucciones1: autoDraw = True
13.6244 	DATA 	Keypress: space
13.6353 	EXP 	Instrucciones1: autoDraw = False
13.6353 	EXP 	Instrucciones2: autoDraw = True
13.9053 	DATA 	Keypress: space
14.1211 	DATA 	Keypress: space
14.1353 	EXP 	Instrucciones2: autoDraw = False
14.1353 	EXP 	Instrucciones3: autoDraw = True
14.4215 	DATA 	Keypress: space
14.6898 	DATA 	Keypress: space
14.7026 	EXP 	Instrucciones3: autoDraw = False
14.7026 	EXP 	instrucciones4: autoDraw = True
15.0388 	DATA 	Keypress: space
15.3884 	DATA 	Keypress: space
15.4025 	EXP 	instrucciones4: autoDraw = False
15.4025 	EXP 	Instrucciones5: autoDraw = True
16.0212 	DATA 	Keypress: space
18.3730 	DATA 	Keypress: space
18.8728 	DATA 	Keypress: space
19.3944 	EXP 	Imported ParametrosPRUEBAintinfoTraining.xlsx as conditions, 10 conditions, 6 params
19.3948 	EXP 	Created sequence: sequential, trialTypes=10, nReps=1, seed=None
19.3951 	EXP 	New trial (rep=0, index=0): {'Frecuencia': 6.12015737910944, 'Orientaciondecimal': 0.960355341119567, 'Categoria': 'A', 'Tecla': 'left', 'FrecuenciaEspacial': 0.030600786895547197, 'Orientacion': 96.0355341119567}
19.4002 	EXP 	Created unnamed GratingStim = GratingStim(__class__=<class 'psychopy.visual.grating.GratingStim'>, anchor='center', autoDraw=False, autoLog=True, blendmode='avg', color=array([1., 1., 1.]), colorSpace='rgb', contrast=1.0, depth=0, interpolate=False, mask='gauss', maskParams=None, name='unnamed GratingStim', opacity=1.0, ori=0.0, phase=array([0., 0.]), pos=array([0., 0.]), rgbPedestal=array([0., 0., 0.]), sf=array([1., 1.]), size=array([20., 20.]), tex='sin', texRes=128, units='deg', win=Window(...))
19.4172 	EXP 	Instrucciones5: autoDraw = False
19.4172 	EXP 	Instrucciones1: autoDraw = False
19.4172 	EXP 	Instrucciones2: autoDraw = False
19.4172 	EXP 	Instrucciones3: autoDraw = False
19.4172 	EXP 	instrucciones4: autoDraw = False
19.4172 	EXP 	Instrucciones5: autoDraw = False
19.4172 	EXP 	GratingPrueba: ori = 96.0355341119567
19.4172 	EXP 	GratingPrueba: sf = array([0.03060079, 0.03060079])
19.4172 	EXP 	unnamed GratingStim: mask = 'gauss'
19.4172 	EXP 	unnamed GratingStim: tex = 'sin'
19.4553 	EXP 	unnamed GratingStim: mask = 'gauss'
19.4885 	EXP 	unnamed GratingStim: mask = 'gauss'
19.5235 	EXP 	GratingPrueba: autoDraw = True
19.5235 	EXP 	unnamed GratingStim: mask = 'gauss'
19.5235 	EXP 	GratingPrueba: tex = 'sin'
19.5552 	EXP 	unnamed GratingStim: mask = 'gauss'
19.5890 	EXP 	unnamed GratingStim: mask = 'gauss'
19.6224 	EXP 	unnamed GratingStim: mask = 'gauss'
19.6553 	EXP 	unnamed GratingStim: mask = 'gauss'
19.6893 	EXP 	unnamed GratingStim: mask = 'gauss'
19.7237 	EXP 	unnamed GratingStim: mask = 'gauss'
19.7566 	EXP 	unnamed GratingStim: mask = 'gauss'
19.7892 	EXP 	unnamed GratingStim: mask = 'gauss'
19.8222 	EXP 	unnamed GratingStim: mask = 'gauss'
19.8556 	EXP 	unnamed GratingStim: mask = 'gauss'
19.8893 	EXP 	unnamed GratingStim: mask = 'gauss'
19.9223 	EXP 	unnamed GratingStim: mask = 'gauss'
19.9557 	EXP 	unnamed GratingStim: mask = 'gauss'
19.9891 	EXP 	unnamed GratingStim: mask = 'gauss'
20.0228 	EXP 	unnamed GratingStim: mask = 'gauss'
20.0556 	EXP 	unnamed GratingStim: mask = 'gauss'
20.0890 	EXP 	unnamed GratingStim: mask = 'gauss'
20.1223 	EXP 	unnamed GratingStim: mask = 'gauss'
20.1563 	EXP 	unnamed GratingStim: mask = 'gauss'
20.1890 	EXP 	unnamed GratingStim: mask = 'gauss'
20.2222 	EXP 	unnamed GratingStim: mask = 'gauss'
20.2569 	EXP 	unnamed GratingStim: mask = 'gauss'
20.2891 	EXP 	unnamed GratingStim: mask = 'gauss'
20.3224 	EXP 	unnamed GratingStim: mask = 'gauss'
20.3559 	EXP 	unnamed GratingStim: mask = 'gauss'
20.3894 	EXP 	unnamed GratingStim: mask = 'gauss'
20.4227 	EXP 	unnamed GratingStim: mask = 'gauss'
20.4559 	EXP 	unnamed GratingStim: mask = 'gauss'
20.4892 	EXP 	unnamed GratingStim: mask = 'gauss'
20.5226 	EXP 	unnamed GratingStim: mask = 'gauss'
20.5560 	EXP 	unnamed GratingStim: mask = 'gauss'
20.5892 	EXP 	unnamed GratingStim: mask = 'gauss'
20.6224 	EXP 	unnamed GratingStim: mask = 'gauss'
20.6554 	EXP 	unnamed GratingStim: mask = 'gauss'
20.6898 	EXP 	unnamed GratingStim: mask = 'gauss'
20.7227 	EXP 	unnamed GratingStim: mask = 'gauss'
20.7575 	EXP 	unnamed GratingStim: mask = 'gauss'
20.7891 	EXP 	unnamed GratingStim: mask = 'gauss'
20.8228 	EXP 	unnamed GratingStim: mask = 'gauss'
20.8558 	EXP 	unnamed GratingStim: mask = 'gauss'
20.8891 	EXP 	unnamed GratingStim: mask = 'gauss'
20.9228 	EXP 	unnamed GratingStim: mask = 'gauss'
20.9560 	EXP 	unnamed GratingStim: mask = 'gauss'
20.9894 	EXP 	unnamed GratingStim: mask = 'gauss'
21.0228 	EXP 	unnamed GratingStim: mask = 'gauss'
21.0558 	EXP 	unnamed GratingStim: mask = 'gauss'
21.0894 	EXP 	unnamed GratingStim: mask = 'gauss'
21.1225 	EXP 	unnamed GratingStim: mask = 'gauss'
21.1557 	EXP 	unnamed GratingStim: mask = 'gauss'
21.1894 	EXP 	unnamed GratingStim: mask = 'gauss'
21.2231 	EXP 	unnamed GratingStim: mask = 'gauss'
21.2574 	EXP 	unnamed GratingStim: mask = 'gauss'
21.2892 	EXP 	unnamed GratingStim: mask = 'gauss'
21.3227 	EXP 	unnamed GratingStim: mask = 'gauss'
21.3559 	EXP 	unnamed GratingStim: mask = 'gauss'
21.3894 	EXP 	unnamed GratingStim: mask = 'gauss'
21.4226 	EXP 	unnamed GratingStim: mask = 'gauss'
21.4562 	EXP 	unnamed GratingStim: mask = 'gauss'
21.4892 	EXP 	unnamed GratingStim: mask = 'gauss'
21.5230 	EXP 	unnamed GratingStim: mask = 'gauss'
21.5562 	EXP 	unnamed GratingStim: mask = 'gauss'
21.5895 	EXP 	unnamed GratingStim: mask = 'gauss'
21.6234 	EXP 	unnamed GratingStim: mask = 'gauss'
21.6562 	EXP 	unnamed GratingStim: mask = 'gauss'
21.6895 	EXP 	unnamed GratingStim: mask = 'gauss'
21.7233 	EXP 	unnamed GratingStim: mask = 'gauss'
21.7579 	EXP 	unnamed GratingStim: mask = 'gauss'
21.7897 	EXP 	unnamed GratingStim: mask = 'gauss'
21.8230 	EXP 	unnamed GratingStim: mask = 'gauss'
21.8564 	EXP 	unnamed GratingStim: mask = 'gauss'
21.8897 	EXP 	unnamed GratingStim: mask = 'gauss'
21.9230 	EXP 	unnamed GratingStim: mask = 'gauss'
21.9563 	EXP 	unnamed GratingStim: mask = 'gauss'
21.9901 	EXP 	unnamed GratingStim: mask = 'gauss'
22.0237 	EXP 	unnamed GratingStim: mask = 'gauss'
22.0560 	EXP 	unnamed GratingStim: mask = 'gauss'
22.0896 	EXP 	unnamed GratingStim: mask = 'gauss'
22.1231 	EXP 	unnamed GratingStim: mask = 'gauss'
22.1563 	EXP 	unnamed GratingStim: mask = 'gauss'
22.1895 	EXP 	unnamed GratingStim: mask = 'gauss'
22.2229 	EXP 	unnamed GratingStim: mask = 'gauss'
22.2574 	EXP 	unnamed GratingStim: mask = 'gauss'
22.2896 	EXP 	unnamed GratingStim: mask = 'gauss'
22.3229 	EXP 	unnamed GratingStim: mask = 'gauss'
22.3564 	EXP 	unnamed GratingStim: mask = 'gauss'
22.3897 	EXP 	unnamed GratingStim: mask = 'gauss'
22.4231 	EXP 	unnamed GratingStim: mask = 'gauss'
22.4563 	EXP 	unnamed GratingStim: mask = 'gauss'
22.4894 	EXP 	unnamed GratingStim: mask = 'gauss'
22.5235 	EXP 	unnamed GratingStim: mask = 'gauss'
22.5562 	EXP 	GratingPrueba: autoDraw = False
22.5562 	EXP 	unnamed GratingStim: mask = 'gauss'
22.5895 	EXP 	unnamed GratingStim: mask = 'gauss'
22.6253 	EXP 	GratingPrueba: autoDraw = False
22.6253 	EXP 	FeedbackPrueb: height = 0.1
22.6253 	EXP 	FeedbackPrueb: height = 0.1
22.6253 	EXP 	FeedbackPrueb: text = 'Segui intentando'
22.6253 	EXP 	FeedbackPrueb: autoDraw = True
23.5894 	EXP 	New trial (rep=0, index=1): {'Frecuencia': 5.80474231627537, 'Orientaciondecimal': 0.973560272222272, 'Categoria': 'B', 'Tecla': 'right', 'FrecuenciaEspacial': 0.029023711581376854, 'Orientacion': 97.3560272222272}
23.5938 	EXP 	Created unnamed GratingStim = GratingStim(__class__=<class 'psychopy.visual.grating.GratingStim'>, anchor='center', autoDraw=False, autoLog=True, blendmode='avg', color=array([1., 1., 1.]), colorSpace='rgb', contrast=1.0, depth=0, interpolate=False, mask='gauss', maskParams=None, name='unnamed GratingStim', opacity=1.0, ori=0.0, phase=array([0., 0.]), pos=array([0., 0.]), rgbPedestal=array([0., 0., 0.]), sf=array([1., 1.]), size=array([20., 20.]), tex='sin', texRes=128, units='deg', win=Window(...))
23.6205 	EXP 	FeedbackPrueb: autoDraw = False
23.6205 	EXP 	GratingPrueba: ori = 97.3560272222272
23.6205 	EXP 	GratingPrueba: sf = array([0.02902371, 0.02902371])
23.6205 	EXP 	unnamed GratingStim: mask = 'gauss'
23.6205 	EXP 	unnamed GratingStim: tex = 'sin'
23.6564 	EXP 	unnamed GratingStim: mask = 'gauss'
23.6901 	EXP 	GratingPrueba: autoDraw = True
23.6901 	EXP 	unnamed GratingStim: mask = 'gauss'
23.7232 	EXP 	unnamed GratingStim: mask = 'gauss'
23.7576 	EXP 	unnamed GratingStim: mask = 'gauss'
23.7896 	EXP 	unnamed GratingStim: mask = 'gauss'
23.8235 	EXP 	unnamed GratingStim: mask = 'gauss'
23.8573 	EXP 	unnamed GratingStim: mask = 'gauss'
23.8903 	EXP 	unnamed GratingStim: mask = 'gauss'
23.9236 	EXP 	unnamed GratingStim: mask = 'gauss'
23.9571 	EXP 	unnamed GratingStim: mask = 'gauss'
23.9901 	EXP 	unnamed GratingStim: mask = 'gauss'
24.0236 	EXP 	unnamed GratingStim: mask = 'gauss'
24.0567 	EXP 	unnamed GratingStim: mask = 'gauss'
24.0904 	EXP 	unnamed GratingStim: mask = 'gauss'
24.1239 	EXP 	unnamed GratingStim: mask = 'gauss'
24.1567 	EXP 	unnamed GratingStim: mask = 'gauss'
24.1901 	EXP 	unnamed GratingStim: mask = 'gauss'
24.2235 	EXP 	unnamed GratingStim: mask = 'gauss'
24.2579 	EXP 	unnamed GratingStim: mask = 'gauss'
24.2903 	EXP 	unnamed GratingStim: mask = 'gauss'
24.3238 	EXP 	unnamed GratingStim: mask = 'gauss'
24.3572 	EXP 	unnamed GratingStim: mask = 'gauss'
24.3906 	EXP 	unnamed GratingStim: mask = 'gauss'
24.4238 	EXP 	unnamed GratingStim: mask = 'gauss'
24.4570 	EXP 	unnamed GratingStim: mask = 'gauss'
24.4903 	EXP 	unnamed GratingStim: mask = 'gauss'
24.5242 	EXP 	unnamed GratingStim: mask = 'gauss'
24.5571 	EXP 	unnamed GratingStim: mask = 'gauss'
24.5905 	EXP 	unnamed GratingStim: mask = 'gauss'
24.6241 	EXP 	unnamed GratingStim: mask = 'gauss'
24.6573 	EXP 	unnamed GratingStim: mask = 'gauss'
24.6908 	EXP 	unnamed GratingStim: mask = 'gauss'
24.7241 	EXP 	unnamed GratingStim: mask = 'gauss'
24.7580 	EXP 	unnamed GratingStim: mask = 'gauss'
24.7919 	EXP 	unnamed GratingStim: mask = 'gauss'
24.8240 	EXP 	unnamed GratingStim: mask = 'gauss'
24.8570 	EXP 	unnamed GratingStim: mask = 'gauss'
24.8908 	EXP 	unnamed GratingStim: mask = 'gauss'
24.9244 	EXP 	unnamed GratingStim: mask = 'gauss'
24.9570 	EXP 	unnamed GratingStim: mask = 'gauss'
24.9907 	EXP 	unnamed GratingStim: mask = 'gauss'
25.0240 	EXP 	unnamed GratingStim: mask = 'gauss'
25.0573 	EXP 	unnamed GratingStim: mask = 'gauss'
25.0904 	EXP 	unnamed GratingStim: mask = 'gauss'
25.1240 	EXP 	unnamed GratingStim: mask = 'gauss'
25.1573 	EXP 	unnamed GratingStim: mask = 'gauss'
25.1908 	EXP 	unnamed GratingStim: mask = 'gauss'
25.2239 	EXP 	unnamed GratingStim: mask = 'gauss'
25.2582 	EXP 	unnamed GratingStim: mask = 'gauss'
25.2909 	EXP 	unnamed GratingStim: mask = 'gauss'
25.3242 	EXP 	unnamed GratingStim: mask = 'gauss'
25.3570 	EXP 	unnamed GratingStim: mask = 'gauss'
25.3908 	EXP 	unnamed GratingStim: mask = 'gauss'
25.4241 	EXP 	unnamed GratingStim: mask = 'gauss'
25.4582 	EXP 	unnamed GratingStim: mask = 'gauss'
25.4907 	EXP 	unnamed GratingStim: mask = 'gauss'
25.5247 	EXP 	unnamed GratingStim: mask = 'gauss'
25.5573 	EXP 	unnamed GratingStim: mask = 'gauss'
25.5907 	EXP 	unnamed GratingStim: mask = 'gauss'
25.6239 	EXP 	unnamed GratingStim: mask = 'gauss'
25.6576 	EXP 	unnamed GratingStim: mask = 'gauss'
25.6908 	EXP 	unnamed GratingStim: mask = 'gauss'
25.7241 	EXP 	unnamed GratingStim: mask = 'gauss'
25.7582 	EXP 	unnamed GratingStim: mask = 'gauss'
25.7908 	EXP 	unnamed GratingStim: mask = 'gauss'
25.8246 	EXP 	unnamed GratingStim: mask = 'gauss'
25.8574 	EXP 	unnamed GratingStim: mask = 'gauss'
25.8909 	EXP 	unnamed GratingStim: mask = 'gauss'
25.9240 	EXP 	unnamed GratingStim: mask = 'gauss'
25.9575 	EXP 	unnamed GratingStim: mask = 'gauss'
25.9915 	EXP 	unnamed GratingStim: mask = 'gauss'
26.0245 	EXP 	unnamed GratingStim: mask = 'gauss'
26.0573 	EXP 	unnamed GratingStim: mask = 'gauss'
26.0910 	EXP 	unnamed GratingStim: mask = 'gauss'
26.1242 	EXP 	unnamed GratingStim: mask = 'gauss'
26.1575 	EXP 	unnamed GratingStim: mask = 'gauss'
26.1910 	EXP 	unnamed GratingStim: mask = 'gauss'
26.2243 	EXP 	unnamed GratingStim: mask = 'gauss'
26.2582 	EXP 	unnamed GratingStim: mask = 'gauss'
26.2910 	EXP 	unnamed GratingStim: mask = 'gauss'
26.3244 	EXP 	unnamed GratingStim: mask = 'gauss'
26.3572 	EXP 	unnamed GratingStim: mask = 'gauss'
26.3912 	EXP 	unnamed GratingStim: mask = 'gauss'
26.4244 	EXP 	unnamed GratingStim: mask = 'gauss'
26.4576 	EXP 	unnamed GratingStim: mask = 'gauss'
26.4909 	EXP 	unnamed GratingStim: mask = 'gauss'
26.5252 	EXP 	unnamed GratingStim: mask = 'gauss'
26.5586 	EXP 	unnamed GratingStim: mask = 'gauss'
26.5911 	EXP 	unnamed GratingStim: mask = 'gauss'
26.6246 	EXP 	unnamed GratingStim: mask = 'gauss'
26.6580 	EXP 	unnamed GratingStim: mask = 'gauss'
26.6910 	EXP 	GratingPrueba: autoDraw = False
26.6910 	EXP 	unnamed GratingStim: mask = 'gauss'
26.7244 	EXP 	unnamed GratingStim: mask = 'gauss'
26.7579 	EXP 	unnamed GratingStim: mask = 'gauss'
26.7907 	EXP 	unnamed GratingStim: mask = 'gauss'
26.8065 	EXP 	GratingPrueba: autoDraw = False
26.8065 	EXP 	FeedbackPrueb: text = 'Segui intentando'
26.8065 	EXP 	FeedbackPrueb: autoDraw = True
27.7903 	EXP 	New trial (rep=0, index=2): {'Frecuencia': 5.72673654075559, 'Orientaciondecimal': 0.957490584769043, 'Categoria': 'B', 'Tecla': 'right', 'FrecuenciaEspacial': 0.028633682703777953, 'Orientacion': 95.74905847690431}
27.7945 	EXP 	Created unnamed GratingStim = GratingStim(__class__=<class 'psychopy.visual.grating.GratingStim'>, anchor='center', autoDraw=False, autoLog=True, blendmode='avg', color=array([1., 1., 1.]), colorSpace='rgb', contrast=1.0, depth=0, interpolate=False, mask='gauss', maskParams=None, name='unnamed GratingStim', opacity=1.0, ori=0.0, phase=array([0., 0.]), pos=array([0., 0.]), rgbPedestal=array([0., 0., 0.]), sf=array([1., 1.]), size=array([20., 20.]), tex='sin', texRes=128, units='deg', win=Window(...))
27.8124 	EXP 	FeedbackPrueb: autoDraw = False
27.8124 	EXP 	GratingPrueba: ori = 95.74905847690431
27.8124 	EXP 	GratingPrueba: sf = array([0.02863368, 0.02863368])
27.8124 	EXP 	unnamed GratingStim: mask = 'gauss'
27.8124 	EXP 	unnamed GratingStim: tex = 'sin'
27.8417 	EXP 	unnamed GratingStim: mask = 'gauss'
27.8742 	EXP 	unnamed GratingStim: mask = 'gauss'
27.9081 	EXP 	GratingPrueba: autoDraw = True
27.9081 	EXP 	unnamed GratingStim: mask = 'gauss'
27.9409 	EXP 	unnamed GratingStim: mask = 'gauss'
27.9746 	EXP 	unnamed GratingStim: mask = 'gauss'
28.0080 	EXP 	unnamed GratingStim: mask = 'gauss'
28.0419 	EXP 	unnamed GratingStim: mask = 'gauss'
28.0749 	EXP 	unnamed GratingStim: mask = 'gauss'
28.1088 	EXP 	unnamed GratingStim: mask = 'gauss'
28.1420 	EXP 	unnamed GratingStim: mask = 'gauss'
28.1751 	EXP 	unnamed GratingStim: mask = 'gauss'
28.2081 	EXP 	unnamed GratingStim: mask = 'gauss'
28.2418 	EXP 	unnamed GratingStim: mask = 'gauss'
28.2748 	EXP 	unnamed GratingStim: mask = 'gauss'
28.3082 	EXP 	unnamed GratingStim: mask = 'gauss'
28.3415 	EXP 	unnamed GratingStim: mask = 'gauss'
28.3750 	EXP 	unnamed GratingStim: mask = 'gauss'
28.4092 	EXP 	unnamed GratingStim: mask = 'gauss'
28.4418 	EXP 	unnamed GratingStim: mask = 'gauss'
28.4754 	EXP 	unnamed GratingStim: mask = 'gauss'
28.5086 	EXP 	unnamed GratingStim: mask = 'gauss'
28.5422 	EXP 	unnamed GratingStim: mask = 'gauss'
28.5749 	EXP 	unnamed GratingStim: mask = 'gauss'
28.6083 	EXP 	unnamed GratingStim: mask = 'gauss'
28.6425 	EXP 	unnamed GratingStim: mask = 'gauss'
28.6753 	EXP 	unnamed GratingStim: mask = 'gauss'
28.7085 	EXP 	unnamed GratingStim: mask = 'gauss'
28.7420 	EXP 	unnamed GratingStim: mask = 'gauss'
28.7753 	EXP 	unnamed GratingStim: mask = 'gauss'
28.8081 	EXP 	unnamed GratingStim: mask = 'gauss'
28.8418 	EXP 	unnamed GratingStim: mask = 'gauss'
28.8746 	EXP 	unnamed GratingStim: mask = 'gauss'
28.9085 	EXP 	unnamed GratingStim: mask = 'gauss'
28.9419 	EXP 	unnamed GratingStim: mask = 'gauss'
28.9754 	EXP 	unnamed GratingStim: mask = 'gauss'
29.0081 	EXP 	unnamed GratingStim: mask = 'gauss'
29.0421 	EXP 	unnamed GratingStim: mask = 'gauss'
29.0749 	EXP 	unnamed GratingStim: mask = 'gauss'
29.1086 	EXP 	unnamed GratingStim: mask = 'gauss'
29.1420 	EXP 	unnamed GratingStim: mask = 'gauss'
29.1765 	EXP 	unnamed GratingStim: mask = 'gauss'
29.2087 	EXP 	unnamed GratingStim: mask = 'gauss'
29.2422 	EXP 	unnamed GratingStim: mask = 'gauss'
29.2758 	EXP 	unnamed GratingStim: mask = 'gauss'
29.3085 	EXP 	unnamed GratingStim: mask = 'gauss'
29.3421 	EXP 	unnamed GratingStim: mask = 'gauss'
29.3753 	EXP 	unnamed GratingStim: mask = 'gauss'
29.4084 	EXP 	unnamed GratingStim: mask = 'gauss'
29.4422 	EXP 	unnamed GratingStim: mask = 'gauss'
29.4749 	EXP 	unnamed GratingStim: mask = 'gauss'
29.5086 	EXP 	unnamed GratingStim: mask = 'gauss'
29.5417 	EXP 	unnamed GratingStim: mask = 'gauss'
29.5753 	EXP 	unnamed GratingStim: mask = 'gauss'
29.6089 	EXP 	unnamed GratingStim: mask = 'gauss'
29.6422 	EXP 	unnamed GratingStim: mask = 'gauss'
29.6753 	EXP 	unnamed GratingStim: mask = 'gauss'
29.7087 	EXP 	unnamed GratingStim: mask = 'gauss'
29.7448 	EXP 	unnamed GratingStim: mask = 'gauss'
29.7757 	EXP 	unnamed GratingStim: mask = 'gauss'
29.8088 	EXP 	unnamed GratingStim: mask = 'gauss'
29.8419 	EXP 	unnamed GratingStim: mask = 'gauss'
29.8755 	EXP 	unnamed GratingStim: mask = 'gauss'
29.9088 	EXP 	unnamed GratingStim: mask = 'gauss'
29.9420 	EXP 	unnamed GratingStim: mask = 'gauss'
29.9754 	EXP 	unnamed GratingStim: mask = 'gauss'
30.0089 	EXP 	unnamed GratingStim: mask = 'gauss'
30.0422 	EXP 	unnamed GratingStim: mask = 'gauss'
30.0755 	EXP 	unnamed GratingStim: mask = 'gauss'
30.1089 	EXP 	unnamed GratingStim: mask = 'gauss'
30.1424 	EXP 	unnamed GratingStim: mask = 'gauss'
30.1750 	EXP 	unnamed GratingStim: mask = 'gauss'
30.2093 	EXP 	unnamed GratingStim: mask = 'gauss'
30.2424 	EXP 	unnamed GratingStim: mask = 'gauss'
30.2759 	EXP 	unnamed GratingStim: mask = 'gauss'
30.3087 	EXP 	unnamed GratingStim: mask = 'gauss'
30.3420 	EXP 	unnamed GratingStim: mask = 'gauss'
30.3756 	EXP 	unnamed GratingStim: mask = 'gauss'
30.4090 	EXP 	unnamed GratingStim: mask = 'gauss'
30.4422 	EXP 	unnamed GratingStim: mask = 'gauss'
30.4757 	EXP 	unnamed GratingStim: mask = 'gauss'
30.5088 	EXP 	unnamed GratingStim: mask = 'gauss'
30.5424 	EXP 	unnamed GratingStim: mask = 'gauss'
30.5753 	EXP 	unnamed GratingStim: mask = 'gauss'
30.6091 	EXP 	unnamed GratingStim: mask = 'gauss'
30.6424 	EXP 	unnamed GratingStim: mask = 'gauss'
30.6761 	EXP 	unnamed GratingStim: mask = 'gauss'
30.7089 	EXP 	unnamed GratingStim: mask = 'gauss'
30.7421 	EXP 	unnamed GratingStim: mask = 'gauss'
30.7761 	EXP 	unnamed GratingStim: mask = 'gauss'
30.8087 	EXP 	unnamed GratingStim: mask = 'gauss'
30.8423 	EXP 	unnamed GratingStim: mask = 'gauss'
30.8756 	EXP 	unnamed GratingStim: mask = 'gauss'
30.9090 	EXP 	GratingPrueba: autoDraw = False
30.9090 	EXP 	unnamed GratingStim: mask = 'gauss'
30.9419 	EXP 	unnamed GratingStim: mask = 'gauss'
30.9753 	EXP 	unnamed GratingStim: mask = 'gauss'
31.0079 	EXP 	GratingPrueba: autoDraw = False
31.0079 	EXP 	FeedbackPrueb: text = 'Segui intentando'
31.0079 	EXP 	FeedbackPrueb: autoDraw = True
31.9917 	EXP 	New trial (rep=0, index=3): {'Frecuencia': 6.08635969142881, 'Orientaciondecimal': 0.950826717019596, 'Categoria': 'A', 'Tecla': 'left', 'FrecuenciaEspacial': 0.03043179845714405, 'Orientacion': 95.0826717019596}
31.9964 	EXP 	Created unnamed GratingStim = GratingStim(__class__=<class 'psychopy.visual.grating.GratingStim'>, anchor='center', autoDraw=False, autoLog=True, blendmode='avg', color=array([1., 1., 1.]), colorSpace='rgb', contrast=1.0, depth=0, interpolate=False, mask='gauss', maskParams=None, name='unnamed GratingStim', opacity=1.0, ori=0.0, phase=array([0., 0.]), pos=array([0., 0.]), rgbPedestal=array([0., 0., 0.]), sf=array([1., 1.]), size=array([20., 20.]), tex='sin', texRes=128, units='deg', win=Window(...))
32.0142 	EXP 	FeedbackPrueb: autoDraw = False
32.0142 	EXP 	GratingPrueba: ori = 95.0826717019596
32.0142 	EXP 	GratingPrueba: sf = array([0.0304318, 0.0304318])
32.0142 	EXP 	unnamed GratingStim: mask = 'gauss'
32.0142 	EXP 	unnamed GratingStim: tex = 'sin'
32.0433 	EXP 	unnamed GratingStim: mask = 'gauss'
32.0756 	EXP 	unnamed GratingStim: mask = 'gauss'
32.1090 	EXP 	GratingPrueba: autoDraw = True
32.1090 	EXP 	unnamed GratingStim: mask = 'gauss'
32.1424 	EXP 	unnamed GratingStim: mask = 'gauss'
32.1758 	EXP 	unnamed GratingStim: mask = 'gauss'
32.2095 	EXP 	unnamed GratingStim: mask = 'gauss'
32.2427 	EXP 	unnamed GratingStim: mask = 'gauss'
32.2763 	EXP 	unnamed GratingStim: mask = 'gauss'
32.3095 	EXP 	unnamed GratingStim: mask = 'gauss'
32.3438 	EXP 	unnamed GratingStim: mask = 'gauss'
32.3764 	EXP 	unnamed GratingStim: mask = 'gauss'
32.4094 	EXP 	unnamed GratingStim: mask = 'gauss'
32.4430 	EXP 	unnamed GratingStim: mask = 'gauss'
32.4766 	EXP 	unnamed GratingStim: mask = 'gauss'
32.5093 	EXP 	unnamed GratingStim: mask = 'gauss'
32.5429 	EXP 	unnamed GratingStim: mask = 'gauss'
32.5762 	EXP 	unnamed GratingStim: mask = 'gauss'
32.6097 	EXP 	unnamed GratingStim: mask = 'gauss'
32.6431 	EXP 	unnamed GratingStim: mask = 'gauss'
32.6762 	EXP 	unnamed GratingStim: mask = 'gauss'
32.7096 	EXP 	unnamed GratingStim: mask = 'gauss'
32.7438 	EXP 	unnamed GratingStim: mask = 'gauss'
32.7762 	EXP 	unnamed GratingStim: mask = 'gauss'
32.8094 	EXP 	unnamed GratingStim: mask = 'gauss'
32.8430 	EXP 	unnamed GratingStim: mask = 'gauss'
32.8773 	EXP 	unnamed GratingStim: mask = 'gauss'
32.9095 	EXP 	unnamed GratingStim: mask = 'gauss'
32.9428 	EXP 	unnamed GratingStim: mask = 'gauss'
32.9763 	EXP 	unnamed GratingStim: mask = 'gauss'
33.0094 	EXP 	unnamed GratingStim: mask = 'gauss'
33.0430 	EXP 	unnamed GratingStim: mask = 'gauss'
33.0768 	EXP 	unnamed GratingStim: mask = 'gauss'
33.1099 	EXP 	unnamed GratingStim: mask = 'gauss'
33.1438 	EXP 	unnamed GratingStim: mask = 'gauss'
33.1765 	EXP 	unnamed GratingStim: mask = 'gauss'
33.2097 	EXP 	unnamed GratingStim: mask = 'gauss'
33.2429 	EXP 	unnamed GratingStim: mask = 'gauss'
33.2762 	EXP 	unnamed GratingStim: mask = 'gauss'
33.3097 	EXP 	unnamed GratingStim: mask = 'gauss'
33.3432 	EXP 	unnamed GratingStim: mask = 'gauss'
33.3767 	EXP 	unnamed GratingStim: mask = 'gauss'
33.4108 	EXP 	unnamed GratingStim: mask = 'gauss'
33.4434 	EXP 	unnamed GratingStim: mask = 'gauss'
33.4767 	EXP 	unnamed GratingStim: mask = 'gauss'
33.5102 	EXP 	unnamed GratingStim: mask = 'gauss'
33.5434 	EXP 	unnamed GratingStim: mask = 'gauss'
33.5767 	EXP 	unnamed GratingStim: mask = 'gauss'
33.6099 	EXP 	unnamed GratingStim: mask = 'gauss'
33.6433 	EXP 	unnamed GratingStim: mask = 'gauss'
33.6770 	EXP 	unnamed GratingStim: mask = 'gauss'
33.7100 	EXP 	unnamed GratingStim: mask = 'gauss'
33.7435 	EXP 	unnamed GratingStim: mask = 'gauss'
33.7771 	EXP 	unnamed GratingStim: mask = 'gauss'
33.8097 	EXP 	unnamed GratingStim: mask = 'gauss'
33.8434 	EXP 	unnamed GratingStim: mask = 'gauss'
33.8768 	EXP 	unnamed GratingStim: mask = 'gauss'
33.9100 	EXP 	unnamed GratingStim: mask = 'gauss'
33.9437 	EXP 	unnamed GratingStim: mask = 'gauss'
33.9769 	EXP 	unnamed GratingStim: mask = 'gauss'
34.0100 	EXP 	unnamed GratingStim: mask = 'gauss'
34.0434 	EXP 	unnamed GratingStim: mask = 'gauss'
34.0769 	EXP 	unnamed GratingStim: mask = 'gauss'
34.1101 	EXP 	unnamed GratingStim: mask = 'gauss'
34.1436 	EXP 	unnamed GratingStim: mask = 'gauss'
34.1768 	EXP 	unnamed GratingStim: mask = 'gauss'
34.2103 	EXP 	unnamed GratingStim: mask = 'gauss'
34.2440 	EXP 	unnamed GratingStim: mask = 'gauss'
34.2768 	EXP 	unnamed GratingStim: mask = 'gauss'
34.3103 	EXP 	unnamed GratingStim: mask = 'gauss'
34.3436 	EXP 	unnamed GratingStim: mask = 'gauss'
34.3769 	EXP 	unnamed GratingStim: mask = 'gauss'
34.4101 	EXP 	unnamed GratingStim: mask = 'gauss'
34.4434 	EXP 	unnamed GratingStim: mask = 'gauss'
34.4780 	EXP 	unnamed GratingStim: mask = 'gauss'
34.5099 	EXP 	unnamed GratingStim: mask = 'gauss'
34.5435 	EXP 	unnamed GratingStim: mask = 'gauss'
34.5768 	EXP 	unnamed GratingStim: mask = 'gauss'
34.6099 	EXP 	unnamed GratingStim: mask = 'gauss'
34.6435 	EXP 	unnamed GratingStim: mask = 'gauss'
34.6771 	EXP 	unnamed GratingStim: mask = 'gauss'
34.7107 	EXP 	unnamed GratingStim: mask = 'gauss'
34.7445 	EXP 	unnamed GratingStim: mask = 'gauss'
34.7772 	EXP 	unnamed GratingStim: mask = 'gauss'
34.8107 	EXP 	unnamed GratingStim: mask = 'gauss'
34.8436 	EXP 	unnamed GratingStim: mask = 'gauss'
34.8772 	EXP 	unnamed GratingStim: mask = 'gauss'
34.9103 	EXP 	unnamed GratingStim: mask = 'gauss'
34.9436 	EXP 	unnamed GratingStim: mask = 'gauss'
34.9774 	EXP 	unnamed GratingStim: mask = 'gauss'
35.0106 	EXP 	unnamed GratingStim: mask = 'gauss'
35.0434 	EXP 	unnamed GratingStim: mask = 'gauss'
35.0771 	EXP 	unnamed GratingStim: mask = 'gauss'
35.1101 	EXP 	GratingPrueba: autoDraw = False
35.1101 	EXP 	unnamed GratingStim: mask = 'gauss'
35.1435 	EXP 	unnamed GratingStim: mask = 'gauss'
35.1769 	EXP 	unnamed GratingStim: mask = 'gauss'
35.2090 	EXP 	GratingPrueba: autoDraw = False
35.2090 	EXP 	FeedbackPrueb: text = 'Segui intentando'
35.2090 	EXP 	FeedbackPrueb: autoDraw = True
36.1935 	EXP 	New trial (rep=0, index=4): {'Frecuencia': 6.18055084207957, 'Orientaciondecimal': 0.975046060904673, 'Categoria': 'A', 'Tecla': 'left', 'FrecuenciaEspacial': 0.03090275421039785, 'Orientacion': 97.5046060904673}
36.2094 	EXP 	Created unnamed GratingStim = GratingStim(__class__=<class 'psychopy.visual.grating.GratingStim'>, anchor='center', autoDraw=False, autoLog=True, blendmode='avg', color=array([1., 1., 1.]), colorSpace='rgb', contrast=1.0, depth=0, interpolate=False, mask='gauss', maskParams=None, name='unnamed GratingStim', opacity=1.0, ori=0.0, phase=array([0., 0.]), pos=array([0., 0.]), rgbPedestal=array([0., 0., 0.]), sf=array([1., 1.]), size=array([20., 20.]), tex='sin', texRes=128, units='deg', win=Window(...))
36.2320 	EXP 	FeedbackPrueb: autoDraw = False
36.2320 	EXP 	GratingPrueba: ori = 97.5046060904673
36.2320 	EXP 	GratingPrueba: sf = array([0.03090275, 0.03090275])
36.2320 	EXP 	unnamed GratingStim: mask = 'gauss'
36.2320 	EXP 	unnamed GratingStim: tex = 'sin'
36.2620 	EXP 	unnamed GratingStim: mask = 'gauss'
36.2943 	EXP 	unnamed GratingStim: mask = 'gauss'
36.3289 	EXP 	GratingPrueba: autoDraw = True
36.3289 	EXP 	unnamed GratingStim: mask = 'gauss'
36.3618 	EXP 	unnamed GratingStim: mask = 'gauss'
36.3953 	EXP 	unnamed GratingStim: mask = 'gauss'
36.4287 	EXP 	unnamed GratingStim: mask = 'gauss'
36.4625 	EXP 	unnamed GratingStim: mask = 'gauss'
36.4957 	EXP 	unnamed GratingStim: mask = 'gauss'
36.5291 	EXP 	unnamed GratingStim: mask = 'gauss'
36.5610 	EXP 	unnamed GratingStim: mask = 'gauss'
36.5952 	EXP 	unnamed GratingStim: mask = 'gauss'
36.6277 	EXP 	unnamed GratingStim: mask = 'gauss'
36.6610 	EXP 	unnamed GratingStim: mask = 'gauss'
36.6943 	EXP 	unnamed GratingStim: mask = 'gauss'
36.7276 	EXP 	unnamed GratingStim: mask = 'gauss'
36.7620 	EXP 	unnamed GratingStim: mask = 'gauss'
36.7944 	EXP 	unnamed GratingStim: mask = 'gauss'
36.8281 	EXP 	unnamed GratingStim: mask = 'gauss'
36.8609 	EXP 	unnamed GratingStim: mask = 'gauss'
36.8944 	EXP 	unnamed GratingStim: mask = 'gauss'
36.9274 	EXP 	unnamed GratingStim: mask = 'gauss'
36.9608 	EXP 	unnamed GratingStim: mask = 'gauss'
36.9939 	EXP 	unnamed GratingStim: mask = 'gauss'
37.0277 	EXP 	unnamed GratingStim: mask = 'gauss'
37.0607 	EXP 	unnamed GratingStim: mask = 'gauss'
37.0941 	EXP 	unnamed GratingStim: mask = 'gauss'
37.1287 	EXP 	unnamed GratingStim: mask = 'gauss'
37.1610 	EXP 	unnamed GratingStim: mask = 'gauss'
37.1945 	EXP 	unnamed GratingStim: mask = 'gauss'
37.2274 	EXP 	unnamed GratingStim: mask = 'gauss'
37.2614 	EXP 	unnamed GratingStim: mask = 'gauss'
37.2947 	EXP 	unnamed GratingStim: mask = 'gauss'
37.3278 	EXP 	unnamed GratingStim: mask = 'gauss'
37.3609 	EXP 	unnamed GratingStim: mask = 'gauss'
37.3942 	EXP 	unnamed GratingStim: mask = 'gauss'
37.4277 	EXP 	unnamed GratingStim: mask = 'gauss'
37.4611 	EXP 	unnamed GratingStim: mask = 'gauss'
37.4946 	EXP 	unnamed GratingStim: mask = 'gauss'
37.5278 	EXP 	unnamed GratingStim: mask = 'gauss'
37.5611 	EXP 	unnamed GratingStim: mask = 'gauss'
37.5947 	EXP 	unnamed GratingStim: mask = 'gauss'
37.6275 	EXP 	unnamed GratingStim: mask = 'gauss'
37.6613 	EXP 	unnamed GratingStim: mask = 'gauss'
37.6944 	EXP 	unnamed GratingStim: mask = 'gauss'
37.7279 	EXP 	unnamed GratingStim: mask = 'gauss'
37.7619 	EXP 	unnamed GratingStim: mask = 'gauss'
37.7945 	EXP 	unnamed GratingStim: mask = 'gauss'
37.8278 	EXP 	unnamed GratingStim: mask = 'gauss'
37.8613 	EXP 	unnamed GratingStim: mask = 'gauss'
37.8948 	EXP 	unnamed GratingStim: mask = 'gauss'
37.9281 	EXP 	unnamed GratingStim: mask = 'gauss'
37.9612 	EXP 	unnamed GratingStim: mask = 'gauss'
37.9946 	EXP 	unnamed GratingStim: mask = 'gauss'
38.0278 	EXP 	unnamed GratingStim: mask = 'gauss'
38.0614 	EXP 	unnamed GratingStim: mask = 'gauss'
38.0951 	EXP 	unnamed GratingStim: mask = 'gauss'
38.1280 	EXP 	unnamed GratingStim: mask = 'gauss'
38.1613 	EXP 	unnamed GratingStim: mask = 'gauss'
38.1948 	EXP 	unnamed GratingStim: mask = 'gauss'
38.2279 	EXP 	unnamed GratingStim: mask = 'gauss'
38.2617 	EXP 	unnamed GratingStim: mask = 'gauss'
38.2947 	EXP 	unnamed GratingStim: mask = 'gauss'
38.3282 	EXP 	unnamed GratingStim: mask = 'gauss'
38.3619 	EXP 	unnamed GratingStim: mask = 'gauss'
38.3948 	EXP 	unnamed GratingStim: mask = 'gauss'
38.4279 	EXP 	unnamed GratingStim: mask = 'gauss'
38.4615 	EXP 	unnamed GratingStim: mask = 'gauss'
38.4945 	EXP 	unnamed GratingStim: mask = 'gauss'
38.5287 	EXP 	unnamed GratingStim: mask = 'gauss'
38.5616 	EXP 	unnamed GratingStim: mask = 'gauss'
38.5950 	EXP 	unnamed GratingStim: mask = 'gauss'
38.6280 	EXP 	unnamed GratingStim: mask = 'gauss'
38.6615 	EXP 	unnamed GratingStim: mask = 'gauss'
38.6950 	EXP 	unnamed GratingStim: mask = 'gauss'
38.7282 	EXP 	unnamed GratingStim: mask = 'gauss'
38.7622 	EXP 	unnamed GratingStim: mask = 'gauss'
38.7950 	EXP 	unnamed GratingStim: mask = 'gauss'
38.8283 	EXP 	unnamed GratingStim: mask = 'gauss'
38.8621 	EXP 	unnamed GratingStim: mask = 'gauss'
38.8952 	EXP 	unnamed GratingStim: mask = 'gauss'
38.9284 	EXP 	unnamed GratingStim: mask = 'gauss'
38.9616 	EXP 	unnamed GratingStim: mask = 'gauss'
38.9954 	EXP 	unnamed GratingStim: mask = 'gauss'
39.0285 	EXP 	unnamed GratingStim: mask = 'gauss'
39.0617 	EXP 	unnamed GratingStim: mask = 'gauss'
39.0946 	EXP 	unnamed GratingStim: mask = 'gauss'
39.1286 	EXP 	unnamed GratingStim: mask = 'gauss'
39.1613 	EXP 	unnamed GratingStim: mask = 'gauss'
39.1948 	EXP 	unnamed GratingStim: mask = 'gauss'
39.2294 	EXP 	unnamed GratingStim: mask = 'gauss'
39.2622 	EXP 	unnamed GratingStim: mask = 'gauss'
39.2951 	EXP 	unnamed GratingStim: mask = 'gauss'
39.3283 	EXP 	unnamed GratingStim: mask = 'gauss'
39.3614 	EXP 	GratingPrueba: autoDraw = False
39.3614 	EXP 	unnamed GratingStim: mask = 'gauss'
39.3950 	EXP 	unnamed GratingStim: mask = 'gauss'
39.4270 	EXP 	GratingPrueba: autoDraw = False
39.4270 	EXP 	FeedbackPrueb: text = 'Segui intentando'
39.4270 	EXP 	FeedbackPrueb: autoDraw = True
40.3942 	EXP 	New trial (rep=0, index=5): {'Frecuencia': 5.73387135997741, 'Orientaciondecimal': 0.963799584746463, 'Categoria': 'B', 'Tecla': 'right', 'FrecuenciaEspacial': 0.028669356799887052, 'Orientacion': 96.3799584746463}
40.3986 	EXP 	Created unnamed GratingStim = GratingStim(__class__=<class 'psychopy.visual.grating.GratingStim'>, anchor='center', autoDraw=False, autoLog=True, blendmode='avg', color=array([1., 1., 1.]), colorSpace='rgb', contrast=1.0, depth=0, interpolate=False, mask='gauss', maskParams=None, name='unnamed GratingStim', opacity=1.0, ori=0.0, phase=array([0., 0.]), pos=array([0., 0.]), rgbPedestal=array([0., 0., 0.]), sf=array([1., 1.]), size=array([20., 20.]), tex='sin', texRes=128, units='deg', win=Window(...))
40.4167 	EXP 	FeedbackPrueb: autoDraw = False
40.4167 	EXP 	GratingPrueba: ori = 96.3799584746463
40.4167 	EXP 	GratingPrueba: sf = array([0.02866936, 0.02866936])
40.4167 	EXP 	unnamed GratingStim: mask = 'gauss'
40.4167 	EXP 	unnamed GratingStim: tex = 'sin'
40.4458 	EXP 	unnamed GratingStim: mask = 'gauss'
40.4785 	EXP 	unnamed GratingStim: mask = 'gauss'
40.5121 	EXP 	GratingPrueba: autoDraw = True
40.5121 	EXP 	unnamed GratingStim: mask = 'gauss'
40.5453 	EXP 	unnamed GratingStim: mask = 'gauss'
40.5782 	EXP 	unnamed GratingStim: mask = 'gauss'
40.6123 	EXP 	unnamed GratingStim: mask = 'gauss'
40.6456 	EXP 	unnamed GratingStim: mask = 'gauss'
40.6789 	EXP 	unnamed GratingStim: mask = 'gauss'
40.7126 	EXP 	unnamed GratingStim: mask = 'gauss'
40.7466 	EXP 	unnamed GratingStim: mask = 'gauss'
40.7792 	EXP 	unnamed GratingStim: mask = 'gauss'
40.8127 	EXP 	unnamed GratingStim: mask = 'gauss'
40.8469 	EXP 	unnamed GratingStim: mask = 'gauss'
40.8794 	EXP 	unnamed GratingStim: mask = 'gauss'
40.9121 	EXP 	unnamed GratingStim: mask = 'gauss'
40.9458 	EXP 	unnamed GratingStim: mask = 'gauss'
40.9794 	EXP 	unnamed GratingStim: mask = 'gauss'
41.0120 	EXP 	unnamed GratingStim: mask = 'gauss'
41.0454 	EXP 	unnamed GratingStim: mask = 'gauss'
41.0790 	EXP 	unnamed GratingStim: mask = 'gauss'
41.1123 	EXP 	unnamed GratingStim: mask = 'gauss'
41.1457 	EXP 	unnamed GratingStim: mask = 'gauss'
41.1790 	EXP 	unnamed GratingStim: mask = 'gauss'
41.2123 	EXP 	unnamed GratingStim: mask = 'gauss'
41.2467 	EXP 	unnamed GratingStim: mask = 'gauss'
41.2791 	EXP 	unnamed GratingStim: mask = 'gauss'
41.3122 	EXP 	unnamed GratingStim: mask = 'gauss'
41.3462 	EXP 	unnamed GratingStim: mask = 'gauss'
41.3791 	EXP 	unnamed GratingStim: mask = 'gauss'
41.4120 	EXP 	unnamed GratingStim: mask = 'gauss'
41.4459 	EXP 	unnamed GratingStim: mask = 'gauss'
41.4790 	EXP 	unnamed GratingStim: mask = 'gauss'
41.5125 	EXP 	unnamed GratingStim: mask = 'gauss'
41.5455 	EXP 	unnamed GratingStim: mask = 'gauss'
41.5791 	EXP 	unnamed GratingStim: mask = 'gauss'
41.6124 	EXP 	unnamed GratingStim: mask = 'gauss'
41.6456 	EXP 	unnamed GratingStim: mask = 'gauss'
41.6791 	EXP 	unnamed GratingStim: mask = 'gauss'
41.7125 	EXP 	unnamed GratingStim: mask = 'gauss'
41.7469 	EXP 	unnamed GratingStim: mask = 'gauss'
41.7794 	EXP 	unnamed GratingStim: mask = 'gauss'
41.8125 	EXP 	unnamed GratingStim: mask = 'gauss'
41.8456 	EXP 	unnamed GratingStim: mask = 'gauss'
41.8802 	EXP 	unnamed GratingStim: mask = 'gauss'
41.9129 	EXP 	unnamed GratingStim: mask = 'gauss'
41.9456 	EXP 	unnamed GratingStim: mask = 'gauss'
41.9791 	EXP 	unnamed GratingStim: mask = 'gauss'
42.0126 	EXP 	unnamed GratingStim: mask = 'gauss'
42.0459 	EXP 	unnamed GratingStim: mask = 'gauss'
42.0793 	EXP 	unnamed GratingStim: mask = 'gauss'
42.1125 	EXP 	unnamed GratingStim: mask = 'gauss'
42.1459 	EXP 	unnamed GratingStim: mask = 'gauss'
42.1792 	EXP 	unnamed GratingStim: mask = 'gauss'
42.2123 	EXP 	unnamed GratingStim: mask = 'gauss'
42.2460 	EXP 	unnamed GratingStim: mask = 'gauss'
42.2800 	EXP 	unnamed GratingStim: mask = 'gauss'
42.3126 	EXP 	unnamed GratingStim: mask = 'gauss'
42.3461 	EXP 	unnamed GratingStim: mask = 'gauss'
42.3792 	EXP 	unnamed GratingStim: mask = 'gauss'
42.4135 	EXP 	unnamed GratingStim: mask = 'gauss'
42.4459 	EXP 	unnamed GratingStim: mask = 'gauss'
42.4794 	EXP 	unnamed GratingStim: mask = 'gauss'
42.5127 	EXP 	unnamed GratingStim: mask = 'gauss'
42.5471 	EXP 	unnamed GratingStim: mask = 'gauss'
42.5794 	EXP 	unnamed GratingStim: mask = 'gauss'
42.6129 	EXP 	unnamed GratingStim: mask = 'gauss'
42.6459 	EXP 	unnamed GratingStim: mask = 'gauss'
42.6793 	EXP 	unnamed GratingStim: mask = 'gauss'
42.7126 	EXP 	unnamed GratingStim: mask = 'gauss'
42.7474 	EXP 	unnamed GratingStim: mask = 'gauss'
42.7797 	EXP 	unnamed GratingStim: mask = 'gauss'
42.8131 	EXP 	unnamed GratingStim: mask = 'gauss'
42.8460 	EXP 	unnamed GratingStim: mask = 'gauss'
42.8794 	EXP 	unnamed GratingStim: mask = 'gauss'
42.9131 	EXP 	unnamed GratingStim: mask = 'gauss'
42.9469 	EXP 	unnamed GratingStim: mask = 'gauss'
42.9796 	EXP 	unnamed GratingStim: mask = 'gauss'
43.0131 	EXP 	unnamed GratingStim: mask = 'gauss'
43.0462 	EXP 	unnamed GratingStim: mask = 'gauss'
43.0803 	EXP 	unnamed GratingStim: mask = 'gauss'
43.1129 	EXP 	unnamed GratingStim: mask = 'gauss'
43.1463 	EXP 	unnamed GratingStim: mask = 'gauss'
43.1796 	EXP 	unnamed GratingStim: mask = 'gauss'
43.2127 	EXP 	unnamed GratingStim: mask = 'gauss'
43.2464 	EXP 	unnamed GratingStim: mask = 'gauss'
43.2795 	EXP 	unnamed GratingStim: mask = 'gauss'
43.3130 	EXP 	unnamed GratingStim: mask = 'gauss'
43.3460 	EXP 	unnamed GratingStim: mask = 'gauss'
43.3797 	EXP 	unnamed GratingStim: mask = 'gauss'
43.4131 	EXP 	unnamed GratingStim: mask = 'gauss'
43.4464 	EXP 	unnamed GratingStim: mask = 'gauss'
43.4800 	EXP 	unnamed GratingStim: mask = 'gauss'
43.5129 	EXP 	GratingPrueba: autoDraw = False
43.5129 	EXP 	unnamed GratingStim: mask = 'gauss'
43.5464 	EXP 	unnamed GratingStim: mask = 'gauss'
43.5798 	EXP 	unnamed GratingStim: mask = 'gauss'
43.6118 	EXP 	GratingPrueba: autoDraw = False
43.6118 	EXP 	FeedbackPrueb: text = 'Segui intentando'
43.6118 	EXP 	FeedbackPrueb: autoDraw = True
44.5957 	EXP 	New trial (rep=0, index=6): {'Frecuencia': 5.71342981255569, 'Orientaciondecimal': 0.951064757265215, 'Categoria': 'B', 'Tecla': 'right', 'FrecuenciaEspacial': 0.02856714906277845, 'Orientacion': 95.1064757265215}
44.6059 	EXP 	Created unnamed GratingStim = GratingStim(__class__=<class 'psychopy.visual.grating.GratingStim'>, anchor='center', autoDraw=False, autoLog=True, blendmode='avg', color=array([1., 1., 1.]), colorSpace='rgb', contrast=1.0, depth=0, interpolate=False, mask='gauss', maskParams=None, name='unnamed GratingStim', opacity=1.0, ori=0.0, phase=array([0., 0.]), pos=array([0., 0.]), rgbPedestal=array([0., 0., 0.]), sf=array([1., 1.]), size=array([20., 20.]), tex='sin', texRes=128, units='deg', win=Window(...))
44.6264 	EXP 	FeedbackPrueb: autoDraw = False
44.6264 	EXP 	GratingPrueba: ori = 95.1064757265215
44.6264 	EXP 	GratingPrueba: sf = array([0.02856715, 0.02856715])
44.6264 	EXP 	unnamed GratingStim: mask = 'gauss'
44.6264 	EXP 	unnamed GratingStim: tex = 'sin'
44.6624 	EXP 	unnamed GratingStim: mask = 'gauss'
44.6955 	EXP 	unnamed GratingStim: mask = 'gauss'
44.7293 	EXP 	GratingPrueba: autoDraw = True
44.7293 	EXP 	unnamed GratingStim: mask = 'gauss'
44.7642 	EXP 	unnamed GratingStim: mask = 'gauss'
44.7958 	EXP 	unnamed GratingStim: mask = 'gauss'
44.8292 	EXP 	unnamed GratingStim: mask = 'gauss'
44.8627 	EXP 	unnamed GratingStim: mask = 'gauss'
44.8960 	EXP 	unnamed GratingStim: mask = 'gauss'
44.9297 	EXP 	unnamed GratingStim: mask = 'gauss'
44.9625 	EXP 	unnamed GratingStim: mask = 'gauss'
44.9961 	EXP 	unnamed GratingStim: mask = 'gauss'
45.0296 	EXP 	unnamed GratingStim: mask = 'gauss'
45.0633 	EXP 	unnamed GratingStim: mask = 'gauss'
45.0961 	EXP 	unnamed GratingStim: mask = 'gauss'
45.1296 	EXP 	unnamed GratingStim: mask = 'gauss'
45.1630 	EXP 	unnamed GratingStim: mask = 'gauss'
45.1964 	EXP 	unnamed GratingStim: mask = 'gauss'
45.2298 	EXP 	unnamed GratingStim: mask = 'gauss'
45.2631 	EXP 	unnamed GratingStim: mask = 'gauss'
45.2965 	EXP 	unnamed GratingStim: mask = 'gauss'
45.3293 	EXP 	unnamed GratingStim: mask = 'gauss'
45.3628 	EXP 	unnamed GratingStim: mask = 'gauss'
45.3964 	EXP 	unnamed GratingStim: mask = 'gauss'
45.4295 	EXP 	unnamed GratingStim: mask = 'gauss'
45.4629 	EXP 	unnamed GratingStim: mask = 'gauss'
45.4964 	EXP 	unnamed GratingStim: mask = 'gauss'
45.5297 	EXP 	unnamed GratingStim: mask = 'gauss'
45.5630 	EXP 	unnamed GratingStim: mask = 'gauss'
45.5971 	EXP 	unnamed GratingStim: mask = 'gauss'
45.6297 	EXP 	unnamed GratingStim: mask = 'gauss'
45.6628 	EXP 	unnamed GratingStim: mask = 'gauss'
45.6965 	EXP 	unnamed GratingStim: mask = 'gauss'
45.7299 	EXP 	unnamed GratingStim: mask = 'gauss'
45.7637 	EXP 	unnamed GratingStim: mask = 'gauss'
45.7966 	EXP 	unnamed GratingStim: mask = 'gauss'
45.8298 	EXP 	unnamed GratingStim: mask = 'gauss'
45.8631 	EXP 	unnamed GratingStim: mask = 'gauss'
45.8967 	EXP 	unnamed GratingStim: mask = 'gauss'
45.9299 	EXP 	unnamed GratingStim: mask = 'gauss'
45.9633 	EXP 	unnamed GratingStim: mask = 'gauss'
45.9968 	EXP 	unnamed GratingStim: mask = 'gauss'
46.0299 	EXP 	unnamed GratingStim: mask = 'gauss'
46.0634 	EXP 	unnamed GratingStim: mask = 'gauss'
46.0965 	EXP 	unnamed GratingStim: mask = 'gauss'
46.1303 	EXP 	unnamed GratingStim: mask = 'gauss'
46.1631 	EXP 	unnamed GratingStim: mask = 'gauss'
46.1965 	EXP 	unnamed GratingStim: mask = 'gauss'
46.2301 	EXP 	unnamed GratingStim: mask = 'gauss'
46.2634 	EXP 	unnamed GratingStim: mask = 'gauss'
46.2968 	EXP 	unnamed GratingStim: mask = 'gauss'
46.3301 	EXP 	unnamed GratingStim: mask = 'gauss'
46.3631 	EXP 	unnamed GratingStim: mask = 'gauss'
46.3964 	EXP 	unnamed GratingStim: mask = 'gauss'
46.4299 	EXP 	unnamed GratingStim: mask = 'gauss'
46.4636 	EXP 	unnamed GratingStim: mask = 'gauss'
46.4968 	EXP 	unnamed GratingStim: mask = 'gauss'
46.5302 	EXP 	unnamed GratingStim: mask = 'gauss'
46.5633 	EXP 	unnamed GratingStim: mask = 'gauss'
46.5968 	EXP 	unnamed GratingStim: mask = 'gauss'
46.6300 	EXP 	unnamed GratingStim: mask = 'gauss'
46.6635 	EXP 	unnamed GratingStim: mask = 'gauss'
46.6967 	EXP 	unnamed GratingStim: mask = 'gauss'
46.7299 	EXP 	unnamed GratingStim: mask = 'gauss'
46.7643 	EXP 	unnamed GratingStim: mask = 'gauss'
46.7969 	EXP 	unnamed GratingStim: mask = 'gauss'
46.8298 	EXP 	unnamed GratingStim: mask = 'gauss'
46.8637 	EXP 	unnamed GratingStim: mask = 'gauss'
46.8970 	EXP 	unnamed GratingStim: mask = 'gauss'
46.9302 	EXP 	unnamed GratingStim: mask = 'gauss'
46.9634 	EXP 	unnamed GratingStim: mask = 'gauss'
46.9973 	EXP 	unnamed GratingStim: mask = 'gauss'
47.0303 	EXP 	unnamed GratingStim: mask = 'gauss'
47.0638 	EXP 	unnamed GratingStim: mask = 'gauss'
47.0967 	EXP 	unnamed GratingStim: mask = 'gauss'
47.1304 	EXP 	unnamed GratingStim: mask = 'gauss'
47.1635 	EXP 	unnamed GratingStim: mask = 'gauss'
47.1972 	EXP 	unnamed GratingStim: mask = 'gauss'
47.2304 	EXP 	unnamed GratingStim: mask = 'gauss'
47.2635 	EXP 	unnamed GratingStim: mask = 'gauss'
47.2970 	EXP 	unnamed GratingStim: mask = 'gauss'
47.3304 	EXP 	unnamed GratingStim: mask = 'gauss'
47.3637 	EXP 	unnamed GratingStim: mask = 'gauss'
47.3971 	EXP 	unnamed GratingStim: mask = 'gauss'
47.4304 	EXP 	unnamed GratingStim: mask = 'gauss'
47.4639 	EXP 	unnamed GratingStim: mask = 'gauss'
47.4973 	EXP 	unnamed GratingStim: mask = 'gauss'
47.5300 	EXP 	unnamed GratingStim: mask = 'gauss'
47.5641 	EXP 	unnamed GratingStim: mask = 'gauss'
47.5972 	EXP 	unnamed GratingStim: mask = 'gauss'
47.6306 	EXP 	unnamed GratingStim: mask = 'gauss'
47.6638 	EXP 	unnamed GratingStim: mask = 'gauss'
47.6968 	EXP 	unnamed GratingStim: mask = 'gauss'
47.7301 	EXP 	GratingPrueba: autoDraw = False
47.7301 	EXP 	unnamed GratingStim: mask = 'gauss'
47.7639 	EXP 	unnamed GratingStim: mask = 'gauss'
47.7968 	EXP 	unnamed GratingStim: mask = 'gauss'
47.8291 	EXP 	GratingPrueba: autoDraw = False
47.8291 	EXP 	FeedbackPrueb: text = 'Segui intentando'
47.8291 	EXP 	FeedbackPrueb: autoDraw = True
48.7963 	EXP 	New trial (rep=0, index=7): {'Frecuencia': 6.14443638308499, 'Orientaciondecimal': 0.962063258139216, 'Categoria': 'A', 'Tecla': 'left', 'FrecuenciaEspacial': 0.030722181915424952, 'Orientacion': 96.2063258139216}
48.8014 	EXP 	Created unnamed GratingStim = GratingStim(__class__=<class 'psychopy.visual.grating.GratingStim'>, anchor='center', autoDraw=False, autoLog=True, blendmode='avg', color=array([1., 1., 1.]), colorSpace='rgb', contrast=1.0, depth=0, interpolate=False, mask='gauss', maskParams=None, name='unnamed GratingStim', opacity=1.0, ori=0.0, phase=array([0., 0.]), pos=array([0., 0.]), rgbPedestal=array([0., 0., 0.]), sf=array([1., 1.]), size=array([20., 20.]), tex='sin', texRes=128, units='deg', win=Window(...))
48.8191 	EXP 	FeedbackPrueb: autoDraw = False
48.8191 	EXP 	GratingPrueba: ori = 96.2063258139216
48.8191 	EXP 	GratingPrueba: sf = array([0.03072218, 0.03072218])
48.8191 	EXP 	unnamed GratingStim: mask = 'gauss'
48.8191 	EXP 	unnamed GratingStim: tex = 'sin'
48.8479 	EXP 	unnamed GratingStim: mask = 'gauss'
48.8805 	EXP 	unnamed GratingStim: mask = 'gauss'
48.9139 	EXP 	GratingPrueba: autoDraw = True
48.9139 	EXP 	unnamed GratingStim: mask = 'gauss'
48.9473 	EXP 	unnamed GratingStim: mask = 'gauss'
48.9808 	EXP 	unnamed GratingStim: mask = 'gauss'
49.0138 	EXP 	unnamed GratingStim: mask = 'gauss'
49.0476 	EXP 	unnamed GratingStim: mask = 'gauss'
49.0806 	EXP 	unnamed GratingStim: mask = 'gauss'
49.1141 	EXP 	unnamed GratingStim: mask = 'gauss'
49.1475 	EXP 	unnamed GratingStim: mask = 'gauss'
49.1808 	EXP 	unnamed GratingStim: mask = 'gauss'
49.2146 	EXP 	unnamed GratingStim: mask = 'gauss'
49.2478 	EXP 	unnamed GratingStim: mask = 'gauss'
49.2813 	EXP 	unnamed GratingStim: mask = 'gauss'
49.3143 	EXP 	unnamed GratingStim: mask = 'gauss'
49.3475 	EXP 	unnamed GratingStim: mask = 'gauss'
49.3810 	EXP 	unnamed GratingStim: mask = 'gauss'
49.4142 	EXP 	unnamed GratingStim: mask = 'gauss'
49.4474 	EXP 	unnamed GratingStim: mask = 'gauss'
49.4812 	EXP 	unnamed GratingStim: mask = 'gauss'
49.5144 	EXP 	unnamed GratingStim: mask = 'gauss'
49.5477 	EXP 	unnamed GratingStim: mask = 'gauss'
49.5812 	EXP 	unnamed GratingStim: mask = 'gauss'
49.6145 	EXP 	unnamed GratingStim: mask = 'gauss'
49.6477 	EXP 	unnamed GratingStim: mask = 'gauss'
49.6809 	EXP 	unnamed GratingStim: mask = 'gauss'
49.7144 	EXP 	unnamed GratingStim: mask = 'gauss'
49.7483 	EXP 	unnamed GratingStim: mask = 'gauss'
49.7494 	DATA 	Keypress: escape
49.7811 	EXP 	unnamed GratingStim: mask = 'gauss'
49.8147 	EXP 	unnamed GratingStim: mask = 'gauss'
49.8482 	EXP 	unnamed GratingStim: mask = 'gauss'
49.8816 	EXP 	unnamed GratingStim: mask = 'gauss'
50.6344 	EXP 	window1: mouseVisible = True
