1.5376 	WARNING 	We strongly recommend you activate the PTB sound engine in PsychoPy prefs as the preferred audio engine. Its timing is vastly superior. Your prefs are currently set to use ['sounddevice', 'PTB', 'pyo', 'pygame'] (in that order).
8.7998 	WARNING 	User requested fullscreen with size [1680 1050], but screen is actually [1920, 1080]. Using actual size
9.4453 	EXP 	Created window1 = Window(allowGUI=False, allowStencil=False, autoLog=True, backendConf=UNKNOWN, bitsMode=UNKNOWN, blendMode='avg', bpc=(8, 8, 8), color=array([0, 0, 0]), colorSpace='rgb', depthBits=8, fullscr=<method-wrapper '__getattribute__' of attributeSetter object at 0x0000029651F6FAC0>, gamma=None, gammaErrorPolicy='raise', lms=UNKNOWN, monitor=<psychopy.monitors.calibTools.Monitor object at 0x00000296543CDF70>, multiSample=False, name='window1', numSamples=2, pos=(0, 0), screen=0, size=array([1920, 1080]), stencilBits=0, stereo=False, units='deg', useFBO=True, useRetina=False, viewOri=0.0, viewPos=None, viewScale=None, waitBlanking=True, winType='pyglet')
9.4455 	EXP 	window1: mouseVisible = True
9.4456 	EXP 	window1: Attempting to measure frame rate of screen (0) ...
9.4456 	EXP 	window1: recordFrameIntervals = False
9.6121 	EXP 	window1: recordFrameIntervals = True
9.7956 	EXP 	Screen (0) actual frame rate measured at 59.88Hz
9.7956 	EXP 	window1: recordFrameIntervals = False
11.9833 	EXP 	Created Instrucciones1 = TextStim(__class__=<class 'psychopy.visual.text.TextStim'>, alignHoriz=method-wrapper(...), alignText='center', alignVert=method-wrapper(...), anchorHoriz='center', anchorVert='center', antialias=True, autoLog=True, bold=False, color=array([-1., -1., -1.]), colorSpace='rgb', contrast=1.0, depth=0.0, flipHoriz=False, flipVert=False, font='Open Sans', fontFiles=[], height=0.05, italic=False, languageStyle='LTR', name='Instrucciones1', opacity=1.0, ori=0.0, pos=array([0., 0.]), rgb=UNKNOWN, text=str(...), units='height', win=Window(...), wrapWidth=1)
11.9920 	EXP 	Created Instrucciones2 = TextStim(__class__=<class 'psychopy.visual.text.TextStim'>, alignHoriz=method-wrapper(...), alignText='center', alignVert=method-wrapper(...), anchorHoriz='center', anchorVert='center', antialias=True, autoLog=True, bold=False, color=array([-1., -1., -1.]), colorSpace='rgb', contrast=1.0, depth=-2.0, flipHoriz=False, flipVert=False, font='Open Sans', fontFiles=[], height=0.05, italic=False, languageStyle='LTR', name='Instrucciones2', opacity=1.0, ori=0.0, pos=array([0., 0.]), rgb=UNKNOWN, text=str(...), units='height', win=Window(...), wrapWidth=1)
12.0079 	EXP 	Created Instrucciones3 = TextStim(__class__=<class 'psychopy.visual.text.TextStim'>, alignHoriz=method-wrapper(...), alignText='center', alignVert=method-wrapper(...), anchorHoriz='center', anchorVert='center', antialias=True, autoLog=True, bold=False, color=array([-1., -1., -1.]), colorSpace='rgb', contrast=1.0, depth=-4.0, flipHoriz=False, flipVert=False, font='Arial', fontFiles=[], height=0.05, italic=False, languageStyle='LTR', name='Instrucciones3', opacity=1.0, ori=0.0, pos=array([0., 0.]), rgb=UNKNOWN, text=str(...), units='height', win=Window(...), wrapWidth=1)
12.0262 	EXP 	Created instrucciones4 = TextStim(__class__=<class 'psychopy.visual.text.TextStim'>, alignHoriz=method-wrapper(...), alignText='center', alignVert=method-wrapper(...), anchorHoriz='center', anchorVert='center', antialias=True, autoLog=True, bold=False, color=array([-1., -1., -1.]), colorSpace='rgb', contrast=1.0, depth=-6.0, flipHoriz=False, flipVert=False, font='Arial', fontFiles=[], height=0.05, italic=False, languageStyle='LTR', name='instrucciones4', opacity=1.0, ori=0.0, pos=array([0., 0.]), rgb=UNKNOWN, text=str(...), units='height', win=Window(...), wrapWidth=1)
12.0324 	EXP 	Created Instrucciones5 = TextStim(__class__=<class 'psychopy.visual.text.TextStim'>, alignHoriz=method-wrapper(...), alignText='center', alignVert=method-wrapper(...), anchorHoriz='center', anchorVert='center', antialias=True, autoLog=True, bold=False, color=array([1., 1., 1.]), colorSpace='rgb', contrast=1.0, depth=-8.0, flipHoriz=False, flipVert=False, font='Open Sans', fontFiles=[], height=0.05, italic=False, languageStyle='LTR', name='Instrucciones5', opacity=1.0, ori=0.0, pos=array([0., 0.]), rgb=UNKNOWN, text='¡Vamos a hacer uno de prueba!', units='height', win=Window(...), wrapWidth=1)
12.0377 	EXP 	Created GratingPrueba = GratingStim(__class__=<class 'psychopy.visual.grating.GratingStim'>, anchor='center', autoDraw=False, autoLog=True, blendmode='avg', color=array([1., 1., 1.]), colorSpace='rgb', contrast=1.0, depth=-1.0, interpolate=True, mask='gauss', maskParams=None, name='GratingPrueba', opacity=1.0, ori=1.0, phase=array([0., 0.]), pos=array([0., 0.]), rgbPedestal=array([0., 0., 0.]), sf=array([1., 1.]), size=array([200., 200.]), tex='sin', texRes=128, units='pix', win=Window(...))
12.0396 	EXP 	Created FeedbackPrueb = TextStim(__class__=<class 'psychopy.visual.text.TextStim'>, alignHoriz=method-wrapper(...), alignText='center', alignVert=method-wrapper(...), anchorHoriz='center', anchorVert='center', antialias=True, autoLog=True, bold=False, color=array([1., 1., 1.]), colorSpace='rgb', contrast=1.0, depth=-1.0, flipHoriz=False, flipVert=False, font='Open Sans', fontFiles=[], height=0.1, italic=False, languageStyle='LTR', name='FeedbackPrueb', opacity=1.0, ori=0.0, pos=array([0., 0.]), rgb=UNKNOWN, text='', units='height', win=Window(...), wrapWidth=1)
12.0554 	EXP 	Created ComienzoTexto = TextStim(__class__=<class 'psychopy.visual.text.TextStim'>, alignHoriz=method-wrapper(...), alignText='center', alignVert=method-wrapper(...), anchorHoriz='center', anchorVert='center', antialias=True, autoLog=True, bold=False, color=array([-1., -1., -1.]), colorSpace='rgb', contrast=1.0, depth=0.0, flipHoriz=False, flipVert=False, font='Open Sans', fontFiles=[], height=0.05, italic=False, languageStyle='LTR', name='ComienzoTexto', opacity=1.0, ori=0.0, pos=array([0., 0.]), rgb=UNKNOWN, text=str(...), units='height', win=Window(...), wrapWidth=1)
12.0591 	EXP 	Created grating2 = GratingStim(__class__=<class 'psychopy.visual.grating.GratingStim'>, anchor='center', autoDraw=False, autoLog=True, blendmode='avg', color=array([1., 1., 1.]), colorSpace='rgb', contrast=1.0, depth=0.0, interpolate=True, mask='circle', maskParams=None, name='grating2', opacity=1.0, ori=1.0, phase=array([0., 0.]), pos=array([0., 0.]), rgbPedestal=array([0., 0., 0.]), sf=array([1., 1.]), size=array([200., 200.]), tex='sin', texRes=128, units='pix', win=Window(...))
12.0602 	EXP 	Created feedback_2 = TextStim(__class__=<class 'psychopy.visual.text.TextStim'>, alignHoriz=method-wrapper(...), alignText='center', alignVert=method-wrapper(...), anchorHoriz='center', anchorVert='center', antialias=True, autoLog=True, bold=False, color=array([1., 1., 1.]), colorSpace='rgb', contrast=1.0, depth=-1.0, flipHoriz=False, flipVert=False, font='Open Sans', fontFiles=[], height=0.1, italic=False, languageStyle='LTR', name='feedback_2', opacity=1.0, ori=0.0, pos=array([0., 0.]), rgb=UNKNOWN, text='', units='height', win=Window(...), wrapWidth=1)
12.0756 	EXP 	Created Gracias = TextStim(__class__=<class 'psychopy.visual.text.TextStim'>, alignHoriz=method-wrapper(...), alignText='center', alignVert=method-wrapper(...), anchorHoriz='center', anchorVert='center', antialias=True, autoLog=True, bold=False, color=array([1., 1., 1.]), colorSpace='rgb', contrast=1.0, depth=0.0, flipHoriz=False, flipVert=False, font='Open Sans', fontFiles=[], height=0.1, italic=False, languageStyle='LTR', name='Gracias', opacity=1.0, ori=0.0, pos=array([0., 0.]), rgb=UNKNOWN, text='¡Muchas gracias por participar!', units='height', win=Window(...), wrapWidth=1)
12.0776 	EXP 	Created image = ImageStim(__class__=<class 'psychopy.visual.image.ImageStim'>, anchor=('center', 'center'), autoLog=True, color=array([1., 1., 1.]), colorSpace='rgb', contrast=1.0, depth=-1.0, flipHoriz=False, flipVert=False, image=None, interpolate=True, mask=None, maskParams=None, name='image', opacity=1.0, ori=0.0, pos=array([0., 0.]), size=array([0.5, 0.5]), texRes=128.0, units='deg', win=Window(...))
13.0808 	EXP 	Instrucciones1: autoDraw = True
14.5657 	DATA 	Keypress: space
14.5800 	EXP 	Instrucciones1: autoDraw = False
14.5800 	EXP 	Instrucciones2: autoDraw = True
14.9328 	DATA 	Keypress: space
15.1508 	DATA 	Keypress: space
15.1639 	EXP 	Instrucciones2: autoDraw = False
15.1639 	EXP 	Instrucciones3: autoDraw = True
15.4164 	DATA 	Keypress: space
15.6171 	DATA 	Keypress: space
15.6306 	EXP 	Instrucciones3: autoDraw = False
15.6306 	EXP 	instrucciones4: autoDraw = True
15.9494 	DATA 	Keypress: space
16.3007 	DATA 	Keypress: space
16.3144 	EXP 	instrucciones4: autoDraw = False
16.3144 	EXP 	Instrucciones5: autoDraw = True
16.4162 	DATA 	Keypress: space
16.8494 	DATA 	Keypress: space
17.1998 	DATA 	Keypress: space
17.6831 	DATA 	Keypress: space
18.4335 	DATA 	Keypress: space
19.9172 	DATA 	Keypress: space
20.3061 	EXP 	Imported ParametrosPRUEBAintinfoTraining.xlsx as conditions, 10 conditions, 6 params
20.3065 	EXP 	Created sequence: sequential, trialTypes=10, nReps=1, seed=None
20.3068 	EXP 	New trial (rep=0, index=0): {'Frecuencia': 6.12015737910944, 'Orientaciondecimal': 0.960355341119567, 'Categoria': 'A', 'Tecla': 'left', 'FrecuenciaEspacial': 0.030600786895547197, 'Orientacion': 96.0355341119567}
20.3122 	EXP 	Created unnamed GratingStim = GratingStim(__class__=<class 'psychopy.visual.grating.GratingStim'>, anchor='center', autoDraw=False, autoLog=True, blendmode='avg', color=array([1., 1., 1.]), colorSpace='rgb', contrast=1.0, depth=0, interpolate=False, mask='gauss', maskParams=None, name='unnamed GratingStim', opacity=1.0, ori=0.0, phase=array([0., 0.]), pos=array([0., 0.]), rgbPedestal=array([0., 0., 0.]), sf=array([1., 1.]), size=array([10., 10.]), tex='sin', texRes=128, units='deg', win=Window(...))
20.3267 	EXP 	Instrucciones5: autoDraw = False
20.3267 	EXP 	Instrucciones1: autoDraw = False
20.3267 	EXP 	Instrucciones2: autoDraw = False
20.3267 	EXP 	Instrucciones3: autoDraw = False
20.3267 	EXP 	instrucciones4: autoDraw = False
20.3267 	EXP 	Instrucciones5: autoDraw = False
20.3267 	EXP 	GratingPrueba: ori = 96.0355341119567
20.3267 	EXP 	GratingPrueba: sf = array([0.03060079, 0.03060079])
20.3267 	EXP 	unnamed GratingStim: mask = 'gauss'
20.3267 	EXP 	unnamed GratingStim: tex = 'sin'
20.3657 	EXP 	unnamed GratingStim: mask = 'gauss'
20.3991 	EXP 	unnamed GratingStim: mask = 'gauss'
20.4325 	EXP 	GratingPrueba: autoDraw = True
20.4325 	EXP 	unnamed GratingStim: mask = 'gauss'
20.4325 	EXP 	GratingPrueba: tex = 'sin'
20.4657 	EXP 	unnamed GratingStim: mask = 'gauss'
20.4990 	EXP 	unnamed GratingStim: mask = 'gauss'
20.5323 	EXP 	unnamed GratingStim: mask = 'gauss'
20.5656 	EXP 	unnamed GratingStim: mask = 'gauss'
20.5990 	EXP 	unnamed GratingStim: mask = 'gauss'
20.6324 	EXP 	unnamed GratingStim: mask = 'gauss'
20.6659 	EXP 	unnamed GratingStim: mask = 'gauss'
20.6989 	EXP 	unnamed GratingStim: mask = 'gauss'
20.7325 	EXP 	unnamed GratingStim: mask = 'gauss'
20.7661 	EXP 	unnamed GratingStim: mask = 'gauss'
20.7991 	EXP 	unnamed GratingStim: mask = 'gauss'
20.8326 	EXP 	unnamed GratingStim: mask = 'gauss'
20.8658 	EXP 	unnamed GratingStim: mask = 'gauss'
20.8996 	EXP 	unnamed GratingStim: mask = 'gauss'
20.9328 	EXP 	unnamed GratingStim: mask = 'gauss'
20.9660 	EXP 	unnamed GratingStim: mask = 'gauss'
20.9994 	EXP 	unnamed GratingStim: mask = 'gauss'
21.0327 	EXP 	unnamed GratingStim: mask = 'gauss'
21.0659 	EXP 	unnamed GratingStim: mask = 'gauss'
21.0991 	EXP 	unnamed GratingStim: mask = 'gauss'
21.1326 	EXP 	unnamed GratingStim: mask = 'gauss'
21.1659 	EXP 	unnamed GratingStim: mask = 'gauss'
21.1993 	EXP 	unnamed GratingStim: mask = 'gauss'
21.2328 	EXP 	unnamed GratingStim: mask = 'gauss'
21.2659 	EXP 	unnamed GratingStim: mask = 'gauss'
21.2993 	EXP 	unnamed GratingStim: mask = 'gauss'
21.3327 	EXP 	unnamed GratingStim: mask = 'gauss'
21.3660 	EXP 	unnamed GratingStim: mask = 'gauss'
21.4005 	EXP 	unnamed GratingStim: mask = 'gauss'
21.4328 	EXP 	unnamed GratingStim: mask = 'gauss'
21.4661 	EXP 	unnamed GratingStim: mask = 'gauss'
21.4991 	EXP 	unnamed GratingStim: mask = 'gauss'
21.5328 	EXP 	unnamed GratingStim: mask = 'gauss'
21.5660 	EXP 	unnamed GratingStim: mask = 'gauss'
21.5995 	EXP 	unnamed GratingStim: mask = 'gauss'
21.6325 	EXP 	unnamed GratingStim: mask = 'gauss'
21.6661 	EXP 	unnamed GratingStim: mask = 'gauss'
21.6995 	EXP 	unnamed GratingStim: mask = 'gauss'
21.7330 	EXP 	unnamed GratingStim: mask = 'gauss'
21.7539 	DATA 	Mouse: Left button down, pos=(976,456)
21.7665 	EXP 	unnamed GratingStim: mask = 'gauss'
21.8000 	EXP 	unnamed GratingStim: mask = 'gauss'
21.8330 	EXP 	unnamed GratingStim: mask = 'gauss'
21.8661 	EXP 	unnamed GratingStim: mask = 'gauss'
21.8671 	DATA 	Mouse:  Left button up, pos=(976,456)
21.8994 	EXP 	unnamed GratingStim: mask = 'gauss'
21.9328 	EXP 	unnamed GratingStim: mask = 'gauss'
21.9663 	EXP 	unnamed GratingStim: mask = 'gauss'
21.9995 	EXP 	unnamed GratingStim: mask = 'gauss'
22.0329 	EXP 	unnamed GratingStim: mask = 'gauss'
22.0661 	EXP 	unnamed GratingStim: mask = 'gauss'
22.0994 	EXP 	unnamed GratingStim: mask = 'gauss'
22.1329 	EXP 	unnamed GratingStim: mask = 'gauss'
22.1663 	EXP 	unnamed GratingStim: mask = 'gauss'
22.1994 	EXP 	unnamed GratingStim: mask = 'gauss'
22.2330 	EXP 	unnamed GratingStim: mask = 'gauss'
22.2664 	EXP 	unnamed GratingStim: mask = 'gauss'
22.2997 	EXP 	unnamed GratingStim: mask = 'gauss'
22.3328 	EXP 	unnamed GratingStim: mask = 'gauss'
22.3665 	EXP 	unnamed GratingStim: mask = 'gauss'
22.3997 	EXP 	unnamed GratingStim: mask = 'gauss'
22.4331 	EXP 	unnamed GratingStim: mask = 'gauss'
22.4662 	EXP 	unnamed GratingStim: mask = 'gauss'
22.4999 	EXP 	unnamed GratingStim: mask = 'gauss'
22.5332 	EXP 	unnamed GratingStim: mask = 'gauss'
22.5666 	EXP 	unnamed GratingStim: mask = 'gauss'
22.5996 	EXP 	unnamed GratingStim: mask = 'gauss'
22.6330 	EXP 	unnamed GratingStim: mask = 'gauss'
22.6663 	EXP 	unnamed GratingStim: mask = 'gauss'
22.6999 	EXP 	unnamed GratingStim: mask = 'gauss'
22.7331 	EXP 	unnamed GratingStim: mask = 'gauss'
22.7664 	EXP 	unnamed GratingStim: mask = 'gauss'
22.7999 	EXP 	unnamed GratingStim: mask = 'gauss'
22.8331 	EXP 	unnamed GratingStim: mask = 'gauss'
22.8664 	EXP 	unnamed GratingStim: mask = 'gauss'
22.9000 	EXP 	unnamed GratingStim: mask = 'gauss'
22.9332 	EXP 	unnamed GratingStim: mask = 'gauss'
22.9664 	EXP 	unnamed GratingStim: mask = 'gauss'
22.9999 	EXP 	unnamed GratingStim: mask = 'gauss'
23.0333 	EXP 	unnamed GratingStim: mask = 'gauss'
23.0665 	EXP 	unnamed GratingStim: mask = 'gauss'
23.1000 	EXP 	unnamed GratingStim: mask = 'gauss'
23.1332 	EXP 	unnamed GratingStim: mask = 'gauss'
23.1666 	EXP 	unnamed GratingStim: mask = 'gauss'
23.1999 	EXP 	unnamed GratingStim: mask = 'gauss'
23.2335 	EXP 	unnamed GratingStim: mask = 'gauss'
23.2667 	EXP 	unnamed GratingStim: mask = 'gauss'
23.3000 	EXP 	unnamed GratingStim: mask = 'gauss'
23.3333 	EXP 	unnamed GratingStim: mask = 'gauss'
23.3667 	EXP 	unnamed GratingStim: mask = 'gauss'
23.4000 	EXP 	unnamed GratingStim: mask = 'gauss'
23.4336 	EXP 	GratingPrueba: autoDraw = False
23.4336 	EXP 	unnamed GratingStim: mask = 'gauss'
23.4667 	EXP 	unnamed GratingStim: mask = 'gauss'
23.5001 	EXP 	unnamed GratingStim: mask = 'gauss'
23.5366 	EXP 	GratingPrueba: autoDraw = False
23.5366 	EXP 	FeedbackPrueb: height = 0.1
23.5366 	EXP 	FeedbackPrueb: height = 0.1
23.5366 	EXP 	FeedbackPrueb: text = 'Segui intentando'
23.5366 	EXP 	FeedbackPrueb: autoDraw = True
24.5011 	EXP 	New trial (rep=0, index=1): {'Frecuencia': 5.80474231627537, 'Orientaciondecimal': 0.973560272222272, 'Categoria': 'B', 'Tecla': 'right', 'FrecuenciaEspacial': 0.029023711581376854, 'Orientacion': 97.3560272222272}
24.5056 	EXP 	Created unnamed GratingStim = GratingStim(__class__=<class 'psychopy.visual.grating.GratingStim'>, anchor='center', autoDraw=False, autoLog=True, blendmode='avg', color=array([1., 1., 1.]), colorSpace='rgb', contrast=1.0, depth=0, interpolate=False, mask='gauss', maskParams=None, name='unnamed GratingStim', opacity=1.0, ori=0.0, phase=array([0., 0.]), pos=array([0., 0.]), rgbPedestal=array([0., 0., 0.]), sf=array([1., 1.]), size=array([10., 10.]), tex='sin', texRes=128, units='deg', win=Window(...))
24.5206 	EXP 	FeedbackPrueb: autoDraw = False
24.5206 	EXP 	GratingPrueba: ori = 97.3560272222272
24.5206 	EXP 	GratingPrueba: sf = array([0.02902371, 0.02902371])
24.5206 	EXP 	unnamed GratingStim: mask = 'gauss'
24.5206 	EXP 	unnamed GratingStim: tex = 'sin'
24.5501 	EXP 	unnamed GratingStim: mask = 'gauss'
24.5836 	EXP 	unnamed GratingStim: mask = 'gauss'
24.6172 	EXP 	GratingPrueba: autoDraw = True
24.6172 	EXP 	unnamed GratingStim: mask = 'gauss'
24.6504 	EXP 	unnamed GratingStim: mask = 'gauss'
24.6845 	EXP 	unnamed GratingStim: mask = 'gauss'
24.7168 	EXP 	unnamed GratingStim: mask = 'gauss'
24.7512 	EXP 	unnamed GratingStim: mask = 'gauss'
24.7836 	EXP 	unnamed GratingStim: mask = 'gauss'
24.8171 	EXP 	unnamed GratingStim: mask = 'gauss'
24.8514 	EXP 	unnamed GratingStim: mask = 'gauss'
24.8843 	EXP 	unnamed GratingStim: mask = 'gauss'
24.9169 	EXP 	unnamed GratingStim: mask = 'gauss'
24.9512 	EXP 	unnamed GratingStim: mask = 'gauss'
24.9838 	EXP 	unnamed GratingStim: mask = 'gauss'
25.0169 	EXP 	unnamed GratingStim: mask = 'gauss'
25.0505 	EXP 	unnamed GratingStim: mask = 'gauss'
25.0841 	EXP 	unnamed GratingStim: mask = 'gauss'
25.1176 	EXP 	unnamed GratingStim: mask = 'gauss'
25.1506 	EXP 	unnamed GratingStim: mask = 'gauss'
25.1838 	EXP 	unnamed GratingStim: mask = 'gauss'
25.2173 	EXP 	unnamed GratingStim: mask = 'gauss'
25.2505 	EXP 	unnamed GratingStim: mask = 'gauss'
25.2837 	EXP 	unnamed GratingStim: mask = 'gauss'
25.3173 	EXP 	unnamed GratingStim: mask = 'gauss'
25.3506 	EXP 	unnamed GratingStim: mask = 'gauss'
25.3839 	EXP 	unnamed GratingStim: mask = 'gauss'
25.4171 	EXP 	unnamed GratingStim: mask = 'gauss'
25.4506 	EXP 	unnamed GratingStim: mask = 'gauss'
25.4839 	EXP 	unnamed GratingStim: mask = 'gauss'
25.5174 	EXP 	unnamed GratingStim: mask = 'gauss'
25.5506 	EXP 	unnamed GratingStim: mask = 'gauss'
25.5843 	EXP 	unnamed GratingStim: mask = 'gauss'
25.6172 	EXP 	unnamed GratingStim: mask = 'gauss'
25.6506 	EXP 	unnamed GratingStim: mask = 'gauss'
25.6840 	EXP 	unnamed GratingStim: mask = 'gauss'
25.7174 	EXP 	unnamed GratingStim: mask = 'gauss'
25.7508 	EXP 	unnamed GratingStim: mask = 'gauss'
25.7840 	EXP 	unnamed GratingStim: mask = 'gauss'
25.8173 	EXP 	unnamed GratingStim: mask = 'gauss'
25.8508 	EXP 	unnamed GratingStim: mask = 'gauss'
25.8843 	EXP 	unnamed GratingStim: mask = 'gauss'
25.9175 	EXP 	unnamed GratingStim: mask = 'gauss'
25.9510 	EXP 	unnamed GratingStim: mask = 'gauss'
25.9841 	EXP 	unnamed GratingStim: mask = 'gauss'
26.0176 	EXP 	unnamed GratingStim: mask = 'gauss'
26.0509 	EXP 	unnamed GratingStim: mask = 'gauss'
26.0841 	EXP 	unnamed GratingStim: mask = 'gauss'
26.1175 	EXP 	unnamed GratingStim: mask = 'gauss'
26.1510 	EXP 	unnamed GratingStim: mask = 'gauss'
26.1843 	EXP 	unnamed GratingStim: mask = 'gauss'
26.2174 	EXP 	unnamed GratingStim: mask = 'gauss'
26.2509 	EXP 	unnamed GratingStim: mask = 'gauss'
26.2843 	EXP 	unnamed GratingStim: mask = 'gauss'
26.3177 	EXP 	unnamed GratingStim: mask = 'gauss'
26.3509 	EXP 	unnamed GratingStim: mask = 'gauss'
26.3845 	EXP 	unnamed GratingStim: mask = 'gauss'
26.4175 	EXP 	unnamed GratingStim: mask = 'gauss'
26.4509 	EXP 	unnamed GratingStim: mask = 'gauss'
26.4843 	EXP 	unnamed GratingStim: mask = 'gauss'
26.5179 	EXP 	unnamed GratingStim: mask = 'gauss'
26.5510 	EXP 	unnamed GratingStim: mask = 'gauss'
26.5844 	EXP 	unnamed GratingStim: mask = 'gauss'
26.6177 	EXP 	unnamed GratingStim: mask = 'gauss'
26.6525 	EXP 	unnamed GratingStim: mask = 'gauss'
26.6842 	EXP 	unnamed GratingStim: mask = 'gauss'
26.7177 	EXP 	unnamed GratingStim: mask = 'gauss'
26.7514 	EXP 	unnamed GratingStim: mask = 'gauss'
26.7845 	EXP 	unnamed GratingStim: mask = 'gauss'
26.8180 	EXP 	unnamed GratingStim: mask = 'gauss'
26.8512 	EXP 	unnamed GratingStim: mask = 'gauss'
26.8847 	EXP 	unnamed GratingStim: mask = 'gauss'
26.9179 	EXP 	unnamed GratingStim: mask = 'gauss'
26.9511 	EXP 	unnamed GratingStim: mask = 'gauss'
26.9845 	EXP 	unnamed GratingStim: mask = 'gauss'
27.0179 	EXP 	unnamed GratingStim: mask = 'gauss'
27.0509 	EXP 	unnamed GratingStim: mask = 'gauss'
27.0847 	EXP 	unnamed GratingStim: mask = 'gauss'
27.1179 	EXP 	unnamed GratingStim: mask = 'gauss'
27.1512 	EXP 	unnamed GratingStim: mask = 'gauss'
27.1848 	EXP 	unnamed GratingStim: mask = 'gauss'
27.2179 	EXP 	unnamed GratingStim: mask = 'gauss'
27.2512 	EXP 	unnamed GratingStim: mask = 'gauss'
27.2845 	EXP 	unnamed GratingStim: mask = 'gauss'
27.3178 	EXP 	unnamed GratingStim: mask = 'gauss'
27.3514 	EXP 	unnamed GratingStim: mask = 'gauss'
27.3854 	EXP 	unnamed GratingStim: mask = 'gauss'
27.4178 	EXP 	unnamed GratingStim: mask = 'gauss'
27.4513 	EXP 	unnamed GratingStim: mask = 'gauss'
27.4845 	EXP 	unnamed GratingStim: mask = 'gauss'
27.5177 	EXP 	unnamed GratingStim: mask = 'gauss'
27.5514 	EXP 	unnamed GratingStim: mask = 'gauss'
27.5845 	EXP 	unnamed GratingStim: mask = 'gauss'
27.6182 	EXP 	GratingPrueba: autoDraw = False
27.6182 	EXP 	unnamed GratingStim: mask = 'gauss'
27.6522 	EXP 	unnamed GratingStim: mask = 'gauss'
27.6849 	EXP 	unnamed GratingStim: mask = 'gauss'
27.7179 	EXP 	GratingPrueba: autoDraw = False
27.7179 	EXP 	FeedbackPrueb: text = 'Segui intentando'
27.7179 	EXP 	FeedbackPrueb: autoDraw = True
28.7020 	EXP 	New trial (rep=0, index=2): {'Frecuencia': 5.72673654075559, 'Orientaciondecimal': 0.957490584769043, 'Categoria': 'B', 'Tecla': 'right', 'FrecuenciaEspacial': 0.028633682703777953, 'Orientacion': 95.74905847690431}
28.7064 	EXP 	Created unnamed GratingStim = GratingStim(__class__=<class 'psychopy.visual.grating.GratingStim'>, anchor='center', autoDraw=False, autoLog=True, blendmode='avg', color=array([1., 1., 1.]), colorSpace='rgb', contrast=1.0, depth=0, interpolate=False, mask='gauss', maskParams=None, name='unnamed GratingStim', opacity=1.0, ori=0.0, phase=array([0., 0.]), pos=array([0., 0.]), rgbPedestal=array([0., 0., 0.]), sf=array([1., 1.]), size=array([10., 10.]), tex='sin', texRes=128, units='deg', win=Window(...))
28.7221 	EXP 	FeedbackPrueb: autoDraw = False
28.7221 	EXP 	GratingPrueba: ori = 95.74905847690431
28.7221 	EXP 	GratingPrueba: sf = array([0.02863368, 0.02863368])
28.7221 	EXP 	unnamed GratingStim: mask = 'gauss'
28.7221 	EXP 	unnamed GratingStim: tex = 'sin'
28.7517 	EXP 	unnamed GratingStim: mask = 'gauss'
28.7850 	EXP 	unnamed GratingStim: mask = 'gauss'
28.8183 	EXP 	GratingPrueba: autoDraw = True
28.8183 	EXP 	unnamed GratingStim: mask = 'gauss'
28.8518 	EXP 	unnamed GratingStim: mask = 'gauss'
28.8856 	EXP 	unnamed GratingStim: mask = 'gauss'
28.9184 	EXP 	unnamed GratingStim: mask = 'gauss'
28.9517 	EXP 	unnamed GratingStim: mask = 'gauss'
28.9851 	EXP 	unnamed GratingStim: mask = 'gauss'
29.0185 	EXP 	unnamed GratingStim: mask = 'gauss'
29.0519 	EXP 	unnamed GratingStim: mask = 'gauss'
29.0850 	EXP 	unnamed GratingStim: mask = 'gauss'
29.1186 	EXP 	unnamed GratingStim: mask = 'gauss'
29.1517 	EXP 	unnamed GratingStim: mask = 'gauss'
29.1852 	EXP 	unnamed GratingStim: mask = 'gauss'
29.2186 	EXP 	unnamed GratingStim: mask = 'gauss'
29.2518 	EXP 	unnamed GratingStim: mask = 'gauss'
29.2853 	EXP 	unnamed GratingStim: mask = 'gauss'
29.3184 	EXP 	unnamed GratingStim: mask = 'gauss'
29.3520 	EXP 	unnamed GratingStim: mask = 'gauss'
29.3851 	EXP 	unnamed GratingStim: mask = 'gauss'
29.4188 	EXP 	unnamed GratingStim: mask = 'gauss'
29.4519 	EXP 	unnamed GratingStim: mask = 'gauss'
29.4854 	EXP 	unnamed GratingStim: mask = 'gauss'
29.5187 	EXP 	unnamed GratingStim: mask = 'gauss'
29.5518 	EXP 	unnamed GratingStim: mask = 'gauss'
29.5851 	EXP 	unnamed GratingStim: mask = 'gauss'
29.6186 	EXP 	unnamed GratingStim: mask = 'gauss'
29.6523 	EXP 	unnamed GratingStim: mask = 'gauss'
29.6854 	EXP 	unnamed GratingStim: mask = 'gauss'
29.7187 	EXP 	unnamed GratingStim: mask = 'gauss'
29.7519 	EXP 	unnamed GratingStim: mask = 'gauss'
29.7855 	EXP 	unnamed GratingStim: mask = 'gauss'
29.8187 	EXP 	unnamed GratingStim: mask = 'gauss'
29.8522 	EXP 	unnamed GratingStim: mask = 'gauss'
29.8860 	EXP 	unnamed GratingStim: mask = 'gauss'
29.9187 	EXP 	unnamed GratingStim: mask = 'gauss'
29.9521 	EXP 	unnamed GratingStim: mask = 'gauss'
29.9853 	EXP 	unnamed GratingStim: mask = 'gauss'
30.0187 	EXP 	unnamed GratingStim: mask = 'gauss'
30.0521 	EXP 	unnamed GratingStim: mask = 'gauss'
30.0854 	EXP 	unnamed GratingStim: mask = 'gauss'
30.1187 	EXP 	unnamed GratingStim: mask = 'gauss'
30.1520 	EXP 	unnamed GratingStim: mask = 'gauss'
30.1854 	EXP 	unnamed GratingStim: mask = 'gauss'
30.2188 	EXP 	unnamed GratingStim: mask = 'gauss'
30.2525 	EXP 	unnamed GratingStim: mask = 'gauss'
30.2856 	EXP 	unnamed GratingStim: mask = 'gauss'
30.3188 	EXP 	unnamed GratingStim: mask = 'gauss'
30.3521 	EXP 	unnamed GratingStim: mask = 'gauss'
30.3855 	EXP 	unnamed GratingStim: mask = 'gauss'
30.4189 	EXP 	unnamed GratingStim: mask = 'gauss'
30.4523 	EXP 	unnamed GratingStim: mask = 'gauss'
30.4858 	EXP 	unnamed GratingStim: mask = 'gauss'
30.5189 	EXP 	unnamed GratingStim: mask = 'gauss'
30.5520 	EXP 	unnamed GratingStim: mask = 'gauss'
30.5855 	EXP 	unnamed GratingStim: mask = 'gauss'
30.6191 	EXP 	unnamed GratingStim: mask = 'gauss'
30.6529 	EXP 	unnamed GratingStim: mask = 'gauss'
30.6857 	EXP 	unnamed GratingStim: mask = 'gauss'
30.7191 	EXP 	unnamed GratingStim: mask = 'gauss'
30.7525 	EXP 	unnamed GratingStim: mask = 'gauss'
30.7856 	EXP 	unnamed GratingStim: mask = 'gauss'
30.8190 	EXP 	unnamed GratingStim: mask = 'gauss'
30.8523 	EXP 	unnamed GratingStim: mask = 'gauss'
30.8864 	EXP 	unnamed GratingStim: mask = 'gauss'
30.9191 	EXP 	unnamed GratingStim: mask = 'gauss'
30.9524 	EXP 	unnamed GratingStim: mask = 'gauss'
30.9855 	EXP 	unnamed GratingStim: mask = 'gauss'
31.0189 	EXP 	unnamed GratingStim: mask = 'gauss'
31.0524 	EXP 	unnamed GratingStim: mask = 'gauss'
31.0858 	EXP 	unnamed GratingStim: mask = 'gauss'
31.1192 	EXP 	unnamed GratingStim: mask = 'gauss'
31.1523 	EXP 	unnamed GratingStim: mask = 'gauss'
31.1857 	EXP 	unnamed GratingStim: mask = 'gauss'
31.2193 	EXP 	unnamed GratingStim: mask = 'gauss'
31.2524 	EXP 	unnamed GratingStim: mask = 'gauss'
31.2858 	EXP 	unnamed GratingStim: mask = 'gauss'
31.3193 	EXP 	unnamed GratingStim: mask = 'gauss'
31.3527 	EXP 	unnamed GratingStim: mask = 'gauss'
31.3857 	EXP 	unnamed GratingStim: mask = 'gauss'
31.4190 	EXP 	unnamed GratingStim: mask = 'gauss'
31.4527 	EXP 	unnamed GratingStim: mask = 'gauss'
31.4859 	EXP 	unnamed GratingStim: mask = 'gauss'
31.5194 	EXP 	unnamed GratingStim: mask = 'gauss'
31.5526 	EXP 	unnamed GratingStim: mask = 'gauss'
31.5859 	EXP 	unnamed GratingStim: mask = 'gauss'
31.6193 	EXP 	unnamed GratingStim: mask = 'gauss'
31.6528 	EXP 	unnamed GratingStim: mask = 'gauss'
31.6860 	EXP 	unnamed GratingStim: mask = 'gauss'
31.7194 	EXP 	unnamed GratingStim: mask = 'gauss'
31.7526 	EXP 	unnamed GratingStim: mask = 'gauss'
31.7861 	EXP 	unnamed GratingStim: mask = 'gauss'
31.8193 	EXP 	GratingPrueba: autoDraw = False
31.8193 	EXP 	unnamed GratingStim: mask = 'gauss'
31.8526 	EXP 	unnamed GratingStim: mask = 'gauss'
31.8861 	EXP 	unnamed GratingStim: mask = 'gauss'
31.9193 	EXP 	GratingPrueba: autoDraw = False
31.9193 	EXP 	FeedbackPrueb: text = 'Segui intentando'
31.9193 	EXP 	FeedbackPrueb: autoDraw = True
32.7710 	DATA 	Keypress: escape
33.5497 	EXP 	window1: mouseVisible = True
