1.5285 	WARNING 	We strongly recommend you activate the PTB sound engine in PsychoPy prefs as the preferred audio engine. Its timing is vastly superior. Your prefs are currently set to use ['sounddevice', 'PTB', 'pyo', 'pygame'] (in that order).
9.4333 	WARNING 	User requested fullscreen with size [1680 1050], but screen is actually [1920, 1080]. Using actual size
10.0823 	EXP 	Created window1 = Window(allowGUI=False, allowStencil=False, autoLog=True, backendConf=UNKNOWN, bitsMode=UNKNOWN, blendMode='avg', bpc=(8, 8, 8), color=array([0, 0, 0]), colorSpace='rgb', depthBits=8, fullscr=<method-wrapper '__getattribute__' of attributeSetter object at 0x000001E452180AC0>, gamma=None, gammaErrorPolicy='raise', lms=UNKNOWN, monitor=<psychopy.monitors.calibTools.Monitor object at 0x000001E454397DC0>, multiSample=False, name='window1', numSamples=2, pos=(0, 0), screen=0, size=array([1920, 1080]), stencilBits=0, stereo=False, units='deg', useFBO=True, useRetina=False, viewOri=0.0, viewPos=None, viewScale=None, waitBlanking=True, winType='pyglet')
10.0825 	EXP 	window1: mouseVisible = True
10.0826 	EXP 	window1: Attempting to measure frame rate of screen (0) ...
10.0826 	EXP 	window1: recordFrameIntervals = False
10.2485 	EXP 	window1: recordFrameIntervals = True
10.4322 	EXP 	Screen (0) actual frame rate measured at 59.92Hz
10.4322 	EXP 	window1: recordFrameIntervals = False
12.6188 	EXP 	Created Instrucciones1 = TextStim(__class__=<class 'psychopy.visual.text.TextStim'>, alignHoriz=method-wrapper(...), alignText='center', alignVert=method-wrapper(...), anchorHoriz='center', anchorVert='center', antialias=True, autoLog=True, bold=False, color=array([-1., -1., -1.]), colorSpace='rgb', contrast=1.0, depth=0.0, flipHoriz=False, flipVert=False, font='Open Sans', fontFiles=[], height=0.05, italic=False, languageStyle='LTR', name='Instrucciones1', opacity=1.0, ori=0.0, pos=array([0., 0.]), rgb=UNKNOWN, text=str(...), units='height', win=Window(...), wrapWidth=1)
12.6277 	EXP 	Created Instrucciones2 = TextStim(__class__=<class 'psychopy.visual.text.TextStim'>, alignHoriz=method-wrapper(...), alignText='center', alignVert=method-wrapper(...), anchorHoriz='center', anchorVert='center', antialias=True, autoLog=True, bold=False, color=array([-1., -1., -1.]), colorSpace='rgb', contrast=1.0, depth=-2.0, flipHoriz=False, flipVert=False, font='Open Sans', fontFiles=[], height=0.05, italic=False, languageStyle='LTR', name='Instrucciones2', opacity=1.0, ori=0.0, pos=array([0., 0.]), rgb=UNKNOWN, text=str(...), units='height', win=Window(...), wrapWidth=1)
12.6442 	EXP 	Created Instrucciones3 = TextStim(__class__=<class 'psychopy.visual.text.TextStim'>, alignHoriz=method-wrapper(...), alignText='center', alignVert=method-wrapper(...), anchorHoriz='center', anchorVert='center', antialias=True, autoLog=True, bold=False, color=array([-1., -1., -1.]), colorSpace='rgb', contrast=1.0, depth=-4.0, flipHoriz=False, flipVert=False, font='Arial', fontFiles=[], height=0.05, italic=False, languageStyle='LTR', name='Instrucciones3', opacity=1.0, ori=0.0, pos=array([0., 0.]), rgb=UNKNOWN, text=str(...), units='height', win=Window(...), wrapWidth=1)
12.6625 	EXP 	Created instrucciones4 = TextStim(__class__=<class 'psychopy.visual.text.TextStim'>, alignHoriz=method-wrapper(...), alignText='center', alignVert=method-wrapper(...), anchorHoriz='center', anchorVert='center', antialias=True, autoLog=True, bold=False, color=array([-1., -1., -1.]), colorSpace='rgb', contrast=1.0, depth=-6.0, flipHoriz=False, flipVert=False, font='Arial', fontFiles=[], height=0.05, italic=False, languageStyle='LTR', name='instrucciones4', opacity=1.0, ori=0.0, pos=array([0., 0.]), rgb=UNKNOWN, text=str(...), units='height', win=Window(...), wrapWidth=1)
12.6694 	EXP 	Created Instrucciones5 = TextStim(__class__=<class 'psychopy.visual.text.TextStim'>, alignHoriz=method-wrapper(...), alignText='center', alignVert=method-wrapper(...), anchorHoriz='center', anchorVert='center', antialias=True, autoLog=True, bold=False, color=array([1., 1., 1.]), colorSpace='rgb', contrast=1.0, depth=-8.0, flipHoriz=False, flipVert=False, font='Open Sans', fontFiles=[], height=0.05, italic=False, languageStyle='LTR', name='Instrucciones5', opacity=1.0, ori=0.0, pos=array([0., 0.]), rgb=UNKNOWN, text='¡Vamos a hacer uno de prueba!', units='height', win=Window(...), wrapWidth=1)
12.6742 	EXP 	Created GratingPrueba = GratingStim(__class__=<class 'psychopy.visual.grating.GratingStim'>, anchor='center', autoDraw=False, autoLog=True, blendmode='avg', color=array([1., 1., 1.]), colorSpace='rgb', contrast=1.0, depth=-1.0, interpolate=True, mask='gauss', maskParams=None, name='GratingPrueba', opacity=1.0, ori=1.0, phase=array([0., 0.]), pos=array([0., 0.]), rgbPedestal=array([0., 0., 0.]), sf=array([1., 1.]), size=array([200., 200.]), tex='sin', texRes=128, units='pix', win=Window(...))
12.6761 	EXP 	Created FeedbackPrueb = TextStim(__class__=<class 'psychopy.visual.text.TextStim'>, alignHoriz=method-wrapper(...), alignText='center', alignVert=method-wrapper(...), anchorHoriz='center', anchorVert='center', antialias=True, autoLog=True, bold=False, color=array([1., 1., 1.]), colorSpace='rgb', contrast=1.0, depth=-1.0, flipHoriz=False, flipVert=False, font='Open Sans', fontFiles=[], height=0.1, italic=False, languageStyle='LTR', name='FeedbackPrueb', opacity=1.0, ori=0.0, pos=array([0., 0.]), rgb=UNKNOWN, text='', units='height', win=Window(...), wrapWidth=1)
12.6926 	EXP 	Created ComienzoTexto = TextStim(__class__=<class 'psychopy.visual.text.TextStim'>, alignHoriz=method-wrapper(...), alignText='center', alignVert=method-wrapper(...), anchorHoriz='center', anchorVert='center', antialias=True, autoLog=True, bold=False, color=array([-1., -1., -1.]), colorSpace='rgb', contrast=1.0, depth=0.0, flipHoriz=False, flipVert=False, font='Open Sans', fontFiles=[], height=0.05, italic=False, languageStyle='LTR', name='ComienzoTexto', opacity=1.0, ori=0.0, pos=array([0., 0.]), rgb=UNKNOWN, text=str(...), units='height', win=Window(...), wrapWidth=1)
12.6962 	EXP 	Created grating2 = GratingStim(__class__=<class 'psychopy.visual.grating.GratingStim'>, anchor='center', autoDraw=False, autoLog=True, blendmode='avg', color=array([1., 1., 1.]), colorSpace='rgb', contrast=1.0, depth=0.0, interpolate=True, mask='circle', maskParams=None, name='grating2', opacity=1.0, ori=1.0, phase=array([0., 0.]), pos=array([0., 0.]), rgbPedestal=array([0., 0., 0.]), sf=array([1., 1.]), size=array([200., 200.]), tex='sin', texRes=128, units='pix', win=Window(...))
12.6973 	EXP 	Created feedback_2 = TextStim(__class__=<class 'psychopy.visual.text.TextStim'>, alignHoriz=method-wrapper(...), alignText='center', alignVert=method-wrapper(...), anchorHoriz='center', anchorVert='center', antialias=True, autoLog=True, bold=False, color=array([1., 1., 1.]), colorSpace='rgb', contrast=1.0, depth=-1.0, flipHoriz=False, flipVert=False, font='Open Sans', fontFiles=[], height=0.1, italic=False, languageStyle='LTR', name='feedback_2', opacity=1.0, ori=0.0, pos=array([0., 0.]), rgb=UNKNOWN, text='', units='height', win=Window(...), wrapWidth=1)
12.7128 	EXP 	Created Gracias = TextStim(__class__=<class 'psychopy.visual.text.TextStim'>, alignHoriz=method-wrapper(...), alignText='center', alignVert=method-wrapper(...), anchorHoriz='center', anchorVert='center', antialias=True, autoLog=True, bold=False, color=array([1., 1., 1.]), colorSpace='rgb', contrast=1.0, depth=0.0, flipHoriz=False, flipVert=False, font='Open Sans', fontFiles=[], height=0.1, italic=False, languageStyle='LTR', name='Gracias', opacity=1.0, ori=0.0, pos=array([0., 0.]), rgb=UNKNOWN, text='¡Muchas gracias por participar!', units='height', win=Window(...), wrapWidth=1)
12.7148 	EXP 	Created image = ImageStim(__class__=<class 'psychopy.visual.image.ImageStim'>, anchor=('center', 'center'), autoLog=True, color=array([1., 1., 1.]), colorSpace='rgb', contrast=1.0, depth=-1.0, flipHoriz=False, flipVert=False, image=None, interpolate=True, mask=None, maskParams=None, name='image', opacity=1.0, ori=0.0, pos=array([0., 0.]), size=array([0.5, 0.5]), texRes=128.0, units='deg', win=Window(...))
13.7166 	EXP 	Instrucciones1: autoDraw = True
15.1031 	DATA 	Keypress: space
15.1168 	EXP 	Instrucciones1: autoDraw = False
15.1168 	EXP 	Instrucciones2: autoDraw = True
15.4355 	DATA 	Keypress: space
15.6532 	DATA 	Keypress: space
15.6672 	EXP 	Instrucciones2: autoDraw = False
15.6672 	EXP 	Instrucciones3: autoDraw = True
15.8524 	DATA 	Keypress: space
16.1699 	DATA 	Keypress: space
16.1839 	EXP 	Instrucciones3: autoDraw = False
16.1839 	EXP 	instrucciones4: autoDraw = True
16.5693 	DATA 	Keypress: space
16.9040 	DATA 	Keypress: space
16.9176 	EXP 	instrucciones4: autoDraw = False
16.9176 	EXP 	Instrucciones5: autoDraw = True
17.5193 	DATA 	Keypress: space
17.9545 	DATA 	Keypress: space
20.9109 	EXP 	Imported ParametrosPRUEBAintinfoTraining.xlsx as conditions, 10 conditions, 6 params
20.9115 	EXP 	Created sequence: sequential, trialTypes=10, nReps=1, seed=None
20.9118 	EXP 	New trial (rep=0, index=0): {'Frecuencia': 6.12015737910944, 'Orientaciondecimal': 0.960355341119567, 'Categoria': 'A', 'Tecla': 'left', 'FrecuenciaEspacial': 0.030600786895547197, 'Orientacion': 96.0355341119567}
20.9173 	EXP 	Created unnamed GratingStim = GratingStim(__class__=<class 'psychopy.visual.grating.GratingStim'>, anchor='center', autoDraw=False, autoLog=True, blendmode='avg', color=array([1., 1., 1.]), colorSpace='rgb', contrast=1.0, depth=0, interpolate=False, mask='gauss', maskParams=None, name='unnamed GratingStim', opacity=1.0, ori=0.0, phase=array([0., 0.]), pos=array([0., 0.]), rgbPedestal=array([0., 0., 0.]), sf=array([1., 1.]), size=array([10., 10.]), tex='sin', texRes=128, units='deg', win=Window(...))
20.9226 	DATA 	Keypress: space
20.9314 	EXP 	Instrucciones5: autoDraw = False
20.9314 	EXP 	Instrucciones1: autoDraw = False
20.9314 	EXP 	Instrucciones2: autoDraw = False
20.9314 	EXP 	Instrucciones3: autoDraw = False
20.9314 	EXP 	instrucciones4: autoDraw = False
20.9314 	EXP 	Instrucciones5: autoDraw = False
20.9314 	EXP 	GratingPrueba: ori = 96.0355341119567
20.9314 	EXP 	GratingPrueba: sf = array([0.03060079, 0.03060079])
20.9314 	EXP 	unnamed GratingStim: mask = 'gauss'
20.9314 	EXP 	unnamed GratingStim: tex = 'sin'
20.9680 	EXP 	unnamed GratingStim: mask = 'gauss'
21.0016 	EXP 	unnamed GratingStim: mask = 'gauss'
21.0349 	EXP 	GratingPrueba: autoDraw = True
21.0349 	EXP 	unnamed GratingStim: mask = 'gauss'
21.0349 	EXP 	GratingPrueba: tex = 'sin'
21.0684 	EXP 	unnamed GratingStim: mask = 'gauss'
21.1016 	EXP 	unnamed GratingStim: mask = 'gauss'
21.1350 	EXP 	unnamed GratingStim: mask = 'gauss'
21.1681 	EXP 	unnamed GratingStim: mask = 'gauss'
21.2017 	EXP 	unnamed GratingStim: mask = 'gauss'
21.2351 	EXP 	unnamed GratingStim: mask = 'gauss'
21.2684 	EXP 	unnamed GratingStim: mask = 'gauss'
21.3018 	EXP 	unnamed GratingStim: mask = 'gauss'
21.3349 	EXP 	unnamed GratingStim: mask = 'gauss'
21.3683 	EXP 	unnamed GratingStim: mask = 'gauss'
21.4014 	EXP 	unnamed GratingStim: mask = 'gauss'
21.4350 	EXP 	unnamed GratingStim: mask = 'gauss'
21.4684 	EXP 	unnamed GratingStim: mask = 'gauss'
21.5018 	EXP 	unnamed GratingStim: mask = 'gauss'
21.5351 	EXP 	unnamed GratingStim: mask = 'gauss'
21.5684 	EXP 	unnamed GratingStim: mask = 'gauss'
21.6018 	EXP 	unnamed GratingStim: mask = 'gauss'
21.6350 	EXP 	unnamed GratingStim: mask = 'gauss'
21.6686 	EXP 	unnamed GratingStim: mask = 'gauss'
21.7017 	EXP 	unnamed GratingStim: mask = 'gauss'
21.7353 	EXP 	unnamed GratingStim: mask = 'gauss'
21.7683 	EXP 	unnamed GratingStim: mask = 'gauss'
21.8014 	EXP 	unnamed GratingStim: mask = 'gauss'
21.8351 	EXP 	unnamed GratingStim: mask = 'gauss'
21.8684 	EXP 	unnamed GratingStim: mask = 'gauss'
21.9020 	EXP 	unnamed GratingStim: mask = 'gauss'
21.9352 	EXP 	unnamed GratingStim: mask = 'gauss'
21.9686 	EXP 	unnamed GratingStim: mask = 'gauss'
22.0019 	EXP 	unnamed GratingStim: mask = 'gauss'
22.0350 	EXP 	unnamed GratingStim: mask = 'gauss'
22.0688 	EXP 	unnamed GratingStim: mask = 'gauss'
22.1017 	EXP 	unnamed GratingStim: mask = 'gauss'
22.1351 	EXP 	unnamed GratingStim: mask = 'gauss'
22.1684 	EXP 	unnamed GratingStim: mask = 'gauss'
22.2020 	EXP 	unnamed GratingStim: mask = 'gauss'
22.2354 	EXP 	unnamed GratingStim: mask = 'gauss'
22.2684 	EXP 	unnamed GratingStim: mask = 'gauss'
22.3021 	EXP 	unnamed GratingStim: mask = 'gauss'
22.3354 	EXP 	unnamed GratingStim: mask = 'gauss'
22.3686 	EXP 	unnamed GratingStim: mask = 'gauss'
22.4020 	EXP 	unnamed GratingStim: mask = 'gauss'
22.4355 	EXP 	unnamed GratingStim: mask = 'gauss'
22.4687 	EXP 	unnamed GratingStim: mask = 'gauss'
22.5019 	EXP 	unnamed GratingStim: mask = 'gauss'
22.5353 	EXP 	unnamed GratingStim: mask = 'gauss'
22.5689 	EXP 	unnamed GratingStim: mask = 'gauss'
22.6020 	EXP 	unnamed GratingStim: mask = 'gauss'
22.6355 	EXP 	unnamed GratingStim: mask = 'gauss'
22.6686 	EXP 	unnamed GratingStim: mask = 'gauss'
22.7022 	EXP 	unnamed GratingStim: mask = 'gauss'
22.7356 	EXP 	unnamed GratingStim: mask = 'gauss'
22.7686 	EXP 	unnamed GratingStim: mask = 'gauss'
22.8021 	EXP 	unnamed GratingStim: mask = 'gauss'
22.8356 	EXP 	unnamed GratingStim: mask = 'gauss'
22.8689 	EXP 	unnamed GratingStim: mask = 'gauss'
22.9021 	EXP 	unnamed GratingStim: mask = 'gauss'
22.9358 	EXP 	unnamed GratingStim: mask = 'gauss'
22.9689 	EXP 	unnamed GratingStim: mask = 'gauss'
23.0023 	EXP 	unnamed GratingStim: mask = 'gauss'
23.0362 	EXP 	unnamed GratingStim: mask = 'gauss'
23.0694 	EXP 	unnamed GratingStim: mask = 'gauss'
23.1028 	EXP 	unnamed GratingStim: mask = 'gauss'
23.1361 	EXP 	unnamed GratingStim: mask = 'gauss'
23.1693 	EXP 	unnamed GratingStim: mask = 'gauss'
23.2028 	EXP 	unnamed GratingStim: mask = 'gauss'
23.2367 	EXP 	unnamed GratingStim: mask = 'gauss'
23.2696 	EXP 	unnamed GratingStim: mask = 'gauss'
23.3027 	EXP 	unnamed GratingStim: mask = 'gauss'
23.3366 	EXP 	unnamed GratingStim: mask = 'gauss'
23.3696 	EXP 	unnamed GratingStim: mask = 'gauss'
23.4028 	EXP 	unnamed GratingStim: mask = 'gauss'
23.4362 	EXP 	unnamed GratingStim: mask = 'gauss'
23.4697 	EXP 	unnamed GratingStim: mask = 'gauss'
23.5029 	EXP 	unnamed GratingStim: mask = 'gauss'
23.5362 	EXP 	unnamed GratingStim: mask = 'gauss'
23.5694 	EXP 	unnamed GratingStim: mask = 'gauss'
23.6030 	EXP 	unnamed GratingStim: mask = 'gauss'
23.6364 	EXP 	unnamed GratingStim: mask = 'gauss'
23.6699 	EXP 	unnamed GratingStim: mask = 'gauss'
23.7030 	EXP 	unnamed GratingStim: mask = 'gauss'
23.7364 	EXP 	unnamed GratingStim: mask = 'gauss'
23.7701 	EXP 	unnamed GratingStim: mask = 'gauss'
23.8043 	EXP 	unnamed GratingStim: mask = 'gauss'
23.8361 	EXP 	unnamed GratingStim: mask = 'gauss'
23.8697 	EXP 	unnamed GratingStim: mask = 'gauss'
23.9035 	EXP 	unnamed GratingStim: mask = 'gauss'
23.9368 	EXP 	unnamed GratingStim: mask = 'gauss'
23.9700 	EXP 	unnamed GratingStim: mask = 'gauss'
24.0041 	EXP 	unnamed GratingStim: mask = 'gauss'
24.0367 	EXP 	GratingPrueba: autoDraw = False
24.0367 	EXP 	unnamed GratingStim: mask = 'gauss'
24.0694 	EXP 	unnamed GratingStim: mask = 'gauss'
24.1032 	EXP 	unnamed GratingStim: mask = 'gauss'
24.1397 	EXP 	GratingPrueba: autoDraw = False
24.1397 	EXP 	FeedbackPrueb: height = 0.1
24.1397 	EXP 	FeedbackPrueb: height = 0.1
24.1397 	EXP 	FeedbackPrueb: text = 'Segui intentando'
24.1397 	EXP 	FeedbackPrueb: autoDraw = True
25.1041 	EXP 	New trial (rep=0, index=1): {'Frecuencia': 5.80474231627537, 'Orientaciondecimal': 0.973560272222272, 'Categoria': 'B', 'Tecla': 'right', 'FrecuenciaEspacial': 0.029023711581376854, 'Orientacion': 97.3560272222272}
25.1086 	EXP 	Created unnamed GratingStim = GratingStim(__class__=<class 'psychopy.visual.grating.GratingStim'>, anchor='center', autoDraw=False, autoLog=True, blendmode='avg', color=array([1., 1., 1.]), colorSpace='rgb', contrast=1.0, depth=0, interpolate=False, mask='gauss', maskParams=None, name='unnamed GratingStim', opacity=1.0, ori=0.0, phase=array([0., 0.]), pos=array([0., 0.]), rgbPedestal=array([0., 0., 0.]), sf=array([1., 1.]), size=array([10., 10.]), tex='sin', texRes=128, units='deg', win=Window(...))
25.1233 	EXP 	FeedbackPrueb: autoDraw = False
25.1233 	EXP 	GratingPrueba: ori = 97.3560272222272
25.1233 	EXP 	GratingPrueba: sf = array([0.02902371, 0.02902371])
25.1233 	EXP 	unnamed GratingStim: mask = 'gauss'
25.1233 	EXP 	unnamed GratingStim: tex = 'sin'
25.1534 	EXP 	unnamed GratingStim: mask = 'gauss'
25.1870 	EXP 	unnamed GratingStim: mask = 'gauss'
25.2203 	EXP 	GratingPrueba: autoDraw = True
25.2203 	EXP 	unnamed GratingStim: mask = 'gauss'
25.2536 	EXP 	unnamed GratingStim: mask = 'gauss'
25.2868 	EXP 	unnamed GratingStim: mask = 'gauss'
25.3200 	EXP 	unnamed GratingStim: mask = 'gauss'
25.3537 	EXP 	unnamed GratingStim: mask = 'gauss'
25.3869 	EXP 	unnamed GratingStim: mask = 'gauss'
25.4200 	EXP 	unnamed GratingStim: mask = 'gauss'
25.4536 	EXP 	unnamed GratingStim: mask = 'gauss'
25.4868 	EXP 	unnamed GratingStim: mask = 'gauss'
25.5201 	EXP 	unnamed GratingStim: mask = 'gauss'
25.5537 	EXP 	unnamed GratingStim: mask = 'gauss'
25.5870 	EXP 	unnamed GratingStim: mask = 'gauss'
25.6203 	EXP 	unnamed GratingStim: mask = 'gauss'
25.6537 	EXP 	unnamed GratingStim: mask = 'gauss'
25.6871 	EXP 	unnamed GratingStim: mask = 'gauss'
25.7201 	EXP 	unnamed GratingStim: mask = 'gauss'
25.7537 	EXP 	unnamed GratingStim: mask = 'gauss'
25.7548 	DATA 	Keypress: escape
25.7871 	EXP 	unnamed GratingStim: mask = 'gauss'
25.8208 	EXP 	unnamed GratingStim: mask = 'gauss'
25.8536 	EXP 	unnamed GratingStim: mask = 'gauss'
26.1655 	EXP 	window1: mouseVisible = True
