1.6076 	WARNING 	We strongly recommend you activate the PTB sound engine in PsychoPy prefs as the preferred audio engine. Its timing is vastly superior. Your prefs are currently set to use ['sounddevice', 'PTB', 'pyo', 'pygame'] (in that order).
8.3457 	WARNING 	User requested fullscreen with size [1680 1050], but screen is actually [1920, 1080]. Using actual size
8.9769 	EXP 	Created window1 = Window(allowGUI=False, allowStencil=False, autoLog=True, backendConf=UNKNOWN, bitsMode=UNKNOWN, blendMode='avg', bpc=(8, 8, 8), color=array([0, 0, 0]), colorSpace='rgb', depthBits=8, fullscr=<method-wrapper '__getattribute__' of attributeSetter object at 0x00000299E18A8AF0>, gamma=None, gammaErrorPolicy='raise', lms=UNKNOWN, monitor=<psychopy.monitors.calibTools.Monitor object at 0x00000299E1EB1760>, multiSample=False, name='window1', numSamples=2, pos=(0, 0), screen=0, size=array([1920, 1080]), stencilBits=0, stereo=False, units='deg', useFBO=True, useRetina=False, viewOri=0.0, viewPos=None, viewScale=None, waitBlanking=True, winType='pyglet')
8.9772 	EXP 	window1: mouseVisible = True
8.9773 	EXP 	window1: Attempting to measure frame rate of screen (0) ...
8.9773 	EXP 	window1: recordFrameIntervals = False
9.1436 	EXP 	window1: recordFrameIntervals = True
9.3274 	EXP 	Screen (0) actual frame rate measured at 59.76Hz
9.3275 	EXP 	window1: recordFrameIntervals = False
11.5454 	EXP 	Created Instrucciones1 = TextStim(__class__=<class 'psychopy.visual.text.TextStim'>, alignHoriz=method-wrapper(...), alignText='center', alignVert=method-wrapper(...), anchorHoriz='center', anchorVert='center', antialias=True, autoLog=True, bold=False, color=array([-1., -1., -1.]), colorSpace='rgb', contrast=1.0, depth=0.0, flipHoriz=False, flipVert=False, font='Open Sans', fontFiles=[], height=0.05, italic=False, languageStyle='LTR', name='Instrucciones1', opacity=1.0, ori=0.0, pos=array([0., 0.]), rgb=UNKNOWN, text=str(...), units='height', win=Window(...), wrapWidth=1)
11.5537 	EXP 	Created Instrucciones2 = TextStim(__class__=<class 'psychopy.visual.text.TextStim'>, alignHoriz=method-wrapper(...), alignText='center', alignVert=method-wrapper(...), anchorHoriz='center', anchorVert='center', antialias=True, autoLog=True, bold=False, color=array([-1., -1., -1.]), colorSpace='rgb', contrast=1.0, depth=-2.0, flipHoriz=False, flipVert=False, font='Open Sans', fontFiles=[], height=0.05, italic=False, languageStyle='LTR', name='Instrucciones2', opacity=1.0, ori=0.0, pos=array([0., 0.]), rgb=UNKNOWN, text=str(...), units='height', win=Window(...), wrapWidth=1)
11.5693 	EXP 	Created Instrucciones3 = TextStim(__class__=<class 'psychopy.visual.text.TextStim'>, alignHoriz=method-wrapper(...), alignText='center', alignVert=method-wrapper(...), anchorHoriz='center', anchorVert='center', antialias=True, autoLog=True, bold=False, color=array([-1., -1., -1.]), colorSpace='rgb', contrast=1.0, depth=-4.0, flipHoriz=False, flipVert=False, font='Arial', fontFiles=[], height=0.05, italic=False, languageStyle='LTR', name='Instrucciones3', opacity=1.0, ori=0.0, pos=array([0., 0.]), rgb=UNKNOWN, text=str(...), units='height', win=Window(...), wrapWidth=1)
11.5872 	EXP 	Created instrucciones4 = TextStim(__class__=<class 'psychopy.visual.text.TextStim'>, alignHoriz=method-wrapper(...), alignText='center', alignVert=method-wrapper(...), anchorHoriz='center', anchorVert='center', antialias=True, autoLog=True, bold=False, color=array([-1., -1., -1.]), colorSpace='rgb', contrast=1.0, depth=-6.0, flipHoriz=False, flipVert=False, font='Arial', fontFiles=[], height=0.05, italic=False, languageStyle='LTR', name='instrucciones4', opacity=1.0, ori=0.0, pos=array([0., 0.]), rgb=UNKNOWN, text=str(...), units='height', win=Window(...), wrapWidth=1)
11.5933 	EXP 	Created Instrucciones5 = TextStim(__class__=<class 'psychopy.visual.text.TextStim'>, alignHoriz=method-wrapper(...), alignText='center', alignVert=method-wrapper(...), anchorHoriz='center', anchorVert='center', antialias=True, autoLog=True, bold=False, color=array([1., 1., 1.]), colorSpace='rgb', contrast=1.0, depth=-8.0, flipHoriz=False, flipVert=False, font='Open Sans', fontFiles=[], height=0.05, italic=False, languageStyle='LTR', name='Instrucciones5', opacity=1.0, ori=0.0, pos=array([0., 0.]), rgb=UNKNOWN, text='¡Vamos a hacer uno de prueba!', units='height', win=Window(...), wrapWidth=1)
11.5998 	EXP 	Created GratingPrueba = GratingStim(__class__=<class 'psychopy.visual.grating.GratingStim'>, anchor='center', autoDraw=False, autoLog=True, blendmode='avg', color=array([1., 1., 1.]), colorSpace='rgb', contrast=1.0, depth=-1.0, interpolate=True, mask='gauss', maskParams=None, name='GratingPrueba', opacity=1.0, ori=1.0, phase=array([0., 0.]), pos=array([0., 0.]), rgbPedestal=array([0., 0., 0.]), sf=array([1., 1.]), size=array([200., 200.]), tex='sin', texRes=128, units='pix', win=Window(...))
11.6021 	EXP 	Created FeedbackPrueb = TextStim(__class__=<class 'psychopy.visual.text.TextStim'>, alignHoriz=method-wrapper(...), alignText='center', alignVert=method-wrapper(...), anchorHoriz='center', anchorVert='center', antialias=True, autoLog=True, bold=False, color=array([1., 1., 1.]), colorSpace='rgb', contrast=1.0, depth=-1.0, flipHoriz=False, flipVert=False, font='Open Sans', fontFiles=[], height=0.1, italic=False, languageStyle='LTR', name='FeedbackPrueb', opacity=1.0, ori=0.0, pos=array([0., 0.]), rgb=UNKNOWN, text='', units='height', win=Window(...), wrapWidth=1)
11.6191 	EXP 	Created ComienzoTexto = TextStim(__class__=<class 'psychopy.visual.text.TextStim'>, alignHoriz=method-wrapper(...), alignText='center', alignVert=method-wrapper(...), anchorHoriz='center', anchorVert='center', antialias=True, autoLog=True, bold=False, color=array([-1., -1., -1.]), colorSpace='rgb', contrast=1.0, depth=0.0, flipHoriz=False, flipVert=False, font='Open Sans', fontFiles=[], height=0.05, italic=False, languageStyle='LTR', name='ComienzoTexto', opacity=1.0, ori=0.0, pos=array([0., 0.]), rgb=UNKNOWN, text=str(...), units='height', win=Window(...), wrapWidth=1)
11.6226 	EXP 	Created grating2 = GratingStim(__class__=<class 'psychopy.visual.grating.GratingStim'>, anchor='center', autoDraw=False, autoLog=True, blendmode='avg', color=array([1., 1., 1.]), colorSpace='rgb', contrast=1.0, depth=0.0, interpolate=True, mask='circle', maskParams=None, name='grating2', opacity=1.0, ori=1.0, phase=array([0., 0.]), pos=array([0., 0.]), rgbPedestal=array([0., 0., 0.]), sf=array([1., 1.]), size=array([200., 200.]), tex='sin', texRes=128, units='pix', win=Window(...))
11.6238 	EXP 	Created feedback_2 = TextStim(__class__=<class 'psychopy.visual.text.TextStim'>, alignHoriz=method-wrapper(...), alignText='center', alignVert=method-wrapper(...), anchorHoriz='center', anchorVert='center', antialias=True, autoLog=True, bold=False, color=array([1., 1., 1.]), colorSpace='rgb', contrast=1.0, depth=-1.0, flipHoriz=False, flipVert=False, font='Open Sans', fontFiles=[], height=0.1, italic=False, languageStyle='LTR', name='feedback_2', opacity=1.0, ori=0.0, pos=array([0., 0.]), rgb=UNKNOWN, text='', units='height', win=Window(...), wrapWidth=1)
11.6388 	EXP 	Created Gracias = TextStim(__class__=<class 'psychopy.visual.text.TextStim'>, alignHoriz=method-wrapper(...), alignText='center', alignVert=method-wrapper(...), anchorHoriz='center', anchorVert='center', antialias=True, autoLog=True, bold=False, color=array([1., 1., 1.]), colorSpace='rgb', contrast=1.0, depth=0.0, flipHoriz=False, flipVert=False, font='Open Sans', fontFiles=[], height=0.1, italic=False, languageStyle='LTR', name='Gracias', opacity=1.0, ori=0.0, pos=array([0., 0.]), rgb=UNKNOWN, text='¡Muchas gracias por participar!', units='height', win=Window(...), wrapWidth=1)
11.6407 	EXP 	Created image = ImageStim(__class__=<class 'psychopy.visual.image.ImageStim'>, anchor=('center', 'center'), autoLog=True, color=array([1., 1., 1.]), colorSpace='rgb', contrast=1.0, depth=-1.0, flipHoriz=False, flipVert=False, image=None, interpolate=True, mask=None, maskParams=None, name='image', opacity=1.0, ori=0.0, pos=array([0., 0.]), size=array([0.5, 0.5]), texRes=128.0, units='deg', win=Window(...))
12.6445 	EXP 	Instrucciones1: autoDraw = True
14.0642 	DATA 	Keypress: space
14.0780 	EXP 	Instrucciones1: autoDraw = False
14.0780 	EXP 	Instrucciones2: autoDraw = True
14.3633 	DATA 	Keypress: space
14.6299 	DATA 	Keypress: space
14.6612 	EXP 	Instrucciones2: autoDraw = False
14.6612 	EXP 	Instrucciones3: autoDraw = True
15.0473 	DATA 	Keypress: space
15.3818 	DATA 	Keypress: space
15.3950 	EXP 	Instrucciones3: autoDraw = False
15.3950 	EXP 	instrucciones4: autoDraw = True
15.7307 	DATA 	Keypress: space
15.9829 	DATA 	Keypress: space
15.9958 	EXP 	instrucciones4: autoDraw = False
15.9958 	EXP 	Instrucciones5: autoDraw = True
16.2139 	DATA 	Keypress: space
16.5637 	DATA 	Keypress: space
17.2307 	DATA 	Keypress: space
19.2977 	DATA 	Keypress: space
19.9867 	EXP 	Imported ParametrosPRUEBAintinfoTraining.xlsx as conditions, 10 conditions, 6 params
19.9871 	EXP 	Created sequence: sequential, trialTypes=10, nReps=1, seed=None
19.9874 	EXP 	New trial (rep=0, index=0): {'Frecuencia': 6.12015737910944, 'Orientaciondecimal': 0.960355341119567, 'Categoria': 'A', 'Tecla': 'left', 'FrecuenciaEspacial': 0.030600786895547197, 'Orientacion': 96.0355341119567}
19.9980 	EXP 	Instrucciones5: autoDraw = False
19.9980 	EXP 	Instrucciones1: autoDraw = False
19.9980 	EXP 	Instrucciones2: autoDraw = False
19.9980 	EXP 	Instrucciones3: autoDraw = False
19.9980 	EXP 	instrucciones4: autoDraw = False
19.9980 	EXP 	Instrucciones5: autoDraw = False
19.9980 	EXP 	GratingPrueba: ori = 96.0355341119567
19.9980 	EXP 	GratingPrueba: sf = array([0.03060079, 0.03060079])
20.0797 	EXP 	GratingPrueba: autoDraw = True
20.0797 	EXP 	GratingPrueba: tex = 'sin'
21.2201 	DATA 	Keypress: left
21.2304 	EXP 	GratingPrueba: autoDraw = False
21.2304 	EXP 	FeedbackPrueb: height = 0.1
21.2304 	EXP 	FeedbackPrueb: height = 0.1
21.2304 	EXP 	FeedbackPrueb: text = 'Correcto'
21.2304 	EXP 	FeedbackPrueb: autoDraw = True
22.2147 	EXP 	New trial (rep=0, index=1): {'Frecuencia': 5.80474231627537, 'Orientaciondecimal': 0.973560272222272, 'Categoria': 'B', 'Tecla': 'right', 'FrecuenciaEspacial': 0.029023711581376854, 'Orientacion': 97.3560272222272}
22.2304 	EXP 	FeedbackPrueb: autoDraw = False
22.2304 	EXP 	FeedbackPrueb: autoDraw = False
22.2304 	EXP 	GratingPrueba: ori = 97.3560272222272
22.2304 	EXP 	GratingPrueba: sf = array([0.02902371, 0.02902371])
22.3137 	EXP 	GratingPrueba: autoDraw = True
23.8001 	DATA 	Keypress: right
23.8145 	EXP 	GratingPrueba: autoDraw = False
23.8145 	EXP 	FeedbackPrueb: text = 'Correcto'
23.8145 	EXP 	FeedbackPrueb: autoDraw = True
24.7986 	EXP 	New trial (rep=0, index=2): {'Frecuencia': 5.72673654075559, 'Orientaciondecimal': 0.957490584769043, 'Categoria': 'B', 'Tecla': 'right', 'FrecuenciaEspacial': 0.028633682703777953, 'Orientacion': 95.74905847690431}
24.8149 	EXP 	FeedbackPrueb: autoDraw = False
24.8149 	EXP 	FeedbackPrueb: autoDraw = False
24.8149 	EXP 	GratingPrueba: ori = 95.74905847690431
24.8149 	EXP 	GratingPrueba: sf = array([0.02863368, 0.02863368])
24.8985 	EXP 	GratingPrueba: autoDraw = True
25.5663 	DATA 	Keypress: left
25.5998 	EXP 	GratingPrueba: autoDraw = False
25.5998 	EXP 	FeedbackPrueb: height = 0.1
25.5998 	EXP 	FeedbackPrueb: height = 0.1
25.5998 	EXP 	FeedbackPrueb: text = 'Segui intentando'
25.5998 	EXP 	FeedbackPrueb: autoDraw = True
26.5992 	EXP 	New trial (rep=0, index=3): {'Frecuencia': 6.08635969142881, 'Orientaciondecimal': 0.950826717019596, 'Categoria': 'A', 'Tecla': 'left', 'FrecuenciaEspacial': 0.03043179845714405, 'Orientacion': 95.0826717019596}
26.6151 	EXP 	FeedbackPrueb: autoDraw = False
26.6151 	EXP 	FeedbackPrueb: autoDraw = False
26.6151 	EXP 	GratingPrueba: ori = 95.0826717019596
26.6151 	EXP 	GratingPrueba: sf = array([0.0304318, 0.0304318])
26.6985 	EXP 	GratingPrueba: autoDraw = True
27.0508 	DATA 	Keypress: escape
27.5360 	EXP 	window1: mouseVisible = True
