2.1168 	WARNING 	We strongly recommend you activate the PTB sound engine in PsychoPy prefs as the preferred audio engine. Its timing is vastly superior. Your prefs are currently set to use ['sounddevice', 'PTB', 'pyo', 'pygame'] (in that order).
10.6478 	EXP 	Created window1 = Window(allowGUI=False, allowStencil=False, args=UNKNOWN, autoLog=True, bitsMode=UNKNOWN, blendMode='avg', bpc=(8, 8, 8), color=array([0., 0., 0.]), colorSpace='rgb', depthBits=8, fullscr=<method-wrapper '__getattribute__' of attributeSetter object at 0x00000162DBFDEBE0>, gamma=None, gammaErrorPolicy='raise', kwargs=UNKNOWN, lms=UNKNOWN, monitor=<psychopy.monitors.calibTools.Monitor object at 0x00000162DBF62320>, multiSample=False, name='window1', numSamples=2, pos=[0.0, 0.0], screen=0, size=array([1366,  768]), stencilBits=0, stereo=False, units='height', useFBO=True, useRetina=False, viewOri=0.0, viewPos=None, viewScale=None, waitBlanking=True, winType='pyglet')
10.6482 	EXP 	window1: mouseVisible = True
10.6482 	EXP 	window1: recordFrameIntervals = False
10.8135 	EXP 	window1: recordFrameIntervals = True
10.9976 	EXP 	window1: recordFrameIntervals = False
11.2999 	EXP 	Created InstruccionesGabor = TextStim(__class__=<class 'psychopy.visual.text.TextStim'>, alignHoriz=method-wrapper(...), alignText='center', alignVert=method-wrapper(...), anchorHoriz='center', anchorVert='center', antialias=True, autoLog=True, bold=False, color='white', colorSpace='named', contrast=1.0, depth=0.0, flipHoriz=False, flipVert=False, font='Arial', fontFiles=[], height=0.1, italic=False, languageStyle='LTR', name='InstruccionesGabor', opacity=1.0, ori=0, pos=array([0., 0.]), rgb=array([255., 255., 255.]), text='Bienvenidos\nDescripcion de la tarea', units='height', win=Window(...), wrapWidth=1)
11.3048 	EXP 	Created grating = GratingStim(__class__=<class 'psychopy.visual.grating.GratingStim'>, autoDraw=False, autoLog=True, blendmode='avg', color=array([1., 1., 1.]), colorSpace='rgb', contrast=1.0, depth=0.0, interpolate=True, mask='circle', maskParams=None, name='grating', opacity=1.0, ori=0.0, phase=array([1., 1.]), pos=array([0., 0.]), rgbPedestal=array([0., 0., 0.]), sf=array([1., 1.]), size=array([200., 200.]), tex='sin', texRes=128, units='pix', win=Window(...))
11.8166 	EXP 	InstruccionesGabor: autoDraw = True
12.4579 	EXP 	Imported Gaborparametros.xlsx as conditions, 10 conditions, 3 params
12.4585 	EXP 	Created sequence: random, trialTypes=10, nReps=10, seed=None
12.4589 	EXP 	New trial (rep=0, index=0): OrderedDict([('FrecEspacial', 3), ('Orientation', 100), ('Fase', 0.8)])
12.4627 	DATA 	Keypress: space
12.4650 	EXP 	InstruccionesGabor: autoDraw = False
12.4650 	EXP 	grating: sf = array([3., 3.])
12.4650 	EXP 	grating: phase = array([0.8, 0.8])
12.9774 	EXP 	grating: autoDraw = True
13.9263 	EXP 	New trial (rep=0, index=1): OrderedDict([('FrecEspacial', 3), ('Orientation', 35), ('Fase', 0.4)])
13.9420 	EXP 	grating: autoDraw = False
13.9420 	EXP 	grating: sf = array([3., 3.])
13.9420 	EXP 	grating: phase = array([0.4, 0.4])
14.4260 	EXP 	grating: autoDraw = True
15.4237 	EXP 	New trial (rep=0, index=2): OrderedDict([('FrecEspacial', 3), ('Orientation', 0), ('Fase', 0.0)])
15.4396 	EXP 	grating: autoDraw = False
15.4396 	EXP 	grating: sf = array([3., 3.])
15.4396 	EXP 	grating: phase = array([0., 0.])
15.9222 	EXP 	grating: autoDraw = True
16.9219 	EXP 	New trial (rep=0, index=3): OrderedDict([('FrecEspacial', 3), ('Orientation', 45), ('Fase', 0.1)])
16.9373 	EXP 	grating: autoDraw = False
16.9373 	EXP 	grating: sf = array([3., 3.])
16.9373 	EXP 	grating: phase = array([0.1, 0.1])
17.4199 	EXP 	grating: autoDraw = True
18.4191 	EXP 	New trial (rep=0, index=4): OrderedDict([('FrecEspacial', 3), ('Orientation', 135), ('Fase', 0.3)])
18.4350 	EXP 	grating: autoDraw = False
18.4350 	EXP 	grating: sf = array([3., 3.])
18.4350 	EXP 	grating: phase = array([0.3, 0.3])
18.9177 	EXP 	grating: autoDraw = True
19.9166 	EXP 	New trial (rep=0, index=5): OrderedDict([('FrecEspacial', 3), ('Orientation', 90), ('Fase', 0.2)])
19.9327 	EXP 	grating: autoDraw = False
19.9327 	EXP 	grating: sf = array([3., 3.])
19.9327 	EXP 	grating: phase = array([0.2, 0.2])
20.4153 	EXP 	grating: autoDraw = True
21.4165 	EXP 	New trial (rep=0, index=6): OrderedDict([('FrecEspacial', 3), ('Orientation', 25), ('Fase', 0.5)])
21.4304 	EXP 	grating: autoDraw = False
21.4304 	EXP 	grating: autoDraw = False
21.4304 	EXP 	grating: sf = array([3., 3.])
21.4304 	EXP 	grating: phase = array([0.5, 0.5])
21.9129 	EXP 	grating: autoDraw = True
22.9143 	EXP 	New trial (rep=0, index=7): OrderedDict([('FrecEspacial', 3), ('Orientation', 15), ('Fase', 0.6)])
22.9280 	EXP 	grating: autoDraw = False
22.9280 	EXP 	grating: autoDraw = False
22.9280 	EXP 	grating: sf = array([3., 3.])
22.9280 	EXP 	grating: phase = array([0.6, 0.6])
23.4106 	EXP 	grating: autoDraw = True
24.4116 	EXP 	New trial (rep=0, index=8): OrderedDict([('FrecEspacial', 3), ('Orientation', 120), ('Fase', 0.7)])
24.4257 	EXP 	grating: autoDraw = False
24.4257 	EXP 	grating: autoDraw = False
24.4257 	EXP 	grating: sf = array([3., 3.])
24.4257 	EXP 	grating: phase = array([0.7, 0.7])
24.9083 	EXP 	grating: autoDraw = True
25.9096 	EXP 	New trial (rep=0, index=9): OrderedDict([('FrecEspacial', 3), ('Orientation', 110), ('Fase', 0.9)])
25.9234 	EXP 	grating: autoDraw = False
25.9234 	EXP 	grating: autoDraw = False
25.9234 	EXP 	grating: sf = array([3., 3.])
25.9234 	EXP 	grating: phase = array([0.9, 0.9])
26.4060 	EXP 	grating: autoDraw = True
27.4072 	EXP 	New trial (rep=1, index=0): OrderedDict([('FrecEspacial', 3), ('Orientation', 45), ('Fase', 0.1)])
27.4211 	EXP 	grating: autoDraw = False
27.4211 	EXP 	grating: autoDraw = False
27.4211 	EXP 	grating: sf = array([3., 3.])
27.4211 	EXP 	grating: phase = array([0.1, 0.1])
27.9039 	EXP 	grating: autoDraw = True
28.9050 	EXP 	New trial (rep=1, index=1): OrderedDict([('FrecEspacial', 3), ('Orientation', 135), ('Fase', 0.3)])
28.9189 	EXP 	grating: autoDraw = False
28.9189 	EXP 	grating: autoDraw = False
28.9189 	EXP 	grating: sf = array([3., 3.])
28.9189 	EXP 	grating: phase = array([0.3, 0.3])
29.4015 	EXP 	grating: autoDraw = True
29.9366 	DATA 	Keypress: escape
30.2176 	EXP 	window1: mouseVisible = True
