2.1565 	WARNING 	We strongly recommend you activate the PTB sound engine in PsychoPy prefs as the preferred audio engine. Its timing is vastly superior. Your prefs are currently set to use ['sounddevice', 'PTB', 'pyo', 'pygame'] (in that order).
10.9963 	EXP 	Created window1 = Window(allowGUI=False, allowStencil=False, args=UNKNOWN, autoLog=True, bitsMode=UNKNOWN, blendMode='avg', bpc=(8, 8, 8), color=array([0., 0., 0.]), colorSpace='rgb', depthBits=8, fullscr=<method-wrapper '__getattribute__' of attributeSetter object at 0x000001556DC79BE0>, gamma=None, gammaErrorPolicy='raise', kwargs=UNKNOWN, lms=UNKNOWN, monitor=<psychopy.monitors.calibTools.Monitor object at 0x000001556DC03320>, multiSample=False, name='window1', numSamples=2, pos=[0.0, 0.0], screen=0, size=array([1366,  768]), stencilBits=0, stereo=False, units='height', useFBO=True, useRetina=False, viewOri=0.0, viewPos=None, viewScale=None, waitBlanking=True, winType='pyglet')
10.9966 	EXP 	window1: mouseVisible = True
10.9967 	EXP 	window1: recordFrameIntervals = False
11.1620 	EXP 	window1: recordFrameIntervals = True
11.3454 	EXP 	window1: recordFrameIntervals = False
11.6480 	EXP 	Created InstruccionesGabor = TextStim(__class__=<class 'psychopy.visual.text.TextStim'>, alignHoriz=method-wrapper(...), alignText='center', alignVert=method-wrapper(...), anchorHoriz='center', anchorVert='center', antialias=True, autoLog=True, bold=False, color='white', colorSpace='named', contrast=1.0, depth=0.0, flipHoriz=False, flipVert=False, font='Arial', fontFiles=[], height=0.1, italic=False, languageStyle='LTR', name='InstruccionesGabor', opacity=1.0, ori=0, pos=array([0., 0.]), rgb=array([255., 255., 255.]), text='Bienvenidos\nDescripcion de la tarea', units='height', win=Window(...), wrapWidth=1)
11.6527 	EXP 	Created grating = GratingStim(__class__=<class 'psychopy.visual.grating.GratingStim'>, autoDraw=False, autoLog=True, blendmode='avg', color=array([1., 1., 1.]), colorSpace='rgb', contrast=1.0, depth=0.0, interpolate=True, mask='circle', maskParams=None, name='grating', opacity=1.0, ori=1.0, phase=array([1., 1.]), pos=array([0., 0.]), rgbPedestal=array([0., 0., 0.]), sf=array([1., 1.]), size=array([200., 200.]), tex='sin', texRes=128, units='pix', win=Window(...))
12.1482 	EXP 	InstruccionesGabor: autoDraw = True
13.0794 	EXP 	Imported Gaborparametros.xlsx as conditions, 10 conditions, 3 params
13.0799 	EXP 	Created sequence: random, trialTypes=10, nReps=10, seed=None
13.0803 	EXP 	New trial (rep=0, index=0): OrderedDict([('FrecEspacial', 3), ('Orientation', 100), ('Fase', 0.8)])
13.0832 	DATA 	Keypress: space
13.0855 	EXP 	InstruccionesGabor: autoDraw = False
13.0855 	EXP 	grating: ori = 100.0
13.0855 	EXP 	grating: sf = array([3., 3.])
13.0855 	EXP 	grating: phase = array([0.8, 0.8])
13.5926 	EXP 	grating: autoDraw = True
14.5410 	EXP 	New trial (rep=0, index=1): OrderedDict([('FrecEspacial', 3), ('Orientation', 15), ('Fase', 0.6)])
14.5567 	EXP 	grating: autoDraw = False
14.5567 	EXP 	grating: ori = 15.0
14.5567 	EXP 	grating: sf = array([3., 3.])
14.5567 	EXP 	grating: phase = array([0.6, 0.6])
15.0391 	EXP 	grating: autoDraw = True
16.0383 	EXP 	New trial (rep=0, index=2): OrderedDict([('FrecEspacial', 3), ('Orientation', 120), ('Fase', 0.7)])
16.0544 	EXP 	grating: autoDraw = False
16.0544 	EXP 	grating: ori = 120.0
16.0544 	EXP 	grating: sf = array([3., 3.])
16.0544 	EXP 	grating: phase = array([0.7, 0.7])
16.5370 	EXP 	grating: autoDraw = True
17.5361 	EXP 	New trial (rep=0, index=3): OrderedDict([('FrecEspacial', 3), ('Orientation', 35), ('Fase', 0.4)])
17.5520 	EXP 	grating: autoDraw = False
17.5520 	EXP 	grating: ori = 35.0
17.5520 	EXP 	grating: sf = array([3., 3.])
17.5520 	EXP 	grating: phase = array([0.4, 0.4])
18.0348 	EXP 	grating: autoDraw = True
19.0338 	EXP 	New trial (rep=0, index=4): OrderedDict([('FrecEspacial', 3), ('Orientation', 0), ('Fase', 0.0)])
19.0497 	EXP 	grating: autoDraw = False
19.0497 	EXP 	grating: ori = 0.0
19.0497 	EXP 	grating: sf = array([3., 3.])
19.0497 	EXP 	grating: phase = array([0., 0.])
19.5323 	EXP 	grating: autoDraw = True
20.5315 	EXP 	New trial (rep=0, index=5): OrderedDict([('FrecEspacial', 3), ('Orientation', 45), ('Fase', 0.1)])
20.5474 	EXP 	grating: autoDraw = False
20.5474 	EXP 	grating: ori = 45.0
20.5474 	EXP 	grating: sf = array([3., 3.])
20.5474 	EXP 	grating: phase = array([0.1, 0.1])
21.0301 	EXP 	grating: autoDraw = True
22.0304 	EXP 	New trial (rep=0, index=6): OrderedDict([('FrecEspacial', 3), ('Orientation', 110), ('Fase', 0.9)])
22.0451 	EXP 	grating: autoDraw = False
22.0451 	EXP 	grating: autoDraw = False
22.0451 	EXP 	grating: ori = 110.0
22.0451 	EXP 	grating: sf = array([3., 3.])
22.0451 	EXP 	grating: phase = array([0.9, 0.9])
22.5276 	EXP 	grating: autoDraw = True
23.5291 	EXP 	New trial (rep=0, index=7): OrderedDict([('FrecEspacial', 3), ('Orientation', 90), ('Fase', 0.2)])
23.5427 	EXP 	grating: autoDraw = False
23.5427 	EXP 	grating: autoDraw = False
23.5427 	EXP 	grating: ori = 90.0
23.5427 	EXP 	grating: sf = array([3., 3.])
23.5427 	EXP 	grating: phase = array([0.2, 0.2])
24.0254 	EXP 	grating: autoDraw = True
25.0258 	EXP 	New trial (rep=0, index=8): OrderedDict([('FrecEspacial', 3), ('Orientation', 135), ('Fase', 0.3)])
25.0403 	EXP 	grating: autoDraw = False
25.0403 	EXP 	grating: autoDraw = False
25.0403 	EXP 	grating: ori = 135.0
25.0403 	EXP 	grating: sf = array([3., 3.])
25.0403 	EXP 	grating: phase = array([0.3, 0.3])
25.5229 	EXP 	grating: autoDraw = True
25.7748 	DATA 	Keypress: escape
26.0229 	EXP 	window1: mouseVisible = True
