2.1618 	WARNING 	We strongly recommend you activate the PTB sound engine in PsychoPy prefs as the preferred audio engine. Its timing is vastly superior. Your prefs are currently set to use ['sounddevice', 'PTB', 'pyo', 'pygame'] (in that order).
11.1905 	EXP 	Created window1 = Window(allowGUI=False, allowStencil=False, args=UNKNOWN, autoLog=True, bitsMode=UNKNOWN, blendMode='avg', bpc=(8, 8, 8), color=array([0., 0., 0.]), colorSpace='rgb', depthBits=8, fullscr=<method-wrapper '__getattribute__' of attributeSetter object at 0x000001B9EBE49BE0>, gamma=None, gammaErrorPolicy='raise', kwargs=UNKNOWN, lms=UNKNOWN, monitor=<psychopy.monitors.calibTools.Monitor object at 0x000001B9EBDD4320>, multiSample=False, name='window1', numSamples=2, pos=[0.0, 0.0], screen=0, size=array([1366,  768]), stencilBits=0, stereo=False, units='height', useFBO=True, useRetina=False, viewOri=0.0, viewPos=None, viewScale=None, waitBlanking=True, winType='pyglet')
11.1909 	EXP 	window1: mouseVisible = True
11.1909 	EXP 	window1: recordFrameIntervals = False
11.3559 	EXP 	window1: recordFrameIntervals = True
11.5393 	EXP 	window1: recordFrameIntervals = False
11.8341 	EXP 	Created InstruccionesGabor = TextStim(__class__=<class 'psychopy.visual.text.TextStim'>, alignHoriz=method-wrapper(...), alignText='center', alignVert=method-wrapper(...), anchorHoriz='center', anchorVert='center', antialias=True, autoLog=True, bold=False, color='white', colorSpace='named', contrast=1.0, depth=0.0, flipHoriz=False, flipVert=False, font='Arial', fontFiles=[], height=0.1, italic=False, languageStyle='LTR', name='InstruccionesGabor', opacity=1.0, ori=0, pos=array([0., 0.]), rgb=array([255., 255., 255.]), text='Bienvenidos\nDescripcion de la tarea', units='height', win=Window(...), wrapWidth=1)
11.8390 	EXP 	Created grating = GratingStim(__class__=<class 'psychopy.visual.grating.GratingStim'>, autoDraw=False, autoLog=True, blendmode='avg', color=array([1., 1., 1.]), colorSpace='rgb', contrast=1.0, depth=0.0, interpolate=True, mask='circle', maskParams=None, name='grating', opacity=1.0, ori=1.0, phase=array([1., 1.]), pos=array([0., 0.]), rgbPedestal=array([0., 0., 0.]), sf=array([1., 1.]), size=array([200., 200.]), tex='sin', texRes=128, units='pix', win=Window(...))
12.3423 	EXP 	InstruccionesGabor: autoDraw = True
13.1325 	EXP 	Imported Gaborparametros.xlsx as conditions, 10 conditions, 3 params
13.1331 	EXP 	Created sequence: random, trialTypes=10, nReps=10, seed=None
13.1335 	EXP 	New trial (rep=0, index=0): OrderedDict([('FrecEspacial', 3), ('Orientation', 15), ('Fase', 0.6)])
13.1360 	DATA 	Keypress: space
13.1383 	EXP 	InstruccionesGabor: autoDraw = False
13.1383 	EXP 	grating: ori = 15.0
13.1383 	EXP 	grating: sf = array([3., 3.])
13.1383 	EXP 	grating: phase = array([0.6, 0.6])
13.6552 	EXP 	grating: autoDraw = True
14.6018 	EXP 	New trial (rep=0, index=1): OrderedDict([('FrecEspacial', 3), ('Orientation', 90), ('Fase', 0.2)])
14.6175 	EXP 	grating: autoDraw = False
14.6175 	EXP 	grating: ori = 90.0
14.6175 	EXP 	grating: sf = array([3., 3.])
14.6175 	EXP 	grating: phase = array([0.2, 0.2])
15.1001 	EXP 	grating: autoDraw = True
16.0995 	EXP 	New trial (rep=0, index=2): OrderedDict([('FrecEspacial', 3), ('Orientation', 100), ('Fase', 0.8)])
16.1151 	EXP 	grating: autoDraw = False
16.1151 	EXP 	grating: ori = 100.0
16.1151 	EXP 	grating: sf = array([3., 3.])
16.1151 	EXP 	grating: phase = array([0.8, 0.8])
16.5978 	EXP 	grating: autoDraw = True
16.8994 	DATA 	Keypress: escape
17.2379 	EXP 	window1: mouseVisible = True
