2.1180 	WARNING 	We strongly recommend you activate the PTB sound engine in PsychoPy prefs as the preferred audio engine. Its timing is vastly superior. Your prefs are currently set to use ['sounddevice', 'PTB', 'pyo', 'pygame'] (in that order).
19.6473 	EXP 	Created window1 = Window(allowGUI=False, allowStencil=False, args=UNKNOWN, autoLog=True, bitsMode=UNKNOWN, blendMode='avg', bpc=(8, 8, 8), color=array([0., 0., 0.]), colorSpace='rgb', depthBits=8, fullscr=<method-wrapper '__getattribute__' of attributeSetter object at 0x0000023948749B70>, gamma=None, gammaErrorPolicy='raise', kwargs=UNKNOWN, lms=UNKNOWN, monitor=<psychopy.monitors.calibTools.Monitor object at 0x00000239486D32B0>, multiSample=False, name='window1', numSamples=2, pos=[0.0, 0.0], screen=0, size=array([1366,  768]), stencilBits=0, stereo=False, units='height', useFBO=True, useRetina=False, viewOri=0.0, viewPos=None, viewScale=None, waitBlanking=True, winType='pyglet')
19.6476 	EXP 	window1: mouseVisible = True
19.6476 	EXP 	window1: recordFrameIntervals = False
19.8130 	EXP 	window1: recordFrameIntervals = True
19.9963 	EXP 	window1: recordFrameIntervals = False
20.2896 	EXP 	Created InstruccionesGabor = TextStim(__class__=<class 'psychopy.visual.text.TextStim'>, alignHoriz=method-wrapper(...), alignText='center', alignVert=method-wrapper(...), anchorHoriz='center', anchorVert='center', antialias=True, autoLog=True, bold=False, color='white', colorSpace='named', contrast=1.0, depth=0.0, flipHoriz=False, flipVert=False, font='Arial', fontFiles=[], height=0.1, italic=False, languageStyle='LTR', name='InstruccionesGabor', opacity=1.0, ori=0, pos=array([0., 0.]), rgb=array([255., 255., 255.]), text='Bienvenidos\nDescripcion de la tarea', units='height', win=Window(...), wrapWidth=1)
20.2947 	EXP 	Created grating = GratingStim(__class__=<class 'psychopy.visual.grating.GratingStim'>, autoDraw=False, autoLog=True, blendmode='avg', color=array([1., 1., 1.]), colorSpace='rgb', contrast=1.0, depth=0.0, interpolate=True, mask='circle', maskParams=None, name='grating', opacity=1.0, ori=1.0, phase=array([1., 1.]), pos=array([0., 0.]), rgbPedestal=array([0., 0., 0.]), sf=array([1., 1.]), size=array([150., 150.]), tex='sin', texRes=128, units='height', win=Window(...))
20.7991 	EXP 	InstruccionesGabor: autoDraw = True
21.1493 	DATA 	Keypress: space
21.2591 	EXP 	Imported Gaborparametros.xlsx as conditions, 10 conditions, 3 params
21.2596 	EXP 	Created sequence: random, trialTypes=10, nReps=10, seed=None
21.2600 	EXP 	New trial (rep=0, index=0): OrderedDict([('FrecEspacial', 0.02666666667), ('Orientation', 120), ('Fase', 0.7)])
21.2650 	EXP 	InstruccionesGabor: autoDraw = False
21.2650 	EXP 	grating: ori = 120.0
21.2650 	EXP 	grating: sf = array([0.02666667, 0.02666667])
21.2650 	EXP 	grating: phase = array([0.7, 0.7])
21.7613 	EXP 	grating: autoDraw = True
22.6761 	EXP 	New trial (rep=0, index=1): OrderedDict([('FrecEspacial', 0.03333333333), ('Orientation', 110), ('Fase', 0.9)])
22.6917 	EXP 	grating: autoDraw = False
22.6917 	EXP 	grating: ori = 110.0
22.6917 	EXP 	grating: sf = array([0.03333333, 0.03333333])
22.6917 	EXP 	grating: phase = array([0.9, 0.9])
23.1744 	EXP 	grating: autoDraw = True
24.1735 	EXP 	New trial (rep=0, index=2): OrderedDict([('FrecEspacial', 0.03333333333), ('Orientation', 135), ('Fase', 0.3)])
24.1897 	EXP 	grating: autoDraw = False
24.1897 	EXP 	grating: ori = 135.0
24.1897 	EXP 	grating: sf = array([0.03333333, 0.03333333])
24.1897 	EXP 	grating: phase = array([0.3, 0.3])
24.6720 	EXP 	grating: autoDraw = True
25.6712 	EXP 	New trial (rep=0, index=3): OrderedDict([('FrecEspacial', 0.01333333333), ('Orientation', 100), ('Fase', 0.8)])
25.6871 	EXP 	grating: autoDraw = False
25.6871 	EXP 	grating: ori = 100.0
25.6871 	EXP 	grating: sf = array([0.01333333, 0.01333333])
25.6871 	EXP 	grating: phase = array([0.8, 0.8])
26.1697 	EXP 	grating: autoDraw = True
27.1690 	EXP 	New trial (rep=0, index=4): OrderedDict([('FrecEspacial', 0.04666666667), ('Orientation', 15), ('Fase', 0.6)])
27.1848 	EXP 	grating: autoDraw = False
27.1848 	EXP 	grating: ori = 15.0
27.1848 	EXP 	grating: sf = array([0.04666667, 0.04666667])
27.1848 	EXP 	grating: phase = array([0.6, 0.6])
27.6673 	EXP 	grating: autoDraw = True
28.6668 	EXP 	New trial (rep=0, index=5): OrderedDict([('FrecEspacial', 0.01333333333), ('Orientation', 0), ('Fase', 0.0)])
28.6824 	EXP 	grating: autoDraw = False
28.6824 	EXP 	grating: ori = 0.0
28.6824 	EXP 	grating: sf = array([0.01333333, 0.01333333])
28.6824 	EXP 	grating: phase = array([0., 0.])
29.1651 	EXP 	grating: autoDraw = True
30.1659 	EXP 	New trial (rep=0, index=6): OrderedDict([('FrecEspacial', 0.04), ('Orientation', 25), ('Fase', 0.5)])
30.1801 	EXP 	grating: autoDraw = False
30.1801 	EXP 	grating: autoDraw = False
30.1801 	EXP 	grating: ori = 25.0
30.1801 	EXP 	grating: sf = array([0.04, 0.04])
30.1801 	EXP 	grating: phase = array([0.5, 0.5])
30.6628 	EXP 	grating: autoDraw = True
31.6640 	EXP 	New trial (rep=0, index=7): OrderedDict([('FrecEspacial', 0.02), ('Orientation', 45), ('Fase', 0.1)])
31.6780 	EXP 	grating: autoDraw = False
31.6780 	EXP 	grating: autoDraw = False
31.6780 	EXP 	grating: ori = 45.0
31.6780 	EXP 	grating: sf = array([0.02, 0.02])
31.6780 	EXP 	grating: phase = array([0.1, 0.1])
32.1604 	EXP 	grating: autoDraw = True
33.1614 	EXP 	New trial (rep=0, index=8): OrderedDict([('FrecEspacial', 0.006666666667), ('Orientation', 35), ('Fase', 0.4)])
33.1758 	EXP 	grating: autoDraw = False
33.1758 	EXP 	grating: autoDraw = False
33.1758 	EXP 	grating: ori = 35.0
33.1758 	EXP 	grating: sf = array([0.00666667, 0.00666667])
33.1758 	EXP 	grating: phase = array([0.4, 0.4])
33.6581 	EXP 	grating: autoDraw = True
34.6584 	EXP 	New trial (rep=0, index=9): OrderedDict([('FrecEspacial', 0.02666666667), ('Orientation', 90), ('Fase', 0.2)])
34.6731 	EXP 	grating: autoDraw = False
34.6731 	EXP 	grating: autoDraw = False
34.6731 	EXP 	grating: ori = 90.0
34.6731 	EXP 	grating: sf = array([0.02666667, 0.02666667])
34.6731 	EXP 	grating: phase = array([0.2, 0.2])
35.1558 	EXP 	grating: autoDraw = True
36.1570 	EXP 	New trial (rep=1, index=0): OrderedDict([('FrecEspacial', 0.02666666667), ('Orientation', 90), ('Fase', 0.2)])
36.1709 	EXP 	grating: autoDraw = False
36.1709 	EXP 	grating: autoDraw = False
36.1709 	EXP 	grating: ori = 90.0
36.1709 	EXP 	grating: sf = array([0.02666667, 0.02666667])
36.1709 	EXP 	grating: phase = array([0.2, 0.2])
36.6536 	EXP 	grating: autoDraw = True
37.6547 	EXP 	New trial (rep=1, index=1): OrderedDict([('FrecEspacial', 0.04666666667), ('Orientation', 15), ('Fase', 0.6)])
37.6686 	EXP 	grating: autoDraw = False
37.6686 	EXP 	grating: autoDraw = False
37.6686 	EXP 	grating: ori = 15.0
37.6686 	EXP 	grating: sf = array([0.04666667, 0.04666667])
37.6686 	EXP 	grating: phase = array([0.6, 0.6])
37.6711 	DATA 	Keypress: escape
37.9184 	EXP 	window1: mouseVisible = True
