2.2894 	WARNING 	We strongly recommend you activate the PTB sound engine in PsychoPy prefs as the preferred audio engine. Its timing is vastly superior. Your prefs are currently set to use ['sounddevice', 'PTB', 'pyo', 'pygame'] (in that order).
11.4643 	EXP 	Created window1 = Window(allowGUI=False, allowStencil=False, args=UNKNOWN, autoLog=True, bitsMode=UNKNOWN, blendMode='avg', bpc=(8, 8, 8), color=array([0., 0., 0.]), colorSpace='rgb', depthBits=8, fullscr=<method-wrapper '__getattribute__' of attributeSetter object at 0x00000244F247EBE0>, gamma=None, gammaErrorPolicy='raise', kwargs=UNKNOWN, lms=UNKNOWN, monitor=<psychopy.monitors.calibTools.Monitor object at 0x00000244F2402320>, multiSample=False, name='window1', numSamples=2, pos=[0.0, 0.0], screen=0, size=array([1366,  768]), stencilBits=0, stereo=False, units='height', useFBO=True, useRetina=False, viewOri=0.0, viewPos=None, viewScale=None, waitBlanking=True, winType='pyglet')
11.4648 	EXP 	window1: mouseVisible = True
11.4648 	EXP 	window1: recordFrameIntervals = False
11.6300 	EXP 	window1: recordFrameIntervals = True
11.8126 	EXP 	window1: recordFrameIntervals = False
12.1128 	EXP 	Created InstruccionesGabor = TextStim(__class__=<class 'psychopy.visual.text.TextStim'>, alignHoriz=method-wrapper(...), alignText='center', alignVert=method-wrapper(...), anchorHoriz='center', anchorVert='center', antialias=True, autoLog=True, bold=False, color='white', colorSpace='named', contrast=1.0, depth=0.0, flipHoriz=False, flipVert=False, font='Arial', fontFiles=[], height=0.1, italic=False, languageStyle='LTR', name='InstruccionesGabor', opacity=1.0, ori=0, pos=array([0., 0.]), rgb=array([255., 255., 255.]), text='Bienvenidos\nDescripcion de la tarea', units='height', win=Window(...), wrapWidth=1)
12.1176 	EXP 	Created grating = GratingStim(__class__=<class 'psychopy.visual.grating.GratingStim'>, autoDraw=False, autoLog=True, blendmode='avg', color=array([1., 1., 1.]), colorSpace='rgb', contrast=1.0, depth=0.0, interpolate=True, mask='circle', maskParams=None, name='grating', opacity=1.0, ori=0.0, phase=array([1., 1.]), pos=array([0., 0.]), rgbPedestal=array([0., 0., 0.]), sf=array([1., 1.]), size=array([200., 200.]), tex='sin', texRes=128, units='pix', win=Window(...))
12.6177 	EXP 	InstruccionesGabor: autoDraw = True
13.2473 	EXP 	Imported Gaborparametros.xlsx as conditions, 10 conditions, 3 params
13.2478 	EXP 	Created sequence: random, trialTypes=10, nReps=10, seed=None
13.2482 	EXP 	New trial (rep=0, index=0): OrderedDict([('FrecEspacial', 7), ('Orientation', 45), ('Fase', 0.1)])
13.2509 	DATA 	Keypress: return
13.2533 	EXP 	InstruccionesGabor: autoDraw = False
13.2533 	EXP 	grating: sf = array([7., 7.])
13.2533 	EXP 	grating: phase = array([0.1, 0.1])
13.7591 	EXP 	grating: autoDraw = True
14.7095 	EXP 	New trial (rep=0, index=1): OrderedDict([('FrecEspacial', 7), ('Orientation', 0), ('Fase', 0.0)])
14.7248 	EXP 	grating: autoDraw = False
14.7248 	EXP 	grating: sf = array([7., 7.])
14.7248 	EXP 	grating: phase = array([0., 0.])
15.2071 	EXP 	grating: autoDraw = True
16.2062 	EXP 	New trial (rep=0, index=2): OrderedDict([('FrecEspacial', 7), ('Orientation', 120), ('Fase', 0.7)])
16.2222 	EXP 	grating: autoDraw = False
16.2222 	EXP 	grating: sf = array([7., 7.])
16.2222 	EXP 	grating: phase = array([0.7, 0.7])
16.7047 	EXP 	grating: autoDraw = True
17.7039 	EXP 	New trial (rep=0, index=3): OrderedDict([('FrecEspacial', 7), ('Orientation', 100), ('Fase', 0.8)])
17.7198 	EXP 	grating: autoDraw = False
17.7198 	EXP 	grating: sf = array([7., 7.])
17.7198 	EXP 	grating: phase = array([0.8, 0.8])
18.2024 	EXP 	grating: autoDraw = True
19.2015 	EXP 	New trial (rep=0, index=4): OrderedDict([('FrecEspacial', 7), ('Orientation', 90), ('Fase', 0.2)])
19.2176 	EXP 	grating: autoDraw = False
19.2176 	EXP 	grating: sf = array([7., 7.])
19.2176 	EXP 	grating: phase = array([0.2, 0.2])
19.7001 	EXP 	grating: autoDraw = True
20.6995 	EXP 	New trial (rep=0, index=5): OrderedDict([('FrecEspacial', 7), ('Orientation', 135), ('Fase', 0.3)])
20.7153 	EXP 	grating: autoDraw = False
20.7153 	EXP 	grating: sf = array([7., 7.])
20.7153 	EXP 	grating: phase = array([0.3, 0.3])
21.1978 	EXP 	grating: autoDraw = True
22.1987 	EXP 	New trial (rep=0, index=6): OrderedDict([('FrecEspacial', 7), ('Orientation', 25), ('Fase', 0.5)])
22.2128 	EXP 	grating: autoDraw = False
22.2128 	EXP 	grating: autoDraw = False
22.2128 	EXP 	grating: sf = array([7., 7.])
22.2128 	EXP 	grating: phase = array([0.5, 0.5])
22.6954 	EXP 	grating: autoDraw = True
23.6968 	EXP 	New trial (rep=0, index=7): OrderedDict([('FrecEspacial', 7), ('Orientation', 35), ('Fase', 0.4)])
23.7108 	EXP 	grating: autoDraw = False
23.7108 	EXP 	grating: autoDraw = False
23.7108 	EXP 	grating: sf = array([7., 7.])
23.7108 	EXP 	grating: phase = array([0.4, 0.4])
24.1932 	EXP 	grating: autoDraw = True
25.1947 	EXP 	New trial (rep=0, index=8): OrderedDict([('FrecEspacial', 7), ('Orientation', 15), ('Fase', 0.6)])
25.2082 	EXP 	grating: autoDraw = False
25.2082 	EXP 	grating: autoDraw = False
25.2082 	EXP 	grating: sf = array([7., 7.])
25.2082 	EXP 	grating: phase = array([0.6, 0.6])
25.6910 	EXP 	grating: autoDraw = True
26.6922 	EXP 	New trial (rep=0, index=9): OrderedDict([('FrecEspacial', 7), ('Orientation', 110), ('Fase', 0.9)])
26.7060 	EXP 	grating: autoDraw = False
26.7060 	EXP 	grating: autoDraw = False
26.7060 	EXP 	grating: sf = array([7., 7.])
26.7060 	EXP 	grating: phase = array([0.9, 0.9])
27.1885 	EXP 	grating: autoDraw = True
28.1900 	EXP 	New trial (rep=1, index=0): OrderedDict([('FrecEspacial', 7), ('Orientation', 35), ('Fase', 0.4)])
28.2036 	EXP 	grating: autoDraw = False
28.2036 	EXP 	grating: autoDraw = False
28.2036 	EXP 	grating: sf = array([7., 7.])
28.2036 	EXP 	grating: phase = array([0.4, 0.4])
28.6862 	EXP 	grating: autoDraw = True
29.6874 	EXP 	New trial (rep=1, index=1): OrderedDict([('FrecEspacial', 7), ('Orientation', 90), ('Fase', 0.2)])
29.7011 	EXP 	grating: autoDraw = False
29.7011 	EXP 	grating: autoDraw = False
29.7011 	EXP 	grating: sf = array([7., 7.])
29.7011 	EXP 	grating: phase = array([0.2, 0.2])
30.1839 	EXP 	grating: autoDraw = True
31.1847 	EXP 	New trial (rep=1, index=2): OrderedDict([('FrecEspacial', 7), ('Orientation', 100), ('Fase', 0.8)])
31.1990 	EXP 	grating: autoDraw = False
31.1990 	EXP 	grating: autoDraw = False
31.1990 	EXP 	grating: sf = array([7., 7.])
31.1990 	EXP 	grating: phase = array([0.8, 0.8])
31.6816 	EXP 	grating: autoDraw = True
32.6831 	EXP 	New trial (rep=1, index=3): OrderedDict([('FrecEspacial', 7), ('Orientation', 15), ('Fase', 0.6)])
32.6967 	EXP 	grating: autoDraw = False
32.6967 	EXP 	grating: autoDraw = False
32.6967 	EXP 	grating: sf = array([7., 7.])
32.6967 	EXP 	grating: phase = array([0.6, 0.6])
33.1792 	EXP 	grating: autoDraw = True
34.1803 	EXP 	New trial (rep=1, index=4): OrderedDict([('FrecEspacial', 7), ('Orientation', 0), ('Fase', 0.0)])
34.1943 	EXP 	grating: autoDraw = False
34.1943 	EXP 	grating: autoDraw = False
34.1943 	EXP 	grating: sf = array([7., 7.])
34.1943 	EXP 	grating: phase = array([0., 0.])
34.6770 	EXP 	grating: autoDraw = True
35.6783 	EXP 	New trial (rep=1, index=5): OrderedDict([('FrecEspacial', 7), ('Orientation', 135), ('Fase', 0.3)])
35.6919 	EXP 	grating: autoDraw = False
35.6919 	EXP 	grating: autoDraw = False
35.6919 	EXP 	grating: sf = array([7., 7.])
35.6919 	EXP 	grating: phase = array([0.3, 0.3])
36.1754 	EXP 	grating: autoDraw = True
36.7601 	DATA 	Keypress: escape
37.1493 	EXP 	window1: mouseVisible = True
