1.9682 	WARNING 	We strongly recommend you activate the PTB sound engine in PsychoPy prefs as the preferred audio engine. Its timing is vastly superior. Your prefs are currently set to use ['sounddevice', 'PTB', 'pyo', 'pygame'] (in that order).
10.1222 	EXP 	Created window1 = Window(allowGUI=False, allowStencil=False, args=UNKNOWN, autoLog=True, bitsMode=UNKNOWN, blendMode='avg', bpc=(8, 8, 8), color=array([0., 0., 0.]), colorSpace='rgb', depthBits=8, fullscr=<method-wrapper '__getattribute__' of attributeSetter object at 0x000001FC1FABEBE0>, gamma=None, gammaErrorPolicy='raise', kwargs=UNKNOWN, lms=UNKNOWN, monitor=<psychopy.monitors.calibTools.Monitor object at 0x000001FC1FA42320>, multiSample=False, name='window1', numSamples=2, pos=[0.0, 0.0], screen=0, size=array([1366,  768]), stencilBits=0, stereo=False, units='height', useFBO=True, useRetina=False, viewOri=0.0, viewPos=None, viewScale=None, waitBlanking=True, winType='pyglet')
10.1225 	EXP 	window1: mouseVisible = True
10.1226 	EXP 	window1: recordFrameIntervals = False
10.2873 	EXP 	window1: recordFrameIntervals = True
10.4706 	EXP 	window1: recordFrameIntervals = False
10.7719 	EXP 	Created InstruccionesGabor = TextStim(__class__=<class 'psychopy.visual.text.TextStim'>, alignHoriz=method-wrapper(...), alignText='center', alignVert=method-wrapper(...), anchorHoriz='center', anchorVert='center', antialias=True, autoLog=True, bold=False, color='white', colorSpace='named', contrast=1.0, depth=0.0, flipHoriz=False, flipVert=False, font='Arial', fontFiles=[], height=0.1, italic=False, languageStyle='LTR', name='InstruccionesGabor', opacity=1.0, ori=0, pos=array([0., 0.]), rgb=array([255., 255., 255.]), text='Bienvenidos\nDescripcion de la tarea', units='height', win=Window(...), wrapWidth=1)
10.7768 	EXP 	Created grating = GratingStim(__class__=<class 'psychopy.visual.grating.GratingStim'>, autoDraw=False, autoLog=True, blendmode='avg', color=array([1., 1., 1.]), colorSpace='rgb', contrast=1.0, depth=0.0, interpolate=True, mask='circle', maskParams=None, name='grating', opacity=1.0, ori=1.0, phase=array([1., 1.]), pos=array([0., 0.]), rgbPedestal=array([0., 0., 0.]), sf=array([1., 1.]), size=array([300., 300.]), tex='sin', texRes=128, units='pix', win=Window(...))
11.2735 	EXP 	InstruccionesGabor: autoDraw = True
12.6720 	EXP 	Imported Gaborparametros.xlsx as conditions, 10 conditions, 3 params
12.6726 	EXP 	Created sequence: random, trialTypes=10, nReps=10, seed=None
12.6730 	EXP 	New trial (rep=0, index=0): OrderedDict([('FrecEspacial', 1.9), ('Orientation', 45), ('Fase', 0)])
12.6756 	DATA 	Keypress: space
12.6779 	EXP 	InstruccionesGabor: autoDraw = False
12.6779 	EXP 	grating: ori = 45.0
12.6779 	EXP 	grating: sf = array([1.9, 1.9])
12.6779 	EXP 	grating: phase = array([0., 0.])
13.1830 	EXP 	grating: autoDraw = True
14.1322 	EXP 	New trial (rep=0, index=1): OrderedDict([('FrecEspacial', 1.97), ('Orientation', 100), ('Fase', 0)])
14.1479 	EXP 	grating: autoDraw = False
14.1479 	EXP 	grating: ori = 100.0
14.1479 	EXP 	grating: sf = array([1.97, 1.97])
14.1479 	EXP 	grating: phase = array([0., 0.])
14.6306 	EXP 	grating: autoDraw = True
15.6298 	EXP 	New trial (rep=0, index=2): OrderedDict([('FrecEspacial', 1.92), ('Orientation', 135), ('Fase', 0)])
15.6455 	EXP 	grating: autoDraw = False
15.6455 	EXP 	grating: ori = 135.0
15.6455 	EXP 	grating: sf = array([1.92, 1.92])
15.6455 	EXP 	grating: phase = array([0., 0.])
16.1282 	EXP 	grating: autoDraw = True
17.1273 	EXP 	New trial (rep=0, index=3): OrderedDict([('FrecEspacial', 1.95), ('Orientation', 15), ('Fase', 0)])
17.1432 	EXP 	grating: autoDraw = False
17.1432 	EXP 	grating: ori = 15.0
17.1432 	EXP 	grating: sf = array([1.95, 1.95])
17.1432 	EXP 	grating: phase = array([0., 0.])
17.6258 	EXP 	grating: autoDraw = True
18.6250 	EXP 	New trial (rep=0, index=4): OrderedDict([('FrecEspacial', 1.96), ('Orientation', 0), ('Fase', 0)])
18.6411 	EXP 	grating: autoDraw = False
18.6411 	EXP 	grating: ori = 0.0
18.6411 	EXP 	grating: sf = array([1.96, 1.96])
18.6411 	EXP 	grating: phase = array([0., 0.])
19.1235 	EXP 	grating: autoDraw = True
20.1226 	EXP 	New trial (rep=0, index=5): OrderedDict([('FrecEspacial', 1.99), ('Orientation', 0), ('Fase', 0)])
20.1386 	EXP 	grating: autoDraw = False
20.1386 	EXP 	grating: ori = 0.0
20.1386 	EXP 	grating: sf = array([1.99, 1.99])
20.1386 	EXP 	grating: phase = array([0., 0.])
20.6212 	EXP 	grating: autoDraw = True
21.6229 	EXP 	New trial (rep=0, index=6): OrderedDict([('FrecEspacial', 1.8), ('Orientation', 0), ('Fase', 0)])
21.6363 	EXP 	grating: autoDraw = False
21.6363 	EXP 	grating: autoDraw = False
21.6363 	EXP 	grating: ori = 0.0
21.6363 	EXP 	grating: sf = array([1.8, 1.8])
21.6363 	EXP 	grating: phase = array([0., 0.])
22.1189 	EXP 	grating: autoDraw = True
23.1202 	EXP 	New trial (rep=0, index=7): OrderedDict([('FrecEspacial', 1.94), ('Orientation', 25), ('Fase', 0)])
23.1340 	EXP 	grating: autoDraw = False
23.1340 	EXP 	grating: autoDraw = False
23.1340 	EXP 	grating: ori = 25.0
23.1340 	EXP 	grating: sf = array([1.94, 1.94])
23.1340 	EXP 	grating: phase = array([0., 0.])
23.6166 	EXP 	grating: autoDraw = True
24.6179 	EXP 	New trial (rep=0, index=8): OrderedDict([('FrecEspacial', 1.93), ('Orientation', 0), ('Fase', 0)])
24.6318 	EXP 	grating: autoDraw = False
24.6318 	EXP 	grating: autoDraw = False
24.6318 	EXP 	grating: ori = 0.0
24.6318 	EXP 	grating: sf = array([1.93, 1.93])
24.6318 	EXP 	grating: phase = array([0., 0.])
25.1142 	EXP 	grating: autoDraw = True
26.1154 	EXP 	New trial (rep=0, index=9): OrderedDict([('FrecEspacial', 1.91), ('Orientation', 90), ('Fase', 0)])
26.1294 	EXP 	grating: autoDraw = False
26.1294 	EXP 	grating: autoDraw = False
26.1294 	EXP 	grating: ori = 90.0
26.1294 	EXP 	grating: sf = array([1.91, 1.91])
26.1294 	EXP 	grating: phase = array([0., 0.])
26.6122 	EXP 	grating: autoDraw = True
27.6135 	EXP 	New trial (rep=1, index=0): OrderedDict([('FrecEspacial', 1.8), ('Orientation', 0), ('Fase', 0)])
27.6270 	EXP 	grating: autoDraw = False
27.6270 	EXP 	grating: autoDraw = False
27.6270 	EXP 	grating: ori = 0.0
27.6270 	EXP 	grating: sf = array([1.8, 1.8])
27.6270 	EXP 	grating: phase = array([0., 0.])
28.1097 	EXP 	grating: autoDraw = True
29.1109 	EXP 	New trial (rep=1, index=1): OrderedDict([('FrecEspacial', 1.91), ('Orientation', 90), ('Fase', 0)])
29.1248 	EXP 	grating: autoDraw = False
29.1248 	EXP 	grating: autoDraw = False
29.1248 	EXP 	grating: ori = 90.0
29.1248 	EXP 	grating: sf = array([1.91, 1.91])
29.1248 	EXP 	grating: phase = array([0., 0.])
29.6073 	EXP 	grating: autoDraw = True
30.6086 	EXP 	New trial (rep=1, index=2): OrderedDict([('FrecEspacial', 1.94), ('Orientation', 25), ('Fase', 0)])
30.6222 	EXP 	grating: autoDraw = False
30.6222 	EXP 	grating: autoDraw = False
30.6222 	EXP 	grating: ori = 25.0
30.6222 	EXP 	grating: sf = array([1.94, 1.94])
30.6222 	EXP 	grating: phase = array([0., 0.])
31.1050 	EXP 	grating: autoDraw = True
32.1062 	EXP 	New trial (rep=1, index=3): OrderedDict([('FrecEspacial', 1.99), ('Orientation', 0), ('Fase', 0)])
32.1200 	EXP 	grating: autoDraw = False
32.1200 	EXP 	grating: autoDraw = False
32.1200 	EXP 	grating: ori = 0.0
32.1200 	EXP 	grating: sf = array([1.99, 1.99])
32.1200 	EXP 	grating: phase = array([0., 0.])
32.6025 	EXP 	grating: autoDraw = True
33.6040 	EXP 	New trial (rep=1, index=4): OrderedDict([('FrecEspacial', 1.95), ('Orientation', 15), ('Fase', 0)])
33.6176 	EXP 	grating: autoDraw = False
33.6176 	EXP 	grating: autoDraw = False
33.6176 	EXP 	grating: ori = 15.0
33.6176 	EXP 	grating: sf = array([1.95, 1.95])
33.6176 	EXP 	grating: phase = array([0., 0.])
34.1003 	EXP 	grating: autoDraw = True
35.1023 	EXP 	New trial (rep=1, index=5): OrderedDict([('FrecEspacial', 1.93), ('Orientation', 0), ('Fase', 0)])
35.1154 	EXP 	grating: autoDraw = False
35.1154 	EXP 	grating: autoDraw = False
35.1154 	EXP 	grating: ori = 0.0
35.1154 	EXP 	grating: sf = array([1.93, 1.93])
35.1154 	EXP 	grating: phase = array([0., 0.])
35.5981 	EXP 	grating: autoDraw = True
36.5999 	EXP 	New trial (rep=1, index=6): OrderedDict([('FrecEspacial', 1.96), ('Orientation', 0), ('Fase', 0)])
36.6130 	EXP 	grating: autoDraw = False
36.6130 	EXP 	grating: autoDraw = False
36.6130 	EXP 	grating: ori = 0.0
36.6130 	EXP 	grating: sf = array([1.96, 1.96])
36.6130 	EXP 	grating: phase = array([0., 0.])
37.0957 	EXP 	grating: autoDraw = True
38.0969 	EXP 	New trial (rep=1, index=7): OrderedDict([('FrecEspacial', 1.92), ('Orientation', 135), ('Fase', 0)])
38.1110 	EXP 	grating: autoDraw = False
38.1110 	EXP 	grating: autoDraw = False
38.1110 	EXP 	grating: ori = 135.0
38.1110 	EXP 	grating: sf = array([1.92, 1.92])
38.1110 	EXP 	grating: phase = array([0., 0.])
38.5934 	EXP 	grating: autoDraw = True
39.5949 	EXP 	New trial (rep=1, index=8): OrderedDict([('FrecEspacial', 1.97), ('Orientation', 100), ('Fase', 0)])
39.6085 	EXP 	grating: autoDraw = False
39.6085 	EXP 	grating: autoDraw = False
39.6085 	EXP 	grating: ori = 100.0
39.6085 	EXP 	grating: sf = array([1.97, 1.97])
39.6085 	EXP 	grating: phase = array([0., 0.])
40.0912 	EXP 	grating: autoDraw = True
41.0925 	EXP 	New trial (rep=1, index=9): OrderedDict([('FrecEspacial', 1.9), ('Orientation', 45), ('Fase', 0)])
41.1062 	EXP 	grating: autoDraw = False
41.1062 	EXP 	grating: autoDraw = False
41.1062 	EXP 	grating: ori = 45.0
41.1062 	EXP 	grating: sf = array([1.9, 1.9])
41.1062 	EXP 	grating: phase = array([0., 0.])
41.5889 	EXP 	grating: autoDraw = True
42.5900 	EXP 	New trial (rep=2, index=0): OrderedDict([('FrecEspacial', 1.91), ('Orientation', 90), ('Fase', 0)])
42.6039 	EXP 	grating: autoDraw = False
42.6039 	EXP 	grating: autoDraw = False
42.6039 	EXP 	grating: ori = 90.0
42.6039 	EXP 	grating: sf = array([1.91, 1.91])
42.6039 	EXP 	grating: phase = array([0., 0.])
43.0863 	EXP 	grating: autoDraw = True
44.0879 	EXP 	New trial (rep=2, index=1): OrderedDict([('FrecEspacial', 1.99), ('Orientation', 0), ('Fase', 0)])
44.1017 	EXP 	grating: autoDraw = False
44.1017 	EXP 	grating: autoDraw = False
44.1017 	EXP 	grating: ori = 0.0
44.1017 	EXP 	grating: sf = array([1.99, 1.99])
44.1017 	EXP 	grating: phase = array([0., 0.])
44.5842 	EXP 	grating: autoDraw = True
45.5852 	EXP 	New trial (rep=2, index=2): OrderedDict([('FrecEspacial', 1.8), ('Orientation', 0), ('Fase', 0)])
45.5994 	EXP 	grating: autoDraw = False
45.5994 	EXP 	grating: autoDraw = False
45.5994 	EXP 	grating: ori = 0.0
45.5994 	EXP 	grating: sf = array([1.8, 1.8])
45.5994 	EXP 	grating: phase = array([0., 0.])
46.0821 	EXP 	grating: autoDraw = True
47.0827 	EXP 	New trial (rep=2, index=3): OrderedDict([('FrecEspacial', 1.95), ('Orientation', 15), ('Fase', 0)])
47.0969 	EXP 	grating: autoDraw = False
47.0969 	EXP 	grating: autoDraw = False
47.0969 	EXP 	grating: ori = 15.0
47.0969 	EXP 	grating: sf = array([1.95, 1.95])
47.0969 	EXP 	grating: phase = array([0., 0.])
47.5796 	EXP 	grating: autoDraw = True
48.5808 	EXP 	New trial (rep=2, index=4): OrderedDict([('FrecEspacial', 1.97), ('Orientation', 100), ('Fase', 0)])
48.5946 	EXP 	grating: autoDraw = False
48.5946 	EXP 	grating: autoDraw = False
48.5946 	EXP 	grating: ori = 100.0
48.5946 	EXP 	grating: sf = array([1.97, 1.97])
48.5946 	EXP 	grating: phase = array([0., 0.])
49.0773 	EXP 	grating: autoDraw = True
50.0778 	EXP 	New trial (rep=2, index=5): OrderedDict([('FrecEspacial', 1.96), ('Orientation', 0), ('Fase', 0)])
50.0927 	EXP 	grating: autoDraw = False
50.0927 	EXP 	grating: autoDraw = False
50.0927 	EXP 	grating: ori = 0.0
50.0927 	EXP 	grating: sf = array([1.96, 1.96])
50.0927 	EXP 	grating: phase = array([0., 0.])
50.5748 	EXP 	grating: autoDraw = True
51.2434 	DATA 	Keypress: escape
51.5138 	EXP 	window1: mouseVisible = True
