2.1047 	WARNING 	We strongly recommend you activate the PTB sound engine in PsychoPy prefs as the preferred audio engine. Its timing is vastly superior. Your prefs are currently set to use ['sounddevice', 'PTB', 'pyo', 'pygame'] (in that order).
11.0502 	EXP 	Created window1 = Window(allowGUI=False, allowStencil=False, args=UNKNOWN, autoLog=True, bitsMode=UNKNOWN, blendMode='avg', bpc=(8, 8, 8), color=array([0., 0., 0.]), colorSpace='rgb', depthBits=8, fullscr=<method-wrapper '__getattribute__' of attributeSetter object at 0x000001DEFFA0EBE0>, gamma=None, gammaErrorPolicy='raise', kwargs=UNKNOWN, lms=UNKNOWN, monitor=<psychopy.monitors.calibTools.Monitor object at 0x000001DEFF992320>, multiSample=False, name='window1', numSamples=2, pos=[0.0, 0.0], screen=0, size=array([1366,  768]), stencilBits=0, stereo=False, units='height', useFBO=True, useRetina=False, viewOri=0.0, viewPos=None, viewScale=None, waitBlanking=True, winType='pyglet')
11.0506 	EXP 	window1: mouseVisible = True
11.0506 	EXP 	window1: recordFrameIntervals = False
11.2160 	EXP 	window1: recordFrameIntervals = True
11.3993 	EXP 	window1: recordFrameIntervals = False
11.6993 	EXP 	Created InstruccionesGabor = TextStim(__class__=<class 'psychopy.visual.text.TextStim'>, alignHoriz=method-wrapper(...), alignText='center', alignVert=method-wrapper(...), anchorHoriz='center', anchorVert='center', antialias=True, autoLog=True, bold=False, color='white', colorSpace='named', contrast=1.0, depth=0.0, flipHoriz=False, flipVert=False, font='Arial', fontFiles=[], height=0.1, italic=False, languageStyle='LTR', name='InstruccionesGabor', opacity=1.0, ori=0, pos=array([0., 0.]), rgb=array([255., 255., 255.]), text='Bienvenidos\nDescripcion de la tarea', units='height', win=Window(...), wrapWidth=1)
11.7041 	EXP 	Created grating = GratingStim(__class__=<class 'psychopy.visual.grating.GratingStim'>, autoDraw=False, autoLog=True, blendmode='avg', color=array([1., 1., 1.]), colorSpace='rgb', contrast=1.0, depth=0.0, interpolate=True, mask='circle', maskParams=None, name='grating', opacity=1.0, ori=1.0, phase=array([1., 1.]), pos=array([0., 0.]), rgbPedestal=array([0., 0., 0.]), sf=array([1., 1.]), size=array([300., 300.]), tex='sin', texRes=128, units='pix', win=Window(...))
12.2020 	EXP 	InstruccionesGabor: autoDraw = True
13.6403 	EXP 	Imported Gaborparametros.xlsx as conditions, 10 conditions, 3 params
13.6408 	EXP 	Created sequence: random, trialTypes=10, nReps=10, seed=None
13.6412 	EXP 	New trial (rep=0, index=0): OrderedDict([('FrecEspacial', 1.91), ('Orientation', 90), ('Fase', 0.2)])
13.6438 	DATA 	Keypress: space
13.6461 	EXP 	InstruccionesGabor: autoDraw = False
13.6461 	EXP 	grating: ori = 90.0
13.6461 	EXP 	grating: sf = array([1.91, 1.91])
13.6461 	EXP 	grating: phase = array([0.2, 0.2])
14.1629 	EXP 	grating: autoDraw = True
15.1108 	EXP 	New trial (rep=0, index=1): OrderedDict([('FrecEspacial', 1.93), ('Orientation', 35), ('Fase', 0.4)])
15.1265 	EXP 	grating: autoDraw = False
15.1265 	EXP 	grating: ori = 35.0
15.1265 	EXP 	grating: sf = array([1.93, 1.93])
15.1265 	EXP 	grating: phase = array([0.4, 0.4])
15.6092 	EXP 	grating: autoDraw = True
16.6084 	EXP 	New trial (rep=0, index=2): OrderedDict([('FrecEspacial', 1.96), ('Orientation', 120), ('Fase', 0.7)])
16.6242 	EXP 	grating: autoDraw = False
16.6242 	EXP 	grating: ori = 120.0
16.6242 	EXP 	grating: sf = array([1.96, 1.96])
16.6242 	EXP 	grating: phase = array([0.7, 0.7])
17.1068 	EXP 	grating: autoDraw = True
18.1059 	EXP 	New trial (rep=0, index=3): OrderedDict([('FrecEspacial', 1.8), ('Orientation', 110), ('Fase', 0.9)])
18.1227 	EXP 	grating: autoDraw = False
18.1227 	EXP 	grating: ori = 110.0
18.1227 	EXP 	grating: sf = array([1.8, 1.8])
18.1227 	EXP 	grating: phase = array([0.9, 0.9])
18.6045 	EXP 	grating: autoDraw = True
19.6036 	EXP 	New trial (rep=0, index=4): OrderedDict([('FrecEspacial', 1.92), ('Orientation', 135), ('Fase', 0.3)])
19.6197 	EXP 	grating: autoDraw = False
19.6197 	EXP 	grating: ori = 135.0
19.6197 	EXP 	grating: sf = array([1.92, 1.92])
19.6197 	EXP 	grating: phase = array([0.3, 0.3])
20.1021 	EXP 	grating: autoDraw = True
21.1012 	EXP 	New trial (rep=0, index=5): OrderedDict([('FrecEspacial', 1.9), ('Orientation', 45), ('Fase', 0.1)])
21.1173 	EXP 	grating: autoDraw = False
21.1173 	EXP 	grating: ori = 45.0
21.1173 	EXP 	grating: sf = array([1.9, 1.9])
21.1173 	EXP 	grating: phase = array([0.1, 0.1])
21.5999 	EXP 	grating: autoDraw = True
22.6010 	EXP 	New trial (rep=0, index=6): OrderedDict([('FrecEspacial', 1.97), ('Orientation', 100), ('Fase', 0.8)])
22.6149 	EXP 	grating: autoDraw = False
22.6149 	EXP 	grating: autoDraw = False
22.6149 	EXP 	grating: ori = 100.0
22.6149 	EXP 	grating: sf = array([1.97, 1.97])
22.6149 	EXP 	grating: phase = array([0.8, 0.8])
23.0976 	EXP 	grating: autoDraw = True
24.0986 	EXP 	New trial (rep=0, index=7): OrderedDict([('FrecEspacial', 1.99), ('Orientation', 0), ('Fase', 0.0)])
24.1126 	EXP 	grating: autoDraw = False
24.1126 	EXP 	grating: autoDraw = False
24.1126 	EXP 	grating: ori = 0.0
24.1126 	EXP 	grating: sf = array([1.99, 1.99])
24.1126 	EXP 	grating: phase = array([0., 0.])
24.5952 	EXP 	grating: autoDraw = True
25.5964 	EXP 	New trial (rep=0, index=8): OrderedDict([('FrecEspacial', 1.94), ('Orientation', 25), ('Fase', 0.5)])
25.6103 	EXP 	grating: autoDraw = False
25.6103 	EXP 	grating: autoDraw = False
25.6103 	EXP 	grating: ori = 25.0
25.6103 	EXP 	grating: sf = array([1.94, 1.94])
25.6103 	EXP 	grating: phase = array([0.5, 0.5])
26.0929 	EXP 	grating: autoDraw = True
27.0941 	EXP 	New trial (rep=0, index=9): OrderedDict([('FrecEspacial', 1.95), ('Orientation', 15), ('Fase', 0.6)])
27.1080 	EXP 	grating: autoDraw = False
27.1080 	EXP 	grating: autoDraw = False
27.1080 	EXP 	grating: ori = 15.0
27.1080 	EXP 	grating: sf = array([1.95, 1.95])
27.1080 	EXP 	grating: phase = array([0.6, 0.6])
27.5906 	EXP 	grating: autoDraw = True
28.5917 	EXP 	New trial (rep=1, index=0): OrderedDict([('FrecEspacial', 1.93), ('Orientation', 35), ('Fase', 0.4)])
28.6056 	EXP 	grating: autoDraw = False
28.6056 	EXP 	grating: autoDraw = False
28.6056 	EXP 	grating: ori = 35.0
28.6056 	EXP 	grating: sf = array([1.93, 1.93])
28.6056 	EXP 	grating: phase = array([0.4, 0.4])
29.0883 	EXP 	grating: autoDraw = True
30.0897 	EXP 	New trial (rep=1, index=1): OrderedDict([('FrecEspacial', 1.9), ('Orientation', 45), ('Fase', 0.1)])
30.1033 	EXP 	grating: autoDraw = False
30.1033 	EXP 	grating: autoDraw = False
30.1033 	EXP 	grating: ori = 45.0
30.1033 	EXP 	grating: sf = array([1.9, 1.9])
30.1033 	EXP 	grating: phase = array([0.1, 0.1])
30.5859 	EXP 	grating: autoDraw = True
31.5873 	EXP 	New trial (rep=1, index=2): OrderedDict([('FrecEspacial', 1.97), ('Orientation', 100), ('Fase', 0.8)])
31.6009 	EXP 	grating: autoDraw = False
31.6009 	EXP 	grating: autoDraw = False
31.6009 	EXP 	grating: ori = 100.0
31.6009 	EXP 	grating: sf = array([1.97, 1.97])
31.6009 	EXP 	grating: phase = array([0.8, 0.8])
32.0837 	EXP 	grating: autoDraw = True
33.0849 	EXP 	New trial (rep=1, index=3): OrderedDict([('FrecEspacial', 1.92), ('Orientation', 135), ('Fase', 0.3)])
33.0988 	EXP 	grating: autoDraw = False
33.0988 	EXP 	grating: autoDraw = False
33.0988 	EXP 	grating: ori = 135.0
33.0988 	EXP 	grating: sf = array([1.92, 1.92])
33.0988 	EXP 	grating: phase = array([0.3, 0.3])
33.5813 	EXP 	grating: autoDraw = True
34.5825 	EXP 	New trial (rep=1, index=4): OrderedDict([('FrecEspacial', 1.94), ('Orientation', 25), ('Fase', 0.5)])
34.5964 	EXP 	grating: autoDraw = False
34.5964 	EXP 	grating: autoDraw = False
34.5964 	EXP 	grating: ori = 25.0
34.5964 	EXP 	grating: sf = array([1.94, 1.94])
34.5964 	EXP 	grating: phase = array([0.5, 0.5])
35.0791 	EXP 	grating: autoDraw = True
36.0802 	EXP 	New trial (rep=1, index=5): OrderedDict([('FrecEspacial', 1.91), ('Orientation', 90), ('Fase', 0.2)])
36.0945 	EXP 	grating: autoDraw = False
36.0945 	EXP 	grating: autoDraw = False
36.0945 	EXP 	grating: ori = 90.0
36.0945 	EXP 	grating: sf = array([1.91, 1.91])
36.0945 	EXP 	grating: phase = array([0.2, 0.2])
36.5767 	EXP 	grating: autoDraw = True
37.5780 	EXP 	New trial (rep=1, index=6): OrderedDict([('FrecEspacial', 1.8), ('Orientation', 110), ('Fase', 0.9)])
37.5918 	EXP 	grating: autoDraw = False
37.5918 	EXP 	grating: autoDraw = False
37.5918 	EXP 	grating: ori = 110.0
37.5918 	EXP 	grating: sf = array([1.8, 1.8])
37.5918 	EXP 	grating: phase = array([0.9, 0.9])
38.0742 	EXP 	grating: autoDraw = True
39.0757 	EXP 	New trial (rep=1, index=7): OrderedDict([('FrecEspacial', 1.95), ('Orientation', 15), ('Fase', 0.6)])
39.0898 	EXP 	grating: autoDraw = False
39.0898 	EXP 	grating: autoDraw = False
39.0898 	EXP 	grating: ori = 15.0
39.0898 	EXP 	grating: sf = array([1.95, 1.95])
39.0898 	EXP 	grating: phase = array([0.6, 0.6])
39.5720 	EXP 	grating: autoDraw = True
40.5734 	EXP 	New trial (rep=1, index=8): OrderedDict([('FrecEspacial', 1.96), ('Orientation', 120), ('Fase', 0.7)])
40.5871 	EXP 	grating: autoDraw = False
40.5871 	EXP 	grating: autoDraw = False
40.5871 	EXP 	grating: ori = 120.0
40.5871 	EXP 	grating: sf = array([1.96, 1.96])
40.5871 	EXP 	grating: phase = array([0.7, 0.7])
41.0697 	EXP 	grating: autoDraw = True
42.0705 	EXP 	New trial (rep=1, index=9): OrderedDict([('FrecEspacial', 1.99), ('Orientation', 0), ('Fase', 0.0)])
42.0848 	EXP 	grating: autoDraw = False
42.0848 	EXP 	grating: autoDraw = False
42.0848 	EXP 	grating: ori = 0.0
42.0848 	EXP 	grating: sf = array([1.99, 1.99])
42.0848 	EXP 	grating: phase = array([0., 0.])
42.5674 	EXP 	grating: autoDraw = True
43.4022 	DATA 	Keypress: escape
43.5542 	EXP 	New trial (rep=2, index=0): OrderedDict([('FrecEspacial', 1.99), ('Orientation', 0), ('Fase', 0.0)])
43.5658 	EXP 	grating: autoDraw = False
43.5658 	EXP 	grating: autoDraw = False
43.5658 	EXP 	grating: ori = 0.0
43.5658 	EXP 	grating: sf = array([1.99, 1.99])
43.5658 	EXP 	grating: phase = array([0., 0.])
43.6415 	EXP 	window1: mouseVisible = True
