1.9542 	WARNING 	We strongly recommend you activate the PTB sound engine in PsychoPy prefs as the preferred audio engine. Its timing is vastly superior. Your prefs are currently set to use ['sounddevice', 'PTB', 'pyo', 'pygame'] (in that order).
10.8807 	WARNING 	User requested fullscreen with size [1024  768], but screen is actually [1366, 768]. Using actual size
12.8780 	EXP 	Created window1 = Window(allowGUI=False, allowStencil=False, args=UNKNOWN, autoLog=True, bitsMode=UNKNOWN, blendMode='avg', bpc=(8, 8, 8), color=array([0., 0., 0.]), colorSpace='rgb', depthBits=8, fullscr=<method-wrapper '__getattribute__' of attributeSetter object at 0x000001A0FFCE5898>, gamma=None, gammaErrorPolicy='raise', kwargs=UNKNOWN, lms=UNKNOWN, monitor=<psychopy.monitors.calibTools.Monitor object at 0x000001A0FFC5EF98>, multiSample=False, name='window1', numSamples=2, pos=[0.0, 0.0], screen=0, size=array([1366,  768]), stencilBits=0, stereo=False, units='height', useFBO=True, useRetina=False, viewOri=0.0, viewPos=None, viewScale=None, waitBlanking=True, winType='pyglet')
12.8783 	EXP 	window1: mouseVisible = True
12.8783 	EXP 	window1: recordFrameIntervals = False
13.0437 	EXP 	window1: recordFrameIntervals = True
13.2271 	EXP 	window1: recordFrameIntervals = False
13.7373 	EXP 	Created InstruccionesGabor = TextStim(__class__=<class 'psychopy.visual.text.TextStim'>, alignHoriz=method-wrapper(...), alignText='center', alignVert=method-wrapper(...), anchorHoriz='center', anchorVert='center', antialias=True, autoLog=True, bold=False, color='white', colorSpace='named', contrast=1.0, depth=0.0, flipHoriz=False, flipVert=False, font='Arial', fontFiles=[], height=0.1, italic=False, languageStyle='LTR', name='InstruccionesGabor', opacity=1.0, ori=0, pos=array([0., 0.]), rgb=array([255., 255., 255.]), text='Bienvenidos\nDescripcion de la tarea', units='height', win=Window(...), wrapWidth=1)
13.7426 	EXP 	Created grating = GratingStim(__class__=<class 'psychopy.visual.grating.GratingStim'>, autoDraw=False, autoLog=True, blendmode='avg', color=array([1., 1., 1.]), colorSpace='rgb', contrast=1.0, depth=0.0, interpolate=True, mask=None, maskParams=None, name='grating', opacity=1.0, ori=0.0, phase=array([0., 0.]), pos=array([0., 0.]), rgbPedestal=array([0., 0., 0.]), sf=array([1., 1.]), size=array([0.5, 0.5]), tex='sin', texRes=128, units='height', win=Window(...))
13.8021 	EXP 	grating: mask = 'circle'
14.2793 	EXP 	InstruccionesGabor: autoDraw = True
19.3051 	EXP 	Created sequence: random, trialTypes=1, nReps=10, seed=None
19.3054 	EXP 	New trial (rep=0, index=0): None
19.3080 	DATA 	Keypress: space
19.3174 	EXP 	InstruccionesGabor: autoDraw = False
19.8169 	EXP 	grating: autoDraw = True
20.8158 	EXP 	New trial (rep=1, index=0): None
20.8318 	EXP 	grating: autoDraw = False
21.3143 	EXP 	grating: autoDraw = True
22.3136 	EXP 	New trial (rep=2, index=0): None
22.3293 	EXP 	grating: autoDraw = False
22.8120 	EXP 	grating: autoDraw = True
23.8112 	EXP 	New trial (rep=3, index=0): None
23.8271 	EXP 	grating: autoDraw = False
24.3097 	EXP 	grating: autoDraw = True
25.1445 	DATA 	Keypress: escape
25.3934 	EXP 	window1: mouseVisible = True
