2.2650 	WARNING 	We strongly recommend you activate the PTB sound engine in PsychoPy prefs as the preferred audio engine. Its timing is vastly superior. Your prefs are currently set to use ['sounddevice', 'PTB', 'pyo', 'pygame'] (in that order).
14.1921 	WARNING 	User requested fullscreen with size [1024  768], but screen is actually [1366, 768]. Using actual size
18.2032 	EXP 	Created window1 = Window(allowGUI=False, allowStencil=False, args=UNKNOWN, autoLog=True, bitsMode=UNKNOWN, blendMode='avg', bpc=(8, 8, 8), color=array([0., 0., 0.]), colorSpace='rgb', depthBits=8, fullscr=<method-wrapper '__getattribute__' of attributeSetter object at 0x000002C49FC85898>, gamma=None, gammaErrorPolicy='raise', kwargs=UNKNOWN, lms=UNKNOWN, monitor=<psychopy.monitors.calibTools.Monitor object at 0x000002C49FBFFF98>, multiSample=False, name='window1', numSamples=2, pos=[0.0, 0.0], screen=0, size=array([1366,  768]), stencilBits=0, stereo=False, units='height', useFBO=True, useRetina=False, viewOri=0.0, viewPos=None, viewScale=None, waitBlanking=True, winType='pyglet')
18.2036 	EXP 	window1: mouseVisible = True
18.2036 	EXP 	window1: recordFrameIntervals = False
18.3683 	EXP 	window1: recordFrameIntervals = True
18.5520 	EXP 	window1: recordFrameIntervals = False
18.9069 	EXP 	Created InstruccionesGabor = TextStim(__class__=<class 'psychopy.visual.text.TextStim'>, alignHoriz=method-wrapper(...), alignText='center', alignVert=method-wrapper(...), anchorHoriz='center', anchorVert='center', antialias=True, autoLog=True, bold=False, color='white', colorSpace='named', contrast=1.0, depth=0.0, flipHoriz=False, flipVert=False, font='Arial', fontFiles=[], height=0.1, italic=False, languageStyle='LTR', name='InstruccionesGabor', opacity=1.0, ori=0, pos=array([0., 0.]), rgb=array([255., 255., 255.]), text='Bienvenidos\nDescripcion de la tarea', units='height', win=Window(...), wrapWidth=1)
18.9115 	EXP 	Created grating = GratingStim(__class__=<class 'psychopy.visual.grating.GratingStim'>, autoDraw=False, autoLog=True, blendmode='avg', color=array([1., 1., 1.]), colorSpace='rgb', contrast=1.0, depth=0.0, interpolate=True, mask='none', maskParams=None, name='grating', opacity=1.0, ori=0.0, phase=array([0., 0.]), pos=array([0., 0.]), rgbPedestal=array([0., 0., 0.]), sf=array([1., 1.]), size=array([0.5, 0.5]), tex='sin', texRes=128, units='height', win=Window(...))
18.9903 	EXP 	grating: mask = 'circle'
18.9903 	EXP 	grating: ori = 0.0
18.9903 	EXP 	grating: pos = [-150, 0]
18.9903 	EXP 	grating: ori = 45.0
18.9903 	EXP 	grating: pos = [-50, 0]
18.9903 	EXP 	grating: ori = 90.0
18.9903 	EXP 	grating: pos = [50, 0]
18.9903 	EXP 	grating: ori = 135.0
18.9903 	EXP 	grating: pos = [150, 0]
19.4723 	EXP 	InstruccionesGabor: autoDraw = True
21.8377 	EXP 	Created sequence: random, trialTypes=1, nReps=10, seed=None
21.8384 	EXP 	New trial (rep=0, index=0): None
21.8407 	DATA 	Keypress: space
21.8463 	EXP 	InstruccionesGabor: autoDraw = False
22.3453 	EXP 	grating: autoDraw = True
23.3456 	EXP 	New trial (rep=1, index=0): None
23.3605 	EXP 	grating: autoDraw = False
23.8428 	EXP 	grating: autoDraw = True
24.8281 	EXP 	New trial (rep=2, index=0): None
24.8423 	EXP 	grating: autoDraw = False
24.8423 	EXP 	grating: autoDraw = False
25.3249 	EXP 	grating: autoDraw = True
26.3246 	EXP 	New trial (rep=3, index=0): None
26.3389 	EXP 	grating: autoDraw = False
26.3389 	EXP 	grating: autoDraw = False
26.6081 	DATA 	Keypress: space
26.8216 	EXP 	grating: autoDraw = True
27.2403 	DATA 	Keypress: space
27.4229 	DATA 	Keypress: space
27.8069 	EXP 	New trial (rep=4, index=0): None
27.8201 	EXP 	grating: autoDraw = False
27.8201 	EXP 	grating: autoDraw = False
28.3025 	EXP 	grating: autoDraw = True
28.3889 	DATA 	Keypress: escape
28.6641 	EXP 	window1: mouseVisible = True
