2.1190 	WARNING 	We strongly recommend you activate the PTB sound engine in PsychoPy prefs as the preferred audio engine. Its timing is vastly superior. Your prefs are currently set to use ['sounddevice', 'PTB', 'pyo', 'pygame'] (in that order).
11.3847 	EXP 	Created window1 = Window(allowGUI=False, allowStencil=False, args=UNKNOWN, autoLog=True, bitsMode=UNKNOWN, blendMode='avg', bpc=(8, 8, 8), color=array([0., 0., 0.]), colorSpace='rgb', depthBits=8, fullscr=<method-wrapper '__getattribute__' of attributeSetter object at 0x000001A7851B9BE0>, gamma=None, gammaErrorPolicy='raise', kwargs=UNKNOWN, lms=UNKNOWN, monitor=<psychopy.monitors.calibTools.Monitor object at 0x000001A785144320>, multiSample=False, name='window1', numSamples=2, pos=[0.0, 0.0], screen=0, size=array([1366,  768]), stencilBits=0, stereo=False, units='height', useFBO=True, useRetina=False, viewOri=0.0, viewPos=None, viewScale=None, waitBlanking=True, winType='pyglet')
11.3851 	EXP 	window1: mouseVisible = True
11.3852 	EXP 	window1: recordFrameIntervals = False
11.5506 	EXP 	window1: recordFrameIntervals = True
11.7337 	EXP 	window1: recordFrameIntervals = False
12.0362 	EXP 	Created InstruccionesGabor = TextStim(__class__=<class 'psychopy.visual.text.TextStim'>, alignHoriz=method-wrapper(...), alignText='center', alignVert=method-wrapper(...), anchorHoriz='center', anchorVert='center', antialias=True, autoLog=True, bold=False, color='white', colorSpace='named', contrast=1.0, depth=0.0, flipHoriz=False, flipVert=False, font='Arial', fontFiles=[], height=0.1, italic=False, languageStyle='LTR', name='InstruccionesGabor', opacity=1.0, ori=0, pos=array([0., 0.]), rgb=array([255., 255., 255.]), text='Bienvenidos\nDescripcion de la tarea', units='height', win=Window(...), wrapWidth=1)
12.0417 	EXP 	Created grating = GratingStim(__class__=<class 'psychopy.visual.grating.GratingStim'>, autoDraw=False, autoLog=True, blendmode='avg', color=array([1., 1., 1.]), colorSpace='rgb', contrast=1.0, depth=0.0, interpolate=True, mask='circle', maskParams=None, name='grating', opacity=1.0, ori=0.0, phase=array([1., 1.]), pos=array([0., 0.]), rgbPedestal=array([0., 0., 0.]), sf=array([1., 1.]), size=array([200., 200.]), tex='sin', texRes=128, units='pix', win=Window(...))
12.5532 	EXP 	InstruccionesGabor: autoDraw = True
13.9593 	EXP 	Imported Gaborparametros.xlsx as conditions, 10 conditions, 3 params
13.9599 	EXP 	Created sequence: random, trialTypes=10, nReps=10, seed=None
13.9603 	EXP 	New trial (rep=0, index=0): OrderedDict([('FrecEspacial', 0.7), ('Orientation', 100), ('Fase', 0.8)])
13.9628 	DATA 	Keypress: space
13.9651 	EXP 	InstruccionesGabor: autoDraw = False
13.9651 	EXP 	grating: sf = array([0.7, 0.7])
13.9651 	EXP 	grating: phase = array([0.8, 0.8])
14.4808 	EXP 	grating: autoDraw = True
15.4288 	EXP 	New trial (rep=0, index=1): OrderedDict([('FrecEspacial', 1.7), ('Orientation', 120), ('Fase', 0.7)])
15.4444 	EXP 	grating: autoDraw = False
15.4444 	EXP 	grating: sf = array([1.7, 1.7])
15.4444 	EXP 	grating: phase = array([0.7, 0.7])
15.9270 	EXP 	grating: autoDraw = True
16.9262 	EXP 	New trial (rep=0, index=2): OrderedDict([('FrecEspacial', 1.3), ('Orientation', 135), ('Fase', 0.3)])
16.9420 	EXP 	grating: autoDraw = False
16.9420 	EXP 	grating: sf = array([1.3, 1.3])
16.9420 	EXP 	grating: phase = array([0.3, 0.3])
17.4246 	EXP 	grating: autoDraw = True
18.4236 	EXP 	New trial (rep=0, index=3): OrderedDict([('FrecEspacial', 0.75), ('Orientation', 45), ('Fase', 0.1)])
18.4399 	EXP 	grating: autoDraw = False
18.4399 	EXP 	grating: sf = array([0.75, 0.75])
18.4399 	EXP 	grating: phase = array([0.1, 0.1])
18.9223 	EXP 	grating: autoDraw = True
19.9216 	EXP 	New trial (rep=0, index=4): OrderedDict([('FrecEspacial', 0.6), ('Orientation', 35), ('Fase', 0.4)])
19.9374 	EXP 	grating: autoDraw = False
19.9374 	EXP 	grating: sf = array([0.6, 0.6])
19.9374 	EXP 	grating: phase = array([0.4, 0.4])
20.4203 	EXP 	grating: autoDraw = True
21.1718 	DATA 	Keypress: escape
21.4419 	EXP 	window1: mouseVisible = True
