2.1207 	WARNING 	We strongly recommend you activate the PTB sound engine in PsychoPy prefs as the preferred audio engine. Its timing is vastly superior. Your prefs are currently set to use ['sounddevice', 'PTB', 'pyo', 'pygame'] (in that order).
12.7825 	EXP 	Created window1 = Window(allowGUI=False, allowStencil=False, args=UNKNOWN, autoLog=True, bitsMode=UNKNOWN, blendMode='avg', bpc=(8, 8, 8), color=array([0., 0., 0.]), colorSpace='rgb', depthBits=8, fullscr=<method-wrapper '__getattribute__' of attributeSetter object at 0x0000019E2F70EBE0>, gamma=None, gammaErrorPolicy='raise', kwargs=UNKNOWN, lms=UNKNOWN, monitor=<psychopy.monitors.calibTools.Monitor object at 0x0000019E2F692320>, multiSample=False, name='window1', numSamples=2, pos=[0.0, 0.0], screen=0, size=array([1366,  768]), stencilBits=0, stereo=False, units='height', useFBO=True, useRetina=False, viewOri=0.0, viewPos=None, viewScale=None, waitBlanking=True, winType='pyglet')
12.7829 	EXP 	window1: mouseVisible = True
12.7829 	EXP 	window1: recordFrameIntervals = False
12.9483 	EXP 	window1: recordFrameIntervals = True
13.1316 	EXP 	window1: recordFrameIntervals = False
13.4324 	EXP 	Created InstruccionesGabor = TextStim(__class__=<class 'psychopy.visual.text.TextStim'>, alignHoriz=method-wrapper(...), alignText='center', alignVert=method-wrapper(...), anchorHoriz='center', anchorVert='center', antialias=True, autoLog=True, bold=False, color='white', colorSpace='named', contrast=1.0, depth=0.0, flipHoriz=False, flipVert=False, font='Arial', fontFiles=[], height=0.1, italic=False, languageStyle='LTR', name='InstruccionesGabor', opacity=1.0, ori=0, pos=array([0., 0.]), rgb=array([255., 255., 255.]), text='Bienvenidos\nDescripcion de la tarea', units='height', win=Window(...), wrapWidth=1)
13.4373 	EXP 	Created grating = GratingStim(__class__=<class 'psychopy.visual.grating.GratingStim'>, autoDraw=False, autoLog=True, blendmode='avg', color=array([1., 1., 1.]), colorSpace='rgb', contrast=1.0, depth=0.0, interpolate=True, mask='circle', maskParams=None, name='grating', opacity=1.0, ori=1.0, phase=array([1., 1.]), pos=array([0., 0.]), rgbPedestal=array([0., 0., 0.]), sf=array([1., 1.]), size=array([200., 200.]), tex='sin', texRes=128, units='pix', win=Window(...))
13.9343 	EXP 	InstruccionesGabor: autoDraw = True
15.8055 	EXP 	Imported Gaborparametros.xlsx as conditions, 10 conditions, 3 params
15.8061 	EXP 	Created sequence: random, trialTypes=10, nReps=10, seed=None
15.8065 	EXP 	New trial (rep=0, index=0): OrderedDict([('FrecEspacial', 1.9), ('Orientation', 45), ('Fase', 0.1)])
15.8089 	DATA 	Keypress: space
15.8112 	EXP 	InstruccionesGabor: autoDraw = False
15.8112 	EXP 	grating: ori = 45.0
15.8112 	EXP 	grating: sf = array([1.9, 1.9])
15.8112 	EXP 	grating: phase = array([0.1, 0.1])
16.3278 	EXP 	grating: autoDraw = True
17.2759 	EXP 	New trial (rep=0, index=1): OrderedDict([('FrecEspacial', 1.93), ('Orientation', 35), ('Fase', 0.4)])
17.2916 	EXP 	grating: autoDraw = False
17.2916 	EXP 	grating: ori = 35.0
17.2916 	EXP 	grating: sf = array([1.93, 1.93])
17.2916 	EXP 	grating: phase = array([0.4, 0.4])
17.7745 	EXP 	grating: autoDraw = True
18.7734 	EXP 	New trial (rep=0, index=2): OrderedDict([('FrecEspacial', 1.95), ('Orientation', 15), ('Fase', 0.6)])
18.7892 	EXP 	grating: autoDraw = False
18.7892 	EXP 	grating: ori = 15.0
18.7892 	EXP 	grating: sf = array([1.95, 1.95])
18.7892 	EXP 	grating: phase = array([0.6, 0.6])
19.2719 	EXP 	grating: autoDraw = True
20.2711 	EXP 	New trial (rep=0, index=3): OrderedDict([('FrecEspacial', 1.97), ('Orientation', 100), ('Fase', 0.8)])
20.2870 	EXP 	grating: autoDraw = False
20.2870 	EXP 	grating: ori = 100.0
20.2870 	EXP 	grating: sf = array([1.97, 1.97])
20.2870 	EXP 	grating: phase = array([0.8, 0.8])
20.7695 	EXP 	grating: autoDraw = True
21.7697 	EXP 	New trial (rep=0, index=4): OrderedDict([('FrecEspacial', 1.94), ('Orientation', 25), ('Fase', 0.5)])
21.7846 	EXP 	grating: autoDraw = False
21.7846 	EXP 	grating: ori = 25.0
21.7846 	EXP 	grating: sf = array([1.94, 1.94])
21.7846 	EXP 	grating: phase = array([0.5, 0.5])
22.2673 	EXP 	grating: autoDraw = True
23.2664 	EXP 	New trial (rep=0, index=5): OrderedDict([('FrecEspacial', 1.91), ('Orientation', 90), ('Fase', 0.2)])
23.2823 	EXP 	grating: autoDraw = False
23.2823 	EXP 	grating: ori = 90.0
23.2823 	EXP 	grating: sf = array([1.91, 1.91])
23.2823 	EXP 	grating: phase = array([0.2, 0.2])
23.7649 	EXP 	grating: autoDraw = True
24.7661 	EXP 	New trial (rep=0, index=6): OrderedDict([('FrecEspacial', 1.99), ('Orientation', 0), ('Fase', 0.0)])
24.7799 	EXP 	grating: autoDraw = False
24.7799 	EXP 	grating: autoDraw = False
24.7799 	EXP 	grating: ori = 0.0
24.7799 	EXP 	grating: sf = array([1.99, 1.99])
24.7799 	EXP 	grating: phase = array([0., 0.])
25.2626 	EXP 	grating: autoDraw = True
26.2639 	EXP 	New trial (rep=0, index=7): OrderedDict([('FrecEspacial', 1.96), ('Orientation', 120), ('Fase', 0.7)])
26.2778 	EXP 	grating: autoDraw = False
26.2778 	EXP 	grating: autoDraw = False
26.2778 	EXP 	grating: ori = 120.0
26.2778 	EXP 	grating: sf = array([1.96, 1.96])
26.2778 	EXP 	grating: phase = array([0.7, 0.7])
26.7602 	EXP 	grating: autoDraw = True
27.7608 	EXP 	New trial (rep=0, index=8): OrderedDict([('FrecEspacial', 1.8), ('Orientation', 110), ('Fase', 0.9)])
27.7755 	EXP 	grating: autoDraw = False
27.7755 	EXP 	grating: autoDraw = False
27.7755 	EXP 	grating: ori = 110.0
27.7755 	EXP 	grating: sf = array([1.8, 1.8])
27.7755 	EXP 	grating: phase = array([0.9, 0.9])
28.2579 	EXP 	grating: autoDraw = True
29.2592 	EXP 	New trial (rep=0, index=9): OrderedDict([('FrecEspacial', 1.92), ('Orientation', 135), ('Fase', 0.3)])
29.2730 	EXP 	grating: autoDraw = False
29.2730 	EXP 	grating: autoDraw = False
29.2730 	EXP 	grating: ori = 135.0
29.2730 	EXP 	grating: sf = array([1.92, 1.92])
29.2730 	EXP 	grating: phase = array([0.3, 0.3])
29.7557 	EXP 	grating: autoDraw = True
30.7570 	EXP 	New trial (rep=1, index=0): OrderedDict([('FrecEspacial', 1.96), ('Orientation', 120), ('Fase', 0.7)])
30.7708 	EXP 	grating: autoDraw = False
30.7708 	EXP 	grating: autoDraw = False
30.7708 	EXP 	grating: ori = 120.0
30.7708 	EXP 	grating: sf = array([1.96, 1.96])
30.7708 	EXP 	grating: phase = array([0.7, 0.7])
31.2533 	EXP 	grating: autoDraw = True
32.2550 	EXP 	New trial (rep=1, index=1): OrderedDict([('FrecEspacial', 1.91), ('Orientation', 90), ('Fase', 0.2)])
32.2686 	EXP 	grating: autoDraw = False
32.2686 	EXP 	grating: autoDraw = False
32.2686 	EXP 	grating: ori = 90.0
32.2686 	EXP 	grating: sf = array([1.91, 1.91])
32.2686 	EXP 	grating: phase = array([0.2, 0.2])
32.7510 	EXP 	grating: autoDraw = True
33.7524 	EXP 	New trial (rep=1, index=2): OrderedDict([('FrecEspacial', 1.97), ('Orientation', 100), ('Fase', 0.8)])
33.7663 	EXP 	grating: autoDraw = False
33.7663 	EXP 	grating: autoDraw = False
33.7663 	EXP 	grating: ori = 100.0
33.7663 	EXP 	grating: sf = array([1.97, 1.97])
33.7663 	EXP 	grating: phase = array([0.8, 0.8])
34.2485 	EXP 	grating: autoDraw = True
35.2500 	EXP 	New trial (rep=1, index=3): OrderedDict([('FrecEspacial', 1.9), ('Orientation', 45), ('Fase', 0.1)])
35.2637 	EXP 	grating: autoDraw = False
35.2637 	EXP 	grating: autoDraw = False
35.2637 	EXP 	grating: ori = 45.0
35.2637 	EXP 	grating: sf = array([1.9, 1.9])
35.2637 	EXP 	grating: phase = array([0.1, 0.1])
35.7464 	EXP 	grating: autoDraw = True
36.7487 	EXP 	New trial (rep=1, index=4): OrderedDict([('FrecEspacial', 1.8), ('Orientation', 110), ('Fase', 0.9)])
36.7614 	EXP 	grating: autoDraw = False
36.7614 	EXP 	grating: autoDraw = False
36.7614 	EXP 	grating: ori = 110.0
36.7614 	EXP 	grating: sf = array([1.8, 1.8])
36.7614 	EXP 	grating: phase = array([0.9, 0.9])
37.2439 	EXP 	grating: autoDraw = True
38.2454 	EXP 	New trial (rep=1, index=5): OrderedDict([('FrecEspacial', 1.94), ('Orientation', 25), ('Fase', 0.5)])
38.2591 	EXP 	grating: autoDraw = False
38.2591 	EXP 	grating: autoDraw = False
38.2591 	EXP 	grating: ori = 25.0
38.2591 	EXP 	grating: sf = array([1.94, 1.94])
38.2591 	EXP 	grating: phase = array([0.5, 0.5])
38.7417 	EXP 	grating: autoDraw = True
39.7431 	EXP 	New trial (rep=1, index=6): OrderedDict([('FrecEspacial', 1.93), ('Orientation', 35), ('Fase', 0.4)])
39.7569 	EXP 	grating: autoDraw = False
39.7569 	EXP 	grating: autoDraw = False
39.7569 	EXP 	grating: ori = 35.0
39.7569 	EXP 	grating: sf = array([1.93, 1.93])
39.7569 	EXP 	grating: phase = array([0.4, 0.4])
40.2393 	EXP 	grating: autoDraw = True
41.2407 	EXP 	New trial (rep=1, index=7): OrderedDict([('FrecEspacial', 1.92), ('Orientation', 135), ('Fase', 0.3)])
41.2545 	EXP 	grating: autoDraw = False
41.2545 	EXP 	grating: autoDraw = False
41.2545 	EXP 	grating: ori = 135.0
41.2545 	EXP 	grating: sf = array([1.92, 1.92])
41.2545 	EXP 	grating: phase = array([0.3, 0.3])
41.7372 	EXP 	grating: autoDraw = True
42.7383 	EXP 	New trial (rep=1, index=8): OrderedDict([('FrecEspacial', 1.99), ('Orientation', 0), ('Fase', 0.0)])
42.7522 	EXP 	grating: autoDraw = False
42.7522 	EXP 	grating: autoDraw = False
42.7522 	EXP 	grating: ori = 0.0
42.7522 	EXP 	grating: sf = array([1.99, 1.99])
42.7522 	EXP 	grating: phase = array([0., 0.])
43.2348 	EXP 	grating: autoDraw = True
44.2358 	EXP 	New trial (rep=1, index=9): OrderedDict([('FrecEspacial', 1.95), ('Orientation', 15), ('Fase', 0.6)])
44.2498 	EXP 	grating: autoDraw = False
44.2498 	EXP 	grating: autoDraw = False
44.2498 	EXP 	grating: ori = 15.0
44.2498 	EXP 	grating: sf = array([1.95, 1.95])
44.2498 	EXP 	grating: phase = array([0.6, 0.6])
44.7323 	EXP 	grating: autoDraw = True
45.7329 	EXP 	New trial (rep=2, index=0): OrderedDict([('FrecEspacial', 1.9), ('Orientation', 45), ('Fase', 0.1)])
45.7475 	EXP 	grating: autoDraw = False
45.7475 	EXP 	grating: autoDraw = False
45.7475 	EXP 	grating: ori = 45.0
45.7475 	EXP 	grating: sf = array([1.9, 1.9])
45.7475 	EXP 	grating: phase = array([0.1, 0.1])
46.2301 	EXP 	grating: autoDraw = True
47.2313 	EXP 	New trial (rep=2, index=1): OrderedDict([('FrecEspacial', 1.95), ('Orientation', 15), ('Fase', 0.6)])
47.2452 	EXP 	grating: autoDraw = False
47.2452 	EXP 	grating: autoDraw = False
47.2452 	EXP 	grating: ori = 15.0
47.2452 	EXP 	grating: sf = array([1.95, 1.95])
47.2452 	EXP 	grating: phase = array([0.6, 0.6])
47.7279 	EXP 	grating: autoDraw = True
48.7292 	EXP 	New trial (rep=2, index=2): OrderedDict([('FrecEspacial', 1.92), ('Orientation', 135), ('Fase', 0.3)])
48.7429 	EXP 	grating: autoDraw = False
48.7429 	EXP 	grating: autoDraw = False
48.7429 	EXP 	grating: ori = 135.0
48.7429 	EXP 	grating: sf = array([1.92, 1.92])
48.7429 	EXP 	grating: phase = array([0.3, 0.3])
49.2255 	EXP 	grating: autoDraw = True
50.2268 	EXP 	New trial (rep=2, index=3): OrderedDict([('FrecEspacial', 1.94), ('Orientation', 25), ('Fase', 0.5)])
50.2406 	EXP 	grating: autoDraw = False
50.2406 	EXP 	grating: autoDraw = False
50.2406 	EXP 	grating: ori = 25.0
50.2406 	EXP 	grating: sf = array([1.94, 1.94])
50.2406 	EXP 	grating: phase = array([0.5, 0.5])
50.7232 	EXP 	grating: autoDraw = True
51.7244 	EXP 	New trial (rep=2, index=4): OrderedDict([('FrecEspacial', 1.91), ('Orientation', 90), ('Fase', 0.2)])
51.7381 	EXP 	grating: autoDraw = False
51.7381 	EXP 	grating: autoDraw = False
51.7381 	EXP 	grating: ori = 90.0
51.7381 	EXP 	grating: sf = array([1.91, 1.91])
51.7381 	EXP 	grating: phase = array([0.2, 0.2])
52.2210 	EXP 	grating: autoDraw = True
53.2056 	DATA 	Keypress: space
53.2221 	EXP 	New trial (rep=2, index=5): OrderedDict([('FrecEspacial', 1.93), ('Orientation', 35), ('Fase', 0.4)])
53.2360 	EXP 	grating: autoDraw = False
53.2360 	EXP 	grating: autoDraw = False
53.2360 	EXP 	grating: ori = 35.0
53.2360 	EXP 	grating: sf = array([1.93, 1.93])
53.2360 	EXP 	grating: phase = array([0.4, 0.4])
53.7185 	EXP 	grating: autoDraw = True
54.7202 	EXP 	New trial (rep=2, index=6): OrderedDict([('FrecEspacial', 1.99), ('Orientation', 0), ('Fase', 0.0)])
54.7337 	EXP 	grating: autoDraw = False
54.7337 	EXP 	grating: autoDraw = False
54.7337 	EXP 	grating: ori = 0.0
54.7337 	EXP 	grating: sf = array([1.99, 1.99])
54.7337 	EXP 	grating: phase = array([0., 0.])
54.9696 	DATA 	Keypress: escape
55.1848 	EXP 	window1: mouseVisible = True
