2.0928 	WARNING 	We strongly recommend you activate the PTB sound engine in PsychoPy prefs as the preferred audio engine. Its timing is vastly superior. Your prefs are currently set to use ['sounddevice', 'PTB', 'pyo', 'pygame'] (in that order).
10.8268 	EXP 	Created window1 = Window(allowGUI=False, allowStencil=False, args=UNKNOWN, autoLog=True, bitsMode=UNKNOWN, blendMode='avg', bpc=(8, 8, 8), color=array([0., 0., 0.]), colorSpace='rgb', depthBits=8, fullscr=<method-wrapper '__getattribute__' of attributeSetter object at 0x000002B4F5F9EBE0>, gamma=None, gammaErrorPolicy='raise', kwargs=UNKNOWN, lms=UNKNOWN, monitor=<psychopy.monitors.calibTools.Monitor object at 0x000002B4F5F22320>, multiSample=False, name='window1', numSamples=2, pos=[0.0, 0.0], screen=0, size=array([1366,  768]), stencilBits=0, stereo=False, units='height', useFBO=True, useRetina=False, viewOri=0.0, viewPos=None, viewScale=None, waitBlanking=True, winType='pyglet')
10.8272 	EXP 	window1: mouseVisible = True
10.8272 	EXP 	window1: recordFrameIntervals = False
10.9925 	EXP 	window1: recordFrameIntervals = True
11.1758 	EXP 	window1: recordFrameIntervals = False
11.4805 	EXP 	Created InstruccionesGabor = TextStim(__class__=<class 'psychopy.visual.text.TextStim'>, alignHoriz=method-wrapper(...), alignText='center', alignVert=method-wrapper(...), anchorHoriz='center', anchorVert='center', antialias=True, autoLog=True, bold=False, color='white', colorSpace='named', contrast=1.0, depth=0.0, flipHoriz=False, flipVert=False, font='Arial', fontFiles=[], height=0.1, italic=False, languageStyle='LTR', name='InstruccionesGabor', opacity=1.0, ori=0, pos=array([0., 0.]), rgb=array([255., 255., 255.]), text='Bienvenidos\nDescripcion de la tarea', units='height', win=Window(...), wrapWidth=1)
11.4854 	EXP 	Created grating = GratingStim(__class__=<class 'psychopy.visual.grating.GratingStim'>, autoDraw=False, autoLog=True, blendmode='avg', color=array([1., 1., 1.]), colorSpace='rgb', contrast=1.0, depth=0.0, interpolate=True, mask='circle', maskParams=None, name='grating', opacity=1.0, ori=0.0, phase=array([1., 1.]), pos=array([0., 0.]), rgbPedestal=array([0., 0., 0.]), sf=array([1., 1.]), size=array([200., 200.]), tex='sin', texRes=128, units='pix', win=Window(...))
11.9952 	EXP 	InstruccionesGabor: autoDraw = True
12.3945 	DATA 	Keypress: space
12.4607 	EXP 	Imported Gaborparametros.xlsx as conditions, 10 conditions, 3 params
12.4613 	EXP 	Created sequence: random, trialTypes=10, nReps=10, seed=None
12.4617 	EXP 	New trial (rep=0, index=0): OrderedDict([('FrecEspacial', 1.9), ('Orientation', 15), ('Fase', 0.6)])
12.4736 	EXP 	InstruccionesGabor: autoDraw = False
12.4736 	EXP 	grating: sf = array([1.9, 1.9])
12.4736 	EXP 	grating: phase = array([0.6, 0.6])
12.9736 	EXP 	grating: autoDraw = True
13.9222 	EXP 	New trial (rep=0, index=1): OrderedDict([('FrecEspacial', 1.9), ('Orientation', 35), ('Fase', 0.4)])
13.9379 	EXP 	grating: autoDraw = False
13.9379 	EXP 	grating: sf = array([1.9, 1.9])
13.9379 	EXP 	grating: phase = array([0.4, 0.4])
14.4204 	EXP 	grating: autoDraw = True
15.4196 	EXP 	New trial (rep=0, index=2): OrderedDict([('FrecEspacial', 1.9), ('Orientation', 110), ('Fase', 0.9)])
15.4355 	EXP 	grating: autoDraw = False
15.4355 	EXP 	grating: sf = array([1.9, 1.9])
15.4355 	EXP 	grating: phase = array([0.9, 0.9])
15.9181 	EXP 	grating: autoDraw = True
16.9173 	EXP 	New trial (rep=0, index=3): OrderedDict([('FrecEspacial', 1.9), ('Orientation', 100), ('Fase', 0.8)])
16.9332 	EXP 	grating: autoDraw = False
16.9332 	EXP 	grating: sf = array([1.9, 1.9])
16.9332 	EXP 	grating: phase = array([0.8, 0.8])
17.4158 	EXP 	grating: autoDraw = True
18.4150 	EXP 	New trial (rep=0, index=4): OrderedDict([('FrecEspacial', 1.9), ('Orientation', 45), ('Fase', 0.1)])
18.4307 	EXP 	grating: autoDraw = False
18.4307 	EXP 	grating: sf = array([1.9, 1.9])
18.4307 	EXP 	grating: phase = array([0.1, 0.1])
18.9135 	EXP 	grating: autoDraw = True
19.9126 	EXP 	New trial (rep=0, index=5): OrderedDict([('FrecEspacial', 1.9), ('Orientation', 0), ('Fase', 0.0)])
19.9284 	EXP 	grating: autoDraw = False
19.9284 	EXP 	grating: sf = array([1.9, 1.9])
19.9284 	EXP 	grating: phase = array([0., 0.])
20.4111 	EXP 	grating: autoDraw = True
21.4123 	EXP 	New trial (rep=0, index=6): OrderedDict([('FrecEspacial', 1.9), ('Orientation', 25), ('Fase', 0.5)])
21.4261 	EXP 	grating: autoDraw = False
21.4261 	EXP 	grating: autoDraw = False
21.4261 	EXP 	grating: sf = array([1.9, 1.9])
21.4261 	EXP 	grating: phase = array([0.5, 0.5])
21.9088 	EXP 	grating: autoDraw = True
22.9097 	EXP 	New trial (rep=0, index=7): OrderedDict([('FrecEspacial', 1.9), ('Orientation', 120), ('Fase', 0.7)])
22.9239 	EXP 	grating: autoDraw = False
22.9239 	EXP 	grating: autoDraw = False
22.9239 	EXP 	grating: sf = array([1.9, 1.9])
22.9239 	EXP 	grating: phase = array([0.7, 0.7])
23.4066 	EXP 	grating: autoDraw = True
24.4077 	EXP 	New trial (rep=0, index=8): OrderedDict([('FrecEspacial', 1.9), ('Orientation', 135), ('Fase', 0.3)])
24.4216 	EXP 	grating: autoDraw = False
24.4216 	EXP 	grating: autoDraw = False
24.4216 	EXP 	grating: sf = array([1.9, 1.9])
24.4216 	EXP 	grating: phase = array([0.3, 0.3])
24.9042 	EXP 	grating: autoDraw = True
25.7391 	DATA 	Keypress: escape
25.9056 	EXP 	New trial (rep=0, index=9): OrderedDict([('FrecEspacial', 1.9), ('Orientation', 90), ('Fase', 0.2)])
25.9192 	EXP 	grating: autoDraw = False
25.9192 	EXP 	grating: autoDraw = False
25.9192 	EXP 	grating: sf = array([1.9, 1.9])
25.9192 	EXP 	grating: phase = array([0.2, 0.2])
26.0378 	EXP 	window1: mouseVisible = True
