0.5262 	WARNING 	We strongly recommend you activate the PTB sound engine in PsychoPy prefs as the preferred audio engine. Its timing is vastly superior. Your prefs are currently set to use ['sounddevice', 'PTB', 'pyo', 'pygame'] (in that order).
8.9429 	EXP 	Created window1 = Window(allowGUI=False, allowStencil=False, autoLog=True, backendConf=UNKNOWN, bitsMode=UNKNOWN, blendMode='avg', bpc=(8, 8, 8), color=array([0, 0, 0]), colorSpace='rgb', depthBits=8, fullscr=<method-wrapper '__getattribute__' of attributeSetter object at 0x0000020B5297BCC0>, gamma=None, gammaErrorPolicy='raise', lms=UNKNOWN, monitor=<psychopy.monitors.calibTools.Monitor object at 0x0000020B529DB3C8>, multiSample=False, name='window1', numSamples=2, pos=[0.0, 0.0], screen=0, size=array([1366,  768]), stencilBits=0, stereo=False, units='height', useFBO=True, useRetina=False, viewOri=0.0, viewPos=None, viewScale=None, waitBlanking=True, winType='pyglet')
8.9437 	EXP 	window1: mouseVisible = True
8.9438 	EXP 	window1: recordFrameIntervals = False
9.1075 	EXP 	window1: recordFrameIntervals = True
9.2891 	EXP 	window1: recordFrameIntervals = False
9.5101 	EXP 	Created poli1 = Polygon(__class__=<class 'psychopy.visual.polygon.Polygon'>, autoDraw=False, autoLog=True, closeShape=True, color=method-wrapper(...), colorSpace='rgb', contrast=None, depth=0.0, fillColor=array([ 1, -1, -1]), fillColorSpace='rgb', fillRGB=UNKNOWN, interpolate=True, lineColor=array([ 1, -1, -1]), lineColorSpace='rgb', lineRGB=UNKNOWN, lineWidth=1.0, name='poli1', opacity=1, ori=0.0, pos=array([0., 0.]), size=array([0.1, 0.1]), units='height', vertices=ndarray(...), win=Window(...))
9.5162 	EXP 	Created poli2 = Polygon(__class__=<class 'psychopy.visual.polygon.Polygon'>, autoDraw=False, autoLog=True, closeShape=True, color=method-wrapper(...), colorSpace='rgb', contrast=None, depth=-1.0, fillColor=array([ 1, -1, -1]), fillColorSpace='rgb', fillRGB=UNKNOWN, interpolate=True, lineColor=array([ 1, -1, -1]), lineColorSpace='rgb', lineRGB=UNKNOWN, lineWidth=1.0, name='poli2', opacity=1, ori=0.0, pos=array([0., 0.]), size=array([0.1, 0.1]), units='height', vertices=ndarray(...), win=Window(...))
9.5213 	EXP 	Created poli3 = Polygon(__class__=<class 'psychopy.visual.polygon.Polygon'>, autoDraw=False, autoLog=True, closeShape=True, color=method-wrapper(...), colorSpace='rgb', contrast=None, depth=-2.0, fillColor=array([ 1, -1, -1]), fillColorSpace='rgb', fillRGB=UNKNOWN, interpolate=True, lineColor=array([ 1, -1, -1]), lineColorSpace='rgb', lineRGB=UNKNOWN, lineWidth=1.0, name='poli3', opacity=1, ori=0.0, pos=array([0., 0.]), size=array([0.1, 0.1]), units='height', vertices=ndarray(...), win=Window(...))
9.5263 	EXP 	Created poli4 = Polygon(__class__=<class 'psychopy.visual.polygon.Polygon'>, autoDraw=False, autoLog=True, closeShape=True, color=method-wrapper(...), colorSpace='rgb', contrast=None, depth=-3.0, fillColor=array([ 1, -1, -1]), fillColorSpace='rgb', fillRGB=UNKNOWN, interpolate=True, lineColor=array([ 1, -1, -1]), lineColorSpace='rgb', lineRGB=UNKNOWN, lineWidth=1.0, name='poli4', opacity=1, ori=0.0, pos=array([0., 0.]), size=array([0.1, 0.1]), units='height', vertices=ndarray(...), win=Window(...))
9.5312 	EXP 	Created poli5 = Polygon(__class__=<class 'psychopy.visual.polygon.Polygon'>, autoDraw=False, autoLog=True, closeShape=True, color=method-wrapper(...), colorSpace='rgb', contrast=None, depth=-4.0, fillColor=array([ 1, -1, -1]), fillColorSpace='rgb', fillRGB=UNKNOWN, interpolate=True, lineColor=array([ 1, -1, -1]), lineColorSpace='rgb', lineRGB=UNKNOWN, lineWidth=1.0, name='poli5', opacity=1, ori=0.0, pos=array([0., 0.]), size=array([0.1, 0.1]), units='height', vertices=ndarray(...), win=Window(...))
9.5366 	EXP 	Created poli6 = Polygon(__class__=<class 'psychopy.visual.polygon.Polygon'>, autoDraw=False, autoLog=True, closeShape=True, color=method-wrapper(...), colorSpace='rgb', contrast=None, depth=-5.0, fillColor=array([ 1, -1, -1]), fillColorSpace='rgb', fillRGB=UNKNOWN, interpolate=True, lineColor=array([ 1, -1, -1]), lineColorSpace='rgb', lineRGB=UNKNOWN, lineWidth=1.0, name='poli6', opacity=1, ori=0.0, pos=array([0., 0.]), size=array([0.1, 0.1]), units='height', vertices=ndarray(...), win=Window(...))
9.5431 	EXP 	Created poli7 = Polygon(__class__=<class 'psychopy.visual.polygon.Polygon'>, autoDraw=False, autoLog=True, closeShape=True, color=method-wrapper(...), colorSpace='rgb', contrast=None, depth=-6.0, fillColor=array([ 1, -1, -1]), fillColorSpace='rgb', fillRGB=UNKNOWN, interpolate=True, lineColor=array([ 1, -1, -1]), lineColorSpace='rgb', lineRGB=UNKNOWN, lineWidth=1.0, name='poli7', opacity=1, ori=0.0, pos=array([0., 0.]), size=array([0.1, 0.1]), units='height', vertices=ndarray(...), win=Window(...))
9.5496 	EXP 	Created poli8 = Polygon(__class__=<class 'psychopy.visual.polygon.Polygon'>, autoDraw=False, autoLog=True, closeShape=True, color=method-wrapper(...), colorSpace='rgb', contrast=None, depth=-7.0, fillColor=array([ 1, -1, -1]), fillColorSpace='rgb', fillRGB=UNKNOWN, interpolate=True, lineColor=array([ 1, -1, -1]), lineColorSpace='rgb', lineRGB=UNKNOWN, lineWidth=1.0, name='poli8', opacity=1, ori=0.0, pos=array([0., 0.]), size=array([0.1, 0.1]), units='height', vertices=ndarray(...), win=Window(...))
9.5566 	EXP 	Created poli9 = Polygon(__class__=<class 'psychopy.visual.polygon.Polygon'>, autoDraw=False, autoLog=True, closeShape=True, color=method-wrapper(...), colorSpace='rgb', contrast=None, depth=-8.0, fillColor=array([ 1, -1, -1]), fillColorSpace='rgb', fillRGB=UNKNOWN, interpolate=True, lineColor=array([ 1, -1, -1]), lineColorSpace='rgb', lineRGB=UNKNOWN, lineWidth=1.0, name='poli9', opacity=1, ori=0.0, pos=array([0., 0.]), size=array([0.1, 0.1]), units='height', vertices=ndarray(...), win=Window(...))
9.5651 	EXP 	Imported parametrospuntos.xlsx as conditions, 1 conditions, 9 params
9.5656 	EXP 	Created sequence: random, trialTypes=1, nReps=1, seed=None
9.5660 	EXP 	New trial (rep=0, index=0): {'punto1': [0, 0], 'punto2': [-0.7, 0.1], 'punto3': [0.1, 0.3], 'punto4': [0, -0.4], 'punto5': [0.5, 0.5], 'punto6': [-0.3, -0.4], 'punto7': [0.15, -0.4], 'punto8': [0.7, 0.4], 'punto9': [0.5, 0]}
9.6075 	EXP 	poli1: pos = array([[0., 0.]])
9.6075 	EXP 	poli2: pos = array([[-0.7,  0.1]])
9.6075 	EXP 	poli3: pos = array([[0.1, 0.3]])
9.6075 	EXP 	poli4: pos = array([[ 0. , -0.4]])
9.6075 	EXP 	poli5: pos = array([[0.5, 0.5]])
9.6075 	EXP 	poli6: pos = array([[-0.3, -0.4]])
9.6075 	EXP 	poli7: pos = array([[ 0.15, -0.4 ]])
9.6075 	EXP 	poli8: pos = array([[0.7, 0.4]])
9.6075 	EXP 	poli9: pos = array([[0.5, 0. ]])
9.6075 	EXP 	poli1: autoDraw = True
9.6075 	EXP 	poli2: autoDraw = True
9.6075 	EXP 	poli3: autoDraw = True
9.6075 	EXP 	poli4: autoDraw = True
9.6075 	EXP 	poli5: autoDraw = True
9.6075 	EXP 	poli6: autoDraw = True
9.6075 	EXP 	poli7: autoDraw = True
9.6075 	EXP 	poli8: autoDraw = True
9.6075 	EXP 	poli9: autoDraw = True
11.5848 	EXP 	poli1: autoDraw = False
11.5848 	EXP 	poli2: autoDraw = False
11.5848 	EXP 	poli3: autoDraw = False
11.5848 	EXP 	poli4: autoDraw = False
11.5848 	EXP 	poli5: autoDraw = False
11.5848 	EXP 	poli6: autoDraw = False
11.5848 	EXP 	poli7: autoDraw = False
11.5848 	EXP 	poli8: autoDraw = False
11.5848 	EXP 	poli9: autoDraw = False
11.6797 	EXP 	window1: mouseVisible = True
