0.5132 	WARNING 	We strongly recommend you activate the PTB sound engine in PsychoPy prefs as the preferred audio engine. Its timing is vastly superior. Your prefs are currently set to use ['sounddevice', 'PTB', 'pyo', 'pygame'] (in that order).
7.5013 	WARNING 	User requested fullscreen with size [1024  768], but screen is actually [1366, 768]. Using actual size
9.7698 	EXP 	Created window1 = Window(allowGUI=False, allowStencil=False, autoLog=True, backendConf=UNKNOWN, bitsMode=UNKNOWN, blendMode='avg', bpc=(8, 8, 8), color=array([0, 0, 0]), colorSpace='rgb', depthBits=8, fullscr=<method-wrapper '__getattribute__' of attributeSetter object at 0x000002505DB73F60>, gamma=None, gammaErrorPolicy='raise', lms=UNKNOWN, monitor=<psychopy.monitors.calibTools.Monitor object at 0x000002505DBD8630>, multiSample=False, name='window1', numSamples=2, pos=[0.0, 0.0], screen=0, size=array([1366,  768]), stencilBits=0, stereo=False, units='height', useFBO=True, useRetina=False, viewOri=0.0, viewPos=None, viewScale=None, waitBlanking=True, winType='pyglet')
9.7706 	EXP 	window1: mouseVisible = True
9.7707 	EXP 	window1: recordFrameIntervals = False
9.9346 	EXP 	window1: recordFrameIntervals = True
10.1185 	EXP 	window1: recordFrameIntervals = False
10.5014 	EXP 	Created dots = DotStim(__class__=<class 'psychopy.visual.dot.DotStim'>, autoLog=True, coherence=1.0, color=array([1., 1., 1.]), colorSpace='rgb', contrast=1.0, depth=0.0, dir=0.0, dotLife=3, dotSize=2.0, element=None, fieldPos=array([0., 0.]), fieldShape='circle', fieldSize=array([1., 1.]), nDots=100, name='dots', noiseDots='direction', opacity=1, rgb=UNKNOWN, signalDots='same', speed=0.1, units='height', win=Window(...))
10.5298 	EXP 	Created sequence: random, trialTypes=1, nReps=5, seed=None
10.5309 	EXP 	New trial (rep=0, index=0): None
10.6322 	EXP 	dots: autoDraw = True
11.5959 	EXP 	New trial (rep=1, index=0): None
11.6038 	EXP 	dots: autoDraw = False
11.6038 	EXP 	dots: autoDraw = True
12.5133 	EXP 	New trial (rep=2, index=0): None
12.5290 	EXP 	dots: autoDraw = False
12.5290 	EXP 	dots: autoDraw = True
13.5129 	EXP 	New trial (rep=3, index=0): None
13.5282 	EXP 	dots: autoDraw = False
13.5282 	EXP 	dots: autoDraw = True
14.5143 	EXP 	New trial (rep=4, index=0): None
14.5287 	EXP 	dots: autoDraw = False
14.5287 	EXP 	dots: autoDraw = True
14.6285 	DATA 	Keypress: escape
14.8434 	EXP 	window1: mouseVisible = True
