0.5227 	WARNING 	We strongly recommend you activate the PTB sound engine in PsychoPy prefs as the preferred audio engine. Its timing is vastly superior. Your prefs are currently set to use ['sounddevice', 'PTB', 'pyo', 'pygame'] (in that order).
6.1496 	WARNING 	User requested fullscreen with size [1024  768], but screen is actually [1366, 768]. Using actual size
7.8337 	EXP 	Created window1 = Window(allowGUI=False, allowStencil=False, autoLog=True, backendConf=UNKNOWN, bitsMode=UNKNOWN, blendMode='avg', bpc=(8, 8, 8), color=array([0, 0, 0]), colorSpace='rgb', depthBits=8, fullscr=<method-wrapper '__getattribute__' of attributeSetter object at 0x0000018C065C3F60>, gamma=None, gammaErrorPolicy='raise', lms=UNKNOWN, monitor=<psychopy.monitors.calibTools.Monitor object at 0x0000018C06628668>, multiSample=False, name='window1', numSamples=2, pos=[0.0, 0.0], screen=0, size=array([1366,  768]), stencilBits=0, stereo=False, units='height', useFBO=True, useRetina=False, viewOri=0.0, viewPos=None, viewScale=None, waitBlanking=True, winType='pyglet')
7.8344 	EXP 	window1: mouseVisible = True
7.8345 	EXP 	window1: recordFrameIntervals = False
7.9986 	EXP 	window1: recordFrameIntervals = True
8.1815 	EXP 	window1: recordFrameIntervals = False
8.3728 	EXP 	Created dots = DotStim(__class__=<class 'psychopy.visual.dot.DotStim'>, autoLog=True, coherence=0.0, color=array([1., 1., 1.]), colorSpace='rgb', contrast=1.0, depth=0.0, dir=0.0, dotLife=3, dotSize=2.0, element=None, fieldPos=array([0., 0.]), fieldShape='circle', fieldSize=array([1., 1.]), nDots=100, name='dots', noiseDots='direction', opacity=1, rgb=UNKNOWN, signalDots='same', speed=0.0, units='height', win=Window(...))
8.3732 	EXP 	Created sequence: random, trialTypes=1, nReps=5, seed=None
8.3735 	EXP 	New trial (rep=0, index=0): None
8.4084 	EXP 	dots: autoDraw = True
9.3839 	EXP 	New trial (rep=1, index=0): None
9.3974 	EXP 	dots: autoDraw = False
9.3974 	EXP 	dots: autoDraw = True
10.3794 	EXP 	New trial (rep=2, index=0): None
10.3947 	EXP 	dots: autoDraw = False
10.3947 	EXP 	dots: autoDraw = True
11.3783 	EXP 	New trial (rep=3, index=0): None
11.3951 	EXP 	dots: autoDraw = False
11.3951 	EXP 	dots: autoDraw = True
12.3756 	EXP 	New trial (rep=4, index=0): None
12.3913 	EXP 	dots: autoDraw = False
12.3913 	EXP 	dots: autoDraw = True
13.3907 	EXP 	dots: autoDraw = False
13.5036 	EXP 	window1: mouseVisible = True
