0.5003 	WARNING 	We strongly recommend you activate the PTB sound engine in PsychoPy prefs as the preferred audio engine. Its timing is vastly superior. Your prefs are currently set to use ['sounddevice', 'PTB', 'pyo', 'pygame'] (in that order).
5.1724 	WARNING 	User requested fullscreen with size [1024  768], but screen is actually [1366, 768]. Using actual size
6.9533 	EXP 	Created window1 = Window(allowGUI=False, allowStencil=False, autoLog=True, backendConf=UNKNOWN, bitsMode=UNKNOWN, blendMode='avg', bpc=(8, 8, 8), color=array([0, 0, 0]), colorSpace='rgb', depthBits=8, fullscr=<method-wrapper '__getattribute__' of attributeSetter object at 0x0000026D8B663F60>, gamma=None, gammaErrorPolicy='raise', lms=UNKNOWN, monitor=<psychopy.monitors.calibTools.Monitor object at 0x0000026D8B6C8630>, multiSample=False, name='window1', numSamples=2, pos=[0.0, 0.0], screen=0, size=array([1366,  768]), stencilBits=0, stereo=False, units='height', useFBO=True, useRetina=False, viewOri=0.0, viewPos=None, viewScale=None, waitBlanking=True, winType='pyglet')
6.9542 	EXP 	window1: mouseVisible = True
6.9543 	EXP 	window1: recordFrameIntervals = False
7.1180 	EXP 	window1: recordFrameIntervals = True
7.3017 	EXP 	window1: recordFrameIntervals = False
7.5227 	EXP 	Created dots = DotStim(__class__=<class 'psychopy.visual.dot.DotStim'>, autoLog=True, coherence=0.0, color=array([1., 1., 1.]), colorSpace='rgb', contrast=1.0, depth=0.0, dir=0.0, dotLife=3, dotSize=30.0, element=None, fieldPos=array([0., 0.]), fieldShape='circle', fieldSize=array([1., 1.]), nDots=9, name='dots', noiseDots='direction', opacity=1, rgb=UNKNOWN, signalDots='same', speed=0.0, units='height', win=Window(...))
7.5232 	EXP 	Created sequence: random, trialTypes=1, nReps=5, seed=None
7.5235 	EXP 	New trial (rep=0, index=0): None
7.5592 	EXP 	dots: autoDraw = True
8.5329 	EXP 	New trial (rep=1, index=0): None
8.5478 	EXP 	dots: autoDraw = False
8.5478 	EXP 	dots: autoDraw = True
9.5312 	EXP 	New trial (rep=2, index=0): None
9.5464 	EXP 	dots: autoDraw = False
9.5464 	EXP 	dots: autoDraw = True
10.5296 	EXP 	New trial (rep=3, index=0): None
10.5446 	EXP 	dots: autoDraw = False
10.5446 	EXP 	dots: autoDraw = True
11.5285 	EXP 	New trial (rep=4, index=0): None
11.5436 	EXP 	dots: autoDraw = False
11.5436 	EXP 	dots: autoDraw = True
12.5449 	EXP 	dots: autoDraw = False
12.7485 	EXP 	window1: mouseVisible = True
