0.5153 	WARNING 	We strongly recommend you activate the PTB sound engine in PsychoPy prefs as the preferred audio engine. Its timing is vastly superior. Your prefs are currently set to use ['sounddevice', 'PTB', 'pyo', 'pygame'] (in that order).
5.4126 	WARNING 	User requested fullscreen with size [1024  768], but screen is actually [1366, 768]. Using actual size
7.1190 	EXP 	Created window1 = Window(allowGUI=False, allowStencil=False, autoLog=True, backendConf=UNKNOWN, bitsMode=UNKNOWN, blendMode='avg', bpc=(8, 8, 8), color=array([0, 0, 0]), colorSpace='rgb', depthBits=8, fullscr=<method-wrapper '__getattribute__' of attributeSetter object at 0x00000255D38E3F60>, gamma=None, gammaErrorPolicy='raise', lms=UNKNOWN, monitor=<psychopy.monitors.calibTools.Monitor object at 0x00000255D3948668>, multiSample=False, name='window1', numSamples=2, pos=[0.0, 0.0], screen=0, size=array([1366,  768]), stencilBits=0, stereo=False, units='height', useFBO=True, useRetina=False, viewOri=0.0, viewPos=None, viewScale=None, waitBlanking=True, winType='pyglet')
7.1197 	EXP 	window1: mouseVisible = True
7.1199 	EXP 	window1: recordFrameIntervals = False
7.2840 	EXP 	window1: recordFrameIntervals = True
7.4682 	EXP 	window1: recordFrameIntervals = False
7.6760 	EXP 	Created dots = DotStim(__class__=<class 'psychopy.visual.dot.DotStim'>, autoLog=True, coherence=1.0, color=array([1., 1., 1.]), colorSpace='rgb', contrast=1.0, depth=0.0, dir=0.0, dotLife=3, dotSize=2.0, element=None, fieldPos=array([0., 0.]), fieldShape='circle', fieldSize=array([1., 1.]), nDots=100, name='dots', noiseDots='direction', opacity=1, rgb=UNKNOWN, signalDots='same', speed=0.1, units='height', win=Window(...))
7.6765 	EXP 	Created sequence: random, trialTypes=1, nReps=5, seed=None
7.6767 	EXP 	New trial (rep=0, index=0): None
7.7145 	EXP 	dots: autoDraw = True
8.6819 	EXP 	New trial (rep=1, index=0): None
8.6971 	EXP 	dots: autoDraw = False
8.6971 	EXP 	dots: autoDraw = True
9.6809 	EXP 	New trial (rep=2, index=0): None
9.6959 	EXP 	dots: autoDraw = False
9.6959 	EXP 	dots: autoDraw = True
10.6796 	EXP 	New trial (rep=3, index=0): None
10.6946 	EXP 	dots: autoDraw = False
10.6946 	EXP 	dots: autoDraw = True
11.6937 	EXP 	New trial (rep=4, index=0): None
11.7091 	EXP 	dots: autoDraw = False
11.7091 	EXP 	dots: autoDraw = True
12.7076 	EXP 	dots: autoDraw = False
12.8671 	EXP 	window1: mouseVisible = True
