0.5169 	WARNING 	We strongly recommend you activate the PTB sound engine in PsychoPy prefs as the preferred audio engine. Its timing is vastly superior. Your prefs are currently set to use ['sounddevice', 'PTB', 'pyo', 'pygame'] (in that order).
5.3715 	WARNING 	User requested fullscreen with size [1024  768], but screen is actually [1366, 768]. Using actual size
7.0929 	EXP 	Created window1 = Window(allowGUI=False, allowStencil=False, autoLog=True, backendConf=UNKNOWN, bitsMode=UNKNOWN, blendMode='avg', bpc=(8, 8, 8), color=array([0, 0, 0]), colorSpace='rgb', depthBits=8, fullscr=<method-wrapper '__getattribute__' of attributeSetter object at 0x0000023C748FB128>, gamma=None, gammaErrorPolicy='raise', lms=UNKNOWN, monitor=<psychopy.monitors.calibTools.Monitor object at 0x0000023C749597B8>, multiSample=False, name='window1', numSamples=2, pos=[0.0, 0.0], screen=0, size=array([1366,  768]), stencilBits=0, stereo=False, units='height', useFBO=True, useRetina=False, viewOri=0.0, viewPos=None, viewScale=None, waitBlanking=True, winType='pyglet')
7.0935 	EXP 	window1: mouseVisible = True
7.0936 	EXP 	window1: recordFrameIntervals = False
7.2583 	EXP 	window1: recordFrameIntervals = True
7.4417 	EXP 	window1: recordFrameIntervals = False
7.6408 	EXP 	Created dots = DotStim(__class__=<class 'psychopy.visual.dot.DotStim'>, autoLog=True, coherence=0.0, color=array([1., 1., 1.]), colorSpace='rgb', contrast=1.0, depth=0.0, dir=0.0, dotLife=3, dotSize=30, element=None, fieldPos=array([0., 0.]), fieldShape='circle', fieldSize=array([1., 1.]), nDots=9, name='dots', noiseDots='direction', opacity=1, rgb=UNKNOWN, signalDots='same', speed=0.0, units='height', win=Window(...))
7.6412 	EXP 	Created sequence: random, trialTypes=1, nReps=5, seed=None
7.6415 	EXP 	New trial (rep=0, index=0): None
7.6773 	EXP 	dots: autoDraw = True
10.6542 	EXP 	New trial (rep=1, index=0): None
10.6694 	EXP 	dots: autoDraw = False
10.6694 	EXP 	dots: autoDraw = True
13.6482 	EXP 	New trial (rep=2, index=0): None
13.6642 	EXP 	dots: autoDraw = False
13.6642 	EXP 	dots: autoDraw = True
16.6442 	EXP 	New trial (rep=3, index=0): None
16.6598 	EXP 	dots: autoDraw = False
16.6598 	EXP 	dots: autoDraw = True
17.7449 	DATA 	Keypress: escape
18.1387 	EXP 	window1: mouseVisible = True
