1.5146 	WARNING 	We strongly recommend you activate the PTB sound engine in PsychoPy prefs as the preferred audio engine. Its timing is vastly superior. Your prefs are currently set to use ['sounddevice', 'PTB', 'pyo', 'pygame'] (in that order).
13.3564 	WARNING 	User requested fullscreen with size [1680 1050], but screen is actually [1920, 1080]. Using actual size
14.0152 	EXP 	Created window1 = Window(allowGUI=False, allowStencil=False, autoLog=True, backendConf=UNKNOWN, bitsMode=UNKNOWN, blendMode='avg', bpc=(8, 8, 8), color=array([0, 0, 0]), colorSpace='rgb', depthBits=8, fullscr=<method-wrapper '__getattribute__' of attributeSetter object at 0x0000013E554BB460>, gamma=None, gammaErrorPolicy='raise', lms=UNKNOWN, monitor=<psychopy.monitors.calibTools.Monitor object at 0x0000013E55755EB0>, multiSample=False, name='window1', numSamples=2, pos=(0, 0), screen=0, size=array([1920, 1080]), stencilBits=0, stereo=False, units='deg', useFBO=True, useRetina=False, viewOri=0.0, viewPos=None, viewScale=None, waitBlanking=True, winType='pyglet')
14.0154 	EXP 	window1: mouseVisible = True
14.0154 	EXP 	window1: Attempting to measure frame rate of screen (0) ...
14.0154 	EXP 	window1: recordFrameIntervals = False
14.1816 	EXP 	window1: recordFrameIntervals = True
14.3654 	EXP 	Screen (0) actual frame rate measured at 59.96Hz
14.3655 	EXP 	window1: recordFrameIntervals = False
16.4490 	EXP 	Created Instrucciones1 = TextStim(__class__=<class 'psychopy.visual.text.TextStim'>, alignHoriz=method-wrapper(...), alignText='center', alignVert=method-wrapper(...), anchorHoriz='center', anchorVert='center', antialias=True, autoLog=True, bold=False, color=array([-1., -1., -1.]), colorSpace='rgb', contrast=1.0, depth=0.0, flipHoriz=False, flipVert=False, font='Open Sans', fontFiles=[], height=0.05, italic=False, languageStyle='LTR', name='Instrucciones1', opacity=1.0, ori=0.0, pos=array([0., 0.]), rgb=UNKNOWN, text=str(...), units='height', win=Window(...), wrapWidth=1)
16.4565 	EXP 	Created Instrucciones2 = TextStim(__class__=<class 'psychopy.visual.text.TextStim'>, alignHoriz=method-wrapper(...), alignText='center', alignVert=method-wrapper(...), anchorHoriz='center', anchorVert='center', antialias=True, autoLog=True, bold=False, color=array([-1., -1., -1.]), colorSpace='rgb', contrast=1.0, depth=-2.0, flipHoriz=False, flipVert=False, font='Open Sans', fontFiles=[], height=0.05, italic=False, languageStyle='LTR', name='Instrucciones2', opacity=1.0, ori=0.0, pos=array([0., 0.]), rgb=UNKNOWN, text=str(...), units='height', win=Window(...), wrapWidth=1)
16.4738 	EXP 	Created Instrucciones3 = TextStim(__class__=<class 'psychopy.visual.text.TextStim'>, alignHoriz=method-wrapper(...), alignText='center', alignVert=method-wrapper(...), anchorHoriz='center', anchorVert='center', antialias=True, autoLog=True, bold=False, color=array([-1., -1., -1.]), colorSpace='rgb', contrast=1.0, depth=-4.0, flipHoriz=False, flipVert=False, font='Arial', fontFiles=[], height=0.05, italic=False, languageStyle='LTR', name='Instrucciones3', opacity=1.0, ori=0.0, pos=array([0., 0.]), rgb=UNKNOWN, text=str(...), units='height', win=Window(...), wrapWidth=1)
16.4832 	EXP 	Created instrucciones4 = TextStim(__class__=<class 'psychopy.visual.text.TextStim'>, alignHoriz=method-wrapper(...), alignText='center', alignVert=method-wrapper(...), anchorHoriz='center', anchorVert='center', antialias=True, autoLog=True, bold=False, color=array([-1., -1., -1.]), colorSpace='rgb', contrast=1.0, depth=-6.0, flipHoriz=False, flipVert=False, font='Arial', fontFiles=[], height=0.05, italic=False, languageStyle='LTR', name='instrucciones4', opacity=1.0, ori=0.0, pos=array([0., 0.]), rgb=UNKNOWN, text=str(...), units='height', win=Window(...), wrapWidth=1)
16.4887 	EXP 	Created Instrucciones5 = TextStim(__class__=<class 'psychopy.visual.text.TextStim'>, alignHoriz=method-wrapper(...), alignText='center', alignVert=method-wrapper(...), anchorHoriz='center', anchorVert='center', antialias=True, autoLog=True, bold=False, color=array([1., 1., 1.]), colorSpace='rgb', contrast=1.0, depth=-8.0, flipHoriz=False, flipVert=False, font='Arial', fontFiles=[], height=0.05, italic=False, languageStyle='LTR', name='Instrucciones5', opacity=1.0, ori=0.0, pos=array([0., 0.]), rgb=UNKNOWN, text='Vamos a hacer uno de prueba!', units='height', win=Window(...), wrapWidth=1)
16.4927 	EXP 	Created GratingPrueba = GratingStim(__class__=<class 'psychopy.visual.grating.GratingStim'>, anchor='center', autoDraw=False, autoLog=True, blendmode='avg', color=array([1., 1., 1.]), colorSpace='rgb', contrast=1.0, depth=-1.0, interpolate=True, mask='circle', maskParams=None, name='GratingPrueba', opacity=1.0, ori=1.0, phase=array([0., 0.]), pos=array([0., 0.]), rgbPedestal=array([0., 0., 0.]), sf=array([1., 1.]), size=array([200., 200.]), tex='sin', texRes=128, units='pix', win=Window(...))
16.4943 	EXP 	Created FeedbackPrueb = TextStim(__class__=<class 'psychopy.visual.text.TextStim'>, alignHoriz=method-wrapper(...), alignText='center', alignVert=method-wrapper(...), anchorHoriz='center', anchorVert='center', antialias=True, autoLog=True, bold=False, color=array([1., 1., 1.]), colorSpace='rgb', contrast=1.0, depth=0.0, flipHoriz=False, flipVert=False, font='Open Sans', fontFiles=[], height=0.1, italic=False, languageStyle='LTR', name='FeedbackPrueb', opacity=1.0, ori=0.0, pos=array([0., 0.]), rgb=UNKNOWN, text='', units='height', win=Window(...), wrapWidth=1)
16.5107 	EXP 	Created ComienzoTexto = TextStim(__class__=<class 'psychopy.visual.text.TextStim'>, alignHoriz=method-wrapper(...), alignText='center', alignVert=method-wrapper(...), anchorHoriz='center', anchorVert='center', antialias=True, autoLog=True, bold=False, color=array([-1., -1., -1.]), colorSpace='rgb', contrast=1.0, depth=0.0, flipHoriz=False, flipVert=False, font='Open Sans', fontFiles=[], height=0.05, italic=False, languageStyle='LTR', name='ComienzoTexto', opacity=1.0, ori=0.0, pos=array([0., 0.]), rgb=UNKNOWN, text=str(...), units='height', win=Window(...), wrapWidth=1)
16.5143 	EXP 	Created grating2 = GratingStim(__class__=<class 'psychopy.visual.grating.GratingStim'>, anchor='center', autoDraw=False, autoLog=True, blendmode='avg', color=array([1., 1., 1.]), colorSpace='rgb', contrast=1.0, depth=0.0, interpolate=True, mask='circle', maskParams=None, name='grating2', opacity=1.0, ori=1.0, phase=array([0., 0.]), pos=array([0., 0.]), rgbPedestal=array([0., 0., 0.]), sf=array([1., 1.]), size=array([200., 200.]), tex='sin', texRes=128, units='pix', win=Window(...))
16.5153 	EXP 	Created feedback_2 = TextStim(__class__=<class 'psychopy.visual.text.TextStim'>, alignHoriz=method-wrapper(...), alignText='center', alignVert=method-wrapper(...), anchorHoriz='center', anchorVert='center', antialias=True, autoLog=True, bold=False, color=array([1., 1., 1.]), colorSpace='rgb', contrast=1.0, depth=-1.0, flipHoriz=False, flipVert=False, font='Open Sans', fontFiles=[], height=0.1, italic=False, languageStyle='LTR', name='feedback_2', opacity=1.0, ori=0.0, pos=array([0., 0.]), rgb=UNKNOWN, text='', units='height', win=Window(...), wrapWidth=1)
16.5285 	EXP 	Created Gracias = TextStim(__class__=<class 'psychopy.visual.text.TextStim'>, alignHoriz=method-wrapper(...), alignText='center', alignVert=method-wrapper(...), anchorHoriz='center', anchorVert='center', antialias=True, autoLog=True, bold=False, color=array([1., 1., 1.]), colorSpace='rgb', contrast=1.0, depth=0.0, flipHoriz=False, flipVert=False, font='Open Sans', fontFiles=[], height=0.1, italic=False, languageStyle='LTR', name='Gracias', opacity=1.0, ori=0.0, pos=array([0., 0.]), rgb=UNKNOWN, text='¡Muchas gracias por participar!', units='height', win=Window(...), wrapWidth=1)
16.5305 	EXP 	Created image = ImageStim(__class__=<class 'psychopy.visual.image.ImageStim'>, anchor=('center', 'center'), autoLog=True, color=array([1., 1., 1.]), colorSpace='rgb', contrast=1.0, depth=-1.0, flipHoriz=False, flipVert=False, image=None, interpolate=True, mask=None, maskParams=None, name='image', opacity=1.0, ori=0.0, pos=array([0., 0.]), size=array([0.5, 0.5]), texRes=128.0, units='deg', win=Window(...))
17.5332 	EXP 	Instrucciones1: autoDraw = True
18.9697 	DATA 	Keypress: space
18.9832 	EXP 	Instrucciones1: autoDraw = False
18.9832 	EXP 	Instrucciones2: autoDraw = True
20.1690 	DATA 	Keypress: space
20.8356 	DATA 	Keypress: space
20.8676 	EXP 	Instrucciones2: autoDraw = False
20.8676 	EXP 	Instrucciones3: autoDraw = True
21.5694 	DATA 	Keypress: space
21.9538 	DATA 	Keypress: space
21.9682 	EXP 	Instrucciones3: autoDraw = False
21.9682 	EXP 	instrucciones4: autoDraw = True
22.5698 	DATA 	Keypress: space
23.2875 	DATA 	Keypress: space
23.3015 	EXP 	instrucciones4: autoDraw = False
23.3015 	EXP 	Instrucciones5: autoDraw = True
24.2868 	DATA 	Keypress: space
25.0535 	DATA 	Keypress: space
26.0205 	DATA 	Keypress: space
27.2954 	EXP 	Imported Categorias mas separadas/ParametrosAyBtraining.xlsx as conditions, 20 conditions, 5 params
27.2962 	EXP 	Created sequence: fullRandom, trialTypes=20, nReps=1, seed=None
27.2964 	EXP 	New trial (rep=0, index=0): {'Frecuencia': 6.49953455417403, 'Orientation': 191, 'Categoria': 'B', 'tecla': 'right', 'FrecuenciaEspacial': 0.03249767277087015}
27.3058 	EXP 	Instrucciones5: autoDraw = False
27.3058 	EXP 	Instrucciones1: autoDraw = False
27.3058 	EXP 	Instrucciones2: autoDraw = False
27.3058 	EXP 	Instrucciones3: autoDraw = False
27.3058 	EXP 	instrucciones4: autoDraw = False
27.3058 	EXP 	Instrucciones5: autoDraw = False
27.3058 	EXP 	GratingPrueba: ori = 191.0
27.3058 	EXP 	GratingPrueba: sf = array([0.03249767, 0.03249767])
27.4026 	EXP 	GratingPrueba: autoDraw = True
27.4026 	EXP 	GratingPrueba: tex = 'sin'
27.4707 	DATA 	Keypress: space
29.2229 	DATA 	Keypress: left
29.2366 	EXP 	GratingPrueba: autoDraw = False
29.2366 	EXP 	FeedbackPrueb: text = ''
29.2366 	EXP 	FeedbackPrueb: autoDraw = True
29.2366 	EXP 	FeedbackPrueb: height = 0.1
29.2366 	EXP 	FeedbackPrueb: height = 0.1
29.2366 	EXP 	FeedbackPrueb: text = ''
30.2210 	EXP 	New trial (rep=0, index=1): {'Frecuencia': 4.21034628701276, 'Orientation': 242, 'Categoria': 'A', 'tecla': 'left', 'FrecuenciaEspacial': 0.021051731435063798}
30.2370 	EXP 	FeedbackPrueb: autoDraw = False
30.2370 	EXP 	FeedbackPrueb: autoDraw = False
30.2370 	EXP 	GratingPrueba: ori = 242.0
30.2370 	EXP 	GratingPrueba: sf = array([0.02105173, 0.02105173])
30.3204 	EXP 	GratingPrueba: autoDraw = True
32.1312 	DATA 	Keypress: left
32.1410 	EXP 	GratingPrueba: autoDraw = False
32.1410 	EXP 	FeedbackPrueb: height = 0.1
32.1410 	EXP 	FeedbackPrueb: height = 0.1
32.1410 	EXP 	FeedbackPrueb: text = 'Oops! That was wrong'
32.1410 	EXP 	FeedbackPrueb: autoDraw = True
33.1387 	EXP 	New trial (rep=0, index=2): {'Frecuencia': 4.2515157424853, 'Orientation': 305, 'Categoria': 'A', 'tecla': 'left', 'FrecuenciaEspacial': 0.021257578712426502}
33.1543 	EXP 	FeedbackPrueb: autoDraw = False
33.1543 	EXP 	FeedbackPrueb: autoDraw = False
33.1543 	EXP 	GratingPrueba: ori = 305.0
33.1543 	EXP 	GratingPrueba: sf = array([0.02125758, 0.02125758])
33.2378 	EXP 	GratingPrueba: autoDraw = True
34.4287 	DATA 	Keypress: left
34.4394 	EXP 	GratingPrueba: autoDraw = False
34.4394 	EXP 	FeedbackPrueb: height = 0.1
34.4394 	EXP 	FeedbackPrueb: height = 0.1
34.4394 	EXP 	FeedbackPrueb: text = 'Correct!'
34.4394 	EXP 	FeedbackPrueb: autoDraw = True
35.4226 	EXP 	New trial (rep=0, index=3): {'Frecuencia': 4.28989131572139, 'Orientation': 326, 'Categoria': 'A', 'tecla': 'left', 'FrecuenciaEspacial': 0.021449456578606953}
35.4386 	EXP 	FeedbackPrueb: autoDraw = False
35.4386 	EXP 	FeedbackPrueb: autoDraw = False
35.4386 	EXP 	GratingPrueba: ori = 326.0
35.4386 	EXP 	GratingPrueba: sf = array([0.02144946, 0.02144946])
35.5219 	EXP 	GratingPrueba: autoDraw = True
36.5078 	DATA 	Keypress: left
36.5223 	EXP 	GratingPrueba: autoDraw = False
36.5223 	EXP 	FeedbackPrueb: text = 'Correct!'
36.5223 	EXP 	FeedbackPrueb: autoDraw = True
37.5065 	EXP 	New trial (rep=0, index=4): {'Frecuencia': 6.371803479359, 'Orientation': 81, 'Categoria': 'B', 'tecla': 'right', 'FrecuenciaEspacial': 0.031859017396795}
37.5224 	EXP 	FeedbackPrueb: autoDraw = False
37.5224 	EXP 	FeedbackPrueb: autoDraw = False
37.5224 	EXP 	GratingPrueba: ori = 81.0
37.5224 	EXP 	GratingPrueba: sf = array([0.03185902, 0.03185902])
37.6057 	EXP 	GratingPrueba: autoDraw = True
38.1417 	DATA 	Keypress: right
38.1562 	EXP 	GratingPrueba: autoDraw = False
38.1562 	EXP 	FeedbackPrueb: text = 'Correct!'
38.1562 	EXP 	FeedbackPrueb: autoDraw = True
39.1404 	EXP 	New trial (rep=0, index=5): {'Frecuencia': 4.3885152373554, 'Orientation': 338, 'Categoria': 'A', 'tecla': 'left', 'FrecuenciaEspacial': 0.021942576186777002}
39.1563 	EXP 	FeedbackPrueb: autoDraw = False
39.1563 	EXP 	FeedbackPrueb: autoDraw = False
39.1563 	EXP 	GratingPrueba: ori = 338.0
39.1563 	EXP 	GratingPrueba: sf = array([0.02194258, 0.02194258])
39.2396 	EXP 	GratingPrueba: autoDraw = True
39.5577 	DATA 	Keypress: escape
40.4835 	EXP 	window1: mouseVisible = True
