1.4846 	WARNING 	We strongly recommend you activate the PTB sound engine in PsychoPy prefs as the preferred audio engine. Its timing is vastly superior. Your prefs are currently set to use ['sounddevice', 'PTB', 'pyo', 'pygame'] (in that order).
10.9330 	WARNING 	User requested fullscreen with size [1680 1050], but screen is actually [1920, 1080]. Using actual size
11.5975 	EXP 	Created window1 = Window(allowGUI=False, allowStencil=False, autoLog=True, backendConf=UNKNOWN, bitsMode=UNKNOWN, blendMode='avg', bpc=(8, 8, 8), color=array([0, 0, 0]), colorSpace='rgb', depthBits=8, fullscr=<method-wrapper '__getattribute__' of attributeSetter object at 0x0000021C88225580>, gamma=None, gammaErrorPolicy='raise', lms=UNKNOWN, monitor=<psychopy.monitors.calibTools.Monitor object at 0x0000021C88483EB0>, multiSample=False, name='window1', numSamples=2, pos=(0, 0), screen=0, size=array([1920, 1080]), stencilBits=0, stereo=False, units='deg', useFBO=True, useRetina=False, viewOri=0.0, viewPos=None, viewScale=None, waitBlanking=True, winType='pyglet')
11.5977 	EXP 	window1: mouseVisible = True
11.5977 	EXP 	window1: Attempting to measure frame rate of screen (0) ...
11.5978 	EXP 	window1: recordFrameIntervals = False
11.7637 	EXP 	window1: recordFrameIntervals = True
11.9472 	EXP 	Screen (0) actual frame rate measured at 59.93Hz
11.9472 	EXP 	window1: recordFrameIntervals = False
14.0415 	EXP 	Created Instrucciones1 = TextStim(__class__=<class 'psychopy.visual.text.TextStim'>, alignHoriz=method-wrapper(...), alignText='center', alignVert=method-wrapper(...), anchorHoriz='center', anchorVert='center', antialias=True, autoLog=True, bold=False, color=array([-1., -1., -1.]), colorSpace='rgb', contrast=1.0, depth=0.0, flipHoriz=False, flipVert=False, font='Open Sans', fontFiles=[], height=0.05, italic=False, languageStyle='LTR', name='Instrucciones1', opacity=1.0, ori=0.0, pos=array([0., 0.]), rgb=UNKNOWN, text=str(...), units='height', win=Window(...), wrapWidth=1)
14.0490 	EXP 	Created Instrucciones2 = TextStim(__class__=<class 'psychopy.visual.text.TextStim'>, alignHoriz=method-wrapper(...), alignText='center', alignVert=method-wrapper(...), anchorHoriz='center', anchorVert='center', antialias=True, autoLog=True, bold=False, color=array([-1., -1., -1.]), colorSpace='rgb', contrast=1.0, depth=-2.0, flipHoriz=False, flipVert=False, font='Open Sans', fontFiles=[], height=0.05, italic=False, languageStyle='LTR', name='Instrucciones2', opacity=1.0, ori=0.0, pos=array([0., 0.]), rgb=UNKNOWN, text=str(...), units='height', win=Window(...), wrapWidth=1)
14.0659 	EXP 	Created Instrucciones3 = TextStim(__class__=<class 'psychopy.visual.text.TextStim'>, alignHoriz=method-wrapper(...), alignText='center', alignVert=method-wrapper(...), anchorHoriz='center', anchorVert='center', antialias=True, autoLog=True, bold=False, color=array([-1., -1., -1.]), colorSpace='rgb', contrast=1.0, depth=-4.0, flipHoriz=False, flipVert=False, font='Arial', fontFiles=[], height=0.05, italic=False, languageStyle='LTR', name='Instrucciones3', opacity=1.0, ori=0.0, pos=array([0., 0.]), rgb=UNKNOWN, text=str(...), units='height', win=Window(...), wrapWidth=1)
14.0755 	EXP 	Created instrucciones4 = TextStim(__class__=<class 'psychopy.visual.text.TextStim'>, alignHoriz=method-wrapper(...), alignText='center', alignVert=method-wrapper(...), anchorHoriz='center', anchorVert='center', antialias=True, autoLog=True, bold=False, color=array([-1., -1., -1.]), colorSpace='rgb', contrast=1.0, depth=-6.0, flipHoriz=False, flipVert=False, font='Arial', fontFiles=[], height=0.05, italic=False, languageStyle='LTR', name='instrucciones4', opacity=1.0, ori=0.0, pos=array([0., 0.]), rgb=UNKNOWN, text=str(...), units='height', win=Window(...), wrapWidth=1)
14.0812 	EXP 	Created Instrucciones5 = TextStim(__class__=<class 'psychopy.visual.text.TextStim'>, alignHoriz=method-wrapper(...), alignText='center', alignVert=method-wrapper(...), anchorHoriz='center', anchorVert='center', antialias=True, autoLog=True, bold=False, color=array([1., 1., 1.]), colorSpace='rgb', contrast=1.0, depth=-8.0, flipHoriz=False, flipVert=False, font='Arial', fontFiles=[], height=0.05, italic=False, languageStyle='LTR', name='Instrucciones5', opacity=1.0, ori=0.0, pos=array([0., 0.]), rgb=UNKNOWN, text='Vamos a hacer uno de prueba!', units='height', win=Window(...), wrapWidth=1)
14.0857 	EXP 	Created GratingPrueba = GratingStim(__class__=<class 'psychopy.visual.grating.GratingStim'>, anchor='center', autoDraw=False, autoLog=True, blendmode='avg', color=array([1., 1., 1.]), colorSpace='rgb', contrast=1.0, depth=-1.0, interpolate=True, mask='circle', maskParams=None, name='GratingPrueba', opacity=1.0, ori=1.0, phase=array([0., 0.]), pos=array([0., 0.]), rgbPedestal=array([0., 0., 0.]), sf=array([1., 1.]), size=array([200., 200.]), tex='sin', texRes=128, units='pix', win=Window(...))
14.0873 	EXP 	Created FeedbackPrueb = TextStim(__class__=<class 'psychopy.visual.text.TextStim'>, alignHoriz=method-wrapper(...), alignText='center', alignVert=method-wrapper(...), anchorHoriz='center', anchorVert='center', antialias=True, autoLog=True, bold=False, color=array([1., 1., 1.]), colorSpace='rgb', contrast=1.0, depth=0.0, flipHoriz=False, flipVert=False, font='Open Sans', fontFiles=[], height=0.1, italic=False, languageStyle='LTR', name='FeedbackPrueb', opacity=1.0, ori=0.0, pos=array([0., 0.]), rgb=UNKNOWN, text='', units='height', win=Window(...), wrapWidth=1)
14.1035 	EXP 	Created ComienzoTexto = TextStim(__class__=<class 'psychopy.visual.text.TextStim'>, alignHoriz=method-wrapper(...), alignText='center', alignVert=method-wrapper(...), anchorHoriz='center', anchorVert='center', antialias=True, autoLog=True, bold=False, color=array([-1., -1., -1.]), colorSpace='rgb', contrast=1.0, depth=0.0, flipHoriz=False, flipVert=False, font='Open Sans', fontFiles=[], height=0.05, italic=False, languageStyle='LTR', name='ComienzoTexto', opacity=1.0, ori=0.0, pos=array([0., 0.]), rgb=UNKNOWN, text=str(...), units='height', win=Window(...), wrapWidth=1)
14.1070 	EXP 	Created grating2 = GratingStim(__class__=<class 'psychopy.visual.grating.GratingStim'>, anchor='center', autoDraw=False, autoLog=True, blendmode='avg', color=array([1., 1., 1.]), colorSpace='rgb', contrast=1.0, depth=0.0, interpolate=True, mask='circle', maskParams=None, name='grating2', opacity=1.0, ori=1.0, phase=array([0., 0.]), pos=array([0., 0.]), rgbPedestal=array([0., 0., 0.]), sf=array([1., 1.]), size=array([200., 200.]), tex='sin', texRes=128, units='pix', win=Window(...))
14.1081 	EXP 	Created feedback_2 = TextStim(__class__=<class 'psychopy.visual.text.TextStim'>, alignHoriz=method-wrapper(...), alignText='center', alignVert=method-wrapper(...), anchorHoriz='center', anchorVert='center', antialias=True, autoLog=True, bold=False, color=array([1., 1., 1.]), colorSpace='rgb', contrast=1.0, depth=-1.0, flipHoriz=False, flipVert=False, font='Open Sans', fontFiles=[], height=0.1, italic=False, languageStyle='LTR', name='feedback_2', opacity=1.0, ori=0.0, pos=array([0., 0.]), rgb=UNKNOWN, text='', units='height', win=Window(...), wrapWidth=1)
14.1214 	EXP 	Created Gracias = TextStim(__class__=<class 'psychopy.visual.text.TextStim'>, alignHoriz=method-wrapper(...), alignText='center', alignVert=method-wrapper(...), anchorHoriz='center', anchorVert='center', antialias=True, autoLog=True, bold=False, color=array([1., 1., 1.]), colorSpace='rgb', contrast=1.0, depth=0.0, flipHoriz=False, flipVert=False, font='Open Sans', fontFiles=[], height=0.1, italic=False, languageStyle='LTR', name='Gracias', opacity=1.0, ori=0.0, pos=array([0., 0.]), rgb=UNKNOWN, text='¡Muchas gracias por participar!', units='height', win=Window(...), wrapWidth=1)
14.1234 	EXP 	Created image = ImageStim(__class__=<class 'psychopy.visual.image.ImageStim'>, anchor=('center', 'center'), autoLog=True, color=array([1., 1., 1.]), colorSpace='rgb', contrast=1.0, depth=-1.0, flipHoriz=False, flipVert=False, image=None, interpolate=True, mask=None, maskParams=None, name='image', opacity=1.0, ori=0.0, pos=array([0., 0.]), size=array([0.5, 0.5]), texRes=128.0, units='deg', win=Window(...))
15.1338 	EXP 	Instrucciones1: autoDraw = True
15.6346 	DATA 	Keypress: space
15.6482 	EXP 	Instrucciones1: autoDraw = False
15.6482 	EXP 	Instrucciones2: autoDraw = True
16.1511 	DATA 	Keypress: space
16.6186 	DATA 	Keypress: space
16.6317 	EXP 	Instrucciones2: autoDraw = False
16.6317 	EXP 	Instrucciones3: autoDraw = True
17.5847 	DATA 	Keypress: space
18.0358 	DATA 	Keypress: space
18.0488 	EXP 	Instrucciones3: autoDraw = False
18.0488 	EXP 	instrucciones4: autoDraw = True
18.8702 	DATA 	Keypress: space
18.8826 	EXP 	instrucciones4: autoDraw = False
18.8826 	EXP 	Instrucciones5: autoDraw = True
21.5692 	DATA 	Keypress: space
22.5192 	DATA 	Keypress: space
22.8778 	EXP 	Imported Categorias mas separadas/ParametrosAyBtraining.xlsx as conditions, 20 conditions, 5 params
22.8785 	EXP 	Created sequence: sequential, trialTypes=20, nReps=1, seed=None
22.8788 	EXP 	New trial (rep=0, index=0): {'Frecuencia': 6.49400070200202, 'Orientation': 91, 'Categoria': 'B', 'tecla': 'right', 'FrecuenciaEspacial': 0.0324700035100101}
22.8882 	EXP 	Instrucciones5: autoDraw = False
22.8882 	EXP 	Instrucciones1: autoDraw = False
22.8882 	EXP 	Instrucciones2: autoDraw = False
22.8882 	EXP 	Instrucciones3: autoDraw = False
22.8882 	EXP 	instrucciones4: autoDraw = False
22.8882 	EXP 	Instrucciones5: autoDraw = False
22.8882 	EXP 	GratingPrueba: ori = 91.0
22.8882 	EXP 	GratingPrueba: sf = array([0.03247, 0.03247])
22.9842 	EXP 	GratingPrueba: autoDraw = True
22.9842 	EXP 	GratingPrueba: tex = 'sin'
23.7706 	DATA 	Keypress: right
23.7843 	EXP 	GratingPrueba: autoDraw = False
23.7843 	EXP 	FeedbackPrueb: text = ''
23.7843 	EXP 	FeedbackPrueb: autoDraw = True
23.7843 	EXP 	FeedbackPrueb: height = 0.1
23.7843 	EXP 	FeedbackPrueb: height = 0.1
23.7843 	EXP 	FeedbackPrueb: text = ''
24.7689 	EXP 	New trial (rep=0, index=1): {'Frecuencia': 6.7112388074605, 'Orientation': 209, 'Categoria': 'B', 'tecla': 'right', 'FrecuenciaEspacial': 0.0335561940373025}
24.7846 	EXP 	FeedbackPrueb: autoDraw = False
24.7846 	EXP 	FeedbackPrueb: autoDraw = False
24.7846 	EXP 	GratingPrueba: ori = 209.0
24.7846 	EXP 	GratingPrueba: sf = array([0.03355619, 0.03355619])
24.8680 	EXP 	GratingPrueba: autoDraw = True
25.6922 	DATA 	Keypress: right
25.7029 	EXP 	GratingPrueba: autoDraw = False
25.7029 	EXP 	FeedbackPrueb: height = 0.1
25.7029 	EXP 	FeedbackPrueb: height = 0.1
25.7029 	EXP 	FeedbackPrueb: text = 'Correct!'
25.7029 	EXP 	FeedbackPrueb: autoDraw = True
26.7027 	EXP 	New trial (rep=0, index=2): {'Frecuencia': 6.29639159036468, 'Orientation': 310, 'Categoria': 'B', 'tecla': 'right', 'FrecuenciaEspacial': 0.031481957951823396}
26.7184 	EXP 	FeedbackPrueb: autoDraw = False
26.7184 	EXP 	FeedbackPrueb: autoDraw = False
26.7184 	EXP 	GratingPrueba: ori = 310.0
26.7184 	EXP 	GratingPrueba: sf = array([0.03148196, 0.03148196])
26.8021 	EXP 	GratingPrueba: autoDraw = True
27.2384 	DATA 	Keypress: right
27.2522 	EXP 	GratingPrueba: autoDraw = False
27.2522 	EXP 	FeedbackPrueb: text = 'Correct!'
27.2522 	EXP 	FeedbackPrueb: autoDraw = True
28.2367 	EXP 	New trial (rep=0, index=3): {'Frecuencia': 4.21034628701276, 'Orientation': 242, 'Categoria': 'A', 'tecla': 'left', 'FrecuenciaEspacial': 0.021051731435063798}
28.2523 	EXP 	FeedbackPrueb: autoDraw = False
28.2523 	EXP 	FeedbackPrueb: autoDraw = False
28.2523 	EXP 	GratingPrueba: ori = 242.0
28.2523 	EXP 	GratingPrueba: sf = array([0.02105173, 0.02105173])
28.3355 	EXP 	GratingPrueba: autoDraw = True
29.1052 	DATA 	Keypress: left
29.1194 	EXP 	GratingPrueba: autoDraw = False
29.1194 	EXP 	FeedbackPrueb: text = 'Correct!'
29.1194 	EXP 	FeedbackPrueb: autoDraw = True
30.1037 	EXP 	New trial (rep=0, index=4): {'Frecuencia': 4.36345945902825, 'Orientation': 354, 'Categoria': 'A', 'tecla': 'left', 'FrecuenciaEspacial': 0.021817297295141248}
30.1197 	EXP 	FeedbackPrueb: autoDraw = False
30.1197 	EXP 	FeedbackPrueb: autoDraw = False
30.1197 	EXP 	GratingPrueba: ori = 354.0
30.1197 	EXP 	GratingPrueba: sf = array([0.0218173, 0.0218173])
30.2030 	EXP 	GratingPrueba: autoDraw = True
30.9894 	DATA 	Keypress: left
31.0037 	EXP 	GratingPrueba: autoDraw = False
31.0037 	EXP 	FeedbackPrueb: text = 'Correct!'
31.0037 	EXP 	FeedbackPrueb: autoDraw = True
31.9876 	EXP 	New trial (rep=0, index=5): {'Frecuencia': 4.27238428520602, 'Orientation': 113, 'Categoria': 'A', 'tecla': 'left', 'FrecuenciaEspacial': 0.021361921426030103}
32.0035 	EXP 	FeedbackPrueb: autoDraw = False
32.0035 	EXP 	FeedbackPrueb: autoDraw = False
32.0035 	EXP 	GratingPrueba: ori = 113.0
32.0035 	EXP 	GratingPrueba: sf = array([0.02136192, 0.02136192])
32.0868 	EXP 	GratingPrueba: autoDraw = True
32.8896 	DATA 	Keypress: left
32.9038 	EXP 	GratingPrueba: autoDraw = False
32.9038 	EXP 	FeedbackPrueb: text = 'Correct!'
32.9038 	EXP 	FeedbackPrueb: autoDraw = True
33.8884 	EXP 	New trial (rep=0, index=6): {'Frecuencia': 6.51637076147905, 'Orientation': 68, 'Categoria': 'B', 'tecla': 'right', 'FrecuenciaEspacial': 0.03258185380739525}
33.9043 	EXP 	FeedbackPrueb: autoDraw = False
33.9043 	EXP 	FeedbackPrueb: autoDraw = False
33.9043 	EXP 	GratingPrueba: ori = 68.0
33.9043 	EXP 	GratingPrueba: sf = array([0.03258185, 0.03258185])
33.9875 	EXP 	GratingPrueba: autoDraw = True
34.2889 	DATA 	Keypress: escape
35.0414 	EXP 	window1: mouseVisible = True
