1.4985 	WARNING 	We strongly recommend you activate the PTB sound engine in PsychoPy prefs as the preferred audio engine. Its timing is vastly superior. Your prefs are currently set to use ['sounddevice', 'PTB', 'pyo', 'pygame'] (in that order).
25.5428 	WARNING 	User requested fullscreen with size [1680 1050], but screen is actually [1920, 1080]. Using actual size
26.1975 	EXP 	Created window1 = Window(allowGUI=False, allowStencil=False, autoLog=True, backendConf=UNKNOWN, bitsMode=UNKNOWN, blendMode='avg', bpc=(8, 8, 8), color=array([0, 0, 0]), colorSpace='rgb', depthBits=8, fullscr=<method-wrapper '__getattribute__' of attributeSetter object at 0x00000247F95984F0>, gamma=None, gammaErrorPolicy='raise', lms=UNKNOWN, monitor=<psychopy.monitors.calibTools.Monitor object at 0x00000247FBAF4DF0>, multiSample=False, name='window1', numSamples=2, pos=(0, 0), screen=0, size=array([1920, 1080]), stencilBits=0, stereo=False, units='deg', useFBO=True, useRetina=False, viewOri=0.0, viewPos=None, viewScale=None, waitBlanking=True, winType='pyglet')
26.1977 	EXP 	window1: mouseVisible = True
26.1978 	EXP 	window1: Attempting to measure frame rate of screen (0) ...
26.1978 	EXP 	window1: recordFrameIntervals = False
26.3641 	EXP 	window1: recordFrameIntervals = True
26.5477 	EXP 	Screen (0) actual frame rate measured at 60.05Hz
26.5477 	EXP 	window1: recordFrameIntervals = False
28.6359 	EXP 	Created Instrucciones1 = TextStim(__class__=<class 'psychopy.visual.text.TextStim'>, alignHoriz=method-wrapper(...), alignText='center', alignVert=method-wrapper(...), anchorHoriz='center', anchorVert='center', antialias=True, autoLog=True, bold=False, color=array([-1., -1., -1.]), colorSpace='rgb', contrast=1.0, depth=0.0, flipHoriz=False, flipVert=False, font='Open Sans', fontFiles=[], height=0.05, italic=False, languageStyle='LTR', name='Instrucciones1', opacity=1.0, ori=0.0, pos=array([0., 0.]), rgb=UNKNOWN, text=str(...), units='height', win=Window(...), wrapWidth=1)
28.6436 	EXP 	Created Instrucciones2 = TextStim(__class__=<class 'psychopy.visual.text.TextStim'>, alignHoriz=method-wrapper(...), alignText='center', alignVert=method-wrapper(...), anchorHoriz='center', anchorVert='center', antialias=True, autoLog=True, bold=False, color=array([-1., -1., -1.]), colorSpace='rgb', contrast=1.0, depth=-2.0, flipHoriz=False, flipVert=False, font='Open Sans', fontFiles=[], height=0.05, italic=False, languageStyle='LTR', name='Instrucciones2', opacity=1.0, ori=0.0, pos=array([0., 0.]), rgb=UNKNOWN, text=str(...), units='height', win=Window(...), wrapWidth=1)
28.6598 	EXP 	Created Instrucciones3 = TextStim(__class__=<class 'psychopy.visual.text.TextStim'>, alignHoriz=method-wrapper(...), alignText='center', alignVert=method-wrapper(...), anchorHoriz='center', anchorVert='center', antialias=True, autoLog=True, bold=False, color=array([-1., -1., -1.]), colorSpace='rgb', contrast=1.0, depth=-4.0, flipHoriz=False, flipVert=False, font='Arial', fontFiles=[], height=0.05, italic=False, languageStyle='LTR', name='Instrucciones3', opacity=1.0, ori=0.0, pos=array([0., 0.]), rgb=UNKNOWN, text=str(...), units='height', win=Window(...), wrapWidth=1)
28.6703 	EXP 	Created instrucciones4 = TextStim(__class__=<class 'psychopy.visual.text.TextStim'>, alignHoriz=method-wrapper(...), alignText='center', alignVert=method-wrapper(...), anchorHoriz='center', anchorVert='center', antialias=True, autoLog=True, bold=False, color=array([-1., -1., -1.]), colorSpace='rgb', contrast=1.0, depth=-6.0, flipHoriz=False, flipVert=False, font='Arial', fontFiles=[], height=0.05, italic=False, languageStyle='LTR', name='instrucciones4', opacity=1.0, ori=0.0, pos=array([0., 0.]), rgb=UNKNOWN, text=str(...), units='height', win=Window(...), wrapWidth=1)
28.6781 	EXP 	Created Instrucciones5 = TextStim(__class__=<class 'psychopy.visual.text.TextStim'>, alignHoriz=method-wrapper(...), alignText='center', alignVert=method-wrapper(...), anchorHoriz='center', anchorVert='center', antialias=True, autoLog=True, bold=False, color=array([1., 1., 1.]), colorSpace='rgb', contrast=1.0, depth=-8.0, flipHoriz=False, flipVert=False, font='Arial', fontFiles=[], height=0.05, italic=False, languageStyle='LTR', name='Instrucciones5', opacity=1.0, ori=0.0, pos=array([0., 0.]), rgb=UNKNOWN, text='Vamos a hacer uno de prueba!', units='height', win=Window(...), wrapWidth=1)
28.6828 	EXP 	Created GratingPrueba = GratingStim(__class__=<class 'psychopy.visual.grating.GratingStim'>, anchor='center', autoDraw=False, autoLog=True, blendmode='avg', color=array([1., 1., 1.]), colorSpace='rgb', contrast=1.0, depth=-1.0, interpolate=True, mask='circle', maskParams=None, name='GratingPrueba', opacity=1.0, ori=1.0, phase=array([0., 0.]), pos=array([0., 0.]), rgbPedestal=array([0., 0., 0.]), sf=array([1., 1.]), size=array([200., 200.]), tex='sin', texRes=128, units='pix', win=Window(...))
28.6846 	EXP 	Created FeedbackPrueb = TextStim(__class__=<class 'psychopy.visual.text.TextStim'>, alignHoriz=method-wrapper(...), alignText='center', alignVert=method-wrapper(...), anchorHoriz='center', anchorVert='center', antialias=True, autoLog=True, bold=False, color=array([1., 1., 1.]), colorSpace='rgb', contrast=1.0, depth=0.0, flipHoriz=False, flipVert=False, font='Open Sans', fontFiles=[], height=0.1, italic=False, languageStyle='LTR', name='FeedbackPrueb', opacity=1.0, ori=0.0, pos=array([0., 0.]), rgb=UNKNOWN, text='', units='height', win=Window(...), wrapWidth=1)
28.7027 	EXP 	Created ComienzoTexto = TextStim(__class__=<class 'psychopy.visual.text.TextStim'>, alignHoriz=method-wrapper(...), alignText='center', alignVert=method-wrapper(...), anchorHoriz='center', anchorVert='center', antialias=True, autoLog=True, bold=False, color=array([-1., -1., -1.]), colorSpace='rgb', contrast=1.0, depth=0.0, flipHoriz=False, flipVert=False, font='Open Sans', fontFiles=[], height=0.05, italic=False, languageStyle='LTR', name='ComienzoTexto', opacity=1.0, ori=0.0, pos=array([0., 0.]), rgb=UNKNOWN, text=str(...), units='height', win=Window(...), wrapWidth=1)
28.7063 	EXP 	Created grating2 = GratingStim(__class__=<class 'psychopy.visual.grating.GratingStim'>, anchor='center', autoDraw=False, autoLog=True, blendmode='avg', color=array([1., 1., 1.]), colorSpace='rgb', contrast=1.0, depth=0.0, interpolate=True, mask='circle', maskParams=None, name='grating2', opacity=1.0, ori=1.0, phase=array([0., 0.]), pos=array([0., 0.]), rgbPedestal=array([0., 0., 0.]), sf=array([1., 1.]), size=array([200., 200.]), tex='sin', texRes=128, units='pix', win=Window(...))
28.7075 	EXP 	Created feedback_2 = TextStim(__class__=<class 'psychopy.visual.text.TextStim'>, alignHoriz=method-wrapper(...), alignText='center', alignVert=method-wrapper(...), anchorHoriz='center', anchorVert='center', antialias=True, autoLog=True, bold=False, color=array([1., 1., 1.]), colorSpace='rgb', contrast=1.0, depth=-1.0, flipHoriz=False, flipVert=False, font='Open Sans', fontFiles=[], height=0.1, italic=False, languageStyle='LTR', name='feedback_2', opacity=1.0, ori=0.0, pos=array([0., 0.]), rgb=UNKNOWN, text='', units='height', win=Window(...), wrapWidth=1)
28.7210 	EXP 	Created Gracias = TextStim(__class__=<class 'psychopy.visual.text.TextStim'>, alignHoriz=method-wrapper(...), alignText='center', alignVert=method-wrapper(...), anchorHoriz='center', anchorVert='center', antialias=True, autoLog=True, bold=False, color=array([1., 1., 1.]), colorSpace='rgb', contrast=1.0, depth=0.0, flipHoriz=False, flipVert=False, font='Open Sans', fontFiles=[], height=0.1, italic=False, languageStyle='LTR', name='Gracias', opacity=1.0, ori=0.0, pos=array([0., 0.]), rgb=UNKNOWN, text='¡Muchas gracias por participar!', units='height', win=Window(...), wrapWidth=1)
28.7229 	EXP 	Created image = ImageStim(__class__=<class 'psychopy.visual.image.ImageStim'>, anchor=('center', 'center'), autoLog=True, color=array([1., 1., 1.]), colorSpace='rgb', contrast=1.0, depth=-1.0, flipHoriz=False, flipVert=False, image=None, interpolate=True, mask=None, maskParams=None, name='image', opacity=1.0, ori=0.0, pos=array([0., 0.]), size=array([0.5, 0.5]), texRes=128.0, units='deg', win=Window(...))
29.7162 	EXP 	Instrucciones1: autoDraw = True
38.7706 	DATA 	Keypress: space
38.7850 	EXP 	Instrucciones1: autoDraw = False
38.7850 	EXP 	Instrucciones2: autoDraw = True
51.9580 	DATA 	Keypress: return
52.6076 	DATA 	Keypress: space
63.0282 	DATA 	Keypress: space
63.0423 	EXP 	Instrucciones2: autoDraw = False
63.0423 	EXP 	Instrucciones3: autoDraw = True
87.5191 	DATA 	Keypress: space
88.3364 	DATA 	Keypress: space
88.3503 	EXP 	Instrucciones3: autoDraw = False
88.3503 	EXP 	instrucciones4: autoDraw = True
128.3652 	DATA 	Keypress: space
128.8661 	DATA 	Keypress: space
128.8798 	EXP 	instrucciones4: autoDraw = False
128.8798 	EXP 	Instrucciones5: autoDraw = True
130.5152 	DATA 	Keypress: space
131.3486 	DATA 	Keypress: space
132.5490 	DATA 	Keypress: space
132.8750 	EXP 	Imported Categorias mas separadas/ParametrosAyBtraining.xlsx as conditions, 20 conditions, 5 params
132.8757 	EXP 	Created sequence: sequential, trialTypes=20, nReps=1, seed=None
132.8760 	EXP 	New trial (rep=0, index=0): {'Frecuencia': 6.49400070200202, 'Orientation': 247, 'Categoria': 'B', 'tecla': 'right', 'FrecuenciaEspacial': 0.0324700035100101}
132.8854 	EXP 	Instrucciones5: autoDraw = False
132.8854 	EXP 	Instrucciones1: autoDraw = False
132.8854 	EXP 	Instrucciones2: autoDraw = False
132.8854 	EXP 	Instrucciones3: autoDraw = False
132.8854 	EXP 	instrucciones4: autoDraw = False
132.8854 	EXP 	Instrucciones5: autoDraw = False
132.8854 	EXP 	GratingPrueba: ori = 247.0
132.8854 	EXP 	GratingPrueba: sf = array([0.03247, 0.03247])
132.9810 	EXP 	GratingPrueba: autoDraw = True
132.9810 	EXP 	GratingPrueba: tex = 'sin'
133.1656 	DATA 	Keypress: space
134.5014 	DATA 	Keypress: right
134.5145 	EXP 	GratingPrueba: autoDraw = False
134.5145 	EXP 	FeedbackPrueb: text = ''
134.5145 	EXP 	FeedbackPrueb: autoDraw = True
134.5145 	EXP 	FeedbackPrueb: height = 0.1
134.5145 	EXP 	FeedbackPrueb: height = 0.1
134.5145 	EXP 	FeedbackPrueb: text = ''
135.4996 	EXP 	New trial (rep=0, index=1): {'Frecuencia': 6.7112388074605, 'Orientation': 147, 'Categoria': 'B', 'tecla': 'right', 'FrecuenciaEspacial': 0.0335561940373025}
135.5151 	EXP 	FeedbackPrueb: autoDraw = False
135.5151 	EXP 	FeedbackPrueb: autoDraw = False
135.5151 	EXP 	GratingPrueba: ori = 147.0
135.5151 	EXP 	GratingPrueba: sf = array([0.03355619, 0.03355619])
135.5985 	EXP 	GratingPrueba: autoDraw = True
138.2391 	DATA 	Keypress: right
138.2501 	EXP 	GratingPrueba: autoDraw = False
138.2501 	EXP 	FeedbackPrueb: height = 0.1
138.2501 	EXP 	FeedbackPrueb: height = 0.1
138.2501 	EXP 	FeedbackPrueb: text = 'Correcto'
138.2501 	EXP 	FeedbackPrueb: autoDraw = True
139.2338 	EXP 	New trial (rep=0, index=2): {'Frecuencia': 6.29639159036468, 'Orientation': 139, 'Categoria': 'B', 'tecla': 'right', 'FrecuenciaEspacial': 0.031481957951823396}
139.2497 	EXP 	FeedbackPrueb: autoDraw = False
139.2497 	EXP 	FeedbackPrueb: autoDraw = False
139.2497 	EXP 	GratingPrueba: ori = 139.0
139.2497 	EXP 	GratingPrueba: sf = array([0.03148196, 0.03148196])
139.3329 	EXP 	GratingPrueba: autoDraw = True
140.5690 	DATA 	Keypress: right
140.5831 	EXP 	GratingPrueba: autoDraw = False
140.5831 	EXP 	FeedbackPrueb: text = 'Correcto'
140.5831 	EXP 	FeedbackPrueb: autoDraw = True
141.5677 	EXP 	New trial (rep=0, index=3): {'Frecuencia': 4.21034628701276, 'Orientation': 88, 'Categoria': 'A', 'tecla': 'left', 'FrecuenciaEspacial': 0.021051731435063798}
141.5835 	EXP 	FeedbackPrueb: autoDraw = False
141.5835 	EXP 	FeedbackPrueb: autoDraw = False
141.5835 	EXP 	GratingPrueba: ori = 88.0
141.5835 	EXP 	GratingPrueba: sf = array([0.02105173, 0.02105173])
141.6670 	EXP 	GratingPrueba: autoDraw = True
143.1865 	DATA 	Keypress: right
143.2009 	EXP 	GratingPrueba: autoDraw = False
143.2009 	EXP 	FeedbackPrueb: text = 'Correcto'
143.2009 	EXP 	FeedbackPrueb: autoDraw = True
144.1853 	EXP 	New trial (rep=0, index=4): {'Frecuencia': 4.36345945902825, 'Orientation': 5, 'Categoria': 'A', 'tecla': 'left', 'FrecuenciaEspacial': 0.021817297295141248}
144.2016 	EXP 	FeedbackPrueb: autoDraw = False
144.2016 	EXP 	FeedbackPrueb: autoDraw = False
144.2016 	EXP 	GratingPrueba: ori = 5.0
144.2016 	EXP 	GratingPrueba: sf = array([0.0218173, 0.0218173])
144.2845 	EXP 	GratingPrueba: autoDraw = True
145.1301 	DATA 	Keypress: right
145.1383 	EXP 	GratingPrueba: autoDraw = False
145.1383 	EXP 	FeedbackPrueb: height = 0.1
145.1383 	EXP 	FeedbackPrueb: height = 0.1
145.1383 	EXP 	FeedbackPrueb: text = 'Volve a probar'
145.1383 	EXP 	FeedbackPrueb: autoDraw = True
146.1359 	EXP 	New trial (rep=0, index=5): {'Frecuencia': 4.27238428520602, 'Orientation': 192, 'Categoria': 'A', 'tecla': 'left', 'FrecuenciaEspacial': 0.021361921426030103}
146.1517 	EXP 	FeedbackPrueb: autoDraw = False
146.1517 	EXP 	FeedbackPrueb: autoDraw = False
146.1517 	EXP 	GratingPrueba: ori = 192.0
146.1517 	EXP 	GratingPrueba: sf = array([0.02136192, 0.02136192])
146.2352 	EXP 	GratingPrueba: autoDraw = True
148.3219 	DATA 	Keypress: left
148.3359 	EXP 	GratingPrueba: autoDraw = False
148.3359 	EXP 	FeedbackPrueb: text = 'Volve a probar'
148.3359 	EXP 	FeedbackPrueb: autoDraw = True
149.3203 	EXP 	New trial (rep=0, index=6): {'Frecuencia': 6.51637076147905, 'Orientation': 164, 'Categoria': 'B', 'tecla': 'right', 'FrecuenciaEspacial': 0.03258185380739525}
149.3363 	EXP 	FeedbackPrueb: autoDraw = False
149.3363 	EXP 	FeedbackPrueb: autoDraw = False
149.3363 	EXP 	GratingPrueba: ori = 164.0
149.3363 	EXP 	GratingPrueba: sf = array([0.03258185, 0.03258185])
149.4193 	EXP 	GratingPrueba: autoDraw = True
152.4204 	EXP 	GratingPrueba: autoDraw = False
152.5204 	EXP 	GratingPrueba: autoDraw = False
152.5204 	EXP 	FeedbackPrueb: height = 0.1
152.5204 	EXP 	FeedbackPrueb: height = 0.1
152.5204 	EXP 	FeedbackPrueb: text = 'Correcto'
152.5204 	EXP 	FeedbackPrueb: autoDraw = True
153.2222 	DATA 	Keypress: left
153.5048 	EXP 	New trial (rep=0, index=7): {'Frecuencia': 4.07997828140618, 'Orientation': 179, 'Categoria': 'A', 'tecla': 'left', 'FrecuenciaEspacial': 0.0203998914070309}
153.5208 	EXP 	FeedbackPrueb: autoDraw = False
153.5208 	EXP 	FeedbackPrueb: autoDraw = False
153.5208 	EXP 	GratingPrueba: ori = 179.0
153.5208 	EXP 	GratingPrueba: sf = array([0.02039989, 0.02039989])
153.6041 	EXP 	GratingPrueba: autoDraw = True
154.6941 	DATA 	Keypress: right
154.7052 	EXP 	GratingPrueba: autoDraw = False
154.7052 	EXP 	FeedbackPrueb: height = 0.1
154.7052 	EXP 	FeedbackPrueb: height = 0.1
154.7052 	EXP 	FeedbackPrueb: text = 'Volve a probar'
154.7052 	EXP 	FeedbackPrueb: autoDraw = True
155.6889 	EXP 	New trial (rep=0, index=8): {'Frecuencia': 6.40018318747358, 'Orientation': 112, 'Categoria': 'B', 'tecla': 'right', 'FrecuenciaEspacial': 0.032000915937367896}
155.7049 	EXP 	FeedbackPrueb: autoDraw = False
155.7049 	EXP 	FeedbackPrueb: autoDraw = False
155.7049 	EXP 	GratingPrueba: ori = 112.0
155.7049 	EXP 	GratingPrueba: sf = array([0.03200092, 0.03200092])
155.7880 	EXP 	GratingPrueba: autoDraw = True
157.2576 	DATA 	Keypress: left
157.2718 	EXP 	GratingPrueba: autoDraw = False
157.2718 	EXP 	FeedbackPrueb: text = 'Volve a probar'
157.2718 	EXP 	FeedbackPrueb: autoDraw = True
158.2564 	EXP 	New trial (rep=0, index=9): {'Frecuencia': 4.20073613419003, 'Orientation': 157, 'Categoria': 'A', 'tecla': 'left', 'FrecuenciaEspacial': 0.02100368067095015}
158.2723 	EXP 	FeedbackPrueb: autoDraw = False
158.2723 	EXP 	FeedbackPrueb: autoDraw = False
158.2723 	EXP 	GratingPrueba: ori = 157.0
158.2723 	EXP 	GratingPrueba: sf = array([0.02100368, 0.02100368])
158.3559 	EXP 	GratingPrueba: autoDraw = True
159.8751 	DATA 	Keypress: right
159.8894 	EXP 	GratingPrueba: autoDraw = False
159.8894 	EXP 	FeedbackPrueb: text = 'Volve a probar'
159.8894 	EXP 	FeedbackPrueb: autoDraw = True
160.8738 	EXP 	New trial (rep=0, index=10): {'Frecuencia': 4.28989131572139, 'Orientation': 118, 'Categoria': 'A', 'tecla': 'left', 'FrecuenciaEspacial': 0.021449456578606953}
160.8898 	EXP 	FeedbackPrueb: autoDraw = False
160.8898 	EXP 	FeedbackPrueb: autoDraw = False
160.8898 	EXP 	GratingPrueba: ori = 118.0
160.8898 	EXP 	GratingPrueba: sf = array([0.02144946, 0.02144946])
160.9732 	EXP 	GratingPrueba: autoDraw = True
163.9739 	EXP 	GratingPrueba: autoDraw = False
164.0739 	EXP 	GratingPrueba: autoDraw = False
164.0739 	EXP 	FeedbackPrueb: text = 'Volve a probar'
164.0739 	EXP 	FeedbackPrueb: autoDraw = True
165.0584 	EXP 	New trial (rep=0, index=11): {'Frecuencia': 6.49953455417403, 'Orientation': 74, 'Categoria': 'B', 'tecla': 'right', 'FrecuenciaEspacial': 0.03249767277087015}
165.0744 	EXP 	FeedbackPrueb: autoDraw = False
165.0744 	EXP 	FeedbackPrueb: autoDraw = False
165.0744 	EXP 	GratingPrueba: ori = 74.0
165.0744 	EXP 	GratingPrueba: sf = array([0.03249767, 0.03249767])
165.1578 	EXP 	GratingPrueba: autoDraw = True
167.1776 	DATA 	Keypress: left
167.1917 	EXP 	GratingPrueba: autoDraw = False
167.1917 	EXP 	FeedbackPrueb: text = 'Volve a probar'
167.1917 	EXP 	FeedbackPrueb: autoDraw = True
168.1762 	EXP 	New trial (rep=0, index=12): {'Frecuencia': 4.17843512507528, 'Orientation': 241, 'Categoria': 'A', 'tecla': 'left', 'FrecuenciaEspacial': 0.020892175625376402}
168.1921 	EXP 	FeedbackPrueb: autoDraw = False
168.1921 	EXP 	FeedbackPrueb: autoDraw = False
168.1921 	EXP 	GratingPrueba: ori = 241.0
168.1921 	EXP 	GratingPrueba: sf = array([0.02089218, 0.02089218])
168.2754 	EXP 	GratingPrueba: autoDraw = True
169.8617 	DATA 	Keypress: right
169.8758 	EXP 	GratingPrueba: autoDraw = False
169.8758 	EXP 	FeedbackPrueb: text = 'Volve a probar'
169.8758 	EXP 	FeedbackPrueb: autoDraw = True
170.8603 	EXP 	New trial (rep=0, index=13): {'Frecuencia': 6.13049851653438, 'Orientation': 15, 'Categoria': 'B', 'tecla': 'right', 'FrecuenciaEspacial': 0.0306524925826719}
170.8760 	EXP 	FeedbackPrueb: autoDraw = False
170.8760 	EXP 	FeedbackPrueb: autoDraw = False
170.8760 	EXP 	GratingPrueba: ori = 15.0
170.8760 	EXP 	GratingPrueba: sf = array([0.03065249, 0.03065249])
170.9597 	EXP 	GratingPrueba: autoDraw = True
172.4460 	DATA 	Keypress: right
172.4601 	EXP 	GratingPrueba: autoDraw = False
172.4601 	EXP 	FeedbackPrueb: text = 'Volve a probar'
172.4601 	EXP 	FeedbackPrueb: autoDraw = True
173.4456 	EXP 	New trial (rep=0, index=14): {'Frecuencia': 4.3885152373554, 'Orientation': 293, 'Categoria': 'A', 'tecla': 'left', 'FrecuenciaEspacial': 0.021942576186777002}
173.4602 	EXP 	FeedbackPrueb: autoDraw = False
173.4602 	EXP 	FeedbackPrueb: autoDraw = False
173.4602 	EXP 	GratingPrueba: ori = 293.0
173.4602 	EXP 	GratingPrueba: sf = array([0.02194258, 0.02194258])
173.5438 	EXP 	GratingPrueba: autoDraw = True
176.5446 	EXP 	GratingPrueba: autoDraw = False
176.6448 	EXP 	GratingPrueba: autoDraw = False
176.6448 	EXP 	FeedbackPrueb: height = 0.1
176.6448 	EXP 	FeedbackPrueb: height = 0.1
176.6448 	EXP 	FeedbackPrueb: text = 'Correcto'
176.6448 	EXP 	FeedbackPrueb: autoDraw = True
176.6465 	DATA 	Keypress: right
177.6290 	EXP 	New trial (rep=0, index=15): {'Frecuencia': 6.62334361253407, 'Orientation': 110, 'Categoria': 'B', 'tecla': 'right', 'FrecuenciaEspacial': 0.03311671806267035}
177.6449 	EXP 	FeedbackPrueb: autoDraw = False
177.6449 	EXP 	FeedbackPrueb: autoDraw = False
177.6449 	EXP 	GratingPrueba: ori = 110.0
177.6449 	EXP 	GratingPrueba: sf = array([0.03311672, 0.03311672])
177.7286 	EXP 	GratingPrueba: autoDraw = True
178.5842 	DATA 	Keypress: left
178.5952 	EXP 	GratingPrueba: autoDraw = False
178.5952 	EXP 	FeedbackPrueb: height = 0.1
178.5952 	EXP 	FeedbackPrueb: height = 0.1
178.5952 	EXP 	FeedbackPrueb: text = 'Volve a probar'
178.5952 	EXP 	FeedbackPrueb: autoDraw = True
179.5797 	EXP 	New trial (rep=0, index=16): {'Frecuencia': 4.17504873370622, 'Orientation': 127, 'Categoria': 'A', 'tecla': 'left', 'FrecuenciaEspacial': 0.020875243668531097}
179.5957 	EXP 	FeedbackPrueb: autoDraw = False
179.5957 	EXP 	FeedbackPrueb: autoDraw = False
179.5957 	EXP 	GratingPrueba: ori = 127.0
179.5957 	EXP 	GratingPrueba: sf = array([0.02087524, 0.02087524])
179.6791 	EXP 	GratingPrueba: autoDraw = True
182.6793 	EXP 	GratingPrueba: autoDraw = False
182.7797 	EXP 	GratingPrueba: autoDraw = False
182.7797 	EXP 	FeedbackPrueb: text = 'Volve a probar'
182.7797 	EXP 	FeedbackPrueb: autoDraw = True
183.7641 	EXP 	New trial (rep=0, index=17): {'Frecuencia': 6.42492405285687, 'Orientation': 287, 'Categoria': 'B', 'tecla': 'right', 'FrecuenciaEspacial': 0.03212462026428435}
183.7799 	EXP 	FeedbackPrueb: autoDraw = False
183.7799 	EXP 	FeedbackPrueb: autoDraw = False
183.7799 	EXP 	GratingPrueba: ori = 287.0
183.7799 	EXP 	GratingPrueba: sf = array([0.03212462, 0.03212462])
183.8632 	EXP 	GratingPrueba: autoDraw = True
184.7334 	DATA 	Keypress: left
184.7469 	EXP 	GratingPrueba: autoDraw = False
184.7469 	EXP 	FeedbackPrueb: text = 'Volve a probar'
184.7469 	EXP 	FeedbackPrueb: autoDraw = True
185.7314 	EXP 	New trial (rep=0, index=18): {'Frecuencia': 6.371803479359, 'Orientation': 312, 'Categoria': 'B', 'tecla': 'right', 'FrecuenciaEspacial': 0.031859017396795}
185.7470 	EXP 	FeedbackPrueb: autoDraw = False
185.7470 	EXP 	FeedbackPrueb: autoDraw = False
185.7470 	EXP 	GratingPrueba: ori = 312.0
185.7470 	EXP 	GratingPrueba: sf = array([0.03185902, 0.03185902])
185.8307 	EXP 	GratingPrueba: autoDraw = True
186.4506 	DATA 	Keypress: right
186.4640 	EXP 	GratingPrueba: autoDraw = False
186.4640 	EXP 	FeedbackPrueb: text = 'Volve a probar'
186.4640 	EXP 	FeedbackPrueb: autoDraw = True
187.4485 	EXP 	New trial (rep=0, index=19): {'Frecuencia': 4.2515157424853, 'Orientation': 200, 'Categoria': 'A', 'tecla': 'left', 'FrecuenciaEspacial': 0.021257578712426502}
187.4644 	EXP 	FeedbackPrueb: autoDraw = False
187.4644 	EXP 	FeedbackPrueb: autoDraw = False
187.4644 	EXP 	GratingPrueba: ori = 200.0
187.4644 	EXP 	GratingPrueba: sf = array([0.02125758, 0.02125758])
187.5477 	EXP 	GratingPrueba: autoDraw = True
188.3378 	DATA 	Keypress: right
188.3483 	EXP 	GratingPrueba: autoDraw = False
188.3483 	EXP 	FeedbackPrueb: height = 0.1
188.3483 	EXP 	FeedbackPrueb: height = 0.1
188.3483 	EXP 	FeedbackPrueb: text = 'Correcto'
188.3483 	EXP 	FeedbackPrueb: autoDraw = True
189.3745 	EXP 	FeedbackPrueb: autoDraw = False
189.3745 	EXP 	FeedbackPrueb: autoDraw = False
189.8490 	EXP 	ComienzoTexto: autoDraw = True
247.7551 	EXP 	Imported Categorias mas separadas/ParametrosAyB.xlsx as conditions, 80 conditions, 5 params
247.7567 	EXP 	Created sequence: fullRandom, trialTypes=80, nReps=1, seed=None
247.7571 	EXP 	New trial (rep=0, index=0): {'Frecuencia': 6.69899505156519, 'Orientation': 156, 'Categoria': 'B', 'tecla': 'right', 'FrecuenciaEspacial': 0.03349497525782595}
247.7584 	DATA 	Keypress: space
247.7669 	EXP 	ComienzoTexto: autoDraw = False
247.7669 	EXP 	grating2: ori = 156.0
247.7669 	EXP 	grating2: sf = array([0.03349498, 0.03349498])
247.8504 	EXP 	grating2: autoDraw = True
247.8504 	EXP 	grating2: tex = 'sin'
250.8513 	EXP 	grating2: autoDraw = False
250.9513 	EXP 	grating2: autoDraw = False
250.9513 	EXP 	feedback_2: height = 0.1
250.9513 	EXP 	feedback_2: height = 0.1
250.9513 	EXP 	feedback_2: text = 'Volve a probar'
250.9513 	EXP 	feedback_2: autoDraw = True
251.4382 	DATA 	Keypress: left
251.9355 	EXP 	New trial (rep=0, index=1): {'Frecuencia': 6.88645151124523, 'Orientation': 307, 'Categoria': 'B', 'tecla': 'right', 'FrecuenciaEspacial': 0.03443225755622615}
251.9516 	EXP 	feedback_2: autoDraw = False
251.9516 	EXP 	grating2: ori = 307.0
251.9516 	EXP 	grating2: sf = array([0.03443226, 0.03443226])
252.0349 	EXP 	grating2: autoDraw = True
253.0536 	DATA 	Keypress: left
253.0853 	EXP 	grating2: autoDraw = False
253.0853 	EXP 	feedback_2: text = 'Volve a probar'
253.0853 	EXP 	feedback_2: autoDraw = True
254.0696 	EXP 	New trial (rep=0, index=2): {'Frecuencia': 4.46163852824403, 'Orientation': 331, 'Categoria': 'A', 'tecla': 'left', 'FrecuenciaEspacial': 0.022308192641220147}
254.0860 	EXP 	feedback_2: autoDraw = False
254.0860 	EXP 	feedback_2: autoDraw = False
254.0860 	EXP 	grating2: ori = 331.0
254.0860 	EXP 	grating2: sf = array([0.02230819, 0.02230819])
254.1688 	EXP 	grating2: autoDraw = True
255.5616 	DATA 	Keypress: right
255.5717 	EXP 	grating2: autoDraw = False
255.5717 	EXP 	feedback_2: text = 'Volve a probar'
255.5717 	EXP 	feedback_2: autoDraw = True
256.5721 	EXP 	New trial (rep=0, index=3): {'Frecuencia': 6.70165031872824, 'Orientation': 97, 'Categoria': 'B', 'tecla': 'right', 'FrecuenciaEspacial': 0.0335082515936412}
256.5863 	EXP 	feedback_2: autoDraw = False
256.5863 	EXP 	feedback_2: autoDraw = False
256.5863 	EXP 	grating2: ori = 97.0
256.5863 	EXP 	grating2: sf = array([0.03350825, 0.03350825])
256.6697 	EXP 	grating2: autoDraw = True
258.2225 	DATA 	Keypress: left
258.2368 	EXP 	grating2: autoDraw = False
258.2368 	EXP 	feedback_2: text = 'Volve a probar'
258.2368 	EXP 	feedback_2: autoDraw = True
259.2214 	EXP 	New trial (rep=0, index=4): {'Frecuencia': 6.58158386454019, 'Orientation': 153, 'Categoria': 'B', 'tecla': 'right', 'FrecuenciaEspacial': 0.03290791932270095}
259.2371 	EXP 	feedback_2: autoDraw = False
259.2371 	EXP 	feedback_2: autoDraw = False
259.2371 	EXP 	grating2: ori = 153.0
259.2371 	EXP 	grating2: sf = array([0.03290792, 0.03290792])
259.3205 	EXP 	grating2: autoDraw = True
259.9606 	DATA 	Keypress: right
259.9712 	EXP 	grating2: autoDraw = False
259.9712 	EXP 	feedback_2: height = 0.1
259.9712 	EXP 	feedback_2: height = 0.1
259.9712 	EXP 	feedback_2: text = 'Correcto'
259.9712 	EXP 	feedback_2: autoDraw = True
260.9551 	EXP 	New trial (rep=0, index=5): {'Frecuencia': 4.36715616505692, 'Orientation': 176, 'Categoria': 'A', 'tecla': 'left', 'FrecuenciaEspacial': 0.0218357808252846}
260.9710 	EXP 	feedback_2: autoDraw = False
260.9710 	EXP 	feedback_2: autoDraw = False
260.9710 	EXP 	grating2: ori = 176.0
260.9710 	EXP 	grating2: sf = array([0.02183578, 0.02183578])
261.0546 	EXP 	grating2: autoDraw = True
261.8071 	DATA 	Keypress: left
261.8216 	EXP 	grating2: autoDraw = False
261.8216 	EXP 	feedback_2: text = 'Correcto'
261.8216 	EXP 	feedback_2: autoDraw = True
262.8055 	EXP 	New trial (rep=0, index=6): {'Frecuencia': 6.67501270275929, 'Orientation': 302, 'Categoria': 'B', 'tecla': 'right', 'FrecuenciaEspacial': 0.033375063513796446}
262.8219 	EXP 	feedback_2: autoDraw = False
262.8219 	EXP 	feedback_2: autoDraw = False
262.8219 	EXP 	grating2: ori = 302.0
262.8219 	EXP 	grating2: sf = array([0.03337506, 0.03337506])
262.9049 	EXP 	grating2: autoDraw = True
263.6909 	DATA 	Keypress: right
263.7052 	EXP 	grating2: autoDraw = False
263.7052 	EXP 	feedback_2: text = 'Correcto'
263.7052 	EXP 	feedback_2: autoDraw = True
264.6900 	EXP 	New trial (rep=0, index=7): {'Frecuencia': 4.34968606662024, 'Orientation': 349, 'Categoria': 'A', 'tecla': 'left', 'FrecuenciaEspacial': 0.021748430333101202}
264.7055 	EXP 	feedback_2: autoDraw = False
264.7055 	EXP 	feedback_2: autoDraw = False
264.7055 	EXP 	grating2: ori = 349.0
264.7055 	EXP 	grating2: sf = array([0.02174843, 0.02174843])
264.7889 	EXP 	grating2: autoDraw = True
265.3415 	DATA 	Keypress: left
265.3558 	EXP 	grating2: autoDraw = False
265.3558 	EXP 	feedback_2: text = 'Correcto'
265.3558 	EXP 	feedback_2: autoDraw = True
266.3402 	EXP 	New trial (rep=0, index=8): {'Frecuencia': 4.12178409845566, 'Orientation': 192, 'Categoria': 'A', 'tecla': 'left', 'FrecuenciaEspacial': 0.0206089204922783}
266.3560 	EXP 	feedback_2: autoDraw = False
266.3560 	EXP 	feedback_2: autoDraw = False
266.3560 	EXP 	grating2: ori = 192.0
266.3560 	EXP 	grating2: sf = array([0.02060892, 0.02060892])
266.4394 	EXP 	grating2: autoDraw = True
267.7421 	DATA 	Keypress: left
267.7566 	EXP 	grating2: autoDraw = False
267.7566 	EXP 	feedback_2: text = 'Correcto'
267.7566 	EXP 	feedback_2: autoDraw = True
268.7425 	EXP 	New trial (rep=0, index=9): {'Frecuencia': 4.40987419607911, 'Orientation': 171, 'Categoria': 'A', 'tecla': 'left', 'FrecuenciaEspacial': 0.022049370980395548}
268.7573 	EXP 	feedback_2: autoDraw = False
268.7573 	EXP 	feedback_2: autoDraw = False
268.7573 	EXP 	grating2: ori = 171.0
268.7573 	EXP 	grating2: sf = array([0.02204937, 0.02204937])
268.8403 	EXP 	grating2: autoDraw = True
270.0595 	DATA 	Keypress: left
270.0739 	EXP 	grating2: autoDraw = False
270.0739 	EXP 	feedback_2: text = 'Correcto'
270.0739 	EXP 	feedback_2: autoDraw = True
271.0584 	EXP 	New trial (rep=0, index=10): {'Frecuencia': 6.6534073716777, 'Orientation': 231, 'Categoria': 'B', 'tecla': 'right', 'FrecuenciaEspacial': 0.0332670368583885}
271.0744 	EXP 	feedback_2: autoDraw = False
271.0744 	EXP 	feedback_2: autoDraw = False
271.0744 	EXP 	grating2: ori = 231.0
271.0744 	EXP 	grating2: sf = array([0.03326704, 0.03326704])
271.1576 	EXP 	grating2: autoDraw = True
271.8600 	DATA 	Keypress: right
271.8746 	EXP 	grating2: autoDraw = False
271.8746 	EXP 	feedback_2: text = 'Correcto'
271.8746 	EXP 	feedback_2: autoDraw = True
272.8589 	EXP 	New trial (rep=0, index=11): {'Frecuencia': 4.47201756287608, 'Orientation': 66, 'Categoria': 'A', 'tecla': 'left', 'FrecuenciaEspacial': 0.0223600878143804}
272.8747 	EXP 	feedback_2: autoDraw = False
272.8747 	EXP 	feedback_2: autoDraw = False
272.8747 	EXP 	grating2: ori = 66.0
272.8747 	EXP 	grating2: sf = array([0.02236009, 0.02236009])
272.9585 	EXP 	grating2: autoDraw = True
273.7801 	DATA 	Keypress: left
273.7912 	EXP 	grating2: autoDraw = False
273.7912 	EXP 	feedback_2: text = 'Correcto'
273.7912 	EXP 	feedback_2: autoDraw = True
274.7761 	EXP 	New trial (rep=0, index=12): {'Frecuencia': 4.08939982600128, 'Orientation': 234, 'Categoria': 'A', 'tecla': 'left', 'FrecuenciaEspacial': 0.020446999130006402}
274.7919 	EXP 	feedback_2: autoDraw = False
274.7919 	EXP 	feedback_2: autoDraw = False
274.7919 	EXP 	grating2: ori = 234.0
274.7919 	EXP 	grating2: sf = array([0.020447, 0.020447])
274.8749 	EXP 	grating2: autoDraw = True
275.7122 	DATA 	Keypress: left
275.7253 	EXP 	grating2: autoDraw = False
275.7253 	EXP 	feedback_2: text = 'Correcto'
275.7253 	EXP 	feedback_2: autoDraw = True
276.7100 	EXP 	New trial (rep=0, index=13): {'Frecuencia': 4.33123574958427, 'Orientation': 337, 'Categoria': 'A', 'tecla': 'left', 'FrecuenciaEspacial': 0.021656178747921348}
276.7257 	EXP 	feedback_2: autoDraw = False
276.7257 	EXP 	feedback_2: autoDraw = False
276.7257 	EXP 	grating2: ori = 337.0
276.7257 	EXP 	grating2: sf = array([0.02165618, 0.02165618])
276.8088 	EXP 	grating2: autoDraw = True
277.4964 	DATA 	Keypress: left
277.5092 	EXP 	grating2: autoDraw = False
277.5092 	EXP 	feedback_2: text = 'Correcto'
277.5092 	EXP 	feedback_2: autoDraw = True
278.4941 	EXP 	New trial (rep=0, index=14): {'Frecuencia': 4.15103911197002, 'Orientation': 19, 'Categoria': 'A', 'tecla': 'left', 'FrecuenciaEspacial': 0.0207551955598501}
278.5100 	EXP 	feedback_2: autoDraw = False
278.5100 	EXP 	feedback_2: autoDraw = False
278.5100 	EXP 	grating2: ori = 19.0
278.5100 	EXP 	grating2: sf = array([0.0207552, 0.0207552])
278.5933 	EXP 	grating2: autoDraw = True
279.3794 	DATA 	Keypress: left
279.3935 	EXP 	grating2: autoDraw = False
279.3935 	EXP 	feedback_2: text = 'Correcto'
279.3935 	EXP 	feedback_2: autoDraw = True
280.3781 	EXP 	New trial (rep=0, index=15): {'Frecuencia': 6.52310613509206, 'Orientation': 264, 'Categoria': 'B', 'tecla': 'right', 'FrecuenciaEspacial': 0.032615530675460296}
280.3937 	EXP 	feedback_2: autoDraw = False
280.3937 	EXP 	feedback_2: autoDraw = False
280.3937 	EXP 	grating2: ori = 264.0
280.3937 	EXP 	grating2: sf = array([0.03261553, 0.03261553])
280.4774 	EXP 	grating2: autoDraw = True
281.3298 	DATA 	Keypress: right
281.3440 	EXP 	grating2: autoDraw = False
281.3440 	EXP 	feedback_2: text = 'Correcto'
281.3440 	EXP 	feedback_2: autoDraw = True
282.3292 	EXP 	New trial (rep=0, index=16): {'Frecuencia': 6.42202277103785, 'Orientation': 123, 'Categoria': 'B', 'tecla': 'right', 'FrecuenciaEspacial': 0.03211011385518925}
282.3448 	EXP 	feedback_2: autoDraw = False
282.3448 	EXP 	feedback_2: autoDraw = False
282.3448 	EXP 	grating2: ori = 123.0
282.3448 	EXP 	grating2: sf = array([0.03211011, 0.03211011])
282.4277 	EXP 	grating2: autoDraw = True
283.2470 	DATA 	Keypress: right
283.2614 	EXP 	grating2: autoDraw = False
283.2614 	EXP 	feedback_2: text = 'Correcto'
283.2614 	EXP 	feedback_2: autoDraw = True
284.2459 	EXP 	New trial (rep=0, index=17): {'Frecuencia': 6.35643039090676, 'Orientation': 338, 'Categoria': 'B', 'tecla': 'right', 'FrecuenciaEspacial': 0.0317821519545338}
284.2621 	EXP 	feedback_2: autoDraw = False
284.2621 	EXP 	feedback_2: autoDraw = False
284.2621 	EXP 	grating2: ori = 338.0
284.2621 	EXP 	grating2: sf = array([0.03178215, 0.03178215])
284.3450 	EXP 	grating2: autoDraw = True
285.1977 	DATA 	Keypress: right
285.2120 	EXP 	grating2: autoDraw = False
285.2120 	EXP 	feedback_2: text = 'Correcto'
285.2120 	EXP 	feedback_2: autoDraw = True
286.1963 	EXP 	New trial (rep=0, index=18): {'Frecuencia': 4.18241453722744, 'Orientation': 192, 'Categoria': 'A', 'tecla': 'left', 'FrecuenciaEspacial': 0.0209120726861372}
286.2123 	EXP 	feedback_2: autoDraw = False
286.2123 	EXP 	feedback_2: autoDraw = False
286.2123 	EXP 	grating2: ori = 192.0
286.2123 	EXP 	grating2: sf = array([0.02091207, 0.02091207])
286.2958 	EXP 	grating2: autoDraw = True
287.1318 	DATA 	Keypress: left
287.1460 	EXP 	grating2: autoDraw = False
287.1460 	EXP 	feedback_2: text = 'Correcto'
287.1460 	EXP 	feedback_2: autoDraw = True
288.1303 	EXP 	New trial (rep=0, index=19): {'Frecuencia': 4.11767176530402, 'Orientation': 219, 'Categoria': 'A', 'tecla': 'left', 'FrecuenciaEspacial': 0.0205883588265201}
288.1462 	EXP 	feedback_2: autoDraw = False
288.1462 	EXP 	feedback_2: autoDraw = False
288.1462 	EXP 	grating2: ori = 219.0
288.1462 	EXP 	grating2: sf = array([0.02058836, 0.02058836])
288.2297 	EXP 	grating2: autoDraw = True
288.9824 	DATA 	Keypress: left
288.9966 	EXP 	grating2: autoDraw = False
288.9966 	EXP 	feedback_2: text = 'Correcto'
288.9966 	EXP 	feedback_2: autoDraw = True
289.9809 	EXP 	New trial (rep=0, index=20): {'Frecuencia': 4.26119544339254, 'Orientation': 225, 'Categoria': 'A', 'tecla': 'left', 'FrecuenciaEspacial': 0.0213059772169627}
289.9968 	EXP 	feedback_2: autoDraw = False
289.9968 	EXP 	feedback_2: autoDraw = False
289.9968 	EXP 	grating2: ori = 225.0
289.9968 	EXP 	grating2: sf = array([0.02130598, 0.02130598])
290.0802 	EXP 	grating2: autoDraw = True
290.8495 	DATA 	Keypress: left
290.8639 	EXP 	grating2: autoDraw = False
290.8639 	EXP 	feedback_2: text = 'Correcto'
290.8639 	EXP 	feedback_2: autoDraw = True
291.8482 	EXP 	New trial (rep=0, index=21): {'Frecuencia': 4.37466753322675, 'Orientation': 75, 'Categoria': 'A', 'tecla': 'left', 'FrecuenciaEspacial': 0.021873337666133752}
291.8640 	EXP 	feedback_2: autoDraw = False
291.8640 	EXP 	feedback_2: autoDraw = False
291.8640 	EXP 	grating2: ori = 75.0
291.8640 	EXP 	grating2: sf = array([0.02187334, 0.02187334])
291.9475 	EXP 	grating2: autoDraw = True
292.9999 	DATA 	Keypress: left
293.0145 	EXP 	grating2: autoDraw = False
293.0145 	EXP 	feedback_2: text = 'Correcto'
293.0145 	EXP 	feedback_2: autoDraw = True
293.9989 	EXP 	New trial (rep=0, index=22): {'Frecuencia': 6.58416957836755, 'Orientation': 202, 'Categoria': 'B', 'tecla': 'right', 'FrecuenciaEspacial': 0.032920847891837746}
294.0145 	EXP 	feedback_2: autoDraw = False
294.0145 	EXP 	feedback_2: autoDraw = False
294.0145 	EXP 	grating2: ori = 202.0
294.0145 	EXP 	grating2: sf = array([0.03292085, 0.03292085])
294.0980 	EXP 	grating2: autoDraw = True
294.9508 	DATA 	Keypress: right
294.9649 	EXP 	grating2: autoDraw = False
294.9649 	EXP 	feedback_2: text = 'Correcto'
294.9649 	EXP 	feedback_2: autoDraw = True
295.9492 	EXP 	New trial (rep=0, index=23): {'Frecuencia': 4.45746971097397, 'Orientation': 51, 'Categoria': 'A', 'tecla': 'left', 'FrecuenciaEspacial': 0.02228734855486985}
295.9655 	EXP 	feedback_2: autoDraw = False
295.9655 	EXP 	feedback_2: autoDraw = False
295.9655 	EXP 	grating2: ori = 51.0
295.9655 	EXP 	grating2: sf = array([0.02228735, 0.02228735])
296.0487 	EXP 	grating2: autoDraw = True
297.7009 	DATA 	Keypress: left
297.7329 	EXP 	grating2: autoDraw = False
297.7329 	EXP 	feedback_2: text = 'Correcto'
297.7329 	EXP 	feedback_2: autoDraw = True
298.7170 	EXP 	New trial (rep=0, index=24): {'Frecuencia': 4.20861894722884, 'Orientation': 222, 'Categoria': 'A', 'tecla': 'left', 'FrecuenciaEspacial': 0.0210430947361442}
298.7330 	EXP 	feedback_2: autoDraw = False
298.7330 	EXP 	feedback_2: autoDraw = False
298.7330 	EXP 	grating2: ori = 222.0
298.7330 	EXP 	grating2: sf = array([0.02104309, 0.02104309])
298.8164 	EXP 	grating2: autoDraw = True
299.9022 	DATA 	Keypress: left
299.9168 	EXP 	grating2: autoDraw = False
299.9168 	EXP 	feedback_2: text = 'Correcto'
299.9168 	EXP 	feedback_2: autoDraw = True
300.9011 	EXP 	New trial (rep=0, index=25): {'Frecuencia': 4.50835693086305, 'Orientation': 249, 'Categoria': 'A', 'tecla': 'left', 'FrecuenciaEspacial': 0.02254178465431525}
300.9170 	EXP 	feedback_2: autoDraw = False
300.9170 	EXP 	feedback_2: autoDraw = False
300.9170 	EXP 	grating2: ori = 249.0
300.9170 	EXP 	grating2: sf = array([0.02254178, 0.02254178])
301.0002 	EXP 	grating2: autoDraw = True
301.9871 	DATA 	Keypress: left
302.0009 	EXP 	grating2: autoDraw = False
302.0009 	EXP 	feedback_2: text = 'Correcto'
302.0009 	EXP 	feedback_2: autoDraw = True
302.9853 	EXP 	New trial (rep=0, index=26): {'Frecuencia': 6.47799481109828, 'Orientation': 82, 'Categoria': 'B', 'tecla': 'right', 'FrecuenciaEspacial': 0.0323899740554914}
303.0010 	EXP 	feedback_2: autoDraw = False
303.0010 	EXP 	feedback_2: autoDraw = False
303.0010 	EXP 	grating2: ori = 82.0
303.0010 	EXP 	grating2: sf = array([0.03238997, 0.03238997])
303.0842 	EXP 	grating2: autoDraw = True
304.0536 	DATA 	Keypress: right
304.0679 	EXP 	grating2: autoDraw = False
304.0679 	EXP 	feedback_2: text = 'Correcto'
304.0679 	EXP 	feedback_2: autoDraw = True
305.0523 	EXP 	New trial (rep=0, index=27): {'Frecuencia': 4.12897011869915, 'Orientation': 234, 'Categoria': 'A', 'tecla': 'left', 'FrecuenciaEspacial': 0.02064485059349575}
305.0682 	EXP 	feedback_2: autoDraw = False
305.0682 	EXP 	feedback_2: autoDraw = False
305.0682 	EXP 	grating2: ori = 234.0
305.0682 	EXP 	grating2: sf = array([0.02064485, 0.02064485])
305.1516 	EXP 	grating2: autoDraw = True
306.2044 	DATA 	Keypress: left
306.2187 	EXP 	grating2: autoDraw = False
306.2187 	EXP 	feedback_2: text = 'Correcto'
306.2187 	EXP 	feedback_2: autoDraw = True
307.2035 	EXP 	New trial (rep=0, index=28): {'Frecuencia': 4.35526186377866, 'Orientation': 120, 'Categoria': 'A', 'tecla': 'left', 'FrecuenciaEspacial': 0.021776309318893298}
307.2188 	EXP 	feedback_2: autoDraw = False
307.2188 	EXP 	feedback_2: autoDraw = False
307.2188 	EXP 	grating2: ori = 120.0
307.2188 	EXP 	grating2: sf = array([0.02177631, 0.02177631])
307.3025 	EXP 	grating2: autoDraw = True
308.6883 	DATA 	Keypress: left
308.7027 	EXP 	grating2: autoDraw = False
308.7027 	EXP 	feedback_2: text = 'Correcto'
308.7027 	EXP 	feedback_2: autoDraw = True
309.6872 	EXP 	New trial (rep=0, index=29): {'Frecuencia': 6.36137407597146, 'Orientation': 133, 'Categoria': 'B', 'tecla': 'right', 'FrecuenciaEspacial': 0.0318068703798573}
309.7030 	EXP 	feedback_2: autoDraw = False
309.7030 	EXP 	feedback_2: autoDraw = False
309.7030 	EXP 	grating2: ori = 133.0
309.7030 	EXP 	grating2: sf = array([0.03180687, 0.03180687])
309.7863 	EXP 	grating2: autoDraw = True
310.7558 	DATA 	Keypress: right
310.7701 	EXP 	grating2: autoDraw = False
310.7701 	EXP 	feedback_2: text = 'Correcto'
310.7701 	EXP 	feedback_2: autoDraw = True
311.7543 	EXP 	New trial (rep=0, index=30): {'Frecuencia': 6.41072162134962, 'Orientation': 324, 'Categoria': 'B', 'tecla': 'right', 'FrecuenciaEspacial': 0.0320536081067481}
311.7702 	EXP 	feedback_2: autoDraw = False
311.7702 	EXP 	feedback_2: autoDraw = False
311.7702 	EXP 	grating2: ori = 324.0
311.7702 	EXP 	grating2: sf = array([0.03205361, 0.03205361])
311.8536 	EXP 	grating2: autoDraw = True
312.8397 	DATA 	Keypress: right
312.8539 	EXP 	grating2: autoDraw = False
312.8539 	EXP 	feedback_2: text = 'Correcto'
312.8539 	EXP 	feedback_2: autoDraw = True
313.8384 	EXP 	New trial (rep=0, index=31): {'Frecuencia': 4.50662662795716, 'Orientation': 266, 'Categoria': 'A', 'tecla': 'left', 'FrecuenciaEspacial': 0.022533133139785798}
313.8543 	EXP 	feedback_2: autoDraw = False
313.8543 	EXP 	feedback_2: autoDraw = False
313.8543 	EXP 	grating2: ori = 266.0
313.8543 	EXP 	grating2: sf = array([0.02253313, 0.02253313])
313.9375 	EXP 	grating2: autoDraw = True
315.0573 	DATA 	Keypress: left
315.0714 	EXP 	grating2: autoDraw = False
315.0714 	EXP 	feedback_2: text = 'Correcto'
315.0714 	EXP 	feedback_2: autoDraw = True
316.0558 	EXP 	New trial (rep=0, index=32): {'Frecuencia': 4.37345713682727, 'Orientation': 74, 'Categoria': 'A', 'tecla': 'left', 'FrecuenciaEspacial': 0.02186728568413635}
316.0718 	EXP 	feedback_2: autoDraw = False
316.0718 	EXP 	feedback_2: autoDraw = False
316.0718 	EXP 	grating2: ori = 74.0
316.0718 	EXP 	grating2: sf = array([0.02186729, 0.02186729])
316.1551 	EXP 	grating2: autoDraw = True
317.9959 	DATA 	Keypress: right
318.0065 	EXP 	grating2: autoDraw = False
318.0065 	EXP 	feedback_2: height = 0.1
318.0065 	EXP 	feedback_2: height = 0.1
318.0065 	EXP 	feedback_2: text = 'Volve a probar'
318.0065 	EXP 	feedback_2: autoDraw = True
318.9904 	EXP 	New trial (rep=0, index=33): {'Frecuencia': 6.51800486331816, 'Orientation': 163, 'Categoria': 'B', 'tecla': 'right', 'FrecuenciaEspacial': 0.032590024316590804}
319.0060 	EXP 	feedback_2: autoDraw = False
319.0060 	EXP 	feedback_2: autoDraw = False
319.0060 	EXP 	grating2: ori = 163.0
319.0060 	EXP 	grating2: sf = array([0.03259002, 0.03259002])
319.0895 	EXP 	grating2: autoDraw = True
320.5116 	DATA 	Keypress: right
320.5232 	EXP 	grating2: autoDraw = False
320.5232 	EXP 	feedback_2: height = 0.1
320.5232 	EXP 	feedback_2: height = 0.1
320.5232 	EXP 	feedback_2: text = 'Correcto'
320.5232 	EXP 	feedback_2: autoDraw = True
321.5075 	EXP 	New trial (rep=0, index=34): {'Frecuencia': 6.21148457747853, 'Orientation': 172, 'Categoria': 'B', 'tecla': 'right', 'FrecuenciaEspacial': 0.03105742288739265}
321.5234 	EXP 	feedback_2: autoDraw = False
321.5234 	EXP 	feedback_2: autoDraw = False
321.5234 	EXP 	grating2: ori = 172.0
321.5234 	EXP 	grating2: sf = array([0.03105742, 0.03105742])
321.6068 	EXP 	grating2: autoDraw = True
322.4092 	DATA 	Keypress: right
322.4235 	EXP 	grating2: autoDraw = False
322.4235 	EXP 	feedback_2: text = 'Correcto'
322.4235 	EXP 	feedback_2: autoDraw = True
323.4079 	EXP 	New trial (rep=0, index=35): {'Frecuencia': 6.4304987795636, 'Orientation': 36, 'Categoria': 'B', 'tecla': 'right', 'FrecuenciaEspacial': 0.032152493897818005}
323.4240 	EXP 	feedback_2: autoDraw = False
323.4240 	EXP 	feedback_2: autoDraw = False
323.4240 	EXP 	grating2: ori = 36.0
323.4240 	EXP 	grating2: sf = array([0.03215249, 0.03215249])
323.5073 	EXP 	grating2: autoDraw = True
324.6600 	DATA 	Keypress: right
324.6741 	EXP 	grating2: autoDraw = False
324.6741 	EXP 	feedback_2: text = 'Correcto'
324.6741 	EXP 	feedback_2: autoDraw = True
325.6589 	EXP 	New trial (rep=0, index=36): {'Frecuencia': 6.16987536863918, 'Orientation': 119, 'Categoria': 'B', 'tecla': 'right', 'FrecuenciaEspacial': 0.0308493768431959}
325.6749 	EXP 	feedback_2: autoDraw = False
325.6749 	EXP 	feedback_2: autoDraw = False
325.6749 	EXP 	grating2: ori = 119.0
325.6749 	EXP 	grating2: sf = array([0.03084938, 0.03084938])
325.7579 	EXP 	grating2: autoDraw = True
326.7442 	DATA 	Keypress: right
326.7584 	EXP 	grating2: autoDraw = False
326.7584 	EXP 	feedback_2: text = 'Correcto'
326.7584 	EXP 	feedback_2: autoDraw = True
327.7427 	EXP 	New trial (rep=0, index=37): {'Frecuencia': 4.39731658356244, 'Orientation': 109, 'Categoria': 'A', 'tecla': 'left', 'FrecuenciaEspacial': 0.021986582917812202}
327.7587 	EXP 	feedback_2: autoDraw = False
327.7587 	EXP 	feedback_2: autoDraw = False
327.7587 	EXP 	grating2: ori = 109.0
327.7587 	EXP 	grating2: sf = array([0.02198658, 0.02198658])
327.8419 	EXP 	grating2: autoDraw = True
328.7954 	DATA 	Keypress: left
328.8090 	EXP 	grating2: autoDraw = False
328.8090 	EXP 	feedback_2: text = 'Correcto'
328.8090 	EXP 	feedback_2: autoDraw = True
329.7936 	EXP 	New trial (rep=0, index=38): {'Frecuencia': 4.16011421414474, 'Orientation': 344, 'Categoria': 'A', 'tecla': 'left', 'FrecuenciaEspacial': 0.0208005710707237}
329.8094 	EXP 	feedback_2: autoDraw = False
329.8094 	EXP 	feedback_2: autoDraw = False
329.8094 	EXP 	grating2: ori = 344.0
329.8094 	EXP 	grating2: sf = array([0.02080057, 0.02080057])
329.8930 	EXP 	grating2: autoDraw = True
331.0787 	DATA 	Keypress: left
331.0931 	EXP 	grating2: autoDraw = False
331.0931 	EXP 	feedback_2: text = 'Correcto'
331.0931 	EXP 	feedback_2: autoDraw = True
332.0776 	EXP 	New trial (rep=0, index=39): {'Frecuencia': 4.18629982963397, 'Orientation': 270, 'Categoria': 'A', 'tecla': 'left', 'FrecuenciaEspacial': 0.02093149914816985}
332.0933 	EXP 	feedback_2: autoDraw = False
332.0933 	EXP 	feedback_2: autoDraw = False
332.0933 	EXP 	grating2: ori = 270.0
332.0933 	EXP 	grating2: sf = array([0.0209315, 0.0209315])
332.1767 	EXP 	grating2: autoDraw = True
333.4630 	DATA 	Keypress: left
333.4771 	EXP 	grating2: autoDraw = False
333.4771 	EXP 	feedback_2: text = 'Correcto'
333.4771 	EXP 	feedback_2: autoDraw = True
334.4618 	EXP 	New trial (rep=0, index=40): {'Frecuencia': 6.28903893488972, 'Orientation': 324, 'Categoria': 'B', 'tecla': 'right', 'FrecuenciaEspacial': 0.0314451946744486}
334.4776 	EXP 	feedback_2: autoDraw = False
334.4776 	EXP 	feedback_2: autoDraw = False
334.4776 	EXP 	grating2: ori = 324.0
334.4776 	EXP 	grating2: sf = array([0.03144519, 0.03144519])
334.5608 	EXP 	grating2: autoDraw = True
335.4131 	DATA 	Keypress: right
335.4279 	EXP 	grating2: autoDraw = False
335.4279 	EXP 	feedback_2: text = 'Correcto'
335.4279 	EXP 	feedback_2: autoDraw = True
336.4121 	EXP 	New trial (rep=0, index=41): {'Frecuencia': 4.24541135293564, 'Orientation': 273, 'Categoria': 'A', 'tecla': 'left', 'FrecuenciaEspacial': 0.021227056764678197}
336.4277 	EXP 	feedback_2: autoDraw = False
336.4277 	EXP 	feedback_2: autoDraw = False
336.4277 	EXP 	grating2: ori = 273.0
336.4277 	EXP 	grating2: sf = array([0.02122706, 0.02122706])
336.5113 	EXP 	grating2: autoDraw = True
337.7308 	DATA 	Keypress: left
337.7452 	EXP 	grating2: autoDraw = False
337.7452 	EXP 	feedback_2: text = 'Correcto'
337.7452 	EXP 	feedback_2: autoDraw = True
338.7293 	EXP 	New trial (rep=0, index=42): {'Frecuencia': 4.59569111142954, 'Orientation': 131, 'Categoria': 'A', 'tecla': 'left', 'FrecuenciaEspacial': 0.022978455557147698}
338.7454 	EXP 	feedback_2: autoDraw = False
338.7454 	EXP 	feedback_2: autoDraw = False
338.7454 	EXP 	grating2: ori = 131.0
338.7454 	EXP 	grating2: sf = array([0.02297846, 0.02297846])
338.8287 	EXP 	grating2: autoDraw = True
340.4652 	DATA 	Keypress: left
340.4794 	EXP 	grating2: autoDraw = False
340.4794 	EXP 	feedback_2: text = 'Correcto'
340.4794 	EXP 	feedback_2: autoDraw = True
341.4636 	EXP 	New trial (rep=0, index=43): {'Frecuencia': 4.29629848623957, 'Orientation': 43, 'Categoria': 'A', 'tecla': 'left', 'FrecuenciaEspacial': 0.02148149243119785}
341.4795 	EXP 	feedback_2: autoDraw = False
341.4795 	EXP 	feedback_2: autoDraw = False
341.4795 	EXP 	grating2: ori = 43.0
341.4795 	EXP 	grating2: sf = array([0.02148149, 0.02148149])
341.5630 	EXP 	grating2: autoDraw = True
342.8822 	DATA 	Keypress: left
342.8965 	EXP 	grating2: autoDraw = False
342.8965 	EXP 	feedback_2: text = 'Correcto'
342.8965 	EXP 	feedback_2: autoDraw = True
343.8813 	EXP 	New trial (rep=0, index=44): {'Frecuencia': 6.65995719914972, 'Orientation': 142, 'Categoria': 'B', 'tecla': 'right', 'FrecuenciaEspacial': 0.0332997859957486}
343.8969 	EXP 	feedback_2: autoDraw = False
343.8969 	EXP 	feedback_2: autoDraw = False
343.8969 	EXP 	grating2: ori = 142.0
343.8969 	EXP 	grating2: sf = array([0.03329979, 0.03329979])
343.9803 	EXP 	grating2: autoDraw = True
344.8833 	DATA 	Keypress: right
344.8973 	EXP 	grating2: autoDraw = False
344.8973 	EXP 	feedback_2: text = 'Correcto'
344.8973 	EXP 	feedback_2: autoDraw = True
345.8817 	EXP 	New trial (rep=0, index=45): {'Frecuencia': 4.2267152843478, 'Orientation': 106, 'Categoria': 'A', 'tecla': 'left', 'FrecuenciaEspacial': 0.021133576421739}
345.8976 	EXP 	feedback_2: autoDraw = False
345.8976 	EXP 	feedback_2: autoDraw = False
345.8976 	EXP 	grating2: ori = 106.0
345.8976 	EXP 	grating2: sf = array([0.02113358, 0.02113358])
345.9812 	EXP 	grating2: autoDraw = True
347.0007 	DATA 	Keypress: left
347.0146 	EXP 	grating2: autoDraw = False
347.0146 	EXP 	feedback_2: text = 'Correcto'
347.0146 	EXP 	feedback_2: autoDraw = True
347.9990 	EXP 	New trial (rep=0, index=46): {'Frecuencia': 6.55606479876494, 'Orientation': 356, 'Categoria': 'B', 'tecla': 'right', 'FrecuenciaEspacial': 0.032780323993824696}
348.0148 	EXP 	feedback_2: autoDraw = False
348.0148 	EXP 	feedback_2: autoDraw = False
348.0148 	EXP 	grating2: ori = 356.0
348.0148 	EXP 	grating2: sf = array([0.03278032, 0.03278032])
348.0984 	EXP 	grating2: autoDraw = True
348.9844 	DATA 	Keypress: right
348.9985 	EXP 	grating2: autoDraw = False
348.9985 	EXP 	feedback_2: text = 'Correcto'
348.9985 	EXP 	feedback_2: autoDraw = True
349.9830 	EXP 	New trial (rep=0, index=47): {'Frecuencia': 6.72231115957378, 'Orientation': 315, 'Categoria': 'B', 'tecla': 'right', 'FrecuenciaEspacial': 0.033611555797868904}
349.9989 	EXP 	feedback_2: autoDraw = False
349.9989 	EXP 	feedback_2: autoDraw = False
349.9989 	EXP 	grating2: ori = 315.0
349.9989 	EXP 	grating2: sf = array([0.03361156, 0.03361156])
350.0823 	EXP 	grating2: autoDraw = True
351.3517 	DATA 	Keypress: right
351.3660 	EXP 	grating2: autoDraw = False
351.3660 	EXP 	feedback_2: text = 'Correcto'
351.3660 	EXP 	feedback_2: autoDraw = True
352.3502 	EXP 	New trial (rep=0, index=48): {'Frecuencia': 6.28618689431499, 'Orientation': 83, 'Categoria': 'B', 'tecla': 'right', 'FrecuenciaEspacial': 0.031430934471574946}
352.3663 	EXP 	feedback_2: autoDraw = False
352.3663 	EXP 	feedback_2: autoDraw = False
352.3663 	EXP 	grating2: ori = 83.0
352.3663 	EXP 	grating2: sf = array([0.03143093, 0.03143093])
352.4496 	EXP 	grating2: autoDraw = True
353.5523 	DATA 	Keypress: right
353.5667 	EXP 	grating2: autoDraw = False
353.5667 	EXP 	feedback_2: text = 'Correcto'
353.5667 	EXP 	feedback_2: autoDraw = True
354.5510 	EXP 	New trial (rep=0, index=49): {'Frecuencia': 6.4971422368198, 'Orientation': 197, 'Categoria': 'B', 'tecla': 'right', 'FrecuenciaEspacial': 0.032485711184099}
354.5669 	EXP 	feedback_2: autoDraw = False
354.5669 	EXP 	feedback_2: autoDraw = False
354.5669 	EXP 	grating2: ori = 197.0
354.5669 	EXP 	grating2: sf = array([0.03248571, 0.03248571])
354.6503 	EXP 	grating2: autoDraw = True
355.5532 	DATA 	Keypress: right
355.5673 	EXP 	grating2: autoDraw = False
355.5673 	EXP 	feedback_2: text = 'Correcto'
355.5673 	EXP 	feedback_2: autoDraw = True
356.5517 	EXP 	New trial (rep=0, index=50): {'Frecuencia': 6.80175996963697, 'Orientation': 12, 'Categoria': 'B', 'tecla': 'right', 'FrecuenciaEspacial': 0.034008799848184855}
356.5677 	EXP 	feedback_2: autoDraw = False
356.5677 	EXP 	feedback_2: autoDraw = False
356.5677 	EXP 	grating2: ori = 12.0
356.5677 	EXP 	grating2: sf = array([0.0340088, 0.0340088])
356.6510 	EXP 	grating2: autoDraw = True
357.8704 	DATA 	Keypress: right
357.8846 	EXP 	grating2: autoDraw = False
357.8846 	EXP 	feedback_2: text = 'Correcto'
357.8846 	EXP 	feedback_2: autoDraw = True
358.8694 	EXP 	New trial (rep=0, index=51): {'Frecuencia': 6.71175578163359, 'Orientation': 31, 'Categoria': 'B', 'tecla': 'right', 'FrecuenciaEspacial': 0.03355877890816795}
358.8852 	EXP 	feedback_2: autoDraw = False
358.8852 	EXP 	feedback_2: autoDraw = False
358.8852 	EXP 	grating2: ori = 31.0
358.8852 	EXP 	grating2: sf = array([0.03355878, 0.03355878])
358.9685 	EXP 	grating2: autoDraw = True
359.9712 	DATA 	Keypress: right
359.9853 	EXP 	grating2: autoDraw = False
359.9853 	EXP 	feedback_2: text = 'Correcto'
359.9853 	EXP 	feedback_2: autoDraw = True
360.9699 	EXP 	New trial (rep=0, index=52): {'Frecuencia': 4.24789942373688, 'Orientation': 349, 'Categoria': 'A', 'tecla': 'left', 'FrecuenciaEspacial': 0.0212394971186844}
360.9857 	EXP 	feedback_2: autoDraw = False
360.9857 	EXP 	feedback_2: autoDraw = False
360.9857 	EXP 	grating2: ori = 349.0
360.9857 	EXP 	grating2: sf = array([0.0212395, 0.0212395])
361.0690 	EXP 	grating2: autoDraw = True
362.1218 	DATA 	Keypress: left
362.1360 	EXP 	grating2: autoDraw = False
362.1360 	EXP 	feedback_2: text = 'Correcto'
362.1360 	EXP 	feedback_2: autoDraw = True
363.1217 	EXP 	New trial (rep=0, index=53): {'Frecuencia': 6.4712730033142, 'Orientation': 283, 'Categoria': 'B', 'tecla': 'right', 'FrecuenciaEspacial': 0.032356365016571}
363.1366 	EXP 	feedback_2: autoDraw = False
363.1366 	EXP 	feedback_2: autoDraw = False
363.1366 	EXP 	grating2: ori = 283.0
363.1366 	EXP 	grating2: sf = array([0.03235637, 0.03235637])
363.2199 	EXP 	grating2: autoDraw = True
364.0225 	DATA 	Keypress: right
364.0367 	EXP 	grating2: autoDraw = False
364.0367 	EXP 	feedback_2: text = 'Correcto'
364.0367 	EXP 	feedback_2: autoDraw = True
365.0212 	EXP 	New trial (rep=0, index=54): {'Frecuencia': 4.12863571896243, 'Orientation': 154, 'Categoria': 'A', 'tecla': 'left', 'FrecuenciaEspacial': 0.02064317859481215}
365.0369 	EXP 	feedback_2: autoDraw = False
365.0369 	EXP 	feedback_2: autoDraw = False
365.0369 	EXP 	grating2: ori = 154.0
365.0369 	EXP 	grating2: sf = array([0.02064318, 0.02064318])
365.1203 	EXP 	grating2: autoDraw = True
366.2398 	DATA 	Keypress: left
366.2541 	EXP 	grating2: autoDraw = False
366.2541 	EXP 	feedback_2: text = 'Correcto'
366.2541 	EXP 	feedback_2: autoDraw = True
367.2385 	EXP 	New trial (rep=0, index=55): {'Frecuencia': 6.53675080106847, 'Orientation': 282, 'Categoria': 'B', 'tecla': 'right', 'FrecuenciaEspacial': 0.03268375400534235}
367.2544 	EXP 	feedback_2: autoDraw = False
367.2544 	EXP 	feedback_2: autoDraw = False
367.2544 	EXP 	grating2: ori = 282.0
367.2544 	EXP 	grating2: sf = array([0.03268375, 0.03268375])
367.3377 	EXP 	grating2: autoDraw = True
368.4405 	DATA 	Keypress: right
368.4547 	EXP 	grating2: autoDraw = False
368.4547 	EXP 	feedback_2: text = 'Correcto'
368.4547 	EXP 	feedback_2: autoDraw = True
369.4392 	EXP 	New trial (rep=0, index=56): {'Frecuencia': 6.71540939151751, 'Orientation': 324, 'Categoria': 'B', 'tecla': 'right', 'FrecuenciaEspacial': 0.03357704695758755}
369.4550 	EXP 	feedback_2: autoDraw = False
369.4550 	EXP 	feedback_2: autoDraw = False
369.4550 	EXP 	grating2: ori = 324.0
369.4550 	EXP 	grating2: sf = array([0.03357705, 0.03357705])
369.5383 	EXP 	grating2: autoDraw = True
370.4242 	DATA 	Keypress: right
370.4389 	EXP 	grating2: autoDraw = False
370.4389 	EXP 	feedback_2: text = 'Correcto'
370.4389 	EXP 	feedback_2: autoDraw = True
371.4231 	EXP 	New trial (rep=0, index=57): {'Frecuencia': 6.57101881998731, 'Orientation': 276, 'Categoria': 'B', 'tecla': 'right', 'FrecuenciaEspacial': 0.032855094099936547}
371.4389 	EXP 	feedback_2: autoDraw = False
371.4389 	EXP 	feedback_2: autoDraw = False
371.4389 	EXP 	grating2: ori = 276.0
371.4389 	EXP 	grating2: sf = array([0.03285509, 0.03285509])
371.5223 	EXP 	grating2: autoDraw = True
372.5918 	DATA 	Keypress: right
372.6060 	EXP 	grating2: autoDraw = False
372.6060 	EXP 	feedback_2: text = 'Correcto'
372.6060 	EXP 	feedback_2: autoDraw = True
373.5904 	EXP 	New trial (rep=0, index=58): {'Frecuencia': 4.05100711134529, 'Orientation': 302, 'Categoria': 'A', 'tecla': 'left', 'FrecuenciaEspacial': 0.020255035556726447}
373.6063 	EXP 	feedback_2: autoDraw = False
373.6063 	EXP 	feedback_2: autoDraw = False
373.6063 	EXP 	grating2: ori = 302.0
373.6063 	EXP 	grating2: sf = array([0.02025504, 0.02025504])
373.6897 	EXP 	grating2: autoDraw = True
374.6757 	DATA 	Keypress: left
374.6899 	EXP 	grating2: autoDraw = False
374.6899 	EXP 	feedback_2: text = 'Correcto'
374.6899 	EXP 	feedback_2: autoDraw = True
375.6744 	EXP 	New trial (rep=0, index=59): {'Frecuencia': 6.35783087071996, 'Orientation': 8, 'Categoria': 'B', 'tecla': 'right', 'FrecuenciaEspacial': 0.0317891543535998}
375.6903 	EXP 	feedback_2: autoDraw = False
375.6903 	EXP 	feedback_2: autoDraw = False
375.6903 	EXP 	grating2: ori = 8.0
375.6903 	EXP 	grating2: sf = array([0.03178915, 0.03178915])
375.7736 	EXP 	grating2: autoDraw = True
376.9097 	DATA 	Keypress: right
376.9240 	EXP 	grating2: autoDraw = False
376.9240 	EXP 	feedback_2: text = 'Correcto'
376.9240 	EXP 	feedback_2: autoDraw = True
377.9084 	EXP 	New trial (rep=0, index=60): {'Frecuencia': 4.1779342846006, 'Orientation': 292, 'Categoria': 'A', 'tecla': 'left', 'FrecuenciaEspacial': 0.020889671423003}
377.9242 	EXP 	feedback_2: autoDraw = False
377.9242 	EXP 	feedback_2: autoDraw = False
377.9242 	EXP 	grating2: ori = 292.0
377.9242 	EXP 	grating2: sf = array([0.02088967, 0.02088967])
378.0076 	EXP 	grating2: autoDraw = True
379.0771 	DATA 	Keypress: left
379.0912 	EXP 	grating2: autoDraw = False
379.0912 	EXP 	feedback_2: text = 'Correcto'
379.0912 	EXP 	feedback_2: autoDraw = True
380.0759 	EXP 	New trial (rep=0, index=61): {'Frecuencia': 4.23099506672041, 'Orientation': 228, 'Categoria': 'A', 'tecla': 'left', 'FrecuenciaEspacial': 0.021154975333602048}
380.0917 	EXP 	feedback_2: autoDraw = False
380.0917 	EXP 	feedback_2: autoDraw = False
380.0917 	EXP 	grating2: ori = 228.0
380.0917 	EXP 	grating2: sf = array([0.02115498, 0.02115498])
380.1751 	EXP 	grating2: autoDraw = True
381.5283 	DATA 	Keypress: left
381.5426 	EXP 	grating2: autoDraw = False
381.5426 	EXP 	feedback_2: text = 'Correcto'
381.5426 	EXP 	feedback_2: autoDraw = True
382.5265 	EXP 	New trial (rep=0, index=62): {'Frecuencia': 6.29098631103711, 'Orientation': 2, 'Categoria': 'B', 'tecla': 'right', 'FrecuenciaEspacial': 0.03145493155518555}
382.5425 	EXP 	feedback_2: autoDraw = False
382.5425 	EXP 	feedback_2: autoDraw = False
382.5425 	EXP 	grating2: ori = 2.0
382.5425 	EXP 	grating2: sf = array([0.03145493, 0.03145493])
382.6258 	EXP 	grating2: autoDraw = True
383.7618 	DATA 	Keypress: right
383.7760 	EXP 	grating2: autoDraw = False
383.7760 	EXP 	feedback_2: text = 'Correcto'
383.7760 	EXP 	feedback_2: autoDraw = True
384.7606 	EXP 	New trial (rep=0, index=63): {'Frecuencia': 4.57678796817801, 'Orientation': 339, 'Categoria': 'A', 'tecla': 'left', 'FrecuenciaEspacial': 0.02288393984089005}
384.7765 	EXP 	feedback_2: autoDraw = False
384.7765 	EXP 	feedback_2: autoDraw = False
384.7765 	EXP 	grating2: ori = 339.0
384.7765 	EXP 	grating2: sf = array([0.02288394, 0.02288394])
384.8598 	EXP 	grating2: autoDraw = True
386.3793 	DATA 	Keypress: left
386.3934 	EXP 	grating2: autoDraw = False
386.3934 	EXP 	feedback_2: text = 'Correcto'
386.3934 	EXP 	feedback_2: autoDraw = True
387.3781 	EXP 	New trial (rep=0, index=64): {'Frecuencia': 6.62736538341546, 'Orientation': 148, 'Categoria': 'B', 'tecla': 'right', 'FrecuenciaEspacial': 0.033136826917077304}
387.3941 	EXP 	feedback_2: autoDraw = False
387.3941 	EXP 	feedback_2: autoDraw = False
387.3941 	EXP 	grating2: ori = 148.0
387.3941 	EXP 	grating2: sf = array([0.03313683, 0.03313683])
387.4773 	EXP 	grating2: autoDraw = True
388.4802 	DATA 	Keypress: right
388.4943 	EXP 	grating2: autoDraw = False
388.4943 	EXP 	feedback_2: text = 'Correcto'
388.4943 	EXP 	feedback_2: autoDraw = True
389.4787 	EXP 	New trial (rep=0, index=65): {'Frecuencia': 6.48954648904754, 'Orientation': 129, 'Categoria': 'B', 'tecla': 'right', 'FrecuenciaEspacial': 0.0324477324452377}
389.4946 	EXP 	feedback_2: autoDraw = False
389.4946 	EXP 	feedback_2: autoDraw = False
389.4946 	EXP 	grating2: ori = 129.0
389.4946 	EXP 	grating2: sf = array([0.03244773, 0.03244773])
389.5781 	EXP 	grating2: autoDraw = True
390.7307 	DATA 	Keypress: right
390.7449 	EXP 	grating2: autoDraw = False
390.7449 	EXP 	feedback_2: text = 'Correcto'
390.7449 	EXP 	feedback_2: autoDraw = True
391.7297 	EXP 	New trial (rep=0, index=66): {'Frecuencia': 6.71184080000894, 'Orientation': 56, 'Categoria': 'B', 'tecla': 'right', 'FrecuenciaEspacial': 0.033559204000044696}
391.7460 	EXP 	feedback_2: autoDraw = False
391.7460 	EXP 	feedback_2: autoDraw = False
391.7460 	EXP 	grating2: ori = 56.0
391.7460 	EXP 	grating2: sf = array([0.0335592, 0.0335592])
391.8286 	EXP 	grating2: autoDraw = True
392.8816 	DATA 	Keypress: right
392.8955 	EXP 	grating2: autoDraw = False
392.8955 	EXP 	feedback_2: text = 'Correcto'
392.8955 	EXP 	feedback_2: autoDraw = True
393.8802 	EXP 	New trial (rep=0, index=67): {'Frecuencia': 4.13144345266853, 'Orientation': 334, 'Categoria': 'A', 'tecla': 'left', 'FrecuenciaEspacial': 0.020657217263342652}
393.8959 	EXP 	feedback_2: autoDraw = False
393.8959 	EXP 	feedback_2: autoDraw = False
393.8959 	EXP 	grating2: ori = 334.0
393.8959 	EXP 	grating2: sf = array([0.02065722, 0.02065722])
393.9798 	EXP 	grating2: autoDraw = True
395.0322 	DATA 	Keypress: left
395.0463 	EXP 	grating2: autoDraw = False
395.0463 	EXP 	feedback_2: text = 'Correcto'
395.0463 	EXP 	feedback_2: autoDraw = True
396.0308 	EXP 	New trial (rep=0, index=68): {'Frecuencia': 4.37272131308695, 'Orientation': 241, 'Categoria': 'A', 'tecla': 'left', 'FrecuenciaEspacial': 0.02186360656543475}
396.0465 	EXP 	feedback_2: autoDraw = False
396.0465 	EXP 	feedback_2: autoDraw = False
396.0465 	EXP 	grating2: ori = 241.0
396.0465 	EXP 	grating2: sf = array([0.02186361, 0.02186361])
396.1300 	EXP 	grating2: autoDraw = True
396.9817 	DATA 	Keypress: left
397.0136 	EXP 	grating2: autoDraw = False
397.0136 	EXP 	feedback_2: text = 'Correcto'
397.0136 	EXP 	feedback_2: autoDraw = True
397.9986 	EXP 	New trial (rep=0, index=69): {'Frecuencia': 6.33628194746762, 'Orientation': 284, 'Categoria': 'B', 'tecla': 'right', 'FrecuenciaEspacial': 0.0316814097373381}
398.0139 	EXP 	feedback_2: autoDraw = False
398.0139 	EXP 	feedback_2: autoDraw = False
398.0139 	EXP 	grating2: ori = 284.0
398.0139 	EXP 	grating2: sf = array([0.03168141, 0.03168141])
398.0973 	EXP 	grating2: autoDraw = True
399.2668 	DATA 	Keypress: right
399.2809 	EXP 	grating2: autoDraw = False
399.2809 	EXP 	feedback_2: text = 'Correcto'
399.2809 	EXP 	feedback_2: autoDraw = True
400.2655 	EXP 	New trial (rep=0, index=70): {'Frecuencia': 4.0984079274131, 'Orientation': 120, 'Categoria': 'A', 'tecla': 'left', 'FrecuenciaEspacial': 0.0204920396370655}
400.2812 	EXP 	feedback_2: autoDraw = False
400.2812 	EXP 	feedback_2: autoDraw = False
400.2812 	EXP 	grating2: ori = 120.0
400.2812 	EXP 	grating2: sf = array([0.02049204, 0.02049204])
400.3646 	EXP 	grating2: autoDraw = True
401.4341 	DATA 	Keypress: left
401.4484 	EXP 	grating2: autoDraw = False
401.4484 	EXP 	feedback_2: text = 'Correcto'
401.4484 	EXP 	feedback_2: autoDraw = True
402.4329 	EXP 	New trial (rep=0, index=71): {'Frecuencia': 6.40120818269373, 'Orientation': 47, 'Categoria': 'B', 'tecla': 'right', 'FrecuenciaEspacial': 0.03200604091346865}
402.4486 	EXP 	feedback_2: autoDraw = False
402.4486 	EXP 	feedback_2: autoDraw = False
402.4486 	EXP 	grating2: ori = 47.0
402.4486 	EXP 	grating2: sf = array([0.03200604, 0.03200604])
402.5321 	EXP 	grating2: autoDraw = True
403.5849 	DATA 	Keypress: right
403.5991 	EXP 	grating2: autoDraw = False
403.5991 	EXP 	feedback_2: text = 'Correcto'
403.5991 	EXP 	feedback_2: autoDraw = True
404.5834 	EXP 	New trial (rep=0, index=72): {'Frecuencia': 4.01824543709285, 'Orientation': 261, 'Categoria': 'A', 'tecla': 'left', 'FrecuenciaEspacial': 0.02009122718546425}
404.5994 	EXP 	feedback_2: autoDraw = False
404.5994 	EXP 	feedback_2: autoDraw = False
404.5994 	EXP 	grating2: ori = 261.0
404.5994 	EXP 	grating2: sf = array([0.02009123, 0.02009123])
404.6827 	EXP 	grating2: autoDraw = True
405.6357 	DATA 	Keypress: left
405.6497 	EXP 	grating2: autoDraw = False
405.6497 	EXP 	feedback_2: text = 'Correcto'
405.6497 	EXP 	feedback_2: autoDraw = True
406.6342 	EXP 	New trial (rep=0, index=73): {'Frecuencia': 6.28962952477337, 'Orientation': 146, 'Categoria': 'B', 'tecla': 'right', 'FrecuenciaEspacial': 0.03144814762386685}
406.6501 	EXP 	feedback_2: autoDraw = False
406.6501 	EXP 	feedback_2: autoDraw = False
406.6501 	EXP 	grating2: ori = 146.0
406.6501 	EXP 	grating2: sf = array([0.03144815, 0.03144815])
406.7335 	EXP 	grating2: autoDraw = True
407.7196 	DATA 	Keypress: right
407.7337 	EXP 	grating2: autoDraw = False
407.7337 	EXP 	feedback_2: text = 'Correcto'
407.7337 	EXP 	feedback_2: autoDraw = True
408.7179 	EXP 	New trial (rep=0, index=74): {'Frecuencia': 6.49094389342984, 'Orientation': 261, 'Categoria': 'B', 'tecla': 'right', 'FrecuenciaEspacial': 0.0324547194671492}
408.7339 	EXP 	feedback_2: autoDraw = False
408.7339 	EXP 	feedback_2: autoDraw = False
408.7339 	EXP 	grating2: ori = 261.0
408.7339 	EXP 	grating2: sf = array([0.03245472, 0.03245472])
408.8183 	EXP 	grating2: autoDraw = True
409.7532 	DATA 	Keypress: right
409.7675 	EXP 	grating2: autoDraw = False
409.7675 	EXP 	feedback_2: text = 'Correcto'
409.7675 	EXP 	feedback_2: autoDraw = True
410.7520 	EXP 	New trial (rep=0, index=75): {'Frecuencia': 4.17914595645161, 'Orientation': 315, 'Categoria': 'A', 'tecla': 'left', 'FrecuenciaEspacial': 0.02089572978225805}
410.7680 	EXP 	feedback_2: autoDraw = False
410.7680 	EXP 	feedback_2: autoDraw = False
410.7680 	EXP 	grating2: ori = 315.0
410.7680 	EXP 	grating2: sf = array([0.02089573, 0.02089573])
410.8513 	EXP 	grating2: autoDraw = True
411.8373 	DATA 	Keypress: left
411.8514 	EXP 	grating2: autoDraw = False
411.8514 	EXP 	feedback_2: text = 'Correcto'
411.8514 	EXP 	feedback_2: autoDraw = True
412.8366 	EXP 	New trial (rep=0, index=76): {'Frecuencia': 6.33065752051542, 'Orientation': 304, 'Categoria': 'B', 'tecla': 'right', 'FrecuenciaEspacial': 0.0316532876025771}
412.8521 	EXP 	feedback_2: autoDraw = False
412.8521 	EXP 	feedback_2: autoDraw = False
412.8521 	EXP 	grating2: ori = 304.0
412.8521 	EXP 	grating2: sf = array([0.03165329, 0.03165329])
412.9352 	EXP 	grating2: autoDraw = True
414.1049 	DATA 	Keypress: right
414.1190 	EXP 	grating2: autoDraw = False
414.1190 	EXP 	feedback_2: text = 'Correcto'
414.1190 	EXP 	feedback_2: autoDraw = True
415.1034 	EXP 	New trial (rep=0, index=77): {'Frecuencia': 6.62867668089434, 'Orientation': 306, 'Categoria': 'B', 'tecla': 'right', 'FrecuenciaEspacial': 0.0331433834044717}
415.1194 	EXP 	feedback_2: autoDraw = False
415.1194 	EXP 	feedback_2: autoDraw = False
415.1194 	EXP 	grating2: ori = 306.0
415.1194 	EXP 	grating2: sf = array([0.03314338, 0.03314338])
415.2029 	EXP 	grating2: autoDraw = True
416.2892 	DATA 	Keypress: right
416.3031 	EXP 	grating2: autoDraw = False
416.3031 	EXP 	feedback_2: text = 'Correcto'
416.3031 	EXP 	feedback_2: autoDraw = True
417.2874 	EXP 	New trial (rep=0, index=78): {'Frecuencia': 4.15794317699058, 'Orientation': 41, 'Categoria': 'A', 'tecla': 'left', 'FrecuenciaEspacial': 0.0207897158849529}
417.3037 	EXP 	feedback_2: autoDraw = False
417.3037 	EXP 	feedback_2: autoDraw = False
417.3037 	EXP 	grating2: ori = 41.0
417.3037 	EXP 	grating2: sf = array([0.02078972, 0.02078972])
417.3868 	EXP 	grating2: autoDraw = True
418.4563 	DATA 	Keypress: left
418.4702 	EXP 	grating2: autoDraw = False
418.4702 	EXP 	feedback_2: text = 'Correcto'
418.4702 	EXP 	feedback_2: autoDraw = True
419.4548 	EXP 	New trial (rep=0, index=79): {'Frecuencia': 4.43442134980125, 'Orientation': 89, 'Categoria': 'A', 'tecla': 'left', 'FrecuenciaEspacial': 0.02217210674900625}
419.4706 	EXP 	feedback_2: autoDraw = False
419.4706 	EXP 	feedback_2: autoDraw = False
419.4706 	EXP 	grating2: ori = 89.0
419.4706 	EXP 	grating2: sf = array([0.02217211, 0.02217211])
419.5542 	EXP 	grating2: autoDraw = True
420.8917 	DATA 	Keypress: left
420.9041 	EXP 	grating2: autoDraw = False
420.9041 	EXP 	feedback_2: text = 'Correcto'
420.9041 	EXP 	feedback_2: autoDraw = True
421.9772 	EXP 	feedback_2: autoDraw = False
421.9772 	EXP 	feedback_2: autoDraw = False
422.4717 	EXP 	Gracias: autoDraw = True
422.4717 	EXP 	image: autoDraw = True
426.4730 	EXP 	Gracias: autoDraw = False
426.4730 	EXP 	image: autoDraw = False
426.4730 	EXP 	Gracias: autoDraw = False
426.4730 	EXP 	image: autoDraw = False
426.5951 	EXP 	window1: mouseVisible = True
